0.027220262214541435
0.02566874772310257
0.0032019480131566525
0.0042480905540287495
0.02194681577384472
0.01280070748180151
0.0017088032327592373
0.07132890820503235
0.0037024831399321556
0.0011851482558995485
0.0004641047562472522
0.0009063537581823766
0.0001240663114003837
0.009616897441446781
0.03405456990003586
0.001473430311307311
0.051830265671014786
0.007730269804596901
0.00016913290892262012
0.007964827120304108
0.0008978504920378327
0.00021457487309817225
0.0011840024963021278
0.0126070287078619
0.0014636972919106483
0.0009832893265411258
0.0003239212092012167
0.005451918113976717
0.0003166237729601562
0.000029238291972433217
0.003663343843072653
0.006149366032332182
0.0005965349264442921
0.00005095628876006231
0.027761809527873993
0.00010178725642617792
0.012603886425495148
0.012179120443761349
0.003249267814680934
0.0011159025598317385
0.004994852468371391
0.003589341416954994
0.00039948997437022626
0.0018288084538653493
0.0003873388341162354
0.011383908800780773
0.0035787124652415514
0.0026776522863656282
0.004283313173800707
0.03484216332435608
0.00009811365453060716
0.0006076492718420923
0.0020152288489043713
0.00024187024973798543
0.0045313406735658646
0.00018160941544920206
0.0020838449709117413
0.0007681401912122965
0.0001645237352931872
0.0015224249800667167
0.004978449549525976
0.0003973060811404139
0.0004501344228629023
0.0016786716878414154
0.004252107348293066
0.0002032564370892942
0.006781441625207663
0.0005279185133986175
0.0010721893049776554
0.0011950978077948093
0.0011908462038263679
0.0005766911781392992
0.02092442661523819
0.00043621668010018766
0.00021512257808353752
0.00031816615955904126
0.013142078183591366
0.0001369153760606423
0.0020920438691973686
0.0018834022339433432
0.007056538015604019
0.0005452000186778605
0.00032205210300162435
0.036669857800006866
0.00014183807070367038
0.00046774704242125154
0.004828311037272215
0.0009490938391536474
0.00013073478476144373
0.0004820674075745046
0.0002089372428599745
0.0002701250195968896
0.006510917562991381
0.004150304012000561
0.0006298006046563387
0.0021748547442257404
0.005938154645264149
0.00004251145219313912
0.0009686098201200366
0.027728158980607986
0.0011134468950331211
0.0008229523082263768
0.0030281583312898874
0.003435321617871523
0.006015562452375889
0.0011031818576157093
0.018267273902893066
0.0010452036513015628
0.006281884387135506
0.0045093875378370285
0.0005170367076061666
0.009543400257825851
0.0026748846285045147
0.021475331857800484
0.0007354390108957887
0.0018153318669646978
0.0018285451224073768
0.00016995519399642944
0.015605798922479153
0.003894994966685772
0.00028762553120031953
0.013719159178435802
0.0023407661356031895
0.00038066733395680785
0.0003874451504088938
0.003938750829547644
0.016140740364789963
0.009515960700809956
0.0006615709862671793
0.0006343594868667424
0.01784389279782772
0.0017570623895153403
0.007176176179200411
0.002397691598162055
0.01833130419254303
0.004033719655126333
0.0004640559200197458
0.007158607244491577
0.0018370643956586719
0.04885236173868179
0.00019841620814986527
0.000866575981490314
0.01797441765666008
0.009139386005699635
0.0013831512769684196
0.0001217485623783432
0.013069846667349339
0.0005054775392636657
0.004363700281828642
0.00973875354975462
0.000031842737371334806
0.009651033207774162
0.00013591980678029358
0.0001481845392845571
0.0003076954453717917
0.006838139146566391
0.0007510604918934405
0.00154683121945709
0.004407237283885479
0.00010259278496960178
0.0010770629160106182
0.023269329220056534
0.003515699179843068
0.0001203786232508719
0.0033368607982993126
0.001313472748734057
0.002956972923129797
0.02986004762351513
0.0000432168017141521
0.031604088842868805
0.00013403517368715256
0.0006800874252803624
0.0033859654795378447
0.022171884775161743
0.008568431250751019
0.00037389108911156654
0.0012597922468557954
0.0006770496838726103
0.00016256407252512872
0.011581811122596264
0.0005253561539575458
0.005456061568111181
0.00029010471189394593
0.0003441848966758698
0.0010335244005545974
0.0034070906694978476
0.008563547395169735
0.00018796304357238114
0.000060524682339746505
0.0001561739481985569
0.00019825239724013954
0.002491667866706848
0.0020065123680979013
0.00013819735613651574
0.00030102048185653985
0.00203469255939126
0.0010791538516059518
0.0008703802013769746
0.015886137261986732
0.0035924518015235662
0.03214577957987785
0.0071923620998859406
0.011545779183506966
0.0005058359820395708
0.01853538304567337
0.0024851039052009583
0.0020972162019461393
0.000529102107975632
0.043044354766607285
0.00012359365064185113
0.000078500212111976
0.018366362899541855
0.005707351490855217
0.0012723500840365887
0.0005733209545724094
0.036244310438632965
0.0001831906265579164
0.011770408600568771
0.0025825337506830692
0.0013375101843848825
0.00043752018245868385
0.0003203409432899207
0.0020525120198726654
0.005028595682233572
0.0008684266940690577
0.0002201981988037005
0.01823512092232704
0.0003429459175094962
0.0001946097909240052
0.0011873017065227032
0.001823423313908279
0.002331478288397193
0.0028675387147814035
0.0012101071188226342
0.0006814423832111061
0.00010433120041852817
0.008395110256969929
0.012147625908255577
0.0018290082225576043
0.0007680971757508814
0.0015708317514508963
0.006195439025759697
0.0034228453878313303
0.0005050799227319658
0.0012355413055047393
0.0027375640347599983
0.0004071323783136904
0.0005415183841250837
0.0006653819000348449
0.0022982952650636435
0.000097599760920275
0.0001494601892773062
0.0048296451568603516
0.000415475748013705
0.0007575205527245998
0.0023880682419985533
0.0006234220927581191
0.05807279050350189
0.0010985078988596797
0.0027861895505338907
0.05653690546751022
0.004270181991159916
0.0001260666031157598
0.005455255974084139
0.0007563080871477723
0.01654954068362713
0.00024720499641261995
0.014076782390475273
0.010202659294009209
0.0007196518708951771
0.0025778969284147024
0.00011091573833255097
0.000740297429729253
0.03101225756108761
0.00011813540186267346
0.023291856050491333
0.004931105766445398
0.0019670138135552406
0.0005227589281275868
0.002109105698764324
0.0025550087448209524
0.002705366350710392
0.000054343930969480425
0.014003233052790165
0.00045732923899777234
0.0012843109434470534
0.0005132327787578106
0.00006561212649103254
0.005084339529275894
0.00004859407272306271
0.004920773208141327
0.0002886055735871196
0.0004891613498330116
0.00021973586990498006
0.00175968196708709
0.0036150801461189985
0.0014585900353267789
0.0008733303402550519
0.020186327397823334
0.010321950539946556
0.0076667615212500095
0.0003281652752775699
0.0003598677576519549
0.0014367662370204926
0.0020049645099788904
0.010789289139211178
0.030497869476675987
0.00004342403917689808
0.006041772663593292
0.003359647002071142
0.00029223787714727223
0.0010161023819819093
0.0001046549150487408
0.00032339859171770513
0.00035944519913755357
0.0015530576929450035
0.0025619403459131718
0.002975260838866234
0.0018486733315512538
0.007073260378092527
0.00044135007192380726
0.0010291275102645159
0.002940517384558916
0.00013013003626838326
0.006508117541670799
0.006626336835324764
0.0009271283634006977
0.0004327676142565906
0.01141480915248394
0.00011415785411372781
0.0017559317639097571
0.0014968549367040396
0.011505808681249619
0.002420373959466815
0.00012168863759143278
0.0012541126925498247
0.0006749805761501193
0.0002916026278398931
0.013253852725028992
0.0035328147932887077
0.008718670345842838
0.004670577123761177
0.002318807877600193
0.0030399453826248646
0.0008563954615965486
0.024320166558027267
0.000990075757727027
0.017145181074738503
0.00016917190805543214
0.0006385981105268002
0.00012159585457993671
0.0007723003509454429
0.00011677150178002194
0.0000980667318799533
0.0001291051012231037
0.0005257730954326689
0.000058183697547065094
0.010672695003449917
0.043538108468055725
0.0004902983200736344
0.0005836536874994636
0.0017990312771871686
0.000053267092880560085
0.000020680137822637334
0.0011034886119887233
0.0005836237105540931
0.0009986583609133959
0.0004371952381916344
0.000419933203374967
0.011126212775707245
0.0005424501723609865
0.029723159968852997
0.010533276945352554
0.0003032010281458497
0.0035197818651795387
0.0006986319785937667
0.003724385052919388
0.0008538892143405974
0.0003392003709450364
0.001977314939722419
0.021683935075998306
0.00016220947145484388
0.00029812290449626744
0.0024688653647899628
0.01928025856614113
0.0014391301665455103
0.0004047732800245285
0.0031580659560859203
0.0013262542197480798
0.004612024873495102
0.0018664476228877902
0.006720626261085272
0.0026940423995256424
0.00018382743292022496
0.009456371888518333
0.007428156677633524
0.0001237991964444518
0.04532359540462494
0.0006367031019181013
0.000801983056589961
0.009888810105621815
0.041992079466581345
0.00009387689351569861
0.002719916868954897
0.0007607330335304141
0.00030963559402152896
0.0020332522690296173
0.00040475171408616006
0.0036651515401899815
0.0011967538157477975
0.0020987186580896378
0.0033888379111886024
0.0010756696574389935
0.0033668032847344875
0.01286099199205637
0.019291557371616364
0.00513699185103178
0.001003866083920002
0.00016810429224278778
0.008116977289319038
0.0007328126230277121
0.0020709303207695484
0.0028401624877005816
0.00029807063401676714
0.0004993348265998065
0.02006319724023342
0.013349294662475586
0.00001533518297947012
0.0006852488149888813
0.00003528947490849532
0.017572078853845596
0.00019516184693202376
0.00012626963143702596
0.0003186383983120322
0.006868805270642042
0.0016291809733957052
0.0007882777135819197
0.00023619330022484064
0.0011743833310902119
0.00917662214487791
0.0009893004316836596
0.027007734403014183
0.002070096554234624
0.0011349717387929559
0.001642149407416582
0.00007726518379058689
0.009977932088077068
0.0026464699767529964
0.0014928465243428946
0.00021592364646494389
0.0020811292342841625
0.0004902899963781238
0.0003199802013114095
0.0012971092946827412
0.0014533308567479253
0.01021267008036375
0.0006417209515348077
0.009557456709444523
0.00148814357817173
0.009041963145136833
0.003216561395674944
0.003022041404619813
0.0001515610929345712
0.0012784191640093923
0.00046327750897035
0.005110247526317835
0.0001867329265223816
0.00043630891013890505
0.0008425410487689078
0.00040787793113850057
0.0000306834808725398
0.004062175750732422
0.0007050014100968838
0.003361944342032075
0.0006175900925882161
0.0006228596321307123
0.0011261319741606712
0.000024436994863208383
0.000216979649849236
0.0006713694892823696
0.0021119769662618637
0.00044986800639890134
0.001319331699050963
0.001216455944813788
0.001502751256339252
0.018011920154094696
0.00009053407848114148
0.011009144596755505
0.0020274058915674686
0.00023857712221797556
0.0013406870421022177
0.007296176161617041
0.0004146448918618262
0.0005925443256273866
0.00016134188626892865
0.0008964507142081857
0.0001572733890498057
0.010192194022238255
0.0005355249159038067
0.0004772682150360197
0.0091493995860219
0.00790992472320795
0.0006961541948840022
0.00034343297011218965
0.0029585231095552444
0.003698954591527581
0.0009271244052797556
0.001211080583743751
0.002558994572609663
0.0036564955953508615
0.0015847418690100312
0.049385376274585724
0.0019443713827058673
0.00015177788736764342
0.00041071721352636814
0.0005901416880078614
0.00016772621893323958
0.0021412023343145847
0.000572067394386977
0.022688860073685646
0.016643065959215164
0.0023986315354704857
0.00006749124440830201
0.031547583639621735
0.01376107707619667
0.0004202923155389726
0.0006617745966650546
0.0014260343741625547
0.0005855450872331858
0.002500858623534441
0.0009298393270000815
0.019367074593901634
0.0006259575020521879
0.0005366350524127483
0.0009403140866197646
0.000338919460773468
0.00042025759466923773
0.003345094621181488
0.02197611704468727
0.0005550555069930851
0.03402063995599747
0.0049685523845255375
0.008920512162148952
0.0028909873217344284
0.04561641067266464
0.00399283180013299
0.0013900076737627387
0.0011139444541186094
0.0008018091320991516
0.003955254331231117
0.0033004358410835266
0.0006981665501371026
0.013189485296607018
0.0048524136655032635
0.000471282924991101
0.004894500132650137
0.00025106320390477777
0.004769254010170698
0.019930196925997734
0.015764731913805008
0.0009707754943519831
0.004053034354001284
0.0023789654951542616
0.0002443562261760235
0.004807006102055311
0.001376671832986176
0.000391818059142679
0.029793070629239082
0.0014562406577169895
0.006453916430473328
0.004201247822493315
0.0021733082830905914
0.002354670548811555
0.001785261556506157
0.00011588769120862707
0.005803417880088091
0.000348599161952734
0.001873169676400721
0.0027393274940550327
0.0032491725869476795
0.00045356681221164763
0.0008793606539256871
0.02449745312333107
0.01664344035089016
0.0442623645067215
0.0011731840204447508
0.00243419804610312
0.000852937635499984
0.0011443510884419084
0.006795626133680344
0.0003471341624390334
0.00011820891813840717
0.0013879109174013138
0.02360846847295761
0.00140819838270545
0.0012558401795104146
0.0006932861870154738
0.00041950633749365807
0.0006847005570307374
0.00007152019679779187
0.0006268020370043814
0.000619539525359869
0.0005026353755965829
0.0016936829779297113
0.00012828136095777154
0.001533928094431758
0.0003348707687109709
0.005395254120230675
0.003098760498687625
0.00010243271390208974
0.0011461111716926098
0.0003196600591763854
0.00030150121892802417
0.0004449853440746665
0.0025284728035330772
0.010597367770969868
0.0003059149021282792
0.0002458647941239178
0.002241118112578988
0.00045894444338046014
0.005288793705403805
0.0014536832459270954
0.001918500056490302
0.02118798904120922
0.0002722349017858505
0.04501384496688843
0.009447372518479824
0.005320397671312094
0.03452539071440697
0.00910261832177639
0.008428503759205341
0.004654052201658487
0.001547791762277484
0.00027368104201741517
0.000267231953330338
0.01294859778136015
0.00016958671039901674
0.013915479183197021
0.00009344393038190901
0.0008268470410257578
0.0042830416932702065
0.0019579383078962564
0.00009109768143389374
0.004420260898768902
0.0010073325829580426
0.0006082780309952796
0.008614576421678066
0.023428084328770638
0.002866335678845644
0.0020231357775628567
0.00010963991371681914
0.0001506618718849495
0.00013262618449516594
0.0029580523259937763
0.00010736474359873682
0.0052854870446026325
0.005171125289052725
0.033546291291713715
0.0010687906760722399
0.002911877352744341
0.0021871814969927073
0.002414797432720661
0.0016765602631494403
0.00010299929999746382
0.042036015540361404
0.000047629644541302696
0.00005286057785269804
0.010676871985197067
0.005611228756606579
0.0017470648745074868
0.0002529923804104328
0.0007971442537382245
0.001011790125630796
0.002821248024702072
0.0001982856192626059
0.001290231361053884
0.0004015038430225104
0.011701525188982487
0.0022514655720442533
0.007648208178579807
0.0015270792646333575
0.0005458839586935937
0.016429053619503975
0.00005630234591080807
0.012094957754015923
0.0026774806901812553
0.0021116919815540314
0.00009666370169725269
0.0065029882825911045
0.0003916970454156399
0.0017309078248217702
0.0003037168353330344
0.0005637470749206841
0.006372316274791956
0.0005827884306199849
0.003204790875315666
0.00022876024013385177
0.0031071112025529146
0.0018024942837655544
0.0017360564088448882
0.011070696637034416
0.005051142070442438
0.019671162590384483
0.0009968613740056753
0.003399193985387683
0.01922902837395668
0.001806698041036725
0.02045236900448799
0.00009638928895583376
0.0001723769528325647
0.01563105918467045
0.018376434221863747
0.00015706899284850806
0.009627866558730602
0.00021258114429656416
0.0002810782752931118
0.0020199690479785204
0.003171261167153716
0.007312063127756119
0.005731259007006884
0.00007471851131413132
0.008754264563322067
0.011040367186069489
0.0012495003174990416
0.0019040446495637298
0.0008058823877945542
0.0017000824445858598
0.0009149033576250076
0.00007907702820375562
0.001457845326513052
0.0010353060206398368
0.0011962036369368434
0.00045513431541621685
0.0011051911860704422
0.0012599318288266659
0.00936252623796463
0.0015476171392947435
0.00946644227951765
0.014746034517884254
0.005041391123086214
0.009113306179642677
0.0005080557311885059
0.00004225915836286731
0.00007910206477390602
0.005552852060645819
0.0017319300677627325
0.015374066308140755
0.0010964754037559032
0.00016168841102626175
0.000037354744563344866
0.001462914515286684
0.02527584135532379
0.002910464070737362
0.0009667236008681357
0.006306356750428677
0.00040743386489339173
0.00023501274699810892
0.0011350576533004642
0.00009284358384320512
0.01491590216755867
0.012956487014889717
0.003650276456028223
0.0011441911337897182
0.03817940503358841
0.0009310003952123225
0.010438275523483753
0.005894551984965801
0.0001975343911908567
0.0018525549676269293
0.0008709256653673947
0.00014877921785227954
0.00038392917485907674
0.0005924298893660307
0.020615102723240852
0.00017888227012008429
0.00617151940241456
0.00008766500832280144
0.0005884163547307253
0.00270002125762403
0.0016041829949244857
0.0008784203673712909
0.001408646465279162
0.006166703999042511
0.000231244572205469
0.0010263799922540784
0.015290041454136372
0.00037369405617937446
0.0008196703274734318
0.00014796019240748137
0.0016939420020207763
0.0011535073863342404
0.0003847490297630429
0.0003635128086898476
0.0026205452159047127
0.0028040192555636168
0.00044094768236391246
0.007966086268424988
0.014331914484500885
0.0002046500303549692
0.0006565946969203651
0.015404594130814075
0.0008984468295238912
0.016484828665852547
0.005312345456331968
0.0011299863690510392
0.0006964179337956011
0.004652883857488632
0.01088884100317955
0.013591479510068893
0.0017765640513971448
0.024812577292323112
0.00004464675294002518
0.00037465535569936037
0.00008865856216289103
0.002782134572044015
0.000997868599370122
0.0006677694618701935
0.008730526082217693
0.023685643449425697
0.0061675370670855045
0.00017160233983304352
0.0007383268093690276
0.014647719450294971
0.02615535818040371
0.0005950939375907183
0.008197958581149578
0.005009677726775408
0.0014108162140473723
0.0018490792717784643
0.00019449034880381078
0.0012381402775645256
0.007300645112991333
0.01604803279042244
0.000029990149414516054
0.00008374162280233577
0.0048442077822983265
0.00008018956577870995
0.0005909618339501321
0.0002466790028847754
0.0011234765406697989
0.0381920300424099
0.0007618567324243486
0.00033349465229548514
0.020487917587161064
0.057454127818346024
0.0014060473768040538
0.0018219753401353955
0.017611496150493622
0.008064160123467445
0.01296637300401926
0.041493985801935196
0.03868464007973671
0.0009638614137656987
0.014399662613868713
0.007513829506933689
0.025695275515317917
0.000643318344373256
0.0005832124152220786
0.0014621143927797675
0.001045015174895525
0.0018111530225723982
0.02353931963443756
0.00007432931306539103
0.003487575799226761
0.0016769958892837167
0.02563164383172989
0.0037319818511605263
0.0031805424951016903
0.0035425713285803795
0.0049288310110569
0.01018561515957117
0.0021517511922866106
0.0000634648822597228
0.0012974836863577366
0.001938319532200694
0.0007666934980079532
0.04527243599295616
0.0026436184998601675
0.0008863081457093358
0.00045199214946478605
0.0024703359231352806
0.0014397299382835627
0.002876769518479705
0.0007821547915227711
0.0008640466840006411
0.0025063147768378258
0.010316007770597935
0.01686771586537361
0.0007178804371505976
0.0033358288928866386
0.0013690601335838437
0.0014953940408304334
0.00018029416969511658
0.00015370694745797664
0.0008481679251417518
0.0000491888276883401
0.0013491311110556126
0.00005043350029154681
0.00124805374071002
0.0002815202751662582
0.005806204862892628
0.016564495861530304
0.0008021198445931077
0.0024010860361158848
0.0002765870885923505
0.0013436011504381895
0.0013673425419256091
0.008745061233639717
0.035526107996702194
0.0011351833818480372
0.009432925842702389
0.009190804325044155
0.0002448635350447148
0.0024961410090327263
0.002764508593827486
0.0010211754124611616
0.0001181073093903251
0.023686079308390617
0.0005798853235319257
0.005801508668810129
0.011617315001785755
0.0008984364103525877
0.002664074767380953
0.00016966083785519004
0.0000711908214725554
0.0003927235957235098
0.003105425275862217
0.0007372571853920817
0.00652248365804553
0.0033280160278081894
0.00022037005692254752
0.001031267922371626
0.00045442229020409286
0.021987266838550568
0.012380906380712986
0.0012535275891423225
0.011557118967175484
0.0003089849487878382
0.0002591896627563983
0.013751143589615822
0.003913745749741793
0.012103002518415451
0.00003050432678719517
0.00028765559545718133
0.005754689686000347
0.0003449112409725785
0.00009714419866213575
0.000204904776182957
0.0001521375816082582
0.00018329793238081038
0.00009857114491751418
0.028658326715230942
0.0009460994624532759
0.007538419216871262
0.00003581314376788214
0.00319575029425323
0.012786304578185081
0.0015537391882389784
0.0009626635001040995
0.00024410191690549254
0.015636799857020378
0.02847406640648842
0.0007635983638465405
0.003969114273786545
0.0024815215729177
0.0013836283469572663
0.00009757321822689846
0.0006868504569865763
0.0008324652444571257
0.008699290454387665
0.0005376305198296905
0.004427696578204632
0.0002918854297604412
0.02481205388903618
0.00015574223652947694
0.005454394966363907
0.0004176617076154798
0.00003075188215007074
0.0021931908559054136
0.0037226052954792976
0.0010211708722636104
0.0010193667840212584
0.006230954080820084
0.00009779396350495517
0.014882261864840984
0.00023961161787156016
0.0015584852080792189
0.0063172876834869385
0.027590487152338028
0.0001562135003041476
0.027976086363196373
0.029229706153273582
0.00022552894370164722
0.000047302135499194264
0.012444473803043365
0.003359098918735981
0.0006600468186661601
0.009035458788275719
0.0017813489539548755
0.019689049571752548
0.00006677437340840697
0.0015733717009425163
0.0146153774112463
0.005523618310689926
0.007865768857300282
0.0678572952747345
0.032041996717453
0.001815160969272256
0.02428504265844822
0.00031737794051878154
0.015721596777439117
0.0052910675294697285
0.008226560428738594
0.00003810692214756273
0.0012472482630982995
0.0002682220656424761
0.00010715181997511536
0.00424667214974761
0.012420830316841602
0.00016349759243894368
0.03063500113785267
0.0006661618244834244
0.001077076536603272
0.0024243383668363094
0.0012365254806354642
0.0004558112705126405
0.005867641884833574
0.0008056953083723783
0.000081870864960365
0.004420093726366758
0.0005236092256382108
0.005832518916577101
0.002231480786576867
0.001800534431822598
0.006843402981758118
0.0017469031736254692
0.00004762980461237021
0.0006648373673669994
0.023795723915100098
0.00015313949552364647
0.0018925491021946073
0.015574323944747448
0.0017939844401553273
0.00275946082547307
0.0030108338687568903
0.0005320754135027528
0.021952878683805466
0.00901288166642189
0.005982202012091875
0.03491855412721634
0.01297791674733162
0.00028109614504501224
0.001833983464166522
0.00012800285185221583
0.005063753575086594
0.02427668124437332
0.0006007498595863581
0.00021142131299711764
0.037079818546772
0.002528530079871416
0.0003997481253463775
0.002127690240740776
0.0005247265798971057
0.004164460115134716
0.0018692469457164407
0.013028739020228386
0.03327016904950142
0.02253393828868866
0.0014335807645693421
0.004855697508901358
0.0018183626234531403
0.011776905506849289
0.0011079692048951983
0.0014487424632534385
0.04797597974538803
0.02134091407060623
0.0006599881453439593
0.0038675162941217422
0.00262261601164937
0.0035168437752872705
0.005851070396602154
0.01648089289665222
0.00042512090294621885
0.034199006855487823
0.0010461941128596663
0.0003044967306777835
0.0021401552949100733
0.005729643162339926
0.00033220264595001936
0.0013410933315753937
0.0021134372800588608
0.0006739156669937074
0.00497081782668829
0.00055365776643157
0.0005166867049410939
0.0010220714611932635
0.014239906333386898
0.0035997903905808926
0.0011751727433875203
0.0018986235372722149
0.0028880732133984566
0.008666088804602623
0.0046193525195121765
0.00036199812893755734
0.00026374132721684873
0.00007321914017666131
0.0006992415292188525
0.0003549117245711386
0.011544574983417988
0.00023517626686953008
0.0066719879396259785
0.0013658852549269795
0.00011322216596454382
0.0010309879435226321
0.00014120401465333998
0.0026403276715427637
0.000839503831230104
0.0026794939767569304
0.0019885795190930367
0.0011096855159848928
0.0009181121131405234
0.0016906579257920384
0.001426233910024166
0.02127179503440857
0.0002703866339288652
0.00011875965719809756
0.007072228938341141
0.0014697370352223516
0.006597557105123997
0.014546590857207775
0.0007133955368772149
0.005710889585316181
0.0009666598634794354
0.0038743868935853243
0.0004353563708718866
0.02806604467332363
0.0032157187815755606
0.0007762492168694735
0.0003291599568910897
0.00014935072977095842
0.0022155260667204857
0.000523412658367306
0.001331737614236772
0.004397108685225248
0.0016165297711268067
0.016020163893699646
0.0003108395030722022
0.00046385684981942177
0.00025076832389459014
0.00015635535237379372
0.0009560325415804982
0.00012592648272402585
0.0010158626828342676
0.035497721284627914
0.010807295329868793
0.0064523485489189625
0.0015476103872060776
0.0035971824545413256
0.001152623794041574
0.00005693560524377972
0.0322711318731308
0.0015627717366442084
0.0017094723880290985
0.0008430032175965607
0.004011431243270636
0.005809189286082983
0.000031742427381686866
0.00013945525279268622
0.0006289067096076906
0.004294260870665312
0.0033388345036655664
0.00042897945968434215
0.004227953031659126
0.00017140248382929713
0.0038786502555012703
0.0013073042500764132
0.00009950846288120374
0.0009024022147059441
0.05028416961431503
0.0019462418276816607
0.00026977111701853573
0.009591685608029366
0.002818997949361801
0.0008398205391131341
0.00020786590175703168
0.0003266864223405719
0.0007810921524651349
0.0001868534309323877
0.00011693889246089384
0.002854319754987955
0.0018141466425731778
0.010962354019284248
0.003168482566252351
0.0009759704698808491
0.004298023413866758
0.0002715654263738543
0.012103615328669548
0.000049278209189651534
0.0024108081124722958
0.000058793684729607776
0.004450265318155289
0.0010634062346071005
0.0004148173611611128
0.00022698802058584988
0.0075303297489881516
0.00011467754666227847
0.0003734773490577936
0.0008609290234744549
0.015469711273908615
0.0004901142092421651
0.00027874470106326044
0.0018164400244131684
0.005696110427379608
0.00018862233264371753
0.0017047529108822346
0.00346474745310843
0.0001087174387066625
0.0006320058018900454
0.0009258418576791883
0.006046167109161615
0.0017192033119499683
0.003917548805475235
0.01801949366927147
0.00010554819164099172
0.0002290778938913718
0.00046061797183938324
0.0001970233570318669
0.00005371652150643058
0.00009089689410757273
0.0006522618350572884
0.002489090198650956
0.00008280485053546727
0.0013132179155945778
0.002499412279576063
0.0023144842125475407
0.023572303354740143
0.01223905198276043
0.0005468052113428712
0.0004329860385041684
0.0004307877388782799
0.0001700857828836888
0.0006555730942636728
0.00007877113966969773
0.0015074152033776045
0.0013518190244212747
0.00009933397814165801
0.0003361884446348995
0.006236197892576456
0.011110099032521248
0.002656474942341447
0.0032297270372509956
0.000056206648878287524
0.0032865521498024464
0.006234942469745874
0.0001836744195315987
0.004876656457781792
0.0008417424978688359
0.0009564217180013657
0.007110756356269121
0.0006737221265211701
0.0003501008031889796
0.02642933651804924
0.0010664945002645254
0.0010298818815499544
0.0018167616799473763
0.0038146283477544785
0.013124922290444374
0.00020039237278979272
0.0003337473899591714
0.0003530508547555655
0.005128471180796623
0.002362417057156563
0.000010921352441073395
0.003269511042162776
0.003569143358618021
0.007171322591602802
0.0003198763297405094
0.016281507909297943
0.0016155262710526586
0.021304503083229065
0.00031996489269658923
0.029464393854141235
0.00017264561029151082
0.05770031735301018
0.0006173396832309663
0.020143914967775345
0.00823269598186016
0.015622982755303383
0.00022228866873774678
0.0024470968637615442
0.02432645857334137
0.022568022832274437
0.0001629711769055575
0.0012558894231915474
0.0005381234805099666
0.008565003052353859
0.0023784837685525417
0.00011216033453820273
0.003581913886591792
0.0014149054186418653
0.00011214980622753501
0.00034962568315677345
0.0013258171966299415
0.0001682807196630165
0.0005596890114247799
0.0001858764298958704
0.0008601408917456865
0.006981894373893738
0.0003150251868646592
0.00012512787361629307
0.00004383853593026288
0.04745306447148323
0.007546963635832071
0.00238137599080801
0.002162475138902664
0.0008054584031924605
0.0013430160470306873
0.0001527074637124315
0.0011423927498981357
0.00026490443269722164
