0.012800822034478188
0.002746592741459608
0.014245441183447838
0.0034536290913820267
0.005176371894776821
0.011074774898588657
0.0003871825465466827
0.005830668844282627
0.0003078612207900733
0.0020991002675145864
0.0008011750178411603
0.020000001415610313
0.00010393692355137318
0.001654556137509644
0.00004139846350881271
0.002694982336834073
0.0005449782474897802
0.02412734553217888
0.001543336664326489
0.0007397812441922724
0.003587732557207346
0.0004945745458826423
0.00901432428508997
0.013597969897091389
0.0007950608269311488
0.00038155607762746513
0.0017187678022310138
0.001920281327329576
0.026774371042847633
0.0012352977646514773
0.00035066582495346665
0.003611800028011203
0.0010245883604511619
0.00009801937267184258
0.011024348437786102
0.0184289813041687
0.011041083373129368
0.0030487936455756426
0.0006585081573575735
0.001447796355932951
0.000030312559829326347
0.003771064570173621
0.004212195053696632
0.0031997160986065865
0.014139106497168541
0.0004058081831317395
0.0019140123622491956
0.00046126337838359177
0.004942900501191616
0.0021778205409646034
0.001849674852564931
0.008522151038050652
0.021433405578136444
0.0024990118108689785
0.0020596315152943134
0.0033578169532120228
0.019443538039922714
0.00033553814864717424
0.0006424902239814401
0.0028822270687669516
0.11175569891929626
0.008427274413406849
0.004158768802881241
0.04098557308316231
0.00119311292655766
0.00040414859540760517
0.04274884611368179
0.006747498642653227
0.002375619951635599
0.0035437121987342834
0.0014661371242254972
0.00039212044794112444
0.0034785745665431023
0.0004994209157302976
0.003930872771888971
0.002295671496540308
0.0034495368599891663
0.0012970046373084188
0.0015947672072798014
0.005894315894693136
0.0016615446656942368
0.0014584733871743083
0.015414223074913025
0.036424703896045685
0.031199460849165916
0.0034255266655236483
0.0031451063696295023
0.008033118210732937
0.003861713455989957
0.003349251113831997
0.002632057061418891
0.001201347098685801
0.01059055607765913
0.001510196947492659
0.00027152063557878137
0.006830379832535982
0.004817548673599958
0.00039984696195460856
0.0016715569654479623
0.008058656938374043
0.0023227238561958075
0.017334705218672752
0.0009369966574013233
0.0011159038404002786
0.012418702244758606
0.00047764601185917854
0.0020004643592983484
0.015301089733839035
0.0867079645395279
0.016046201810240746
0.0012488375650718808
0.001370358164422214
0.0010795125272125006
0.0003239511570427567
0.00562019320204854
0.0016808302607387304
0.0014424080727621913
0.04629778116941452
0.014469163492321968
0.001192458439618349
0.0020888352300971746
0.012273500673472881
0.001837336109019816
0.004668799228966236
0.0007688167970627546
0.001438286853954196
0.003370224265381694
0.00009918410069076344
0.015170298516750336
0.0033233838621526957
0.001474937773309648
0.0013629011809825897
0.000762751791626215
0.0002740698982961476
0.001376151805743575
0.006842865142971277
0.017373336479067802
0.021673262119293213
0.0037299171090126038
0.015467001125216484
0.00012786556908395141
0.010217523202300072
0.01152852177619934
0.003132880898192525
0.0028342788573354483
0.0008461018442176282
0.001340294606052339
0.0014226812636479735
0.0016624097479507327
0.0013358073774725199
0.007334667723625898
0.005275317933410406
0.00009527707152301446
0.005159586202353239
0.0023142932914197445
0.00027946263435296714
0.00037047843215987086
0.003758165519684553
0.0007512600277550519
0.022117987275123596
0.027186090126633644
0.00045423166011460125
0.02928512543439865
0.013253293931484222
0.00017439815565012395
0.0032509290613234043
0.0035400129854679108
0.004130207933485508
0.0012951032258570194
0.0007516107871197164
0.01817500963807106
0.0014002536190673709
0.014654773287475109
0.007902233861386776
0.0001386203948641196
0.0017668892396613955
0.0006140226032584906
0.010876784101128578
0.0007510752766393125
0.01153799332678318
0.004129373002797365
0.00025568570708855987
0.03346829488873482
0.001688544638454914
0.01226024143397808
0.0005525373853743076
0.0005047302693128586
0.023045791313052177
0.0008274582214653492
0.0004779018636327237
0.0008694112184457481
0.000426771177444607
0.00029284716583788395
0.000500975816976279
0.0002446140570100397
0.031299274414777756
0.00045157302520237863
0.021916449069976807
0.050832632929086685
0.0012124903732910752
0.0014784231316298246
0.00020197722187731415
0.00019730989879462868
0.0005316725582815707
0.003854230511933565
0.0018532559042796493
0.011241397820413113
0.0025167143903672695
0.00011545871529961005
0.0009485884802415967
0.002673025941476226
0.0014116244856268167
0.00035766090149991214
0.0029088070150464773
0.014533846639096737
0.0012096295831725001
0.0019015481229871511
0.009826842695474625
0.0018803231650963426
0.05114104971289635
0.007533729542046785
0.008019214496016502
0.0004124982515349984
0.005914313718676567
0.005262318067252636
0.005373858846724033
0.0003256391210015863
0.0011290926486253738
0.001882208394818008
0.0006467628409154713
0.0019635900389403105
0.000287878472590819
0.00012770637113135308
0.000716952548827976
0.0031824777834117413
0.0076267714612185955
0.00015344322309829295
0.0004036357859149575
0.0012822833377867937
0.00166849244851619
0.0005374567117542028
0.0010779214790090919
0.0007119347574189305
0.00025045115035027266
0.017496392130851746
0.00029418038320727646
0.007553206291049719
0.023406382650136948
0.010534207336604595
0.0005094715743325651
0.0003039971343241632
0.0011440202360972762
0.0013865195214748383
0.0008548801997676492
0.006210173945873976
0.0019263157155364752
0.031834959983825684
0.0047099655494093895
0.00041236760444007814
0.00025358013226650655
0.010941903106868267
0.044571708887815475
0.0000938790399231948
0.0021400856785476208
0.00009011191286845133
0.01079187635332346
0.0002649037051014602
0.0020417463965713978
0.002849176060408354
0.007281741127371788
0.002795717678964138
0.00871322676539421
0.0008862671675160527
0.0037329497281461954
0.016629841178655624
0.0036231447011232376
0.002016032114624977
0.011817054823040962
0.0012132921256124973
0.024285538122057915
0.0006725378334522247
0.01745256409049034
0.0840834379196167
0.004274746868759394
0.00035154938814230263
0.0010327755007892847
0.012876599095761776
0.00008843692194204777
0.006614196579903364
0.0005672560655511916
0.029962381348013878
0.00009776308434084058
0.0008561576250940561
0.004808313678950071
0.023880213499069214
0.0046362485736608505
0.026336079463362694
0.00011520105181261897
0.010387363843619823
0.003535774303600192
0.0072267078794538975
0.0011405112454667687
0.00019834803242702037
0.005885038524866104
0.009427132084965706
0.00022129146964289248
0.0006059287115931511
0.0018889647908508778
0.004448330029845238
0.0011592661030590534
0.01591508276760578
0.017904452979564667
0.00746146822348237
0.001951220678165555
0.0016193471383303404
0.01451184507459402
0.000020436626073205844
0.002847369760274887
0.00019739774870686233
0.004072840791195631
0.013020485639572144
0.0011498989770188928
0.004648302216082811
0.0012447572080418468
0.006491496227681637
0.002901976928114891
0.011316174641251564
0.03344622999429703
0.0028248229064047337
0.005219963379204273
0.00022875893046148121
0.00023677251010667533
0.0021339021623134613
0.0010220305994153023
0.020009562373161316
0.015122526325285435
0.029544685035943985
0.007415609899908304
0.001096924883313477
0.003774005686864257
0.0028787744231522083
0.008855416439473629
0.0038961246609687805
0.016553029417991638
0.00023802834039088339
0.0000946913642110303
0.0014605598989874125
0.0037952607963234186
0.0038636205717921257
0.044760726392269135
0.008602998219430447
0.005959279835224152
0.00003590190681279637
0.000455691188108176
0.006669383496046066
0.006435291841626167
0.016856694594025612
0.016387183219194412
0.011010278947651386
0.006515796296298504
0.00048598190187476575
0.026647400110960007
0.006577011663466692
0.012575407512485981
0.01850336790084839
0.030918315052986145
0.02015584148466587
0.01923462562263012
0.0015362516278401017
0.0072608268819749355
0.0024184780195355415
0.029866131022572517
0.0014610504731535912
0.0036474773660302162
0.00495911156758666
0.016788950189948082
0.008514626882970333
0.0018252290319651365
0.018662361428141594
0.0006920016603544354
0.0012225834652781487
0.0009747695294208825
0.0064039151184260845
0.0007433460559695959
0.07571038603782654
0.0007022703066468239
0.0014556420501321554
0.0036602590698748827
0.006342937704175711
0.009275571443140507
0.009787309914827347
0.00303636584430933
0.0013631158508360386
0.0051414575427770615
0.0002671040128916502
0.0006495523266494274
0.0004982724203728139
0.00046914778067730367
0.016210341826081276
0.0020585504826158285
0.0013400590978562832
0.01120110135525465
0.0027348920702934265
0.003075250191614032
0.008743449114263058
0.00045268170651979744
0.0026833603624254465
0.000389409891795367
0.0007230289629660547
0.00009847288310993463
0.006025990471243858
0.0007097237394191325
0.0028163345996290445
0.021124988794326782
0.00041702514863573015
0.014027184806764126
0.00026450210134498775
0.0055208816193044186
0.004381571430712938
0.004167511593550444
0.003819263307377696
0.000651136098895222
0.04743900150060654
0.00029575848020613194
0.045370541512966156
0.0038436828181147575
0.0002462801639921963
0.000554194615688175
0.0005705051007680595
0.015739578753709793
0.0005997667904011905
0.0028714195359498262
0.0014947418821975589
0.0025688635651022196
0.003634822554886341
0.0017049089074134827
0.008643317967653275
0.009123214520514011
0.0006299418746493757
0.0005556900287047029
0.057469021528959274
0.0006439472199417651
0.000049553102144273
0.0003888093342538923
0.016512349247932434
0.000147256490890868
0.0014209253713488579
0.008182178251445293
0.0006943268235772848
0.0019315704703330994
0.0014240620657801628
0.0020145862363278866
0.0008857411448843777
0.0006466857739724219
0.004554624669253826
0.0006439541466534138
0.02790064737200737
0.0034718757960945368
0.0006495380075648427
0.0021405110601335764
0.000452384352684021
0.00018283791723661125
0.00010030988050857559
0.08688957244157791
0.002229135250672698
0.0005848691798746586
0.0042649186216294765
0.0038205289747565985
0.000727854494471103
0.008812014013528824
0.0012306623393669724
0.0001154524798039347
0.002716203685849905
0.0027781748212873936
0.0005416477797552943
0.03606760874390602
0.0009007480111904442
0.010310213081538677
0.002260948996990919
0.00015208123659249395
0.0027288643177598715
0.021608509123325348
0.011606068350374699
0.0045033167116343975
0.0004036898026242852
0.006364115979522467
0.0028497641906142235
0.00013850491086486727
0.0020807951223105192
0.00022038356109987944
0.0019394896226003766
0.004604060668498278
0.005823628976941109
0.002507166238501668
0.0016094103921204805
0.00015974670532159507
0.008232141844928265
0.0024801588151603937
0.0002811838930938393
0.00122805533464998
0.00016239998512901366
0.001436330028809607
0.0013669489417225122
0.005387083627283573
0.00010587432188913226
0.0001060904614860192
0.00036471436033025384
0.00044659775448963046
0.0006149543914943933
0.0004986949497833848
0.0012385270092636347
0.0036928264889866114
0.0006229362334124744
0.00403892807662487
0.029839131981134415
0.007553801406174898
0.0004456779279280454
0.024812176823616028
0.0006921669701114297
0.026749908924102783
0.0006382738356478512
0.0006984144565649331
0.0023313264828175306
0.0010626724688336253
0.002143603516742587
0.009055462665855885
0.002865123562514782
0.00007359497249126434
0.00020251396927051246
0.007466465700417757
0.0002652225666679442
0.027860620990395546
0.004500772804021835
0.0034258158411830664
0.000558269617613405
0.00018484120664652437
0.037209078669548035
0.0002503377909306437
0.0021286311093717813
0.006566208321601152
0.005389015190303326
0.03818356990814209
0.03718249127268791
0.0013757812557742
0.0006820026901550591
0.00192383979447186
0.0011924965074285865
0.0023050715681165457
0.0027046811301261187
0.016393505036830902
0.0011198699939996004
0.00018647762772161514
0.006060504354536533
0.004739840514957905
0.025740962475538254
0.004704339429736137
0.0007441808120347559
0.004387016873806715
0.0008150513167493045
0.001859620912000537
0.026979422196745872
0.0011024961713701487
0.0016263762954622507
0.0014821620425209403
0.007533314637839794
0.00564960390329361
0.0015943285543471575
0.00011492225166875869
0.002145076636224985
0.005324621684849262
0.0001327924255747348
0.0026454164180904627
0.0007627546438015997
0.0006699968362227082
0.006758326664566994
0.002748433966189623
0.0008164888131432235
0.0017556736711412668
0.00016976066399365664
0.0015919414581730962
0.0019459525356069207
0.0017732923151925206
0.0022310754284262657
0.000408775988034904
0.04056796431541443
0.002366787288337946
0.006856545805931091
0.0006560422480106354
0.017082564532756805
0.0006765431608073413
0.00012070430966559798
0.0012731881579384208
0.010166534222662449
0.008229085244238377
0.006045512389391661
0.0008197097922675312
0.0008961295825429261
0.005823299754410982
0.033967915922403336
0.0005835319752804935
0.001609069760888815
0.011996205896139145
0.0002254659339087084
0.0007151038153097034
0.0011907117441296577
0.02672187238931656
0.0017055072821676731
0.09017530828714371
0.02104472741484642
0.043549928814172745
0.003720031352713704
0.004847152624279261
0.0007690343772992492
0.008233672939240932
0.00010962162195937708
0.00447193393483758
0.0013875531731173396
0.03521344065666199
0.006956076715141535
0.013473045080900192
0.03491606190800667
0.012368887662887573
0.0015930832596495748
0.0031243711709976196
0.0014716793084517121
0.007326074875891209
0.006962064187973738
0.023021366447210312
0.0019602433312684298
0.0013438243186101317
0.007702963892370462
0.0023097009398043156
0.0007028915570117533
0.008671438321471214
0.00013043542276136577
0.003521018661558628
0.04649193957448006
0.0006816090317443013
0.046218741685152054
0.04219952970743179
0.005162028130143881
0.0029130959883332253
0.0021749872248619795
0.0010500815697014332
0.024705607444047928
0.0018991985125467181
0.006557451095432043
0.04533389210700989
0.000539319240488112
0.0007943562231957912
0.009249646216630936
0.006218549329787493
0.002791325794532895
0.0006291585159488022
0.0009201533976010978
0.02240796387195587
0.004163385834544897
0.036643095314502716
0.005197380669414997
0.00014242641918826848
0.00041681251605041325
0.020259005948901176
0.007392439059913158
0.00030959994182921946
0.001659426954574883
0.0031158567871898413
0.00695620896294713
0.015947747975587845
0.016171539202332497
0.050883155316114426
0.007707727141678333
0.0007324975449591875
0.0006666578119620681
0.0022225037682801485
0.0014601106522604823
0.006234416738152504
0.003259522607550025
0.0008286011288873851
0.0011759147746488452
0.02653532847762108
0.002175727393478155
0.004227169789373875
0.003498808713629842
0.005881533492356539
0.008538787253201008
0.0015780461253598332
0.011409376747906208
0.0027394620701670647
0.0006096797878853977
0.02759402245283127
0.00026436164625920355
0.0010041454806923866
0.017880575731396675
0.0006050920928828418
0.005293870810419321
0.003533676965162158
0.00036223529605194926
0.004665812011808157
0.0033228169195353985
0.0003012804954778403
0.0002740271738730371
0.00006018408384989016
0.0027629579417407513
0.007572500500828028
0.002042124979197979
0.0006285132840275764
0.010933254845440388
0.012060942128300667
0.012264075689017773
0.0031044925563037395
0.0035554682835936546
0.0006267703720368445
0.006050193682312965
0.008945990353822708
0.002803211333230138
0.008063956163823605
0.0009786966256797314
0.00228279922157526
0.001138423103839159
0.01583150215446949
0.00019474227156024426
0.011401113122701645
0.0006891931989230216
0.0027242093347012997
0.018696105107665062
0.00048533512745052576
0.0010815971763804555
0.0017466803546994925
0.0019890733528882265
0.01808219589293003
0.00021763697441201657
0.0016812188550829887
0.03689151629805565
0.00049119524192065
0.0021405720617622137
0.01633838564157486
0.00009468530333833769
0.003518293844535947
0.00011608019849518314
0.0019084826344624162
0.00132304010912776
0.003928947262465954
0.0003374491061549634
0.0006261602393351495
0.001975428545847535
0.00013543225941248238
0.00006081054743845016
0.0008079278049990535
0.0006703095859847963
0.0029780850745737553
0.00009890405635815114
0.0011407387210056186
0.0006897473358549178
0.0010305452160537243
0.0006514450651593506
0.0013345287879928946
0.0010520984651520848
0.0033910241909325123
0.005897881463170052
0.0001474119781050831
0.000095392570074182
0.0020223157480359077
0.0010123136453330517
0.000027319072614773177
0.03266023471951485
0.004495367407798767
0.0008168036001734436
0.0031602338422089815
0.03845347464084625
0.012125370092689991
0.0021214797161519527
0.0016533045563846827
0.0001390700927004218
0.009530868381261826
0.011913232505321503
0.02092115953564644
0.0020361351780593395
0.00022132521553430706
0.00010515491158002988
0.0014013510663062334
0.015245028771460056
0.03344119340181351
0.0003891210362780839
0.00010128237772732973
0.016262002289295197
0.0007255881791934371
0.0025582630187273026
0.0032789239194244146
0.0005072029889561236
0.016097521409392357
0.002047145739197731
0.00022036171867512167
0.01597198098897934
0.0006654090830124915
0.000299790728604421
0.00027184313512407243
0.001540023018606007
0.0032462994568049908
0.0002076155797112733
0.007155615836381912
0.006020293105393648
0.00034283800050616264
0.0033114582765847445
0.0002477657690178603
0.0027797515504062176
0.00335826282389462
0.0017949523171409965
0.03992709144949913
0.010606439784169197
0.02168024331331253
0.006043420638889074
0.0015087435021996498
0.004301216918975115
0.0005926668527536094
0.0070780240930616856
0.0008431139285676181
0.000333348783897236
0.0013143881224095821
0.00041325620259158313
0.006429735571146011
0.00034214206971228123
0.002353782532736659
0.00022905293735675514
0.005868157371878624
0.0002641511964611709
0.0014648522483184934
0.0029096149373799562
0.004933957010507584
0.02294001914560795
0.006557733751833439
0.009187716990709305
0.015865495428442955
0.0014686842914670706
0.0014602678129449487
0.0018933075480163097
0.0024722544476389885
0.003666873322799802
0.0027323237154632807
0.00029314635321497917
0.001889161067083478
0.0014180248836055398
0.0003137594321742654
0.05956544727087021
0.0037577811162918806
0.0049016354605555534
0.005716018844395876
0.02901861071586609
0.010891769081354141
0.00998382456600666
0.00021466748148668557
0.00984378345310688
0.0002682730264496058
0.0007337034330703318
0.0037953818682581186
0.0014860498486086726
0.00022571593581233174
0.001291391090489924
0.0004374233540147543
0.0021758549846708775
0.006793372333049774
0.00009754768689163029
0.0017131395870819688
0.008036967366933823
0.00009119855531025678
0.01720898598432541
0.019241688773036003
0.0017234568949788809
0.0028085692320019007
0.007863371632993221
0.00038438691990450025
0.00030003784922882915
0.003303931560367346
0.009395275264978409
0.002069581300020218
0.0054039862006902695
0.0030778958462178707
0.004198694601655006
0.008811261504888535
0.010779596865177155
0.00020205807231832296
0.0007047521066851914
0.00004686170723289251
0.0004412572889123112
0.0020567849278450012
0.0029604353476315737
0.008574333973228931
0.0010064177913591266
0.001068761688657105
0.02091105654835701
0.0004452464054338634
0.006613034754991531
0.0008695255382917821
0.0024810954928398132
0.0016068867407739162
0.0010854164138436317
0.0015693065943196416
0.03308258578181267
0.01775778830051422
0.0027620031032711267
0.003712165169417858
0.0037016209680587053
0.001504329382441938
0.001579680247232318
0.0027146129868924618
0.0006885600159876049
0.0030153831467032433
0.0021497926209121943
0.003259828547015786
0.08978649973869324
0.04356415569782257
0.005081490613520145
0.01381679531186819
0.0025251528713852167
0.00403870502486825
0.0032875221222639084
0.02052401565015316
0.00028667092556133866
0.00004674901356338523
0.0009604785009287298
0.016835225746035576
0.024491585791110992
0.005209221970289946
0.001899878727272153
0.0012181446654722095
0.00023307300580199808
0.008031876757740974
0.0019307348411530256
0.017775114625692368
0.0003725411370396614
0.0006355317891575396
0.0023146900348365307
0.001092311111278832
0.0034782453440129757
0.035544443875551224
0.00020413982565514743
0.005433930549770594
0.008681651204824448
0.007317057345062494
0.0017431305022910237
0.003183577209711075
0.004821214824914932
0.0017536235973238945
0.004900315776467323
0.00007033255678834394
0.006222357973456383
0.004375939257442951
0.01813572831451893
0.0020477573852986097
0.02965344861149788
0.01954481191933155
0.005213069263845682
0.00014965704758651555
0.030610375106334686
0.011371384374797344
0.012640311382710934
0.000246279378188774
0.0003071770188398659
0.0002630722592584789
0.0013809456722810864
0.0004297691921237856
0.002671771449968219
0.001084202085621655
0.004758536349982023
0.0003447286144364625
0.0073303221724927425
0.002099395962432027
0.0030184707138687372
0.00004162308687227778
0.044299304485321045
0.0013752223458141088
0.007555779069662094
0.016015412285923958
0.0005958375986665487
0.00010757807467598468
0.00862602237612009
0.002689323853701353
0.00045000441605225205
0.005465916823595762
0.000055102515034377575
0.0003822054131887853
0.0002996250696014613
0.006459415424615145
0.006006129551678896
0.008117715828120708
0.002928766654804349
0.0028410081285983324
0.0027267986442893744
0.000361716840416193
0.0011675710557028651
0.0045288968831300735
0.004902863875031471
0.000038498681533383206
0.010202792473137379
0.0070009995251894
0.0007020458579063416
0.0010828942758962512
0.0009350881446152925
0.0005526540335267782
0.03925980255007744
0.0043511842377483845
0.0023623898159712553
0.000053008145187050104
0.006628983188420534
0.010567962191998959
0.0009699761867523193
0.0005211165407672524
0.000049431317165726796
0.000026206864276900887
0.019990723580121994
0.000693282054271549
0.037169843912124634
0.0013563844840973616
0.0005557665135711432
0.012552374042570591
0.0009292990434914827
0.0023293858394026756
0.00090890220599249
0.004156646318733692
0.00017707112419884652
0.0037952580023556948
0.015489009208977222
0.009147652424871922
0.0005000363453291357
0.022671008482575417
0.06904301047325134
0.0023085579741746187
0.008764931000769138
0.03284982964396477
0.004797154106199741
0.001106336829252541
0.013437406159937382
0.06271062046289444
0.0009316194336861372
0.002330023329705
0.006606170907616615
0.007812171243131161
0.010091638192534447
0.009650263004004955
0.08407072722911835
0.0010931636206805706
0.0012795160291716456
0.0010819504968822002
0.003317746566608548
0.00001037709262163844
0.00017407082486897707
0.0005293121212162077
0.001656240550801158
0.007235574536025524
0.00023457313363905996
0.00027143594343215227
0.0001716226397547871
0.002720040734857321
0.010416191071271896
0.0009353490895591676
0.022711822763085365
0.0006408716435544193
0.000513957638759166
0.0010700380662456155
0.0022901527117937803
0.014124455861747265
0.008016400039196014
0.08968479931354523
0.0017934791976585984
0.004256380721926689
0.006371370982378721
0.0009775151265785098
0.0008990922360680997
0.0019722883589565754
0.0008198972791433334
0.0055473558604717255
0.0016407398506999016
0.0013837616425007582
0.007807814981788397
0.001474790507927537
0.012716828845441341
0.00026895455084741116
0.0022109616547822952
0.00101173494476825
0.001963928109034896
0.04721066355705261
0.0015153901185840368
0.0014760016929358244
0.0029893771279603243
0.03331191837787628
0.035855136811733246
0.0001413486315868795
0.001731933793053031
0.001739582628943026
0.01013136561959982
0.0013302548322826624
0.0002802436356432736
0.0003699320077430457
0.004123954568058252
0.01754845306277275
0.0011857120553031564
0.013924315571784973
0.005661808419972658
0.009465384297072887
0.016488494351506233
0.0026207352057099342
0.009742849506437778
0.00217514019459486
0.000749936094507575
0.0045660147443413734
0.00030541204614564776
0.007701856549829245
0.0019533843733370304
0.0003733827907126397
0.00360786821693182
0.0014912810875102878
0.0002541218127589673
0.0005474328063428402
0.004179704934358597
0.001017869682982564
0.007651674561202526
0.0006716453353874385
0.0026662612799555063
0.0007331047090701759
0.0207100547850132
0.026567785069346428
0.0007522754021920264
0.013433966785669327
0.008087025955319405
0.00005367124322219752
0.0005720477784052491
0.0003270796441938728
0.00016081047942861915
0.0035265376791357994
0.009594989009201527
0.0006056185811758041
0.030699128285050392
0.0013549609575420618
0.0004800638707820326
0.0024890396744012833
0.012771861627697945
0.00415151147171855
0.00007076292968122289
0.007177158258855343
0.012947538867592812
0.0032183690927922726
0.00032350022229366004
0.0016930983401834965
0.002342694206163287
0.00043826113687828183
0.00047919308417476714
0.028721394017338753
0.0017800758359953761
0.0005699730245396495
0.008380007930099964
0.0018228242406621575
0.0025167621206492186
0.001298695569857955
0.0027733701281249523
0.005892117507755756
0.0016019470058381557
0.00017253405530937016
0.0007434436120092869
0.000759171845857054
0.017253436148166656
0.00029815183370374143
0.0007939669885672629
0.006361027713865042
0.0003618293849285692
0.003922559786587954
0.00016630587924737483
0.002129775006324053
0.0002119598357239738
0.00044504451216198504
0.0017991357017308474
0.011330223642289639
0.00036271498538553715
0.002491099527105689
0.0021384304855018854
0.0010284287855029106
0.0014850860461592674
0.00030994994449429214
0.00010704797023208812
0.029219867661595345
0.00020407252304721624
0.005811683367937803
0.028448564931750298
0.00052243861136958
0.011116883717477322
0.01320765633136034
0.002856587991118431
0.006596698891371489
0.00024193775607272983
0.0030771950259804726
0.009303084574639797
0.0012988322414457798
0.05209597945213318
0.0006741882534697652
0.00985669158399105
0.02883443422615528
0.000177224341314286
0.00010497569746803492
0.0019278270192444324
0.00011130519851576537
0.0031307872850447893
0.0066857789643108845
0.016620207577943802
0.0034210560843348503
0.010508362203836441
0.003498941194266081
0.00045334931928664446
0.012025151401758194
0.001024560653604567
0.0008298625471070409
0.007673897314816713
0.0006231885636225343
0.003888861509039998
0.052879638969898224
0.005123156122863293
0.00011564595479285344
0.012519861571490765
0.009044365957379341
0.001037700567394495
0.00015653303125873208
0.0006424816674552858
0.014066402800381184
0.006049055140465498
0.010781068354845047
0.012610938400030136
0.008875705301761627
0.0011583749437704682
0.002280598506331444
0.0010957883205264807
0.004294844344258308
0.028211461380124092
0.01750842295587063
0.01030309684574604
0.014762862585484982
0.0018763026455417275
0.0034090543631464243
0.0139703880995512
0.028327185660600662
0.0049837203696370125
0.004656657576560974
0.0037665378767997026
0.008910233154892921
0.013060204684734344
0.004396654199808836
0.0008876393549144268
0.018843816593289375
0.011312686838209629
0.0007818578160367906
0.003253163071349263
0.001284048892557621
0.000786667806096375
0.001702234148979187
0.00025401823222637177
0.0017799604684114456
0.001884681056253612
0.002572219353169203
0.001762896659784019
0.011984650045633316
0.000567267183214426
0.041580960154533386
0.00972633808851242
0.00017851337906904519
0.0011422043899074197
0.007848910056054592
0.001505238120444119
0.004147276747971773
0.00016726415196899325
0.0009533034171909094
0.0017191474325954914
0.00041711723315529525
0.0021062002051621675
0.0019009995739907026
0.0004584859125316143
0.001477605663239956
0.003421623958274722
0.0011175632243975997
0.0019226344302296638
0.00007347004429902881
0.0001596885995240882
0.0006029088981449604
0.0029764410573989153
0.019507277756929398
0.006621766835451126
0.006670287810266018
0.004654470831155777
0.0002221134927822277
0.0018215836025774479
0.0005663805641233921
0.00620752340182662
0.0020715745631605387
0.03796815499663353
0.0019353799289092422
0.004447147250175476
0.0026384685188531876
0.0004826885706279427
0.005966310389339924
0.0003096174041274935
0.0020793150179088116
0.00004327864371589385
0.009013152681291103
0.00048011765466071665
0.002042485401034355
0.006710540037602186
0.002769844839349389
0.00006901362939970568
0.0018602469936013222
0.00015123281627893448
0.010080297477543354
0.056822389364242554
0.02502417378127575
0.002098316326737404
0.015458819456398487
0.0032892157323658466
0.00076770264422521
0.00012159087782492861
0.000585349858738482
0.0011725822696462274
0.00020670413505285978
0.002252347068861127
0.06289784610271454
0.000618952966760844
0.003974021878093481
