0.024227259680628777
0.006673895288258791
0.0008882711408659816
0.00019166362471878529
0.0009451275109313428
0.001486238557845354
0.006945939734578133
0.00007098228525137529
0.00011976147652603686
0.0009882276644930243
0.010606115683913231
0.025487247854471207
0.00018113352416548878
0.0021695939358323812
0.0034914540592581034
0.009429873898625374
0.00024108729849103838
0.01288518775254488
0.0013182873371988535
0.01434437558054924
0.0016673343488946557
0.008333563804626465
0.00008558347326470539
0.006264022085815668
0.0007102333474904299
0.005039932206273079
0.0036010872572660446
0.0011289502726867795
0.002490259474143386
0.002374403178691864
0.01399767305701971
0.00019529501150827855
0.005203273147344589
0.005038585979491472
0.005170220509171486
0.00010137414938071743
0.0003246094274800271
0.0041614705696702
0.001201194361783564
0.027760619297623634
0.0008682642364874482
0.004298094660043716
0.013773899525403976
0.005658838432282209
0.013233973644673824
0.00004821804031962529
0.011076497845351696
0.00032106140861287713
0.0020680606830865145
0.000933622766751796
0.008671499788761139
0.000995053444057703
0.028539376333355904
0.0006380502600222826
0.003428657539188862
0.014146377332508564
0.0008185061160475016
0.0011178073473274708
0.00027157473959960043
0.002413742244243622
0.007106324192136526
0.00747474143281579
0.0007844973006285727
0.0007422506459988654
0.01718919910490513
0.0009447933407500386
0.017335493117570877
0.018405335023999214
0.0053982059471309185
0.0001808144588721916
0.0017026768764480948
0.0009020093129947782
0.00048226743820123374
0.0069173783995211124
0.0010640942491590977
0.00021909840870648623
0.0026126792654395103
0.004245811607688665
0.0024477411061525345
0.002630476839840412
0.007747250609099865
0.014595343731343746
0.0003260247758589685
0.0028468940872699022
0.001695704646408558
0.0003914356348104775
0.002712828340008855
0.00323111773468554
0.01430471334606409
0.000048767389671411365
0.0026657034177333117
0.0009332312038168311
0.04819433391094208
0.00188442412763834
0.0022464492358267307
0.04316914826631546
0.013480731286108494
0.00019824467017315328
0.004606903064996004
0.023441268131136894
0.0008280363981612027
0.001399248605594039
0.001745083718560636
0.00996402744203806
0.00028390210354700685
0.0015392897184938192
0.0017312350682914257
0.015665102750062943
0.0012883777962997556
0.05468211695551872
0.0010365810012444854
0.0005490417825058103
0.00013624051644001156
0.006784900091588497
0.004122781101614237
0.0004953318857587874
0.024717532098293304
0.0004816449945792556
0.0005467439186759293
0.007178124506026506
0.0054560210555791855
0.02060830034315586
0.0025665650609880686
0.015870725736021996
0.0031697237864136696
0.002716279122978449
0.00032762379851192236
0.0003860453434754163
0.02567891776561737
0.0003045354096684605
0.002282781060785055
0.01786039024591446
0.0031314704101532698
0.0035414216108620167
0.0021326295100152493
0.00022607296705245972
0.005176852457225323
0.0006277905195020139
0.007478454150259495
0.00021412421483546495
0.0024377668742090464
0.0001207110908580944
0.0073056467808783054
0.00011409637227188796
0.00023158101248554885
0.0009145819931291044
0.0008966376772150397
0.003694158513098955
0.0021515111438930035
0.0034305634908378124
0.0053728665225207806
0.0007971514714881778
0.034203749150037766
0.0001431293203495443
0.0006823237636126578
0.008018148131668568
0.006790120620280504
0.011925799772143364
0.05681782588362694
0.0006681607919745147
0.007723842281848192
0.013990792445838451
0.004497811663895845
0.008746122941374779
0.0033542520832270384
0.0006361081032082438
0.000748206046409905
0.017029430717229843
0.004378392361104488
0.004207296762615442
0.0021277032792568207
0.00007038061448838562
0.0004105209663975984
0.007111910730600357
0.0006429533241316676
0.005269556771963835
0.000807407486718148
0.006328260060399771
0.0001413620775565505
0.002611250849440694
0.001963307848200202
0.008206385187804699
0.000544136855751276
0.00035756456782110035
0.005205028690397739
0.00017797436157707125
0.00016846849757712334
0.00961662270128727
0.010010858066380024
0.00038291726377792656
0.00023754476569592953
0.0037460324820131063
0.0015697291819378734
0.000626839988399297
0.00005244872227194719
0.017675919458270073
0.00022874803107697517
0.0006983306957408786
0.0004094818141311407
0.00024079819559119642
0.0013103048549965024
0.003755351761355996
0.0014172758674249053
0.0028487544041126966
0.00016555517504457384
0.004594809375703335
0.00022044498473405838
0.0006132544949650764
0.00044613468344323337
0.027141734957695007
0.0002868601295631379
0.002742901910096407
0.009742879308760166
0.01145441085100174
0.0020945551805198193
0.0006059344159439206
0.003180038183927536
0.009078534319996834
0.001250771339982748
0.0010494934394955635
0.06498948484659195
0.00010310976358596236
0.020900733768939972
0.0038884268142282963
0.027368446812033653
0.0003090416721533984
0.0015377720119431615
0.002299713669344783
0.007419524248689413
0.00013580560334958136
0.0008505917503498495
0.0006331197801046073
0.005494631826877594
0.0005400630761869252
0.01097018364816904
0.0023083416745066643
0.00026188965421169996
0.004186531528830528
0.0005825287662446499
0.0024808470625430346
0.00032529671443626285
0.005732538644224405
0.004677795339375734
0.021320797502994537
0.0002727615647017956
0.00017518273671157658
0.00969813670963049
0.0062555354088544846
0.00013636158837471157
0.004596059676259756
0.0010465384693816304
0.002985804108902812
0.0003024593461304903
0.00008783675002632663
0.00008736665040487424
0.00294598750770092
0.023397011682391167
0.0004590135649777949
0.0016168990405276418
0.0016730750212445855
0.00552222179248929
0.0002460201212670654
0.0012182550271973014
0.0008521712734363973
0.0018428738694638014
0.00232206704095006
0.0009634799789637327
0.00044924754183739424
0.012174970470368862
0.004034737590700388
0.0007563557010143995
0.0003788765170611441
0.02130761928856373
0.00001926022559928242
0.0010254742810502648
0.00011103104770882055
0.0002592076489236206
0.0003555114381015301
0.001067094854079187
0.0007044870289973915
0.046636030077934265
0.001391103956848383
0.0025462405756115913
0.0006118348683230579
0.0015507797943428159
0.00525040365755558
0.015721600502729416
0.006336858030408621
0.0018651025602594018
0.00032713235123082995
0.001373138278722763
0.00038587083690799773
0.004667316097766161
0.016547374427318573
0.003297251183539629
0.006014241836965084
0.011214641854166985
0.004057322163134813
0.0035346492659300566
0.00009281939128413796
0.01407708041369915
0.0023382585495710373
0.00027687475085258484
0.0004418805765453726
0.0012925565242767334
0.0005064589786343277
0.011497660540044308
0.0029456797055900097
0.010311470367014408
0.0009703128598630428
0.000747585843782872
0.01164169330149889
0.0038533774204552174
0.0005088632460683584
0.000573768571484834
0.000664896157104522
0.001039262511767447
0.0046183522790670395
0.0014420445077121258
0.001668772310949862
0.005136988591402769
0.003942904528230429
0.00021723848476540297
0.00014186103362590075
0.002278932137414813
0.00044892390724271536
0.00019969748973380774
0.0009926623897626996
0.01098327524960041
0.004775331821292639
0.04577223211526871
0.0016899378970265388
0.0005256892764009535
0.0008418100769631565
0.004893401637673378
0.007795379962772131
0.008988404646515846
0.00012891500955447555
0.001558411051519215
0.01793924905359745
0.00024900209973566234
0.004229342564940453
0.002302994020283222
0.0004893331206403673
0.0012470399960875511
0.01912330463528633
0.0008073811768554151
0.017354246228933334
0.0005024985293857753
0.007756603416055441
0.0029890111181885004
0.004204710014164448
0.0007245382876135409
0.00047011731658130884
0.009438383392989635
0.0007757727871648967
0.013114234432578087
0.00011716564040398225
0.00043793287477456033
0.007334077265113592
0.0010983828688040376
0.00928172841668129
0.0005706009105779231
0.006954327691346407
0.0013261836720630527
0.016225380823016167
0.002459663664922118
0.0018026542384177446
0.0037743374705314636
0.010091536678373814
0.00012250726285856217
0.022892426699399948
0.004387140739709139
0.0014506689039990306
0.0005304399528540671
0.00036104355240240693
0.0001401342888129875
0.013363336212933064
0.005015375092625618
0.003483364125713706
0.00948083121329546
0.0015520367305725813
0.000663659768179059
0.0001364710187772289
0.005379753187298775
0.00045058963587507606
0.00733172707259655
0.002936477540060878
0.00015421667194459587
0.02077275514602661
0.008909709751605988
0.0036201963666826487
0.0030682729557156563
0.0010132337920367718
0.04349616542458534
0.006079783197492361
0.0004704507882706821
0.03448813781142235
0.00040479484596289694
0.005353414919227362
0.011983986012637615
0.00008592572703491896
0.00009333375055575743
0.0007918013725429773
0.0009893311653286219
0.008521350100636482
0.0004487424739636481
0.0011688543017953634
0.001465246663428843
0.0003604334779083729
0.0029422841034829617
0.0014826158294454217
0.005764842964708805
0.00016428148956038058
0.012914780527353287
0.001667709555476904
0.012993198819458485
0.00048582226736471057
0.005447397939860821
0.00012602437345776707
0.0012270610313862562
0.0003866399056278169
0.000981993624009192
0.0021023123990744352
0.009523645043373108
0.0006625429959967732
0.001631663995794952
0.036378391087055206
0.005806728731840849
0.0006004519527778029
0.00460457568988204
0.04434153810143471
0.017062775790691376
0.005810969043523073
0.00739232636988163
0.0001420688786311075
0.0004020046326331794
0.008995152078568935
0.0002629306400194764
0.0040849060751497746
0.0007725711329840124
0.0035107932053506374
0.008847211487591267
0.00368097354657948
0.010511179454624653
0.0014229739317670465
0.0012053783284500241
0.014454446732997894
0.0013239827239885926
0.0005565096507780254
0.019855916500091553
0.005638196598738432
0.0006203753873705864
0.004282956011593342
0.021291283890604973
0.0007719524437561631
0.0008530215127393603
0.0016807533102110028
0.027475576847791672
0.0019851820543408394
0.000628932670224458
0.0016798583092167974
0.0000723336634109728
0.0016691163182258606
0.00480548944324255
0.0012430445058271289
0.050743263214826584
0.032211318612098694
0.0006317156949080527
0.0009875206742435694
0.0075432430021464825
0.036442339420318604
0.00046843758900649846
0.001406881958246231
0.008051898330450058
0.00009794747893465683
0.017197785899043083
0.0032363322097808123
0.00009585416410118341
0.008959929458796978
0.023420317098498344
0.039142947643995285
0.0046972292475402355
0.0019310929346829653
0.011840036138892174
0.025248916819691658
0.0012726563727483153
0.001186547800898552
0.0023270605597645044
0.0018729608273133636
0.02703508548438549
0.0050201802514493465
0.0007066793041303754
0.0014101164415478706
0.04873945936560631
0.004996637813746929
0.07854001224040985
0.00006694845069432631
0.026017233729362488
0.0012424207525327802
0.05232250317931175
0.0020195050165057182
0.0002787590492516756
0.0004711801593657583
0.00011105009616585448
0.0027034843806177378
0.0002542688453104347
0.0012149515096098185
0.026794297620654106
0.0008298921748064458
0.0007822921616025269
0.006475906819105148
0.0007521514780819416
0.008236663416028023
0.024300331249833107
0.0012343272101134062
0.0008172221714630723
0.0002803777751978487
0.025939427316188812
0.0009069657535292208
0.001264137332327664
0.00027521196170710027
0.000466583704110235
0.000555371749214828
0.0006101179751567543
0.04648389294743538
0.00006803717406000942
0.037344370037317276
0.01749926246702671
0.008292359299957752
0.0007746753399260342
0.001034705899655819
0.000197219371329993
0.00013440439943224192
0.0030838213860988617
0.051821716129779816
0.04656258225440979
0.00574469193816185
0.0037164627574384212
0.004507939796894789
0.0027765408158302307
0.004428478889167309
0.0031775948591530323
0.0010741485748440027
0.001665071933530271
0.0005991189391352236
0.001838579773902893
0.002230169717222452
0.0015631213318556547
0.001440224121324718
0.008390226401388645
0.002317735692486167
0.0016169124282896519
0.0025013862177729607
0.06761997938156128
0.00007059076597215608
0.001534441951662302
0.011507336050271988
0.0065205893479287624
0.0012926412746310234
0.0008800621144473553
0.00011188123608008027
0.005647133104503155
0.007019145879894495
0.005066113546490669
0.0027498649433255196
0.007515802979469299
0.0002576193364802748
0.02250586450099945
0.002562775043770671
0.001860450254753232
0.0029136582743376493
0.009022533893585205
0.0019238777458667755
0.0003022894961759448
0.008416322991251945
0.014977945946156979
0.00045521630090661347
0.00008990821515908465
0.0055574653670191765
0.0002653365081641823
0.0001981488021556288
0.005117808468639851
0.0025582858361303806
0.004200901370495558
0.016671225428581238
0.017605522647500038
0.010529021732509136
0.00040806029574014246
0.0014713500859215856
0.0005810888251289725
0.005756261292845011
0.029754996299743652
0.0026667320635169744
0.001882475451566279
0.0006860585417598486
0.0001739167346386239
0.00840708427131176
0.00045237416634336114
0.05154414102435112
0.000064039537392091
0.01634381152689457
0.002694119932129979
0.003579615382477641
0.001295499037951231
0.012316291220486164
0.0001864438527263701
0.0004220629343762994
0.00022897671442478895
0.0008121586288325489
0.018895313143730164
0.004171636421233416
0.00042836269130930305
0.009312161244452
0.00016502229846082628
0.0005676252767443657
0.0006442021112889051
0.00013577939535025507
0.0013727840268984437
0.009346394799649715
0.0006231363513506949
0.006394640076905489
0.002197926864027977
0.0014309186954051256
0.0012747609289363027
0.0004067585396114737
0.0011399475624784827
0.01760300248861313
0.00606027664616704
0.001214124378748238
0.004432629328221083
0.013913371600210667
0.005845606792718172
0.0021640807390213013
0.001795225078240037
0.0760604664683342
0.00140661362092942
0.0028528724797070026
0.0005583100719377398
0.0020619186107069254
0.00021771027240902185
0.003136509098112583
0.0014355360763147473
0.03113965131342411
0.000763864372856915
0.005706964060664177
0.0011500648688524961
0.0006650144932791591
0.002872601617127657
0.007939836010336876
0.005444447044283152
0.0017260736785829067
0.029902618378400803
0.020623620599508286
0.007197131402790546
0.019726498052477837
0.006860398221760988
0.00832098163664341
0.001621481729671359
0.005233835428953171
0.000859190069604665
0.0006824102019891143
0.0000438132556155324
0.0003599563497118652
0.0063529666513204575
0.0017217257991433144
0.0035499853547662497
0.023397691547870636
0.0033176024444401264
0.00023143102589529008
0.00037938039167784154
0.009007405489683151
0.0003286456922069192
0.00023179022537078708
0.0021329803857952356
0.0004932884476147592
0.002255440456792712
0.001421031542122364
0.016743453219532967
0.0021282148081809282
0.0002502822026144713
0.0026738550513982773
0.011540113016963005
0.013165424577891827
0.0012096321443095803
0.01813664473593235
0.00032957756775431335
0.005426364950835705
0.004510683007538319
0.008758778683841228
0.002421694342046976
0.000345839187502861
0.00009752664482221007
0.0032392891589552164
0.00047631526831537485
0.00035429815761744976
0.001055907690897584
0.0031522121280431747
0.0004949232679791749
0.00041200878331437707
0.0013686835300177336
0.0010778423165902495
0.0007436283049173653
0.0015408319886773825
0.0008644568151794374
0.0032095019705593586
0.0007221248233690858
0.0015085566556081176
0.0006536045693792403
0.0020654427353292704
0.002303753513842821
0.02675602398812771
0.0002681780024431646
0.004801492672413588
0.00004734513277071528
0.00798025168478489
0.0012251435546204448
0.0004584987764246762
0.00011031756730517372
0.0034590261057019234
0.0012623355723917484
0.0002547165204305202
0.00025675876531749964
0.00918326061218977
0.00025820176233537495
0.008057188242673874
0.001704093418084085
0.0006714611663483083
0.005170246586203575
0.0072730351239442825
0.0028662586119025946
0.004660072270780802
0.0008429166628047824
0.0014000036753714085
0.0008952401694841683
0.02301715314388275
0.009837621822953224
0.00036439840914681554
0.012005237862467766
0.006217949092388153
0.0010732011869549751
0.010039018467068672
0.00008147066546371207
0.001455313409678638
0.018279267475008965
0.0001667938195168972
0.030551552772521973
0.00014956649101804942
0.00112074741628021
0.00008781417272984982
0.0713232234120369
0.001556889619678259
0.0013893702998757362
0.0043832892552018166
0.002892865566536784
0.00018709337746258825
0.002509983954951167
0.00033134108525700867
0.00022031138360034674
0.0028508049435913563
0.0030203568749129772
0.004596931394189596
0.004680960439145565
0.0018460352439433336
0.005855401046574116
0.0001798352604964748
0.00043570136767812073
0.0024268091656267643
0.01732216402888298
0.0011433808831498027
0.0011149264173582196
0.00008904805144993588
0.008576875552535057
0.00018156009900849313
0.002100097481161356
0.001240632263943553
0.02202797867357731
0.000986230093985796
0.0016056819586083293
0.0013888205867260695
0.000029859038477297872
0.004663283936679363
0.00856475904583931
0.006963066291064024
0.007882853969931602
0.006920739077031612
0.0009394170483574271
0.016120662912726402
0.002522378694266081
0.04816067963838577
0.008783338591456413
0.004714539274573326
0.04117785766720772
0.0038385444786399603
0.000545211136341095
0.008760330267250538
0.0035615633241832256
0.0006162574863992631
0.0008775228052400053
0.03787321224808693
0.002711188979446888
0.0002572659286670387
0.00006239877257030457
0.004321322310715914
0.0008729373221285641
0.00020529837638605386
0.001995382597669959
0.0151207959279418
0.022713085636496544
0.006988379172980785
0.001115000108256936
0.028614263981580734
0.012968722730875015
0.0004853335558436811
0.004665371961891651
0.0028269891627132893
0.000433657958637923
0.0017323993379250169
0.00565483421087265
0.010187956504523754
0.011809288524091244
0.045117076486349106
0.008174647577106953
0.010434063151478767
0.00014737993478775024
0.00975751131772995
0.0022872649133205414
0.008540181443095207
0.0019284869777038693
0.0014382113004103303
0.0017817066982388496
0.02140277996659279
0.006454229820519686
0.004724662750959396
0.0008000332163646817
0.019870109856128693
0.006555540021508932
0.0001955384068423882
0.00030291450093500316
0.003565227845683694
0.0006766807637177408
0.0001441946078557521
0.02211344987154007
0.000697957118973136
0.00004301172884879634
0.00045288988621905446
0.000324467197060585
0.0036735169123858213
0.004956197924911976
0.00027358971419744194
0.0303018968552351
0.00049361283890903
0.010906909592449665
0.01943272538483143
0.004171521868556738
0.0068142530508339405
0.00016722620057407767
0.001628394820727408
0.0006526804063469172
0.00019065735978074372
0.013301612809300423
0.0011086681624874473
0.0017035796772688627
0.002230317099019885
0.01056450791656971
0.00017080656834878027
0.010152500122785568
0.00017136926180683076
0.013806878589093685
0.00029920326778665185
0.05841697007417679
0.003899711649864912
0.0006621571956202388
0.00024274489260278642
0.0031642443500459194
0.002385640051215887
0.00022435278515331447
0.003630709368735552
0.04170362651348114
0.03853772208094597
0.010914929211139679
0.0015227798139676452
0.00016972619050648063
0.00042281224159523845
0.009081155061721802
0.007003942970186472
0.000320746359648183
0.0010430191177874804
0.0004777431022375822
0.0002535788808017969
0.0027695344761013985
0.00004747459388454445
0.0011010931339114904
0.0052327001467347145
0.03798157721757889
0.0003956265572924167
0.0007401875336654484
0.020068619400262833
0.00037513082497753203
0.016169829294085503
0.01078443881124258
0.020650776103138924
0.006282974034547806
0.002833204111084342
0.0024498095735907555
0.00039973334060050547
0.051078714430332184
0.024702971801161766
0.002154817571863532
0.0019340722355991602
0.001586500438861549
0.001780662452802062
0.00016087030235212296
0.009205401875078678
0.0014844222459942102
0.0053341323509812355
0.0007790648960508406
0.028253845870494843
0.003434406127780676
0.0010616278741508722
0.009305855259299278
0.002323628170415759
0.014346563257277012
0.01847117766737938
0.003647963050752878
0.0023174791131168604
0.004992415197193623
0.003918529022485018
0.03235340118408203
0.00018624011136125773
0.00032779405592009425
0.005045161582529545
0.01053024735301733
0.00027594782295636833
0.002730292035266757
0.00027755112387239933
0.00015971488028299063
0.001884031225927174
0.0059935892932116985
0.0010698273545131087
0.03287426754832268
0.0015123399207368493
0.009655749425292015
0.0050163972191512585
0.0024788687005639076
0.03138694167137146
0.00033003120915964246
0.0016708229668438435
0.0003819515404757112
0.032307639718055725
0.0007726615876890719
0.002462245523929596
0.00027562957257032394
0.02144688554108143
0.009645868092775345
0.011193701066076756
0.004701920319348574
0.0008006587158888578
0.000673940870910883
0.017577921971678734
0.00012869884085375816
0.00010353489778935909
0.0002906864683609456
0.00012018893903587013
0.014772927388548851
0.0005965055897831917
0.0057307141833007336
0.0009453190141357481
0.00022956881730351597
0.00024970603408291936
0.004095242824405432
0.0004154092457611114
0.00017282286717090756
0.003422111039981246
0.0002207797660958022
0.02022942714393139
0.0010715322569012642
0.0006762695265933871
0.00005385866097640246
0.007855572737753391
0.037537943571805954
0.029218554496765137
0.00030083852470852435
0.018942132592201233
0.005316563416272402
0.0013782023452222347
0.00007967128476593643
0.0007192680495791137
0.01235970389097929
0.013154749758541584
0.0109951701015234
0.0016423529013991356
0.0007646996527910233
0.0023932959884405136
0.0004236716195009649
0.0005000375094823539
0.0017827249830588698
0.002258207183331251
0.007793693337589502
0.008643458597362041
0.005427026655524969
0.0012339571258053184
0.004750703927129507
0.00002673215749382507
0.0022281291894614697
0.03735098987817764
0.0003653519379440695
0.003975674044340849
0.0011015181662514806
0.005402830429375172
0.003948067780584097
0.0008453450282104313
0.00027740851510316133
0.005976173095405102
0.00005089178011985496
0.0018633018480613828
0.00048689224058762193
0.00032959418604150414
0.03363841399550438
0.0005841285455971956
0.013185616582632065
0.0198378749191761
0.0011613541282713413
0.018864138051867485
0.00017959819524548948
0.002184108830988407
0.000533919082954526
0.0020147303584963083
0.005717437248677015
0.00163178367074579
0.012390140444040298
0.0013401457108557224
0.0022964186500757933
0.027446620166301727
0.008492433466017246
0.009264864027500153
0.018892761319875717
0.0008511435589753091
0.03574364632368088
0.00015985959907993674
0.002776090521365404
0.005430643912404776
0.00006761040276614949
0.03482707589864731
0.003391133388504386
0.02499823458492756
0.001525965752080083
0.00043516818550415337
0.0000417760711570736
0.001184610417112708
0.00007632276538060978
0.0029969203751534224
0.00018745523993857205
0.019969716668128967
0.0017830099677667022
0.031338516622781754
0.0024241278879344463
0.0023137459065765142
0.0018921435112133622
0.0012875484535470605
0.014430026523768902
0.06049277260899544
0.00004739426003652625
0.0007548294961452484
0.0070577347651124
0.0055860853753983974
0.0009093554108403623
0.07641833275556564
0.00043270099558867514
0.01251359935849905
0.0008399480720981956
0.00033210680703632534
0.0022484001237899065
0.00047596340300515294
0.00450318306684494
0.00036510443896986544
0.002549950033426285
0.00582105340436101
0.00013359951844904572
0.0003688036813400686
0.0005576764815486968
0.006325651425868273
0.005607807543128729
0.0003505406784825027
0.0008003244292922318
0.0006909347721375525
0.01296048890799284
0.015062358230352402
0.003772016614675522
0.001736555714160204
0.00028463415219448507
0.02370714768767357
0.028305161744356155
0.0035201627761125565
0.00008816635818220675
0.0011529867770150304
0.035164330154657364
0.0005266910884529352
0.00045612803660333157
0.0008751443820074201
0.0014851705636829138
0.0009940048912540078
0.01972014084458351
0.009680230170488358
0.0010895311133936048
0.012868733145296574
0.06692205369472504
0.000054581825679633766
0.008366785943508148
0.003906646277755499
0.009217076003551483
0.00020947420853190124
0.033948998898267746
0.003168882103636861
0.0016929450212046504
0.0012918279971927404
0.0043473392724990845
0.018585514277219772
0.001633234554901719
0.04429465904831886
0.0022397744469344616
0.03577065467834473
0.0024523111060261726
0.001971660880371928
0.0018455403624102473
0.0030382315162569284
0.00023353846336249262
0.018064359202980995
0.005308837629854679
0.005137342493981123
0.0022104333620518446
0.026161404326558113
0.0004890245036222041
0.00015290218289010227
0.00023731301189400256
0.0012563122436404228
0.00022961331706028432
0.0017936486983671784
0.0020970902405679226
0.002723930636420846
0.0007566088461317122
0.03930585831403732
0.00011771291610784829
0.02527306228876114
0.0031154127791523933
0.004115072079002857
0.006662849802523851
0.001877188915386796
0.0009453706443309784
0.0044542346149683
0.00042578380089253187
0.0012824551668018103
0.0031186379492282867
0.0057291327975690365
0.0011255897115916014
0.0009795967489480972
0.0012366356095299125
0.02126065082848072
0.01709536835551262
0.012682306580245495
0.0005741685745306313
0.001218736288137734
0.00571651104837656
0.010087431408464909
0.002986213192343712
0.005297190509736538
0.001964075490832329
0.0009522189502604306
0.011117727495729923
0.01399296335875988
0.004555107094347477
0.025857625529170036
0.00021909519273322076
0.013983507640659809
0.014154013246297836
0.006858689710497856
0.00031687039881944656
0.00011950342741329223
0.0017336249584332108
0.0001428374816896394
0.0006526047945953906
0.025950228795409203
0.027296358719468117
0.0005470159812830389
0.00879595335572958
0.035914115607738495
0.01171235553920269
0.001873488537967205
0.0006993352435529232
0.0008308957912959158
0.009526215493679047
0.0008583675371482968
0.00019057016470469534
0.0010298698907718062
0.0010455986484885216
0.0008404136169701815
0.0009868822526186705
0.010944298468530178
0.002505744341760874
0.006962783634662628
0.004272941499948502
0.0010065558599308133
0.0019827494397759438
0.0005133572267368436
0.0006767362356185913
0.0035918457433581352
0.00006403499719453976
0.00005154420796316117
0.0010466002859175205
0.02621917426586151
0.008089344948530197
0.002280360320582986
0.003194523975253105
0.00002268488060508389
0.004479406401515007
0.0021963920444250107
0.0038636811077594757
0.006135333329439163
0.00043221848318353295
0.0031778484117239714
0.024624725803732872
0.0033676496241241693
0.0010007066885009408
0.0000770934420870617
0.0009360996191389859
0.021419262513518333
0.0007325358456000686
0.002145379316061735
0.04080916568636894
0.003989636432379484
0.0005819388316012919
0.00008802242518868297
0.014317355118691921
0.0010601680260151625
0.001618316862732172
0.0005130540812388062
0.0001118367727031
0.0028451166581362486
0.004527579061686993
0.03387098386883736
0.0007046725368127227
0.00019171070016454905
0.007577003911137581
0.0005383554962463677
0.0011390025028958917
0.039426352828741074
0.001800592290237546
0.003960886038839817
0.0037380377762019634
0.0012719979276880622
0.004523201379925013
0.018390528857707977
0.0008481449913233519
0.008586711250245571
0.005859215743839741
0.002790733939036727
0.00043052833643741906
0.0004282392328605056
0.006400854792445898
0.0012524309568107128
0.0007423806237056851
0.001983955968171358
0.000263499328866601
0.001961792353540659
0.0003622640506364405
0.0014985911548137665
0.004020243883132935
0.0003890240623150021
0.002805026713758707
0.004456135910004377
0.027511967346072197
0.0012233784655109048
0.0008810465224087238
0.001800286816433072
0.011747236363589764
0.0016218760283663869
0.0009248259011656046
0.006260265130549669
0.0076622855849564075
0.001247707288712263
0.00006120109901530668
0.0067179324105381966
0.005611345637589693
0.007623735815286636
0.00025107827968895435
0.0030254025477916002
0.0010089913848787546
0.00008709678513696417
0.0019869175739586353
0.0007935415487736464
0.0016407860675826669
0.000049985781515715644
0.0073407236486673355
0.01550700981169939
0.0010934575693681836
0.015130682848393917
0.0029808739200234413
0.00004547097341855988
0.00847174134105444
0.013103941455483437
0.0003706881543621421
0.00004972395981894806
0.009665543213486671
0.004712333902716637
0.05787200853228569
0.0023114243522286415
0.0005836550844833255
0.010846463963389397
0.019423402845859528
0.0000778746252763085
0.019905952736735344
0.027105581015348434
0.007829210720956326
0.002708448562771082
0.004176794551312923
0.0007929624989628792
0.015580464154481888
0.002846344141289592
0.00047166424337774515
0.00009890658111544326
