0.014522557146847248
0.014313975349068642
0.0007026434177532792
0.019219595938920975
0.001958048902451992
0.007720977533608675
0.004655404016375542
0.014743314124643803
0.01492637675255537
0.05546027794480324
0.00015123232151381671
0.0006984550273045897
0.000707844621501863
0.003653347259387374
0.005523540545254946
0.019631700590252876
0.0288894921541214
0.0038888019043952227
0.0010857169982045889
0.0026412371080368757
0.03565668687224388
0.0022433397825807333
0.0028936404269188643
0.005460834130644798
0.0007462362991645932
0.006063212640583515
0.0013901136117056012
0.0005469472380355
0.000636227719951421
0.0025606914423406124
0.030068939551711082
0.0032464892137795687
0.017939865589141846
0.0047323745675385
0.0006361311534419656
0.0012745611602440476
0.005327829159796238
0.0017036923673003912
0.008014450781047344
0.010809607803821564
0.003914121072739363
0.0008353898301720619
0.016288407146930695
0.007937395013868809
0.0022649543825536966
0.008745633065700531
0.001461758278310299
0.0026206024922430515
0.003404579358175397
0.0014655207050964236
0.0024395787622779608
0.006270489189773798
0.0037807540502399206
0.0023193983361124992
0.000503940274938941
0.05174338445067406
0.0008120257407426834
0.002907342277467251
0.007624112535268068
0.0032435792963951826
0.0009346416336484253
0.0009028504136949778
0.0030765393748879433
0.0015398082323372364
0.0005137960542924702
0.0016270495252683759
0.02492859773337841
0.0009068370563909411
0.004505882505327463
0.00078345846850425
0.0024749133735895157
0.0023296382278203964
0.009060019627213478
0.0008721585618332028
0.0002488440368324518
0.009863636456429958
0.006172263063490391
0.0018299174262210727
0.038646478205919266
0.002189953811466694
0.0177097637206316
0.0016551214503124356
0.0034148667473345995
0.0015065820189192891
0.006195766851305962
0.009621565230190754
0.0005347924889065325
0.0020420860964804888
0.011845397762954235
0.011519940569996834
0.005199701990932226
0.0007092487066984177
0.0028685920406132936
0.009703239426016808
0.02653881162405014
0.003275939729064703
0.006516742054373026
0.00974288396537304
0.013862917199730873
0.0024491220247000456
0.005504605360329151
0.00016719911945983768
0.0026924540288746357
0.01493111066520214
0.0016292114742100239
0.0018212810391560197
0.002059193328022957
0.03686780482530594
0.022320153191685677
0.0064087058417499065
0.0038302114699035883
0.001844828831963241
0.05470076575875282
0.009901601821184158
0.007931123487651348
0.002218324923887849
0.018596680834889412
0.015269323252141476
0.00214902451261878
0.0005574023816734552
0.00989051815122366
0.0012880900176241994
0.019139805808663368
0.003340262919664383
0.004024852998554707
0.019321223720908165
0.0005593359819613397
0.004442095756530762
0.0002764928212855011
0.00012129404058214277
0.003250024514272809
0.02206638641655445
0.004197240807116032
0.007391934748739004
0.0023087800946086645
0.047246985137462616
0.00026189471827819943
0.00435515446588397
0.0003550104738678783
0.0011998536065220833
0.028432179242372513
0.001494469353929162
0.0013235504738986492
0.004804259166121483
0.0011413360480219126
0.020797332748770714
0.008153256960213184
0.004283464513719082
0.0021051964722573757
0.00460223900154233
0.006411622278392315
0.00465738819912076
0.03660469874739647
0.035315681248903275
0.01443883404135704
0.014594371430575848
0.050734665244817734
0.0004875747545156628
0.010678505524992943
0.007439600769430399
0.01696454919874668
0.01551663875579834
0.00496514281257987
0.002464488847181201
0.0005852702888660133
0.004814636893570423
0.01620468869805336
0.001689439406618476
0.004014468751847744
0.00020001266966573894
0.011691473424434662
0.005143486894667149
0.0011693055275827646
0.003975179046392441
0.0078065237030386925
0.0006086141802370548
0.003684702329337597
0.0018866085447371006
0.04953079670667648
0.002398610580712557
0.0025386004708707333
0.02333943545818329
0.011244439519941807
0.011924264952540398
0.0056435647420585155
0.0030627911910414696
0.0022836176212877035
0.0016906207893043756
0.0036338074132800102
0.003136588027700782
0.0163335669785738
0.0007563585531897843
0.007535163778811693
0.002255078172311187
0.006592424586415291
0.0020322981290519238
0.0006098916637711227
0.002698986791074276
0.0036505539901554585
0.0004468077386263758
0.005982718896120787
0.0007927496917545795
0.0015272318851202726
0.001502811093814671
0.016500957310199738
0.0008411388844251633
0.000902225379832089
0.012688378803431988
0.01038012932986021
0.012139514088630676
0.0004633506468962878
0.0036724393721669912
0.0011088185710832477
0.00161820522043854
0.0018527333158999681
0.0008659992599859834
0.01621415838599205
0.021383805200457573
0.008066214621067047
0.001679760403931141
0.0030613711569458246
0.0007672416977584362
0.0001547835418023169
0.0005460673710331321
0.004799815360456705
0.013296340592205524
0.007679072208702564
0.0023654585238546133
0.03102860413491726
0.006337034050375223
0.01625780388712883
0.0007774571422487497
0.013194777071475983
0.0004193467029836029
0.0040987697429955006
0.001450957148335874
0.0009619318298064172
0.0027285900432616472
0.004249600227922201
0.0002469960309099406
0.002624879591166973
0.024653354659676552
0.0018354753265157342
0.0010428035166114569
0.0009356482769362628
0.0016370663652196527
0.004966862965375185
0.0035498379729688168
0.01699104532599449
0.0021808124147355556
0.0011446464341133833
0.0017161194700747728
0.021768992766737938
0.0017447751015424728
0.0018222142243757844
0.0028235865756869316
0.0005845404230058193
0.0027475228998810053
0.015848848968744278
0.0010345855262130499
0.02747664414346218
0.0002466837759129703
0.005799468141049147
0.011861252598464489
0.0040763262659311295
0.04633910581469536
0.0005303765065036714
0.008398447185754776
0.005399187095463276
0.010139902122318745
0.00185199489351362
0.0016666174633428454
0.003345953766256571
0.008879182860255241
0.00014435092452913523
0.004118899814784527
0.000887950009200722
0.0011949539184570313
0.0035548631567507982
0.0055360253900289536
0.006037388928234577
0.004684853833168745
0.0006346773006953299
0.009470238350331783
0.0024061966687440872
0.0002520463021937758
0.000828205025754869
0.004829046782106161
0.0032465208787471056
0.0005437618237920105
0.0028328250627964735
0.022893603891134262
0.020742783322930336
0.001856549410149455
0.005494508892297745
0.026740171015262604
0.0009124689968302846
0.026412686333060265
0.0003323867858853191
0.0062938593327999115
0.010886034928262234
0.0003238947538193315
0.0006418395787477493
0.010743492282927036
0.012625639326870441
0.004526378121227026
0.03403151035308838
0.000507105141878128
0.0016558892093598843
0.004250240977853537
0.018371153622865677
0.004276342689990997
0.0012852692743763328
0.0017979081021621823
0.009873922914266586
0.017547329887747765
0.0073342956602573395
0.0023629004135727882
0.004376245196908712
0.05419562757015228
0.004142080899327993
0.0020953852217644453
0.024736758321523666
0.019868185743689537
0.0008131748181767762
0.017385752871632576
0.004057920537889004
0.00029635473038069904
0.006701576989144087
0.013224082067608833
0.03574751690030098
0.007087962236255407
0.03156992420554161
0.0427452027797699
0.008688355796039104
0.0006224084063433111
0.005314875394105911
0.0003386208263691515
0.005479209125041962
0.0005397376953624189
0.007982027716934681
0.038430266082286835
0.004566768184304237
0.002325840760022402
0.022446265444159508
0.0010451064445078373
0.016468752175569534
0.004032389726489782
0.001069089979864657
0.024200700223445892
0.0023022806271910667
0.0025472405832260847
0.00414382666349411
0.004748992156237364
0.0007577238138765097
0.00036857830127701163
0.004436058457940817
0.009282689541578293
0.0009670057916082442
0.004229169804602861
0.00447146687656641
0.022075513377785683
0.0030788506846874952
0.0034994909074157476
0.011070998385548592
0.008133205585181713
0.035566799342632294
0.027567977085709572
0.010505926795303822
0.02315904013812542
0.0006174716982059181
0.005689777433872223
0.0038509152363985777
0.007901684381067753
0.0012165310326963663
0.0489475317299366
0.0027890782803297043
0.0009348717285320163
0.028097521513700485
0.0008690788527019322
0.01591663807630539
0.01789078675210476
0.002123445738106966
0.013004112057387829
0.0023607981856912374
0.019010119140148163
0.00525480043143034
0.026890156790614128
0.006825125310570002
0.0022845284547656775
0.0007113416795618832
0.0019147812854498625
0.0010005702497437596
0.0022993404418230057
0.010169334709644318
0.03110036440193653
0.0004244245064910501
0.001211009337566793
0.0007228472386486828
0.0007656699162907898
0.04957710951566696
0.00643946323543787
0.0009488941286690533
0.027547206729650497
0.005050127860158682
0.0025160780642181635
0.01783956214785576
0.00012935134873259813
0.007220395375043154
0.006845912430435419
0.00786077231168747
0.007379176560789347
0.0013336007250472903
0.036876384168863297
0.009929179213941097
0.024637458845973015
0.034942373633384705
0.005903321783989668
0.0007161787361837924
0.003594948211684823
0.003141342895105481
0.006307690404355526
0.008220592513680458
0.00028851444949395955
0.004977020900696516
0.005549287889152765
0.004968234337866306
0.001995359780266881
0.006919981446117163
0.012168620713055134
0.003974952269345522
0.011546555906534195
0.0005093452055007219
0.01985239051282406
0.0017518758540973067
0.0033191365655511618
0.005468059331178665
0.0031165359541773796
0.028560062870383263
0.006815705914050341
0.0005593260284513235
0.02344672754406929
0.0004708601045422256
0.012734190560877323
0.02584795095026493
0.008895323611795902
0.0024340942036360502
0.008168434724211693
0.006506210658699274
0.0015525911003351212
0.0007720798603259027
0.0046174549497663975
0.015660744160413742
0.0005834324401803315
0.013927635736763477
0.005508435890078545
0.0016566365957260132
0.012433254159986973
0.019592680037021637
0.004136024508625269
0.0073179504834115505
0.03191434219479561
0.010150125250220299
0.005566349718719721
0.0033734061289578676
0.003295252565294504
0.00253357389010489
0.006748640444129705
0.0187777541577816
0.001291609718464315
0.0029547610320150852
0.00046791849308647215
0.01104615069925785
0.0005106754833832383
0.004878622479736805
0.0005344970268197358
0.002464910037815571
0.0009670498548075557
0.025589019060134888
0.00019405840430408716
0.0019231362966820598
0.04909152537584305
0.0027649151161313057
0.00047867215471342206
0.00905372854322195
0.008267777040600777
0.011280538514256477
0.005938999820500612
0.014895716682076454
0.0029674351681023836
0.01036922074854374
0.0011667823418974876
0.01691628247499466
0.004566332325339317
0.0018278348725289106
0.0004943421226926148
0.0066831535659730434
0.03270893171429634
0.00456636305898428
0.005557586904615164
0.0044395760633051395
0.013052953407168388
0.0006639666389673948
0.011883984319865704
0.0001192799027194269
0.03175797685980797
0.007265884429216385
0.011034407652914524
0.041595056653022766
0.04025593400001526
0.007155982777476311
0.011405866593122482
0.0026609166525304317
0.009352022781968117
0.0007407151279039681
0.017824862152338028
0.013236387632787228
0.0034252495970577
0.007205374538898468
0.01494777761399746
0.014428484253585339
0.012550768442451954
0.0018298110226169229
0.021431701257824898
0.0010314102983102202
0.0011281053302809596
0.0010208149906247854
0.03758524730801582
0.0006003842572681606
0.020626185461878777
0.004668520763516426
0.023882869631052017
0.002768631326034665
0.0007557471981272101
0.0040337578393518925
0.004863081965595484
0.0019696715753525496
0.011961732991039753
0.05637773498892784
0.0004611696058418602
0.0007682982832193375
0.006078566890209913
0.007564800791442394
0.00032438902417197824
0.001050573424436152
0.0019009907264262438
0.003903471864759922
0.006533814128488302
0.008227014914155006
0.002367253415286541
0.02037411741912365
0.008830433711409569
0.004174817819148302
0.032672859728336334
0.0009539164020679891
0.003574082627892494
0.01009948831051588
0.02386537566781044
0.024398265406489372
0.0008196813869290054
0.007670338731259108
0.0021895829122513533
0.053566090762615204
0.006313832476735115
0.0060392143204808235
0.00654840562492609
0.016234861686825752
0.0037336931563913822
0.019654041156172752
0.010053916834294796
0.002084053121507168
0.03109721839427948
0.020573116838932037
0.04336612671613693
0.0024135219864547253
0.003535341238602996
0.005593909416347742
0.00799234677106142
0.003790857968851924
0.01015462726354599
0.02070576883852482
0.010401838459074497
0.0018349126912653446
0.023540573194622993
0.007759289816021919
0.007812033407390118
0.0052441926673054695
0.012010203674435616
0.023613685742020607
0.00034537017927505076
0.0067827156744897366
0.02683718316257
0.004992120433598757
0.019448311999440193
0.007947850972414017
0.003819956909865141
0.0028079389594495296
0.007761494722217321
0.005269092041999102
0.00504488917067647
0.008627640083432198
0.005321742966771126
0.001364604802802205
0.04959770664572716
0.004399224184453487
0.0011870755115523934
0.014596246182918549
0.006882708519697189
0.01807512529194355
0.05085733160376549
0.00018569307576399297
0.005706299562007189
0.0034114534500986338
0.027034901082515717
0.005202201660722494
0.0025690924376249313
0.0015951954992488027
0.025848766788840294
0.004965056665241718
0.0035599996335804462
0.0028949244879186153
0.0016062128124758601
0.02087360993027687
0.036646515130996704
0.01039403211325407
0.0011470968602225184
0.0017738816095516086
0.042196933180093765
0.022861028090119362
0.001231214264407754
0.07621308416128159
0.0025096905883401632
0.01790068857371807
0.0020496135111898184
0.07145483791828156
0.0004271176876500249
0.0007009306573309004
0.017085205763578415
0.008158686570823193
0.011255020275712013
0.027474084869027138
0.10247322171926498
0.00937818456441164
0.0053177084773778915
0.0028385790064930916
0.010907559655606747
0.014122283086180687
0.007822380401194096
0.00006627516995649785
0.010121693834662437
0.04466932639479637
0.007669990882277489
0.002124522579833865
0.010059824213385582
0.0021616278681904078
0.002333442447707057
0.013768050819635391
0.009705867618322372
0.017554597929120064
0.0014632411766797304
0.0012941589811816812
0.005574085284024477
0.0012801969423890114
0.001782065723091364
0.016097014769911766
0.01001969538629055
0.003473504912108183
0.016794435679912567
0.0020565460436046124
0.020736029371619225
0.00810176320374012
0.028169287368655205
0.03127066045999527
0.001506471773609519
0.0025089564733207226
0.001995333004742861
0.0041410368867218494
0.00032077054493129253
0.03367026150226593
0.008199339732527733
0.0009567686938680708
0.028621841222047806
0.004032650031149387
0.0004040884377900511
0.008931265212595463
0.0027201517950743437
0.0013472845312207937
0.0012451257789507508
0.004314979072660208
0.04890178143978119
0.004885317757725716
0.015507589094340801
0.0019474156433716416
0.000180274379090406
0.0018609295366331935
0.006308396812528372
0.011761320754885674
0.0016683563590049744
0.003341870615258813
0.020070355385541916
0.000849689356982708
0.0019747226033359766
0.0017503806157037616
0.00645772460848093
0.02418196015059948
0.00046716630458831787
0.002210950246080756
0.003832468995824456
0.000368922803318128
0.024359222501516342
0.005616276524960995
0.0007264100131578743
0.008467447943985462
0.0007543020183220506
0.004455910064280033
0.0005019130185246468
0.015335170552134514
0.0012018902925774455
0.005350738763809204
0.013051824644207954
0.003145337337628007
0.003140049520879984
0.008516469970345497
0.007166181690990925
0.0020417559426277876
0.012237978167831898
0.01951722241938114
0.00392025476321578
0.003314661793410778
0.005656396970152855
0.004714904353022575
0.000953805516473949
0.0014786728424951434
0.0035956227220594883
0.002789725549519062
0.0014560873387381434
0.018599094823002815
0.016262207180261612
0.013275814242661
0.0037286316510289907
0.0024974800180643797
0.01575426757335663
0.002003841334953904
0.008712227456271648
0.012425483204424381
0.0007271596696227789
0.0013428167439997196
0.003383197821676731
0.00021318826475180686
0.011212542653083801
0.0018001246498897672
0.007451211102306843
0.01216953620314598
0.0013875607401132584
0.024235444143414497
0.0077071404084563255
0.005023390520364046
0.002208925550803542
0.004547429736703634
0.01576817035675049
0.0003929288068320602
0.0012129233218729496
0.009932867251336575
0.0004147128202021122
0.026044344529509544
0.0035594531800597906
0.029971741139888763
0.022640375420451164
0.005813712254166603
0.0207427479326725
0.004213426262140274
0.0022650668397545815
0.04877135157585144
0.0013950389111414552
0.00830715149641037
0.002721897792071104
0.013375956565141678
0.0008811974548734725
0.0003108948585577309
0.000989524065516889
0.0013879172038286924
0.0012304647825658321
0.00010454526636749506
0.0006762263365089893
0.015189513564109802
0.04333691671490669
0.0008903451380319893
0.01985340565443039
0.00035508046858012676
0.004061073996126652
0.0008051411132328212
0.01063449215143919
0.03302744776010513
0.00031719572143629193
0.004977235570549965
0.03327161446213722
0.018833544105291367
0.0016787269851192832
0.03831584006547928
0.001812882605008781
0.009608320891857147
0.012203047052025795
0.013339359313249588
0.024074599146842957
0.0006034108810126781
0.003773760050535202
0.003383692353963852
0.0021783276461064816
0.000498145935125649
0.004829529207199812
0.0004390743561089039
0.010526914149522781
0.0022666226141154766
0.004356225021183491
0.003677103901281953
0.004619849380105734
0.012206225655972958
0.0007917712209746242
0.008437725715339184
0.012579956091940403
0.001116742379963398
0.0005254049319773912
0.002722167642787099
0.0006905740010552108
0.003957130014896393
0.001721553155221045
0.009799335151910782
0.05681869015097618
0.007816503755748272
0.020785540342330933
0.0003872938978020102
0.026199577376246452
0.003226029220968485
0.015415686182677746
0.011027188040316105
0.009682067669928074
0.0005895257345400751
0.002156115835532546
0.0020696106366813183
0.005740087013691664
0.006875821854919195
0.009071516804397106
0.006870454177260399
0.01310027576982975
0.007483271416276693
0.00490468880161643
0.019454246386885643
0.0012630282435566187
0.002751888707280159
0.02836308814585209
0.0003632065490819514
0.05437648668885231
0.0026323585771024227
0.02499452233314514
0.016671372577548027
0.01265921350568533
0.006136327050626278
0.02778831124305725
0.000668887747451663
0.011941042728722095
0.012994564138352871
0.0015297025674954057
0.007185948081314564
0.009654972702264786
0.007093613967299461
0.0013832137919962406
0.03843099996447563
0.019467955455183983
0.01803627610206604
0.011592530645430088
0.0022147593554109335
0.012930789031088352
0.023781869560480118
0.009791892021894455
0.0014978499384596944
0.002713248133659363
0.0040773614309728146
0.00031590249272994697
0.00022693736536893994
0.012685607187449932
0.05498265102505684
0.0029679713770747185
0.012673147022724152
0.001041711657308042
0.03854813426733017
0.007576102390885353
0.0006620566127821803
0.0017731684492900968
0.0021488189231604338
0.013147937133908272
0.0003720128443092108
0.006583722773939371
0.0055402182042598724
0.0008747938554733992
0.030797194689512253
0.02274235524237156
0.00043730909237638116
0.0032681869342923164
0.009028448723256588
0.005914472509175539
0.028058063238859177
0.02213510125875473
0.01338720228523016
0.014174018986523151
0.008281487040221691
0.001680435030721128
0.032498568296432495
0.01309218630194664
0.007459326647222042
0.0017689167289063334
0.005273066461086273
0.010978566482663155
0.0002962475991807878
0.010032945312559605
0.0027017449028789997
0.009048163890838623
0.0004276139661669731
0.006316955666989088
0.0027149871457368135
0.033434268087148666
0.06117890775203705
0.0019048252142965794
0.03699655085802078
0.009661184623837471
0.0013994246255606413
0.011952567845582962
0.0012199209304526448
0.0026976766530424356
0.007699566427618265
0.0006850640056654811
0.0005741872591897845
0.008695675991475582
0.0029361050110310316
0.020096611231565475
0.0017052514012902975
0.0008389742579311132
0.00518465880304575
0.0015920914011076093
0.0008162109879776835
0.003367005381733179
0.002023890381678939
0.04896533489227295
0.019735753536224365
0.028966762125492096
0.006437464617192745
0.0017948438180610538
0.0001975837367353961
0.005519092082977295
0.005084027536213398
0.005251452326774597
0.011377728544175625
0.0028324630111455917
0.0009304971317760646
0.0004136717179790139
0.0013832224067300558
0.04502196982502937
0.0024531681556254625
0.00019924636580981314
0.02736220695078373
0.00880429893732071
0.0003433855890762061
0.051453277468681335
0.004311458673328161
0.02457079105079174
0.004269214812666178
0.025010721758008003
0.05400899052619934
0.0008530024206265807
0.007477399427443743
0.00560487387701869
0.0015306585701182485
0.018688611686229706
0.003297138726338744
0.0025246350560337305
0.0009964052587747574
0.0010547054698690772
0.0016085542738437653
0.00704838614910841
0.0009193174773827195
0.0017887769499793649
0.009901395067572594
0.0030707931146025658
0.006055373698472977
0.014466235414147377
0.005307901185005903
0.0016308266203850508
0.002135074231773615
0.012688912451267242
0.0030039881821721792
0.0034069023095071316
0.009151078760623932
0.0004950002767145634
0.00020860222866758704
0.006302169058471918
0.0009264033287763596
0.007580072619020939
0.004991679918020964
0.0002603621396701783
0.013160323724150658
0.0021214429289102554
0.023157110437750816
0.0185177531093359
0.008845608681440353
0.001781717874109745
0.013355301693081856
0.0013634390197694302
0.0076763262040913105
0.005487081129103899
0.010210097767412663
0.010710918344557285
0.0028523558285087347
0.004352983552962542
0.010778390802443027
0.008800076320767403
0.003621045034378767
0.0027560272719711065
0.026730354875326157
0.0027957791462540627
0.017357707023620605
0.0077752042561769485
0.0027882475405931473
0.016801873221993446
0.0005407232674770057
0.00034140085335820913
0.0032069552689790726
0.0017285279463976622
0.0012764162383973598
0.001025860314257443
0.0006792839267291129
0.03280459716916084
0.014802847988903522
0.0022791677620261908
0.00337300356477499
0.006279930006712675
0.003150324337184429
0.018229424953460693
0.0011002181563526392
0.0014099343679845333
0.008013314567506313
0.002308521419763565
0.009424472227692604
0.0005471531767398119
0.002002217574045062
0.028758851811289787
0.0012167089153081179
0.0010990389855578542
0.004818221088498831
0.0032582280691713095
0.0002241472975583747
0.006802067160606384
0.0025118482299149036
0.019244203343987465
0.030947888270020485
0.0021386053413152695
0.005830100271850824
0.00032912136521190405
0.01190494280308485
0.022152425721287727
0.00027542831958271563
0.0007145949057303369
0.009147942997515202
0.06780015677213669
0.0031562247313559055
0.01087974850088358
0.0031347046606242657
0.0026343700010329485
0.0011921393452212214
0.041946545243263245
0.02381293848156929
0.0034129011910408735
0.013335616327822208
0.00014627895143348724
0.03634117916226387
0.0664016380906105
0.01369191613048315
0.00011765192175516859
0.03764163330197334
0.0009488172363489866
0.0013607358559966087
0.00272086588665843
0.0013102637603878975
0.009441431611776352
0.012184959836304188
0.02672082558274269
0.004041100852191448
0.020010139793157578
0.0410945825278759
0.00769347557798028
0.007767878472805023
0.0011492231860756874
0.0023343670181930065
0.0037745418958365917
0.011018224991858006
0.0008273030398413539
0.0034670333843678236
0.0172685906291008
0.0010096916230395436
0.02698567509651184
0.004989713430404663
0.00041367363883182406
0.05476666986942291
0.0002943123399745673
0.000664170365780592
0.002428120467811823
0.016436830163002014
0.0015243254601955414
0.006694233976304531
0.00846299808472395
0.021684609353542328
0.0035844771191477776
0.018162446096539497
0.005496153142303228
0.0020672986283898354
0.004288554657250643
0.00042239195317961276
0.017450734972953796
0.0038810940459370613
0.004090679809451103
0.003830111352726817
0.006901448126882315
0.0002805288531817496
0.012347405776381493
0.002335297642275691
0.0021443143486976624
0.02786962129175663
0.0010930614080280066
0.0003668265126179904
0.0037806909531354904
0.02436545304954052
0.01591056026518345
0.008116502314805984
0.003225404303520918
0.0015573786804452538
0.002143902238458395
0.0357048436999321
0.0021320777013897896
0.0014105412410572171
0.0046025910414755344
0.0021632907446473837
0.0016815464477986097
0.0006603025831282139
0.0015910872025415301
0.0037431332748383284
0.005461975932121277
0.0012428765185177326
0.019514771178364754
0.03177681192755699
0.001068594167008996
0.00891433097422123
0.012633544392883778
0.024722134694457054
0.001186767010949552
0.010650042444467545
0.008505545556545258
0.004236212931573391
0.0037025741767138243
0.005234254989773035
0.008180893957614899
0.000543267116881907
0.009877576492726803
0.0009895507246255875
0.001273718778975308
0.002563993912190199
0.01581193320453167
0.0018020509742200375
0.004867354407906532
0.015666088089346886
0.004984718747437
0.0008635486592538655
0.001781707163900137
0.003948778845369816
0.023910660296678543
0.010169831104576588
0.01278422586619854
0.01721641793847084
0.0022099672351032495
0.003189255716279149
0.001815405790694058
0.0023097912780940533
0.011800423264503479
0.0009036438423208892
0.01197136752307415
0.04164258763194084
0.0026672370731830597
0.0022636770736426115
0.003979359287768602
0.03288901969790459
0.01033460907638073
0.012961117550730705
0.0014521280536428094
0.005307013634592295
0.00007450695557054132
0.01198996976017952
0.0146735068410635
0.0034739268012344837
0.01879291608929634
0.006307544652372599
0.002824517199769616
0.0007848136010579765
0.01856272853910923
0.0021512419916689396
0.0013295115204527974
0.013591687195003033
0.00414598174393177
0.005395743530243635
0.0009508119546808302
0.005860185716301203
0.017527760937809944
0.002423488534986973
0.03627484664320946
0.003052391577512026
0.0030690389685332775
0.015816621482372284
0.006613150238990784
0.0008171774679794908
0.0045177205465734005
0.0022786599583923817
0.008445865474641323
0.0019722869619727135
0.024097878485918045
0.0067144432105124
0.020377863198518753
0.0009985401993617415
0.0008382937521673739
0.006650581490248442
0.0002002419496420771
0.01573490910232067
0.01470981165766716
0.014061925001442432
0.008713925257325172
0.06217440217733383
0.008865217678248882
0.016058893874287605
0.019209017977118492
0.0007353521068580449
0.04268325865268707
0.000461261544842273
0.03269370645284653
0.0012391154887154698
0.05741962045431137
0.009203126654028893
0.02239256352186203
0.0030175382271409035
0.020748956128954887
0.01849966123700142
0.016053305938839912
0.040967632085084915
0.007676605600863695
0.0003813771181739867
0.008282080292701721
0.0044577233493328094
0.0005843963590450585
0.04165162146091461
0.01905793882906437
0.002256358042359352
0.015918102115392685
0.036035120487213135
0.09321867674589157
0.0019358830759301782
0.00948981661349535
0.001015460817143321
0.012573590502142906
0.0065644606947898865
0.005272912327200174
0.0008379476494155824
0.014869374223053455
0.0021562818437814713
0.002223568968474865
0.012312491424381733
0.003945100586861372
0.012746568769216537
0.01801050268113613
0.009212645702064037
0.001434565638191998
0.0047632367350161076
0.003661439986899495
0.025181911885738373
0.000660229823552072
0.02496805042028427
0.007718907203525305
0.00024134710838552564
0.010424533858895302
0.0005816405755467713
0.01794561557471752
0.0043162573128938675
0.004295208025723696
0.0029715984128415585
0.012925558723509312
0.003002821933478117
0.001292815082706511
0.006670646369457245
0.005099043250083923
0.020149031654000282
0.0011051787296310067
0.0016536740586161613
0.012487219646573067
0.001744407694786787
0.007289031520485878
0.027036556974053383
0.003520162543281913
0.02491036430001259
0.0008231153478845954
0.05491895228624344
0.001727021997794509
0.00906204804778099
0.002494935877621174
0.0033612868282943964
0.0028695440851151943
0.003087874734774232
0.005423483904451132
0.001995478058233857
0.007996146567165852
0.0002785401593428105
0.0219317227602005
0.009381487034261227
0.0019026577938348055
0.00042696346645243466
0.0009364738361909986
0.0011917870724573731
0.0031192279420793056
