0.24163952469825745
0.18408413231372833
0.25798115134239197
0.2260439395904541
0.30583056807518005
0.1503446251153946
0.3361920416355133
0.3282111585140228
0.18904602527618408
0.19878022372722626
0.07793337106704712
0.18794333934783936
0.22383777797222137
0.11610918492078781
0.13074253499507904
0.22173011302947998
0.13024882972240448
0.14228323101997375
0.1840645670890808
0.2655469477176666
0.33431899547576904
0.126280277967453
0.20557817816734314
0.12343315780162811
0.2652846872806549
0.271684467792511
0.19654759764671326
0.3081854283809662
0.24544574320316315
0.20354339480400085
0.29363471269607544
0.16928993165493011
0.20835143327713013
0.24703152477741241
0.12812304496765137
0.17256489396095276
0.256671279668808
0.15550602972507477
0.22342003881931305
0.09337038546800613
0.34965965151786804
0.30307748913764954
0.2809128761291504
0.1747266799211502
0.2145383059978485
0.31432920694351196
0.37706658244132996
0.14757925271987915
0.08475910127162933
0.14982987940311432
0.20257152616977692
0.1625823825597763
0.3013648986816406
0.18726296722888947
0.2142309546470642
0.2394808977842331
0.21987852454185486
0.21173420548439026
0.11746104806661606
0.239359050989151
0.22084324061870575
0.179681658744812
0.14487087726593018
0.22387252748012543
0.11091350018978119
0.19791963696479797
0.13021676242351532
0.27222082018852234
0.17276017367839813
0.16476628184318542
0.10390520095825195
0.19165873527526855
0.16793325543403625
0.16020795702934265
0.17463040351867676
0.20503361523151398
0.3595797121524811
0.0993601381778717
0.24567119777202606
0.3955848217010498
0.14376665651798248
0.0913224071264267
0.14636747539043427
0.3302854597568512
0.19275210797786713
0.11016663908958435
0.20722433924674988
0.15916971862316132
0.1444178819656372
0.21206556260585785
0.1664605438709259
0.2947854995727539
0.1103677749633789
0.1432594358921051
0.24286241829395294
0.18284699320793152
0.2131006121635437
0.1680777370929718
0.22306200861930847
0.20999324321746826
0.09026260673999786
0.2584649920463562
0.20987462997436523
0.2482554167509079
0.16884329915046692
0.2441505491733551
0.43551141023635864
0.28543412685394287
0.07908252626657486
0.24095433950424194
0.27755722403526306
0.18834823369979858
0.35370391607284546
0.312422513961792
0.21606799960136414
0.30704253911972046
0.3542208969593048
0.32117146253585815
0.24425236880779266
0.2068471759557724
0.20615291595458984
0.29476431012153625
0.07224258780479431
0.14246267080307007
0.3344556391239166
0.15852658450603485
0.06867007166147232
0.07153952121734619
0.33755701780319214
0.18512749671936035
0.21949248015880585
0.11360052973031998
0.2787873446941376
0.20109140872955322
0.2643275856971741
0.21529264748096466
0.25499171018600464
0.09411901235580444
0.26601889729499817
0.18835137784481049
0.212364062666893
0.20671609044075012
0.19808238744735718
0.18444417417049408
0.1488875150680542
0.25617703795433044
0.28676459193229675
0.0928448736667633
0.14735166728496552
0.5240572690963745
0.12209465354681015
0.2464742660522461
0.19930021464824677
0.11969635635614395
0.1731591820716858
0.12929557263851166
0.27697116136550903
0.42647063732147217
0.11409412324428558
0.09007356315851212
0.22687003016471863
0.11145301163196564
0.19147542119026184
0.12184735387563705
0.2552917003631592
0.18579211831092834
0.11096728593111038
0.3383423388004303
0.14622944593429565
0.4618256092071533
0.27750518918037415
0.1836462765932083
0.057059090584516525
0.24612906575202942
0.28293776512145996
0.2669394016265869
0.12180448323488235
0.198182612657547
0.2431122213602066
0.26239505410194397
0.1596188098192215
0.2741817235946655
0.15292921662330627
0.21355368196964264
0.23675167560577393
0.2941136658191681
0.07371550053358078
0.10495085269212723
0.12299193441867828
0.18441888689994812
0.09513109177350998
0.2119748890399933
0.3885962963104248
0.23152786493301392
0.22091048955917358
0.3136325180530548
0.1868085265159607
0.229244202375412
0.1668962687253952
0.0799182876944542
0.16363754868507385
0.26164567470550537
0.14179538190364838
0.17351177334785461
0.20115727186203003
0.1853247433900833
0.18810932338237762
0.20366817712783813
0.11399444937705994
0.31218644976615906
0.2078590840101242
0.21431013941764832
0.46526265144348145
0.35794365406036377
0.29087120294570923
0.11442813277244568
0.13488537073135376
0.1813863068819046
0.5198954939842224
0.427511990070343
0.35974186658859253
0.1843276470899582
0.2022104561328888
0.1832091510295868
0.41018572449684143
0.2651275098323822
0.19505755603313446
0.15241561830043793
0.1388799548149109
0.1630825251340866
0.27543872594833374
0.17990922927856445
0.19424842298030853
0.14100930094718933
0.2742998003959656
0.11558408290147781
0.08396365493535995
0.0807320699095726
0.20585228502750397
0.30911529064178467
0.23219479620456696
0.20449373126029968
0.37738728523254395
0.2521914839744568
0.3531990051269531
0.13499382138252258
0.08865786343812943
0.19568778574466705
0.3623029589653015
0.17751528322696686
0.3414715826511383
0.15423907339572906
0.12494006752967834
0.22731997072696686
0.399297833442688
0.24559003114700317
0.1785748451948166
0.239181786775589
0.28016218543052673
0.0933450311422348
0.24581784009933472
0.23042720556259155
0.18112295866012573
0.09650945663452148
0.2218559831380844
0.229576975107193
0.14998650550842285
0.09781669825315475
0.3685406446456909
0.23941980302333832
0.529792845249176
0.3555825352668762
0.14066122472286224
0.42076990008354187
0.20642521977424622
0.1915869116783142
0.21160389482975006
0.2015800029039383
0.3967108726501465
0.1456640660762787
0.2915947437286377
0.17405976355075836
0.19288380444049835
0.2321053445339203
0.214997798204422
0.19637875258922577
0.25248193740844727
0.23814621567726135
0.415150910615921
0.2350817620754242
0.1561507284641266
0.33971139788627625
0.12413088232278824
0.3005927801132202
0.1421966850757599
0.20831643044948578
0.23239551484584808
0.09412451833486557
0.2537548542022705
0.19371964037418365
0.16749733686447144
0.2448822408914566
0.22548186779022217
0.11394372582435608
0.1949024200439453
0.10500302165746689
0.143050417304039
0.046395573765039444
0.21670569479465485
0.20028339326381683
0.11752954870462418
0.25191769003868103
0.0669528916478157
0.12344945222139359
0.12315546721220016
0.21430261433124542
0.22023041546344757
0.1271245777606964
0.17247600853443146
0.23185278475284576
0.19122496247291565
0.1696566343307495
0.11042470484972
0.24573726952075958
0.08830567449331284
0.16586445271968842
0.3075712323188782
0.23637312650680542
0.28861626982688904
0.14390215277671814
0.1610344648361206
0.4430198073387146
0.16136513650417328
0.20132306218147278
0.16053323447704315
0.2723768353462219
0.40513843297958374
0.2970598340034485
0.15936003625392914
0.3183097243309021
0.1927831470966339
0.1812514364719391
0.2973296046257019
0.30689701437950134
0.3628944456577301
0.25616204738616943
0.3701103925704956
0.22187422215938568
0.24531038105487823
0.2059682160615921
0.2521333694458008
0.1804339587688446
0.15620757639408112
0.17003749310970306
0.25799980759620667
0.10616938769817352
0.17601576447486877
0.05616307258605957
0.37999796867370605
0.2382456213235855
0.3439505994319916
0.16667644679546356
0.1414480358362198
0.2402646839618683
0.23308715224266052
0.1914166510105133
0.10436396300792694
0.198496013879776
0.2661842107772827
0.19232581555843353
0.3430883288383484
0.16777746379375458
0.2922576367855072
0.18724952638149261
0.1850932389497757
0.18212738633155823
0.12710382044315338
0.41983744502067566
0.25306522846221924
0.2962634861469269
0.11386247724294662
0.16844524443149567
0.34560060501098633
0.27915000915527344
0.3061736226081848
0.1612449288368225
0.13811905682086945
0.32388171553611755
0.3398353159427643
0.19587072730064392
0.13550522923469543
0.2428036481142044
0.1505388766527176
0.20396699011325836
0.2963182032108307
0.2526737153530121
0.3806649148464203
0.0798555463552475
0.1669076532125473
0.25955429673194885
0.23912130296230316
0.2093772441148758
0.12462671101093292
0.12971577048301697
0.15555667877197266
0.21903161704540253
0.13607481122016907
0.3271772861480713
0.1600690335035324
0.33685213327407837
0.1979101002216339
0.15939302742481232
0.2569921612739563
0.24844790995121002
0.3198620676994324
0.21777647733688354
0.13503146171569824
0.15361875295639038
0.16673941910266876
0.20444491505622864
0.16137242317199707
0.1699073314666748
0.17772310972213745
0.1583552062511444
0.23500218987464905
0.20000535249710083
0.17749100923538208
0.24605698883533478
0.26619094610214233
0.12190808355808258
0.11267037689685822
0.17308610677719116
0.18233036994934082
0.17423316836357117
0.2711165249347687
0.18081259727478027
0.17142531275749207
0.31338077783584595
0.3759579360485077
0.29384756088256836
0.3002997636795044
0.2130006104707718
0.12878601253032684
0.1435825675725937
0.10232596844434738
0.1798577755689621
0.27765458822250366
0.2907812297344208
0.08897843211889267
0.2070140242576599
0.17260850965976715
0.15362858772277832
0.31238439679145813
0.05777326226234436
0.12739500403404236
0.12538543343544006
0.2991981506347656
0.21945513784885406
0.30267319083213806
0.29644301533699036
0.16383172571659088
0.10216885805130005
0.24602650105953217
0.1262885183095932
0.13928872346878052
0.20334455370903015
0.23578914999961853
0.31741660833358765
0.18628528714179993
0.13541367650032043
0.1670697033405304
0.18153920769691467
0.21001233160495758
0.47680410742759705
0.4385737478733063
0.13165931403636932
0.26255449652671814
0.33633890748023987
0.2674078643321991
0.2806221842765808
0.2448456883430481
0.130339577794075
0.26893797516822815
0.250823438167572
0.23396731913089752
0.138886958360672
0.31632766127586365
0.20533065497875214
0.2887575626373291
0.2755381762981415
0.08947975188493729
0.12426704168319702
0.16246387362480164
0.17381404340267181
0.09685949236154556
0.07786992937326431
0.1533905267715454
0.12454410642385483
0.14628949761390686
0.24184906482696533
0.26588016748428345
0.20271413028240204
0.19577288627624512
0.18182237446308136
0.2672882676124573
0.10133381932973862
0.25708186626434326
0.1573987901210785
0.22806186974048615
0.18196123838424683
0.16906653344631195
0.2956807315349579
0.1542380154132843
0.24362018704414368
0.15908274054527283
0.20134729146957397
0.18564875423908234
0.22620423138141632
0.14776626229286194
0.202498659491539
0.16289931535720825
0.16281816363334656
0.1867603212594986
0.24984271824359894
0.18374472856521606
0.2021295726299286
0.29085975885391235
0.12386167049407959
0.21151967346668243
0.12147628515958786
0.13396576046943665
0.1549123078584671
0.0837479904294014
0.12395215779542923
0.14097584784030914
0.19137023389339447
0.2095862179994583
0.3496454060077667
0.34735777974128723
0.17748363316059113
0.3388140797615051
0.31618988513946533
0.18022136390209198
0.28781598806381226
0.2072945237159729
0.3378283977508545
0.2034871131181717
0.20266349613666534
0.11819373816251755
0.14734089374542236
0.17105317115783691
0.13458319008350372
0.21048703789710999
0.22209689021110535
0.10247623175382614
0.08819218724966049
0.16388408839702606
0.18247896432876587
0.1300193816423416
0.24757659435272217
0.29878512024879456
0.29614344239234924
0.2461414486169815
0.29220324754714966
0.17139585316181183
0.1350664347410202
0.10892928391695023
0.13467568159103394
0.3985441029071808
0.11618246138095856
0.1788814216852188
0.22101658582687378
0.07140717655420303
0.23429721593856812
0.07595609873533249
0.27285054326057434
0.40811875462532043
0.14949436485767365
0.31731992959976196
0.23934385180473328
0.2943330705165863
0.1711285561323166
0.24031756818294525
0.14109882712364197
0.2823573648929596
0.1931867152452469
0.26012736558914185
0.2005174160003662
0.30687233805656433
0.24532374739646912
0.1310703158378601
0.27415239810943604
0.2805359959602356
0.24974404275417328
0.156785786151886
0.16492433845996857
0.23250167071819305
0.40401536226272583
0.10657250136137009
0.2421143651008606
0.18047624826431274
0.16060605645179749
0.41041621565818787
0.18444710969924927
0.13535387814044952
0.16814635694026947
0.3166297972202301
0.25344130396842957
0.15973974764347076
0.25036659836769104
0.271358847618103
0.30068379640579224
0.1131739467382431
0.17808380722999573
0.13469019532203674
0.1604667752981186
0.12767717242240906
0.19528867304325104
0.27026423811912537
0.1736150085926056
0.12409930676221848
0.17121753096580505
0.23243609070777893
0.22605910897254944
0.18059372901916504
0.1944587379693985
0.10500340908765793
0.10765964537858963
0.17064283788204193
0.19500939548015594
0.18078023195266724
0.1798800528049469
0.239861398935318
0.12181943655014038
0.31844574213027954
0.21446192264556885
0.12894165515899658
0.20041607320308685
0.18405622243881226
0.16107553243637085
0.13382847607135773
0.2271418571472168
0.12825369834899902
0.16955530643463135
0.15689073503017426
0.29622602462768555
0.15900613367557526
0.12676945328712463
0.20190607011318207
0.1443108469247818
0.08604326099157333
0.13723355531692505
0.3052220046520233
0.41302746534347534
0.1692308485507965
0.07819005101919174
0.1999356746673584
0.1493084877729416
0.2165856808423996
0.15508389472961426
0.1686878353357315
0.3598281443119049
0.15292049944400787
0.09893715381622314
0.14020958542823792
0.38928383588790894
0.19868429005146027
0.17871491611003876
0.12095683813095093
0.29270151257514954
0.2239350974559784
0.144741952419281
0.08889101445674896
0.258507639169693
0.1984999030828476
0.31939080357551575
0.21668171882629395
0.1696898490190506
0.4083952009677887
0.33646026253700256
0.13322710990905762
0.1294706016778946
0.26338303089141846
0.1101759746670723
0.18867848813533783
0.3780527710914612
0.35153359174728394
0.1173950657248497
0.13869620859622955
0.17408770322799683
0.14031654596328735
0.13458769023418427
0.234847292304039
0.25243884325027466
0.2296910583972931
0.14100238680839539
0.2815188467502594
0.2344232201576233
0.2778726816177368
0.36030861735343933
0.21435093879699707
0.13497614860534668
0.26554030179977417
0.3612058758735657
0.20384721457958221
0.20759068429470062
0.32121017575263977
0.25347036123275757
0.20400890707969666
0.2086670994758606
0.3652040660381317
0.0776476338505745
0.21875131130218506
0.3000944256782532
0.27705368399620056
0.28173506259918213
0.21284975111484528
0.34478282928466797
0.5763866305351257
0.16801275312900543
0.16435666382312775
0.22104695439338684
0.1981104165315628
0.13062113523483276
0.22327721118927002
0.1616276502609253
0.1376143842935562
0.16951903700828552
0.19726669788360596
0.07645236700773239
0.32078540325164795
0.12791509926319122
0.17365501821041107
0.07979398220777512
0.13253732025623322
0.21081312000751495
0.11086143553256989
0.2406534105539322
0.3423561155796051
0.18917690217494965
0.11213499307632446
0.20027948915958405
0.32919222116470337
0.18438968062400818
0.2934510111808777
0.27560675144195557
0.22300928831100464
0.2765774726867676
0.10639416426420212
0.1149151474237442
0.1403365582227707
0.12613573670387268
0.15834276378154755
0.17528767883777618
0.21468210220336914
0.3224717080593109
0.15357689559459686
0.13730086386203766
0.15600746870040894
0.28654980659484863
0.1570477932691574
0.2884875237941742
0.3418750762939453
0.33719390630722046
0.1282864809036255
0.10514155775308609
0.08516599237918854
0.1952216625213623
0.24557942152023315
0.3513094484806061
0.13137774169445038
0.11050242185592651
0.22757437825202942
0.2712734043598175
0.18859416246414185
0.17929279804229736
0.158409982919693
0.1426556259393692
0.25035324692726135
0.17945829033851624
0.2308526635169983
0.15638279914855957
0.2640461027622223
0.35200777649879456
0.09102578461170197
0.1992524266242981
0.17072656750679016
0.27711233496665955
0.08760244399309158
0.26289331912994385
0.19220119714736938
0.16676872968673706
0.29854416847229004
0.18405313789844513
0.17161783576011658
0.3027084469795227
0.20528802275657654
0.21704652905464172
0.19371549785137177
0.19002245366573334
0.17165476083755493
0.2053907960653305
0.218858003616333
0.24979928135871887
0.29782846570014954
0.17562979459762573
0.13136747479438782
0.2910829186439514
0.13832992315292358
0.3670618534088135
0.20034337043762207
0.10658548772335052
0.17350514233112335
0.17662927508354187
0.24520811438560486
0.28293851017951965
0.1979360431432724
0.17385438084602356
0.30395644903182983
0.5571608543395996
0.20306243002414703
0.2723366618156433
0.12478805333375931
0.10690949857234955
0.2107028216123581
0.07657797634601593
0.21047623455524445
0.12215138226747513
0.204406276345253
0.33329352736473083
0.39669036865234375
0.1891685128211975
0.10186544060707092
0.2895027995109558
0.16502362489700317
0.15037165582180023
0.1409897655248642
0.21363602578639984
0.16025963425636292
0.12294703722000122
0.21362780034542084
0.17256414890289307
0.20439201593399048
0.14161400496959686
0.15604236721992493
0.20840434730052948
0.13183839619159698
0.1377018839120865
0.1899828463792801
0.09370914101600647
0.23123450577259064
0.09571249037981033
0.24169577658176422
0.12275101244449615
0.29214566946029663
0.2491549253463745
0.19796648621559143
0.1383253037929535
0.20586693286895752
0.40932613611221313
0.09425999969244003
0.4841824769973755
0.1791956126689911
0.2141677439212799
0.31341516971588135
0.1650952249765396
0.4357055425643921
0.3026912212371826
0.20092003047466278
0.27668875455856323
0.24474962055683136
0.26295459270477295
0.1665065437555313
0.229372039437294
0.11524190753698349
0.18698346614837646
0.17974022030830383
0.134257510304451
0.19966500997543335
0.18914034962654114
0.24674206972122192
0.11792970448732376
0.18166927993297577
0.2300800085067749
0.16905516386032104
0.1838502138853073
0.19722120463848114
0.11208492517471313
0.09931137412786484
0.2548550069332123
0.2861988842487335
0.20552831888198853
0.2619878053665161
0.09728920459747314
0.19226481020450592
0.13583150506019592
0.19609412550926208
0.40967118740081787
0.15938800573349
0.1351660043001175
0.21149112284183502
0.3197835087776184
0.09490105509757996
0.23535171151161194
0.14858919382095337
0.204934224486351
0.1664140224456787
0.18355844914913177
0.22113358974456787
0.372648149728775
0.10476235300302505
0.3477502167224884
0.12804533541202545
0.14632782340049744
0.18867279589176178
0.11048215627670288
0.23779955506324768
0.06898612529039383
0.16106794774532318
0.11565417051315308
0.31459784507751465
0.12079653888940811
0.18991228938102722
0.18156740069389343
0.20140837132930756
0.0821499228477478
0.048175010830163956
0.11532776802778244
0.1662352830171585
0.18694579601287842
0.26010408997535706
0.5533000230789185
0.2502860128879547
0.12503480911254883
0.2676844894886017
0.17901165783405304
0.17666268348693848
0.41095778346061707
0.33150821924209595
0.2204609215259552
0.20422352850437164
0.1444685459136963
0.21541811525821686
0.2870815098285675
0.17643941938877106
0.15466515719890594
0.14480075240135193
0.19532093405723572
0.0887661874294281
0.14976760745048523
0.11685923486948013
0.1813516616821289
0.18625472486019135
0.15378569066524506
0.45027703046798706
0.14143028855323792
0.2521092891693115
0.18501654267311096
0.2742447257041931
0.14824430644512177
0.17670734226703644
0.2107355147600174
0.23020054399967194
0.21446743607521057
0.3143112063407898
0.1906789392232895
0.16244781017303467
0.21459951996803284
0.17873887717723846
0.16858480870723724
0.14496435225009918
0.21492472290992737
0.37435978651046753
0.226213738322258
0.4058825671672821
0.25510653853416443
0.24860219657421112
0.2439824789762497
0.13071930408477783
0.2511386573314667
0.19473157823085785
0.13594824075698853
0.272447407245636
0.10102508962154388
0.1574023962020874
0.2606320083141327
0.2407483011484146
0.11145786941051483
0.21332308650016785
0.1542605608701706
0.13480986654758453
0.22455325722694397
0.14451301097869873
0.2694924771785736
0.20077306032180786
0.10138454288244247
0.1397034227848053
0.24556559324264526
0.2564549446105957
0.1589965969324112
0.13729798793792725
0.05678405985236168
0.13665138185024261
0.26595455408096313
0.1169239729642868
0.16358289122581482
0.241551011800766
0.23022568225860596
0.15438415110111237
0.2724245488643646
0.26253923773765564
0.1779005527496338
0.08986536413431168
0.16218596696853638
0.056438617408275604
0.34396278858184814
0.1924513876438141
0.09486470371484756
0.39294740557670593
0.29631614685058594
0.29804784059524536
0.2256569117307663
0.17890611290931702
0.17174690961837769
0.37869781255722046
0.2941862642765045
0.1935904622077942
0.07891679555177689
0.3043171465396881
0.1743089109659195
0.09066502749919891
0.286123126745224
0.1879526525735855
0.48114725947380066
0.206382617354393
0.23620648682117462
0.20344232022762299
0.26202821731567383
0.18915489315986633
0.25423988699913025
0.19703277945518494
0.15679670870304108
0.3713531196117401
0.25695380568504333
0.29860296845436096
0.25352245569229126
0.1851208209991455
0.12019709497690201
0.14537468552589417
0.15807411074638367
0.20773136615753174
0.33031266927719116
0.16950774192810059
0.266763299703598
0.19833090901374817
0.24890866875648499
0.17237545549869537
0.08368828892707825
0.20469115674495697
0.20305830240249634
0.16986700892448425
0.19124631583690643
0.13345220685005188
0.13061867654323578
0.056268855929374695
0.18843820691108704
0.1280992478132248
0.2662830650806427
0.289634108543396
0.20740827918052673
0.33722469210624695
0.32016709446907043
0.11573683470487595
0.09602239727973938
0.1740618646144867
0.1629176139831543
0.3669748604297638
0.21260477602481842
0.19795788824558258
0.20347005128860474
0.16020244359970093
0.23424352705478668
0.17290958762168884
0.0906432569026947
0.19309289753437042
0.2331991046667099
0.24220937490463257
0.21750402450561523
0.11512359231710434
0.1608705222606659
0.2059589922428131
0.34752458333969116
0.36461251974105835
0.2500273287296295
0.28111714124679565
0.28917139768600464
0.14294010400772095
0.27303868532180786
0.12277156114578247
0.2659059464931488
0.31530022621154785
0.13046382367610931
0.055933307856321335
0.12502290308475494
0.22320596873760223
0.2282261997461319
0.1927151083946228
0.17684289813041687
0.09701012820005417
0.17759191989898682
0.21507182717323303
0.1041518971323967
0.2580725848674774
0.14328119158744812
0.15266822278499603
0.2502361536026001
0.1693902462720871
0.23174729943275452
0.10789347440004349
0.18284602463245392
0.20271897315979004
0.29604703187942505
0.3108154833316803
0.33270972967147827
0.22161182761192322
0.2953840494155884
0.0698399767279625
0.2139536291360855
0.21888287365436554
0.19955284893512726
0.252521276473999
0.32397469878196716
0.1218431368470192
0.1441788524389267
0.1773654669523239
0.35930335521698
0.11236768960952759
0.30416804552078247
0.3263063132762909
0.19640468060970306
0.1446407288312912
0.2377769649028778
0.07456685602664948
0.37516123056411743
0.19434334337711334
0.2398936003446579
0.18902842700481415
0.11841166019439697
0.2362523376941681
0.0750642642378807
0.21111492812633514
0.23531031608581543
0.21458105742931366
0.2121402770280838
0.15408369898796082
0.23382312059402466
0.164932981133461
0.28575485944747925
0.10650606453418732
0.4372289776802063
0.1103677749633789
0.37525755167007446
0.19974981248378754
0.15354619920253754
0.16796839237213135
0.2626064419746399
0.08129774779081345
0.16482433676719666
0.24279680848121643
0.2521280348300934
0.2685050070285797
0.12903040647506714
0.2970333695411682
0.17592468857765198
0.19007451832294464
0.11922834068536758
0.1676289439201355
0.24616344273090363
0.1200140118598938
0.3002161681652069
0.26573070883750916
0.1537240594625473
0.16668440401554108
0.13860613107681274
0.22429503500461578
0.19258444011211395
0.2636585235595703
0.19296230375766754
0.20087923109531403
0.1274392306804657
0.176665797829628
0.07130131125450134
0.17999505996704102
0.1353180855512619
0.2665492296218872
0.46825283765792847
0.28376516699790955
0.19280830025672913
0.12778176367282867
0.16769620776176453
0.1854652762413025
0.08514213562011719
0.14809727668762207
0.39233142137527466
0.11055329442024231
0.24752900004386902
0.18437108397483826
0.2855151295661926
0.20873430371284485
0.36935627460479736
0.19557078182697296
0.2864346206188202
0.34606239199638367
0.21991218626499176
0.16695630550384521
0.15193015336990356
0.2562010884284973
0.2241813838481903
0.2782438397407532
0.1710013598203659
0.2478848248720169
0.3056822419166565
0.3460179269313812
0.2570251524448395
0.20311057567596436
0.27600541710853577
0.20642225444316864
0.17192251980304718
0.29358136653900146
0.13322408497333527
0.3435990810394287
0.13303454220294952
0.23428256809711456
0.11670581251382828
0.31176772713661194
0.25364232063293457
0.07526110112667084
0.19108322262763977
0.0751257836818695
0.08348385244607925
0.2783501148223877
0.34173107147216797
0.19318027794361115
0.27776089310646057
0.11040322482585907
0.2433001548051834
0.22585363686084747
0.2411135733127594
0.2965889573097229
0.11221795529127121
0.17734979093074799
0.24314948916435242
0.3794471323490143
0.197712704539299
0.24339446425437927
0.07584469765424728
0.2223663628101349
0.16503849625587463
0.17264452576637268
0.19388973712921143
0.27848222851753235
0.10136078298091888
0.05260247364640236
0.20830313861370087
0.176254004240036
0.21358409523963928
0.3064906895160675
0.27305886149406433
0.23328332602977753
0.23317378759384155
0.11757100373506546
0.3040247857570648
0.09958325326442719
0.2750042676925659
0.12849180400371552
0.34340131282806396
0.23250359296798706
0.11620519310235977
0.22552891075611115
0.21954688429832458
0.13558542728424072
0.16126306354999542
0.14332278072834015
0.12842603027820587
0.48509812355041504
0.1133677139878273
0.3026699423789978
0.2453012764453888
0.21953468024730682
0.2408476322889328
0.1841241866350174
0.13822109997272491
0.17556792497634888
0.19770172238349915
0.16264042258262634
0.06922382116317749
0.29252395033836365
0.18174171447753906
0.2449854165315628
0.12695246934890747
0.186255544424057
0.2385280877351761
0.3876436650753021
0.21653065085411072
0.07541047036647797
0.22046688199043274
0.23483715951442719
0.2540799081325531
0.4327392280101776
0.17892707884311676
0.3272038996219635
0.38125497102737427
0.12289012968540192
0.24240610003471375
0.26855403184890747
0.26679566502571106
0.12998774647712708
0.2468343824148178
0.21223601698875427
0.15863463282585144
0.16920548677444458
0.17328384518623352
0.3368794322013855
0.12430624663829803
0.08368469029664993
0.1814817637205124
0.15657353401184082
0.22959211468696594
0.21051044762134552
0.1717531383037567
0.17091071605682373
0.13769376277923584
0.19721026718616486
0.3613220155239105
0.05093507468700409
0.1823279708623886
0.3019122779369354
0.30635225772857666
0.07345475256443024
0.21690282225608826
0.23892422020435333
0.07712646573781967
0.18202240765094757
0.2843799591064453
0.3000268042087555
0.1308196783065796
0.14660267531871796
0.2541733384132385
0.2313382774591446
0.21347995102405548
0.2971764802932739
0.20270006358623505
0.15229952335357666
0.46110373735427856
0.03371155634522438
0.19437283277511597
0.24190297722816467
0.1976189762353897
0.3116125762462616
0.2576797306537628
0.21007771790027618
0.1720060557126999
0.16723263263702393
0.443513423204422
0.09655670076608658
0.2150740623474121
0.3267861306667328
0.13966961205005646
0.1418677121400833
0.06631806492805481
0.23194211721420288
0.32909297943115234
0.16540202498435974
0.23584647476673126
0.2794046700000763
0.14079493284225464
0.14668139815330505
0.18986278772354126
0.18689341843128204
0.10222223401069641
0.09089942276477814
0.09838558733463287
0.22061637043952942
0.15344375371932983
0.20710328221321106
0.16641610860824585
0.26819026470184326
0.10145868360996246
0.16733776032924652
0.2369784712791443
0.16573207080364227
0.3398856520652771
0.3037119209766388
0.1567714363336563
0.16373592615127563
0.12335669994354248
0.22589096426963806
0.24173209071159363
0.482674241065979
0.14551861584186554
0.051717568188905716
0.3013756573200226
0.14223703742027283
0.1466047465801239
0.22291557490825653
0.22478622198104858
0.1884833425283432
0.12406854331493378
0.33753445744514465
0.3464188277721405
0.14493748545646667
0.3842325508594513
0.07003672420978546
0.1843591034412384
0.13394062221050262
0.07725408673286438
0.1682477593421936
0.0941387191414833
0.2604091167449951
0.29068079590797424
0.20876066386699677
0.17924468219280243
0.14261166751384735
0.2010042369365692
0.07077016681432724
0.28549566864967346
0.15281742811203003
0.1318008452653885
0.23032088577747345
0.20246730744838715
0.10295712947845459
0.12462976574897766
0.30066901445388794
0.11542649567127228
0.1734897494316101
0.10698015242815018
0.2867175340652466
0.2627083957195282
0.10480009764432907
0.2242652028799057
0.2695586383342743
0.1552436351776123
0.22844375669956207
0.21517442166805267
0.23475457727909088
0.3409748673439026
0.17353494465351105
0.21177668869495392
0.14448381960391998
0.3017660975456238
0.08299726992845535
0.18661494553089142
0.177284374833107
0.18169213831424713
0.21155396103858948
0.31049373745918274
0.13343900442123413
0.13245882093906403
0.26903703808784485
0.13862784206867218
0.2133364975452423
0.2229534089565277
0.26114222407341003
0.23717345297336578
0.22024112939834595
0.12511490285396576
0.3311728239059448
0.3075169026851654
0.30256399512290955
0.29281970858573914
0.2715972363948822
0.21989135444164276
0.189906507730484
0.20140548050403595
0.4999426007270813
0.24688638746738434
0.3420802652835846
0.20293164253234863
0.3743975758552551
0.2688797414302826
0.16117656230926514
0.15211980044841766
0.28804582357406616
0.21864165365695953
0.07402661442756653
0.2077922821044922
0.17490102350711823
0.30482301115989685
0.22039878368377686
0.19346454739570618
0.1393492966890335
0.21138153970241547
0.058046821504831314
0.16196897625923157
0.17938557267189026
0.2253134697675705
0.2735541760921478
0.23278191685676575
0.3864052891731262
0.28517600893974304
0.2650301158428192
0.20754578709602356
0.14203192293643951
0.3306497633457184
0.20167823135852814
0.20836137235164642
0.251421183347702
0.2274600714445114
0.10686304420232773
0.1086951196193695
0.24994763731956482
0.42055708169937134
0.24957698583602905
0.15390749275684357
0.14201867580413818
0.1798209697008133
0.12284372746944427
0.31583794951438904
0.14860552549362183
0.16474933922290802
0.37134796380996704
0.1073063388466835
0.467319518327713
0.10081419348716736
0.2782604396343231
0.12075837701559067
0.2091464102268219
0.1782584935426712
0.19346922636032104
0.16594739258289337
0.14765754342079163
0.14862492680549622
0.17994293570518494
0.1591167449951172
0.14670532941818237
0.10975810140371323
0.22363200783729553
0.08323691040277481
0.15590697526931763
0.15356291830539703
0.14118677377700806
0.1587405502796173
0.27559733390808105
0.15555736422538757
0.18795974552631378
0.2258686125278473
0.22728019952774048
0.07637235522270203
0.18338796496391296
0.14307901263237
0.1589423269033432
0.17570535838603973
0.1661945879459381
0.46531638503074646
0.14644858241081238
0.13895000517368317
0.14104342460632324
0.1435636281967163
0.28434106707572937
0.18755869567394257
0.23509709537029266
0.18073445558547974
0.14842668175697327
0.3476145267486572
0.42347338795661926
0.21670371294021606
0.22711628675460815
0.11632959544658661
0.18382973968982697
0.14623118937015533
0.14898191392421722
0.13455253839492798
0.17929236590862274
0.13995227217674255
0.32077112793922424
0.20569376647472382
0.15330126881599426
0.14799407124519348
0.2786363959312439
0.1320551037788391
0.07804641127586365
0.18236148357391357
0.12414755672216415
0.3207337558269501
0.18720519542694092
0.20711250603199005
0.174539715051651
0.27651447057724
0.3245929479598999
0.1444919854402542
0.19683463871479034
0.2317546010017395
0.12612797319889069
0.3145139515399933
0.09568217396736145
0.3155066967010498
0.2768365442752838
0.1463102549314499
0.3277520537376404
0.20683391392230988
0.31924518942832947
0.1786392629146576
0.1780434101819992
0.2624332308769226
0.1413130760192871
0.11432811617851257
0.23603759706020355
0.1560058891773224
0.18776680529117584
0.09924396872520447
0.11973442137241364
0.12483134865760803
0.18614669144153595
0.13575638830661774
0.16041137278079987
0.21430251002311707
0.2131117880344391
0.07877011597156525
0.13937824964523315
0.10063536465167999
0.18169835209846497
0.19756421446800232
0.13126987218856812
0.317851185798645
0.45709559321403503
0.08231329917907715
0.1969384402036667
0.324666827917099
0.2984873056411743
0.18664242327213287
0.2799759805202484
0.239762544631958
0.13957566022872925
0.11148921400308609
0.2699897587299347
0.3542558252811432
0.17344585061073303
0.0813765674829483
0.16862933337688446
0.14277534186840057
0.2213663011789322
0.2919214069843292
0.17543035745620728
0.2322710156440735
0.15312179923057556
0.18211565911769867
0.21270865201950073
0.19411034882068634
0.09704557806253433
0.17680519819259644
0.12851838767528534
0.19788821041584015
0.12628574669361115
0.4547301232814789
0.1727219969034195
0.225898876786232
0.30569642782211304
0.12694409489631653
0.1856442242860794
0.13831272721290588
0.242942214012146
0.20663288235664368
0.18958573043346405
0.22068887948989868
0.10021448880434036
0.259176641702652
0.17970819771289825
0.12898996472358704
0.21576951444149017
0.13688962161540985
0.21059457957744598
0.20701950788497925
0.1638088822364807
0.2300601452589035
0.243205726146698
0.18243473768234253
0.22932471334934235
0.2508189380168915
0.24685631692409515
0.18421122431755066
0.15965241193771362
0.1300753504037857
0.06841380149126053
0.12129069119691849
0.36070314049720764
0.15911784768104553
0.2758108377456665
0.19360822439193726
0.13177843391895294
0.19265760481357574
0.21341413259506226
0.277388334274292
0.15555152297019958
0.12558792531490326
0.18510811030864716
0.15974104404449463
0.11008808016777039
0.12419990450143814
0.3586094081401825
0.2110486477613449
0.19550174474716187
0.23357902467250824
0.21264177560806274
0.17029926180839539
0.17700260877609253
0.15249253809452057
0.14333951473236084
0.2549916207790375
0.1686568260192871
0.39153650403022766
0.2985955774784088
0.3656611740589142
0.12467314302921295
0.17265307903289795
0.33687421679496765
0.2913833260536194
0.11916400492191315
0.19177888333797455
0.1593659371137619
0.27320775389671326
0.1746620237827301
0.2045220583677292
0.291203111410141
0.2715581953525543
0.18173673748970032
0.2592867314815521
0.23721200227737427
0.3008410930633545
0.06923610717058182
0.16719071567058563
0.08458469808101654
0.1420857310295105
0.1753109246492386
0.13291969895362854
0.3117446005344391
0.32679346203804016
0.18775004148483276
0.2133794128894806
0.13141603767871857
0.17588159441947937
0.1502355933189392
0.2575362026691437
0.13537408411502838
0.08954288810491562
0.1528073251247406
0.19340988993644714
0.15109243988990784
0.1776626855134964
0.29486486315727234
0.2583867907524109
0.14049050211906433
0.13047835230827332
0.11424615979194641
0.16215740144252777
0.2951693534851074
0.24357786774635315
0.31427499651908875
0.17505301535129547
0.2422645539045334
0.21981726586818695
0.1961003839969635
0.12030957639217377
0.04791960492730141
0.1718573421239853
0.2106449455022812
0.10343769192695618
0.28921428322792053
0.2461426854133606
0.1019105538725853
0.23614943027496338
0.16207467019557953
0.14517739415168762
0.09862522035837173
0.20874927937984467
0.13551852107048035
0.16599568724632263
0.3229314982891083
0.22828444838523865
0.058989692479372025
0.2084381878376007
0.2995864450931549
0.15844029188156128
0.21664489805698395
0.18239209055900574
0.07900100946426392
0.1622207760810852
0.13911598920822144
0.2399161010980606
0.20903760194778442
0.23165850341320038
0.32935160398483276
0.197646826505661
0.16959752142429352
0.28581786155700684
0.2365153431892395
0.14178505539894104
0.3835287392139435
0.13646447658538818
0.23842255771160126
0.3267563581466675
0.19969572126865387
0.10036991536617279
0.3278369903564453
0.27596980333328247
0.22583509981632233
0.13903212547302246
0.1397186815738678
0.14977921545505524
0.2718445360660553
0.2626034915447235
0.10035818070173264
0.2873150110244751
0.2302030324935913
0.2770008146762848
0.18338535726070404
0.2029227465391159
0.2482437640428543
0.12908396124839783
0.15217408537864685
0.1961871236562729
0.10185423493385315
0.21350446343421936
0.2909310460090637
0.1233229711651802
0.2024383544921875
0.13737371563911438
0.13815540075302124
0.09894109517335892
0.07571209222078323
0.11066482961177826
0.1172172948718071
0.1900799721479416
0.06439042091369629
0.27383971214294434
0.1851799637079239
0.22844138741493225
0.20252835750579834
0.11367980390787125
0.12174042314291
0.2225433737039566
0.20983509719371796
0.19769835472106934
0.12341279536485672
0.19657444953918457
0.10447810590267181
0.12006217241287231
0.22951826453208923
0.24295540153980255
0.21685943007469177
0.11949359625577927
0.19730372726917267
0.1205836683511734
0.10447735339403152
0.20421741902828217
0.18183551728725433
0.2197338044643402
0.2913714051246643
0.22198671102523804
0.16873902082443237
0.1390502005815506
0.22228102385997772
0.2722340226173401
0.13522012531757355
0.1856415718793869
0.08485531061887741
0.1443120241165161
0.22749699652194977
0.24367742240428925
0.19974727928638458
0.20324355363845825
0.24365811049938202
0.12680350244045258
0.12219757586717606
0.0788840502500534
0.09784695506095886
0.2973438799381256
0.12086139619350433
0.2272932380437851
0.1395929902791977
0.17188072204589844
0.10007011890411377
0.10815097391605377
0.12399639189243317
0.14643822610378265
0.37525346875190735
0.4050772190093994
0.26044395565986633
0.24942363798618317
0.22133669257164001
0.20215441286563873
0.1463569700717926
0.3782193660736084
0.13393661379814148
0.16619862616062164
0.17487463355064392
0.16934987902641296
0.3316423296928406
0.321713387966156
0.1639295518398285
0.19276824593544006
0.20997413992881775
0.2238955795764923
0.20262721180915833
0.18311215937137604
0.19153912365436554
0.18867003917694092
0.12785783410072327
0.11521794646978378
0.32540857791900635
0.17707914113998413
0.2457737773656845
0.12975037097930908
0.14100155234336853
0.15884003043174744
0.1342303603887558
0.23652298748493195
0.1913975477218628
0.135268896818161
0.1447107493877411
0.2490658313035965
0.1553114503622055
0.17963853478431702
0.146475151181221
0.13541880249977112
0.185807004570961
0.1227441132068634
0.3144972324371338
0.13642215728759766
0.25230270624160767
0.11724737286567688
0.11174897104501724
0.40714752674102783
0.2289486974477768
0.17556947469711304
0.3096293807029724
0.06509315967559814
0.2350756824016571
0.11178524792194366
0.10620053112506866
0.18917453289031982
0.18720200657844543
0.27019962668418884
0.181321382522583
0.17176350951194763
0.26159530878067017
0.17685821652412415
0.11281581223011017
0.20277084410190582
0.39818960428237915
0.2317030280828476
0.1889691948890686
0.2842511832714081
0.15290023386478424
0.2363365888595581
0.1741531640291214
0.1512186974287033
0.1854657232761383
0.12982748448848724
0.25237977504730225
0.14788155257701874
0.1304289549589157
0.18081554770469666
0.2015707641839981
0.16813038289546967
0.06436725705862045
0.27416032552719116
0.15685711801052094
0.14466972649097443
0.18214546144008636
0.16280673444271088
0.13495062291622162
0.1562320739030838
0.20900774002075195
0.15308968722820282
0.13572807610034943
0.13390548527240753
0.2375684380531311
0.14837577939033508
0.29552286863327026
0.15014681220054626
0.2668301463127136
0.0853290855884552
0.11846987903118134
0.23564961552619934
0.234452486038208
0.2165822684764862
0.24966202676296234
0.1538042575120926
0.20378586649894714
0.26023900508880615
0.27921047806739807
0.2061382383108139
0.07577893882989883
0.20989610254764557
0.11687051504850388
0.1604064702987671
0.12583103775978088
0.20789550244808197
0.2748757600784302
0.15495486557483673
0.24997009336948395
0.4119981825351715
0.14018945395946503
0.18795666098594666
0.34243592619895935
0.12184968590736389
0.29931315779685974
0.24296817183494568
0.21153977513313293
0.2988561689853668
0.12488505244255066
0.23979154229164124
0.14582917094230652
0.2499072402715683
0.1813230812549591
0.14493119716644287
0.22987745702266693
0.20523451268672943
0.21516019105911255
0.05968283489346504
0.3285014033317566
0.10385823249816895
0.15265341103076935
0.07702803611755371
0.230531707406044
0.1889006644487381
0.15116943418979645
0.3005378842353821
0.23448199033737183
0.13118992745876312
0.24582180380821228
0.2901986837387085
0.10624677687883377
0.14006738364696503
0.1281011551618576
0.25056782364845276
0.2751917541027069
0.17417305707931519
0.26944833993911743
0.20231546461582184
0.1253243088722229
0.14169272780418396
0.24197641015052795
0.1464705467224121
0.126493901014328
0.12484074383974075
0.154375821352005
0.1975988745689392
0.1688251942396164
0.1294904500246048
0.210222527384758
0.15165702998638153
0.13293880224227905
0.26455923914909363
0.2825343906879425
0.2428032010793686
0.1716412752866745
0.2990643382072449
0.21010515093803406
0.24512025713920593
0.14364908635616302
0.2120283991098404
0.1146894097328186
0.20403669774532318
0.3058038651943207
0.10965961217880249
0.14173933863639832
0.12008069455623627
0.14540234208106995
0.11062152683734894
0.16240395605564117
0.13784350454807281
0.06633356958627701
0.3154012858867645
0.13446971774101257
0.13751301169395447
0.13614162802696228
0.09177542477846146
0.21538984775543213
0.1880616843700409
0.13299742341041565
0.22280408442020416
0.08585590124130249
0.18704332411289215
0.18354250490665436
0.23497000336647034
0.16416744887828827
0.18789000809192657
0.1230822280049324
0.2168891578912735
0.18512217700481415
0.22459174692630768
0.26874932646751404
0.1489727944135666
0.10669399797916412
0.1160569041967392
0.21344102919101715
0.1082262322306633
0.13678182661533356
0.2999524772167206
0.15616846084594727
0.08849652856588364
0.1964237540960312
0.26282212138175964
0.15369552373886108
0.3195110857486725
0.19481824338436127
0.24957939982414246
0.10475936532020569
0.156349778175354
0.1009264588356018
0.19494661688804626
0.2906811237335205
0.15089820325374603
0.16166535019874573
0.06267934292554855
0.2895521819591522
0.11625902354717255
0.2133774310350418
0.467087060213089
0.1722973734140396
0.12412384152412415
0.25566565990448
0.1900927871465683
0.0593377985060215
0.19495894014835358
0.18029817938804626
0.1414734572172165
0.1458042562007904
0.32124796509742737
0.055128805339336395
0.18298614025115967
0.2154834121465683
0.29429537057876587
0.3192260265350342
0.21098287403583527
0.28829827904701233
0.1834561973810196
0.12092961370944977
0.16523028910160065
0.18004244565963745
0.17427536845207214
0.23283320665359497
0.27218157052993774
0.2031613290309906
0.2429196983575821
0.148257315158844
0.13473112881183624
0.11003996431827545
0.26193949580192566
0.1270797997713089
0.2474513202905655
0.18824081122875214
0.18492665886878967
0.2691164016723633
0.29844093322753906
0.17792876064777374
0.19849197566509247
0.18053723871707916
0.14184671640396118
0.12276758253574371
0.1165945827960968
0.2656903564929962
0.09260877966880798
0.12056516855955124
0.20647306740283966
0.1210927814245224
0.2420647144317627
0.2848595976829529
0.19121411442756653
0.184068962931633
0.17374619841575623
0.31113168597221375
0.22037141025066376
0.3277423083782196
0.17211951315402985
0.1634986251592636
0.16379553079605103
0.15424266457557678
0.2806309163570404
0.19438955187797546
0.1563524603843689
0.11201883852481842
0.20132175087928772
0.1659935712814331
0.42263561487197876
0.1531747728586197
0.10750935971736908
0.1566898077726364
0.20474399626255035
0.0920623242855072
0.2585532069206238
0.19446894526481628
0.18439222872257233
0.208458811044693
0.4246208071708679
0.13734965026378632
0.21771883964538574
0.19903028011322021
0.15756496787071228
0.22961966693401337
0.20528189837932587
0.24473370611667633
0.06658525764942169
0.14168694615364075
0.21792250871658325
0.08246874064207077
0.1871284693479538
0.2125575691461563
0.16085518896579742
0.17261701822280884
0.0836927741765976
0.2402734011411667
0.21351392567157745
0.14209318161010742
0.22234870493412018
0.22449025511741638
0.12488405406475067
0.10519687831401825
0.16033509373664856
0.27628618478775024
0.19700190424919128
0.22732116281986237
0.15529632568359375
0.14442113041877747
0.23169471323490143
0.11566174030303955
0.22167575359344482
0.24974188208580017
0.15006272494792938
0.1445091962814331
0.10364136099815369
0.12160823494195938
0.19829939305782318
0.21539855003356934
0.15881501138210297
0.39497679471969604
0.1588766872882843
0.3549487888813019
0.18262960016727448
0.08196994662284851
0.11706682294607162
0.09181903302669525
0.16238924860954285
0.2228824943304062
0.10940136015415192
0.27199989557266235
0.0925418958067894
0.31301531195640564
0.27190595865249634
0.07438597083091736
0.06285976618528366
0.2785493731498718
0.17626556754112244
0.09415765106678009
0.2634410262107849
0.18882909417152405
0.23646321892738342
0.18188977241516113
0.282509446144104
0.10556512326002121
0.20521104335784912
0.22128883004188538
0.11630762368440628
0.18247796595096588
0.20075105130672455
0.13459424674510956
0.17989341914653778
0.24407169222831726
0.29224860668182373
0.2690821886062622
0.2232021987438202
0.27521902322769165
0.2063983976840973
0.30997854471206665
0.2185508906841278
0.22660866379737854
0.16750021278858185
0.231904074549675
0.2408587634563446
0.15259966254234314
0.1564478874206543
0.16314704716205597
0.08169034868478775
0.26910486817359924
0.15904651582241058
0.15892967581748962
0.19795586168766022
0.27805110812187195
0.1419212371110916
0.19264543056488037
0.09695926308631897
0.2213532030582428
0.22030732035636902
0.3284544348716736
0.15142327547073364
0.30943894386291504
0.1705390214920044
0.06272699683904648
0.16326329112052917
0.14796563982963562
0.15867675840854645
0.2408435195684433
0.22706961631774902
0.15054596960544586
0.06915196776390076
0.2852664589881897
0.1992529183626175
0.044609878212213516
0.2810153365135193
0.1220884621143341
0.17975583672523499
0.22417113184928894
0.15785475075244904
0.16760927438735962
0.20906564593315125
0.2732175886631012
0.2688416540622711
0.16712753474712372
0.10382126271724701
0.2749328315258026
0.16410550475120544
0.11903437227010727
0.09019920229911804
0.15471452474594116
0.19795793294906616
0.09873414784669876
0.1193932294845581
0.21254876255989075
0.19338850677013397
0.192781463265419
0.16493947803974152
0.16636188328266144
0.11250327527523041
0.12888529896736145
0.21579386293888092
0.11978580802679062
0.3022032380104065
0.1767956167459488
0.34556275606155396
0.10646428167819977
0.16567809879779816
0.15667757391929626
0.22591239213943481
0.08033304661512375
0.2521956264972687
0.23937028646469116
0.12012091279029846
0.08929034322500229
0.151885524392128
0.20032888650894165
0.24671724438667297
0.2271428406238556
0.15161250531673431
0.2525363266468048
0.13124626874923706
0.09596749395132065
0.1303098499774933
0.1572984904050827
0.23195476830005646
0.17942525446414948
0.30485743284225464
0.050694841891527176
0.12586264312267303
0.20571880042552948
0.12805162370204926
0.06255698204040527
0.1988459974527359
0.16109837591648102
0.22592104971408844
0.14158734679222107
0.15023648738861084
0.1729874312877655
0.277276873588562
0.15800200402736664
0.11640006303787231
0.15631861984729767
0.11321458220481873
0.1592281013727188
0.26322925090789795
0.25814417004585266
0.17988118529319763
0.3413456380367279
0.051709141582250595
0.1963857263326645
0.25053972005844116
0.2554805874824524
0.18078789114952087
0.13872067630290985
0.2376880645751953
0.21660923957824707
0.14084173738956451
0.19917616248130798
0.29396480321884155
0.09914389252662659
0.16600096225738525
0.2109711766242981
0.27659761905670166
0.14390158653259277
0.06564363092184067
0.12006782740354538
0.2002788782119751
0.08119530975818634
0.19508866965770721
0.1821059137582779
0.15819625556468964
0.28731799125671387
0.19524237513542175
0.15247559547424316
0.1468077003955841
0.20367126166820526
0.0899849608540535
0.21052372455596924
0.10493279993534088
0.19982171058654785
0.24419046938419342
0.45767509937286377
0.2837597131729126
0.23664402961730957
0.23763906955718994
0.15345355868339539
0.17506228387355804
0.19735945761203766
0.09095138311386108
0.17705103754997253
0.1499282866716385
0.2065882682800293
0.11555922776460648
0.12234999984502792
0.3525826930999756
0.3477975130081177
0.18250730633735657
0.15349966287612915
0.1923915594816208
0.21036934852600098
0.062280550599098206
0.11901704967021942
0.29022473096847534
0.22479768097400665
0.3309383690357208
0.2563031017780304
0.1921246200799942
0.3636900782585144
0.09412191063165665
0.13675415515899658
0.09667716175317764
0.13663125038146973
0.16166023910045624
0.10991150140762329
0.2901317775249481
0.2433672845363617
0.07519767433404922
0.2698255181312561
0.1391354203224182
0.10014151781797409
0.12398790568113327
0.21937289834022522
0.13724039494991302
0.1828126609325409
0.10435009747743607
0.11520735919475555
0.13444863259792328
0.14081497490406036
0.23653902113437653
0.1453193724155426
0.3832439184188843
0.08142969757318497
0.13387516140937805
0.2703782618045807
0.5138785243034363
0.2682887017726898
0.23500661551952362
0.07915633171796799
0.16922833025455475
0.20736391842365265
0.27585381269454956
0.24485845863819122
0.233866348862648
0.10301512479782104
0.25774234533309937
0.2254367470741272
0.18659354746341705
0.14867989718914032
0.09375356137752533
0.12835831940174103
0.2556769549846649
0.1333269327878952
0.13772052526474
0.19502970576286316
0.09321765601634979
0.2544634938240051
0.19166524708271027
0.2127869427204132
0.08463303744792938
0.13482260704040527
0.1319078505039215
0.2897477149963379
0.2308717668056488
0.10953959077596664
0.11075110733509064
0.19690723717212677
0.19231213629245758
0.22740022838115692
0.2581225335597992
0.2585013210773468
0.1445949375629425
0.3169458210468292
0.23430807888507843
0.12503661215305328
0.11161661148071289
0.13453805446624756
0.356291800737381
0.37365883588790894
0.1256333589553833
0.1788647174835205
0.17520026862621307
0.10657018423080444
0.15488246083259583
0.2733353078365326
0.16784851253032684
0.11522679030895233
0.059034671634435654
0.12020572274923325
0.22572702169418335
0.21917594969272614
0.12288550287485123
0.1383661925792694
0.17291492223739624
0.3587092161178589
0.15098297595977783
0.14586478471755981
0.2669728100299835
0.11976750940084457
0.13118866086006165
0.1321350783109665
0.17424660921096802
0.42198196053504944
0.14714066684246063
0.19946956634521484
0.15495926141738892
0.2696346044540405
0.14492785930633545
0.10345812886953354
0.15267819166183472
0.14508512616157532
0.15591201186180115
0.3573687672615051
0.33308765292167664
0.17320993542671204
0.18267259001731873
0.19754478335380554
0.3081603944301605
0.28273069858551025
0.2826903164386749
0.18964433670043945
0.1754278987646103
0.13277940452098846
0.19053268432617188
0.22726218402385712
0.26435980200767517
0.155795618891716
0.15199942886829376
0.16038306057453156
0.19329671561717987
0.2170412838459015
0.20460428297519684
0.07699695974588394
0.25024041533470154
0.2019762098789215
0.27770325541496277
0.16981910169124603
0.3961694836616516
0.2117132544517517
0.2052898108959198
0.17451290786266327
0.1183428168296814
0.08717619627714157
0.14052963256835938
0.18089096248149872
0.20121461153030396
0.15998336672782898
0.2362358421087265
0.20541757345199585
0.20214548707008362
0.38340744376182556
0.2545556426048279
0.2608226239681244
0.33731600642204285
0.218980073928833
0.24866273999214172
0.16345404088497162
0.0765400230884552
0.2383674830198288
0.1163325160741806
0.17698071897029877
0.12936115264892578
0.12169446796178818
0.07679962366819382
0.12623661756515503
0.05431351438164711
0.09656945616006851
0.17233605682849884
0.03651031479239464
0.29233473539352417
0.3532816469669342
0.15527847409248352
0.18368549644947052
0.26762017607688904
0.2131810337305069
0.1359269767999649
0.2587224245071411
0.11847907304763794
0.12320311367511749
0.15802718698978424
0.13878023624420166
0.1648862510919571
0.14446237683296204
0.2206411510705948
0.16502980887889862
0.15057921409606934
0.30030718445777893
0.37942028045654297
0.13508117198944092
0.17056125402450562
0.30829089879989624
0.12247852236032486
0.2536928355693817
0.15307532250881195
0.1987868994474411
0.22503753006458282
0.2979055643081665
0.11733619123697281
0.2897246778011322
0.2727581262588501
0.19478961825370789
0.11646480113267899
