0.05176954343914986
0.03326025977730751
0.08217083662748337
0.053233370184898376
0.01100783608853817
0.012021435424685478
0.06073099002242088
0.032586876302957535
0.023881832137703896
0.021658601239323616
0.009879452176392078
0.12997649610042572
0.0421282984316349
0.11566393822431564
0.026903893798589706
0.030306518077850342
0.022680552676320076
0.005751291289925575
0.06848469376564026
0.034011110663414
0.023348044604063034
0.006273198872804642
0.02688027359545231
0.05426187813282013
0.0399399995803833
0.021788932383060455
0.00857891421765089
0.009914580732584
0.012837492860853672
0.02281210944056511
0.05913128703832626
0.01396861020475626
0.036712680011987686
0.05386458709836006
0.01728476770222187
0.04607582092285156
0.014376690611243248
0.023038333281874657
0.036583155393600464
0.032378360629081726
0.0040446375496685505
0.03850177302956581
0.02312673255801201
0.0060693793930113316
0.02963021583855152
0.04066893085837364
0.027753740549087524
0.03805851563811302
0.03256471827626228
0.055731747299432755
0.006955861113965511
0.0980500802397728
0.020028723403811455
0.012431543320417404
0.008111609145998955
0.01721945032477379
0.01484732050448656
0.01917133294045925
0.07906277477741241
0.011430362239480019
0.03650831803679466
0.011150036938488483
0.017440587282180786
0.04856928437948227
0.03197886794805527
0.0033109690994024277
0.06724288314580917
0.022268084809184074
0.0668676570057869
0.02441391535103321
0.018181735649704933
0.02210863120853901
0.03726908192038536
0.05143507570028305
0.081758514046669
0.06041892617940903
0.03037623129785061
0.012414300814270973
0.035718806087970734
0.015318452380597591
0.021185092628002167
0.03957243636250496
0.026356380432844162
0.02880222350358963
0.008624725975096226
0.005580565892159939
0.023058326914906502
0.03774107247591019
0.053054049611091614
0.009998713620007038
0.08025582879781723
0.05716118589043617
0.012447717599570751
0.06102665886282921
0.09601667523384094
0.026987412944436073
0.011670016683638096
0.0662853792309761
0.005615325644612312
0.06046538054943085
0.017608486115932465
0.036814410239458084
0.07239490002393723
0.06425201147794724
0.01730557717382908
0.03043115884065628
0.03165310248732567
0.024295149371027946
0.014021707698702812
0.05636882409453392
0.04710874706506729
0.01831505075097084
0.029129594564437866
0.02647610940039158
0.02418242208659649
0.04005691409111023
0.00393154751509428
0.01369146816432476
0.04314519092440605
0.00793817825615406
0.02957000769674778
0.04877743124961853
0.017700113356113434
0.011434298008680344
0.03681958094239235
0.04359857738018036
0.03173496201634407
0.007451898884028196
0.02387806586921215
0.01558688748627901
0.041273266077041626
0.0321221724152565
0.04284738749265671
0.04929835721850395
0.02280096523463726
0.017795119434595108
0.01612989977002144
0.03823090344667435
0.01703539676964283
0.011843846179544926
0.007501206360757351
0.021829744800925255
0.05837090685963631
0.09754089266061783
0.03699909523129463
0.015939932316541672
0.010604947805404663
0.016745956614613533
0.012856901623308659
0.03106171451508999
0.010626492090523243
0.02033262699842453
0.036708537489175797
0.047045573592185974
0.03583289682865143
0.02898719534277916
0.00406108982861042
0.01988033950328827
0.015474840067327023
0.019257016479969025
0.028227996081113815
0.027479739859700203
0.012704391963779926
0.05650677904486656
0.008368066512048244
0.03448854759335518
0.02239241451025009
0.023219306021928787
0.002023989101871848
0.0405837781727314
0.026399217545986176
0.015787381678819656
0.0526483952999115
0.0419614277780056
0.032103970646858215
0.02918703481554985
0.015034355223178864
0.03902493417263031
0.0038888645358383656
0.04529149457812309
0.023439660668373108
0.022327756509184837
0.021268567070364952
0.022466007620096207
0.017049796879291534
0.008686523884534836
0.06588289141654968
0.02228584699332714
0.014762748032808304
0.029712481424212456
0.02137400023639202
0.06496123224496841
0.004509829916059971
0.028600245714187622
0.018827732652425766
0.027837516739964485
0.04507414996623993
0.05624048411846161
0.02986239455640316
0.06809898465871811
0.06553473323583603
0.030613195151090622
0.030035756528377533
0.05428627133369446
0.02117765322327614
0.020331479609012604
0.039880137890577316
0.011406666599214077
0.016138076782226563
0.01807328499853611
0.03555729612708092
0.004666832275688648
0.010293591767549515
0.05653036758303642
0.03786391019821167
0.02114114724099636
0.018750544637441635
0.005190516356378794
0.02125607430934906
0.03593623265624046
0.06879543513059616
0.034755904227495193
0.01638104021549225
0.002693145303055644
0.0321805365383625
0.010937190614640713
0.04579336941242218
0.042664676904678345
0.03186281397938728
0.0021711878944188356
0.057603005319833755
0.013361531309783459
0.053895264863967896
0.03501928970217705
0.036582935601472855
0.004302282352000475
0.01626960188150406
0.03481416031718254
0.025365257635712624
0.050384532660245895
0.03447379544377327
0.011058282107114792
0.06531736254692078
0.03628281131386757
0.018238119781017303
0.08490650355815887
0.018327508121728897
0.002254488877952099
0.0029153628274798393
0.01788293942809105
0.02676905132830143
0.00823504850268364
0.02350267954170704
0.03689645230770111
0.023558391258120537
0.008763930760324001
0.028821952641010284
0.004082322120666504
0.012935803271830082
0.01198145467787981
0.026730990037322044
0.016300741583108902
0.009124110452830791
0.12010414898395538
0.03764931112527847
0.03205549716949463
0.022882461547851563
0.027842069044709206
0.04470312222838402
0.01808440126478672
0.0325046181678772
0.03268390893936157
0.033539365977048874
0.04648135229945183
0.023609653115272522
0.03015465848147869
0.004841952119022608
0.0203026682138443
0.04213032126426697
0.014568749815225601
0.008017593063414097
0.044853758066892624
0.017290497198700905
0.017453864216804504
0.0693032443523407
0.015394583344459534
0.01614338904619217
0.003575405105948448
0.061523012816905975
0.03874054551124573
0.0269961878657341
0.02677871286869049
0.007859685458242893
0.02549402229487896
0.02698371186852455
0.008958189748227596
0.011825919151306152
0.015292277559638023
0.006354866083711386
0.01936357282102108
0.024523578584194183
0.047810714691877365
0.034802377223968506
0.018897321075201035
0.02297651395201683
0.01712440885603428
0.016957752406597137
0.018582548946142197
0.007921893149614334
0.006451266817748547
0.03679857775568962
0.015183281153440475
0.049931686371564865
0.0076308180578053
0.016488220542669296
0.05843392014503479
0.01678766869008541
0.10096711665391922
0.018466321751475334
0.006013964302837849
0.01774008199572563
0.003505635540932417
0.030039867386221886
0.008009538054466248
0.03253485634922981
0.005094541702419519
0.007415782194584608
0.07384940981864929
0.03554302826523781
0.03958231955766678
0.0019482688512653112
0.004613098688423634
0.017241641879081726
0.020626157522201538
0.006308279000222683
0.07498109340667725
0.04321429133415222
0.01084784884005785
0.027975233271718025
0.09576989710330963
0.0351608507335186
0.006828518118709326
0.036572836339473724
0.01887337677180767
0.016924705356359482
0.020359082147479057
0.021183717995882034
0.04801201820373535
0.03683660179376602
0.024392418563365936
0.0076958369463682175
0.02960817702114582
0.016299229115247726
0.012486984021961689
0.02703232131898403
0.0251432154327631
0.0481993593275547
0.008958116173744202
0.14593233168125153
0.025479577481746674
0.05949593707919121
0.02471870742738247
0.011467707343399525
0.03884004056453705
0.06318080425262451
0.01649395190179348
0.010473315604031086
0.023730481043457985
0.012973183766007423
0.057377781718969345
0.03240616247057915
0.008305953815579414
0.050850123167037964
0.024229448288679123
0.07451457530260086
0.020936692133545876
0.009977195411920547
0.054934628307819366
0.021753914654254913
0.022418104112148285
0.01969197206199169
0.01657983288168907
0.026804475113749504
0.033304598182439804
0.03765926510095596
0.004206908401101828
0.03386871516704559
0.01431251224130392
0.0812726840376854
0.007862121798098087
0.042469605803489685
0.04569457843899727
0.04213089123368263
0.007139475550502539
0.051086414605379105
0.05959145352244377
0.017143025994300842
0.012964701279997826
0.0008024896960705519
0.07029207050800323
0.03501037135720253
0.05670568719506264
0.0108605045825243
0.03178456425666809
0.01968776062130928
0.014413172379136086
0.009310598485171795
0.022395534440875053
0.01170213334262371
0.007021001074463129
0.021611137315630913
0.033911868929862976
0.0030594924464821815
0.10044063627719879
0.035403940826654434
0.02700309082865715
0.021311376243829727
0.1005876362323761
0.04026627913117409
0.008061815053224564
0.036366358399391174
0.02688499726355076
0.08312276005744934
0.019769422709941864
0.03528275340795517
0.030161531642079353
0.045628633350133896
0.049055203795433044
0.1291353404521942
0.010517030023038387
0.02221531793475151
0.005999834276735783
0.044244106858968735
0.00777401402592659
0.021364042535424232
0.02061370015144348
0.009573095478117466
0.008518630638718605
0.011117832735180855
0.032209016382694244
0.027636511251330376
0.006586458068341017
0.04316328093409538
0.05917135998606682
0.03319278731942177
0.06289692968130112
0.027771830558776855
0.008196563459932804
0.007682329975068569
0.05184832587838173
0.005731775425374508
0.013897692784667015
0.020191188901662827
0.04358724132180214
0.09209533780813217
0.06264984607696533
0.011529623530805111
0.00711607513949275
0.06083809211850166
0.032340869307518005
0.01575877144932747
0.015745600685477257
0.01060357317328453
0.02285120263695717
0.032058075070381165
0.006493215449154377
0.012756239622831345
0.006370788440108299
0.02999328449368477
0.02781970612704754
0.034754861146211624
0.013553712517023087
0.03673787787556648
0.03235132247209549
0.03055761009454727
0.009889742359519005
0.009937313385307789
0.027866477146744728
0.0083445580676198
0.042701587080955505
0.008894180878996849
0.04815512150526047
0.019096409901976585
0.007171523291617632
0.02571006864309311
0.012134217657148838
0.040001705288887024
0.014063737355172634
0.03915722295641899
0.07217198610305786
0.02987435646355152
0.032975126057863235
0.004713961388915777
0.011119266971945763
0.05676911026239395
0.03201642259955406
0.040341369807720184
0.004968335852026939
0.035568442195653915
0.08926904946565628
0.005320456810295582
0.03986034169793129
0.024154746904969215
0.014201285317540169
0.04193150997161865
0.02904861606657505
0.0636916384100914
0.01563892886042595
0.01210038736462593
0.008357131853699684
0.025933438912034035
0.021395757794380188
0.02366812713444233
0.011841985397040844
0.029291745275259018
0.045657139271497726
0.014859066344797611
0.030684202909469604
0.007985458709299564
0.014882815070450306
0.020696884021162987
0.008880268782377243
0.03417668119072914
0.01764608360826969
0.010740255005657673
0.0058930860832333565
0.008794893510639668
0.01513215433806181
0.024715036153793335
0.0035960436798632145
0.010459593497216702
0.016262412071228027
0.005899284966289997
0.025776267051696777
0.03035602532327175
0.04585462436079979
0.03392624109983444
0.047844912856817245
0.037205420434474945
0.02268490009009838
0.025424260646104813
0.01884031482040882
0.011485508643090725
0.009224414825439453
0.026216905564069748
0.03359067067503929
0.06588732451200485
0.06290121376514435
0.030020639300346375
0.02656087465584278
0.0126168979331851
0.029210515320301056
0.031984902918338776
0.045649684965610504
0.011966438964009285
0.02337285690009594
0.07455075532197952
0.041680216789245605
0.021454181522130966
0.0043353121727705
0.009071635082364082
0.016127964481711388
0.06397321820259094
0.012316294014453888
0.046718016266822815
0.004634690936654806
0.02970156818628311
0.012857935391366482
0.022119037806987762
0.012383835390210152
0.060662705451250076
0.03702886030077934
0.03685307130217552
0.010407617315649986
0.010575719177722931
0.054441388696432114
0.04863106459379196
0.01171916164457798
0.012010038830339909
0.022049151360988617
0.014567943289875984
0.024474553763866425
0.03353489562869072
0.009293407201766968
0.06392786651849747
0.014637765474617481
0.014495761133730412
0.011179790832102299
0.09255459159612656
0.02519279159605503
0.03460833802819252
0.05305147171020508
0.030731884762644768
0.01092641893774271
0.015577527694404125
0.05193714424967766
0.025820810347795486
0.031108742579817772
0.014804039150476456
0.0414477214217186
0.021232837811112404
0.013482479378581047
0.0297971460968256
0.022038742899894714
0.018204571679234505
0.007083195727318525
0.0638936385512352
0.020507091656327248
0.007574373856186867
0.0028228748124092817
0.013027775101363659
0.019628314301371574
0.021037450060248375
0.0061785378493368626
0.03238140046596527
0.028296077623963356
0.013320154510438442
0.016427166759967804
0.03270777687430382
0.024764424189925194
0.00429527647793293
0.02130448818206787
0.032297778874635696
0.02555951476097107
0.1007792204618454
0.028844768181443214
0.026257235556840897
0.0890660211443901
0.04669925197958946
0.047940369695425034
0.03373248875141144
0.010432153008878231
0.05005878955125809
0.033761631697416306
0.032557252794504166
0.07659753412008286
0.023761408403515816
0.018979858607053757
0.012523024342954159
0.031535618007183075
0.07135207206010818
0.003978492692112923
0.05259373411536217
0.037132930010557175
0.01586073450744152
0.01633423939347267
0.01990412175655365
0.012217586860060692
0.022447891533374786
0.004807249642908573
0.00817144475877285
0.024064190685749054
0.00566831836476922
0.04168923571705818
0.02664334699511528
0.013042646460235119
0.03434063494205475
0.011941133067011833
0.004320948384702206
0.04149148613214493
0.0374031625688076
0.020177599042654037
0.006986378226429224
0.04424385726451874
0.009836605750024319
0.010564793832600117
0.02760045789182186
0.05564236268401146
0.013305949047207832
0.015218553133308887
0.04960566386580467
0.028189150616526604
0.027805475518107414
0.04453783854842186
0.0061447350308299065
0.04332742094993591
0.0327974334359169
0.006929284427314997
0.036105621606111526
0.021023793146014214
0.006529977545142174
0.016082728281617165
0.019875457510352135
0.008838958106935024
0.06120884418487549
0.026335392147302628
0.021128201857209206
0.032314565032720566
0.009868423454463482
0.012142077088356018
0.008335077203810215
0.03603575751185417
0.04194982722401619
0.037983015179634094
0.023266777396202087
0.047868382185697556
0.049382682889699936
0.012508363462984562
0.04214766249060631
0.026492375880479813
0.027678869664669037
0.11779189109802246
0.014193950220942497
0.05081164091825485
0.009552462957799435
0.02101796865463257
0.04812489449977875
0.025758039206266403
0.020848551765084267
0.013938194140791893
0.017402151599526405
0.037795860320329666
0.01628235913813114
0.007979871705174446
0.12872867286205292
0.07513830810785294
0.052005380392074585
0.06446698307991028
0.027973569929599762
0.007445795927196741
0.038898833096027374
0.01801898702979088
0.0591324083507061
0.04480729624629021
0.01922832988202572
0.025518769398331642
0.015508375130593777
0.008173124864697456
0.02667335979640484
0.012883659452199936
0.013625238090753555
0.009822306223213673
0.048199329525232315
0.014149080030620098
0.03670205548405647
0.023628251627087593
0.008850137703120708
0.021404381841421127
0.008968010544776917
0.02406666986644268
0.02563074789941311
0.01964343897998333
0.05503104627132416
0.006584801245480776
0.015533914789557457
0.026188330724835396
0.05628795921802521
0.03375443443655968
0.008122258819639683
0.00572624197229743
0.018879497423768044
0.012813234701752663
0.0036072491202503443
0.05793626233935356
0.012531213462352753
0.009951962158083916
0.02060742676258087
0.005018382798880339
0.024524517357349396
0.008379358798265457
0.030907146632671356
0.0646464005112648
0.08701147884130478
0.011080104857683182
0.04272664338350296
0.03616086021065712
0.06916196644306183
0.006899970583617687
0.028271684423089027
0.01183057576417923
0.06653954833745956
0.018360557034611702
0.010049071162939072
0.1475098729133606
0.03775482997298241
0.005033756140619516
0.00651181535795331
0.04128634184598923
0.00745399808511138
0.008968249894678593
0.011571543291211128
0.04502199590206146
0.010844307951629162
0.024183198809623718
0.03502647206187248
0.013057402335107327
0.016736259683966637
0.030505675822496414
0.03471503406763077
0.011234216392040253
0.01301789004355669
0.022425582632422447
0.008064568974077702
0.02062058262526989
0.034402016550302505
0.011959897354245186
0.022764049470424652
0.010745100677013397
0.048497337847948074
0.03049079142510891
0.020540446043014526
0.049125391989946365
0.02412569150328636
0.021378671750426292
0.020955391228199005
0.03256858140230179
0.03864259272813797
0.022944370284676552
0.008769677020609379
0.031558435410261154
0.056933291256427765
0.02632426843047142
0.01106665376573801
0.05775576829910278
0.08906295150518417
0.03275426849722862
0.015086072497069836
0.016955655068159103
0.025978464633226395
0.023683743551373482
0.006998436525464058
0.03142619878053665
0.03260093182325363
0.008268236182630062
0.010451178066432476
0.014590789563953876
0.022085165604948997
0.0028369352221488953
0.003451454918831587
0.015162385068833828
0.044884372502565384
0.02875710278749466
0.03350768983364105
0.006057308986783028
0.02585243619978428
0.02688697539269924
0.029930071905255318
0.03697090595960617
0.0022600258234888315
0.030422603711485863
0.0064314668998122215
0.002310314914211631
0.0065946923568844795
0.012148049660027027
0.011772667057812214
0.0053666396997869015
0.00680189672857523
0.026798106729984283
0.033013612031936646
0.029089590534567833
0.01519745122641325
0.028398726135492325
0.01810893788933754
0.01474736724048853
0.010288276709616184
0.024938788264989853
0.0442902110517025
0.004007232375442982
0.06029792129993439
0.01680048368871212
0.006338739302009344
0.007746262941509485
0.0031988187693059444
0.032078586518764496
0.020789124071598053
0.033083219081163406
0.03135122358798981
0.01764586940407753
0.013859661296010017
0.018717724829912186
0.02436828427016735
0.00154925137758255
0.01811629720032215
0.027646392583847046
0.04074163734912872
0.0037576823960989714
0.029444150626659393
0.010382410138845444
0.026229068636894226
0.010513916611671448
0.00572582334280014
0.011860628612339497
0.00573222478851676
0.044917382299900055
0.013577941805124283
0.021451549604535103
0.035688694566488266
0.0013269683113321662
0.038730084896087646
0.07888711988925934
0.052463099360466
0.057543396949768066
0.039547063410282135
0.02890271693468094
0.007581287529319525
0.08660233020782471
0.006521147210150957
0.014506282284855843
0.041474852710962296
0.010451656766235828
0.018274661153554916
0.027590686455368996
0.03972693905234337
0.013734128326177597
0.02293410710990429
0.04181595891714096
0.00676413718611002
0.021159961819648743
0.007936242036521435
0.014670409262180328
0.05059931054711342
0.014332461170852184
0.005692188628017902
0.02047211304306984
0.024635422974824905
0.0055589559487998486
0.003897118614986539
0.01741599291563034
0.01080921571701765
0.0200638547539711
0.01485523208975792
0.03694958612322807
0.0500604473054409
0.04404763877391815
0.07442063838243484
0.011172809638082981
0.0031521618366241455
0.016397126019001007
0.023081118240952492
0.010825355537235737
0.003577673574909568
0.02822449989616871
0.028436867520213127
0.005291059147566557
0.018168659880757332
0.042624857276678085
0.006360449828207493
0.010775749571621418
0.012812511064112186
0.024765653535723686
0.018889492377638817
0.020369406789541245
0.018712211400270462
0.015000572428107262
0.017623955383896828
0.02937154658138752
0.003502301638945937
0.1077016144990921
0.0074730850756168365
0.029998155310750008
0.005601062905043364
0.02405541203916073
0.019618898630142212
0.06410153210163116
0.041993148624897
0.03609373793005943
0.011581352911889553
0.03433177247643471
0.05243627354502678
0.019261302426457405
0.013611087575554848
0.02075859159231186
0.006899356842041016
0.014859759248793125
0.028282854706048965
0.03311441093683243
0.06085082143545151
0.014816327020525932
0.029435161501169205
0.04206882417201996
0.04053783416748047
0.03391857445240021
0.01943949982523918
0.07803114503622055
0.03499220684170723
0.012525565922260284
0.03903239592909813
0.0877334475517273
0.05538621544837952
0.017272962257266045
0.007779974490404129
0.037708673626184464
0.002486163517460227
0.009211726486682892
0.025343183428049088
0.030103659257292747
0.018028907477855682
0.0074172732420265675
0.03451840206980705
0.03903689235448837
0.00813837256282568
0.003570843953639269
0.0038937851786613464
0.023094380274415016
0.035068631172180176
0.01042236853390932
0.02200509048998356
0.02928038500249386
0.053711842745542526
0.04513227194547653
0.058102671056985855
0.020448479801416397
0.09413861483335495
0.010252187959849834
0.028216959908604622
0.009066741913557053
0.047848742455244064
0.028952348977327347
0.020204560831189156
0.01565663330256939
0.013176700100302696
0.026792293414473534
0.018170008435845375
0.011033293791115284
0.007145847659558058
0.00151717325206846
0.030251601710915565
0.0033395574428141117
0.015753962099552155
0.009688950143754482
0.010718941688537598
0.011008159257471561
0.010849900543689728
0.011138497851788998
0.0455278679728508
0.016372526064515114
0.004291198216378689
0.02216322161257267
0.07034185528755188
0.01706043817102909
0.02061833068728447
0.02701340802013874
0.023926306515932083
0.05534108355641365
0.026676295325160027
0.0375095009803772
0.014603136107325554
0.02144452929496765
0.0377705842256546
0.05020153522491455
0.007214745506644249
0.062246471643447876
0.017402075231075287
0.069221131503582
0.029125895351171494
0.011829233728349209
0.06529388576745987
0.07974352687597275
0.08307021856307983
0.011498896405100822
0.06450583785772324
0.0228839460760355
0.009143590927124023
0.0068582575768232346
0.047291841357946396
0.04224617779254913
0.005988479126244783
0.024444812908768654
0.07463135570287704
0.03765125200152397
0.033462997525930405
0.04612596705555916
0.04515477269887924
0.03742363303899765
0.02138504758477211
0.019799331203103065
0.05176354944705963
0.01898902840912342
0.012288203462958336
0.06320572644472122
0.02059437707066536
0.005069789011031389
0.11920011788606644
0.005232193972915411
0.025066018104553223
0.1202678233385086
0.003162558190524578
0.016206277534365654
0.022897711023688316
0.0157745610922575
0.05702301487326622
0.036013729870319366
0.02864423580467701
0.021468177437782288
0.022731905803084373
0.005309774540364742
0.031757600605487823
0.07050737738609314
0.01555645652115345
0.03546242043375969
0.03847469016909599
0.02589215151965618
0.007091145031154156
0.025967570021748543
0.09120307862758636
0.0173396747559309
0.02221718057990074
0.06200942024588585
0.005692217033356428
0.01394749991595745
0.010280978865921497
0.005792649928480387
0.02848975360393524
0.006901879794895649
0.01909673772752285
0.03352142497897148
0.005239198449999094
0.007468795869499445
0.06141821667551994
0.02102004364132881
0.01654735393822193
0.015883222222328186
0.014745229855179787
0.013123930431902409
0.015013040974736214
0.03375684469938278
0.03373464569449425
0.005238083191215992
0.011917047202587128
0.05670583248138428
0.021402526646852493
0.017362918704748154
0.024848464876413345
0.04774747043848038
0.03438376262784004
0.018298424780368805
0.03822622820734978
0.01911747083067894
0.019550757482647896
0.03353750333189964
0.03209250420331955
0.050610948354005814
0.02949114888906479
0.07709843665361404
0.027157120406627655
0.021125666797161102
0.016235020011663437
0.005129003431648016
0.00618577329441905
0.006791909225285053
0.011587784625589848
0.020236214622855186
0.026280831545591354
0.036580655723810196
0.00926204677671194
0.008558712899684906
0.014223527163267136
0.007825578562915325
0.0029694177210330963
0.04406309127807617
0.05816134810447693
0.11507319658994675
0.017108093947172165
0.010389554314315319
0.043996840715408325
0.019316185265779495
0.015185928903520107
0.04105226323008537
0.005412626545876265
0.008161665871739388
0.010723767802119255
0.061071183532476425
0.010162184946238995
0.00977800041437149
0.021175066009163857
0.030066370964050293
0.006930684670805931
0.02175099402666092
0.15267999470233917
0.03866047039628029
0.01584116742014885
0.01048231776803732
0.01708415150642395
0.022045515477657318
0.0042222002521157265
0.045860711485147476
0.03403468430042267
0.011200260370969772
0.02214139886200428
0.011224348098039627
0.036451391875743866
0.0358484722673893
0.03336012363433838
0.0012377520324662328
0.060551125556230545
0.005099983885884285
0.018352584913372993
0.004426746163517237
0.003426100593060255
0.014547687955200672
0.003561797086149454
0.008691186085343361
0.019836535677313805
0.03006134368479252
0.011031410656869411
0.07459625601768494
0.12492068856954575
0.037797607481479645
0.014854148030281067
0.006130024790763855
0.02301262691617012
0.0316256582736969
0.032425764948129654
0.04494133219122887
0.0057060024701058865
0.0028900764882564545
0.022306591272354126
0.09498996287584305
0.07480788975954056
0.0255134217441082
0.019135843962430954
0.019173434004187584
0.017895188182592392
0.06431881338357925
0.0036347939167171717
0.017719732597470284
0.012542545795440674
0.007223646156489849
0.0064733861945569515
0.009709556587040424
0.021316494792699814
0.11518654227256775
0.007084295153617859
0.0055219512432813644
0.0035849628038704395
0.02562042325735092
0.07278826087713242
0.02491067349910736
0.01270956639200449
0.016573399305343628
0.06896211206912994
0.015391238033771515
0.1377802938222885
0.011095227673649788
0.03563068062067032
0.008191109634935856
0.013862586580216885
0.023712631314992905
0.09353593736886978
0.027491534128785133
0.02421700954437256
0.029276251792907715
0.012367616407573223
0.026336604729294777
0.021011270582675934
0.03609466925263405
0.14992080628871918
0.008266998454928398
0.0042708870023489
0.013124448247253895
0.008884212002158165
0.03574572876095772
0.009885963052511215
0.0155411371961236
0.03726448118686676
0.010169084183871746
0.010114709846675396
0.03229830041527748
0.005932713858783245
0.02356557361781597
0.0307144895195961
0.0210152305662632
0.0542551651597023
0.010303571820259094
0.022913195192813873
0.03138018772006035
0.023589788004755974
0.025164250284433365
0.0038657377008348703
0.01879110373556614
0.03256804123520851
0.011341236531734467
0.013842047192156315
0.03314941003918648
0.028080061078071594
0.026204809546470642
0.06896540522575378
0.038272980600595474
0.02820536121726036
0.011766855604946613
0.007575759664177895
0.03230853006243706
0.028843536972999573
0.03029475174844265
0.01939481869339943
0.022102098912000656
0.007477362174540758
0.013468987308442593
0.017611591145396233
0.03285815566778183
0.01017726305872202
0.003318957518786192
0.005702406167984009
0.012938503175973892
0.008537431247532368
0.021701646968722343
0.017338750883936882
0.034450262784957886
0.0018039006972685456
0.028407666832208633
0.014998386614024639
0.07094273716211319
0.01169502828270197
0.03647758066654205
0.013017998076975346
0.011547040194272995
0.03942641243338585
0.0014781622448936105
0.011079452931880951
0.004886132199317217
0.010861736722290516
0.0645521879196167
0.0034935662988573313
0.018077323213219643
0.01075747236609459
0.016546400263905525
0.047151610255241394
0.011150827631354332
0.03650963678956032
0.0034647572319954634
