0.0034130497369915247
0.0008859274676069617
0.0047582038678228855
0.00035778916208073497
0.006607649382203817
0.00535979587584734
0.008538790047168732
0.0002692007692530751
0.017771821469068527
0.0010653822682797909
0.0010134311160072684
0.009257783181965351
0.001767451991327107
0.0020222626626491547
0.0012720179511234164
0.0018362196860834956
0.0009735648054629564
0.00012434144446160644
0.04087027907371521
0.004403027705848217
0.0030728159472346306
0.006983383093029261
0.00012880918802693486
0.000511175487190485
0.00008979634003480896
0.0001307166094193235
0.0011703025083988905
0.0011785451788455248
0.0003971995029132813
0.008022368885576725
0.0004936630721203983
0.002765426179394126
0.0050689843483269215
0.006459721364080906
0.002996323397383094
0.0004230000777170062
0.022053323686122894
0.003241968806833029
0.0046810428611934185
0.028296036645770073
0.0013799911830574274
0.0005096361273899674
0.00009939929441316053
0.0005713116261176765
0.00017087128071580082
0.0004736080882139504
0.00030462758149951696
0.0005568754859268665
0.001459326595067978
0.0012950595701113343
0.0004863297799602151
0.0008148292545229197
0.0013809283263981342
0.0010437541641294956
0.0023548409808427095
0.0072299521416425705
0.002543449867516756
0.003246990032494068
0.00017155162640847266
0.00043734940118156374
0.00035988661693409085
0.001468357047997415
0.044321075081825256
0.01583404466509819
0.00034274437348358333
0.011224700137972832
0.0013789002550765872
0.01606350764632225
0.0012904324103146791
0.002635947661474347
0.00015054631512612104
0.00010082122753374279
0.00012632308062165976
0.0026976719964295626
0.00023362938372883946
0.0021367159206420183
0.0003933137923013419
0.001140016713179648
0.0020027391146868467
0.0011342758079990745
0.0034535122103989124
0.0027672506403177977
0.0001775981072569266
0.0008451310568489134
0.0015369360335171223
0.0008890358731150627
0.008451641537249088
0.0004554040206130594
0.015998240560293198
0.003357858397066593
0.006820840295404196
0.00034339696867391467
0.002346048131585121
0.0022309350315481424
0.00023425681865774095
0.00007774707046337426
0.008516622707247734
0.008952256292104721
0.0033236669842153788
0.001805208856239915
0.00046528218081220984
0.04745415598154068
0.01131155714392662
0.0005642278701998293
0.0007593730115331709
0.0007481655920855701
0.0010144275147467852
0.002419339958578348
0.00043775042286142707
0.01398743037134409
0.006191071588546038
0.009046494960784912
0.02133183553814888
0.0005710034747608006
0.0013035337906330824
0.000673711474519223
0.002265400253236294
0.00779742980375886
0.0066744545474648476
0.006222792435437441
0.006504070479422808
0.00019692498608492315
0.004136689007282257
0.011408792808651924
0.0008794522727839649
0.061748649924993515
0.0011062026023864746
0.04333047568798065
0.013925375416874886
0.0012621917994692922
0.009352773427963257
0.0015908495988696814
0.0011241416214033961
0.0001568596053402871
0.00031264283461496234
0.0005008380976505578
0.014215773902833462
0.0014327499084174633
0.0004653541254810989
0.002337816869840026
0.000843692512717098
0.012046228162944317
0.0037015206180512905
0.000612147618085146
0.00024144630879163742
0.011333228088915348
0.004315103404223919
0.004081591498106718
0.00859058741480112
0.00011605077452259138
0.00047449031262658536
0.0011445301352068782
0.006519346032291651
0.0035076842177659273
0.0001385122595820576
0.00046866718912497163
0.002240241738036275
0.00004491248546401039
0.00035260769072920084
0.004397266078740358
0.0001206117303809151
0.0012264687102288008
0.0008897295920178294
0.0066837044432759285
0.005390925332903862
0.021028373390436172
0.003562097204849124
0.0015725697157904506
0.015390455722808838
0.0023129163309931755
0.0014132941141724586
0.0003809147165156901
0.002528988756239414
0.00041161334956996143
0.0011658798903226852
0.0017210451187565923
0.0025151052977889776
0.012817954644560814
0.004153700079768896
0.003496347926557064
0.0008498400566168129
0.0005031288601458073
0.0022908002138137817
0.00019007154332939535
0.0015435914974659681
0.001084236311726272
0.002024961868301034
0.0002288708055857569
0.07203443348407745
0.00020950171165168285
0.0004909827839583158
0.000051534356316551566
0.0007515858160331845
0.00036298687336966395
0.002526945900171995
0.000537437736056745
0.004718482028692961
0.009199867025017738
0.004420081153512001
0.006455681752413511
0.0001191866394947283
0.006918525323271751
0.00023737260198686272
0.00033892152714543045
0.0006867099436931312
0.0013696793466806412
0.0007171189645305276
0.0008493261411786079
0.0004614532517734915
0.001382556394673884
0.0012808031169697642
0.0003091806429438293
0.00011905506835319102
0.0007056170725263655
0.0008770585409365594
0.00009919332660501823
0.0006325732101686299
0.014726384542882442
0.023839298635721207
0.0005202182801440358
0.0010126983979716897
0.001364651252515614
0.003968425560742617
0.004647409077733755
0.00129684095736593
0.00034304283326491714
0.001361588016152382
0.006379870697855949
0.0018477579578757286
0.012981749139726162
0.0032757679000496864
0.002412401605397463
0.007831217721104622
0.0009499932057224214
0.00004212096973787993
0.0021269472781568766
0.00028798048151656985
0.0007170343887992203
0.02488747611641884
0.00043669433216564357
0.001160175888799131
0.00007132052269298583
0.003300704527646303
0.0005308303516358137
0.03785185143351555
0.010409555397927761
0.00034503883216530085
0.0030375595670193434
0.0007040352211333811
0.003464268520474434
0.0013496815226972103
0.0017442507669329643
0.01373134832829237
0.00011253168486291543
0.00959311705082655
0.007189428433775902
0.002330709947273135
0.0004112838942091912
0.00027715059695765376
0.0010700745042413473
0.001484743901528418
0.0056300293654203415
0.002203021664172411
0.005910167470574379
0.0006218261551111937
0.00789489597082138
0.0005134690436534584
0.07324018329381943
0.00013836330617778003
0.0011587179033085704
0.00032133053173311055
0.00048228303785435855
0.0011589740170165896
0.0008721798658370972
0.0028967801481485367
0.0005091346683911979
0.0017267664661630988
0.000569951836951077
0.0017683771438896656
0.001947040786035359
0.0017909439047798514
0.012383386492729187
0.0007121829548850656
0.0086913350969553
0.0018315411871299148
0.00015736596833448857
0.025453239679336548
0.0011291137197986245
0.0017361158970743418
0.0021156207658350468
0.006592569872736931
0.00021016060782130808
0.0003333339700475335
0.0002642640902195126
0.001993801211938262
0.00009064850019058213
0.0014683520421385765
0.001458934391848743
0.0011409188155084848
0.0005358813796192408
0.002044924534857273
0.0002198113943450153
0.001941675553098321
0.0063978941179811954
0.0008211137028411031
0.0002295915619470179
0.0003500963794067502
0.0012709539150819182
0.0030748103745281696
0.0013324907049536705
0.011706900782883167
0.010270246304571629
0.008181284181773663
0.0038732634857296944
0.02108963578939438
0.00043942793854512274
0.009482208639383316
0.00047986122081056237
0.01173870638012886
0.0016102418303489685
0.01219695433974266
0.000525281298905611
0.0005615144618786871
0.024038568139076233
0.0005103101138956845
0.00011569815978873521
0.0003813554358202964
0.0038042429368942976
0.00013498769840225577
0.007432460784912109
0.0005875249044038355
0.0008379272185266018
0.0034719842951744795
0.0017451532185077667
0.006666393950581551
0.023051103577017784
0.004224915523082018
0.00016062949725892395
0.005263497121632099
0.006269451230764389
0.0003385613381396979
0.0001655366795603186
0.0000764771830290556
0.002752533880993724
0.00016243998834397644
0.000918637728318572
0.009106628596782684
0.00024453827063553035
0.03445958346128464
0.010400512255728245
0.002620833460241556
0.008265354670584202
0.0005028724553994834
0.010049612261354923
0.00031493348069489
0.002388899214565754
0.0010714454110711813
0.0010220208205282688
0.0009382551070302725
0.0011010608868673444
0.0004874354926869273
0.012943723239004612
0.005099140107631683
0.00023598645930178463
0.032355908304452896
0.0001184346474474296
0.0004496299079619348
0.016585513949394226
0.0002829087898135185
0.005821349564939737
0.00015746831195428967
0.011199476197361946
0.016632216051220894
0.0007166094146668911
0.006093188654631376
0.004980871919542551
0.001324094133451581
0.02985612116754055
0.0011106312740594149
0.008140784688293934
0.0005678044981323183
0.0001184775319416076
0.006717904005199671
0.0052526588551700115
0.0005563223967328668
0.00017625128384679556
0.0011362612713128328
0.007248821202665567
0.0036975571420043707
0.00160453119315207
0.0004074354365002364
0.00036689158878289163
0.0004158917290624231
0.00011973059736192226
0.003229695139452815
0.001541326055303216
0.00045816705096513033
0.012864798307418823
0.0003468864888418466
0.001705918344669044
0.0009321412653662264
0.0023704469203948975
0.031994324177503586
0.0006661886582151055
0.0005676742293871939
0.011490466073155403
0.0018073504325002432
0.03708804026246071
0.0005672252736985683
0.002095718402415514
0.007302217185497284
0.007977524772286415
0.0009293032926507294
0.016138462349772453
0.0014725358923897147
0.0006841762806288898
0.004827592521905899
0.006191715132445097
0.0016347249038517475
0.004014836624264717
0.0005690061952918768
0.00021234940504655242
0.0035811851266771555
0.003478117985650897
0.0006620491039939225
0.005983454640954733
0.0004232372739352286
0.00008078984683379531
0.0004335451521910727
0.013903570361435413
0.04275037720799446
0.008048787713050842
0.0007118512876331806
0.005850287154316902
0.002838208107277751
0.0007312501547858119
0.019692551344633102
0.0002703893114812672
0.001045752433128655
0.0010086752008646727
0.0002475589863024652
0.00023168446205090731
0.027730731293559074
0.003117238637059927
0.0001268608757527545
0.0004472195287235081
0.0026161072310060263
0.000552905723452568
0.0008013137266971171
0.000840027176309377
0.001004139892756939
0.009469259530305862
0.0011178755667060614
0.0003386777243576944
0.0009946428472176194
0.0005508815520443022
0.00000990441367321182
0.0021865973249077797
0.02439287304878235
0.00010134235344594344
0.004232530016452074
0.0005732463905587792
0.009847022593021393
0.00002032325937761925
0.00023653758398722857
0.006947328336536884
0.0056022158823907375
0.00029144587460905313
0.00006518898590002209
0.02096947282552719
0.003051792038604617
0.00018841189739760011
0.0019899921026080847
0.0004894491867162287
0.0006683550891466439
0.0057625239714980125
0.0010442440398037434
0.00017459256923757493
0.013295788317918777
0.006841454654932022
0.02902785688638687
0.003555886447429657
0.003606871236115694
0.00045821815729141235
0.005240246653556824
0.0003667106502689421
0.00029660819564014673
0.00045685702934861183
0.0007444381481036544
0.0017187893390655518
0.0003722140972968191
0.0004575891653075814
0.0591956190764904
0.0017057281220331788
0.001023831544443965
0.012681501917541027
0.0006867024931125343
0.006248889956623316
0.013723825104534626
0.007691688369959593
0.00013960218348074704
0.002134202281013131
0.0039842939004302025
0.001591534586623311
0.0006995749427005649
0.0007881810888648033
0.01181403361260891
0.0004059578641317785
0.021927520632743835
0.0024137981235980988
0.028581127524375916
0.0008817333728075027
0.00043870488298125565
0.008044827729463577
0.0002250104007543996
0.0015947972424328327
0.0018110285745933652
0.0010911562712863088
0.0015827866736799479
0.002508745761588216
0.007619360461831093
0.0002698300522752106
0.00021549614029936492
0.0023084133863449097
0.00042580501758493483
0.00022437622828874737
0.017741035670042038
0.006878681480884552
0.00012261736264918
0.015063547529280186
0.005151223856955767
0.0002532379876356572
0.000573153025470674
0.002860210370272398
0.000643600826151669
0.0006684921099804342
0.00013088775449432433
0.0019575278274714947
0.0010210782056674361
0.0009006505715660751
0.01534430030733347
0.0011569185880944133
0.007036503870040178
0.006179433781653643
0.00029086036374792457
0.00029056379571557045
0.004827020224183798
0.0006481028976850212
0.00017239699081983417
0.019516807049512863
0.00012061148299835622
0.00667168153449893
0.0066522881388664246
0.003339259885251522
0.01605244167149067
0.003012749832123518
0.0057771578431129456
0.004850645549595356
0.001596460584551096
0.0021088013891130686
0.008427503518760204
0.0005554130766540766
0.0037020323798060417
0.00036920866114087403
0.00004399489625939168
0.0005865913699381053
0.00572630949318409
0.004985984414815903
0.015286581590771675
0.00007762659515719861
0.0007083193631842732
0.00018612892017699778
0.0001423976937076077
0.00029263898613862693
0.0042176940478384495
0.0010823209304362535
0.003309778403490782
0.0009382896823808551
0.0035313828848302364
0.004983868449926376
0.010870467871427536
0.00009943309123627841
0.0004985678824596107
0.0012656779726967216
0.002150584477931261
0.0003899539296980947
0.003023672616109252
0.006698903627693653
0.0001721272274153307
0.015353186056017876
0.002398140262812376
0.000924816180486232
0.0055388486944139
0.0019996927585452795
0.013443435542285442
0.00981927290558815
0.0013884090585634112
0.00022547048865817487
0.0014178394339978695
0.0011259122984483838
0.00007537852798122913
0.00037813291419297457
0.009394379332661629
0.015339985489845276
0.00009041233715834096
0.007278146222233772
0.0018592955311760306
0.013059464283287525
0.010373898781836033
0.0005176222766749561
0.0005846445565111935
0.0013812498655170202
0.00023338796745520085
0.0018652656581252813
0.00020664157636929303
0.007352998945862055
0.008573107421398163
0.0005894805071875453
0.005238945130258799
0.002094184746965766
0.001154516008682549
0.0003208613197784871
0.0001203083957079798
0.0012544631026685238
0.0291989017277956
0.000562561908736825
0.0005962919676676393
0.010661987587809563
0.001117994892410934
0.0012367992894724011
0.000713219225872308
0.0008517107926309109
0.004231877159327269
0.0006165772792883217
0.00006873951497254893
0.04570968449115753
0.00006145046791061759
0.021959196776151657
0.004608728922903538
0.0006093318806961179
0.0008293779101222754
0.0018774342024698853
0.006269336212426424
0.0037849973887205124
0.007868476212024689
0.0005389940342865884
0.035059116780757904
0.0001783780026016757
0.00007507243572035804
0.03907901793718338
0.00009692441381048411
0.00009571814734954387
0.0010763307800516486
0.007858050987124443
0.0003492975374683738
0.018366573378443718
0.0000553583558939863
0.0016549783758819103
0.0003613766166381538
0.0007416660664603114
0.007981346920132637
0.001953674713149667
0.0003030393272638321
0.008820046670734882
0.0003156030725222081
0.00672005582600832
0.0048159402795135975
0.0010958282509818673
0.0024192521814256907
0.00021185197692830116
0.013277850113809109
0.0026283436454832554
0.00029167940374463797
0.007196877151727676
0.0018683619564399123
0.0017587828915566206
0.00019060388149227947
0.00005628127109957859
0.022370576858520508
0.010716944932937622
0.0013395227724686265
0.0034953656140714884
0.0003432408848311752
0.027834324166178703
0.00004354909833637066
0.00018568507221061736
0.04431904852390289
0.017591727897524834
0.018870888277888298
0.000412510649766773
0.001347792916931212
0.001267817453481257
0.00010847737576114014
0.002669353736564517
0.0020840626675635576
0.0006615014281123877
0.0006767720333300531
0.005348652135580778
0.007322156801819801
0.0020348902326077223
0.0007262699655257165
0.0000816838801256381
0.0003169628616888076
0.0006971433176659048
0.0011695806169882417
0.013786112889647484
0.03566664084792137
0.021546507254242897
0.0007829862297512591
0.010355189442634583
0.0004842625348828733
0.0029059103690087795
0.0019394948612898588
0.002577464794740081
0.0065187630243599415
0.00007254206138895825
0.00014506562729366124
0.025282463058829308
0.00034522326313890517
0.007173310965299606
0.0014429438160732388
0.00891959946602583
0.019695717841386795
0.00036833263584412634
0.0008427419816143811
0.0022542073857039213
0.0004040095955133438
0.001968326047062874
0.0004094836476724595
0.0002458707895129919
0.0002628625079523772
0.03380439057946205
0.003486430272459984
0.001203677849844098
0.0011153874220326543
0.02105146087706089
0.000019192950276192278
0.014203731901943684
0.0001244257582584396
0.0001615064247744158
0.0011495908256620169
0.00004605186404660344
0.0006237202906049788
0.0020111408084630966
0.0006584812072105706
0.000790214107837528
0.003557461081072688
0.005618771072477102
0.00046411764924414456
0.011018157005310059
0.014628159813582897
0.00005796612094854936
0.001109261647798121
0.00013634476636070758
0.0035918098874390125
0.007354862987995148
0.03277743607759476
0.011687811464071274
0.006469239946454763
0.00010187533189309761
0.002524422714486718
0.0007586023421026766
0.0008046518196351826
0.009654846042394638
0.0019527394324541092
0.000060606493207160383
0.00029859511414542794
0.0035576997324824333
0.0006119960453361273
0.004550471436232328
0.001105974311940372
0.0005940280389040709
0.0002716368471737951
0.00027218161267228425
0.011225087568163872
0.00020664260955527425
0.0006371480994857848
0.009082149714231491
0.004770380910485983
0.0007203866844065487
0.00003821901191258803
0.0015440465649589896
0.017427746206521988
0.005706331692636013
0.0010248690377920866
0.000024138305889209732
0.002550022443756461
0.0002553607919253409
0.0010091576259583235
0.0013003855710849166
0.0048598251305520535
0.0005119334091432393
0.0029254264663904905
0.004193362779915333
0.014963604509830475
0.0001841056946432218
0.005110553000122309
0.0048590307123959064
0.001710481126792729
0.05242381989955902
0.0068656872026622295
0.00038008062983863056
0.0001960350782610476
0.0037523864302784204
0.0057813324965536594
0.0006002144073136151
0.0034447298385202885
0.039865460246801376
0.00139305938500911
0.012229150161147118
0.0010412344709038734
0.0045097824186086655
0.0017683864571154118
0.0003118750755675137
0.012121275067329407
0.0007777129067108035
0.003218993078917265
0.0003254023031331599
0.03192545473575592
0.003304441226646304
0.000033370564779033884
0.0001920082577271387
0.002046934561803937
0.000305286084767431
0.0012938297586515546
0.0008340674685314298
0.020635506138205528
0.0007649884792044759
0.014114683493971825
0.016366858035326004
0.020612560212612152
0.010856464505195618
0.003500570310279727
0.006080328021198511
0.006926059722900391
0.004365214146673679
0.001927379285916686
0.010364311747252941
0.0046332888305187225
0.0026367141399532557
0.0042093489319086075
0.0019762052688747644
0.014349113218486309
0.0002581598237156868
0.008595867082476616
0.002661508973687887
0.003171403193846345
0.006154648493975401
0.00001455998335586628
0.0009281105594709516
0.004557564854621887
0.00030905436142347753
0.03926364332437515
0.00021873060904908925
0.005506264977157116
0.004658776801079512
0.00046762856072746217
0.00016970615251921117
0.0108649842441082
0.0020055286586284637
0.022492673248052597
0.0005421196692623198
0.0011651430977508426
0.00016403965128120035
0.000014808704690949526
0.016888095065951347
0.0005767394322901964
0.0001356380817014724
0.0009436843683943152
0.017861634492874146
0.0003105573123320937
0.00019248915486969054
0.010348263196647167
0.017587952315807343
0.00014315098815131932
0.010491629131138325
0.00023251136008184403
0.00891616940498352
0.02437824197113514
0.002619845559820533
0.0013169993180781603
0.0011604822939261794
0.00035134359495714307
0.008800407871603966
0.000158945782459341
0.0006520964670926332
0.000665521714836359
0.01415111031383276
0.00011038247612304986
0.0002292077406309545
0.00543116545304656
0.0015804690774530172
0.000045880497054895386
0.0034848444629460573
0.0031142334919422865
0.004864776972681284
0.011758835054934025
0.0003960836329497397
0.0008899999666027725
0.001334305154159665
0.007865297608077526
0.00010379520244896412
0.0015223341761156917
0.0033149269875139
0.011105618439614773
0.0008632634999230504
0.0024719005450606346
0.0037009401712566614
0.000030166747819748707
0.00002794567080854904
0.0005610319203697145
0.000018204051229986362
0.0005037199007347226
0.001160648767836392
0.0007348155486397445
0.0006655686302110553
0.0006248478894121945
0.06261692941188812
0.00014115296653471887
0.05066371709108353
0.004283119458705187
0.0005824535619467497
0.00036387619911693037
0.00024283461971208453
0.0016724671004340053
0.0043760137632489204
0.006858523003757
0.01299704797565937
0.013202234171330929
0.0070918770506978035
0.00014506913430523127
0.005675218533724546
0.002390156267210841
0.002616321202367544
0.00048664119094610214
0.000447145604994148
0.0012848295737057924
0.00037151123979128897
0.0010718666017055511
0.009581291116774082
0.005881099496036768
0.0004452293796930462
0.0806211307644844
0.042022258043289185
0.0007738920394331217
0.0005536603275686502
0.010253454558551311
0.0004597570514306426
0.00022506873938255012
0.0009859006386250257
0.0028017207514494658
0.00047485638060607016
0.001376365078613162
0.009881782345473766
0.007570973131805658
0.0008434400660917163
0.003734653117135167
0.00013713364023715258
0.012261077761650085
0.0034648198634386063
0.0022112946026027203
0.08941203355789185
0.00036815344356000423
0.0011117244139313698
0.0035578906536102295
0.00010832378029590473
0.0004068303678650409
0.0005732233985327184
0.0009520389139652252
0.0001967191492440179
0.0005973686929792166
0.028839942067861557
0.0014328503748402
0.0006468374631367624
0.000625529617536813
0.001789011643268168
0.0005410408484749496
0.0001966239942703396
0.0008544555748812854
0.006029010750353336
0.0015464052557945251
0.0005558893317356706
0.003671667305752635
0.026744844391942024
0.0004319139989092946
0.004251511767506599
0.0001733500394038856
0.00968442764133215
0.0001846629020292312
0.0004099096404388547
0.0002629228984005749
0.012055966071784496
0.0003149794938508421
0.007428503129631281
0.00036221626214683056
0.005958500783890486
0.006343182176351547
0.001473340904340148
0.0005370692815631628
0.00012570804392453283
0.0043844846077263355
0.0012972895056009293
0.00004111753514735028
0.000019536020772648044
0.004003820009529591
0.004516368731856346
0.0003257144708186388
0.001330514089204371
0.01347564347088337
0.00018076570995617658
0.0013739158166572452
0.0018857471877709031
0.0026280509773641825
0.0037488508969545364
0.0004213595821056515
0.010768822394311428
0.000034992946893908083
0.0012391298078000546
0.000720913172699511
0.026308413594961166
0.0017802229849621654
0.011942002922296524
0.00012568091915454715
0.0018545467173680663
0.00020308692182879895
0.005715512204915285
0.020342636853456497
0.013576412573456764
0.0008956555975601077
0.00016853558190632612
0.0009325699647888541
0.0033227710518985987
0.0022300677374005318
0.000133582841954194
0.0019918240141123533
0.00014860689407214522
0.0004547742137219757
0.0003605513775255531
0.05586930736899376
0.000957801123149693
0.0033424817956984043
0.027192749083042145
0.001264515332877636
0.00013283611042425036
0.014127331785857677
0.0014895042404532433
0.0002778343332465738
0.0011564877349883318
0.005689474754035473
0.00036055894452147186
0.004889241885393858
0.00004610736505128443
0.0016808485379442573
0.0105598671361804
0.0010004503419622779
0.0009988779202103615
0.00009397909889230505
0.0033332803286612034
0.00003187747279298492
0.0038895229808986187
0.029796181246638298
0.0013000605395063758
0.01409535575658083
0.0006110819522291422
0.00707288458943367
0.003889856394380331
0.021332385018467903
0.0028504887595772743
0.00034190333099104464
0.018297240138053894
0.01106451079249382
0.005163423717021942
0.0040768813341856
0.004972879309207201
0.00008278057066490874
0.006420021411031485
0.00005251129550742917
0.0016950280405580997
0.015237731859087944
0.00021290518634486943
0.00003840368663077243
0.00015803432324901223
0.0011927456362172961
0.0023247296921908855
0.00130236498080194
0.02569950930774212
0.0005213209078647196
0.00383243546821177
0.0030266314279288054
0.0009949869709089398
0.0038667526096105576
0.00047353032277897
0.00020023007527925074
0.0023908340372145176
0.004128608386963606
0.0024897062685340643
0.0006935944547876716
0.012832889333367348
0.0028307526372373104
0.0012748452136293054
0.0051713609136641026
0.00016095345199573785
0.024651257321238518
0.0004080678627360612
0.0046134390868246555
0.0015178456669673324
0.003337270813062787
0.006831252947449684
0.0793273001909256
0.0012211226858198643
0.00845530815422535
0.00014331300917547196
0.0013934660237282515
0.0001222106220666319
0.0028443876653909683
0.022092705592513084
0.0022532010916620493
0.0014853840693831444
0.018280373886227608
0.03225628286600113
0.0009566014632582664
0.006706533953547478
0.00006814523658249527
0.0010273960651829839
0.0003804595326073468
0.0024162721820175648
0.001848847372457385
0.0016657974338158965
0.0005691127735190094
0.01577136293053627
0.00025812641251832247
0.004086257424205542
0.0002862190594896674
0.0021315456833690405
0.00422804756090045
0.0008401147206313908
0.016281144693493843
0.005190396681427956
0.007874569855630398
0.00007234917575260624
0.0005087571917101741
0.006349171511828899
0.09162566810846329
0.0002500440750736743
0.0012536405120044947
0.019639629870653152
0.0037604928947985172
0.0043729571625590324
0.00038392230635508895
0.0028974777087569237
0.02335806004703045
0.007405570242553949
0.00016847629740368575
0.0004333085671532899
0.0004492651205509901
0.050393346697092056
0.004994044080376625
0.0015514233382418752
0.0016617552610114217
0.00021176887094043195
0.0001239294360857457
0.012214618735015392
0.0015248327981680632
0.023157842457294464
0.0005508091417141259
0.00271873502060771
0.00008664632332511246
0.00013220543041825294
0.00281144748441875
0.011783828027546406
0.013379623182117939
0.00004864313450525515
0.00036765210097655654
0.0028249870520085096
0.00415381183847785
0.001200198894366622
0.0003431974910199642
0.0005342679214663804
0.00035529150045476854
0.010477492585778236
0.00010928787378361449
0.007893089205026627
0.00522239413112402
0.018098123371601105
0.0005669967504218221
0.00023310835240408778
0.002065173117443919
0.00004527168130152859
0.007737347856163979
0.00046723027480766177
0.016297679394483566
0.020765744149684906
0.002836334053426981
0.004896031692624092
0.0000067219193624623585
0.0012455086689442396
0.0001638559770071879
0.00040418817661702633
0.0030750837177038193
0.0010159325320273638
0.0013476526364684105
0.007443807553499937
0.005533755291253328
0.00019219695241190493
0.002088263165205717
0.006467539817094803
0.00017783019575290382
0.0072582489810884
0.0004184280114714056
0.00006595779996132478
0.0006105172215029597
0.008418392390012741
0.0013111484004184604
0.0006181149510666728
0.008045471273362637
0.001178861828520894
0.012240656651556492
0.0037490231916308403
0.01628267765045166
0.00030138989677652717
0.0024282666854560375
0.0003339963441248983
0.0007519622449763119
0.00009984805365093052
0.015493866056203842
0.013761420734226704
0.0006670360453426838
0.00399178359657526
0.020688284188508987
0.005887589883059263
0.00017799448687583208
0.015570991672575474
0.0000642448867438361
0.00023572964710183442
0.0018182044150307775
0.019671503454446793
0.017408929765224457
0.0033666715025901794
0.0024549246300011873
0.005273270886391401
0.02197502739727497
0.0033704356756061316
0.0003798030083999038
0.0006500630406662822
0.012359620071947575
0.01880178041756153
0.04005937650799751
0.00023177200637292117
0.0007902032230049372
0.00018693953461479396
0.00027421500999480486
0.0005831088055856526
0.0007142653921619058
0.0014323436189442873
0.0001351875253021717
0.02320626936852932
0.00282513746060431
0.01395836565643549
0.011782380752265453
0.0002657189907040447
0.0011813808232545853
0.02242170087993145
0.09442376345396042
0.00023988107568584383
0.0010176741052418947
0.0005203541950322688
0.015134942717850208
0.0070796748623251915
0.00024425849551334977
0.007190404925495386
0.0006178126204758883
0.001363671268336475
0.0001278999843634665
0.0008057447266764939
0.007405225187540054
0.019443847239017487
0.01883585751056671
0.01821861043572426
0.007608361076563597
0.00006201134237926453
0.0026447393465787172
0.008364751003682613
0.03317561745643616
0.008077147416770458
0.002758751390501857
0.00041145377326756716
0.009251548908650875
0.007148865144699812
0.00020845021936111152
0.0011632076930254698
0.0012223527301102877
0.0011257726000621915
0.0005944662843830884
0.00003358618778293021
0.004009232856333256
0.018624575808644295
0.006783365271985531
0.00021114431729074568
0.0006939535960555077
0.0009297188371419907
0.00014528534666169435
0.0032627424225211143
0.0027695156168192625
0.0005648946389555931
0.009320502169430256
0.009971365332603455
0.021118290722370148
0.003734368132427335
0.01624811440706253
0.03139849752187729
0.0056684305891394615
0.00013488248805515468
0.008454235270619392
0.0001468340342398733
0.0005787750124000013
0.0010332949459552765
0.00009624352242099121
0.0003731953038368374
0.01407385990023613
0.14993560314178467
