0.000104519072920084
0.0021982130128890276
0.0019473453285172582
0.003080750349909067
0.010238030925393105
0.0009980620816349983
0.0005898130475543439
0.00035865497193299234
0.0006036360282450914
0.0018990847747772932
0.0014340962516143918
0.003760380670428276
0.00024688633857294917
0.000588437367696315
0.0011983101721853018
0.0110852075740695
0.016701266169548035
0.025528158992528915
0.0001467281545046717
0.0067617520689964294
0.0026082810945808887
0.0010753960814327002
0.00038872301229275763
0.001256039715372026
0.000967677915468812
0.0001636087690712884
0.0003447465714998543
0.002738830167800188
0.00018171261763200164
0.02719361148774624
0.000029438140700221993
0.0005495765944942832
0.00013422229676507413
0.00028750780620612204
0.0004990442539565265
0.0007199501269496977
0.00012000895367236808
0.00039219472091645
0.024428747594356537
0.0013935817405581474
0.0002807212877087295
0.0005328143015503883
0.0007679684786126018
0.006333297584205866
0.00013166788266971707
0.0016990072326734662
0.0027749633882194757
0.0004191087500657886
0.00018358822853770107
0.004046508576720953
0.0003585837548598647
0.014750734902918339
0.00013492829748429358
0.003185547888278961
0.0004507281701080501
0.00003652840678114444
0.0018550079548731446
0.00013439067697618157
0.00013340674922801554
0.005646971985697746
0.011078032664954662
0.007221324369311333
0.0024379980750381947
0.023089809343218803
0.0009132527629844844
0.0001595228968653828
0.0005773091688752174
0.01146081555634737
0.015168526209890842
0.0007317549316212535
0.013591252267360687
0.0017448982689529657
0.000787737313657999
0.0007929207640700042
0.0003152386925648898
0.0007009829860180616
0.022814130410552025
0.002094535157084465
0.003800424747169018
0.0016626742435619235
0.0031395081896334887
0.0006554593564942479
0.011634664610028267
0.0014773211441934109
0.00102640048135072
0.006859876681119204
0.00765979802235961
0.009303121827542782
0.0005158803542144597
0.0006287034484557807
0.0059912852011621
0.004149239044636488
0.0007500927313230932
0.0001615142828086391
0.00009204271191265434
0.00751270167529583
0.00022106070537120104
0.0001690918579697609
0.02083001844584942
0.0004615892539732158
0.007969815284013748
0.0026797750033438206
0.004925610963255167
0.00044892626465298235
0.0009043300524353981
0.0053331321105360985
0.01696804352104664
0.003898748429492116
0.009908448904752731
0.0012815799564123154
0.0021113224793225527
0.0016219399403780699
0.0029165796004235744
0.0009495546692050993
0.006337277591228485
0.011363903991878033
0.008123712614178658
0.0005863348487764597
0.006523300893604755
0.00031846019555814564
0.0012817488750442863
0.008111849427223206
0.00004900157728116028
0.003264965023845434
0.000218868677620776
0.00011166810872964561
0.00012246180267538875
0.0013863341882824898
0.0001757579593686387
0.0007043253281153738
0.0009211460710503161
0.0010339113650843501
0.004454605281352997
0.005798819474875927
0.0009782218839973211
0.0008328207768499851
0.011899673379957676
0.001541414181701839
0.0008715949952602386
0.0040996139869093895
0.00007896590977907181
0.0011843399843201041
0.0019224489806219935
0.007262410596013069
0.004584250971674919
0.005336388945579529
0.00027116102864965796
0.0009461838053539395
0.000520655361469835
0.000025934836230590008
0.00025966891553252935
0.0027649339754134417
0.002917586825788021
0.010197189636528492
0.00046598733752034605
0.0006342176930047572
0.006070668343454599
0.017263930290937424
0.0013285452732816339
0.0162646546959877
0.0024967456702142954
0.00252185738645494
0.00011512711353134364
0.0019917048048228025
0.022892266511917114
0.00006955519347684458
0.004127100110054016
0.026219554245471954
0.007020983844995499
0.00004523912139120512
0.0007716299151070416
0.0019298078259453177
0.02702959068119526
0.002537902444601059
0.0432572178542614
0.0039968229830265045
0.009141848422586918
0.008162950165569782
0.00011407279089326039
0.0016974809113889933
0.0007833353010937572
0.0006617017788812518
0.017220262438058853
0.000483944226289168
0.0031294897198677063
0.001065137330442667
0.0012344017159193754
0.0001313140819547698
0.00012483788304962218
0.0019375545671209693
0.0008628155919723213
0.00022893537243362516
0.0068956478498876095
0.0007740084547549486
0.00248239329084754
0.037651561200618744
0.002265595830976963
0.00007850283873267472
0.022416071966290474
0.020987335592508316
0.0004654920194298029
0.0001576218055561185
0.0002247162483399734
0.0109169352799654
0.00023794466687832028
0.0017879658844321966
0.018831556662917137
0.012532293796539307
0.004701534751802683
0.05685120448470116
0.01371761318296194
0.03870951384305954
0.005087240133434534
0.0019302427535876632
0.0006466895574703813
0.0006582274800166488
0.000009716767635836732
0.0009361827396787703
0.00022211142641026527
0.0007998454966582358
0.00042029854375869036
0.002156585920602083
0.0006719605880789459
0.0019113706657662988
0.012870926409959793
0.0014540599659085274
0.00040474257548339665
0.05088910833001137
0.01180132944136858
0.01826663315296173
0.001968842465430498
0.0062752109952270985
0.00809057243168354
0.016209930181503296
0.00039004991413094103
0.00023853409220464528
0.01899019628763199
0.00219372333958745
0.0004940561484545469
0.007475835736840963
0.0006419810233637691
0.00046063520130701363
0.0462828055024147
0.00040278356755152345
0.003947867546230555
0.030845802277326584
0.0005228531081229448
0.0024882331490516663
0.006553554441779852
0.04291720315814018
0.0019407665822654963
0.00015968289517331868
0.02000999264419079
0.0004890377749688923
0.010330741293728352
0.0038566954899579287
0.005564278922975063
0.00011192501551704481
0.00011393369641155005
0.0023473077453672886
0.013196181505918503
0.0031069649849087
0.0028142810333520174
0.007236311677843332
0.00062465516384691
0.0007852761191315949
0.014694081619381905
0.0020830172579735518
0.00030705949757248163
0.0018387926975265145
0.0038841543719172478
0.00027062647859565914
0.0029906269628554583
0.0001425077934982255
0.003277683164924383
0.0011943548452109098
0.03014356642961502
0.00044162271660752594
0.0007025371305644512
0.003001338802278042
0.016109494492411613
0.0003287547151558101
0.007394180167466402
0.0025356521364301443
0.0005486695445142686
0.00005631711974274367
0.000035695313272299245
0.0006278916844166815
0.0008315423037856817
0.003873973386362195
0.00044519020593725145
0.0002871595206670463
0.0020113883074373007
0.003224200801923871
0.00039175839629024267
0.03750866279006004
0.00013033018331043422
0.0008666480425745249
0.00032017193734645844
0.0002257572632515803
0.005705706309527159
0.004480722825974226
0.0037648219149559736
0.010609107092022896
0.007756410166621208
0.002060478553175926
0.003606315702199936
0.013673395849764347
0.009737137705087662
0.0006917532300576568
0.0015244657406583428
0.0000197716653929092
0.0001191779738292098
0.0001561411190778017
0.0017491750186309218
0.04774068668484688
0.000159829156473279
0.012280134484171867
0.002115176059305668
0.0009137144079431891
0.000305225548800081
0.0018196710152551532
0.00009177127503789961
0.0006241517839953303
0.003801479935646057
0.00018971497775055468
0.0015183347277343273
0.0004368263762444258
0.0001320525916526094
0.000319730635965243
0.00018064647156279534
0.023374373093247414
0.021198246628046036
0.0001888985570985824
0.0005230048554949462
0.0012796771479770541
0.0002262943598907441
0.02110324800014496
0.015993811190128326
0.00022512162104249
0.005125934723764658
0.00014444434782490134
0.00022318284027278423
0.00009399237023899332
0.0010176118230447173
0.0003326755831949413
0.00023315762518905103
0.0002422090619802475
0.0008517287787981331
0.005728880409151316
0.00018077138520311564
0.015504030510783195
0.019243741407990456
0.0006646918482147157
0.0035290904343128204
0.014545888639986515
0.012271521613001823
0.0031108506955206394
0.019838303327560425
0.0058094835840165615
0.03859464451670647
0.00024522279272787273
0.0031224312260746956
0.0011121347779408097
0.0031435631681233644
0.0004945824039168656
0.002217042027041316
0.0002460245741531253
0.00006100015525589697
0.001702678739093244
0.0013927245745435357
0.0010619207751005888
0.0015780881512910128
0.02101045474410057
0.03295169770717621
0.003744213841855526
0.011893561109900475
0.003650716273114085
0.00007117271889001131
0.001196808647364378
0.0031882436014711857
0.0002789462450891733
0.00015617946337442845
0.0002413308247923851
0.010726826265454292
0.0007370414678007364
0.0003510543319862336
0.00206749327480793
0.00013190829486120492
0.0011826592963188887
0.0007583771366626024
0.0025454687420278788
0.000042876559746218845
0.0003110259131062776
0.021984733641147614
0.003235194366425276
0.0004605496651493013
0.0011387539561837912
0.00028773490339517593
0.003383512841537595
0.04390920326113701
0.00433214008808136
0.00033912083017639816
0.018793001770973206
0.0005863343249075115
0.055811453610658646
0.02175901271402836
0.011242576874792576
0.0002458622329868376
0.00004678631012211554
0.00006239038339117542
0.00175876310095191
0.000483810348669067
0.002835532184690237
0.00014243081386666745
0.031278274953365326
0.005834159906953573
0.0000762521376600489
0.0006387070752680302
0.00007766112685203552
0.00009458289423491806
0.012873244471848011
0.001774514326825738
0.03234472870826721
0.000765531905926764
0.00023575752857141197
0.000697908631991595
0.004224990028887987
0.00420221546664834
0.00017865491099655628
0.008460788056254387
0.00011252753029111773
0.00020496371143963188
0.0051496620289981365
0.0018703032983466983
0.021680401638150215
0.006475368048995733
0.0025346800684928894
0.00007821001054253429
0.0003924265911336988
0.00009714772022562101
0.009310011751949787
0.00003299783929833211
0.00002739664341788739
0.00039105163887143135
0.0015957718715071678
0.0015209614066407084
0.00022787219495512545
0.0002966760366689414
0.019578538835048676
0.0011661320459097624
0.011787434108555317
0.0037825412582606077
0.005644458346068859
0.019571829587221146
0.00035801820922642946
0.00011012480536010116
0.00014451282913796604
0.00010633935016812757
0.00039953459054231644
0.019838595762848854
0.0004906286485493183
0.0006879481952637434
0.00163998210337013
0.007854977622628212
0.00018617695604916662
0.0001685123424977064
0.0012078379513695836
0.0024341249372810125
0.000034940319892484695
0.00011263736087130383
0.011084204539656639
0.0007114160107448697
0.00043789317714981735
0.0012858306290581822
0.003183616092428565
0.003807758679613471
0.00010916600149357691
0.0015826817834749818
0.0038490791339427233
0.00053813261911273
0.00009532779949950054
0.0017323821084573865
0.00030915701063349843
0.031761109828948975
0.004403783939778805
0.013047166168689728
0.0003112067061010748
0.0001059060959960334
0.00034965775557793677
0.006706684827804565
0.0001546570856589824
0.010452348738908768
0.0003810637863352895
0.0018878781702369452
0.0010533416643738747
0.012677215971052647
0.006685519590973854
0.00036675078445114195
0.014652175828814507
0.0012746482389047742
0.00018927834753412753
0.0006939635495655239
0.00004028441617265344
0.0022299590054899454
0.010466526262462139
0.0005599749856628478
0.00017492234474048018
0.000038020836655050516
0.001895866822451353
0.006761595606803894
0.00021507323253899813
0.0049131689593195915
0.007883254438638687
0.005594546440988779
0.0003850867797154933
0.002984871156513691
0.00017221634334418923
0.0010096291080117226
0.012485562823712826
0.002639757702127099
0.006498159375041723
0.010019354522228241
0.000017928812667378224
0.000745265802834183
0.0003634586464613676
0.003127296920865774
0.02249026671051979
0.019269676879048347
0.0024456074461340904
0.033358585089445114
0.00011299380275886506
0.003323440905660391
0.007855545729398727
0.0007381979958154261
0.0005169880460016429
0.003933118190616369
0.012439187616109848
0.00013129030412528664
0.013922875747084618
0.008417065255343914
0.001109640346840024
0.0000450255029136315
0.0015658542979508638
0.003761858679354191
0.0021394677460193634
0.012104401364922523
0.008556099608540535
0.00006824768206570297
0.00001124405116570415
0.00010689557529985905
0.000458076479844749
0.0006941180909052491
0.00197237404063344
0.0024614601861685514
0.00010793718683999032
0.002184300683438778
0.009465208277106285
0.0022287433966994286
0.0011003471445292234
0.00011024464038200676
0.00019692703790497035
0.0015910067595541477
0.0011259505990892649
0.01133474987000227
0.008339817635715008
0.0007393640116788447
0.020513424649834633
0.008330163545906544
0.003604358062148094
0.0012449747882783413
0.0003198302583768964
0.0006985352956689894
0.005634448491036892
0.001456630416214466
0.0002721782075241208
0.00016627639706712216
0.0015976420836523175
0.0022447998635470867
0.00006386588211171329
0.011321652680635452
0.00006310800381470472
0.0017825105460360646
0.0003251289890613407
0.014786934480071068
0.0026707968208938837
0.000165385048603639
0.00001805491956474725
0.0002834511687979102
0.023007821291685104
0.00021774681226816028
0.000662651495076716
0.000037780089769512415
0.0009055763948708773
0.013620374724268913
0.0014236737042665482
0.00012145578511990607
0.0005684015341103077
0.00032125244615599513
0.0006482488242909312
0.0017927145818248391
0.00004766833080793731
0.0028121776413172483
0.0009335808572359383
0.0024265304673463106
0.00005134047387400642
0.004216507077217102
0.0023083395790308714
0.0002340675564482808
0.004959539044648409
0.002339704195037484
0.001201071310788393
0.0023732176050543785
0.0009158549946732819
0.01980116032063961
0.0007986246491782367
0.00014697943697683513
0.00008611608791397884
0.00012365065049380064
0.00018493695824872702
0.02849656343460083
0.00035731299431063235
0.006336632184684277
0.0016549269203096628
0.0004292883677408099
0.0006867675110697746
0.002406587591394782
0.00019260510453023016
0.02988995611667633
0.006590376142412424
0.0030747081618756056
0.0001316192647209391
0.0015963668702170253
0.00035518352524377406
0.012286530807614326
0.0005736438324674964
0.0003424023452680558
0.0053748153150081635
0.014553487300872803
0.023119812831282616
0.00031013591797091067
0.011945432983338833
0.00012796917872037739
0.00021595881844405085
0.0006863166345283389
0.0005126328323967755
0.00007806708163116127
0.0019300257554277778
0.00010078104969579726
0.0003279675147496164
0.003136137267574668
0.001437796512618661
0.014282790012657642
0.00019191302999388427
0.00008205187623389065
0.00003006077531608753
0.0001998738298425451
0.0029240965377539396
0.006679588463157415
0.022238269448280334
0.003867983352392912
0.001760460902005434
0.0009975438006222248
0.0007026224629953504
0.0008872870821505785
0.0004809092206414789
0.0009633516892790794
0.0006346519803628325
0.015292348340153694
0.0019272135104984045
0.009285420179367065
0.0016267112223431468
0.004694691859185696
0.002466257195919752
0.0005750578129664063
0.002679722849279642
0.0000847241681185551
0.0008779108757153153
0.0005885687423869967
0.01839856244623661
0.00007821108738426119
0.00008238587179221213
0.0001254729286301881
0.0019410931272432208
0.0075842468068003654
0.03353617340326309
0.0025623708497732878
0.0005577470874413848
0.0006769628962501884
0.005887751001864672
0.0011955109657719731
0.015385675244033337
0.00034618869540281594
0.0025865763891488314
0.0013777413405478
0.0007158572552725673
0.004075897391885519
0.0006552658742293715
0.003436489962041378
0.001590783940628171
0.008197221904993057
0.0026586621534079313
0.003581558121368289
0.009967749007046223
0.008521218784153461
0.001065903576090932
0.0027132986579090357
0.012273642234504223
0.004328387789428234
0.025333084166049957
0.0003843639569822699
0.0004356727295089513
0.00011707560770446435
0.0006213677115738392
0.001369871781207621
0.0007035964517854154
0.00025980218197219074
0.0025102656800299883
0.0006138733006082475
0.000022546781110577285
0.001142732216976583
0.00019347353372722864
0.008563137613236904
0.00012712297029793262
0.003395592560991645
0.00105202104896307
0.02766714058816433
0.0012910693185403943
0.0224390160292387
0.0027546219062060118
0.001831238972954452
0.0002537668915465474
0.002052983269095421
0.00019603273540269583
0.0003485040506348014
0.011681687086820602
0.00013813340046908706
0.00019514680025167763
0.0017842467641457915
0.0011028487933799624
0.0016927579417824745
0.008444796316325665
0.00021382307750172913
0.014736633747816086
0.00009892597154248506
0.0010991967283189297
0.00048327393596991897
0.0005103981238789856
0.01881396397948265
0.000050033464503940195
0.05642827972769737
0.0001627974270377308
0.03271528333425522
0.005525090731680393
0.015735764056444168
0.0003571349079720676
0.003484009299427271
0.00575226079672575
0.010000409558415413
0.0033950952347368
0.010729731060564518
0.0024900007992982864
0.00042532614315859973
0.00024832409690134227
0.000024517074052710086
0.0002798984060063958
0.0007184407440945506
0.000017354710507788695
0.0030899345874786377
0.0011549070477485657
0.008217394351959229
0.006124110426753759
0.00012579740723595023
0.00007638907118234783
0.00011688192171277478
0.0005018418887630105
0.0005476248916238546
0.0009611248970031738
0.0005262594204396009
0.0001235177187481895
0.00012458734272513539
0.0066903322003781796
0.0014527098974213004
0.0014059139648452401
0.0021711220033466816
0.0004997079959139228
0.0068337260745465755
0.00015382510900963098
0.010603350587189198
0.000054684802307747304
0.0011635413393378258
0.0008245148928835988
0.0002911542833317071
0.003885761136189103
0.0001376515720039606
0.00011375375470379367
0.0006212611915543675
0.0015160328475758433
0.005665394011884928
0.000563204288482666
0.00011529482435435057
0.00009949331433745101
0.0007773584220558405
0.0005562651203945279
0.00007833476411178708
0.000618979160208255
0.0005284338258206844
0.0014992165379226208
0.0007978624780662358
0.003792951349169016
0.00047337659634649754
0.00018367331358604133
0.00027629200485534966
0.00036017276579514146
0.004507768899202347
0.0000541059416718781
0.00015283034008461982
0.00014780975470785052
0.00005864178092451766
0.00032766381627880037
0.0008191224769689143
0.005052601452916861
0.000058318732044426724
0.00019715460075531155
0.0009926847415044904
0.0003158765903208405
0.0052665784023702145
0.0011672237887978554
0.0005510059418156743
0.014029961079359055
0.0023658182471990585
0.00040109464316628873
0.014817842282354832
0.0020861292723566294
0.0002714312286116183
0.00016591059102211148
0.0008325692033395171
0.0006238424684852362
0.0006790141342207789
0.02115103043615818
0.009140752255916595
0.0003066050703637302
0.000603242835495621
0.002463048556819558
0.0015247231349349022
0.00012594190775416791
0.0009320941753685474
0.0009713030303828418
0.00405878433957696
0.0009903445607051253
0.00005158210842637345
0.0004930691793560982
0.002898162230849266
0.011170140467584133
0.0008444645209237933
0.0005912366323173046
0.0063393390737473965
0.00010303493036190048
0.0023189401254057884
0.0069513339549303055
0.0014307389501482248
0.00048509991029277444
0.0009339362732134759
0.014163515530526638
0.0034188926219940186
0.0016404903726652265
0.000024274584575323388
0.0005966236931271851
0.0008502356940880418
0.00008791908476268873
0.0123247429728508
0.00009186349780065939
0.003752337768673897
0.01655619777739048
0.00003001760705956258
0.0008243670454248786
0.00037832980160601437
0.0004253388615325093
0.0006087431684136391
0.00022470846306532621
0.0013967063277959824
0.00247990433126688
0.00024706521071493626
0.0014700604369863868
0.01929706707596779
0.0005068478058092296
0.0033225035294890404
0.00032284180633723736
0.0008138244156725705
0.00942809134721756
0.0006874334067106247
0.0002376952179474756
0.012785207480192184
0.016696952283382416
0.00022594370238948613
0.00022490085393656045
0.0004016025341115892
0.021743174642324448
0.0073362416587769985
0.0038260871078819036
0.00015041930601000786
0.000427850492997095
0.000980845419690013
0.0019647718872874975
0.004888813477009535
0.0020478989463299513
0.00025953902513720095
0.0049565499648451805
0.015685373917222023
0.0008911938639357686
0.005959288217127323
0.00332085439004004
0.0025405287742614746
0.0017673627007752657
0.00011974017252214253
0.0024668758269399405
0.00714358314871788
0.00022647767036687583
0.0003884483885485679
0.0001417956518707797
0.012684864923357964
0.00043444547918625176
0.012156317941844463
0.0009037661948241293
0.023321960121393204
0.0008801413932815194
0.0005464428686536849
0.00036908939364366233
0.0002794913889374584
0.011745168827474117
0.0018274715403094888
0.005916779860854149
0.0020512682385742664
0.005721069872379303
0.0001645645243115723
0.0008708215900696814
0.001057252287864685
0.026095477864146233
0.0015770622994750738
0.003928495105355978
0.002735159359872341
0.04096101596951485
0.0003701046225614846
0.00006557201413670555
0.000620660895947367
0.00014480607933364809
0.0025335310492664576
0.000799552712123841
0.04167232662439346
0.00025725821615196764
0.0005759496707469225
0.006570428144186735
0.00640447624027729
0.002412524539977312
0.007719041313976049
0.0017384594539180398
0.002458954695612192
0.000152630265802145
0.006321294233202934
0.007702874951064587
0.000030421082556131296
0.000028496993763837963
0.014615251682698727
0.026841258630156517
0.007013267371803522
0.0017470978200435638
0.01416701078414917
0.0002114295493811369
0.0002354252792429179
0.00025895360158756375
0.00005999934364808723
0.04033080115914345
0.00015412805078085512
0.0001775664131855592
0.0005216394201852381
0.00008615063416073099
0.0014309067046269774
0.00009678932838141918
0.0025126636028289795
0.0283085685223341
0.01863422617316246
0.025480248034000397
0.010533039458096027
0.003970860969275236
0.0028159143403172493
0.0032579817343503237
0.00024054694222286344
0.004142624791711569
0.01818092353641987
0.0038673351518809795
0.0016600298695266247
0.00016211331239901483
0.009539387188851833
0.0030546137131750584
0.007133008912205696
0.03996150195598602
0.0009943380719050765
0.006739818956702948
0.0005997862899675965
0.000012918249922222458
0.000016915053492994048
0.0006136152078397572
0.05177377909421921
0.0009859410347416997
0.000021574342099484056
0.009715150110423565
0.00006272405880736187
0.020868027582764626
0.0028988420963287354
0.020599130541086197
0.00352896167896688
0.00004008813630207442
0.001982809044420719
0.0001494196621933952
0.0006345539586618543
0.0018356615910306573
0.005181914661079645
0.005463697947561741
0.001559072989039123
0.005944834090769291
0.0018572361441329122
0.031224582344293594
0.0013026995584368706
0.0013933370355516672
0.00201894948258996
0.00023026307462714612
0.0007272350485436618
0.0014221991878002882
0.010374730452895164
0.0021579170133918524
0.00886200089007616
0.0015891280490905046
0.0012996962759643793
0.0008771858992986381
0.004887049552053213
0.00092465610941872
0.00005566544132307172
0.0006103431805968285
0.004146723076701164
0.000057237666624132544
0.0001840502372942865
0.00022675470972899348
0.00015744304982945323
0.0003029887448064983
0.00006694149487884715
0.0018259735079482198
0.005324515979737043
0.0007667005993425846
0.00471955630928278
0.000025127073968178593
0.0016386802308261395
0.03672364354133606
0.00032051006564870477
0.009911355562508106
0.00037613167660310864
0.00022625715064350516
0.00013075531751383096
0.00009613621659809723
0.00018804275896400213
0.011120704934000969
0.001751200295984745
0.00008591433288529515
0.002581986365839839
0.0008762323413975537
0.011655445210635662
0.00014207285130396485
0.0007307399646379054
0.0008787859114818275
0.004063342232257128
0.0016633550403639674
0.00017758802277967334
0.018150102347135544
0.014062585309147835
0.0000618474732618779
0.0003139424370601773
0.00034530754783190787
0.00011261921463301405
0.00008636871643830091
0.01778622716665268
0.00024925090838223696
0.0006173898582346737
0.00018205541709903628
0.012166338972747326
0.016159135848283768
0.0015202624490484595
0.0033875657245516777
0.0008291779085993767
0.003558281110599637
0.0012457381235435605
0.002952984534204006
0.020650895312428474
0.00006631785072386265
0.00085241295164451
0.0003120560140814632
0.0007554879412055016
0.0102815181016922
0.004938300233334303
0.003947344608604908
0.00010749342618510127
0.010773527435958385
0.005883010104298592
0.027282169088721275
0.009934324771165848
0.0019930172711610794
0.017362717539072037
0.0024489196948707104
0.00004144217018620111
0.00025157033815048635
0.00017889139417093247
0.00005271259942674078
0.006769226398319006
0.00012612712453119457
0.019317226484417915
0.0000588737748330459
0.019138161092996597
0.025447232648730278
0.00021025387104600668
0.02577888034284115
0.004804595373570919
0.00020941215916536748
0.003137178486213088
0.0014645967166870832
0.014072440564632416
0.0007310340879485011
0.015494726598262787
0.0030019490513950586
0.018158219754695892
0.0013749856734648347
0.007487840484827757
0.011194887571036816
0.0024066311307251453
0.0010657153325155377
0.0007780537707731128
0.0004684394516516477
0.0006086737266741693
0.010872474871575832
0.010970261879265308
0.004077456891536713
0.00004017662286059931
0.00130409502889961
0.007492395583540201
0.007341114804148674
0.0021578525193035603
0.012164226733148098
0.012319822795689106
0.02148815058171749
0.000838303123600781
0.030058424919843674
0.0012966084759682417
0.00036284755333326757
0.002177555114030838
0.005010854918509722
0.0014507063897326589
0.00015340239042416215
0.00020666078489739448
0.00005626591882901266
0.0009182009962387383
0.019140485674142838
0.0005085140001028776
0.000024350511012016796
0.003372360486537218
0.02649402990937233
0.00005971693462925032
0.00027413867064751685
0.02002408169209957
0.019564609974622726
0.0018392575439065695
0.00020608723571058363
0.0008254662971012294
0.0018737276550382376
0.0011708408128470182
0.005035223439335823
0.03000735491514206
0.01502505224198103
0.003049821825698018
0.0006354700308293104
0.00005125403549754992
0.0013754760148003697
0.002190906088799238
0.0003426993207540363
0.019482778385281563
0.004488543141633272
0.018084464594721794
0.0005048770690336823
0.01033116690814495
0.0025648099835962057
0.0002509028126951307
0.00956210121512413
0.0019212738843634725
0.0002082847204292193
0.00014235131675377488
0.00009234972822014242
0.001068555866368115
0.0002361507067689672
0.0004217775131110102
0.00018770623137243092
0.02703412063419819
0.007549808360636234
0.0024516505654901266
0.0030465140007436275
0.0019007637165486813
0.00991016160696745
0.0018175827572122216
0.015919415280222893
0.002920696511864662
0.0027821927797049284
0.00010739657591329888
0.0003424649185035378
0.0026955720968544483
0.007082724943757057
0.005252051167190075
0.01550057902932167
0.004063161555677652
0.0029405681416392326
0.00009511036478215829
0.0017532143974676728
0.0003730653552338481
0.0015824055299162865
0.000025831928724073805
0.0007166415452957153
0.003554143011569977
0.0004399005847517401
0.00009663059609010816
0.0047682831063866615
0.0029090726748108864
0.005476563703268766
0.0006585408700630069
0.0002505177690181881
0.00041984557174146175
0.00006847271288279444
0.014955772086977959
0.00146431231405586
0.0006043907487764955
0.000039431943150702864
0.0009822340216487646
0.0011195939732715487
0.0009999716421589255
0.0016590026207268238
0.037938933819532394
0.0020992623176425695
0.0025517833419144154
0.003219395177438855
0.0011494853533804417
0.00151724589522928
0.006118975579738617
0.0013963030651211739
0.0007951199077069759
0.0048652151599526405
0.049098215997219086
0.0006105283391661942
0.004991642199456692
0.000604707223828882
0.00037981432978995144
0.0021041955333203077
0.00042175897397100925
0.002769456710666418
0.0027586580254137516
0.001710129203274846
0.027996916323900223
0.0003782084968406707
0.0010085625108331442
0.0005670479731634259
0.00004611853728420101
0.0009192103170789778
0.009551595896482468
0.000317022786475718
0.001243007369339466
0.0002693630813155323
0.005538965575397015
0.00020463697728700936
0.0010518109193071723
0.01750759407877922
0.003558072494342923
0.00011239280865993351
0.0017409457359462976
0.00016532190784346312
0.007677153218537569
0.0019339327700436115
0.0003217398771084845
0.00310528720729053
0.0004916900652460754
0.0001712710945867002
0.00043482374167069793
0.013549466617405415
0.0008153420058079064
0.00687578646466136
0.00013509637210518122
0.008451065048575401
0.0005568400956690311
0.0002502126735635102
0.00007434967119479552
0.00014041272515896708
0.00009157962631434202
0.0001811542606446892
0.00016732879157643765
0.00011457761138444766
0.0072038075886666775
0.0002854076155927032
0.00011647988867480308
0.00008184724720194936
0.0001989054144360125
0.005316746421158314
0.00589291425421834
0.00005950298873358406
0.0005656243884004653
0.04150727018713951
0.00032191709033213556
0.00013487142859958112
0.0076332613825798035
0.00010875291627598926
0.0028462964110076427
0.0002674247371032834
0.00012104708002880216
0.006370195187628269
0.010080849751830101
0.0010398371377959847
0.019385339692234993
0.0031717142555862665
0.001181804807856679
0.00044735512346960604
