0.010687368921935558
0.02011278085410595
0.0012270525330677629
0.00872902199625969
0.008597471751272678
0.01410664152354002
0.03633461892604828
0.0011972964275628328
0.0025436177384108305
0.02151627466082573
0.0076906755566596985
0.005678763147443533
0.013387746177613735
0.007141763344407082
0.01317561138421297
0.013007263652980328
0.00357798021286726
0.009641444310545921
0.0052016666159033775
0.02565738931298256
0.0016487330431118608
0.021051844581961632
0.015592280775308609
0.08318977057933807
0.010198147036135197
0.044311992824077606
0.0050735073164105415
0.0031354830134660006
0.026442745700478554
0.031699247658252716
0.012287028133869171
0.0027441398706287146
0.03677285835146904
0.005807616747915745
0.029356487095355988
0.01664671301841736
0.04891914129257202
0.011822747997939587
0.0035622823052108288
0.0015167247038334608
0.007053079549223185
0.017365654930472374
0.0422699898481369
0.001517219003289938
0.010390984825789928
0.0007654229993931949
0.00626166258007288
0.00560702383518219
0.03964059054851532
0.003884906880557537
0.005566274747252464
0.01007002592086792
0.0004590663593262434
0.006218705326318741
0.0009805969893932343
0.0037048032972961664
0.005831234622746706
0.006415907293558121
0.012431886047124863
0.010634241625666618
0.005133923143148422
0.004387618042528629
0.008050497621297836
0.013844349421560764
0.021603316068649292
0.0023607329931110144
0.0011070751352235675
0.03915064409375191
0.00952086504548788
0.005364199168980122
0.008768978528678417
0.007030058652162552
0.010088291950523853
0.027956144884228706
0.0076485504396259785
0.0021508908830583096
0.010182596743106842
0.02485293336212635
0.0012016167165711522
0.0013979163486510515
0.009136156179010868
0.0153013551607728
0.012232255190610886
0.0013037166791036725
0.005553617607802153
0.002038491889834404
0.020146040245890617
0.0023028054274618626
0.0019012029515579343
0.008951610885560513
0.005206434056162834
0.004909001290798187
0.023209236562252045
0.0020270037930458784
0.004630970302969217
0.044585250318050385
0.0015990602551028132
0.009050712920725346
0.0024837860837578773
0.020099326968193054
0.015347200445830822
0.027642639353871346
0.007960548624396324
0.0184441227465868
0.0037396892439574003
0.0159588772803545
0.0026252251118421555
0.004360030870884657
0.007430127821862698
0.005376221612095833
0.0011430763406679034
0.0026646507903933525
0.02241509035229683
0.005416504573076963
0.003594691166654229
0.02255854196846485
0.0004924885579384863
0.002710930071771145
0.015984416007995605
0.002094999887049198
0.005852706730365753
0.06882815808057785
0.01978202909231186
0.005940925795584917
0.004178361035883427
0.008597941137850285
0.007711020763963461
0.01605995185673237
0.00507514039054513
0.005593484733253717
0.01353916060179472
0.02800585702061653
0.0011325052473694086
0.002190301427617669
0.011511841788887978
0.0022487142123281956
0.0021226604003459215
0.07096464931964874
0.010105142369866371
0.011859666556119919
0.03145121783018112
0.01141462754458189
0.0024514624383300543
0.004383730702102184
0.024485040456056595
0.010654672980308533
0.0007908383850008249
0.0035223704762756824
0.0014524966245517135
0.026291683316230774
0.01184256374835968
0.0024861397687345743
0.004814417567104101
0.01254111248999834
0.012124015018343925
0.023311562836170197
0.022898240014910698
0.0023562207352370024
0.003461269661784172
0.0020674187690019608
0.004953756462782621
0.008091339841485023
0.005792877171188593
0.0033022689167410135
0.032846130430698395
0.00583232706412673
0.0019015989964827895
0.0009431496728211641
0.004930846858769655
0.011108058504760265
0.0017472911858931184
0.039606012403964996
0.020631590858101845
0.01537468284368515
0.011538507416844368
0.002006602706387639
0.04950859397649765
0.017520932480692863
0.007581465411931276
0.012793648056685925
0.009806101210415363
0.022871574386954308
0.0009243892272934318
0.0011290356051176786
0.000587007321882993
0.01429748348891735
0.0054342192597687244
0.03936750441789627
0.0005089697660878301
0.02316739596426487
0.006125971209257841
0.00039955542888492346
0.0005638283328153193
0.024572579190135002
0.03188244625926018
0.012399312108755112
0.021847940981388092
0.0010202066041529179
0.017400097101926804
0.019734730944037437
0.0008738921605981886
0.009541143663227558
0.0014505836879834533
0.0019756327383220196
0.004263563547283411
0.057760242372751236
0.002089677844196558
0.007270100060850382
0.00963535625487566
0.004486671648919582
0.016354983672499657
0.08134635537862778
0.008251500315964222
0.0005262557533569634
0.029485223814845085
0.011741858907043934
0.005106412339955568
0.05086128041148186
0.001138108316808939
0.013800956308841705
0.0013867606176063418
0.02057221159338951
0.018477164208889008
0.022699451074004173
0.025183353573083878
0.0030578328296542168
0.04481865093111992
0.0036761597730219364
0.012357903644442558
0.020586436614394188
0.0038023332599550486
0.03728603944182396
0.04023134335875511
0.0013289095368236303
0.005183445755392313
0.04159673675894737
0.003219609847292304
0.030526699498295784
0.0022848863154649734
0.008691240102052689
0.004666598979383707
0.010566896758973598
0.001184131600894034
0.0014377962797880173
0.0019229543395340443
0.003140772692859173
0.004778085742145777
0.017021507024765015
0.004578492604196072
0.0015360889956355095
0.00229188846424222
0.0028227129951119423
0.019269069656729698
0.05543708801269531
0.03221345692873001
0.006621009204536676
0.009157801978290081
0.015816589817404747
0.02745579183101654
0.001410900498740375
0.0038766299840062857
0.01894046552479267
0.0034410622902214527
0.002900272374972701
0.0074585978873074055
0.007217662874609232
0.01015613041818142
0.05561056360602379
0.1253269612789154
0.010285814292728901
0.05737944692373276
0.0025091655552387238
0.0003904609475284815
0.017874429002404213
0.010788675397634506
0.0037131095305085182
0.012244154699146748
0.019332392141222954
0.012007943354547024
0.0203537717461586
0.008303050883114338
0.004075932316482067
0.03241753578186035
0.004449981730431318
0.010136300697922707
0.00463791424408555
0.017944661900401115
0.005872590467333794
0.0003483968903310597
0.016191130504012108
0.004129909444600344
0.003581245429813862
0.0016514365561306477
0.03047734871506691
0.01035092119127512
0.005083455238491297
0.0009913449175655842
0.004633255302906036
0.0014993640361353755
0.009950639680027962
0.00213092053309083
0.0017153836088255048
0.002546097617596388
0.012954148463904858
0.0037510190159082413
0.003519392805173993
0.003187432885169983
0.05941389501094818
0.00357014499604702
0.011652071960270405
0.005558419972658157
0.0011419012444093823
0.002703940961509943
0.009244514629244804
0.03888900205492973
0.02218741737306118
0.004120804835110903
0.026484044268727303
0.004236435983330011
0.001985789742320776
0.0007228440954349935
0.03563663735985756
0.0010319891152903438
0.02509649097919464
0.0031077172607183456
0.014829639345407486
0.0030512060038745403
0.04114476591348648
0.004290825221687555
0.014682689681649208
0.0058836545795202255
0.019701778888702393
0.003234495874494314
0.004078153520822525
0.002184537937864661
0.03488602861762047
0.00487208878621459
0.01912742666900158
0.006281876936554909
0.0005679476889781654
0.004557822830975056
0.004784312564879656
0.04890994727611542
0.0023806218523532152
0.007118235807865858
0.038037367165088654
0.0033854541834443808
0.0063306428492069244
0.002288383897393942
0.0010459446348249912
0.005699478555470705
0.013460731133818626
0.01812238059937954
0.021947823464870453
0.009089991450309753
0.0016553797759115696
0.002237149979919195
0.0021840399131178856
0.0062778708525002
0.005291806999593973
0.013833928853273392
0.01734728179872036
0.028630970045924187
0.00523010129109025
0.019736412912607193
0.005682269111275673
0.00570074375718832
0.050554100424051285
0.001116459141485393
0.008602064102888107
0.0014701455365866423
0.00983948353677988
0.004978053737431765
0.02291269786655903
0.01554376631975174
0.006519622169435024
0.01587778329849243
0.0010427968809381127
0.00845765694975853
0.045516129583120346
0.002319666789844632
0.006894475314766169
0.014232196845114231
0.02352525293827057
0.016918707638978958
0.01970679685473442
0.017608053982257843
0.05233418196439743
0.007020687684416771
0.001380275934934616
0.013741190545260906
0.0399109348654747
0.0029091136530041695
0.015638599172234535
0.007741282228380442
0.005609435960650444
0.002066743327304721
0.05909721553325653
0.001644267700612545
0.012615196406841278
0.00007908807310741395
0.001036898116581142
0.0009877124102786183
0.004854269791394472
0.0021392765920609236
0.0227197278290987
0.05912298336625099
0.007862827740609646
0.009808545000851154
0.005914520937949419
0.015071297995746136
0.011889487504959106
0.01018311083316803
0.008831478655338287
0.034165967255830765
0.00462891161441803
0.0007494536694139242
0.0006149534601718187
0.005505785811692476
0.0007529877475462854
0.004339017905294895
0.008375385776162148
0.005807056091725826
0.0006147262174636126
0.009068949148058891
0.0057997447438538074
0.01817849464714527
0.006192831788212061
0.0544893704354763
0.023432588204741478
0.003270813962444663
0.005835551768541336
0.0038194863591343164
0.0008590669604018331
0.005301810335367918
0.013490780256688595
0.01992882415652275
0.03662968426942825
0.026457589119672775
0.021412961184978485
0.004629721399396658
0.0016998702194541693
0.02023986726999283
0.0010052088182419538
0.0014092304045334458
0.005983051843941212
0.002275851322337985
0.002272477373480797
0.0029901082161813974
0.04579777643084526
0.00792223121970892
0.004654880613088608
0.07420633733272552
0.01858583092689514
0.02043920010328293
0.008923456072807312
0.02575722336769104
0.0007129149162210524
0.0020733994897454977
0.00299847056157887
0.011238365434110165
0.0038109770976006985
0.02578284591436386
0.00792083889245987
0.019483890384435654
0.0014765196247026324
0.0036853915080428123
0.007327943574637175
0.011705881915986538
0.011405963450670242
0.013736452907323837
0.0038729202933609486
0.019591962918639183
0.008696280419826508
0.011397220194339752
0.0010365033522248268
0.004179626237601042
0.007836014963686466
0.03233571723103523
0.00024710511206649244
0.0042794616892933846
0.0024347722064703703
0.001143723726272583
0.0017244259361177683
0.0018741117091849446
0.001982059795409441
0.05348001420497894
0.008767105638980865
0.0007676254608668387
0.0002891564799938351
0.013655906543135643
0.02550097554922104
0.004096691496670246
0.0014723913045600057
0.0004053356824442744
0.008014539256691933
0.04342447593808174
0.06615468114614487
0.0004400622274260968
0.0014540352858603
0.0002574212267063558
0.023397086188197136
0.005577207077294588
0.009908550418913364
0.0072025409899652
0.0011690015671774745
0.0011503405403345823
0.0028782880399376154
0.0031620508525520563
0.036278773099184036
0.005035581067204475
0.01809045672416687
0.01935781165957451
0.03364675119519234
0.009190508164465427
0.0035711913369596004
0.006741953082382679
0.008123141713440418
0.0015750363236293197
0.0249496940523386
0.0008802798693068326
0.012137140147387981
0.02354016713798046
0.020229674875736237
0.00474005239084363
0.03346586599946022
0.05465802177786827
0.04516415670514107
0.0012633833102881908
0.0007117015193216503
0.004358439240604639
0.0660720244050026
0.02166065387427807
0.02288953959941864
0.0048318589106202126
0.022318581119179726
0.03066631220281124
0.0026277024298906326
0.0002837805077433586
0.0013174989726394415
0.038034576922655106
0.024787206202745438
0.016258830204606056
0.02082642912864685
0.024862363934516907
0.014647838659584522
0.006334733217954636
0.0009747865260578692
0.01211206428706646
0.01163333747535944
0.003908658400177956
0.0012085053604096174
0.00393765140324831
0.004607709124684334
0.020373918116092682
0.0032329941168427467
0.05660440772771835
0.014792161993682384
0.008215954527258873
0.0019077149918302894
0.01809735782444477
0.009302216582000256
0.001613374799489975
0.003506099572405219
0.0022699381224811077
0.006475050002336502
0.01129104197025299
0.011987288482487202
0.01242859661579132
0.0014501294353976846
0.0018133858684450388
0.004004760179668665
0.0025426778011024
0.0030200660694390535
0.016150910407304764
0.03891473263502121
0.0005713470745831728
0.002352489158511162
0.02753843367099762
0.022215530276298523
0.0028123261872678995
0.0009615475428290665
0.026965999975800514
0.003973652143031359
0.00030319546931423247
0.053496260195970535
0.009626050479710102
0.016510790213942528
0.011822797358036041
0.02784835547208786
0.0024146700743585825
0.015382030978798866
0.02887999266386032
0.0016246529994532466
0.006531562190502882
0.002147057093679905
0.015168658457696438
0.0007943354430608451
0.009459221735596657
0.01437571831047535
0.040846068412065506
0.007498570717871189
0.0017222564201802015
0.056687820702791214
0.010675641708076
0.006954547017812729
0.009898455813527107
0.0055338614620268345
0.0017472485778853297
0.0007888090913183987
0.01698741316795349
0.002644588937982917
0.0051003857515752316
0.008408973924815655
0.028235413134098053
0.004984751809388399
0.021317267790436745
0.0016541285440325737
0.03087824583053589
0.005152516532689333
0.03037460707128048
0.011691542342305183
0.02117491513490677
0.012893321923911572
0.013881565071642399
0.015556016005575657
0.02338535524904728
0.0079410495236516
0.0019190653692930937
0.003323437413200736
0.006560736335813999
0.01692119985818863
0.0010789466323330998
0.01918700337409973
0.0088959950953722
0.0008698496967554092
0.007618130650371313
0.00031465652864426374
0.005952962674200535
0.006536012981086969
0.0008570775389671326
0.004316875711083412
0.008557652123272419
0.0015355536015704274
0.010622113943099976
0.037974461913108826
0.0008788176928646863
0.0014631273224949837
0.020700816065073013
0.003128195181488991
0.007876665331423283
0.012827886268496513
0.03625486046075821
0.0009890489745885134
0.0011612203670665622
0.0018634446896612644
0.013235067948698997
0.003375416621565819
0.013488941825926304
0.02321401797235012
0.01606687903404236
0.001788269029930234
0.004742380231618881
0.009311906062066555
0.0029146072920411825
0.009943478740751743
0.034842994064092636
0.00997244380414486
0.009783252142369747
0.06703807413578033
0.00040918562444858253
0.0218187365680933
0.010941974818706512
0.00083784363232553
0.0010313719976693392
0.0005195625126361847
0.018872028216719627
0.0152317238971591
0.014515511691570282
0.0016647020820528269
0.007530868984758854
0.002396433847025037
0.009192139841616154
0.052722930908203125
0.03455592691898346
0.00890902616083622
0.018508097156882286
0.007782348431646824
0.05509477108716965
0.0024326385464519262
0.03941088914871216
0.00566608551889658
0.006362712476402521
0.0007609979948028922
0.047740060836076736
0.017618123441934586
0.022952981293201447
0.04766307771205902
0.00624837027862668
0.06760053336620331
0.0012397156096994877
0.0012843781150877476
0.06936029344797134
0.01774946041405201
0.027022777125239372
0.009673988446593285
0.03016541711986065
0.008741194382309914
0.003230915404856205
0.012985904701054096
0.0073882159776985645
0.023014789447188377
0.0022912879940122366
0.006706357467919588
0.0023129547480493784
0.002332447562366724
0.029247472062706947
0.0031680583488196135
0.02684652805328369
0.002663680585101247
0.04032463952898979
0.002405511448159814
0.021291106939315796
0.0016711399657651782
0.00382792460732162
0.016264377161860466
0.004856661427766085
0.011254493147134781
0.0036257512401789427
0.022609127685427666
0.058180078864097595
0.005439372733235359
0.005971709731966257
0.0029409558046609163
0.003724651876837015
0.004050728399306536
0.030284006148576736
0.014238796196877956
0.023110518231987953
0.012576032429933548
0.058746546506881714
0.005316414404660463
0.03939009830355644
0.013166209682822227
0.020719140768051147
0.002560167806223035
0.009672694839537144
0.013690127991139889
0.019540613517165184
0.00288736866787076
0.0013737523695454001
0.010885416530072689
0.008265617303550243
0.010852710343897343
0.014878403395414352
0.029599228873848915
0.01835458353161812
0.004975658841431141
0.036491576582193375
0.0015151903498917818
0.008275398053228855
0.01211860403418541
0.010960663668811321
0.010236185044050217
0.0036567540373653173
0.014590044505894184
0.010106999427080154
0.013315022923052311
0.007815268822014332
0.013293466530740261
0.021383922547101974
0.025331560522317886
0.002482240553945303
0.019282212480902672
0.012852126732468605
0.0017752288840711117
0.010409640148282051
0.017144711688160896
0.005039200186729431
0.008641882799565792
0.008176364935934544
0.0035549073945730925
0.021186554804444313
0.008164598606526852
0.0066438899375498295
0.015606703236699104
0.0006059345323592424
0.018642012029886246
0.017404772341251373
0.0017457847716286778
0.010060278698801994
0.012105128727853298
0.0024358821101486683
0.0025659208185970783
0.01048925332725048
0.012392325326800346
0.04323575645685196
0.020418690517544746
0.0077256145887076855
0.0007225718582049012
0.042962852865457535
0.004117355216294527
0.009140473790466785
0.0014653532998636365
0.009763836860656738
0.005937810055911541
0.0058560241013765335
0.014715534634888172
0.019418109208345413
0.011853865347802639
0.006886767223477364
0.019814278930425644
0.0011207831557840109
0.005925308912992477
0.004578873980790377
0.004279831424355507
0.006609627511352301
0.0014930650359019637
0.00104244623798877
0.0006993520073592663
0.004360235296189785
0.0069169215857982635
0.00204009679146111
0.005522618535906076
0.039212100207805634
0.011944837868213654
0.0003163995570503175
0.027237076312303543
0.0033837957307696342
0.00138452451210469
0.04072776809334755
0.02511158399283886
0.08230772614479065
0.025187062099575996
0.004021544475108385
0.040220774710178375
0.013747185468673706
0.01912657730281353
0.005188789684325457
0.013153192587196827
0.0073448671028018
0.0025493367575109005
0.0018204973312094808
0.040500130504369736
0.043222036212682724
0.004353963304311037
0.015912963077425957
0.01986125111579895
0.004739508964121342
0.0527036190032959
0.0016188569134101272
0.001673661288805306
0.0005472554476000369
0.006185939069837332
0.02131083980202675
0.025634819641709328
0.011111126281321049
0.029718067497015
0.00846436619758606
0.0012248853454366326
0.01795571856200695
0.03952914476394653
0.0015151308616623282
0.009447429329156876
0.007237589452415705
0.013896122574806213
0.0008759375778026879
0.0045904177241027355
0.002925889566540718
0.011133141815662384
0.0049193683080375195
0.020124146714806557
0.015032446011900902
0.014306565746665001
0.0022765849716961384
0.004837994929403067
0.005481949541717768
0.005958983674645424
0.013171871192753315
0.020672569051384926
0.001327130594290793
0.005033574067056179
0.006390509195625782
0.01872926764190197
0.0011679793242365122
0.0002174510300392285
0.023496514186263084
0.009194551035761833
0.0014427951537072659
0.010313755832612514
0.0067231496796011925
0.004631931893527508
0.03825569525361061
0.006684171501547098
0.0012626477982848883
0.0044238935224711895
0.0008521367562934756
0.015496441163122654
0.012910670600831509
0.00409333873540163
0.010438777506351471
0.002298086415976286
0.0040403869934380054
0.011232775636017323
0.0032897843047976494
0.010095885954797268
0.010809600353240967
0.007180606946349144
0.06360531598329544
0.0037604172248393297
0.00048615728155709803
0.006507548037916422
0.0018561508040875196
0.01280874852091074
0.03041531704366207
0.0009581093327142298
0.010215670801699162
0.0013683601282536983
0.0008604638278484344
0.010074013844132423
0.0009264149121008813
0.004634204786270857
0.1322065144777298
0.0006332394550554454
0.06791690737009048
0.011123226024210453
0.003477982711046934
0.03604763001203537
0.009192252531647682
0.008906085044145584
0.0009230636642314494
0.014049354940652847
0.001964836847037077
0.0026023939717561007
0.03675500676035881
0.07286359369754791
0.028133071959018707
0.03055710159242153
0.025661520659923553
0.0028770326171070337
0.026087457314133644
0.03221980109810829
0.0022061867639422417
0.05269412696361542
0.02174469828605652
0.017778430134058
0.0009322624537162483
0.009488786570727825
0.00266550132073462
0.008547371253371239
0.01752397231757641
0.028615379706025124
0.0013564903056249022
0.012744898907840252
0.0461677648127079
0.006667385343462229
0.04458406940102577
0.0012463453458622098
0.004074937663972378
0.002025512047111988
0.0033907650504261255
0.0071901315823197365
0.005725055932998657
0.03142627701163292
0.016177456825971603
0.022554608061909676
0.001301105716265738
0.03469147905707359
0.009098179638385773
0.004276920575648546
0.001652489765547216
0.023800626397132874
0.007763865403831005
0.008785237558186054
0.01975979097187519
0.028817852959036827
0.012678871862590313
0.0031450612004846334
0.0014953744830563664
0.027661878615617752
0.001498702447861433
0.0034406560007482767
0.013059389777481556
0.010333731770515442
0.0022865456994622946
0.0014691788237541914
0.010086413472890854
0.004876409657299519
0.03806864097714424
0.0027899853885173798
0.00501639861613512
0.018267566338181496
0.01722746342420578
0.001398934400640428
0.010739149525761604
0.00885669607669115
0.0005460161482915282
0.0065712109208106995
0.009429571218788624
0.008141154423356056
0.007902897894382477
0.013720081187784672
0.030962500721216202
0.022076420485973358
0.019942572340369225
0.012437993660569191
0.022703176364302635
0.006122000981122255
0.004871326964348555
0.002321462379768491
0.0056352270767092705
0.005513612646609545
0.014180349186062813
0.0056958626955747604
0.0027665202505886555
0.01654176414012909
0.015681874006986618
0.00984684657305479
0.000988923478871584
0.0018219691701233387
0.010084660723805428
0.01985158585011959
0.004562705755233765
0.003926712553948164
0.0010870455298572779
0.016822371631860733
0.005639222916215658
0.0053349691443145275
0.00634689861908555
0.0008939681574702263
0.008008155971765518
0.020379621535539627
0.04379262402653694
0.024613529443740845
0.008559546433389187
0.02395610511302948
0.002943006344139576
0.004253889434039593
0.02180761843919754
0.004333588294684887
0.0113894147798419
0.005680197384208441
0.010035854764282703
0.0019147951388731599
0.02491556666791439
0.0045325495302677155
0.000424213387304917
0.0015547614311799407
0.00031124346423894167
0.0032975003123283386
0.002940491074696183
0.001346092438325286
0.006986813619732857
0.006796556990593672
0.006362013053148985
0.009916013106703758
0.00984092429280281
0.003523154417052865
0.02548195607960224
0.021146640181541443
0.002779831876978278
0.0021948430221527815
0.0030344414990395308
0.00447734072804451
0.02179219014942646
0.017631635069847107
0.0035080143716186285
0.0004342794418334961
0.0039131175726652145
0.0012170718982815742
0.005494396202266216
0.000302473665215075
0.0010466043604537845
0.006571425125002861
0.0018888508202508092
0.0013588822912424803
0.0010880501940846443
0.0010919746709987521
0.010468347929418087
0.013720883056521416
0.005215869285166264
0.04220055043697357
0.043644048273563385
0.028713691979646683
0.007384785450994968
0.003150453558191657
0.0020233409013599157
0.00072250678204
0.017655570060014725
0.02039552852511406
0.028762003406882286
0.02185095101594925
0.02953288145363331
0.004782998468726873
0.010331355966627598
0.016236599534749985
0.005585574544966221
0.002947556786239147
0.0018994988640770316
0.011569084599614143
0.0011228418443351984
0.0017296576406806707
0.001240288489498198
0.009083758108317852
0.008027667179703712
0.01718338020145893
0.030035726726055145
0.004327710252255201
0.008697597309947014
0.029021281749010086
0.024639753624796867
0.01373296044766903
0.008365924470126629
0.01388462819159031
0.0025550886057317257
0.004597873892635107
0.005706185474991798
0.01895522139966488
0.0025363601744174957
0.00296372571028769
0.014526676386594772
0.004467322491109371
0.0421462282538414
0.0011786074610427022
0.017257561907172203
0.009831350296735764
0.0032897694036364555
0.002318654442206025
0.007296307012438774
0.018993336707353592
0.0006162545178085566
0.003174673533067107
0.038451503962278366
0.0126702431589365
0.003619095776230097
0.0004470244166441262
0.00513026537373662
0.015282673761248589
0.003273406531661749
0.029731381684541702
0.0044040074571967125
0.004482108633965254
0.010349884629249573
0.001973450183868408
0.0005875129718333483
0.007750050630420446
0.011617773212492466
0.026772279292345047
0.031639520078897476
0.012388907372951508
0.0023627907503396273
0.023223262280225754
0.019359076395630836
0.0005651027895510197
0.00114387646317482
0.0011309641413390636
0.004198611248284578
0.0029217659030109644
0.0034964666701853275
0.029209941625595093
0.00302908499725163
0.0035548394080251455
0.027373386546969414
0.0019615585915744305
0.0013213797938078642
0.001365937408991158
0.001652524690143764
0.012198125012218952
0.0013034811709076166
0.05414107069373131
0.028061524033546448
0.0033516334369778633
0.029488887637853622
0.0012941834283992648
0.00885919202119112
0.002240346046164632
0.005772549193352461
0.013086773455142975
0.016174424439668655
0.005545683205127716
0.031056078150868416
0.015293819829821587
0.009924718178808689
0.019712097942829132
0.0022910849656909704
0.05749828368425369
0.013179757632315159
0.015541460365056992
0.00902570877224207
0.0021955000702291727
0.0209369920194149
0.01199798658490181
0.03171137720346451
0.0010142192477360368
0.014284185133874416
0.006456543225795031
0.010211673565208912
0.013955571688711643
0.002395633840933442
0.005628639366477728
0.010091482661664486
0.0323752835392952
0.0009888261556625366
0.007229492999613285
0.002359124831855297
0.0027326529379934072
0.016978923231363297
0.008704018779098988
0.024101143702864647
0.03581836447119713
0.003876536851748824
0.02776000276207924
0.0011246870271861553
0.02704429440200329
0.0031666867434978485
0.0015566506190225482
0.03981317952275276
0.023899974301457405
0.0017498915549367666
0.0015542376786470413
0.010733467526733875
0.0006740956450812519
0.009147713892161846
0.008190746419131756
0.01489422656595707
0.003593241795897484
0.0006855664541944861
0.008911135606467724
0.031753771007061005
0.008055847138166428
0.018618144094944
0.007083267439156771
0.012471086345613003
0.003768189577385783
0.0035562862176448107
0.0012562592746689916
0.008222611621022224
0.024724064394831657
0.002446302678436041
0.0021828478202223778
0.00023832358419895172
0.0125898951664567
0.0013156678760424256
0.01555194053798914
0.003270496381446719
0.013476856984198093
0.005955659318715334
0.013527882285416126
0.04273831844329834
0.006368470378220081
0.001453508622944355
0.0005850857123732567
0.034996192902326584
0.011034984141588211
0.005237886216491461
0.024295233190059662
0.026914488524198532
0.02124583162367344
0.0008845885749906301
0.00045104039600118995
0.0007264179876074195
0.031306177377700806
0.004706115927547216
0.005486880429089069
0.00518096424639225
0.01109114196151495
0.007888775318861008
0.023222386837005615
0.011427477933466434
0.007400960195809603
0.002994900569319725
0.019156474620103836
0.0254425797611475
0.053253863006830215
0.0020338715985417366
0.013689612969756126
0.003908358048647642
0.02112163044512272
0.010355403646826744
0.003985509742051363
0.0032091212924569845
0.02254083752632141
0.020300189033150673
0.0019747046753764153
0.0017516750376671553
0.0009673428139649332
0.009749822318553925
0.005049033556133509
0.017542850226163864
0.037191275507211685
0.006018133368343115
0.02011965401470661
0.004042035434395075
0.0011041902471333742
0.01941661909222603
0.003552083158865571
0.03606143221259117
0.001918511581607163
0.01905052922666073
0.00558772636577487
0.003798620542511344
0.0036723355296999216
0.02238417975604534
0.00020131478959228843
0.008189977146685123
0.008139126002788544
0.037652865052223206
0.009856401942670345
0.03062301315367222
0.010988612659275532
0.035727113485336304
0.019475489854812622
0.002773491432890296
0.00011788429401349276
0.004063527565449476
0.005937161855399609
0.017228538170456886
0.001981565961614251
0.02307908795773983
0.03769946098327637
