0.004268864635378122
0.0004879280168097466
0.01898924633860588
0.007934322580695152
0.0010030887788161635
0.038924477994441986
0.009035774506628513
0.01293191034346819
0.03477988764643669
0.0024084066972136497
0.005393197759985924
0.006551280152052641
0.009645822457969189
0.07035791128873825
0.014257373288273811
0.02299877442419529
0.02287883125245571
0.048440225422382355
0.018489889800548553
0.007502899970859289
0.008034402504563332
0.006574578117579222
0.015744339674711227
0.004413188900798559
0.004894277546554804
0.003922042436897755
0.0146438954398036
0.02898522838950157
0.012293693609535694
0.043694302439689636
0.0027265853714197874
0.022884489968419075
0.0024250480346381664
0.014948815107345581
0.043087754398584366
0.003222527215257287
0.0018129546660929918
0.0011031350586563349
0.006927949376404285
0.008794208988547325
0.02939251996576786
0.024782123044133186
0.054290950298309326
0.0028938078321516514
0.0034748446196317673
0.05717203766107559
0.003144850954413414
0.06894456595182419
0.0012138236779719591
0.009555314667522907
0.02307971380650997
0.0421530120074749
0.00959349237382412
0.021744998171925545
0.004369582515209913
0.001922265044413507
0.011185415089130402
0.0209922157227993
0.007574357092380524
0.0026364740915596485
0.0013952761655673385
0.061902716755867004
0.034166235476732254
0.010126985609531403
0.009220663458108902
0.03503832593560219
0.0012832533102482557
0.001096055144444108
0.027348969131708145
0.00016741009312681854
0.0009994176216423512
0.0025087364483624697
0.06983532756567001
0.004364234860986471
0.06187604367733002
0.024510592222213745
0.01968049257993698
0.009184479713439941
0.024655666202306747
0.04293818771839142
0.04252799227833748
0.02120225690305233
0.046087175607681274
0.0017196921398863196
0.0024217036552727222
0.007049176841974258
0.040958110243082047
0.0037649518344551325
0.011387959122657776
0.0034513778518885374
0.0064789303578436375
0.0009644375531934202
0.003949176520109177
0.0038406052626669407
0.001320179901085794
0.005115662235766649
0.0072137461975216866
0.006406279746443033
0.010089193470776081
0.03217014670372009
0.010403633117675781
0.00038363481871783733
0.000413371657487005
0.008216995745897293
0.016730261966586113
0.01899123750627041
0.014747755602002144
0.0021709944121539593
0.008856546133756638
0.004835531581193209
0.0005695419386029243
0.004041903652250767
0.018927888944745064
0.005910046398639679
0.045946136116981506
0.0017066204454749823
0.005902872420847416
0.016991930082440376
0.0029914858750998974
0.014897258952260017
0.017819201573729515
0.021303527057170868
0.03426431864500046
0.0007656078087165952
0.013057786971330643
0.07746772468090057
0.012880979105830193
0.01829301007091999
0.01020126510411501
0.0019831855315715075
0.0014504712307825685
0.0008503693388774991
0.007494802121073008
0.0277717262506485
0.0014068555319681764
0.015203339979052544
0.0038549741730093956
0.02330838330090046
0.033501770347356796
0.004332846496254206
0.002536633051931858
0.00894646905362606
0.0380878783762455
0.00248640775680542
0.010207750834524632
0.0040571135468780994
0.0026231659576296806
0.07240969687700272
0.015002136118710041
0.010318247601389885
0.0012895908439531922
0.001496424782089889
0.011367891915142536
0.00432823970913887
0.021711502224206924
0.0054676728323102
0.021969355642795563
0.026166941970586777
0.024657905101776123
0.005178338382393122
0.004974662326276302
0.053513579070568085
0.008668486960232258
0.0007807830697856843
0.027081262320280075
0.018266592174768448
0.04845874756574631
0.0008801731164567173
0.002728527644649148
0.0059075746685266495
0.004529483616352081
0.0005344496457837522
0.006562683265656233
0.010541442781686783
0.002643575659021735
0.03923604637384415
0.019335957244038582
0.013159994967281818
0.024643342941999435
0.039701227098703384
0.002359167207032442
0.0047609941102564335
0.011770361103117466
0.03170573711395264
0.0020760037004947662
0.0016866279765963554
0.017063548788428307
0.0016427448717877269
0.009023542515933514
0.024769563227891922
0.009927409701049328
0.0479503758251667
0.017299436032772064
0.002726664301007986
0.001425723428837955
0.0017967656021937728
0.037833426147699356
0.008391429670155048
0.00793464481830597
0.027491062879562378
0.00229569710791111
0.0007311429944820702
0.0045859673991799355
0.02250717766582966
0.018380986526608467
0.01767558977007866
0.03348490595817566
0.016377652063965797
0.0021931459195911884
0.031406015157699585
0.0010679386323317885
0.029354587197303772
0.034346867352724075
0.027499942108988762
0.0019087414257228374
0.002711314707994461
0.01928224414587021
0.02039256878197193
0.0013657029485329986
0.05015771836042404
0.014014370739459991
0.0008796975598670542
0.05115777626633644
0.00832114927470684
0.04984632506966591
0.0074371895752847195
0.005747975315898657
0.018228648230433464
0.002205770695582032
0.006068145856261253
0.01397152990102768
0.0014824470272287726
0.005381410010159016
0.030637551099061966
0.005094445776194334
0.004675453063100576
0.028342796489596367
0.006754950620234013
0.009389934130012989
0.00047124509001150727
0.0021204561926424503
0.011822107248008251
0.025564389303326607
0.00553453154861927
0.02681492455303669
0.05985498055815697
0.013744303956627846
0.02837422303855419
0.028348205611109734
0.03957297280430794
0.005734983365982771
0.016277434304356575
0.06813029199838638
0.005826995242387056
0.020968861877918243
0.012480456382036209
0.04638040065765381
0.019691837951540947
0.004109150730073452
0.0005458295345306396
0.0018775565549731255
0.0026334563735872507
0.010803602635860443
0.004008963704109192
0.02798600308597088
0.004461335949599743
0.006530321668833494
0.00338117522187531
0.02239486388862133
0.002596719888970256
0.0034041632898151875
0.0020904159173369408
0.0008843857212923467
0.029401052743196487
0.0024271600414067507
0.005500639323145151
0.019833775237202644
0.008360954001545906
0.003488912945613265
0.005801596213132143
0.027041248977184296
0.02645234391093254
0.0030484150629490614
0.012694922275841236
0.007979747839272022
0.04195990040898323
0.020228944718837738
0.0335904099047184
0.0057448819279670715
0.00569394463673234
0.010884997434914112
0.0240437351167202
0.0008420672966167331
0.022011620923876762
0.0019823922775685787
0.0046592517755925655
0.0019371610833331943
0.009055912494659424
0.00616087531670928
0.0021721702069044113
0.003414689563214779
0.00184564886149019
0.025619786232709885
0.002541495719924569
0.004411926027387381
0.01898636668920517
0.004315210040658712
0.016179757192730904
0.0016104693058878183
0.001390598015859723
0.015199513174593449
0.0058240327052772045
0.005097934510558844
0.009164159186184406
0.0046687196008861065
0.007240397855639458
0.0032419816125184298
0.014290718361735344
0.004921433050185442
0.011848516762256622
0.004323228262364864
0.034159693866968155
0.0016888185637071729
0.004166492260992527
0.0040223184041678905
0.008816119283437729
0.0032650341745465994
0.0005952002829872072
0.002453512279316783
0.010878424160182476
0.0012254086323082447
0.0319000706076622
0.01804221421480179
0.008505196310579777
0.001352666411548853
0.05423818156123161
0.015631254762411118
0.0026642170269042253
0.010779283009469509
0.022881703451275826
0.03328588977456093
0.006136572454124689
0.020180266350507736
0.04461204633116722
0.0016478109173476696
0.004291174933314323
0.004064517095685005
0.04046589881181717
0.0037565978709608316
0.004659849219024181
0.006368577945977449
0.0051340884529054165
0.001973365433514118
0.04249099642038345
0.006428474560379982
0.002436441369354725
0.0031611633021384478
0.004969870205968618
0.012195229530334473
0.013724133372306824
0.0014442495303228498
0.0015898066340014338
0.006250184495002031
0.0035489709116518497
0.04258469492197037
0.014351180754601955
0.00628286600112915
0.0015513463877141476
0.005247750785201788
0.0014825391117483377
0.008672949858009815
0.001049101003445685
0.003554251743480563
0.0038284286856651306
0.01330423355102539
0.0032891244627535343
0.013275020755827427
0.0003948182857129723
0.035220611840486526
0.004848149139434099
0.004787096753716469
0.009243751876056194
0.004541226662695408
0.004710847977548838
0.0074095274321734905
0.03598181903362274
0.002302486915141344
0.021910691633820534
0.02621392533183098
0.0013842812040820718
0.0026007790584117174
0.008535274304449558
0.01498000044375658
0.043785110116004944
0.0027522481977939606
0.008029241114854813
0.0016864475328475237
0.0112755810841918
0.005882250145077705
0.002857613144442439
0.01356589701026678
0.0029048891738057137
0.00338494754396379
0.04413263127207756
0.013010022230446339
0.01172907929867506
0.00926537998020649
0.02586495131254196
0.001484768115915358
0.006573161575943232
0.005936627741903067
0.027090566232800484
0.022297954186797142
0.028695721179246902
0.019308896735310555
0.014062836766242981
0.02214876003563404
0.00955337006598711
0.0030034033115953207
0.0036945415195077658
0.0013665417209267616
0.006079915910959244
0.015630362555384636
0.0014559507835656404
0.006805024109780788
0.020573154091835022
0.08028179407119751
0.006152571644634008
0.01638990454375744
0.02296920120716095
0.02020432986319065
0.01714642532169819
0.006372539792209864
0.0011931991903111339
0.004607317037880421
0.005321324337273836
0.003777408506721258
0.04124436900019646
0.00473850779235363
0.015766380354762077
0.029941797256469727
0.003941844217479229
0.019613079726696014
0.04648442938923836
0.007639598101377487
0.0023657220881432295
0.003028299892321229
0.005117145366966724
0.006719348486512899
0.031961627304553986
0.008968720212578773
0.061984583735466
0.01350451074540615
0.028061900287866592
0.030151547864079475
0.030730124562978745
0.006429656874388456
0.005467502865940332
0.020149990916252136
0.019786600023508072
0.015366443432867527
0.00045418518129736185
0.0027953744865953922
0.0012081173481419683
0.04533286765217781
0.011403264477849007
0.004572213627398014
0.009062400087714195
0.004817530047148466
0.008653739467263222
0.005833129398524761
0.0032428966369479895
0.002728837775066495
0.011464281938970089
0.0013550471048802137
0.02316567860543728
0.005318598356097937
0.0010238876566290855
0.0016467125387862325
0.039829373359680176
0.020265577360987663
0.013289299793541431
0.029357004910707474
0.002466502832248807
0.0012994827702641487
0.017010662704706192
0.004906393121927977
0.023556677624583244
0.004881783854216337
0.012877405621111393
0.0077003357000648975
0.03284861892461777
0.0009255152544938028
0.02155216969549656
0.003858966752886772
0.006378656718879938
0.003258810844272375
0.011999689973890781
0.0015474960673600435
0.015125611796975136
0.011890547350049019
0.0006365431472659111
0.01313675008714199
0.003287282772362232
0.009081966243684292
0.0019295013044029474
0.003600809723138809
0.022721799090504646
0.0009895425755530596
0.0019525297684594989
0.003732325043529272
0.015649324283003807
0.016801204532384872
0.004292274359613657
0.014331535436213017
0.0013378724688664079
0.0011586154578253627
0.014375682920217514
0.013638387434184551
0.040819790214300156
0.00558748422190547
0.011503010056912899
0.006389472633600235
0.03685024380683899
0.0009160148329101503
0.011661434546113014
0.022129448130726814
0.016519630327820778
0.03181855008006096
0.002971018897369504
0.04319380596280098
0.006781039759516716
0.005871662404388189
0.023618271574378014
0.001983000198379159
0.0026160324923694134
0.04808170348405838
0.0008571853977628052
0.001583497622050345
0.014218276366591454
0.05684664472937584
0.032103754580020905
0.022622374817728996
0.002645705593749881
0.004390641115605831
0.0007369357044808567
0.004256916232407093
0.0016101766377687454
0.006551344413310289
0.01613529771566391
0.000879519444424659
0.05533623322844505
0.012808387167751789
0.00041631225030869246
0.032835956662893295
0.002563181333243847
0.012457265518605709
0.05515247583389282
0.03497488051652908
0.02757911942899227
0.006078834179788828
0.009965655393898487
0.0021205772645771503
0.01618000492453575
0.0046413312666118145
0.014124657027423382
0.009175264276564121
0.01759856753051281
0.001643287600018084
0.009298987686634064
0.006419776007533073
0.0035914680920541286
0.006322565488517284
0.02793850190937519
0.022010652348399162
0.009366047568619251
0.03378564864397049
0.01769663207232952
0.0074718063697218895
0.007321810349822044
0.014684551395475864
0.0006194378947839141
0.0011816222686320543
0.0008301563793793321
0.00664622662588954
0.005056547466665506
0.004071429837495089
0.011885210871696472
0.019985191524028778
0.0013725797180086374
0.007582100573927164
0.004407253582030535
0.06648613512516022
0.010858196765184402
0.0164671428501606
0.00723294960334897
0.011644954793155193
0.007262712810188532
0.030431358143687248
0.024428900331258774
0.0049644773826003075
0.04031885042786598
0.006730282213538885
0.006411059759557247
0.0013784144539386034
0.0002824277034960687
0.0011423325631767511
0.056096386164426804
0.023567626252770424
0.005766925401985645
0.00857736635953188
0.0014042089460417628
0.009753798134624958
0.04495178163051605
0.0012601480120792985
0.042976655066013336
0.02598107047379017
0.00021941890008747578
0.014407581649720669
0.0011768286349251866
0.0016294179949909449
0.027687350288033485
0.0048158238641917706
0.00189202930778265
0.03939683362841606
0.043027397245168686
0.02305113710463047
0.01483340933918953
0.008106851018965244
0.04643193632364273
0.011927410028874874
0.0044339559972286224
0.021522721275687218
0.003349745413288474
0.011504439637064934
0.0037791216745972633
0.0028383219614624977
0.03112492337822914
0.026132557541131973
0.0035173625219613314
0.01361453253775835
0.007779689505696297
0.0027032180223613977
0.005050772335380316
0.009478085674345493
0.007242508232593536
0.011444414965808392
0.05697938799858093
0.019900912418961525
0.010816195979714394
0.0087179159745574
0.005098339170217514
0.0006291900062933564
0.022100361064076424
0.009190748445689678
0.021790318191051483
0.004352247808128595
0.015231439843773842
0.04115643352270126
0.03886689618229866
0.007618572097271681
0.005120469722896814
0.004205808509141207
0.00041163951391354203
0.0284742284566164
0.007726883981376886
0.03444904834032059
0.005650566425174475
0.014363097958266735
0.009581769816577435
0.012073676101863384
0.002765609882771969
0.015254232101142406
0.028086533769965172
0.004775709006935358
0.0007275721873156726
0.010409248992800713
0.0024779927916824818
0.0023136711679399014
0.005983707495033741
0.016194241121411324
0.00915006548166275
0.007392854429781437
0.03632371500134468
0.004161267075687647
0.004068847745656967
0.005217101890593767
0.009471191093325615
0.0012333657359704375
0.009587629698216915
0.023295242339372635
0.009992439299821854
0.004754380788654089
0.0005695369327440858
0.0022690859623253345
0.0036179590970277786
0.021028008311986923
0.0027802707627415657
0.003000425873324275
0.008822917006909847
0.006657057907432318
0.005091982427984476
0.005809605587273836
0.0034619278740137815
0.016735374927520752
0.0013034886214882135
0.008448813110589981
0.0016566789709031582
0.06439756602048874
0.008710692636668682
0.0012722376268357038
0.0032850357238203287
0.0009020104189403355
0.00034063492785207927
0.020286360755562782
0.022220630198717117
0.0007507468690164387
0.008843407966196537
0.005934649612754583
0.0021363617852330208
0.0009708810830488801
0.011121474206447601
0.03306508809328079
0.019889190793037415
0.0026421193033456802
0.004105978179723024
0.01606586016714573
0.012942543253302574
0.0811861976981163
0.0018902213778346777
0.0010580106172710657
0.0027484854217618704
0.008440726436674595
0.022773850709199905
0.011638548225164413
0.007780339103192091
0.03836674988269806
0.0022472392302006483
0.0021399683319032192
0.0031032171100378036
0.0009797965176403522
0.0025170878507196903
0.003988313023000956
0.021309837698936462
0.02786783128976822
0.005283334758132696
0.0113555071875453
0.009221883490681648
0.001778437290340662
0.004962016362696886
0.040184881538152695
0.0018288999563083053
0.0012888287892565131
0.010202286764979362
0.008985079824924469
0.03742929920554161
0.00533314561471343
0.0038707968778908253
0.03389069810509682
0.007288302294909954
0.015222431160509586
0.02530203014612198
0.03855935484170914
0.008155092597007751
0.004808866418898106
0.06287369132041931
0.012234325520694256
0.01156122051179409
0.011058076284825802
0.0020429776050150394
0.0005070566548965871
0.03333315625786781
0.0002429657179163769
0.0030207233503460884
0.0032272308599203825
0.008102220483124256
0.023849880322813988
0.0030100466683506966
0.017651213333010674
0.006948946509510279
0.0038270126096904278
0.008495751768350601
0.008763443678617477
0.00907105766236782
0.011823897249996662
0.005542432889342308
0.0033953855745494366
0.04667048901319504
0.029624300077557564
0.028171705082058907
0.012282784096896648
0.001759494305588305
0.004039279650896788
0.003103742841631174
0.005246385466307402
0.034543298184871674
0.07210994511842728
0.005765670444816351
0.005534240510314703
0.003461925545707345
0.0007156961364671588
0.005909585859626532
0.0028186351992189884
0.01166095957159996
0.01880374550819397
0.0054350001737475395
0.005388367921113968
0.0007584797567687929
0.015140056610107422
0.02152438834309578
0.004676144104450941
0.0038122343830764294
0.0047770896926522255
0.014433301985263824
0.0009351357584819198
0.004218092188239098
0.004613554570823908
0.00828625075519085
0.010502343066036701
0.004496234469115734
0.006618734449148178
0.0330372154712677
0.038275450468063354
0.0010752483503893018
0.00208292156457901
0.0031412311363965273
0.0006442808080464602
0.03121541254222393
0.01592724584043026
0.050526317209005356
0.01226409338414669
0.007336975075304508
0.029249051585793495
0.005126430653035641
0.0009023279999382794
0.0004135077178943902
0.004242436494678259
0.046339575201272964
0.011580456048250198
0.001618832116946578
0.008470318280160427
0.0021740023512393236
0.0010766329942271113
0.01999368891119957
0.0393935926258564
0.019248198717832565
0.0035500105004757643
0.001357397879473865
0.010580750182271004
0.00098728621378541
0.00463850237429142
0.013359924778342247
0.0037198730278760195
0.0017277877777814865
0.008873342536389828
0.003077722853049636
0.004736404865980148
0.04442323371767998
0.0014450332382693887
0.037703391164541245
0.06616795808076859
0.005437299143522978
0.01265690941363573
0.0024325924459844828
0.02717386931180954
0.007775027304887772
0.036336805671453476
0.005791368428617716
0.008625824935734272
0.006386027671396732
0.017471108585596085
0.0037616558838635683
0.0008094178047031164
0.022709812968969345
0.007139719557017088
0.02353643998503685
0.003824914339929819
0.02426091395318508
0.008609590120613575
0.016833052039146423
0.0008110416238196194
0.0015743462136015296
0.009349747560918331
0.002375052310526371
0.005591010674834251
0.0014065286377444863
0.000929921050556004
0.006312720011919737
0.0033825316932052374
0.010503336787223816
0.002606672002002597
0.0015583907952532172
0.002837768290191889
0.009494371712207794
0.0015203399816527963
0.021378835663199425
0.006619725842028856
0.011222871951758862
0.0009146815282292664
0.020450236275792122
0.0019174623303115368
0.006244299001991749
0.002453096676617861
0.012814237736165524
0.0011280602775514126
0.010253779590129852
0.0015495172701776028
0.006876680999994278
0.016087252646684647
0.02008463628590107
0.0009837173856794834
0.03989346697926521
0.004931365139782429
0.03358796238899231
0.0234183669090271
0.002853086916729808
0.010921010747551918
0.0016514266608282924
0.0038030489813536406
0.003735526464879513
0.003390152007341385
0.0008617340354248881
0.007194777484983206
0.011825897730886936
0.03333859145641327
0.048600468784570694
0.005476075690239668
0.0023736220318824053
0.011341563425958157
0.03330383449792862
0.0006102924817241728
0.016852905973792076
0.020291997119784355
0.007674209773540497
0.004081320948898792
0.016735391691327095
0.019669421017169952
0.0036621347535401583
0.0016877972520887852
0.013819638639688492
0.013121838681399822
0.010796092450618744
0.013694691471755505
0.004792648367583752
0.019833678379654884
0.002352748764678836
0.02131512574851513
0.031290069222450256
0.0511598140001297
0.009169056080281734
0.016039488837122917
0.016712330281734467
0.043185554444789886
0.03694441542029381
0.006661152932792902
0.003034032415598631
0.01597662828862667
0.007084403652697802
0.0027222102507948875
0.004003765992820263
0.004014523234218359
0.006223747972398996
0.029196178540587425
0.0039008031599223614
0.0008932086639106274
0.02195689082145691
0.01827842742204666
0.004664465319365263
0.0024359070230275393
0.011406741105020046
0.06285637617111206
0.04805654287338257
0.003521114820614457
0.002276375889778137
0.011267084628343582
0.009363055229187012
0.0014371877769008279
0.0015171999111771584
0.020507344976067543
0.007351894397288561
0.0021729038562625647
0.0025165737606585026
0.0006538076559081674
0.008857324719429016
0.0036848201416432858
0.0015891051152721047
0.03483137860894203
0.0005723033100366592
0.010280724614858627
0.002508146921172738
0.011243205517530441
0.007039214018732309
0.010155593045055866
0.03149320185184479
0.006523321848362684
0.008338753134012222
0.0027905323076993227
0.0026958398520946503
0.038118962198495865
0.00348670850507915
0.02357398346066475
0.00023141845304053277
0.0020342557691037655
0.00534072844311595
0.04536375775933266
0.02401801198720932
0.008716541342437267
0.03453446924686432
0.010797541588544846
0.029219402000308037
0.019487937912344933
0.012042767368257046
0.0030951129738241434
0.014372228644788265
0.01256107073277235
0.04092485085129738
0.001392689417116344
0.01876322366297245
0.005605214275419712
0.003308789571747184
0.0023733130656182766
0.0021360651589930058
0.027878398075699806
0.016727637499570847
0.004275646526366472
0.0028248485177755356
0.0004946603439748287
0.002342631109058857
0.015486757270991802
0.023820407688617706
0.08598954230546951
0.012726180255413055
0.0015537047293037176
0.01745707541704178
0.009452860802412033
0.0034924608189612627
0.00463000126183033
0.003821178339421749
0.002663553925231099
0.004317347425967455
0.0026659416034817696
0.00027569456142373383
0.0038056939374655485
0.012667272239923477
0.030308721587061882
0.013142785057425499
0.0008975936798378825
0.0048284027725458145
0.0171921756118536
0.00641638832166791
0.039729438722133636
0.01744459755718708
0.01953221671283245
0.021586846560239792
0.001783765503205359
0.0025413422845304012
0.002141109900549054
0.02001018635928631
0.008631313219666481
0.010112893767654896
0.026641925796866417
0.008959422819316387
0.007187405601143837
0.007278438191860914
0.02648898772895336
0.01789717748761177
0.038693130016326904
0.016696099191904068
0.0006420516292564571
0.00949730072170496
0.007548727560788393
0.003259290475398302
0.0027708879206329584
0.05437924712896347
0.025665592402219772
0.010232637636363506
0.00476079573854804
0.020638899877667427
0.010721960105001926
0.004683366976678371
0.0004997998476028442
0.0036863323766738176
0.0030232714489102364
0.028666410595178604
0.0028750398196280003
0.0029865712858736515
0.0004095854237675667
0.011423250660300255
0.055987872183322906
0.04912339523434639
0.02591058798134327
0.029936563223600388
0.017681235447525978
0.0046946327202022076
0.015119864605367184
0.03830816596746445
0.000708900042809546
0.006157432217150927
0.02611413225531578
0.0011096160160377622
0.002344822511076927
0.022816665470600128
0.0037674603518098593
0.0034875874407589436
0.002003271598368883
0.0022288619074970484
0.014205290004611015
0.005523170810192823
0.018321631476283073
0.016472721472382545
0.0019567664712667465
0.0031670385506004095
0.00421022018417716
0.03008480742573738
0.01597171276807785
0.009143959730863571
0.011494984850287437
0.007431893143802881
0.016263125464320183
0.0035174612421542406
0.006613826844841242
0.002856421284377575
0.001648465171456337
0.010693755000829697
0.00046636007027700543
0.035082876682281494
0.01545688882470131
0.021293742582201958
0.0019406892824918032
0.032264553010463715
0.040673211216926575
0.008809139020740986
0.003035943256691098
0.0023200202267616987
0.021587101742625237
0.005508987698704004
0.013062541373074055
0.009365378879010677
0.03410506993532181
0.007189446594566107
0.017612313851714134
0.002010646276175976
0.03483741357922554
0.007867682725191116
0.00025001823087222874
0.0050707291811704636
0.0010192590998485684
0.007481828797608614
0.003037072718143463
0.005740474443882704
0.0004353107069619
0.020888710394501686
0.0020372190047055483
0.018948381766676903
0.0005116061074659228
0.006076537538319826
0.032638948410749435
0.0009095510467886925
0.0018803972052410245
0.0035534424241632223
0.002533646998926997
0.007395325694233179
0.00502436701208353
0.0034683237317949533
0.03362158685922623
0.014773900620639324
0.004066482651978731
0.013842199929058552
0.001090467907488346
0.023109333589673042
0.004137592390179634
0.018566571176052094
0.010628294199705124
0.00707789184525609
0.0035259639844298363
0.0028527884278446436
0.03118416666984558
0.017444832250475883
0.009312686510384083
0.0037537270691245794
0.005607121158391237
0.029016856104135513
0.0007466527749784291
0.005993800703436136
0.042209990322589874
0.0024196719750761986
0.022158097475767136
0.006177658215165138
0.001500812009908259
0.0008591534569859505
0.00672425189986825
0.007936672307550907
0.010467187501490116
0.009873534552752972
0.026812320575118065
0.003679491113871336
0.0037964906077831984
0.022697456181049347
0.0011146655306220055
0.010488586500287056
0.0012040073052048683
0.009774086065590382
0.0021205563098192215
0.013385639525949955
0.0030974261462688446
0.0029758799355477095
0.028919879347085953
0.0035063186660408974
0.004771438427269459
0.006580081768333912
0.0005194245604798198
0.012519892305135727
0.0066193826496601105
0.004000166431069374
0.0011804462410509586
0.015736667439341545
0.007895482704043388
0.0376879908144474
0.000622014922555536
0.06010033190250397
0.04737955331802368
0.024583546444773674
0.006494704633951187
0.014838799834251404
0.008863300085067749
0.018332330510020256
0.0014991789357736707
0.002022712491452694
0.026358596980571747
0.002395683666691184
0.005013042129576206
0.05754953250288963
0.0009695921326056123
0.0035789725370705128
0.002881254069507122
0.0040520974434912205
0.013170919381082058
0.06705238670110703
0.018918180838227272
0.0015190583653748035
0.0012910894583910704
0.0030499189160764217
0.006068518850952387
0.003962284419685602
0.017493562772870064
0.012744327075779438
0.03762340173125267
0.02868916466832161
0.003889981657266617
0.015007132664322853
0.031246675178408623
0.022196758538484573
0.0038763401098549366
0.008356270380318165
0.019346999004483223
0.04935586079955101
0.016514386981725693
0.003882420714944601
0.007840583100914955
0.003689637640491128
0.059187378734350204
0.004110108595341444
0.004352159332484007
0.03165692836046219
0.017363477498292923
0.0005813733441755176
0.006406261585652828
0.002441526623442769
0.0010417825542390347
0.010310475714504719
0.009231070056557655
0.04981744661927223
0.004515417851507664
0.03364467993378639
0.006052536424249411
0.0002683668863028288
0.020463068038225174
0.0020434001926332712
0.0061265211552381516
0.011785781010985374
0.002799580106511712
0.0038852740544825792
0.009613299742341042
0.05893757939338684
0.009487833827733994
0.03148225322365761
0.04749935865402222
0.023860139772295952
0.0025129616260528564
0.012623568996787071
0.04443786293268204
0.015416915528476238
0.0007031853892840445
0.014907244592905045
0.004165372345596552
0.012754395604133606
0.0019414587877690792
0.006639310158789158
0.0114516019821167
0.013089285232126713
0.04119883477687836
0.019650818780064583
0.024930350482463837
0.03395162522792816
0.0015265553956851363
0.010109223425388336
0.002828313736245036
0.002525049727410078
0.028957424685359
0.026292135939002037
0.008227754384279251
0.004534159786999226
0.009623318910598755
0.0018262236844748259
0.001767986686900258
0.02596922032535076
0.02651008777320385
0.015207062475383282
0.00010830861720023677
0.0009268269059248269
