0.00011648134386632591
0.005320877768099308
0.0008074105717241764
0.0053048087283968925
0.000606018234975636
0.00023468183644581586
0.0006176243186928332
0.00011938724492210895
0.007450124714523554
0.03531446307897568
0.000018666800315259025
0.00042884150752797723
0.00044093592441640794
0.04585152491927147
0.0018236646428704262
0.006782399490475655
0.005986026953905821
0.003952883183956146
0.008499519899487495
0.0002819867804646492
0.00011361212091287598
0.0002301056229043752
0.00022058641479816288
0.00016544382378924638
0.00032115765498019755
0.0003105413634330034
0.00046955529251135886
0.010924948379397392
0.021705688908696175
0.0006783247808925807
0.00015787320444360375
0.03675869107246399
0.018632205203175545
0.045568160712718964
0.000144218560308218
0.00011853768955916166
0.00023960309044923633
0.00010971360461553559
0.016321886330842972
0.00015760946553200483
0.0013596677454188466
0.0007586022256873548
0.0002441592514514923
0.007437570486217737
0.00002558234155003447
0.00019662201520986855
0.005926584824919701
0.00009210313874064013
0.000004036377958982484
0.00012773973867297173
0.0017495366046205163
0.0033015443477779627
0.00030279302154667675
0.0007139472290873528
0.00012692910968326032
0.001319030998274684
0.00025561003712937236
0.00033585415803827345
0.0015149092068895698
0.00823735911399126
0.004810022655874491
0.00007499378989450634
0.006474351044744253
0.00033339933725073934
0.00008878655353328213
0.0005722879432141781
0.0003662124800030142
0.0003539462632033974
0.0011707843514159322
0.000043789394112536684
0.00047120582894422114
0.0016069929115474224
0.00014609242498409003
0.0018276858609169722
0.000040321196138393134
0.0001324021868640557
0.0004898097831755877
0.0031557457987219095
0.0006105671636760235
0.003089504549279809
0.01844864711165428
0.00030721648363396525
0.00008970485214376822
0.0022600472439080477
0.0006811203202232718
0.001204590778797865
0.0009141248883679509
0.0002654707932379097
0.001077712164260447
0.0005479998071677983
0.0078709926456213
0.0010797242866829038
0.00040329660987481475
0.00028380309231579304
0.0009669370483607054
0.004074892029166222
0.00685089873149991
0.0011624260805547237
0.00008600683941040188
0.0000906348432181403
0.00005852872345712967
0.0007518543861806393
0.012069538235664368
0.00006172710709506646
0.0018285228870809078
0.00001896953472169116
0.0024390844628214836
0.0025608998257666826
0.0007984714466147125
0.0012839132687076926
0.003367670811712742
0.0023517580702900887
0.002158521441742778
0.00004086868284502998
0.00026333259302191436
0.04096318781375885
0.002707570092752576
0.00047515888581983745
0.0005819053039886057
0.005613985937088728
0.00076677231118083
0.00009788313036551699
0.0023771561682224274
0.00004429315231391229
0.0012395496014505625
0.000818113621789962
0.000029731962058576755
0.002893152879551053
0.0005057363887317479
0.00020169970230199397
0.00009658186900196597
0.002164097735658288
0.0043379818089306355
0.010406265035271645
0.0002515163505449891
0.006087949965149164
0.004146459978073835
0.0014907761942595243
0.0001149339514086023
0.00023757341841701418
0.003444813657552004
0.001921708695590496
0.0004288179916329682
0.0003415413375478238
0.001271730405278504
0.0195917971432209
0.00015854575030971318
0.0009919333970174193
0.000316682766424492
0.00025279962574131787
0.0029850283171981573
0.0007383674965240061
0.044175390154123306
0.00019702089775819331
0.000013690329069504514
0.0003384424780961126
0.005818933714181185
0.0006690081208944321
0.0007384726195596159
0.0001075186301022768
0.00009262277308152989
0.009601719677448273
0.000025882802219712175
0.00003650856888270937
0.0014282350894063711
0.0009645879617892206
0.019483845680952072
0.001154132653027773
0.000007167162038967945
0.00007638118404429406
0.00043930707033723593
0.00005768869232269935
0.001263882964849472
0.0008823724347166717
0.0011765997624024749
0.01707160286605358
0.004084368702024221
0.02575726807117462
0.00004234882726450451
0.000030248815164668486
0.003604921279475093
0.0004085399559698999
0.00008460268873022869
0.0006595554878003895
0.00024352435139007866
0.005109034478664398
0.00029551604529842734
0.00027271240833215415
0.002967108739539981
0.005371308885514736
0.00045287582906894386
0.00009851946379058063
0.0014658747240900993
0.03555464372038841
0.00012450649228412658
0.0004749150248244405
0.00036245372029952705
0.0003666174306999892
0.00043506151996552944
0.00040977937169373035
0.018556809052824974
0.0003021234879270196
0.00045801710803061724
0.0003159945481456816
0.0031562000513076782
0.0003877646231558174
0.002872492652386427
0.00010800288146128878
0.0005396689521148801
0.0006650231662206352
0.0003314637579023838
0.00023184670135378838
0.0010350450174883008
0.009249730035662651
0.00002467620106472168
0.00115210993681103
0.006086552981287241
0.01412357296794653
0.0005327971302904189
0.0014856304042041302
0.0007944495882838964
0.017887461930513382
0.00004237427856423892
0.0015947589417919517
0.03256300091743469
0.0010749546345323324
0.000036314260796643794
0.028169086202979088
0.00030117278220131993
0.000016826181308715604
0.00020069976744707674
0.0032768850214779377
0.00010423031926620752
0.0000975451257545501
0.012407510541379452
0.00023059513478074223
0.00030162074835971
0.006578198168426752
0.0028569893911480904
0.00005946497549302876
0.00035647975164465606
0.00004688670014729723
0.0013485717354342341
0.002057348145172
0.0007806976791471243
0.0001864279038272798
0.009155046194791794
0.00009205446258420125
0.00011914714559679851
0.000059344045439502224
0.0014738235622644424
0.003189245704561472
0.0019692599307745695
0.000055258828069781885
0.0025114649906754494
0.004383415915071964
0.004296800587326288
0.00013030854461248964
0.001153941615484655
0.01734856329858303
0.005842634476721287
0.000030271534342318773
0.0002095287200063467
0.0001531166781205684
0.000012733458788716234
0.00069377850741148
0.006971891038119793
0.00022433610865846276
0.00009350436448585242
0.00016516586765646935
0.023883214220404625
0.0279981791973114
0.0026507878210395575
0.031253382563591
0.00041465499089099467
0.00036398469819687307
0.0001749345101416111
0.0009878891287371516
0.00376809760928154
0.0007444338407367468
0.008885790593922138
0.0022613743785768747
0.0013526305556297302
0.00005464230343932286
0.0023533899802714586
0.00007985725096659735
0.00045415753265842795
0.0005509057664312422
0.00021648977417498827
0.0015233337180688977
0.00008786488615442067
0.008569225668907166
0.000042146653868258
0.00016363721806555986
0.00023399939527735114
0.0022596544586122036
0.0049710809253156185
0.0017012321623042226
0.010400061495602131
0.00001943457573361229
0.000814397819340229
0.0005805576220154762
0.0008562491275370121
0.0002540350251365453
0.000019964270904893056
0.0009958921000361443
0.00016800522280391306
0.00023324196808971465
0.0005169880460016429
0.0008915532380342484
0.013681592419743538
0.0005677384906448424
0.0006569553515873849
0.007002380210906267
0.0003764896828215569
0.000013057458090770524
0.0007379705784842372
0.0007141918176785111
0.0006342697306536138
0.00018132479453925043
0.007147207390516996
0.00010145465057576075
0.0023541320115327835
0.0013630071189254522
0.0065141478553414345
0.005700722802430391
0.00010912296420428902
0.00013418911839835346
0.01295815035700798
0.00009987082739826292
0.000042994121031370014
0.000002957843662443338
0.0002006924623856321
0.00124810088891536
0.036893147975206375
0.0011864182306453586
0.000053038980695419014
0.00012161990161985159
0.004796784371137619
0.0002659109013620764
0.01163511909544468
0.0010427924571558833
0.010339313186705112
0.00014737824676558375
0.002915331395342946
0.00033327803248539567
0.00036198782618157566
0.008766124956309795
0.0012750542955473065
0.00022882441408000886
0.00014728066162206233
0.0019309557974338531
0.004210107959806919
0.00039664466748945415
0.00008491984044667333
0.00005228415102465078
0.0002068224421236664
0.0008477272349409759
0.00009529307135380805
0.0008154204697348177
0.007906368933618069
0.0004877290048170835
0.010315058752894402
0.0004093488387297839
0.00040823701419867575
0.00021038051636423916
0.020279506221413612
0.000052757339290110394
0.00006181769276736304
0.008021791465580463
0.00014081325207371265
0.0017098614480346441
0.0003301240794826299
0.00005468012750498019
0.01762515865266323
0.0012677039485424757
0.002703806385397911
0.00291812582872808
0.010103764943778515
0.002299222396686673
0.0005116458050906658
0.00037965585943311453
0.00017389576532877982
0.00011999237904092297
0.00018616579473018646
0.0015894522657617927
0.00019142823293805122
0.007577778305858374
0.0005986617179587483
0.0011350043350830674
0.0023698643781244755
0.0007852850249037147
0.0027674853336066008
0.05594532564282417
0.00301575125195086
0.000025460662072873674
0.002306530484929681
0.00033914484083652496
0.0016937662148848176
0.004524662625044584
0.0029627259355038404
0.0004167331208009273
0.0007722428999841213
0.00005340159623301588
0.00032489513978362083
0.00008770498970989138
0.0023837960325181484
0.00007298590935533866
0.00007921833457658067
0.000006396269327524351
0.0001513884635642171
0.0021230822894722223
0.0003612631990108639
0.0005406326381489635
0.000030115288609522395
0.003979972098022699
0.00037320080446079373
0.00014021972310729325
0.00046446494525298476
0.00005081342169432901
0.0001102867245208472
0.00006001914880471304
0.0003284660051576793
0.0006039174040779471
0.0009464817121624947
0.010574261657893658
0.019005388021469116
0.000600462022703141
0.00014187097258400172
0.026269515976309776
0.00013024227519053966
0.0032655789982527494
0.00015739638183731586
0.011885205283761024
0.00025949429254978895
0.00009876534750219434
0.00035797079908661544
0.00009963016782421619
0.0007066474063321948
0.00035145418951287866
0.001956990687176585
0.019366474822163582
0.003460665000602603
0.0024990628007799387
0.0008921623812057078
0.0002444591373205185
0.002001401036977768
0.00019138491188641638
0.000028790533178835176
0.0002758073969744146
0.010778249241411686
0.00015031053044367582
0.0005852114991284907
0.0013070332352072
0.0002666158543433994
0.0009565444197505713
0.0022399392910301685
0.00031303244759328663
0.00006654958997387439
0.004820946138352156
0.00003198544436600059
0.0004106307460460812
0.000041614464862504974
0.00003864105383399874
0.0015984715428203344
0.0005791198927909136
0.0004123343387618661
0.00015352801710832864
0.000018128965166397393
0.0001274636888410896
0.009061767719686031
0.00007037175237201154
0.007320284843444824
0.0001038629052345641
0.0001029402919812128
0.0007323265308514237
0.00582309253513813
0.00006319775275187567
0.0037873373366892338
0.0024880333803594112
0.03132570907473564
0.00006853072409285232
0.000027308589778840542
0.00005435293132904917
0.000547385192476213
0.0013090004213154316
0.00013985759869683534
0.00024251153809018433
0.004524764604866505
0.0003751184849534184
0.000066433145548217
0.000040351002098759636
0.002831681165844202
0.00014982049469836056
0.00014694954734295607
0.00041670288192108274
0.01593749225139618
0.0044402871280908585
0.0002719957265071571
0.009475043043494225
0.0002381710655754432
0.0007559166406281292
0.0011186007177457213
0.000005115204658068251
0.000774940534029156
0.0003831033536698669
0.00010347712668590248
0.00003029643812624272
0.0009305534767918289
0.001894810819067061
0.011508962139487267
0.00045623647747561336
0.002646632259711623
0.000020195335309836082
0.0011621091980487108
0.007651610299944878
0.00010697451216401532
0.01126123033463955
0.00000922230083233444
0.0018298312788829207
0.004838922526687384
0.0011332662543281913
0.0001837665040511638
0.000981686869636178
0.004676300100982189
0.008425011299550533
0.00027575530111789703
0.00015583020285703242
0.0003552500274963677
0.00877808965742588
0.0001846485974965617
0.000013714556189370342
0.00029909692239016294
0.013188592158257961
0.000019619632439571433
0.029375728219747543
0.00036637147422879934
0.003139002714306116
0.00024959963047876954
0.004442377015948296
0.0007936013280414045
0.006209123879671097
0.011126353405416012
0.0003042493190150708
0.0002910110342781991
0.0001603919081389904
0.0006584051297977567
0.0016333058010786772
0.0014691174728795886
0.00205788342282176
0.0011275691213086247
0.032498616725206375
0.000022212705516722053
0.0022811039816588163
0.015218478627502918
0.0003318943199701607
0.011790753342211246
0.0003887389611918479
0.00034587172558531165
0.00075916649075225
0.0007653827196918428
0.0011269270908087492
0.00496778404340148
0.0009842287981882691
0.0020572305656969547
0.000686042767483741
0.000444277684437111
0.00036307284608483315
0.00011975043889833614
0.020166676491498947
0.000011181822628714144
0.0023793617729097605
0.0009202518267557025
0.0001642763672862202
0.00043528067180886865
0.0002607972710393369
0.0005018248339183629
0.00004676821845350787
0.018728913739323616
0.001491094590164721
0.0009510786039754748
0.0008126121247187257
0.0005070198094472289
0.00003974475839640945
0.016300583258271217
0.009421253576874733
0.0175443347543478
0.0005630628438666463
0.00019484933000057936
0.002667471766471863
0.003419669345021248
0.006073283962905407
0.00030466850148513913
0.0035446640104055405
0.0002942941791843623
0.00010867412493098527
0.001175046432763338
0.00460031209513545
0.006700260564684868
0.0018552012043073773
0.027433842420578003
0.004890515003353357
0.0016512875445187092
0.00016663077985867858
0.01727350987493992
0.0008834779146127403
0.0000701204189681448
0.0008606557967141271
0.0015293475007638335
0.00007016034942353144
0.000054838099458720535
0.0003378017572686076
0.008875323459506035
0.00018485274631530046
0.006480678915977478
0.0026040109805762768
0.00001622598574613221
0.00023329879331868142
0.0016141621163114905
0.0008573300438001752
0.002982259960845113
0.00011197255662409589
0.00016506474639754742
0.00010793562250910327
0.003547464497387409
0.016985002905130386
0.0005412963801063597
0.0003845389001071453
0.000007241028015414486
0.0006779698887839913
0.00004802543480764143
0.00020448405120987445
0.0003300327225588262
0.0004814935091417283
0.00019014831923414022
0.0016551970038563013
0.026025613769888878
0.013777571730315685
0.0001676837564446032
0.00024367250443901867
0.0014054282801225781
0.003955194726586342
0.0005855563213117421
0.00041117568616755307
0.00003583500802051276
0.00002708119063754566
0.0033977741841226816
0.00012753882037941366
0.011055821552872658
0.00005274808791000396
0.024732494726777077
0.000540150620508939
0.0047125243581831455
0.004750776570290327
0.004306056536734104
0.00040028165676631033
0.001189450384117663
0.0018387058516964316
0.00036636163713410497
0.007000740151852369
0.00015218131011351943
0.00007170147000579163
0.029354000464081764
0.000662927923258394
0.0036845982540398836
0.0012875503161922097
0.0007295816903933883
0.0012532053515315056
0.036995645612478256
0.00031029610545374453
0.00035746305366046727
0.0011463866103440523
0.007333108223974705
0.007508859038352966
0.0014579184353351593
0.0031395505648106337
0.02511707693338394
0.018188748508691788
0.013230793178081512
0.000718482828233391
0.00005522365972865373
0.004991253837943077
0.0005762846558354795
0.00027550122467800975
0.010431132279336452
0.00004046441245009191
0.0007414233405143023
0.002017606981098652
0.000058847763284575194
0.003546458203345537
0.004961866419762373
0.0005149631178937852
0.00020925066201016307
0.0007758561405353248
0.036549750715494156
0.0005041177500970662
0.038315463811159134
0.0013265098677948117
0.006985375192016363
0.0005062486743554473
0.048872873187065125
0.00398931885138154
0.00011801234359154478
0.0003327437152620405
0.0034695779904723167
0.00008742508362047374
0.0523567758500576
0.006125133018940687
0.00031113685690797865
0.00003773601201828569
0.0003213121963199228
0.00031455702264793217
0.014191238209605217
0.0007565970299765468
0.00031486302032135427
0.00007112035382306203
0.0003627705154940486
0.000010451208254380617
0.04494709521532059
0.00001727690687403083
0.0005925559089519083
0.041793711483478546
0.0016366861527785659
0.0011194869875907898
0.000009693139872979373
0.004783084150403738
0.01176595501601696
0.00002840610068233218
0.0007968643913045526
0.00035821119672618806
0.00011915256618522108
0.013411115854978561
0.00012664108362514526
0.0018717441707849503
0.0018025387544184923
0.0009102460462599993
0.00022395346604753286
0.00003737637962331064
0.016383593901991844
0.009885229170322418
0.00025484702200628817
0.00036555450060404837
0.00006847309850854799
0.0001894050947157666
0.0020330960396677256
0.0003614651213865727
0.000025495226509519853
0.00316832703538239
0.004064810927957296
0.00019828738004434854
0.0005339581985026598
0.004051407799124718
0.0003996866871602833
0.00008284876821562648
0.00970599427819252
0.01894356496632099
0.0006010434008203447
0.0021553984843194485
0.000785963493399322
0.0010039181215688586
0.0013038127217441797
0.0015892144292593002
0.005391821730881929
0.00024376597139053047
0.008224483579397202
0.0015303855761885643
0.00009663948003435507
0.03859691321849823
0.0034150995779782534
0.0004889410920441151
0.009222926571965218
0.00037954922299832106
0.0006038733408786356
0.00041330987005494535
0.00003947116420022212
0.0001350396778434515
0.0006297233630903065
0.004922584630548954
0.00009523620246909559
0.0028479762841016054
0.007936690002679825
0.0007146638236008584
0.004928981885313988
0.029946304857730865
0.014077652245759964
0.00003328640741528943
0.0023610233329236507
0.0004870975390076637
0.0007304304745048285
0.006418364122509956
0.00047203287249431014
0.0004184151184745133
0.00008690787217346951
0.00010655458754627034
0.00023174558009486645
0.0004061174113303423
0.00046552682761102915
0.0006362921558320522
0.002176104113459587
0.0004440899647306651
0.000050271450163563713
0.002547753509134054
0.004225462209433317
0.000017847112758317962
0.00018929358338937163
0.000568281626328826
0.00013246832531876862
0.0007242743158712983
0.011270115152001381
0.015458163805305958
0.000162831784109585
0.00038851777208037674
0.0003265085688326508
0.0003174288140144199
0.00003812139402725734
0.00003575430309865624
0.0012662061490118504
0.0029270118102431297
0.002290271455422044
0.007653856184333563
0.005096698645502329
0.002500096568837762
0.00456761009991169
0.0023266735952347517
0.008289997465908527
0.0002513111103326082
0.0003844555467367172
0.02070891112089157
0.00016158226935658604
0.00042128717177547514
0.00018414466467220336
0.000036196463042870164
0.00015083001926541328
0.0012865799944847822
0.004402560647577047
0.0003590397536754608
0.0014294837601482868
0.0018535403069108725
0.011395392008125782
0.00009626336395740509
0.000048530746425967664
0.00020540363038890064
0.0005242960178293288
0.00012389586481731385
0.0009258126374334097
0.0012846743920817971
0.000031810341170057654
0.0020174547098577023
0.0002623093605507165
0.0036605249624699354
0.007190559059381485
0.0017522498965263367
0.0014761807397007942
0.0009619511547498405
0.00002580754880909808
0.0004982182872481644
0.001332269050180912
0.003483343869447708
0.000052937804866814986
0.000058720921515487134
0.0013859495520591736
0.00027550820959731936
0.0017404326936230063
0.00028378350543789566
0.00034219209919683635
0.0076660653576254845
0.0018004284938797355
0.0020233767572790384
0.0011116615496575832
0.0006095722783356905
0.0008117178804241121
0.009878960438072681
0.0000008408085818700783
0.000040620070649310946
0.000135336653329432
0.038738470524549484
0.004319988656789064
0.0006274617044255137
0.0005083115538582206
0.002922742860391736
0.00986761599779129
0.000018548154912423342
0.046897128224372864
0.01711100898683071
0.0030576735734939575
0.0005373201565816998
0.0004550690937321633
0.009916847571730614
0.007320802193135023
0.012474581599235535
0.0001368262164760381
0.00837546307593584
0.0013405177742242813
0.0005089865881018341
0.0038375351577997208
0.0003950336540583521
0.0042926534079015255
0.0015104016056284308
0.001615350367501378
0.00010777822171803564
0.00024167685478460044
0.0021667862311005592
0.0002561371657066047
0.0001899116614367813
0.005756346508860588
0.037251293659210205
0.00025529388221912086
0.02472359873354435
0.00016940900241024792
0.0005701441550627351
0.0005664582713507116
0.00003644411845016293
0.022321950644254684
0.00484200194478035
0.010608435608446598
0.010446259751915932
0.00016632623737677932
0.015537074767053127
0.0005159818683750927
0.0030586051288992167
0.000017261409084312618
0.000674729875754565
0.0001054530221153982
0.00043352716602385044
0.0003101331240031868
0.0017301506595686078
0.0009767776355147362
0.00003680036752484739
0.00021375971846282482
0.00035666138865053654
0.0007599169039167464
0.02708827704191208
0.00014939569518901408
0.0012365418951958418
0.0013912852155044675
0.0016301025170832872
0.00037535250885412097
0.0009491626406088471
0.0000808694603620097
0.0058158282190561295
0.001934711472131312
0.0011020044330507517
0.03874116763472557
0.00048238865565508604
0.013902375474572182
0.000004710799203166971
0.0006548441015183926
0.0005382798844948411
0.00013343874888960272
0.021903997287154198
0.001206413027830422
0.0005081595736555755
0.012061882764101028
0.0018049470381811261
0.00004303702007746324
0.00028883255436085165
0.00018824520520865917
0.024419022724032402
0.004592577461153269
0.000046895191189832985
0.0014818960335105658
0.0021055948454886675
0.027197131887078285
0.00022499181795865297
0.000011890197129105218
0.0005634421249851584
0.004415832459926605
0.0002957551332656294
0.0017759703332558274
0.004453473724424839
0.0036265207454562187
0.0002902002015616745
0.0536811500787735
0.004681805614382029
0.0007980085792951286
0.0021337969228625298
0.00016273194341920316
0.000025620356609579176
0.003350956831127405
0.016034377738833427
0.0253989826887846
0.00008785421232460067
0.000011255517165409401
0.01114706415683031
0.00012024834722978994
0.00018922105664387345
0.004751890432089567
0.0010891996789723635
0.004940586164593697
0.00021699260105378926
0.005850381683558226
0.0012017516419291496
0.007894432172179222
0.00006373674841597676
0.00043919956078752875
0.0002829066652338952
0.000026034600523416884
0.00014151603681966662
0.0047369953244924545
0.003852162044495344
0.01896039955317974
0.0066219512373209
0.000026491130483918823
0.00006513023254228756
0.00026238791178911924
0.0024763201363384724
0.00024298405332956463
0.00012338170199654996
0.00015543270274065435
0.02156357280910015
0.0015081431483849883
0.010190405882894993
0.00008680469181854278
0.0006590514676645398
0.0023101349361240864
0.00010588279110379517
0.007536195684224367
0.00011075842485297471
0.033432599157094955
0.0003853699890896678
0.0010670371120795608
0.0005715572624467313
0.0006119046011008322
0.0002655613352544606
0.0018115981947630644
0.0007174436468631029
0.00019056616292800754
0.04306862875819206
0.02471330761909485
0.025305841118097305
0.00014390793512575328
0.001266292529180646
0.0005606758641079068
0.0056816875003278255
0.0007131486781872809
0.00161584687884897
0.0000695141134201549
0.042235806584358215
0.0011299408506602049
0.0019710268825292587
0.0014219688018783927
0.0006146949017420411
0.0025295999366790056
0.001282889279536903
0.0073158047161996365
0.006215749774128199
0.00007719109271420166
0.00031449401285499334
0.0063471719622612
0.00010193708294536918
0.000026030142180388793
0.03230297937989235
0.0005978508270345628
0.0001502206432633102
0.001656748354434967
0.031482867896556854
0.0006793521461077034
0.010396242141723633
0.0000779039619374089
0.00004850490586250089
0.0010252502979710698
0.00007392527186311781
0.0001768670917954296
0.00021530054800678045
0.00016480806516483426
0.00026240982697345316
0.0009117883746512234
0.00020082417177036405
0.035961784422397614
0.010611285455524921
0.0001229535264428705
0.00036114355316385627
0.0014151523355394602
0.01259569637477398
0.022423915565013885
0.00022125399846117944
0.001742899534292519
0.0036144983023405075
0.00003401472349651158
0.00018305901903659105
0.00392803642898798
0.0021126919891685247
0.0012992380652576685
0.000041212999349227175
0.00007422548515023664
0.001038175425492227
0.0015365240396931767
0.019477777183055878
0.002045668428763747
0.005997584201395512
0.0012090756790712476
0.0003784564323723316
0.001820849603973329
0.0030381365213543177
0.002038536360487342
0.0014266750076785684
0.0052068037912249565
0.005473510827869177
0.000008282381713797804
0.0001567480358062312
0.0019334763055667281
0.00004099622674402781
0.00010754476534202695
0.00010938281775452197
0.0038328622467815876
0.000075276278948877
0.0001164159330073744
0.0011440287344157696
0.000023632175725651905
0.00777771882712841
0.00042891004704870284
0.003913364838808775
0.001879427582025528
0.0016746006440371275
0.0029109991155564785
0.000044122432882431895
0.0003375266387593001
0.0000668435386614874
0.0072530219331383705
0.01854691095650196
0.018129272386431694
0.007586777210235596
0.00036096619442105293
0.0015829821350052953
0.0005509440670721233
0.0001272103254450485
0.0000755853034206666
0.0001232874346897006
0.0007209644536487758
0.0010657365201041102
0.00004336250276537612
0.005571258720010519
0.0010148611618205905
0.003702871035784483
0.0000015913064999040216
0.00669865682721138
0.00009468254575040191
0.00013550446601584554
0.009340757504105568
0.01979129947721958
0.006930114701390266
0.0015780557878315449
0.00006696645868942142
0.0001085858020815067
0.0009492377866990864
0.0020870340522378683
0.00315503659658134
0.0007788792718201876
0.001390780322253704
0.010768730193376541
0.014304151758551598
0.003014238551259041
0.00805465504527092
0.000006122298600530485
0.0030554141849279404
0.0019073132425546646
0.003136895364150405
0.0006002386217005551
0.000011279421414656099
0.00003281188037362881
0.0005873672780580819
0.00004658271427615546
0.0002966944593936205
0.009024364873766899
0.00021805062715429813
0.05538593977689743
0.000045472977944882587
0.0019741556607186794
0.012849336490035057
0.000444963137852028
0.00003237521377741359
0.0009573771967552602
0.0008248373051173985
0.0034597772173583508
0.00008583798626204953
0.00004273978265700862
0.007599799893796444
0.000841818458866328
0.000030001960112713277
0.03237644582986832
0.00040940838516689837
0.000038423451769631356
0.0007820706232450902
0.000007396092769340612
0.0008413519244641066
0.00005371253428165801
0.00027579074958339334
0.001371708931401372
0.0002960076672025025
0.037038370966911316
0.012621774338185787
0.00014669007214251906
0.002854220801964402
0.0001142632172559388
0.012763546779751778
0.001585830352269113
0.000011777353392972145
0.006860433146357536
0.00046314203063957393
0.001309432671405375
0.000005689320914825657
0.00001391561181662837
0.04044852405786514
0.003691585035994649
0.010025270283222198
0.000011114796507172287
0.004556566942483187
0.0010087450500577688
0.0002977407712023705
0.00007395511056529358
0.00008258692832896486
0.0003159994666930288
0.009766283445060253
0.0004942645318806171
0.014862512238323689
0.03384902700781822
0.04794752970337868
0.01642782986164093
0.005869195330888033
0.006471302825957537
0.00004023674409836531
0.0021783437114208937
0.03137783333659172
0.00035049885627813637
0.0008048798772506416
0.0007712226361036301
0.00016450499242637306
0.00004675411037169397
0.022984551265835762
0.0014434150652959943
0.0005682130577042699
0.0017993719084188342
0.007190949749201536
0.00487927533686161
0.00021353263582568616
0.016547996550798416
0.0008129510097205639
0.0018986042123287916
0.03987683355808258
0.000329553906340152
0.0007973744650371373
0.0003812799695879221
0.0005422354442998767
0.0007240367704071105
0.00011625824117800221
0.007698991801589727
0.0022863002959638834
0.003195746336132288
0.00006885422772029415
0.0008095540688373148
0.005565838888287544
0.002173834480345249
0.0005839251098223031
0.046871837228536606
0.0024398702662438154
0.0004143154073972255
0.0009803074644878507
0.018431564792990685
0.00013028776447754353
0.0035220228601247072
0.027773331850767136
0.003265245584771037
0.000535916187800467
0.0001151355609181337
0.011304601095616817
0.021359894424676895
0.0006763512501493096
0.0006594601436518133
0.00037307169986888766
0.00038771703839302063
0.0002863061672542244
0.0018062375020235777
0.00016790677909739316
0.00021081998420413584
0.02545897662639618
0.0009496002458035946
0.0023331318516284227
0.00002565197974035982
0.000050440517952665687
0.0024154314305633307
0.00023521001276094466
0.0032018793281167746
0.003730383003130555
0.0002266787487315014
0.001019564806483686
0.00044889157288707793
0.00023637876438442618
0.000033060314308386296
0.0011524283327162266
0.00004607887240126729
0.00008206102211261168
0.00013427356316242367
0.004296260420233011
0.0001498965866630897
0.0010844629723578691
0.000038648526242468506
0.004307673778384924
0.0012656544568017125
0.00004443714351509698
0.017691463232040405
0.0004112780443392694
0.000073782961408142
0.0005904034478589892
0.0017075701616704464
0.001963241957128048
0.00009645015234127641
0.00008894599886843935
0.0010135401971638203
0.000024518161808373407
0.004577280953526497
0.005418057553470135
0.0000723977354937233
0.00021339987870305777
0.00004596378857968375
0.04426543787121773
0.00007883548823883757
0.000999018782749772
0.0030133486725389957
0.0011907409643754363
0.00013598597433883697
