0.002535540610551834
0.003270555753260851
0.03930583968758583
0.002378290519118309
0.007364535238593817
0.0020832743030041456
0.0038406434468925
0.00380233908072114
0.03582736849784851
0.04297439381480217
0.02493564411997795
0.005344563163816929
0.0389658585190773
0.008334106765687466
0.0023757675662636757
0.0038433033041656017
0.006447250489145517
0.0009692358435131609
0.004427414387464523
0.0010036459425464272
0.00043009070213884115
0.04001883789896965
0.013443803414702415
0.001193573116324842
0.004411850590258837
0.0036232697311788797
0.006662007421255112
0.020045196637511253
0.021095626056194305
0.0012584459036588669
0.0056654661893844604
0.0012847514590248466
0.013373632915318012
0.013568609952926636
0.02080908976495266
0.001574604189954698
0.006843733135610819
0.0012918314896523952
0.05348164588212967
0.004702474921941757
0.0015470412326976657
0.005989737808704376
0.002032649237662554
0.01065373606979847
0.004894919693470001
0.0004170931351836771
0.003884354140609503
0.0023279073648154736
0.001448378898203373
0.028007635846734047
0.0006199671770446002
0.02321353740990162
0.008389180526137352
0.00030414637876674533
0.005924340803176165
0.00045558379497379065
0.017886387184262276
0.04037652164697647
0.008283417671918869
0.0017873639008030295
0.0027750639710575342
0.006570428144186735
0.002424228470772505
0.021762818098068237
0.013546116650104523
0.003876923583447933
0.01295424159616232
0.0069193486124277115
0.018120985478162766
0.04733997955918312
0.01749519631266594
0.0026986938901245594
0.0005522078718058765
0.0017250004457309842
0.0010280718561261892
0.0200109351426363
0.02385234460234642
0.0050130668096244335
0.0075661190785467625
0.021963879466056824
0.007398754358291626
0.016557058319449425
0.006725931074470282
0.0008076665108092129
0.018056748434901237
0.00023931032046675682
0.00167092343326658
0.00042409784509800375
0.00229811598546803
0.026524880900979042
0.004469746723771095
0.0001327085483353585
0.030893607065081596
0.002224319614470005
0.005201986525207758
0.01095342542976141
0.0033178539015352726
0.001503522740676999
0.0007999523659236729
0.0006275264313444495
0.0002595235127955675
0.0031046210788190365
0.010254396125674248
0.001813423354178667
0.002434271387755871
0.009741507470607758
0.00015727715799584985
0.002179750707000494
0.014441135339438915
0.0028572501614689827
0.021647272631525993
0.018859947100281715
0.00026480964152142406
0.022741351276636124
0.0006416948745027184
0.0010747985215857625
0.0030728583224117756
0.00015790114412084222
0.0025706696324050426
0.014390041120350361
0.006189955398440361
0.038021206855773926
0.01870812103152275
0.005329164210706949
0.0007805160130374134
0.007404561620205641
0.004066644702106714
0.0018864701269194484
0.0009442789596505463
0.003951511811465025
0.036432135850191116
0.009980897419154644
0.0008603237802162766
0.004424446262419224
0.0018774197669699788
0.043199896812438965
0.013954517431557178
0.006374808494001627
0.003405979136005044
0.021896865218877792
0.01102867629379034
0.0032213490922003984
0.003727523609995842
0.00117203569971025
0.005533202085644007
0.0010893489234149456
0.0010077498154714704
0.001804459490813315
0.029412034898996353
0.0008981064893305302
0.01954786293208599
0.0002585581678431481
0.004476411268115044
0.0022384861949831247
0.033987902104854584
0.0005581148434430361
0.002375595737248659
0.00411111069843173
0.000922172621358186
0.004391147755086422
0.003654611762613058
0.007554436568170786
0.0004907819675281644
0.0008170581422746181
0.004635114688426256
0.0014446433633565903
0.0012955311685800552
0.0015803672140464187
0.0013724800664931536
0.002918602665886283
0.0006975919241085649
0.011628671549260616
0.04392830654978752
0.003862959798425436
0.0018887430196627975
0.00970226526260376
0.001345385448075831
0.003162143984809518
0.006790225859731436
0.0013457449385896325
0.0012775345239788294
0.0015911372611299157
0.0015723477117717266
0.026943283155560493
0.00015660795907024294
0.011948229745030403
0.0015150014078244567
0.00019899889593943954
0.021711474284529686
0.016753703355789185
0.0019742576405406
0.0028290210757404566
0.0222184918820858
0.003936112392693758
0.0030401607509702444
0.006693103350698948
0.012158573605120182
0.00985687505453825
0.014738107100129128
0.004957528784871101
0.0006988616078160703
0.014553779736161232
0.00048570698709227145
0.022700101137161255
0.0004996490897610784
0.009056255221366882
0.0018219751073047519
0.05390971899032593
0.011569424532353878
0.00009708587458590046
0.0006754315691068769
0.004897532518953085
0.036563124507665634
0.0016081786016002297
0.022115394473075867
0.00038629549089819193
0.0010295872343704104
0.004036049824208021
0.004806419834494591
0.0038026529364287853
0.00007790976815158501
0.0013439914910122752
0.0007532460731454194
0.03713182359933853
0.008634163066744804
0.021483246237039566
0.004618416540324688
0.024397725239396095
0.0010397672886028886
0.002185769844800234
0.0029788175597786903
0.0008482783450745046
0.009997003711760044
0.0005774137680418789
0.0008790994761511683
0.0008028438896872103
0.00009267673885915428
0.0012840721756219864
0.0016980766085907817
0.004035492893308401
0.0008315728046000004
0.0018045156029984355
0.004177822731435299
0.0007259163539856672
0.005576526280492544
0.0013234007637947798
0.005115024279803038
0.001038332236930728
0.006298338063061237
0.027120651677250862
0.01912272721529007
0.013053984381258488
0.0038065877743065357
0.009087744168937206
0.0018726049456745386
0.0012995351571589708
0.0012990724062547088
0.001193495118059218
0.0008255153661593795
0.0015222784131765366
0.0071130371652543545
0.009933475404977798
0.0118281040340662
0.020301073789596558
0.00894060730934143
0.08080583065748215
0.01108798198401928
0.004555023740977049
0.00426062336191535
0.0049197496846318245
0.0020214358810335398
0.010269133374094963
0.0032002446241676807
0.05537120997905731
0.002212169114500284
0.00035806428059004247
0.037321120500564575
0.005947232712060213
0.0020978227257728577
0.0016044671647250652
0.0006614374578930438
0.011747675947844982
0.006300340872257948
0.022986628115177155
0.0003266874991822988
0.0017798281041905284
0.005523963365703821
0.0033875161316245794
0.0020262354519218206
0.045465219765901566
0.0010647759772837162
0.002224079566076398
0.008337975479662418
0.00020066887373104692
0.0030719460919499397
0.0009539846796542406
0.0007585185812786222
0.010438128374516964
0.00024989596568048
0.0006611277349293232
0.011520958505570889
0.017949920147657394
0.027731597423553467
0.0060730744153261185
0.039099179208278656
0.0007426654919981956
0.0009500423329882324
0.03231489658355713
0.030384788289666176
0.005064508877694607
0.006113458890467882
0.0003358343674335629
0.0001214679577969946
0.0022030493710190058
0.008570024743676186
0.0016869293758645654
0.003654585685580969
0.0027759429067373276
0.009894941933453083
0.004422488156706095
0.003304538782685995
0.027627188712358475
0.0023955348879098892
0.019927548244595528
0.0018109010998159647
0.0031865492928773165
0.006846278440207243
0.004719291813671589
0.002642824547365308
0.024930261075496674
0.002647288842126727
0.006406641099601984
0.0010647270828485489
0.0013954804744571447
0.0006197413895279169
0.011717354878783226
0.008956841193139553
0.02324909344315529
0.007053777109831572
0.00027125244378112257
0.009320040233433247
0.004475386813282967
0.0021503022871911526
0.013857183046638966
0.0012968153459951282
0.011079390533268452
0.004803615156561136
0.001271587098017335
0.02293633669614792
0.00402620155364275
0.0022340863943099976
0.011573866941034794
0.0065245246514678
0.004011739045381546
0.001003432204015553
0.009489535354077816
0.007591703440994024
0.003068991471081972
0.000861235661432147
0.00006470326479757205
0.00030115872505120933
0.0038595888763666153
0.000762796844355762
0.004260842688381672
0.00164782942738384
0.056597042828798294
0.002553810365498066
0.003732088953256607
0.0026790592819452286
0.0015227255644276738
0.0013325876789167523
0.002184648299589753
0.0023106795269995928
0.006857811938971281
0.0002052446798188612
0.02226123958826065
0.001302887569181621
0.011338241398334503
0.002009604824706912
0.007145310286432505
0.007778785191476345
0.0009250650182366371
0.015140421688556671
0.01823650859296322
0.0006937241414561868
0.0009615535382181406
0.001809056499041617
0.00021550172823481262
0.0003320554969832301
0.002886730944737792
0.015258299186825752
0.005182311870157719
0.010001751594245434
0.007692765910178423
0.024907415732741356
0.019751494750380516
0.001209045760333538
0.012744084931910038
0.007466172333806753
0.00542815588414669
0.0008468086016364396
0.001876857946626842
0.009438172914087772
0.0001859362964751199
0.00519956648349762
0.023581862449645996
0.00030253652948886156
0.003376733511686325
0.006075680255889893
0.023491881787776947
0.0017512443009763956
0.004454548005014658
0.00043501253821887076
0.0008301428752020001
0.0002227377990493551
0.0005381637020036578
0.004335260950028896
0.0003417131374590099
0.05594443529844284
0.0032809346448630095
0.023760082200169563
0.06645442545413971
0.006174195557832718
0.011493023484945297
0.0051327296532690525
0.004684572573751211
0.02666325308382511
0.0013522052904590964
0.007218946702778339
0.0023436672054231167
0.0012551178224384785
0.011510362848639488
0.05066350847482681
0.0030016521923244
0.002665602369233966
0.004457520786672831
0.0003061238385271281
0.0039553032256662846
0.02102362923324108
0.05217737331986427
0.0031643968541175127
0.015841711312532425
0.0005588056519627571
0.04945266246795654
0.0049861129373312
0.006419307552278042
0.017596205696463585
0.0017689389642328024
0.031739652156829834
0.005626337137073278
0.07570567727088928
0.0016437222948297858
0.004833691753447056
0.003981910180300474
0.008381223306059837
0.011210932396352291
0.009099693037569523
0.0051334816962480545
0.0005718751344829798
0.0027577790897339582
0.045978814363479614
0.011710372753441334
0.018418753519654274
0.011637724936008453
0.028712453320622444
0.005143523681908846
0.016160139814019203
0.0022412301041185856
0.011563118547201157
0.0023648517671972513
0.00549607677385211
0.013835654594004154
0.0002721150522120297
0.0009652851149439812
0.025215180590748787
0.001545917009934783
0.01017450075596571
0.006676069926470518
0.00011254012497374788
0.010395037941634655
0.0019491715356707573
0.002996026538312435
0.00827840156853199
0.0025250818580389023
0.0040709166787564754
0.0011850404553115368
0.017745772376656532
0.020192669704556465
0.0070097437128424644
0.0028228857554495335
0.008333447389304638
0.02855905517935753
0.0006807228783145547
0.002543489681556821
0.0010555768385529518
0.002059697173535824
0.0041648088954389095
0.004163616336882114
0.0036840983666479588
0.0022337520495057106
0.010329773649573326
0.012623162940144539
0.009958344511687756
0.05079597979784012
0.0006725993007421494
0.05891020596027374
0.01013367809355259
0.005130569450557232
0.0017120945267379284
0.002869206015020609
0.01139795407652855
0.028612488880753517
0.0034270465839654207
0.012739206664264202
0.0034080722834914923
0.0007495391764678061
0.012772142887115479
0.006953426171094179
0.00486011803150177
0.01826392114162445
0.004961817990988493
0.0032879181671887636
0.00036136878770776093
0.003101081121712923
0.08878181874752045
0.009392480365931988
0.00034925161162391305
0.003921867348253727
0.0020450116135179996
0.0018746207933872938
0.008514339104294777
0.014865062199532986
0.0002156361297238618
0.0013682867866009474
0.006376177538186312
0.026126723736524582
0.022720301523804665
0.009206118993461132
0.0005882601253688335
0.0002808544086292386
0.0018676328472793102
0.014344346709549427
0.03202694281935692
0.03188507258892059
0.0011138461995869875
0.001543746329843998
0.007165238726884127
0.005578247830271721
0.024313200265169144
0.0028578350320458412
0.018300030380487442
0.0010749552166089416
0.0007017754251137376
0.012250788509845734
0.010434955358505249
0.004500753246247768
0.00940998550504446
0.003406596602872014
0.005350510589778423
0.0034424341283738613
0.009679529815912247
0.001436973107047379
0.005371755454689264
0.0031596508342772722
0.0023099936079233885
0.003942069131880999
0.011760348454117775
0.018924150615930557
0.0016221693949773908
0.001866804901510477
0.009870190173387527
0.00022189489391166717
0.01600876823067665
0.0051338099874556065
0.03321873024106026
0.001736246282234788
0.0004954168689437211
0.007863957434892654
0.023357687518000603
0.0007053891313262284
0.0005089205224066973
0.0010536315385252237
0.00739657785743475
0.01225197222083807
0.005273051559925079
0.005061355419456959
0.02027343399822712
0.002022446133196354
0.004359946586191654
0.0025183786638081074
0.003304273821413517
0.01432862039655447
0.0031999319326132536
0.006264745257794857
0.010773159563541412
0.002639547921717167
0.001467496738769114
0.012626119889318943
0.0012306136777624488
0.022378040477633476
0.0002162626915378496
0.0004070333088748157
0.00621013855561614
0.0013608313165605068
0.0013043629005551338
0.0012214032467454672
0.014992421492934227
0.0013920457568019629
0.013512336649000645
0.0005222284817136824
0.002276047132909298
0.0035390157718211412
0.0013841293985024095
0.0008233802509494126
0.0004753930843435228
0.031125808134675026
0.008876284584403038
0.00041705803596414626
0.024302026256918907
0.004337995778769255
0.01339806616306305
0.0033425623551011086
0.0032528857700526714
0.007707210257649422
0.020893143489956856
0.0036063052248209715
0.00331218377687037
0.017486441880464554
0.0030632999259978533
0.05109626054763794
0.02314555086195469
0.0018802059348672628
0.007026134058833122
0.01480891089886427
0.017255468294024467
0.0027300005313009024
0.0005372244049794972
0.00030151946702972054
0.002558275358751416
0.0013354590628296137
0.00695336889475584
0.009957092814147472
0.0038197007961571217
0.0019410439999774098
0.005053830798715353
0.0011607520282268524
0.0012994932476431131
0.0009686363628134131
0.024659020826220512
0.02514537051320076
0.015663566067814827
0.00021280346845742315
0.0011671046959236264
0.03641925007104874
0.0014031000901013613
0.0012628749245777726
0.03311467170715332
0.042819444090127945
0.0024341775570064783
0.0035599167458713055
0.0020617053378373384
0.0035838985349982977
0.01407345850020647
0.012166249565780163
0.0003431849181652069
0.0021440095733851194
0.0036532955709844828
0.0014185773907229304
0.011146594770252705
0.007939166389405727
0.04781097173690796
0.000805646413937211
0.00022569377324543893
0.0006121858605183661
0.002364702522754669
0.0026168259792029858
0.003886684775352478
0.007765392307192087
0.007011916022747755
0.0013886041706427932
0.0023623236920684576
0.014718183316290379
0.024115629494190216
0.02778748795390129
0.003755043726414442
0.07167549431324005
0.01162490900605917
0.002291408833116293
0.042979780584573746
0.01671389862895012
0.006808259524405003
0.013822308741509914
0.0014871916500851512
0.009221809916198254
0.01848430559039116
0.01681051030755043
0.03388586267828941
0.052790120244026184
0.0043481155298650265
0.011311409994959831
0.01788029633462429
0.008473093621432781
0.002086266642436385
0.011175354942679405
0.0015840736450627446
0.000549741555005312
0.006381279788911343
0.0015969484811648726
0.00016708151088096201
0.00134179275482893
0.007410429883748293
0.009431037120521069
0.007351468317210674
0.00793834961950779
0.0019181574461981654
0.010518327355384827
0.01131419837474823
0.0026114312931895256
0.0021661308128386736
0.002993660280480981
0.02318907156586647
0.006366515066474676
0.0013119267532601953
0.001147196046076715
0.0052762157283723354
0.020128127187490463
0.01234096847474575
0.047339458018541336
0.00030387670267373323
0.0058434451930224895
0.010415997356176376
0.018533805385231972
0.04222048074007034
0.00233631394803524
0.0003637021000031382
0.007816648110747337
0.0018397015519440174
0.04850621521472931
0.00030044151935726404
0.014745945110917091
0.022575683891773224
0.026043478399515152
0.004963540006428957
0.006618183106184006
0.0016853074776008725
0.05234532058238983
0.0005398794310167432
0.001158245955593884
0.005730272736400366
0.0023300512693822384
0.000928449968341738
0.0025586376432329416
0.005982766859233379
0.0056471810676157475
0.024411458522081375
0.0005282594356685877
0.006770708132535219
0.008077668026089668
0.004477794282138348
0.0040900735184550285
0.004026785027235746
0.004691703245043755
0.003255886025726795
0.0007288733031600714
0.0010521468939259648
0.013060747645795345
0.0020028857979923487
0.0027894158847630024
0.007440973538905382
0.00488286092877388
0.005054383538663387
0.03087100200355053
0.00548761198297143
0.0014348805416375399
0.0009631312568672001
0.0027790903113782406
0.02048402465879917
0.003687522606924176
0.001445019501261413
0.0005899302195757627
0.004419829696416855
0.0021089394576847553
0.00240630772896111
0.010855298489332199
0.005038663279265165
0.003607424907386303
0.005137121770530939
0.00020180235151201487
0.013961134478449821
0.007092722691595554
0.002102264668792486
0.004008366726338863
0.006293275859206915
0.034050822257995605
0.002298547187820077
0.029856834560632706
0.0010558016365393996
0.00011444383562775329
0.0010320722358301282
0.002623736159875989
0.0069162179715931416
0.031238287687301636
0.0003695405903272331
0.0014925296418368816
0.0004892942379228771
0.0011761077912524343
0.0045514474622905254
0.0005913135828450322
0.005665744189172983
0.0020825036335736513
0.002982974285259843
0.009651938453316689
0.020817529410123825
0.0005984266172163188
0.0001868653780547902
0.001068847719579935
0.00017734820721670985
0.004476956557482481
0.00895891897380352
0.0334760919213295
0.010680092498660088
0.0044424706138670444
0.0004496030160225928
0.006036712322384119
0.0004079165228176862
0.014297432266175747
0.00009493757534073666
0.004652045667171478
0.003550189081579447
0.011647569015622139
0.005296714603900909
0.0010015721200034022
0.020003825426101685
0.00878533348441124
0.004048340488225222
0.014633606187999249
0.0006530131795443594
0.0036617256700992584
0.009318465366959572
0.009999353438615799
0.0039667533710598946
0.0003539054887369275
0.010120402090251446
0.0362786203622818
0.0025055536534637213
0.007624437566846609
0.0005385408876463771
0.005217537749558687
0.0002603503526188433
0.023912329226732254
0.002515173051506281
0.0035488929133862257
0.004347687121480703
0.02282245270907879
0.002491022925823927
0.0008952043717727065
0.0018901533912867308
0.0008068749448284507
0.0006379830883815885
0.008176149800419807
0.0006299590459093451
0.020675357431173325
0.0012769218301400542
0.0012064131442457438
0.00015485359472222626
0.0009606120293028653
0.011610187590122223
0.002435948932543397
0.007156866602599621
0.0013984347460791469
0.016229068860411644
0.006888149306178093
0.005282699596136808
0.008959969505667686
0.0005737791070714593
0.0005023727426305413
0.00039236355223692954
0.0008749223779886961
0.03203992173075676
0.012334194965660572
0.0005148657946847379
0.0015759692760184407
0.0020900920499116182
0.045888904482126236
0.0006767468876205385
0.01385486964136362
0.002276039682328701
0.000715174013748765
0.011290672235190868
0.00009783978021005169
0.0025571875739842653
0.0005758704501204193
0.00206557079218328
0.0036869822070002556
0.0006183436489664018
0.0030564311891794205
0.0020695237908512354
0.004480396397411823
0.0018478609854355454
0.00203551072627306
0.0004298399144317955
0.0003572766436263919
0.034939102828502655
0.0034227671567350626
0.028723567724227905
0.0020927125588059425
0.0007350527448579669
0.0016286213649436831
0.0003972562844865024
0.0027480078861117363
0.0014814611058682203
0.005886479746550322
0.0006501130992546678
0.0046568070538342
0.02535654418170452
0.001354224281385541
0.0383295901119709
0.003616032423451543
0.007877296768128872
0.00018763853586278856
0.009158039465546608
0.005193032324314117
0.010497769340872765
0.06744212657213211
0.016434278339147568
0.013984188437461853
0.09064844995737076
0.006846813019365072
0.0005371483857743442
0.010441730730235577
0.01791185513138771
0.001147457747720182
0.0015769683523103595
0.002083349972963333
0.005314813461154699
0.010084155946969986
0.0007161954417824745
0.012553784064948559
0.014993653632700443
0.007224053144454956
0.0011544276494532824
0.0010164561681449413
0.0015787783777341247
0.008503243327140808
0.004670342896133661
0.0006829561898484826
0.020904291421175003
0.0030587506480515003
0.0007858173921704292
0.004033591132611036
0.00322406436316669
0.002942191669717431
0.026913292706012726
0.015995698049664497
0.0012152167037129402
0.019184526056051254
0.0005667891236953437
0.006143291015177965
0.0032411755528301
0.0009441794245503843
0.0006986440275795758
0.01514994166791439
0.0008238403243012726
0.018428601324558258
0.006877305451780558
0.0027771620079874992
0.0035599092952907085
0.003399883396923542
0.0014700492611154914
0.000788823701441288
0.005988537333905697
0.009187085554003716
0.004901545587927103
0.0012277353089302778
0.0010253192158415914
0.004079931881278753
0.005820269696414471
0.006621765438467264
0.01647782325744629
0.0013522693188861012
0.012951296754181385
0.00029557436937466264
0.00821372028440237
0.021438507363200188
0.0047879526391625404
0.004731784574687481
0.001050500781275332
0.00012700032675638795
0.00208665500395
0.007169824093580246
0.0020966255106031895
0.0006058558356016874
0.0014859723160043359
0.01599964313209057
0.03915529325604439
0.0037134806625545025
0.0033029625192284584
0.023544276133179665
0.0017481367103755474
0.014352063648402691
0.018127011135220528
0.0042425356805324554
0.00958173256367445
0.0020813641604036093
0.00029702080064453185
0.003692641854286194
0.004607236944139004
0.0020330017432570457
0.007835797034204006
0.021059712395071983
0.004559851251542568
0.013162645511329174
0.00010338897845940664
0.009043713100254536
0.0038469196297228336
0.002491988241672516
0.015509495511651039
0.0019708583131432533
0.019789675250649452
0.01002895925194025
0.006164502818137407
0.044954873621463776
0.00161847029812634
0.006593445315957069
0.0013753885868936777
0.001610922976396978
0.03242592513561249
0.00041798880556598306
0.015513904392719269
0.0007755463593639433
0.0011568177724257112
0.0018406574381515384
0.0009216328035108745
0.031039420515298843
0.010990285314619541
0.000685067439917475
0.0015127757797017694
0.000715405389200896
0.003986922558397055
0.004559595603495836
0.006642162799835205
0.05147045850753784
0.008164971135556698
0.013279048725962639
0.000793268671259284
0.008381517603993416
0.00235393806360662
0.0008208770886994898
0.019245736300945282
0.004710569977760315
0.003590183099731803
0.0027962715830653906
0.004294677171856165
0.07495065778493881
0.002249383833259344
0.006708214990794659
0.016815347597002983
0.0020415179897099733
0.026706824079155922
0.0014864583499729633
0.00046536201261915267
0.00042193857370875776
0.0000900466984603554
0.0004948292043991387
0.000570757663808763
0.019104983657598495
0.000210860394872725
0.02027214877307415
0.0005528869805857539
0.03216737508773804
0.00013217523519415408
0.004556384868919849
0.0069149513728916645
0.0017697411822155118
0.004758353345096111
0.0037352025974541903
0.011194517835974693
0.028292158618569374
0.019365329295396805
0.010292001068592072
0.01507091335952282
0.0007783789769746363
0.0004556745116133243
0.0009232261218130589
0.057431016117334366
0.0022400496527552605
0.019498422741889954
0.0013754850951954722
0.00020910834427922964
0.0032337235752493143
0.00831745844334364
0.0004442862991709262
0.005849773064255714
0.0335845947265625
0.0041112289763987064
0.000822319881990552
0.0034407947678118944
0.003998518455773592
0.002460951218381524
0.002416957402601838
0.011675174348056316
0.004839781671762466
0.0021869807969778776
0.014883282594382763
0.0019887005910277367
0.0018456107936799526
0.0004953453899361193
0.02464086376130581
0.0001790809037629515
0.001093383296392858
0.007528167217969894
0.0027698816265910864
0.008905263617634773
0.0003354797954671085
0.009280717931687832
0.0074396152049303055
0.02192123979330063
0.0013701363932341337
0.021041080355644226
0.0004179579555056989
0.001236728741787374
0.00831731129437685
0.0005187118658795953
0.06589710712432861
0.004357010126113892
0.0007781627937220037
0.001572397188283503
0.03836030513048172
0.00035675399703904986
0.004192907363176346
0.0003859283751808107
0.003669264493510127
0.0211187731474638
0.0021233244333416224
0.004632952157407999
0.006095686927437782
0.0005356611218303442
0.0032245449256151915
0.0002366887783864513
0.0008928028400987387
0.0038591446354985237
0.0009553480776958168
0.006677364930510521
0.0002840317029040307
0.021456770598888397
0.00012107139627914876
0.0033203845378011465
0.020258484408259392
0.006001001223921776
0.01588387042284012
0.0008966889581643045
0.022859983146190643
0.008079594001173973
0.000654553237836808
0.02088322676718235
0.01611415669322014
0.0012303926050662994
0.017134206369519234
0.009734686464071274
0.003034120425581932
0.009443886578083038
0.0009044584003277123
0.01515001431107521
0.004427944775670767
0.001808471162803471
0.001631209277547896
0.0067757535725831985
0.004189234226942062
0.00024276103067677468
0.0066702477633953094
0.027994738891720772
0.011336772702634335
0.0011941497214138508
0.0008062478736974299
0.0001142178152804263
0.0339212641119957
0.01972915790975094
0.0005517335957847536
0.005996387451887131
0.0005263283383101225
0.0006866563926450908
0.000235248458920978
0.0009497838909737766
0.0018280029762536287
0.0022009233944118023
0.0023146041203290224
0.00008033368067117408
0.00342851085588336
0.0050370777025818825
0.005607263185083866
0.001543935271911323
0.005162030458450317
0.01873488910496235
0.0011652392568066716
0.040254801511764526
0.02859361656010151
0.018074458464980125
0.0021217965986579657
0.005334053188562393
0.0029966861475259066
0.010136439464986324
0.0002527598990127444
0.007166759110987186
0.006424505729228258
0.01941426284611225
0.004501854535192251
0.0019510904094204307
0.0012495253467932343
0.006450466811656952
0.003223647130653262
0.004995698109269142
0.05209323391318321
0.006390542257577181
0.00030027967295609415
0.00010419447062304243
0.010113590396940708
0.004001753870397806
0.0009923545876517892
0.0005488948663696647
0.03779348358511925
0.005584952887147665
0.012722858227789402
0.0023703412152826786
0.002383009996265173
0.0031523273792117834
0.0063860719092190266
0.0022719986736774445
0.0022334421519190073
0.00013954899623058736
0.008945116773247719
0.0033353932667523623
0.0285995751619339
0.02603159472346306
0.01843828149139881
0.0023678517900407314
0.003209595801308751
0.003422138513997197
0.021289082244038582
0.010494373738765717
0.004494459368288517
0.021301817148923874
0.004992739763110876
0.007106400560587645
0.06537394225597382
0.01587223820388317
0.002587622497230768
0.004367909859865904
0.024491850286722183
0.0035935561172664165
0.021682564169168472
0.0008273613057099283
0.0005135003011673689
0.03952948376536369
0.01893742009997368
0.003463147673755884
0.0003943014016840607
0.03097742795944214
0.0030276859179139137
0.021733606234192848
0.004084824584424496
0.0005221921019256115
0.0013283988228067756
0.0019550109282135963
0.02560543827712536
0.0004984589177183807
0.005679388530552387
0.0006538694724440575
0.012995969504117966
0.0008131602080538869
0.057144857943058014
0.0027586419600993395
0.006522445473819971
0.04339658096432686
0.024608077481389046
0.0012187707470729947
0.036371175199747086
0.005013564135879278
0.003851614659652114
0.0029315887950360775
0.0017055404605343938
0.016763901337981224
0.0012027010088786483
0.001082902541384101
0.0009655790054239333
0.00032126426231116056
0.00045401323586702347
0.014218338765203953
0.012385817244648933
0.00830149557441473
0.0225435309112072
0.001765272580087185
0.04197803884744644
0.0015124814817681909
0.0031911716796457767
0.03419937193393707
0.03445698693394661
0.003386290278285742
0.013122485019266605
0.018022652715444565
0.018550796434283257
0.024048056453466415
0.061130374670028687
0.0006691641174256802
0.004830342251807451
0.004197356291115284
0.011726576834917068
0.0008994449162855744
0.0016481868224218488
0.05082900822162628
0.01361649576574564
0.01964343897998333
0.0011503295972943306
0.00019893607532139868
0.002307317918166518
0.00047928316053003073
0.008891316130757332
0.0075279586017131805
0.0388682521879673
0.0013344408944249153
0.0005820428486913443
