0.018244782462716103
0.004736766684800386
0.002593710320070386
0.007004352752119303
0.0022673294879496098
0.0022765188477933407
0.0035648911725729704
0.00774083286523819
0.009761576540768147
0.031076034530997276
0.0005475470097735524
0.005872257519513369
0.02341161109507084
0.05997392162680626
0.005018303170800209
0.02176651731133461
0.001821731450036168
0.00679904455319047
0.00021058287529740483
0.0007579036755487323
0.00404207780957222
0.013211021199822426
0.04434790462255478
0.022930879145860672
0.029445959255099297
0.017351491376757622
0.018147964030504227
0.0007471326971426606
0.007139798253774643
0.008873997256159782
0.013421004638075829
0.0016523759113624692
0.0006436901167035103
0.0012052807724103332
0.019118251278996468
0.0045251743867993355
0.006880124565213919
0.031216301023960114
0.04712487757205963
0.0008025069255381823
0.0021613871213048697
0.018036920577287674
0.018182413652539253
0.019693410024046898
0.00042003480484709144
0.005014273338019848
0.010115958750247955
0.017958056181669235
0.0015401879791170359
0.027082599699497223
0.0032905819825828075
0.03398594632744789
0.013853681273758411
0.017870647832751274
0.003207009518519044
0.02674962766468525
0.008064059540629387
0.14098069071769714
0.0004139957600273192
0.06315824389457703
0.0124222906306386
0.002277147024869919
0.012169157154858112
0.03332429751753807
0.013149664737284184
0.010792102664709091
0.00790635496377945
0.0011570628266781569
0.04005729779601097
0.007152978330850601
0.003174831625074148
0.004781310446560383
0.03374025970697403
0.023472052067518234
0.0011410810984671116
0.008436360396444798
0.000549220247194171
0.009105783887207508
0.018697256222367287
0.010315543971955776
0.003967713564634323
0.010668475180864334
0.001260068267583847
0.011998052708804607
0.009689961560070515
0.011687804944813251
0.004895441699773073
0.02739955112338066
0.014975548721849918
0.013157010078430176
0.0026853105518966913
0.020489834249019623
0.002445417456328869
0.007703626528382301
0.017991693690419197
0.010251802392303944
0.03534344956278801
0.007572839502245188
0.005451531615108252
0.011257253587245941
0.0011674645356833935
0.0024335384368896484
0.022143999114632607
0.004678965080529451
0.008382893167436123
0.008941542357206345
0.0019504664232954383
0.011884927749633789
0.0011755707673728466
0.00756850466132164
0.02953289821743965
0.004558144602924585
0.0017643313622102141
0.007525991182774305
0.06176498904824257
0.0025209158193320036
0.006023401394486427
0.005739488173276186
0.0031001537572592497
0.038759153336286545
0.004796001128852367
0.005195243284106255
0.00617680000141263
0.042594339698553085
0.009853062219917774
0.01056666485965252
0.03180842846632004
0.012977274134755135
0.009232996962964535
0.0029274383559823036
0.004803666844964027
0.001077065011486411
0.00035818060860037804
0.003786790184676647
0.004414470866322517
0.004359394311904907
0.00033974071266129613
0.001576032256707549
0.004671852104365826
0.002953913761302829
0.014100260101258755
0.01824604533612728
0.00047379740863107145
0.004621143918484449
0.026715973392128944
0.0012286751298233867
0.00895706471055746
0.007526501547545195
0.0016937397886067629
0.006357064004987478
0.01740969344973564
0.014648259617388248
0.016079870983958244
0.026666048914194107
0.007367964368313551
0.0021351929754018784
0.03244199603796005
0.007517174351960421
0.00032430439023301005
0.0036379911471158266
0.003605644218623638
0.006692496128380299
0.0008538879919797182
0.010792008601129055
0.0013275353703647852
0.0010248682228848338
0.0005442201509140432
0.004786891397088766
0.005689836107194424
0.014872848056256771
0.0015366952866315842
0.010556166991591454
0.006756249815225601
0.001266071805730462
0.001093073282390833
0.026658758521080017
0.01553137693554163
0.0013072611764073372
0.0001851131091825664
0.003992418292909861
0.01106400415301323
0.014750343747437
0.001889666891656816
0.02204768918454647
0.0005705453222617507
0.0012312503531575203
0.0042109559290111065
0.033532362431287766
0.005429207347333431
0.000592716911341995
0.009157468564808369
0.012114221230149269
0.0014385569375008345
0.004040928557515144
0.0009016368421725929
0.0007980570080690086
0.021326452493667603
0.0010394601849839091
0.0011106114834547043
0.017426392063498497
0.0016692085191607475
0.040887270122766495
0.04654775559902191
0.00641388026997447
0.003328442107886076
0.0021851682104170322
0.013012596406042576
0.016575481742620468
0.01922350935637951
0.007037041708827019
0.008712003007531166
0.011560135520994663
0.00878717377781868
0.0010114684700965881
0.0034657269716262817
0.011725430376827717
0.021793518215417862
0.02448984794318676
0.011102242395281792
0.029574701562523842
0.0014242681208997965
0.0012437665136530995
0.0306386798620224
0.01930158957839012
0.02698645368218422
0.01035713404417038
0.010162251070141792
0.0015927862841635942
0.009699247777462006
0.0012984728673473
0.0027026026509702206
0.003890903200954199
0.0040428820066154
0.0016955198952928185
0.012427866458892822
0.0013372540706768632
0.006167175248265266
0.0007023553480394185
0.040234800428152084
0.011462881229817867
0.02378389798104763
0.006758458446711302
0.003091059159487486
0.008311732672154903
0.008443430997431278
0.0031107754912227392
0.009190133772790432
0.010786663740873337
0.007748042233288288
0.01023328211158514
0.005958068650215864
0.0037827049382030964
0.011853564530611038
0.00018012472719419748
0.013014497235417366
0.04160742461681366
0.043541040271520615
0.004670118913054466
0.0010506557300686836
0.02330855466425419
0.008560547605156898
0.019429611042141914
0.0045606535859405994
0.021291466429829597
0.005385532043874264
0.029940972104668617
0.013867763802409172
0.03114400804042816
0.0673695057630539
0.0007747567142359912
0.02963060513138771
0.01614444889128208
0.003527911612764001
0.0018443904118612409
0.004556748084723949
0.0023827794939279556
0.0017238802975043654
0.0036415052600204945
0.009863433428108692
0.0005242849583737552
0.010103698819875717
0.0006234940956346691
0.0009954056004062295
0.023894768208265305
0.0021233418956398964
0.006029646843671799
0.001009622705169022
0.015059338882565498
0.0210470799356699
0.006369245704263449
0.01718958653509617
0.0023507424630224705
0.0012643701629713178
0.022636041045188904
0.005888363346457481
0.00464820209890604
0.023312080651521683
0.0012373171048238873
0.00014865337288938463
0.0014562738360837102
0.004608599469065666
0.006457882933318615
0.01847769320011139
0.01327595766633749
0.016216596588492393
0.00517644826322794
0.0004850535769946873
0.011332685127854347
0.002839912660419941
0.05594745650887489
0.012950857169926167
0.0031840242445468903
0.009554109536111355
0.013284088112413883
0.02674105577170849
0.006441138684749603
0.020797353237867355
0.004563784692436457
0.010026923380792141
0.0018018699483945966
0.035416800528764725
0.009580996818840504
0.029173733666539192
0.017845120280981064
0.0038381246849894524
0.008897504769265652
0.010559877380728722
0.018575824797153473
0.03481249511241913
0.0009060506708920002
0.00043238638318143785
0.012448283843696117
0.0018460798310115933
0.009755508974194527
0.02051507867872715
0.0016442100750282407
0.0062502296641469
0.0010911793215200305
0.004182940348982811
0.013979892246425152
0.005159550346434116
0.01039249636232853
0.02965499646961689
0.007338407449424267
0.015508471056818962
0.007327897474169731
0.003543270519003272
0.02079022489488125
0.0019806534983217716
0.002572825411334634
0.025563957169651985
0.015141956508159637
0.010782764293253422
0.012685634195804596
0.001562470686621964
0.030255215242505074
0.03161042183637619
0.004199368413537741
0.013094340451061726
0.002707920502871275
0.027270741760730743
0.03258062154054642
0.010324385948479176
0.003296218579635024
0.0037092603743076324
0.009995503351092339
0.0020873313769698143
0.005630855914205313
0.006939137354493141
0.00891106016933918
0.009251081384718418
0.0024695557076483965
0.0008197863353416324
0.00953646283596754
0.0007875372539274395
0.003297068877145648
0.0070745134726166725
0.002842262852936983
0.001505604712292552
0.0070160445757210255
0.01626179926097393
0.014351733960211277
0.04399058595299721
0.0190285574644804
0.0013499654596671462
0.007839069701731205
0.030473940074443817
0.0036133055109530687
0.0022242730483412743
0.006661200430244207
0.0011699761962518096
0.0024971594102680683
0.0012218758929520845
0.009008373133838177
0.004262574948370457
0.012239053845405579
0.007305084262043238
0.009731458500027657
0.007911929860711098
0.006036587990820408
0.007571477442979813
0.001591590465977788
0.0006862353184260428
0.007670002989470959
0.0432550422847271
0.007654368411749601
0.012731951661407948
0.001485292217694223
0.006375724449753761
0.001008465071208775
0.001233952003531158
0.02701631933450699
0.0013177308719605207
0.04210411012172699
0.0046059750020504
0.00406639464199543
0.04164230450987816
0.002131920075044036
0.006242589559406042
0.01344718225300312
0.007454171311110258
0.010665860958397388
0.03440937399864197
0.007125488016754389
0.006328980438411236
0.035699956119060516
0.0046706595458090305
0.0032675813417881727
0.0011560812126845121
0.02073216810822487
0.0012682551750913262
0.00535231688991189
0.007448384538292885
0.029636992141604424
0.00229774322360754
0.0046530053950846195
0.0003389153571333736
0.033920641988515854
0.0034278733655810356
0.0242182444781065
0.0001897138135973364
0.010029899887740612
0.0015528072835877538
0.0012120945611968637
0.010981228202581406
0.0021664544474333525
0.000850791810080409
0.001552216475829482
0.004896863363683224
0.006785073317587376
0.03117944672703743
0.021746018901467323
0.0018996087601408362
0.0013091658474877477
0.0005835049087181687
0.004375010263174772
0.0037027127109467983
0.0007569807930849493
0.00042134200339205563
0.01243869960308075
0.011642666533589363
0.026639189571142197
0.01473250798881054
0.03434576094150543
0.0010986891575157642
0.02303110808134079
0.03315066918730736
0.006304067559540272
0.0058806403540074825
0.002196606481447816
0.04575099050998688
0.0030989060178399086
0.0032862985972315073
0.005717854015529156
0.00237635406665504
0.0008727327804081142
0.012871024198830128
0.02191505767405033
0.045188531279563904
0.004972781520336866
0.0013692749198526144
0.0018450783099979162
0.026711756363511086
0.006676114164292812
0.011940996162593365
0.00045291040441952646
0.00039829485467635095
0.005746533628553152
0.02458159439265728
0.002537248656153679
0.0028953386936336756
0.000705340295098722
0.00247910781763494
0.01087509747594595
0.004683057311922312
0.0010962567757815123
0.010317550040781498
0.0006585290539078414
0.0016309689963236451
0.019878750666975975
0.005996590480208397
0.004402085207402706
0.00783100537955761
0.0010338996071368456
0.051329996436834335
0.009866428561508656
0.024070335552096367
0.008375524543225765
0.0030873168725520372
0.029269592836499214
0.014642882160842419
0.010001301765441895
0.002425411017611623
0.021684162318706512
0.00503413425758481
0.0072190528735518456
0.001004241406917572
0.02197188511490822
0.01614290289580822
0.007151869125664234
0.0026565573643893003
0.005287440028041601
0.006014490500092506
0.012834756635129452
0.00197613681666553
0.03092455305159092
0.06212243810296059
0.020685527473688126
0.0005394881009124219
0.0008162865997292101
0.0462791733443737
0.0023766790982335806
0.03061956912279129
0.004401432815939188
0.01863517053425312
0.0017069467576220632
0.006575956474989653
0.10273008048534393
0.009190310724079609
0.004721991252154112
0.006345632951706648
0.029231920838356018
0.0034718576353043318
0.008510155603289604
0.0033800958190113306
0.015710482373833656
0.002836407395079732
0.0052643162198364735
0.028838830068707466
0.011343240737915039
0.0031081312336027622
0.00045141676673665643
0.020631682127714157
0.010194545611739159
0.02121996507048607
0.01350343693047762
0.002459116280078888
0.0066609932109713554
0.13470102846622467
0.04962723329663277
0.0006480686133727431
0.00581867340952158
0.004785782191902399
0.004916843958199024
0.01358097419142723
0.00022659695241600275
0.0013264837907627225
0.0024773040786385536
0.0006932514952495694
0.022928815335035324
0.0007693216321058571
0.0082822535187006
0.01885043829679489
0.0010640890104696155
0.008167322725057602
0.029151933267712593
0.008734164759516716
0.025880007073283195
0.02732841670513153
0.001861527212895453
0.00321937701664865
0.01690717227756977
0.0273714791983366
0.061576955020427704
0.0011608385248109698
0.011850952170789242
0.011030899360775948
0.000434703630162403
0.0063104694709181786
0.00825105793774128
0.0061552869156003
0.004315392579883337
0.0051630050875246525
0.004131781868636608
0.0006419650744646788
0.004796489141881466
0.005559499375522137
0.0040434179827570915
0.0014045567950233817
0.004942525643855333
0.012810738757252693
0.003049602499231696
0.0008667223155498505
0.00391616253182292
0.0017350498819723725
0.007901824079453945
0.0012050849618390203
0.0005838248180225492
0.07575788348913193
0.0016191700706258416
0.0009723186958581209
0.006627290975302458
0.003998374566435814
0.0029268681537359953
0.04311558976769447
0.013223030604422092
0.01349709089845419
0.000983002595603466
0.002015518955886364
0.009053416550159454
0.0000790381382103078
0.006830176804214716
0.03848236799240112
0.014618957415223122
0.024545036256313324
0.04945289343595505
0.004376514814794064
0.017427371814846992
0.016508540138602257
0.0009255894110538065
0.025105852633714676
0.005041090771555901
0.0013244987931102514
0.0014760481426492333
0.007287249434739351
0.005590975284576416
0.028315771371126175
0.034970901906490326
0.0034187331330031157
0.002005934715270996
0.027957985177636147
0.006857072003185749
0.004215192515403032
0.004290676210075617
0.006977876648306847
0.0026116291992366314
0.004000927787274122
0.022223463281989098
0.0075124152936041355
0.023557446897029877
0.0013155093183740973
0.0014381811488419771
0.030809538438916206
0.03169111907482147
0.0017795967869460583
0.0016918068286031485
0.01673170179128647
0.004773980937898159
0.0035457045305520296
0.005694132298231125
0.0005383323295973241
0.0019995043985545635
0.01606963388621807
0.003180263563990593
0.05123542621731758
0.0018969897646456957
0.05013918876647949
0.04778266325592995
0.0038590477779507637
0.0015022063162177801
0.027986371889710426
0.0028647398576140404
0.00921345129609108
0.019444981589913368
0.013212081044912338
0.03998729959130287
0.057173583656549454
0.0198573749512434
0.005790439900010824
0.0029250881634652615
0.012099768035113811
0.005866616033017635
0.0036638493184000254
0.04625379666686058
0.027712520211935043
0.020962698385119438
0.014115258120000362
0.009940365329384804
0.005100610200315714
0.00216427119448781
0.01586398482322693
0.011841975152492523
0.018281888216733932
0.06823048740625381
0.003589227795600891
0.004595660138875246
0.029911359772086143
0.004388831090182066
0.016152461990714073
0.0006618300103582442
0.01786785200238228
0.0008568695629946887
0.0009525012574158609
0.0018008488696068525
0.0014932937920093536
0.0019391095265746117
0.005458327941596508
0.0028577782213687897
0.0029222259763628244
0.00925301294773817
0.1276700496673584
0.0010583781404420733
0.005445110611617565
0.0013531340518966317
0.022096024826169014
0.014632015489041805
0.005228350404649973
0.0026006163097918034
0.015016753226518631
0.04934366047382355
0.07069803029298782
0.004749470390379429
0.00102446717210114
0.015294232405722141
0.005622463300824165
0.0008715210133232176
0.021645762026309967
0.013493038713932037
0.0007460571359843016
0.004205749835819006
0.009289335459470749
0.004087981302291155
0.00036565365735441446
0.0012134939897805452
0.02595582604408264
0.004998158197849989
0.013391134329140186
0.009229195304214954
0.03640226647257805
0.005200984887778759
0.008374747820198536
0.0015456373803317547
0.0005831841262988746
0.034809231758117676
0.0013315045507624745
0.0255286768078804
0.0022295054513961077
0.004740256816148758
0.028050623834133148
0.0008943934226408601
0.0013591754250228405
0.002567345043644309
0.0008516139350831509
0.025752846151590347
0.011187063530087471
0.027500508353114128
0.0123722143471241
0.002159017138183117
0.0018226198153570294
0.014034087769687176
0.009633897803723812
0.005936743691563606
0.001000602962449193
0.017385214567184448
0.0005901461117900908
0.05402921140193939
0.0007780244341120124
0.007558672223240137
0.0032230382785201073
0.02938261441886425
0.020198851823806763
0.002586343325674534
0.002646791050210595
0.017584819346666336
0.0006067307549528778
0.012179448269307613
0.01818433217704296
0.012730100192129612
0.035130925476551056
0.013634386472404003
0.005125923547893763
0.004239197354763746
0.0024219038896262646
0.0007500621140934527
0.027204254642128944
0.030756603926420212
0.007105247117578983
0.011633249931037426
0.018039273098111153
0.03613634034991264
0.009025282226502895
0.0024351549800485373
0.011221328750252724
0.0014170346548780799
0.03470464050769806
0.0003657498746179044
0.04667608439922333
0.005402548238635063
0.011862222105264664
0.01805984042584896
0.0030289506539702415
0.02118762396275997
0.017112094908952713
0.03174108266830444
0.00921589508652687
0.02115274965763092
0.017800239846110344
0.00397616159170866
0.009336835704743862
0.0017750284168869257
0.030307086184620857
0.011607648804783821
0.001220525475218892
0.00314348004758358
0.013734421692788601
0.006339862942695618
0.00086322141578421
0.002424513688310981
0.0046208505518734455
0.007151282392442226
0.0004706448526121676
0.004172326065599918
0.0007833312265574932
0.01742718555033207
0.010444913990795612
0.027263125404715538
0.03248888999223709
0.00041771444375626743
0.043420448899269104
0.00614198436960578
0.0019801713060587645
0.006911600474268198
0.001031791791319847
0.0013982232194393873
0.008232462219893932
0.00933984387665987
0.012490452267229557
0.005737451836466789
0.0023682997561991215
0.005250518210232258
0.05225786194205284
0.00746108079329133
0.0038272642996162176
0.015886694192886353
0.010502316057682037
0.019537365064024925
0.003571466077119112
0.0007198008242994547
0.002335653407499194
0.00036946259206160903
0.01091857347637415
0.022709323093295097
0.008787785656750202
0.001422468340024352
0.0012092519318684936
0.03185054287314415
0.014356737956404686
0.0029115923680365086
0.009271989576518536
0.0028255293145775795
0.010223825462162495
0.0014833395835012197
0.004272168036550283
0.0004698830016423017
0.004870119504630566
0.00203349138610065
0.003132343292236328
0.02854720503091812
0.004212876781821251
0.0012165922671556473
0.0011980552226305008
0.017691893503069878
0.001481075887568295
0.015408447943627834
0.007287350948899984
0.026797691360116005
0.007862446829676628
0.0018051593797281384
0.0017751554260030389
0.03508663550019264
0.0059745474718511105
0.002124853665009141
0.0015743057010695338
0.020805474370718002
0.002888608258217573
0.012925744988024235
0.04338715970516205
0.01676895283162594
0.002212662948295474
0.0006799639668315649
0.01702697202563286
0.003920411225408316
0.0370473638176918
0.006264497525990009
0.0014105680165812373
0.010931558907032013
0.003863757010549307
0.02046225219964981
0.006415358278900385
0.0011661919998005033
0.039241109043359756
0.011290272697806358
0.008601177483797073
0.003495181677863002
0.01053337287157774
0.0212857723236084
0.004696008283644915
0.0041640386916697025
0.03535057231783867
0.006528288125991821
0.00022350429208017886
0.012108704075217247
0.0036751783918589354
0.0031547092366963625
0.024278869852423668
0.007890583015978336
0.0014339954359456897
0.01526076253503561
0.017695724964141846
0.02220512181520462
0.030504662543535233
0.0010032568825408816
0.022747809067368507
0.010599720291793346
0.006579777225852013
0.010508595034480095
0.0008015435887500644
0.01456658449023962
0.006440754048526287
0.0003736498183570802
0.002059928374364972
0.007213484030216932
0.031018462032079697
0.0010887659154832363
0.02960175648331642
0.0059083690866827965
0.007977472618222237
0.0009530631359666586
0.009451554156839848
0.011395771987736225
0.011491709388792515
0.0009682845557108521
0.0370626375079155
0.032062266021966934
0.012980216182768345
0.0032037245109677315
0.001268261345103383
0.07071573287248611
0.005846885032951832
0.010729098692536354
0.06769344955682755
0.004773024003952742
0.0016712077194824815
0.00405901437625289
0.0024094516411423683
0.0033232136629521847
0.0444934256374836
0.0035469839349389076
0.005340822506695986
0.009394369088113308
0.0074400161392986774
0.0027867916505783796
0.05335955694317818
0.0032278462313115597
0.001360496855340898
0.002792404731735587
0.012566553428769112
0.017890026792883873
0.003702409565448761
0.007355335168540478
0.004946721252053976
0.0036741006188094616
0.0027087070047855377
0.0005087790777906775
0.051012709736824036
0.02016637660562992
0.001170224160887301
0.021129097789525986
0.011164054274559021
0.00228702905587852
0.030214564874768257
0.011640855111181736
0.017671681940555573
0.007992502301931381
0.051877547055482864
0.02096422389149666
0.006992093753069639
0.003087886841967702
0.003953507635742426
0.001380682340823114
0.018259523436427116
0.019407708197832108
0.009395243600010872
0.013830156996846199
0.01022824365645647
0.05948402360081673
0.005309124011546373
0.0055311983451247215
0.027745956555008888
0.007563065737485886
0.007800028193742037
0.004094433970749378
0.010530644096434116
0.004396490287035704
0.020502937957644463
0.007515170145779848
0.01552803348749876
0.017368527129292488
0.03087770566344261
0.014254719018936157
0.0010746435727924109
0.00440616812556982
0.010617474094033241
0.0034304740838706493
0.010194964706897736
0.00684578251093626
0.014543344266712666
0.053189460188150406
0.006901769898831844
0.0028314057271927595
0.01143078412860632
0.0030748273711651564
0.010085326619446278
0.01713578589260578
0.020060595124959946
0.013456352986395359
0.0028946539387106895
0.011044428683817387
0.03054947964847088
0.03241552785038948
0.005397339351475239
0.0005095336236990988
0.022866567596793175
0.007739350199699402
0.036490920931100845
0.026647599413990974
0.016349313780665398
0.007615634240210056
0.002118149073794484
0.002875163219869137
0.010098864324390888
0.009601605124771595
0.0007122430833987892
0.010516890324652195
0.01735890656709671
0.004816888365894556
0.004839201457798481
0.0027802533004432917
0.0020694804843515158
0.004368866793811321
0.007082949858158827
0.004044316243380308
0.0004231086350046098
0.0016448666574433446
0.03218691423535347
0.0004087432462256402
0.005201391410082579
0.009359986521303654
0.01951536349952221
0.016248300671577454
0.04673224315047264
0.001693404745310545
0.0026104452554136515
0.011637506075203419
0.011325249448418617
0.019210368394851685
0.0032166680321097374
0.023340800777077675
0.01952015608549118
0.011053155176341534
0.020932679995894432
0.018127797171473503
0.0006046969210729003
0.007547212764620781
0.010441439226269722
0.016764050349593163
0.003083057003095746
0.026357851922512054
0.0038123903796076775
0.006910891272127628
0.0012963151093572378
0.00866390485316515
0.002433107467368245
0.001503950566984713
0.00996971782296896
0.0006120589096099138
0.010757999494671822
0.011625396087765694
0.000932027178350836
0.012312682345509529
0.014220909215509892
0.02212914638221264
0.006111847702413797
0.0034105111844837666
0.0019349973881617188
0.00027136612334288657
0.006321439053863287
0.0066025094129145145
0.026520976796746254
0.005721454042941332
0.0009685350814834237
0.02812044881284237
0.030821196734905243
0.0021968185901641846
0.012865650467574596
0.01974133960902691
0.0005457172519527376
0.008009351789951324
0.02042493224143982
0.022024160251021385
0.0006498968577943742
0.020780319347977638
0.0035616906825453043
0.003312812652438879
0.02947990410029888
0.036540452390909195
0.01805689185857773
0.015007552690804005
0.0004292938101571053
0.011147086508572102
0.0016134968027472496
0.000985028687864542
0.0023812532890588045
0.010506604798138142
0.015899132937192917
0.005447976291179657
0.002679088618606329
0.00549259502440691
0.0026466797571629286
0.003216615878045559
0.03068367764353752
0.0014338776236400008
0.019173428416252136
0.01254208106547594
0.0028646611608564854
0.012678796425461769
0.012633676640689373
0.028570007532835007
0.003068887861445546
0.012261463329195976
0.016973156481981277
0.015257474966347218
0.011850460432469845
0.014796586707234383
0.02629258669912815
0.0013486691750586033
0.03017318621277809
0.00557756470516324
0.056620415300130844
0.015100923366844654
0.0005855155177414417
0.003673617960885167
0.002117541152983904
0.001581126474775374
0.0006780720432288945
0.0008860583184286952
0.03229796141386032
0.010384260676801205
0.005717657972127199
0.00849326141178608
0.0005327861290425062
0.0025337212719023228
0.03699130564928055
0.024337274953722954
0.022013774141669273
0.011953342705965042
0.01301870308816433
0.0005688131204806268
0.0077408840879797935
0.0003920195740647614
0.004058611113578081
0.010138578712940216
0.008661134168505669
0.01794450543820858
0.009742681868374348
0.012959427200257778
0.0035058758221566677
0.0034448844380676746
0.005120222922414541
0.002564461436122656
0.0031761096324771643
0.0040438431315124035
0.0013710081111639738
0.0006959625170566142
0.0005774946766905487
0.0009491011151112616
0.016485419124364853
0.008457424119114876
0.009056860581040382
0.048115022480487823
0.01264172699302435
0.03192288056015968
0.007347165606915951
0.009037801995873451
0.00151832087431103
0.0005109803751111031
0.0037782867439091206
0.0014188542263582349
0.0039698039181530476
0.002114826114848256
0.0041929325088858604
0.0029780124314129353
0.011461463756859303
0.017450667917728424
0.0013821711763739586
0.016618311405181885
0.0011263564229011536
0.0031892613042145967
0.0019284976879134774
0.0021198480390012264
0.01998600736260414
0.002302503911778331
0.006619377061724663
0.003002229845151305
0.004602713044732809
0.0014899700181558728
0.004316338803619146
0.0006478089489974082
0.010758593678474426
0.0007475526072084904
0.0024248179979622364
0.0007342800963670015
0.02716807834804058
0.005204504821449518
0.002533849561586976
0.031027287244796753
0.020977091044187546
0.00047418722533620894
0.0006429316126741469
0.003500211052596569
0.005044529214501381
0.000996095361188054
0.008442055433988571
0.0027822894044220448
0.014436686411499977
0.046995826065540314
0.00582304410636425
0.015269839204847813
0.0032255344558507204
0.03356055170297623
0.000730029889382422
0.018158625811338425
0.010843300260603428
0.0037578302435576916
0.002375457901507616
0.02170375920832157
0.002104277489706874
0.003152146702632308
0.021084211766719818
0.007777717430144548
0.011317257769405842
0.012382219545543194
0.01088156271725893
0.008112001232802868
0.01851288229227066
0.0002581309527158737
0.001144650625064969
0.000830326636787504
0.0019955835305154324
0.0004764338373206556
0.02394368126988411
0.004936466459184885
0.01479724608361721
0.0002826186828315258
0.009746488183736801
0.0019684829749166965
0.0042295902967453
0.015433795750141144
0.0017792870057746768
0.024738337844610214
0.012091587297618389
0.006854075472801924
0.003145674942061305
0.03179267793893814
0.011204449459910393
0.0038560505490750074
0.002237660577520728
0.011223893612623215
0.04084273427724838
0.00006470389052992687
0.005941865034401417
0.0003973436541855335
0.017304295673966408
0.006225652061402798
0.003915440756827593
0.009623906575143337
0.03816676139831543
0.0023576293606311083
0.01318617444485426
0.002863692818209529
0.008084309287369251
0.016603754833340645
0.0013113244203850627
0.002631105249747634
0.03548756614327431
0.00048585253534838557
0.005178924649953842
0.002647646237164736
0.005698328372091055
0.0068527101539075375
0.0004446132224984467
0.000650850881356746
0.008940240368247032
0.0022431917022913694
0.004139331169426441
0.005739035550504923
0.009061199612915516
0.016577336937189102
0.008093283511698246
0.03935134410858154
0.0005251148249953985
0.00707703921943903
0.001088773482479155
0.0013974187895655632
0.00174041953869164
0.0018983087502419949
0.007315443828701973
0.060192566365003586
0.0008393829921260476
0.1333390325307846
