0.007922038435935974
0.0007192078628577292
0.00014327898679766804
0.0032665757462382317
0.009341373108327389
0.0001800055761123076
0.006447491701692343
0.001339020556770265
0.0009409511694684625
0.00004287486808607355
0.00023321168555412441
0.03482760861515999
0.042613435536623
0.00020480850071180612
0.0003298229130450636
0.000962919439189136
0.0004520158108789474
0.0004186111909803003
0.0027253604494035244
0.00020693850819952786
0.017192194238305092
0.026967082172632217
0.0006167986430227757
0.0007391089457087219
0.0016132433665916324
0.00006666832632618025
0.004050233401358128
0.0005673127598129213
0.004095841199159622
0.001129970303736627
0.0062099844217300415
0.000756596215069294
0.00030804614652879536
0.0003131097473669797
0.0001667952019488439
0.00014915299834683537
0.00243743066675961
0.0007081415969878435
0.0006812932551838458
0.00049664790276438
0.00003564340659067966
0.0002889088063966483
0.00006872900848975405
0.0005218862206675112
0.011451596394181252
0.0009749532910063863
0.03885364532470703
0.0014331777347251773
0.000029498258300009184
0.013328641653060913
0.000006984698757150909
0.006869189906865358
0.0005551571375690401
0.009978883899748325
0.010391072370111942
0.001444723573513329
0.00005651158789987676
0.00046678268699906766
0.0014027212746441364
0.008541963063180447
0.0006380926351994276
0.01693251170217991
0.0025729150511324406
0.000653628958389163
0.0012320894747972488
0.01952085830271244
0.0006352278287522495
0.0010951681761071086
0.00010948652925435454
0.000020086654330953024
0.005108351353555918
0.00484986649826169
0.0013213203055784106
0.00039699944318272173
0.0013533709570765495
0.00009520161256659776
0.0002724734367802739
0.00008283940405817702
0.00923971552401781
0.004143903497606516
0.0010489835403859615
0.0012289125006645918
0.003937555942684412
0.00008491241896990687
0.00886155478656292
0.0047647603787481785
0.00031364610185846686
0.000052375715313246474
0.00009569633402861655
0.000056224511354230344
0.0008788506966084242
0.0004903441877104342
0.0010592344915494323
0.000017677837604423985
0.014669736847281456
0.001021936652250588
0.001121473964303732
0.000626290391664952
0.00007218919927254319
0.0010807913495227695
0.004603624809533358
0.00026741166948340833
0.00031426225905306637
0.0005049299797974527
0.0003235798212699592
0.028788115829229355
0.000836842751596123
0.002959783188998699
0.004886942449957132
0.0027592629194259644
0.00009310021414421499
0.0002830990997608751
0.003512544324621558
0.0003747611481230706
0.00012322499242145568
0.0025709280744194984
0.0011574833188205957
0.03205706179141998
0.00006854084494989365
0.00021686393301934004
0.0042814454063773155
0.00009258314094040543
0.0015344799030572176
0.005570557434111834
0.00022497984173242003
0.00037665560375899076
0.0010181328980252147
0.00227685971185565
0.0017625931650400162
0.04100169613957405
0.0003117733867838979
0.00018209655536338687
0.00011073932546423748
0.000027831081752083264
0.000748521531932056
0.002213801024481654
0.00012366384908091277
0.01325613260269165
0.0047849686816334724
0.0005060260300524533
0.0010518934577703476
0.002055200980976224
0.0000505570242239628
0.00012787738523911685
0.0008508458267897367
0.0004390247631818056
0.0007116726483218372
0.00023239616712089628
0.00003358845424372703
0.0002695426519494504
0.0002065295266220346
0.00007846602966310456
0.010734551586210728
0.0029729707166552544
0.0012446652399376035
0.0005931340274401009
0.009390761144459248
0.00013264182780403644
0.013560788705945015
0.008985702879726887
0.00012551616237033159
0.0006528623634949327
0.08491117507219315
0.006305217277258635
0.001731962081976235
0.0004724445170722902
0.00028052335255779326
0.000015196765161817893
0.00029980592080391943
0.02327110804617405
0.007928508333861828
0.010311364196240902
0.000039442162233171985
0.00799157377332449
0.000047625504521420226
0.00005998842607368715
0.000036826600990025327
0.016019338741898537
0.00024625344667583704
0.0016966095427051187
0.008573692291975021
0.008111908100545406
0.001225001411512494
0.000632468203548342
0.00014140261919237673
0.01513700932264328
0.010877463966608047
0.033047668635845184
0.0031392688397318125
0.0033409851603209972
0.008885747753083706
0.006886219140142202
0.0000069563147917506285
0.00012397815589793026
0.0017639348516240716
0.006721116602420807
0.0047472137957811356
0.004006515257060528
0.00030480819987133145
0.0001643747091293335
0.000019828250515274704
0.0007219960098154843
0.03503772243857384
0.0010572498431429267
0.0003511787799652666
0.0002236741129308939
0.0005779986386187375
0.00022758952400181442
0.0011410970473662019
0.00003788926551351324
0.00015730297309346497
0.003547356463968754
0.00004688207627623342
0.0022850055247545242
0.002390450332313776
0.00014933408237993717
0.00038642046274617314
0.0013509620912373066
0.03538466989994049
0.0002570626384112984
0.0003768118331208825
0.01938646472990513
0.00218453211709857
0.0018822929123416543
0.028693871572613716
0.002093007555231452
0.0009354515350423753
0.00020577786199282855
0.0004847225791309029
0.0013298670528456569
0.000027273365049040876
0.0007878183387219906
0.00003150414704577997
0.0009318657102994621
0.008264436386525631
0.0007180435350164771
0.012251835316419601
0.00006570104596903548
0.00004527311466517858
0.00015444710152223706
0.0010299187852069736
0.0189548060297966
0.0006489461520686746
0.0013071857392787933
0.000013956318070995621
0.0003409023047424853
0.03171813115477562
0.0006301676039583981
0.000006317551651591202
0.000428318657213822
0.0075865876860916615
0.000011370520041964483
0.005964052863419056
0.004643287509679794
0.0009172183345071971
0.0002004491543630138
0.000038061454688431695
0.0006109884125180542
0.0021848808974027634
0.00013371091336011887
0.0004951809532940388
0.00025828785146586597
0.0013960778014734387
0.00010470242705196142
0.00004843763599637896
0.007793503347784281
0.0003422680892981589
0.00011268351227045059
0.0022982789669185877
0.00660433154553175
0.0021073436364531517
0.01441735029220581
0.00008177779818652198
0.0031782740261405706
0.00004686362808570266
0.0013957027113065124
0.0016774141695350409
0.00018669544078875333
0.000970826658885926
0.021126192063093185
0.00011036366049665958
0.00043324549915269017
0.0005985791212879121
0.014173513278365135
0.0008958940161392093
0.0018040994182229042
0.00013620054232887924
0.00016180987586267292
0.00009943531767930835
0.004820534028112888
0.00641045393422246
0.000011932731467823032
0.008564887568354607
0.0005336612812243402
0.0008107158355414867
0.010119086131453514
0.00021662608196493238
0.0001738454302540049
0.037482209503650665
0.007302383426576853
0.026297731325030327
0.0010726149193942547
0.0004063935193698853
0.016216063871979713
0.0015956780407577753
0.0011797068873420358
0.02745111845433712
0.0012837544782087207
0.0002740558993536979
0.008209907449781895
0.0002694053400773555
0.00517493300139904
0.003940538037568331
0.0009841525461524725
0.0025704416912049055
0.0008737370371818542
0.04178440198302269
0.0026194097008556128
0.02898850478231907
0.0013948859414085746
0.000505700008943677
0.00041548124863766134
0.003185931360349059
0.016242636367678642
0.0002759770432021469
0.000003919437403965276
0.008005114272236824
0.0025039829779416323
0.011312207207083702
0.017462559044361115
0.00005103955845697783
0.0004584563721437007
0.000020797946490347385
0.005395394749939442
0.000058230845752405
0.0007140557281672955
0.0023319164756685495
0.0004997665528208017
0.0001662684662733227
0.0004532925086095929
0.007686544209718704
0.0019983474630862474
0.00018737916252575815
0.0002702493511606008
0.0005170446238480508
0.011715944856405258
0.00525163859128952
0.000281899148831144
0.0023995721712708473
0.002649355214089155
0.0009043568279594183
0.00020172591030132025
0.004022306762635708
0.00027218248578719795
0.0009295818745158613
0.00028587054111994803
0.0019410012755542994
0.00016792534734122455
0.0026832453440874815
0.00002364597821724601
0.0008521577110514045
0.003078739857301116
0.05539802089333534
0.00010085830581374466
0.0052460855804383755
0.015122447162866592
0.00016512683941982687
0.00004210538463667035
0.00011808670387836173
0.0002303537039551884
0.0010346058988943696
0.0001385335490340367
0.03037189319729805
0.0003128858807031065
0.006841475609689951
0.000022308666302706115
0.010500364936888218
0.0019542970694601536
0.000898112659342587
0.0026714482810348272
0.0007832610863260925
0.015080420300364494
0.002419554628431797
0.00012959486048202962
0.0004911634605377913
0.0003030154330190271
0.00008411485760007054
0.0026243668980896473
0.0002722866483964026
0.003915622364729643
0.0011990985367447138
0.01404988020658493
0.018907105550169945
0.0005969810881651938
0.024038763716816902
0.0036469432525336742
0.00017174106324091554
0.0015855440869927406
0.021401043981313705
0.00003844310049316846
0.00007489401468774304
0.0005114504601806402
0.014200716279447079
0.03486478328704834
0.00416337326169014
0.005846317391842604
0.0017392218578606844
0.008378200232982635
0.015065855346620083
0.00006154770380817354
0.0006388122565113008
0.00007626171282026917
0.0032961159013211727
0.0004416019655764103
0.000014274669410951901
0.0001482408697484061
0.0047968472354114056
0.03371487185359001
0.001770797767676413
0.000003161847644150839
0.00691499887034297
0.00190206419210881
0.000652928079944104
0.00014945476141292602
0.00958217866718769
0.029689371585845947
0.00008649958908790722
0.0296756811439991
0.003765244735404849
0.00028979714261367917
0.006106137298047543
0.0029954048804938793
0.0005639574956148863
0.0005211962852627039
0.01757221110165119
0.0006944015622138977
0.0001671062782406807
0.00011723987699951977
0.00007246951281558722
0.01974312588572502
0.0021656074095517397
0.00289567350409925
0.0008918106323108077
0.0002259569737361744
0.000577721162699163
0.00027180201141163707
0.004232236184179783
0.007361153140664101
0.00013875174045097083
0.003982207737863064
0.010669208131730556
0.004280377645045519
0.00006316107464954257
0.0003267333668190986
0.0046440185979008675
0.00006725566345266998
0.000074971561843995
0.0036403690464794636
0.0004350415838416666
0.01621099002659321
0.0029300586320459843
0.03853771463036537
0.00022813869873061776
0.005074984394013882
0.0356406606733799
0.0002036329242400825
0.020337911322712898
0.0001066360273398459
0.0006405994645319879
0.0008658110164105892
0.00011259128950769082
0.0006426632753573358
0.00024899421259760857
0.00003820198617177084
0.014075265266001225
0.002291792305186391
0.028884032741189003
0.00005855607014382258
0.00013365538325160742
0.0007506748079322278
0.0025385022163391113
0.000700579781550914
0.0039005533326417208
0.00021774339256808162
0.0003166821552440524
0.00009487920760875568
0.0000294661022053333
0.007139474619179964
0.0005718246102333069
0.00019108658307231963
0.00366103439591825
0.00009841477731242776
0.01595277152955532
0.0034204786643385887
0.002383878920227289
0.00028928116080351174
0.0003210323047824204
0.00003200316132279113
0.0004879792395513505
0.0006382901920005679
0.0008371470030397177
0.000014094404832576402
0.0000689007792971097
0.015066810883581638
0.0003149429976474494
0.020884893834590912
0.0018649846315383911
0.0016640439862385392
0.013000291772186756
0.0002057054516626522
0.022458747029304504
0.0008843030664138496
0.0014101010747253895
0.0010611236793920398
0.00033155165147036314
0.00742521695792675
0.00002591390693851281
0.0021861291024833918
0.0013562761014327407
0.0007371585234068334
0.0004555052728392184
0.02938620001077652
0.005290765780955553
0.015045755542814732
0.006327316630631685
0.0035902259405702353
0.0016202686820179224
0.0020613607484847307
0.0019717891700565815
0.0011097441893070936
0.0018923199968412519
0.0015186381060630083
0.07896117866039276
0.0004410318797454238
0.001294596353545785
0.01299250964075327
0.007251029834151268
0.004013748839497566
0.0004202501440886408
0.028198860585689545
0.00046834105160087347
0.02460905723273754
0.00047167105367407203
0.0005355073371902108
0.0013761600712314248
0.00012403607252053916
0.00006954457057872787
0.00009678553760750219
0.028048858046531677
0.0003783726424444467
0.0006516900612041354
0.00012922500900458544
0.01080018375068903
0.0012244551908224821
0.0011705034412443638
0.0006431299261748791
0.0036206888034939766
0.007920238189399242
0.0038814623840153217
0.0010652374476194382
0.000029118304155417718
0.00016914523439481854
0.0004461815988179296
0.020660782232880592
0.005637359339743853
0.0012375777587294579
0.0000065360072767362
0.00020829059940297157
0.000868873787112534
0.024764273315668106
0.0006101690814830363
0.0001246946194441989
0.0003047533391509205
0.0014539423864334822
0.000904558168258518
0.00028605249826796353
0.000198200301383622
0.000049019457946997136
0.009193150326609612
0.00009736885112943128
0.0004698625416494906
0.00006165631202748045
0.003294803202152252
0.00007333562098210678
0.004087985493242741
0.0001489106216467917
0.0003242545935790986
0.000659853161778301
0.0014373986050486565
0.037097714841365814
0.0012552605476230383
0.0003382934955880046
0.0012688107090070844
0.0007809242815710604
0.003425526898354292
0.0005532469367608428
0.00004258692933944985
0.004544141236692667
0.0014025381533429027
0.010361717082560062
0.0022519745398312807
0.00008460132812615484
0.005356866866350174
0.0007547287968918681
0.00021660097991116345
0.0025282735005021095
0.00009862935257842764
0.00018922683375421911
0.0018822132842615247
0.0012307437136769295
0.0014922491973266006
0.0021076053380966187
0.020933091640472412
0.004117873962968588
0.009884148836135864
0.001592537621036172
0.012776604853570461
0.0001926733530126512
0.000045281729398993775
0.001286135520786047
0.007184511516243219
0.006103079300373793
0.0005935103981755674
0.00014341800124384463
0.00041011383291333914
0.0005987653275951743
0.0009390718769282103
0.0002015693753492087
0.00018293960602022707
0.0067057120613753796
0.0004400257603265345
0.00016880096518434584
0.004457957111299038
0.0003396252286620438
0.01611034758388996
0.008971833623945713
0.000268029049038887
0.0025243093259632587
0.0008913525962270796
0.0023086268920451403
0.00030107900965958834
0.003464686218649149
0.0016010778490453959
0.015401295386254787
0.00039327889680862427
0.014046977274119854
0.003400829154998064
0.00003919584196410142
0.001078498549759388
0.0002975746465381235
0.00020274045527912676
0.009344443678855896
0.00011848654685309157
0.0004759480943903327
0.01566021703183651
0.000009234370736521669
0.00003156288221362047
0.008979211561381817
0.022582093253731728
0.00021755590569227934
0.00013688328908756375
0.0003910101077053696
0.000070519519795198
0.0006492779939435422
0.0008312721038237214
0.0020096388179808855
0.003994111903011799
0.00785438809543848
0.00036837163497693837
0.0043571400456130505
0.0021740312222391367
0.0001447192917112261
0.0007007003296166658
0.0011600804282352328
0.003939856309443712
0.02807599864900112
0.0379757322371006
0.05915403738617897
0.01970684342086315
0.0008800595533102751
0.0005848568980582058
0.007235107012093067
0.004537410102784634
0.00038923145621083677
0.00035086163552477956
0.00014730729162693024
0.0439440980553627
0.0000567318857065402
0.02648802101612091
0.00009089490777114406
0.00015232842997647822
0.002402510028332472
0.0107915960252285
0.007793367374688387
0.0050469618290662766
0.0006868219934403896
0.0008321823552250862
0.0010227456223219633
0.0002822896058205515
0.0019121288787573576
0.006239087320864201
0.00009712744213175029
0.03861776366829872
0.03340563178062439
0.024720143526792526
0.0006585207884199917
0.004929154645651579
0.001906716264784336
0.0012382100103423
0.00010703548468882218
0.0038349879905581474
0.016453469172120094
0.02553974837064743
0.0038937246426939964
0.003668630961328745
0.06712145358324051
0.009276331402361393
0.0003131345729343593
0.015512313693761826
0.004994898568838835
0.04401572793722153
0.003267597174271941
0.0002851892204489559
0.0004083704261574894
0.00015733245527371764
0.04708987474441528
0.006032648030668497
0.0059334286488592625
0.001031915657222271
0.00031621145899407566
0.0002407960855634883
0.00008935311780078337
0.0008788646664470434
0.00007801129686413333
0.000014749361071153544
0.000029326622097869404
0.0026867028791457415
0.004728775937110186
0.023039136081933975
0.001864924910478294
0.009027436375617981
0.005741159897297621
0.007870242930948734
0.007393355015665293
0.0007946030236780643
0.04776430502533913
0.005762705113738775
0.000009017640877573285
0.03318383917212486
0.0003671951126307249
0.0004998437943868339
0.00013575718912761658
0.007362846285104752
0.0012303321855142713
0.006574379280209541
0.00010732509690569714
0.0002123750891769305
0.002268825192004442
0.0037606554105877876
0.0005210486124269664
0.00027375377248972654
0.010443317703902721
0.00011805945541709661
0.00009304493869422004
0.00022128713317215443
0.0014612735249102116
0.0007319053402170539
0.000712828419636935
0.0009237119811587036
0.00304451328702271
0.02432117983698845
0.011303448118269444
0.0019852700643241405
0.0004495674802456051
0.00013363205653149635
0.00428332295268774
0.004245573189109564
0.0027472390793263912
0.0014231698587536812
0.0016540457727387547
0.00027911149663850665
0.004123893100768328
0.0006573924329131842
0.008608339354395866
0.004762632772326469
0.0016468759858980775
0.0031580738723278046
0.000052681498345918953
0.03580956161022186
0.00011757141328416765
0.0012028708588331938
0.000018492737581254914
0.007651051506400108
0.0027290978468954563
0.02532421424984932
0.0006195263122208416
0.000030503801099257544
0.0010697180405259132
0.00005554265953833237
0.006741753313690424
0.000112800786155276
0.0008769609848968685
0.0000655915355309844
0.0004365809727460146
0.0009437429253011942
0.0008624297333881259
0.000958043965511024
0.006246614269912243
0.0006222515949048102
0.0008569183410145342
0.0004750383086502552
0.0007504215463995934
0.00006883710011607036
0.000637729128357023
0.00044696941040456295
0.0010888075921684504
0.019839903339743614
0.0012310987804085016
0.00010108657443197444
0.000920914055313915
0.0005437257932499051
0.030411696061491966
0.014369385316967964
0.0012538540177047253
0.00112816970795393
0.00003578483301680535
0.030793549492955208
0.0006176569149829447
0.00009233215678250417
0.009587062522768974
0.002940737409517169
0.00006701674283249304
0.013100655749440193
0.00010753333481261507
0.00045130992657504976
0.004762078169733286
0.0003939711896236986
0.0011479855747893453
0.02656245045363903
0.002633647294715047
0.00014872054453007877
0.008130406029522419
0.00018090239609591663
0.021703239530324936
0.00019760582654271275
0.0005288643296808004
0.00008779270865488797
0.0003316079673822969
0.00021567153453361243
0.0005977506516501307
0.00019472494022920728
0.0006812990759499371
0.005844206549227238
0.0010857185116037726
0.005915009416639805
0.00704365037381649
0.01577802747488022
0.01839851401746273
0.000056190423492807895
0.008676357567310333
0.03340664133429527
0.0016387001378461719
0.0004981394740752876
0.0000925457279663533
0.00019935439922846854
0.0016061693895608187
0.003116756910458207
0.004103700164705515
0.00790602620691061
0.007403052877634764
0.011264004744589329
0.045800305902957916
0.023445891216397285
0.002731491345912218
0.005183599889278412
0.06846374273300171
0.001601208234205842
0.0011638940777629614
0.00009404039155924693
0.0007138377404771745
0.0002850897144526243
0.0006854007369838655
0.0000754354041418992
0.0022826073691248894
0.009526455774903297
0.0022650810424238443
0.00020507368026301265
0.014542073011398315
0.003980937879532576
0.004868792835623026
0.0006351359188556671
0.0001222340652020648
0.00006652076990576461
0.004221036098897457
0.000043411833758000284
0.005264407489448786
0.00016298680566251278
0.011302117258310318
0.007323099300265312
0.0009018702548928559
0.0003426220500841737
0.0017742185154929757
0.0013845782959833741
0.012280321680009365
0.0003756280639208853
0.0020332257263362408
0.000057990269851870835
0.021574601531028748
0.00045672207488678396
0.00020039929950144142
0.0007402647752314806
0.0006258581997826695
0.025712093338370323
0.00009537016012473032
0.00001772437826730311
0.0013646974693983793
0.014427965506911278
0.0007464969530701637
0.0030341343954205513
0.0007628824096173048
0.05128341168165207
0.0019337967969477177
0.01748037524521351
0.004364828113466501
0.0020007591228932142
0.01492567453533411
0.0003418567939661443
0.001283411169424653
0.003024207428097725
0.00019092725415248424
0.0011458921944722533
0.0010685354936867952
0.010385190136730671
0.001665811287239194
0.0007041525677777827
0.022250564768910408
0.0038837320171296597
0.0001298075367230922
0.00031916541047394276
0.00004463705045054667
0.00018838161486200988
0.00042403279803693295
0.0038226081524044275
0.0004628158058039844
0.0010175843490287662
0.04311804473400116
0.03171788528561592
0.0013770780060440302
0.00007788263610564172
0.008802243508398533
0.00026051703025586903
0.0005889793392270803
0.003470297437161207
0.028146062046289444
0.0016970857977867126
0.0009352703928016126
0.00046937831211835146
0.000716154056135565
0.00023799184418749064
0.0015600919723510742
0.00010626202856656164
0.007290293462574482
0.002859177067875862
0.00007209682371467352
0.0021697261836379766
0.010146860033273697
0.00009075333218788728
0.0014725677901878953
0.01583833619952202
0.0008962719584815204
0.0004589944437611848
0.034309811890125275
0.0006897615967318416
0.029538102447986603
0.008214318193495274
0.00045258153113536537
0.0035754346754401922
0.00031816799310036004
0.0036548117641359568
0.00008820652146823704
0.00030151245300658047
0.05332089215517044
0.013355856761336327
0.0017613678937777877
0.0008990237838588655
0.00005133809827384539
0.0001634394720895216
0.008624382317066193
0.0065849642269313335
0.009143682196736336
0.0015230535063892603
0.002146989107131958
0.0006324205314740539
0.004098402336239815
0.002293983707204461
0.00023918716760817915
0.002126834588125348
0.011844543740153313
0.00009262034291168675
0.0033741784282028675
0.0013749535428360105
0.0004950271104462445
0.00018870364874601364
0.00599602609872818
0.000629330868832767
0.0005956595996394753
0.047747813165187836
0.01201155036687851
0.0025373578537255526
0.005175028927624226
0.0015236953040584922
0.0002944667066913098
0.015442258678376675
0.00004739637006423436
0.00010722618753788993
0.013279887847602367
0.0002701444609556347
0.002414325252175331
0.0006898199790157378
0.008884132839739323
0.0015076969284564257
0.00013045610103290528
0.008214692585170269
0.0004710187204182148
0.0028265921864658594
0.0011052675545215607
0.00019914991571567953
0.0004010962147731334
0.009988893754780293
0.0016155759803950787
0.0034757424145936966
0.0011953318025916815
0.0016211995389312506
0.000908004876691848
0.002305002184584737
0.0010713865049183369
0.0026310968678444624
0.00016147915448527783
0.00037278150557540357
0.006752990651875734
0.007256338372826576
0.0001518638018751517
0.0017558662220835686
0.005719230510294437
0.0019216639921069145
0.0011573521187528968
0.0003584248770494014
0.0030756632331758738
0.00026275336858816445
0.011229601688683033
0.00003346760058775544
0.001527627231553197
0.002632242627441883
0.0010851629776880145
0.0007009415421634912
0.006246600300073624
0.0007927243714220822
0.0009676600457169116
0.004171338863670826
0.0000823429727461189
0.0008838017820380628
0.010608507320284843
0.0011183158494532108
0.00938242208212614
0.00010008342360379174
0.004023206420242786
0.0008540648268535733
0.043452806770801544
0.03757082298398018
0.00412037642672658
0.00017295485304202884
0.005809863563627005
0.001238537486642599
0.0003200456267222762
0.0013109310530126095
0.0014485393185168505
0.01435966044664383
0.00029693040414713323
0.0021878923289477825
0.0019074066076427698
0.012953098863363266
0.000517694978043437
0.020703943446278572
0.008467433042824268
0.004080560989677906
0.01004695612937212
0.00025099486811086535
0.00013083852536510676
0.0005914982757531106
0.0018333514453843236
0.0012464354513213038
0.0017598721897229552
0.000368753622751683
0.0010960832005366683
0.002265446586534381
0.004455910064280033
0.005745288450270891
0.0001545351988170296
0.00005702208000002429
0.001261684694327414
0.003638094523921609
0.011697836220264435
0.0003048866055905819
0.005041001830250025
0.00024599640164524317
0.0019436690490692854
0.020072394981980324
0.0000328320857079234
0.00007549490692326799
0.007957449182868004
0.0010231385240331292
0.0005953937070444226
0.0007172275800257921
0.0023114406503736973
0.00004906233152723871
0.0029684777837246656
0.0005172911914996803
0.0003732006880454719
0.00007987753633642569
0.0007827728404663503
0.00013406282232608646
0.004805330187082291
0.00020489963935688138
0.0011559015838429332
0.009628649801015854
0.00013239240797702223
0.0032123993150889874
0.00022155008628033102
0.00046655136975459754
0.0011638195719569921
0.012387487106025219
0.003645655931904912
0.018753640353679657
0.004869052674621344
0.000021591358745354228
0.010748373344540596
0.00005788494672742672
0.00037276517832651734
0.00018740512314252555
0.007548644673079252
0.0005771091673523188
0.013981885276734829
0.0005148234195075929
0.0024663619697093964
0.000801272748503834
0.00043884472688660026
0.00006837824184913188
0.003011417342349887
0.0002612774260342121
0.002243505325168371
0.00002861811844923068
0.00004980593439540826
0.010168846696615219
0.0001489683345425874
0.0002745146048255265
0.00035949581069871783
0.0007693063816986978
0.00024163337366189808
0.0003222653758712113
0.0004893015720881522
0.00022750704374630004
0.00014253532572183758
0.018378756940364838
0.06682412326335907
0.0002505537704564631
0.00034700619289651513
0.0002440157695673406
0.0008456474752165377
0.003195611760020256
0.0012098696315661073
0.0007350518717430532
0.0005625185440294445
0.00030811000033281744
0.004111666698008776
0.00013168767327442765
0.000052467890782281756
0.0021841886918991804
0.0003079185262322426
0.013651398941874504
0.0001487202971475199
0.009527155198156834
0.002981530036777258
0.00021363106498029083
0.0005099894478917122
0.00011876317148562521
0.0006092903786338866
0.00019338041602168232
0.000255945953540504
0.000010214503163297195
0.000013486974239640404
0.00023823582159820944
0.00024850331828929484
0.00014933585771359503
0.00036446659942157567
0.00029796527815051377
0.006931474898010492
0.00004263507798896171
0.0005972055369056761
0.0004115588963031769
0.00009506114292889833
0.03251885250210762
0.0007630151230841875
0.00023487917496822774
0.005994846578687429
0.001050550607033074
0.007072869222611189
0.016242513433098793
0.0005640389863401651
0.0007179969688877463
0.00004109745714231394
0.0012672679731622338
0.00048432970652356744
0.00024586080689914525
0.00023200488067232072
0.0003778855607379228
0.0003694622137118131
0.0021804883144795895
0.0016771366354078054
0.00009093491098610684
0.00009164321818388999
0.0019255991792306304
0.00022614156478084624
0.00010522270895307884
0.011052981950342655
0.0004666190652642399
0.00013449692050926387
0.0027029388584196568
0.01950828917324543
0.0001033115477184765
0.0018388674361631274
0.00010258404654450715
0.00019141951634082943
0.0002980312565341592
0.00027743206010200083
0.0028813807293772697
0.00007912805449450389
0.0002425884740659967
0.005798450671136379
0.00007239351543830708
0.046665605157613754
0.000182223433512263
0.02229808084666729
0.003580433549359441
0.0004313725221436471
0.0003279700758866966
0.001811464549973607
0.012503329664468765
0.001680566230788827
0.00013343246246222407
0.0007233243668451905
0.005267841275781393
0.0043535055592656136
0.00009991001570597291
0.0007354612462222576
0.001964956521987915
0.012536157853901386
0.0004999786033295095
0.0015405522426590323
0.0005513043142855167
0.0000793289509601891
0.0008407527348026633
0.01671937294304371
0.0002790030848700553
0.00024600588949397206
0.0007961454102769494
0.000022170388547237962
0.0002135851827915758
0.0016461482737213373
0.00024291692534461617
0.0025626954156905413
0.00027514438261277974
0.017056183889508247
0.00013729027705267072
0.032276954501867294
0.0005280339973978698
0.004866550210863352
0.0006988054374232888
0.008544856682419777
0.0001131284807343036
0.0005491318297572434
0.00016367317584808916
0.00021548656513914466
0.0021455837413668633
0.0002443033445160836
0.00013526776456274092
0.001316927489824593
0.0024593579582870007
0.00016915104060899466
0.0005543648730963469
0.002241998678073287
0.00007115698099369183
0.006172100082039833
0.0015066346386447549
0.0021287924610078335
0.0004403929633554071
0.002203394193202257
0.002538074506446719
0.0014092191122472286
0.00025288030155934393
0.002313880017027259
0.0006779601681046188
0.00040525352233089507
0.00014230216038413346
0.0063867997378110886
0.010732821188867092
0.00002986501385748852
0.000011090583939221688
0.0005424910341389477
0.02177228406071663
0.013327907770872116
0.00042728465632535517
0.0020078374072909355
0.012259690091013908
0.04279706999659538
0.00013586862769443542
0.000027223630240769126
0.0004923781380057335
0.0456269308924675
0.0002659153251443058
0.0003249500005040318
