0.022018538787961006
0.01454935222864151
0.01179394219070673
0.06489422172307968
0.007229161448776722
0.03078155405819416
0.0030264933593571186
0.020234284922480583
0.005051592364907265
0.02216169610619545
0.022096168249845505
0.0276483241468668
0.009578688070178032
0.010151057504117489
0.011283023282885551
0.031265243887901306
0.028876962140202522
0.02144986391067505
0.02173663303256035
0.017083443701267242
0.014912779442965984
0.02016020379960537
0.02015717141330242
0.021179109811782837
0.011733057908713818
0.02145509049296379
0.023260219022631645
0.04411521181464195
0.04523686692118645
0.010970924980938435
0.01653255708515644
0.0142071433365345
0.016366658732295036
0.017467960715293884
0.00731161143630743
0.013600162230432034
0.008065535686910152
0.0267159603536129
0.005550344940274954
0.017074158415198326
0.009535756893455982
0.05602945014834404
0.018791545182466507
0.01948350854218006
0.003404163056984544
0.01843520626425743
0.014116738922894001
0.02756505459547043
0.014651373960077763
0.012762648984789848
0.013305287808179855
0.01953418366611004
0.023210640996694565
0.013398220762610435
0.014947698451578617
0.016373831778764725
0.012217448092997074
0.017714789137244225
0.012876952067017555
0.006728753447532654
0.018421808257699013
0.07257243245840073
0.012414244003593922
0.0049279979430139065
0.1028916984796524
0.017824169248342514
0.018824845552444458
0.030771035701036453
0.028635969385504723
0.04525420814752579
0.01716897077858448
0.02628978341817856
0.012421473860740662
0.016950011253356934
0.021913740783929825
0.04395218938589096
0.038114033639431
0.028248826041817665
0.011542988941073418
0.05420798808336258
0.008690441958606243
0.05023549497127533
0.015355175361037254
0.043569158762693405
0.016345355659723282
0.027489079162478447
0.01753176376223564
0.04763223975896835
0.02130582369863987
0.008332904428243637
0.019461581483483315
0.020278846845030785
0.010410187765955925
0.020748693495988846
0.024961747229099274
0.008597143925726414
0.024364842101931572
0.00990092009305954
0.008912403136491776
0.039827167987823486
0.030543191358447075
0.023066218942403793
0.013510221615433693
0.038713790476322174
0.014525670558214188
0.010803299956023693
0.005646234843879938
0.021064409986138344
0.007994906976819038
0.03300454467535019
0.01659003458917141
0.015628300607204437
0.005422370508313179
0.028918109834194183
0.012450684793293476
0.04777858406305313
0.060303714126348495
0.008107676170766354
0.03572399914264679
0.06829137355089188
0.03474188223481178
0.009673899039626122
0.009331142529845238
0.016709083691239357
0.01697413995862007
0.022107994183897972
0.01440785638988018
0.010996728204190731
0.016453120857477188
0.021271415054798126
0.008374189957976341
0.026282157748937607
0.014388671144843102
0.008723102509975433
0.020854901522397995
0.025807280093431473
0.008873149752616882
0.0210316963493824
0.014243550598621368
0.04762520641088486
0.08291281759738922
0.015234041959047318
0.03259073197841644
0.02704274281859398
0.01738547906279564
0.02829500287771225
0.023272786289453506
0.014514300040900707
0.026376202702522278
0.017579983919858932
0.005030416417866945
0.016117852181196213
0.020044643431901932
0.030411873012781143
0.0170951746404171
0.03265225887298584
0.1267123967409134
0.01649753749370575
0.008704951964318752
0.005547655280679464
0.025544792413711548
0.018819505348801613
0.020123528316617012
0.0074117728509008884
0.01574326492846012
0.0156175522133708
0.01569908671081066
0.0135415093973279
0.004699769429862499
0.013582952320575714
0.012908492237329483
0.007300618104636669
0.004112843424081802
0.008047237060964108
0.01822640746831894
0.009860466234385967
0.00785898882895708
0.00832561869174242
0.01215562503784895
0.02867192216217518
0.012838860042393208
0.007796223275363445
0.009676480665802956
0.0106623824685812
0.03898933157324791
0.007305850274860859
0.009715039283037186
0.04862136393785477
0.023912623524665833
0.021764205768704414
0.014938351698219776
0.033094100654125214
0.0226870309561491
0.006978448014706373
0.01944025605916977
0.031830426305532455
0.03149016201496124
0.009127428755164146
0.011155891232192516
0.012553262524306774
0.09391888231039047
0.016915155574679375
0.014525498263537884
0.014903226867318153
0.014353513717651367
0.024045828729867935
0.014070212841033936
0.025922589004039764
0.027485016733407974
0.03886239603161812
0.010493584908545017
0.011747429147362709
0.01874438486993313
0.04480591416358948
0.050398070365190506
0.023899806663393974
0.007411723490804434
0.01170370727777481
0.005943888798356056
0.026630882173776627
0.018691375851631165
0.011304211802780628
0.040643319487571716
0.05177859961986542
0.007683798670768738
0.021320423111319542
0.025499574840068817
0.0737982764840126
0.008053728379309177
0.005434516817331314
0.016656916588544846
0.03238918259739876
0.01750311441719532
0.026207029819488525
0.013041678816080093
0.05934703350067139
0.017565971240401268
0.011282410472631454
0.04006930813193321
0.03555193170905113
0.01622425951063633
0.009881238453090191
0.023655017837882042
0.01648729108273983
0.015324577689170837
0.01227822806686163
0.013921831734478474
0.01688375324010849
0.01908217929303646
0.03673898056149483
0.016925955191254616
0.01977091282606125
0.0347207635641098
0.02455398254096508
0.010061100125312805
0.06580081582069397
0.016622234135866165
0.024892276152968407
0.009850502014160156
0.016899077221751213
0.00726835522800684
0.018475014716386795
0.02157079242169857
0.016729362308979034
0.013013367541134357
0.038582365959882736
0.006467233877629042
0.030508896335959435
0.025882676243782043
0.016015224158763885
0.03379257023334503
0.040106479078531265
0.017227638512849808
0.015248225070536137
0.01560586504638195
0.03858480229973793
0.00988072156906128
0.025677336379885674
0.006571349687874317
0.006423778831958771
0.012460803613066673
0.01345262210816145
0.014822964556515217
0.0031649803277105093
0.03727979212999344
0.013430076651275158
0.018916573375463486
0.01531249564141035
0.06398052722215652
0.01985449343919754
0.010256105102598667
0.00975260604172945
0.012860570102930069
0.015659434720873833
0.019118353724479675
0.015309717506170273
0.008641955442726612
0.013735223561525345
0.021523065865039825
0.008098899386823177
0.003674166277050972
0.01817985065281391
0.021050330251455307
0.015487137250602245
0.01247104350477457
0.012010816484689713
0.06320369243621826
0.023568836972117424
0.0226804930716753
0.010745413601398468
0.030977947637438774
0.03478240966796875
0.013188774697482586
0.02307978831231594
0.02375977486371994
0.020546231418848038
0.009842515923082829
0.031243251636624336
0.01469325553625822
0.0077367820776999
0.03773154690861702
0.005966696888208389
0.0033175500575453043
0.03434488922357559
0.025325894355773926
0.019943390041589737
0.008316177874803543
0.02005545049905777
0.04528019577264786
0.02285143919289112
0.005608269479125738
0.02259896881878376
0.0576644092798233
0.007762819528579712
0.02756035327911377
0.0117116030305624
0.009433308616280556
0.012900879606604576
0.023382525891065598
0.022556288167834282
0.08320281654596329
0.009382280521094799
0.00804272759705782
0.007760149892419577
0.009214957244694233
0.012072179466485977
0.08210358023643494
0.013586748391389847
0.01093231700360775
0.07828158140182495
0.03098173812031746
0.01956823468208313
0.017857907339930534
0.01987249031662941
0.033706724643707275
0.019081683829426765
0.02214115858078003
0.018124239519238472
0.014484289102256298
0.005805130582302809
0.010306988842785358
0.00958304200321436
0.012197890318930149
0.016335835680365562
0.01623482070863247
0.011752077378332615
0.013368084095418453
0.012727709487080574
0.028762010857462883
0.020628441125154495
0.019536927342414856
0.027112802490592003
0.009214296005666256
0.014362100511789322
0.009963671676814556
0.010136501863598824
0.014556949026882648
0.020517902448773384
0.03392810747027397
0.008788861334323883
0.026537766680121422
0.007051595952361822
0.015398960560560226
0.008576415479183197
0.007407627068459988
0.004525365773588419
0.014253809116780758
0.01750795543193817
0.013074141927063465
0.025982456281781197
0.012498457916080952
0.03512129932641983
0.02482280507683754
0.01988239213824272
0.015057597309350967
0.005529406946152449
0.023209253326058388
0.036455024033784866
0.017284885048866272
0.011867568828165531
0.02246781997382641
0.018945423886179924
0.011588388122618198
0.019120853394269943
0.010800021700561047
0.03693276643753052
0.01586885377764702
0.052773617208004
0.02121707983314991
0.013528956100344658
0.012729085050523281
0.009394058026373386
0.017648587003350258
0.01726505719125271
0.02842744253575802
0.04557851329445839
0.018260464072227478
0.01727941259741783
0.008568922989070415
0.014329948462545872
0.024337999522686005
0.012481707148253918
0.02612253837287426
0.009412998333573341
0.013928624801337719
0.018646208569407463
0.031046176329255104
0.004843470640480518
0.017156116664409637
0.004061208106577396
0.038146547973155975
0.014857418835163116
0.013643686659634113
0.020120931789278984
0.014098640531301498
0.009098640643060207
0.015902535989880562
0.030309604480862617
0.04612918198108673
0.019720235839486122
0.00888235867023468
0.012233992107212543
0.018376030027866364
0.014285685494542122
0.06228917837142944
0.053595900535583496
0.021492013707756996
0.018359145149588585
0.01891784742474556
0.021687161177396774
0.009967410005629063
0.005510139744728804
0.03410081937909126
0.041036251932382584
0.011429171077907085
0.0078110601752996445
0.07035598158836365
0.05055056884884834
0.012826728634536266
0.006519872695207596
0.011946042999625206
0.016621822491288185
0.031108887866139412
0.008044295012950897
0.004943057429045439
0.020875755697488785
0.0244880560785532
0.024205125868320465
0.017137154936790466
0.020820023491978645
0.029064321890473366
0.014887506142258644
0.027729392051696777
0.02764143794775009
0.009043094702064991
0.010754597373306751
0.011103840544819832
0.007143572438508272
0.010829290375113487
0.020795714110136032
0.00606508320197463
0.04425296559929848
0.022852472960948944
0.018808763474225998
0.015782393515110016
0.004981656558811665
0.04901888966560364
0.01647857204079628
0.02723860554397106
0.017422417178750038
0.0049212053418159485
0.015489809215068817
0.033517975360155106
0.016277547925710678
0.018548840656876564
0.03889183700084686
0.021608181297779083
0.04573127254843712
0.03144935145974159
0.021013647317886353
0.010082517750561237
0.016453197225928307
0.012552564963698387
0.003734865225851536
0.0170921478420496
0.024530716240406036
0.020851412788033485
0.024008743464946747
0.02442203275859356
0.013724698685109615
0.07151542603969574
0.041186705231666565
0.024677667766809464
0.0422956757247448
0.029104750603437424
0.024116184562444687
0.034167513251304626
0.008158131502568722
0.012542329728603363
0.016563933342695236
0.017025703564286232
0.02154568023979664
0.028985770419239998
0.0077415038831532
0.015385551378130913
0.014510944485664368
0.005617364309728146
0.021511921659111977
0.003208884736523032
0.005397490691393614
0.010006017051637173
0.020670706406235695
0.04009079188108444
0.038284603506326675
0.007064857520163059
0.019260738044977188
0.017362581565976143
0.01730366423726082
0.009602983482182026
0.022168083116412163
0.013903855346143246
0.02738898992538452
0.006501938682049513
0.046069130301475525
0.004153357818722725
0.08545787632465363
0.011665519326925278
0.018575014546513557
0.04170211777091026
0.02527441829442978
0.044886548072099686
0.020085694268345833
0.007784214336425066
0.018019098788499832
0.005588746163994074
0.0023502276744693518
0.016014618799090385
0.019308876246213913
0.06091264262795448
0.006868287455290556
0.009141231887042522
0.04170134663581848
0.004967853892594576
0.010095524601638317
0.013192723505198956
0.12588149309158325
0.015427888371050358
0.02334015443921089
0.006277413573116064
0.002036892808973789
0.08509843051433563
0.02209535241127014
0.014308232814073563
0.0170856062322855
0.02769985795021057
0.03996890410780907
0.03965603560209274
0.03162936121225357
0.024055171757936478
0.012831298634409904
0.022641895338892937
0.043265704065561295
0.031145358458161354
0.021948164328932762
0.025435948744416237
0.02140219137072563
0.008897875435650349
0.03266245126724243
0.010368026793003082
0.010328185744583607
0.017231669276952744
0.021807292476296425
0.016592033207416534
0.04482385888695717
0.018051154911518097
0.03293079510331154
0.04065347835421562
0.01987033523619175
0.018264414742588997
0.046224478632211685
0.028898043558001518
0.009136362001299858
0.007640568073838949
0.0326966792345047
0.023758815601468086
0.017548223957419395
0.015173380263149738
0.007117250468581915
0.020097792148590088
0.027735553681850433
0.0095132514834404
0.01043697353452444
0.01270516961812973
0.005944389849901199
0.013370218686759472
0.006553393788635731
0.024778570979833603
0.028672033920884132
0.01973288506269455
0.03722790628671646
0.008119789883494377
0.04005522280931473
0.02149379625916481
0.007863340899348259
0.03866639733314514
0.021933170035481453
0.007826574146747589
0.008033189922571182
0.008647914044559002
0.031392090022563934
0.013627697713673115
0.02073238417506218
0.019404049962759018
0.030159173533320427
0.011464348062872887
0.016923248767852783
0.010669147595763206
0.006349395960569382
0.009057773277163506
0.012608366087079048
0.02447839453816414
0.00722708273679018
0.021936172619462013
0.02488967962563038
0.010590380057692528
0.024310801178216934
0.08452480286359787
0.010231786407530308
0.02093050815165043
0.009613562375307083
0.0047692470252513885
0.020764905959367752
0.016020286828279495
0.0208806823939085
0.003692087484523654
0.010014297440648079
0.03748936206102371
0.019447755068540573
0.030117427930235863
0.01822531595826149
0.003349929815158248
0.01765630953013897
0.028051503002643585
0.005161409731954336
0.009220675565302372
0.04722436144948006
0.0054387785494327545
0.026655875146389008
0.014354032464325428
0.018291302025318146
0.020008593797683716
0.01307621505111456
0.01218442153185606
0.02100757695734501
0.03878345340490341
0.009069669991731644
0.01870003156363964
0.026758350431919098
0.04313952475786209
0.041358932852745056
0.01824354939162731
0.021378297358751297
0.003713869024068117
0.014482353813946247
0.030596721917390823
0.010733922012150288
0.007105130702257156
0.014807130210101604
0.008025124669075012
0.008925223723053932
0.02619493193924427
0.017832839861512184
0.03719339892268181
0.013604034669697285
0.02050604671239853
0.021799586713314056
0.02439669519662857
0.03244985640048981
0.035169973969459534
0.037753600627183914
0.013928541913628578
0.01511134672909975
0.008120440877974033
0.010347846895456314
0.022151459008455276
0.03241681307554245
0.019895441830158234
0.03737608715891838
0.046913810074329376
0.015051061287522316
0.007549092639237642
0.04211338236927986
0.02748476341366768
0.025959309190511703
0.02485080063343048
0.026712626218795776
0.016272634267807007
0.0158107690513134
0.03722534328699112
0.04369577765464783
0.012449328787624836
0.05124810338020325
0.00789308175444603
0.011031785979866982
0.03260716050863266
0.012712196446955204
0.038528576493263245
0.02787545882165432
0.011769495904445648
0.026411954313516617
0.02154434844851494
0.0903964713215828
0.014197038486599922
0.029315125197172165
0.023348607122898102
0.005908564664423466
0.032946810126304626
0.021226778626441956
0.01322266273200512
0.017692334949970245
0.011078309267759323
0.1330033540725708
0.0240554828196764
0.009937896393239498
0.0045547569170594215
0.007487666327506304
0.022370729595422745
0.020093437284231186
0.0074402145110070705
0.00784537848085165
0.036483097821474075
0.01382975373417139
0.02454965002834797
0.007889414206147194
0.02091560885310173
0.011014485731720924
0.005900124553591013
0.027842149138450623
0.013633107766509056
0.008625118993222713
0.033388372510671616
0.03179448843002319
0.0054687620140612125
0.010197093710303307
0.030433300882577896
0.01257692463696003
0.006263600196689367
0.005563013721257448
0.01464185118675232
0.017043527215719223
0.01693594641983509
0.01818867214024067
0.017669102177023888
0.0410158596932888
0.00919165275990963
0.03925878927111626
0.010158577002584934
0.011220176704227924
0.008338886313140392
0.009771900251507759
0.015187319368124008
0.013463243842124939
0.009082440286874771
0.017325926572084427
0.02151811122894287
0.01871601678431034
0.0092152776196599
0.017447249963879585
0.006911271717399359
0.033645544201135635
0.035509489476680756
0.021445371210575104
0.013552620075643063
0.04846161976456642
0.01773729920387268
0.08792790025472641
0.0170365609228611
0.015100163407623768
0.02428792230784893
0.026534056290984154
0.04609429091215134
0.013918698765337467
0.04088811203837395
0.020919807255268097
0.01716189831495285
0.01564779132604599
0.04024085775017738
0.02420283667743206
0.026542576029896736
0.027003470808267593
0.023374155163764954
0.08265740424394608
0.029217787086963654
0.02191895991563797
0.006744311656802893
0.02798212692141533
0.016446877270936966
0.02145317569375038
0.006365067791193724
0.021356437355279922
0.0075050354935228825
0.029312878847122192
0.05579224228858948
0.016448982059955597
0.01884656772017479
0.006274248473346233
0.013989689759910107
0.015588082373142242
0.006035082042217255
0.015780454501509666
0.15705691277980804
0.022501375526189804
0.010416572913527489
0.08318019658327103
0.014726962894201279
0.02538461796939373
0.009150066412985325
0.03217083960771561
0.0350673645734787
0.025598231703042984
0.02267441153526306
0.016267569735646248
0.017717666923999786
0.021129636093974113
0.06327173858880997
0.025881357491016388
0.020696772262454033
0.017537815496325493
0.013124565593898296
0.019497154280543327
0.024037156254053116
0.009165993891656399
0.010737271048128605
0.03349579498171806
0.0104551175609231
0.030031923204660416
0.057773735374212265
0.02356243133544922
0.010224530473351479
0.01453996542841196
0.022232461720705032
0.010111745446920395
0.012371910735964775
0.008607958443462849
0.005790035706013441
0.02041679620742798
0.017250219359993935
0.01613549515604973
0.03427073359489441
0.02078382484614849
0.014861795119941235
0.022302599623799324
0.03275345638394356
0.013576461002230644
0.02341059222817421
0.005890172906219959
0.037248868495225906
0.026079142466187477
0.03101041540503502
0.009490168653428555
0.011592417024075985
0.043688807636499405
0.03918875753879547
0.01947009190917015
0.019731875509023666
0.016697408631443977
0.013819931074976921
0.009153531864285469
0.00558318430557847
0.01724795065820217
0.017298609018325806
0.01000595185905695
0.005519039463251829
0.008037110790610313
0.025445984676480293
0.04779640957713127
0.03597361966967583
0.01369889359921217
0.009970394894480705
0.010776310227811337
0.030048156157135963
0.02101106569170952
0.03882851451635361
0.006100309547036886
0.01994337886571884
0.024252476170659065
0.011962158605456352
0.016008689999580383
0.01170268002897501
0.014318517409265041
0.024359893053770065
0.027871863916516304
0.019889196380972862
0.01922718994319439
0.00451066205278039
0.010844537056982517
0.014171961694955826
0.008371331728994846
0.02473514899611473
0.004538439679890871
0.018951036036014557
0.007743912748992443
0.009098876267671585
0.026439150795340538
0.032321229577064514
0.00931684672832489
0.003807072527706623
0.02127208188176155
0.0267845056951046
0.031288985162973404
0.02671969123184681
0.034197330474853516
0.027296574786305428
0.007367477286607027
0.006608807947486639
0.01522054709494114
0.011996821500360966
0.015274608507752419
0.0074022309854626656
0.02118878811597824
0.028859158977866173
0.03716854378581047
0.009788245894014835
0.003833118826150894
0.012554584071040154
0.017512168735265732
0.017075177282094955
0.019072454422712326
0.012018701061606407
0.02065003290772438
0.015512793324887753
0.034292757511138916
0.004815589636564255
0.006047271657735109
0.005288988351821899
0.013049541972577572
0.006288072094321251
0.04431591555476189
0.007847650907933712
0.04890916123986244
0.013153789564967155
0.05396255478262901
0.02394963428378105
0.04051462188363075
0.013991227373480797
0.058422401547431946
0.011907307431101799
0.005885927006602287
0.004348346032202244
0.027090923860669136
0.020485861226916313
0.019645871594548225
0.009588167071342468
0.01014916505664587
0.007830948568880558
0.03119596466422081
0.012423929758369923
0.01873423531651497
0.00936844665557146
0.003297633957117796
0.024451125413179398
0.015416998416185379
0.011408913880586624
0.019276907667517662
0.002547145588323474
0.030721811577677727
0.02708394080400467
0.017231591045856476
0.018481915816664696
0.013493264093995094
0.014804060570895672
0.022526444867253304
0.02636793442070484
0.006577810738235712
0.017533227801322937
0.008913586847484112
0.021093465387821198
0.025405872613191605
0.020462868735194206
0.028491185978055
0.044423434883356094
0.010713793337345123
0.045806217938661575
0.005318962503224611
0.003997949417680502
0.023482969030737877
0.011754145845770836
0.01061015110462904
0.009763586334884167
0.011992099694907665
0.014910101890563965
0.022760724648833275
0.009221605956554413
0.030595416203141212
0.024794960394501686
0.03381664678454399
0.010905995033681393
0.007829982787370682
0.027358509600162506
0.010763687081634998
0.013119293376803398
0.009788433089852333
0.04013827070593834
0.01686488464474678
0.019833024591207504
0.019850153475999832
0.02246168628334999
0.014271519146859646
0.012268004938960075
0.020509684458374977
0.018970323726534843
0.009822995401918888
0.01099317241460085
0.009833144955337048
0.0074570863507688046
0.015089496038854122
0.008435152471065521
0.012119129300117493
0.014106517657637596
0.03058941848576069
0.0051839929074049
0.019259896129369736
0.016157982870936394
0.007363292388617992
0.01713927835226059
0.015251542441546917
0.030050178989768028
0.0050392160192132
0.026747601106762886
0.00584417162463069
0.026997700333595276
0.020114341750741005
0.0203944630920887
0.010848669335246086
0.007814865559339523
0.025045959278941154
0.05491126701235771
0.017954213544726372
0.011115137487649918
0.014749596826732159
0.02462654560804367
0.014598743058741093
0.01643572561442852
0.030579593032598495
0.003972007427364588
0.018958834931254387
0.16267575323581696
0.003913573455065489
0.014678082428872585
0.014324094168841839
0.012843753211200237
0.025560935959219933
0.019329436123371124
0.02077709510922432
0.013296997174620628
0.012979434803128242
0.021592041477560997
0.0031323228031396866
0.010849948972463608
0.05477318912744522
0.009280265308916569
0.0068973456509411335
0.021440928801894188
0.060797274112701416
0.023951178416609764
0.01616860367357731
0.0054333689622581005
0.012173687107861042
0.06541920453310013
0.016229871660470963
0.01353536918759346
0.01215908583253622
0.010720216669142246
0.02600754238665104
0.0205362718552351
0.017839079722762108
0.024922991171479225
0.012092155404388905
0.03657342866063118
0.024619517847895622
0.07153698056936264
0.021891245618462563
0.032098934054374695
0.010462727397680283
0.03852654993534088
0.011526406742632389
0.013463272713124752
0.0064435191452503204
0.005009537097066641
0.007775753736495972
0.0262420866638422
0.02946540154516697
0.027305657044053078
0.01940029487013817
0.005141703877598047
0.048799797892570496
0.019675031304359436
0.02423902414739132
0.020414551720023155
0.01116438303142786
0.005733888130635023
0.01336618047207594
0.006787883583456278
0.019604671746492386
0.10835837572813034
0.015449458733201027
0.007515799719840288
0.013180481269955635
0.021576307713985443
0.03855125978589058
0.02999359741806984
0.008944767527282238
0.01232851017266512
0.007561898790299892
0.018272604793310165
0.006393673829734325
0.006492707412689924
0.01131522748619318
0.011650512926280499
0.015374231152236462
0.014825042337179184
0.008801081217825413
0.00900905393064022
0.036517899483442307
0.009434874169528484
0.02315419912338257
0.018008777871727943
0.005310528911650181
0.013217529281973839
0.027853073552250862
0.012433478608727455
0.01569787599146366
0.027632465586066246
0.01618894934654236
0.016936209052801132
0.01613541506230831
0.008241590112447739
0.011765817180275917
0.03789225593209267
0.02425290457904339
0.00812813825905323
0.016557814553380013
0.007976505905389786
0.010465244762599468
0.019349945709109306
0.023899730294942856
0.012225021608173847
0.008856217376887798
0.005120358895510435
0.033126141875982285
0.015079440549015999
0.011338028125464916
0.00230795843526721
0.012206054292619228
0.007630587555468082
0.01334423664957285
0.021085647866129875
0.007182776927947998
0.014279112219810486
0.035129766911268234
0.008310568518936634
0.0072133829817175865
0.010102007538080215
0.01975279487669468
0.015205665491521358
0.01936052180826664
0.037628814578056335
0.05263051763176918
0.017073240131139755
0.013899453915655613
0.005376046057790518
0.016547027975320816
0.006989102344959974
0.010302543640136719
0.007161123212426901
0.03930116072297096
0.019432811066508293
0.00612883223220706
0.020913774147629738
0.03124147281050682
0.0077183484099805355
0.015204494819045067
0.0049820574931800365
0.03497885540127754
0.014860766939818859
0.0070563131012022495
0.011483176611363888
0.008270684629678726
0.007066825870424509
0.012659404426813126
0.010159490630030632
0.016048014163970947
0.1231922134757042
0.01666196435689926
0.013089287094771862
0.00619452353566885
0.03368523344397545
0.015536566264927387
0.004622405394911766
0.0038534109480679035
0.008770841173827648
0.031738173216581345
0.02462145686149597
0.009179627522826195
0.04464362561702728
0.009970767423510551
0.03191881254315376
0.007772199343889952
0.008755787275731564
0.009519917890429497
0.012417127378284931
0.009301457554101944
0.007157421205192804
0.06408945471048355
0.018604734912514687
0.06586970388889313
0.020964302122592926
0.004949780181050301
0.026425616815686226
0.02788388356566429
0.01867973804473877
0.008263775147497654
0.017444033175706863
0.01032207626849413
0.008964014239609241
0.008246134966611862
0.029554324224591255
0.013059056363999844
0.0036334318574517965
0.01534552127122879
0.00628624064847827
0.04020573943853378
0.036482568830251694
0.01178897637873888
0.030824901536107063
0.029927579686045647
0.022946160286664963
0.0062162382528185844
0.0372718907892704
0.0034723621793091297
0.017126696184277534
0.008222500793635845
0.013185963034629822
0.040297731757164
0.02383824810385704
0.007280326448380947
0.011867504566907883
0.0052293092012405396
0.010926801711320877
0.02129816822707653
0.007624879013746977
0.010631314478814602
0.012230558320879936
0.029321875423192978
0.027013571932911873
0.016476131975650787
0.037240609526634216
0.013613874092698097
0.015194113366305828
0.04704901576042175
0.01867571473121643
0.005101618357002735
0.008003072813153267
0.012810593470931053
0.00817191693931818
0.020360097289085388
0.04705662652850151
0.011716182343661785
0.024932485073804855
0.015730902552604675
0.013327197171747684
0.016813155263662338
0.032544009387493134
0.007137731183320284
0.009243620559573174
0.06464632600545883
0.020929867401719093
0.01825888827443123
0.008241439238190651
0.016864489763975143
0.022656617686152458
0.009061073884367943
0.024576757103204727
0.021435659378767014
0.011349381878972054
0.05760139971971512
0.06816792488098145
0.07484786212444305
0.03510864078998566
0.02170989103615284
0.004566706717014313
0.0059697446413338184
0.028697453439235687
0.06116662919521332
0.0316137932240963
0.02453019842505455
0.02411220781505108
0.021661119535565376
0.030931754037737846
0.015921520069241524
0.034663841128349304
0.008352345786988735
0.035852931439876556
0.027787500992417336
0.018471919000148773
0.012499730102717876
0.008635681122541428
0.012461588717997074
0.008079503662884235
0.07836268097162247
0.03231285139918327
0.02911083772778511
0.01608891785144806
0.024677181616425514
0.022749660536646843
0.0181437935680151
0.012913187965750694
0.015258396044373512
0.00895740371197462
0.013166140764951706
0.0268831979483366
0.04340500384569168
0.008153044618666172
0.02468094602227211
0.043654751032590866
0.010370288044214249
0.004917378071695566
0.017731036990880966
0.025572994723916054
0.012262607924640179
0.003286121180281043
0.008728371001780033
0.022657789289951324
0.00840644259005785
0.1716504991054535
0.018285464495420456
0.009084267541766167
0.0082800118252635
0.0036909356713294983
0.011011037975549698
0.013344863429665565
0.009587915614247322
0.040027789771556854
0.023165447637438774
0.11274415999650955
0.02581011690199375
0.004746902734041214
0.024075472727417946
0.01283225230872631
0.0047542499378323555
0.010584958828985691
0.07005102932453156
0.03610406443476677
0.026961550116539
0.0205828994512558
0.0232547540217638
0.03214355185627937
0.012483056634664536
0.012291545048356056
0.026163455098867416
0.008702024817466736
0.009160656481981277
0.024281790480017662
0.0246661938726902
0.04201672226190567
0.027515266090631485
0.01966368593275547
0.019815530627965927
0.00978585984557867
0.01392950676381588
0.0036498482804745436
0.0946875736117363
0.004510214552283287
0.024225767701864243
0.013200478628277779
0.011569351889193058
0.01497467141598463
0.0032783173955976963
0.009304318577051163
0.017086228355765343
0.010331200435757637
0.003237435594201088
0.022311169654130936
0.04207893833518028
0.030071839690208435
0.015833623707294464
0.019013280048966408
0.020073244348168373
0.013625090010464191
0.0844346135854721
0.021534839645028114
0.006686219945549965
0.008561378344893456
0.03137575462460518
0.010024020448327065
0.008290342055261135
0.012181293219327927
0.01058052945882082
0.007755892351269722
0.06686973571777344
0.029235925525426865
0.013749560341238976
0.015393934212625027
0.010912668891251087
0.022266682237386703
0.003917853347957134
0.024058353155851364
0.028826836496591568
0.010792609304189682
0.006576904095709324
0.010202072560787201
0.006481721065938473
0.021370185539126396
0.02198946103453636
0.05773947015404701
0.002301162341609597
0.009619771502912045
0.019208846613764763
0.02541849948465824
0.0069389925338327885
0.008350816555321217
0.010795892216265202
0.011210125871002674
0.016731953248381615
0.013819952495396137
0.05953138321638107
0.009233580902218819
0.014196363277733326
0.039242204278707504
0.02123551443219185
0.008906042203307152
0.020110439509153366
0.019265204668045044
0.016356082633137703
0.005764827597886324
0.02550360932946205
0.04182722419500351
0.012377675622701645
0.018428759649395943
0.012450485490262508
0.014773369766771793
0.03060564212501049
0.007721260190010071
0.027164774015545845
0.007607413921505213
0.015880651772022247
0.0439908541738987
0.02318625897169113
0.012018686160445213
0.015163690783083439
0.04745969548821449
0.024354146793484688
0.003323973622173071
0.015875905752182007
0.012497730553150177
0.005537103395909071
0.0186823308467865
0.022291118279099464
0.007702588569372892
0.019562188535928726
0.006166781764477491
0.021347390487790108
0.008080261759459972
0.012116322293877602
0.0025914579164236784
0.009444337338209152
0.0678049772977829
0.021150007843971252
0.022160515189170837
0.01007926370948553
0.00752175273373723
0.04064859449863434
0.005730908829718828
0.01840566098690033
0.018591437488794327
0.010286417789757252
0.03244112804532051
0.012131127528846264
0.01336128730326891
0.03406592831015587
0.012962223030626774
0.013770650140941143
0.009930680505931377
0.012973010540008545
0.009020401164889336
0.03297429904341698
0.005449608899652958
0.008337573148310184
0.009884479455649853
0.009599138982594013
0.022201592102646828
0.008972126990556717
0.004196744412183762
0.009173324331641197
0.004092176910489798
0.04285247623920441
0.024406887590885162
0.026181835681200027
0.02610996924340725
0.018500424921512604
0.03778870031237602
0.05180222913622856
0.00953191053122282
0.031067827716469765
0.01677224412560463
0.006001381203532219
0.014279385097324848
0.004963854793459177
0.010825671255588531
0.02815372124314308
0.007225216366350651
0.017164064571261406
0.0069774421863257885
0.0331975556910038
0.014980318956077099
0.015764856711030006
0.009892201982438564
0.030162476003170013
0.011463385075330734
0.013026921078562737
0.010689189657568932
0.03487635776400566
0.014783162623643875
0.010214788839221
0.011991780251264572
0.017824897542595863
0.01592264696955681
0.011861555278301239
0.014367618598043919
0.03706701099872589
0.004770333878695965
0.013371029868721962
0.005173427052795887
0.01490583922713995
0.004673314746469259
0.017530350014567375
0.02826705202460289
0.019537638872861862
0.01741858758032322
0.014507273212075233
0.01764989085495472
0.0052354587242007256
0.008358451537787914
0.041807621717453
0.00846083927899599
0.02268269658088684
0.003125125076621771
0.025806665420532227
0.0036654064897447824
0.037936318665742874
0.005963521543890238
0.009483533911406994
0.024274339899420738
0.01762629672884941
0.014849811792373657
0.03680405020713806
0.08521388471126556
0.01869616098701954
0.009008725173771381
0.007730088662356138
0.02561859041452408
0.011472810059785843
0.016234667971730232
0.016752522438764572
0.002876698039472103
0.00930358748883009
0.004501371178776026
0.018015114590525627
0.010004290379583836
0.003755229990929365
0.00956905260682106
0.012107395566999912
0.007936318404972553
0.008867161348462105
0.015461024828255177
0.007609599269926548
0.02484734170138836
0.020435841754078865
0.012793220579624176
0.013095428235828876
0.008216126821935177
0.014314542524516582
0.011457907035946846
0.023327559232711792
0.01371914241462946
0.006346495356410742
0.005828741006553173
0.014501199126243591
0.07738813012838364
0.0064069367945194244
0.024477507919073105
0.01976875029504299
0.009878681972622871
0.007354406174272299
0.03565245121717453
0.005377550609409809
0.018136046826839447
0.00868653692305088
0.014973804354667664
0.016638465225696564
0.0186268612742424
0.016483664512634277
0.0024031572975218296
0.03774724528193474
0.024007461965084076
0.00512290233746171
0.014035554602742195
0.023415816947817802
0.029580771923065186
0.019531890749931335
0.02407137304544449
0.016667816787958145
0.015345707535743713
0.004070177674293518
0.0072203027084469795
0.02585526742041111
0.02603079378604889
0.030975230038166046
0.019973158836364746
0.005390594247728586
0.013667527586221695
0.037675801664590836
0.017396213486790657
0.007544648367911577
0.012170962989330292
0.02206323854625225
0.00746134901419282
0.016781514510512352
0.035474780946969986
0.01314962562173605
0.010221132077276707
0.013781607151031494
0.01777327060699463
0.012914661318063736
0.01881912536919117
0.013742197304964066
0.012778551317751408
0.008730822242796421
0.007296963129192591
0.008274627849459648
0.01858467049896717
0.02479810267686844
0.020337168127298355
0.017168093472719193
0.026017243042588234
0.01629624143242836
0.019548771902918816
0.004380844533443451
0.036603670567274094
0.008352239616215229
0.08537055552005768
0.014783856458961964
0.007414754014462233
0.011886145919561386
0.0884518101811409
0.10994822531938553
0.0361756756901741
0.006470563821494579
0.018461517989635468
0.004429161082953215
0.028706485405564308
0.0358038954436779
0.012803930789232254
0.02275026962161064
0.018294770270586014
0.009001077152788639
0.011137976311147213
0.005872961599379778
0.05514323338866234
0.016069797798991203
0.010646514594554901
0.02304394729435444
0.009458630345761776
0.007254458032548428
0.007495732977986336
0.028272034600377083
0.052731432020664215
0.010610993020236492
0.027326487004756927
0.01084356289356947
0.008746239356696606
0.01863427646458149
0.01759776845574379
0.020697206258773804
0.009232972748577595
0.026196446269750595
0.005073820240795612
0.04044993221759796
0.022754060104489326
0.00420350581407547
0.0050805844366550446
0.03153463080525398
0.025359898805618286
0.01978570595383644
0.005965062882751226
0.009429597295820713
0.0073305899277329445
0.03286527097225189
0.017342589795589447
0.009748398326337337
0.1687244176864624
0.017602721229195595
0.018760841339826584
0.015173186548054218
0.007434971164911985
0.011984240263700485
0.00987846776843071
0.0306401327252388
0.0035947172436863184
0.020113423466682434
0.009511902928352356
0.007197671569883823
0.03829760476946831
0.01417077798396349
0.01607123762369156
0.006719902157783508
0.02405843697488308
0.016926275566220284
0.028940899297595024
0.0034586600959300995
0.024712948128581047
0.028252098709344864
0.03191725164651871
0.01811675913631916
0.009940908290445805
0.019116828218102455
0.023134460672736168
0.002668105997145176
0.02242625690996647
0.015404801815748215
0.019623851403594017
0.02102077379822731
0.019784290343523026
0.002465535420924425
0.0064465878531336784
0.023202266544103622
0.011428227648139
0.018419228494167328
0.017061276361346245
0.024791717529296875
0.018757030367851257
0.01564795710146427
0.01437414437532425
0.0273806881159544
0.022559519857168198
0.014785761013627052
0.005477011203765869
0.0267574954777956
0.007339755073189735
0.011984131298959255
0.006030901800841093
0.006321227177977562
0.0050346204079687595
0.0712241679430008
0.026301385834813118
0.005123554728925228
0.013743740506470203
0.04157392308115959
0.014156973920762539
0.015636740252375603
0.006009207107126713
0.01660875603556633
0.00612244987860322
0.011498158797621727
0.010732702910900116
0.01324915699660778
0.019182439893484116
0.011186305433511734
0.01642463728785515
0.030753500759601593
0.010117657482624054
0.00602323841303587
0.01908448152244091
0.10098020732402802
0.026196954771876335
0.02650771290063858
0.021428905427455902
0.013124282471835613
0.005564805585891008
0.010225177742540836
0.00717126065865159
0.01635289005935192
0.03399581462144852
0.06748272478580475
0.01721353270113468
0.025049466639757156
0.02478264644742012
0.023679282516241074
0.00832870788872242
0.012949858792126179
0.020813798531889915
0.007104130927473307
0.010208464227616787
0.00957283191382885
0.048951633274555206
0.005749674513936043
0.011757824569940567
0.02314687706530094
0.02250445820391178
0.0040970295667648315
0.04668625444173813
0.014407605864107609
0.02969534508883953
0.005552385002374649
0.04226689040660858
0.017190441489219666
0.017354704439640045
0.0105995899066329
0.013525450602173805
0.013692641630768776
0.01915908232331276
0.007307731546461582
0.01631149835884571
0.03436968848109245
0.011246480979025364
0.02395576424896717
0.039417564868927
0.05705530196428299
0.009553208947181702
0.02930012159049511
0.03132985904812813
0.035419125109910965
0.028326736763119698
0.005322475917637348
0.014284834265708923
0.010058132000267506
0.018266037106513977
0.007874149829149246
0.0180071834474802
0.005650396924465895
0.006710045039653778
0.011164139956235886
0.004405348561704159
0.004135918337851763
0.009293369948863983
0.0312433410435915
0.010813084430992603
0.025722570717334747
0.020329657942056656
0.007955720648169518
0.011071487329900265
0.09167177230119705
0.007282513193786144
0.01592000015079975
0.008410315960645676
0.026507409289479256
0.009960046038031578
0.011229963973164558
0.021915312856435776
0.027400417253375053
0.021293114870786667
0.017143361270427704
0.010136903263628483
0.01127818413078785
0.013408172875642776
0.011932875029742718
0.007729297503829002
0.037812743335962296
0.0234474278986454
0.0171830877661705
0.019422803074121475
0.008782303892076015
0.011926720850169659
0.011089305393397808
0.015261184424161911
0.010279473848640919
0.006489732302725315
0.02898329496383667
0.003953869454562664
0.010700315237045288
0.04499009996652603
0.0316883809864521
0.005521660670638084
0.011730092577636242
0.005751018412411213
0.03763541951775551
0.011887136846780777
0.02918943576514721
0.033479008823633194
0.019290518015623093
0.01380397193133831
0.016891172155737877
0.011383315548300743
0.0109889330342412
0.013199749402701855
0.012338419444859028
0.0151734733954072
0.013823063112795353
0.01513418648391962
0.008170034736394882
0.035704780369997025
0.030911162495613098
0.03814298287034035
0.007542352192103863
0.012209036387503147
0.020059222355484962
0.004793747328221798
0.023240745067596436
0.009214247576892376
0.02436579205095768
0.011783413589000702
0.005070802289992571
0.03166547790169716
0.0056564719416201115
0.006674839183688164
0.04353094846010208
0.00956551730632782
0.01497761718928814
0.010000210255384445
0.007302990648895502
0.01711096800863743
0.008701765909790993
0.03810998424887657
0.006681385915726423
0.006714160088449717
0.02332605980336666
0.01179646234959364
0.009198891930282116
0.00991017371416092
0.010197515599429607
0.009354780428111553
0.02677408792078495
0.0074616046622395515
0.01316505204886198
0.07517176866531372
0.01720084436237812
0.017493536695837975
0.006680785678327084
0.006080955732613802
0.045816533267498016
0.02702946774661541
0.0065204375423491
0.008746981620788574
0.004215440712869167
0.010582739487290382
0.0025629187002778053
0.03334232047200203
0.03519182279706001
0.03709309175610542
0.014229944907128811
0.011581690981984138
0.005854361690580845
0.0082218823954463
0.0743788331747055
0.007889066822826862
0.01564914360642433
0.012916700914502144
0.01574602723121643
0.03480042889714241
0.016898032277822495
0.03466731682419777
0.058451320976018906
0.025138385593891144
0.003973014652729034
0.019912907853722572
0.011346169747412205
0.09498651325702667
0.017530087381601334
0.00835597887635231
0.010630564764142036
0.013749274425208569
0.022167904302477837
0.0067029353231191635
0.006189745385199785
0.010267984122037888
0.02688470669090748
0.004897702485322952
0.009626609273254871
0.008662578649818897
0.013576033525168896
0.008328116498887539
0.01195997279137373
0.01717095822095871
0.0059712957590818405
0.009847516193985939
0.009369086474180222
0.022718016058206558
0.018879147246479988
0.005121938418596983
0.024474797770380974
0.02469669096171856
0.01779494807124138
0.01194936316460371
0.014742889441549778
0.010435243137180805
0.027389971539378166
0.011543385684490204
0.018122084438800812
0.006736526731401682
0.015509660355746746
0.08657946437597275
0.025462977588176727
0.040534790605306625
0.012181908823549747
0.00992448441684246
0.01940673403441906
0.004025947768241167
0.008842471055686474
0.005730126518756151
0.017355483025312424
0.004031387623399496
0.029244504868984222
0.008661584928631783
0.010849152691662312
0.014588669873774052
0.023188132792711258
0.01318300236016512
0.013462389819324017
0.012217669747769833
0.01281912624835968
0.00601939857006073
0.0026653604581952095
0.010511894710361958
0.014283436350524426
0.008813619613647461
0.020552460104227066
0.010749977082014084
0.018106810748577118
0.009835510514676571
0.02960427850484848
0.015749787911772728
0.01032459456473589
0.009763305075466633
0.003678922075778246
0.01622076891362667
0.01380050927400589
0.011375321075320244
0.011611011810600758
0.009731763042509556
0.003403558162972331
0.008540945127606392
0.022835828363895416
0.018693696707487106
0.006245994009077549
0.01249746698886156
0.01282494980841875
0.00710735097527504
0.012603643350303173
0.03031407669186592
0.0058895982801914215
0.008501804433763027
0.010453038848936558
0.006186269223690033
0.0022990689612925053
0.01728891395032406
0.018690433353185654
0.025760237127542496
0.011035527102649212
0.012160247191786766
0.019164880737662315
0.008751295506954193
0.006104621570557356
0.012904787436127663
0.01594322919845581
0.03135375306010246
0.010203614830970764
0.016688218340277672
0.007102418225258589
0.011423258110880852
0.011350281536579132
0.03688043728470802
0.017815658822655678
0.004527491983026266
0.012660760432481766
0.015717772766947746
0.014820277690887451
0.0059344153851270676
0.0033151337411254644
0.009878020733594894
0.010374634526669979
0.027852101251482964
0.014064867980778217
0.022477509453892708
0.01880679279565811
0.006943572778254747
0.051880378276109695
0.013886459171772003
0.011530501767992973
0.0069412849843502045
0.01074566412717104
0.016086336225271225
0.01605955883860588
0.00942615233361721
0.005032580811530352
0.008293364197015762
0.10326602309942245
0.0050867218524217606
0.00883277878165245
0.004213065840303898
0.015844251960515976
0.010782412253320217
0.021888870745897293
0.04952528327703476
0.020490871742367744
0.007239330559968948
0.013948398642241955
0.0047575924545526505
0.015921125188469887
0.006644118577241898
0.022180601954460144
0.006487472914159298
0.00472221476957202
0.01768723502755165
0.0034691235050559044
0.00878574326634407
0.022069117054343224
0.019992517307400703
0.03269237279891968
0.022931985557079315
0.021425019949674606
0.02209487371146679
0.007611066102981567
0.02778545580804348
0.025169717147946358
0.008487585000693798
0.014048819430172443
0.016415247693657875
0.016997942700982094
0.015568666160106659
0.010036593303084373
0.003929005470126867
0.010439898818731308
0.006781834177672863
0.014378759078681469
0.006180115509778261
0.014574933797121048
0.03640638291835785
0.024894602596759796
0.018917715176939964
0.012214341200888157
0.016742276027798653
0.020330963656306267
0.017823128029704094
0.0028497474268078804
0.009075050242245197
0.01029163971543312
0.014887194149196148
0.014175867661833763
0.021085701882839203
0.005406589712947607
0.009708663448691368
0.014827755279839039
0.01331974659115076
0.022225411608815193
0.012553666718304157
0.02146115154027939
0.010709538124501705
0.007520438637584448
0.022501859813928604
0.007016071118414402
0.016829900443553925
0.0401579923927784
0.01743173599243164
0.013215219601988792
0.009170392528176308
0.003423885442316532
0.038138870149850845
0.00909634493291378
0.009888192638754845
0.0027094401884824038
0.04787784442305565
0.018818262964487076
0.019763657823204994
0.007438401225954294
0.014264771714806557
0.007988116703927517
0.010783628560602665
0.013419087044894695
0.004957200959324837
0.013823023997247219
0.009643195196986198
0.0027603902854025364
0.004960397724062204
0.010624093934893608
0.03597074747085571
0.002886991947889328
0.10143179446458817
0.019262660294771194
0.020727528259158134
0.012711304239928722
0.01787429302930832
0.012143532745540142
0.005345488432794809
0.0168665312230587
0.005648668855428696
0.012201976031064987
0.019221587106585503
0.005996855907142162
0.011169946752488613
0.017646605148911476
0.02380829118192196
0.11486339569091797
0.015676045790314674
0.013406164944171906
0.016923019662499428
0.03463548794388771
0.0039496044628322124
0.010115873999893665
0.011429018341004848
0.019272252917289734
0.01923959329724312
0.007650536019355059
0.015077629126608372
0.008807321079075336
0.007740349508821964
0.014350525103509426
0.019277015700936317
0.00778895802795887
0.021422071382403374
0.011317566968500614
0.004051370080560446
0.011641428805887699
0.006207522004842758
0.008634909987449646
0.010344285517930984
0.01373446173965931
0.017166201025247574
0.003459044499322772
0.029089344665408134
0.02359681762754917
0.01742127537727356
0.011875580064952374
0.02241780422627926
0.006599225103855133
0.04229507967829704
0.008323366753757
0.03817029669880867
0.012210920453071594
0.007204282563179731
0.016165269538760185
0.01095546968281269
0.022365039214491844
0.0056501454673707485
0.004854162689298391
0.004708232823759317
0.03605484589934349
0.006150282919406891
0.01153967622667551
0.005940264090895653
0.019436193630099297
0.008798593655228615
0.02800435572862625
0.027039429172873497
0.03924943879246712
0.022228650748729706
0.00426998408511281
0.007865075953304768
0.007189656142145395
0.007353466935455799
0.0039975312538445
0.014891009777784348
0.009106188081204891
0.009099598042666912
0.00781912263482809
0.011708058416843414
0.017955366522073746
0.009881765581667423
0.035207945853471756
0.013116331771016121
0.003423221642151475
0.02846585400402546
0.006421837955713272
0.017296625301241875
0.009514964185655117
0.014533269219100475
0.008012634702026844
0.005947561003267765
0.03773625195026398
0.045781344175338745
0.06212431564927101
0.009109090082347393
0.013053764589130878
0.0044125900603830814
0.025521952658891678
0.022632792592048645
0.012163451872766018
0.0036253156140446663
0.04505465552210808
0.014482720755040646
0.02587811090052128
0.018901558592915535
0.005505694076418877
0.016786418855190277
0.013132617808878422
0.014446968212723732
0.013566263020038605
0.0033666889648884535
0.007026789244264364
0.019960489124059677
0.00641678785905242
0.025346817448735237
0.02156459540128708
0.009701674804091454
0.015608248300850391
0.00949995219707489
0.02279418520629406
0.015413821674883366
0.013141902163624763
0.0031829813960939646
0.016931433230638504
0.08080907166004181
0.0034053483977913857
0.03737504780292511
0.010855486616492271
0.018309930339455605
0.020823705941438675
0.008619925938546658
0.00550060672685504
0.013517308980226517
0.012562421150505543
0.027411067858338356
0.014901059679687023
0.015752648934721947
0.012724312022328377
0.003099642461165786
0.008210116997361183
0.0177554152905941
0.010041073895990849
0.0038060839287936687
0.01268971711397171
0.007452670019119978
0.02347756363451481
0.014237342402338982
0.032598260790109634
0.017175830900669098
0.016712382435798645
0.014753415249288082
0.019789066165685654
0.00697458628565073
0.002261233516037464
0.012928771786391735
0.004008525516837835
0.006288343109190464
0.01595509797334671
0.007059890311211348
0.014511638320982456
0.04072351008653641
0.026326119899749756
0.02388828620314598
0.007424135226756334
0.018576163798570633
0.013754284009337425
0.02344229631125927
0.009233280085027218
0.014078248292207718
0.006667142268270254
0.008517817594110966
0.009285145439207554
0.00821951124817133
0.011693203821778297
0.01675732247531414
0.00830616895109415
0.011901970021426678
0.009546334855258465
0.04498744010925293
0.009679443202912807
0.0034550679847598076
0.006325008813291788
0.01079803891479969
0.03480616956949234
0.013265090063214302
0.010039716958999634
0.009967941790819168
0.011070406064391136
0.006470288150012493
0.0070777758955955505
0.006940704770386219
0.012461923062801361
0.029815727844834328
0.015283561311662197
0.01735938899219036
0.007782455068081617
0.005808703135699034
0.03290843591094017
0.00818912498652935
0.029220454394817352
0.0400364063680172
0.005401463247835636
0.0051742782816290855
0.007427285425364971
0.010292728431522846
0.009376361034810543
0.0037652410101145506
0.018161416053771973
0.013401428237557411
0.019865773618221283
0.00367798306979239
0.010489636100828648
0.005792830139398575
0.026141876354813576
0.029636096209287643
0.01685263030230999
0.02662033960223198
0.03014998324215412
0.011281509883701801
0.03358008340001106
0.03229847922921181
0.005281790159642696
0.019515762105584145
0.006334610283374786
0.005594947841018438
0.020146947354078293
0.0034265636932104826
0.019674744457006454
0.02848469652235508
0.018500179052352905
0.028959382325410843
0.013084926642477512
0.012763147242367268
0.024154113605618477
0.024865517392754555
0.00792631134390831
0.006108948029577732
0.01340881921350956
0.023258067667484283
0.005835047923028469
0.014250787906348705
0.00664397981017828
0.066530741751194
0.013257244601845741
0.09485314786434174
0.012205558829009533
0.012344785034656525
0.008061051368713379
0.018609704449772835
0.014950966462492943
0.015499556437134743
0.09977731853723526
0.006766957696527243
0.008710023947060108
0.010931551456451416
0.016311321407556534
0.00913236103951931
0.0127212293446064
0.05910348519682884
0.006873104255646467
0.020639248192310333
0.013517607003450394
0.0031719799153506756
0.027457764372229576
0.005984468851238489
0.033896103501319885
0.014485027641057968
0.01453444641083479
0.07147923111915588
0.012526184320449829
0.013202931731939316
0.006535563617944717
0.008489999920129776
0.028565092012286186
0.0112450597807765
0.010735144838690758
0.01722087152302265
0.02256850153207779
0.09539559483528137
0.014437169767916203
0.009634668007493019
0.013376301154494286
0.011023851111531258
0.02372557669878006
0.004140791948884726
0.04478735476732254
0.018958501517772675
0.004090325441211462
0.009118041023612022
0.0078062135726213455
0.00990266352891922
0.007782252971082926
0.01915062591433525
0.01727057807147503
0.08379030227661133
0.0164833664894104
0.02132442034780979
0.004040759988129139
0.005405791103839874
0.009830022230744362
0.003526494139805436
0.016148900613188744
0.017082132399082184
0.007028400432318449
0.010844038799405098
0.014816448092460632
0.020831800997257233
0.006856146734207869
0.018364014104008675
0.012552661821246147
0.015549812465906143
0.018415233120322227
0.013483604416251183
0.01235273852944374
0.0051307277753949165
0.016344182193279266
0.007909055799245834
0.009163448587059975
0.01712687313556671
0.012484746053814888
0.01050916500389576
0.00701516168192029
0.0017661043675616384
0.00927569530904293
0.004230039659887552
0.015769898891448975
0.06272610276937485
0.024937940761446953
0.012173703871667385
0.06543587893247604
0.007700762245804071
0.0141867995262146
0.03149842098355293
0.010574140585958958
0.010234808549284935
0.053371455520391464
0.02716786600649357
0.005616780370473862
0.007731548976153135
0.008827276527881622
0.005777323618531227
0.014083148911595345
0.0054379841312766075
0.01572549156844616
0.005042002070695162
0.0229287538677454
0.01262070145457983
0.011269616894423962
0.0063641187734901905
0.0672970563173294
0.0067465659230947495
0.009217302314937115
0.0039322650991380215
0.012701878324151039
0.005322731100022793
0.004474942106753588
0.012269978411495686
0.023089129477739334
0.01132933609187603
0.016620570793747902
0.016908107325434685
0.0035289558582007885
0.025278586894273758
0.007143116090446711
0.0038692206144332886
0.013564889319241047
0.008070316165685654
0.01815483719110489
0.003981316462159157
0.03034397028386593
0.005532878451049328
0.015615162439644337
0.009135402739048004
0.0037952479906380177
0.015949655324220657
0.009499999694526196
0.007235893048346043
0.04782956838607788
0.026519108563661575
0.001897734124213457
0.020684702321887016
0.015871429815888405
0.02523733116686344
0.0037235100753605366
0.030996624380350113
0.01844531111419201
0.013189388439059258
0.005234223790466785
0.013414735905826092
0.014577124267816544
0.0067749712616205215
0.007192946970462799
0.02234846167266369
0.017643962055444717
0.014721227809786797
0.01103777252137661
0.006522533483803272
0.02825075201690197
0.029009178280830383
0.012680922634899616
0.024339230731129646
0.03299126401543617
0.005852736532688141
0.009018199518322945
0.009305394254624844
0.00440760375931859
0.013404598459601402
0.007436547428369522
0.10626816749572754
0.009843475185334682
0.05000163987278938
0.004019914660602808
0.013625363819301128
0.013451211154460907
0.004030228592455387
0.018135741353034973
0.01953483372926712
0.022621668875217438
0.010133209638297558
0.010771876201033592
0.00823398306965828
0.017955100163817406
0.002884020796045661
0.021372059360146523
0.030676789581775665
0.01557130180299282
0.008177480660378933
0.007586517836898565
0.017347605898976326
0.04116342216730118
0.020951949059963226
0.006610963959246874
0.02634517103433609
0.008605719543993473
0.010405445471405983
0.00824867095798254
0.015116168186068535
0.007008529733866453
0.006858551409095526
0.00814201682806015
