0.024809114634990692
0.006074208766222
0.005914961453527212
0.006822414696216583
0.0009817444952204823
0.026615580543875694
0.01610451750457287
0.004884207155555487
0.027404572814702988
0.016493286937475204
0.030434753745794296
0.00418747728690505
0.04378991946578026
0.012503587640821934
0.006084318272769451
0.019862985238432884
0.0038518791552633047
0.006159012671560049
0.004152780864387751
0.0279049314558506
0.025163115933537483
0.019992690533399582
0.003138663014397025
0.0025560606736689806
0.00729497941210866
0.005916353780776262
0.020368708297610283
0.012562023475766182
0.011765393428504467
0.0027347912546247244
0.010347764007747173
0.018957844004034996
0.0015505885239690542
0.002819625660777092
0.005156130064278841
0.009287891909480095
0.07525408267974854
0.035046208649873734
0.0019043829524889588
0.018916931003332138
0.020095687359571457
0.012268917635083199
0.01738245040178299
0.0043795304372906685
0.008993459865450859
0.014916226267814636
0.011617970652878284
0.04952193796634674
0.011667503044009209
0.029818415641784668
0.035072874277830124
0.0038448034320026636
0.02389935776591301
0.025121545419096947
0.0175667405128479
0.01072047371417284
0.004698279779404402
0.010438725352287292
0.005286992061883211
0.00330139952711761
0.0021503204479813576
0.0014252745313569903
0.00991557352244854
0.0037446420174092054
0.045260943472385406
0.03992227837443352
0.008206304162740707
0.022252729162573814
0.002224869793280959
0.020848184823989868
0.0028789511416107416
0.028922375291585922
0.053964708000421524
0.009178642183542252
0.044003404676914215
0.05608174204826355
0.005310205742716789
0.01777208037674427
0.0014467204455286264
0.07008487731218338
0.020259343087673187
0.0023289923556149006
0.005741092376410961
0.0337364487349987
0.0026133419014513493
0.023252887651324272
0.009827730245888233
0.015044520609080791
0.010053707286715508
0.030042558908462524
0.03793737664818764
0.018572166562080383
0.03368883952498436
0.001076245098374784
0.013490710407495499
0.038171280175447464
0.0030741470400243998
0.01236902829259634
0.0022823719773441553
0.04266416281461716
0.008615677244961262
0.01958983577787876
0.007300236728042364
0.01841360703110695
0.0032226613257080317
0.005830099806189537
0.03397402539849281
0.021559609100222588
0.01428204495459795
0.008050317876040936
0.004581724293529987
0.06135993078351021
0.01630690135061741
0.0023851688019931316
0.021981356665492058
0.06158076599240303
0.009538635611534119
0.0018773984629660845
0.0023588358890265226
0.008419209159910679
0.011123158037662506
0.048820268362760544
0.0251007080078125
0.032745737582445145
0.0023717894218862057
0.014154723845422268
0.00677551468834281
0.003226874629035592
0.014397552236914635
0.042491715401411057
0.006442526821047068
0.017448347061872482
0.05296081304550171
0.012220692820847034
0.01006251573562622
0.019731171429157257
0.01348473783582449
0.005719452165067196
0.010108303278684616
0.017086124047636986
0.00332515686750412
0.05738002061843872
0.019545024260878563
0.012862509116530418
0.0018925188342109323
0.008553254418075085
0.009747689589858055
0.015809644013643265
0.004422670695930719
0.03054802678525448
0.0022088501136749983
0.005006036721169949
0.003759139683097601
0.025427382439374924
0.01113851461559534
0.0021126121282577515
0.026327187195420265
0.0026057236827909946
0.014805126003921032
0.010303348302841187
0.023138277232646942
0.01167402882128954
0.04356341063976288
0.008153865113854408
0.0033248739782720804
0.023785827681422234
0.03540942445397377
0.003652408020570874
0.009165618568658829
0.0225637536495924
0.007550256792455912
0.00825230497866869
0.0037901983596384525
0.0018003563163802028
0.0004096401098649949
0.007437184453010559
0.025943560525774956
0.018227558583021164
0.022203685715794563
0.0012356870574876666
0.0026990980841219425
0.019718550145626068
0.004449883010238409
0.010158705525100231
0.0007266797474585474
0.018913039937615395
0.0016034456202760339
0.04956003278493881
0.0352058969438076
0.026310835033655167
0.019283652305603027
0.003901229240000248
0.01821555197238922
0.01541114877909422
0.052517157047986984
0.03108912706375122
0.0006583089707419276
0.01416854653507471
0.0051946197636425495
0.009321602992713451
0.06341546028852463
0.06646434962749481
0.0030172206461429596
0.05426746606826782
0.02715565264225006
0.026838017627596855
0.00043770871707238257
0.015089517459273338
0.013490512035787106
0.025851363316178322
0.011081073433160782
0.062279727309942245
0.045514557510614395
0.0032423583324998617
0.001616766327060759
0.0203715767711401
0.002965459832921624
0.0010757651180028915
0.004360822960734367
0.0039013575296849012
0.03983225300908089
0.011183093301951885
0.006868905853480101
0.03639237955212593
0.01840302161872387
0.003144104266539216
0.0450705885887146
0.02138638123869896
0.01220504567027092
0.013996271416544914
0.02276352420449257
0.007070655003190041
0.010913343168795109
0.007192907389253378
0.019938722252845764
0.005792119074612856
0.0018896013498306274
0.004224814008921385
0.008050180040299892
0.025343863293528557
0.007913627661764622
0.038126930594444275
0.017438853159546852
0.06813888251781464
0.03721528500318527
0.00393663952127099
0.0033486722968518734
0.005993364844471216
0.008174817077815533
0.004078138154000044
0.008503076620399952
0.005595965776592493
0.01978740282356739
0.003123436588793993
0.042776819318532944
0.009771606884896755
0.0192746389657259
0.044336918741464615
0.001775915501639247
0.03311998397111893
0.01757536455988884
0.0065589300356805325
0.044441599398851395
0.006860004272311926
0.029584316536784172
0.01633685827255249
0.0068955509923398495
0.015353458933532238
0.004469005856662989
0.004144770558923483
0.010721727274358273
0.025392727926373482
0.006280355155467987
0.011693197302520275
0.010882904753088951
0.032359711825847626
0.002477506175637245
0.03346242010593414
0.024749189615249634
0.027190333232283592
0.01533669512718916
0.007852421142160892
0.00615799892693758
0.003080916590988636
0.002619183389469981
0.005720652174204588
0.0031877048313617706
0.012811783701181412
0.009215091355144978
0.00748642161488533
0.012913472019135952
0.004118564072996378
0.007786484435200691
0.012668845243752003
0.011931351386010647
0.015379592776298523
0.003971163649111986
0.002458930015563965
0.007719314657151699
0.01054857112467289
0.0016342033632099628
0.004436837043613195
0.01493967603892088
0.01319928839802742
0.0027354287449270487
0.024137018248438835
0.0052058701403439045
0.01102906558662653
0.0334637388586998
0.035563401877880096
0.0051092347130179405
0.020201731473207474
0.0009064340847544372
0.007523342967033386
0.0023335616569966078
0.007658951450139284
0.015042727813124657
0.006832617335021496
0.003539233934134245
0.002032560994848609
0.04292524978518486
0.0012646691175177693
0.017812443897128105
0.026286885142326355
0.02659468725323677
0.03580207750201225
0.014463402330875397
0.002491703722625971
0.0018301308155059814
0.021283261477947235
0.03805350512266159
0.08848202228546143
0.005449205636978149
0.00833024550229311
0.004787588492035866
0.013042489998042583
0.0036912697833031416
0.015915026888251305
0.0015307441353797913
0.0034970499109476805
0.006008824799209833
0.020697273313999176
0.024472469463944435
0.0030243273358792067
0.001980117755010724
0.04377543181180954
0.002098100259900093
0.0580609068274498
0.04240721836686134
0.033830929547548294
0.06801016628742218
0.006302705034613609
0.0025783837772905827
0.00770149752497673
0.01931016705930233
0.06553395092487335
0.00828010868281126
0.011425219476222992
0.024549629539251328
0.0024202740751206875
0.027815846726298332
0.00424604956060648
0.024643098935484886
0.01399186346679926
0.007898889482021332
0.07278942316770554
0.011730717495083809
0.001716973609291017
0.007408971898257732
0.014151508919894695
0.00738095585256815
0.025542322546243668
0.018667105585336685
0.013088647276163101
0.027057018131017685
0.015369431115686893
0.0011522015556693077
0.007795165758579969
0.00740389060229063
0.007663448806852102
0.004289029166102409
0.004559874068945646
0.002170000923797488
0.002336465986445546
0.0028249304741621017
0.004079008474946022
0.04829004779458046
0.01316729187965393
0.005587288178503513
0.0042739370837807655
0.0012209751876071095
0.0024945305194705725
0.01517570298165083
0.009891481138765812
0.012669544667005539
0.004169164225459099
0.007924741134047508
0.027391280978918076
0.014307267963886261
0.004995658993721008
0.10410156846046448
0.008458133786916733
0.009487399831414223
0.011280613951385021
0.03249874338507652
0.017116546630859375
0.009089627303183079
0.044216256588697433
0.009390527382493019
0.019107375293970108
0.0006848253542557359
0.0011464327108114958
0.0027027109172195196
0.056664030998945236
0.015245562419295311
0.07266062498092651
0.0234442837536335
0.010564467869699001
0.04907272011041641
0.04082727059721947
0.009877864271402359
0.004258503671735525
0.006404634565114975
0.009497246704995632
0.02992197312414646
0.01707511954009533
0.07222579419612885
0.016383100301027298
0.02175290882587433
0.006633200217038393
0.007250824477523565
0.0447634756565094
0.05126919969916344
0.007265733554959297
0.05692974105477333
0.01284234318882227
0.004147681407630444
0.004197588190436363
0.004642055835574865
0.01035116333514452
0.0031433335971087217
0.010500829666852951
0.004449948668479919
0.019671833142638206
0.006370378192514181
0.08156024664640427
0.012264197692275047
0.001633690670132637
0.02118765190243721
0.03754284977912903
0.00577476667240262
0.018674520775675774
0.004328201059252024
0.0031469876412302256
0.014606651850044727
0.013129991479218006
0.021296441555023193
0.005259092431515455
0.008730169385671616
0.028590567409992218
0.00916666816920042
0.011475821025669575
0.016632618382573128
0.002431325614452362
0.003998706582933664
0.032954007387161255
0.003480638610199094
0.00434535276144743
0.018531065434217453
0.0315634049475193
0.022167960181832314
0.0036673543509095907
0.0051916008815169334
0.013356003910303116
0.015399809926748276
0.01243229303508997
0.002127527492120862
0.03136711195111275
0.0061002690345048904
0.006956718396395445
0.020399484783411026
0.012898329645395279
0.018292643129825592
0.02531621605157852
0.008554903790354729
0.049180932343006134
0.004787195939570665
0.007351795211434364
0.023519132286310196
0.009448634460568428
0.013653893023729324
0.03805483132600784
0.0032292192336171865
0.010194715112447739
0.0009832978248596191
0.022468281909823418
0.008034557104110718
0.01969142071902752
0.0044738673605024815
0.0075202700681984425
0.0009291443275287747
0.019338365644216537
0.029515113681554794
0.0072998469695448875
0.013664279133081436
0.015230129472911358
0.012175359763205051
0.007128376513719559
0.0035317426081746817
0.023436183109879494
0.01385031919926405
0.006150702480226755
0.01851790025830269
0.013767688535153866
0.01783628948032856
0.03345328941941261
0.005382544361054897
0.002896644175052643
0.0267905555665493
0.1284477263689041
0.01701742596924305
0.002874900121241808
0.009097113274037838
0.009206493385136127
0.026047373190522194
0.002273906720802188
0.014216427691280842
0.008420896716415882
0.016192808747291565
0.003676529973745346
0.0018182070925831795
0.02714293822646141
0.015967413783073425
0.0033224665094166994
0.021832961589097977
0.00503233727067709
0.0015781405381858349
0.019411006942391396
0.0009207261609844863
0.0018282929668202996
0.021972041577100754
0.006715153809636831
0.002256239065900445
0.003051912412047386
0.001992287812754512
0.0035655556712299585
0.0014984238659963012
0.032873086631298065
0.021625304594635963
0.0036373469047248363
0.00637701153755188
0.02362811379134655
0.016570812091231346
0.022773858159780502
0.0012254806933924556
0.0041474406607449055
0.025130802765488625
0.027056602761149406
0.008639992214739323
0.020294014364480972
0.034878622740507126
0.007582029327750206
0.046476662158966064
0.029029371216893196
0.017802951857447624
0.03936849907040596
0.004355091601610184
0.007051627151668072
0.01658104918897152
0.03536507114768028
0.01807073876261711
0.02503799833357334
0.018932370468974113
0.013795733451843262
0.0025874909479171038
0.008269320242106915
0.023265879601240158
0.03817778453230858
0.012469061650335789
0.006859001237899065
0.004248787183314562
0.010179835371673107
0.008016161620616913
0.005429478362202644
0.017041688784956932
0.00470823934301734
0.039895907044410706
0.020591286942362785
0.0031872056424617767
0.030662575736641884
0.02045731246471405
0.0063404482789337635
0.0034600382205098867
0.031649451702833176
0.016821084544062614
0.014691120944917202
0.010924205183982849
0.008476784452795982
0.022779058665037155
0.007078241556882858
0.04744492098689079
0.007521571591496468
0.03568584844470024
0.02482374757528305
0.0538811981678009
0.004201140254735947
0.008646495640277863
0.017503272742033005
0.011283540166914463
0.009608716703951359
0.06627131253480911
0.0183990690857172
0.04044079780578613
0.009045188315212727
0.026842186227440834
0.0012365411967039108
0.02104072831571102
0.01652640290558338
0.045245274901390076
0.03844195976853371
0.00994075182825327
0.0018584439530968666
0.009596980176866055
0.002541045658290386
0.007438940927386284
0.0023468832951039076
0.02648167684674263
0.007811931427568197
0.034326568245887756
0.0036316111218184233
0.01557657029479742
0.02505883388221264
0.01020062156021595
0.01130084227770567
0.013916834257543087
0.02523684874176979
0.0069044167175889015
0.004518027883023024
0.022796154022216797
0.0139942467212677
0.0006167521351017058
0.005534512456506491
0.025869235396385193
0.03382249176502228
0.027566958218812943
0.0416669063270092
0.017819173634052277
0.018604610115289688
0.0019299162086099386
0.016651982441544533
0.014630601741373539
0.02137506939470768
0.07246324419975281
0.05219839885830879
0.05737445130944252
0.007957265712320805
0.007930785417556763
0.010119933634996414
0.010343220084905624
0.023078294470906258
0.00035345839569345117
0.0027828682214021683
0.04762587323784828
0.015503104776144028
0.009190365672111511
0.013825402595102787
0.04097305238246918
0.005600354168564081
0.004091714974492788
0.008709128946065903
0.004906820598989725
0.004161081276834011
0.040786098688840866
0.0007908634725026786
0.015018540434539318
0.0057446835562586784
0.0037140166386961937
0.032401926815509796
0.013250584714114666
0.0281441118568182
0.006148288957774639
0.03690978139638901
0.007884908467531204
0.007755884900689125
0.006053562741726637
0.003744471585378051
0.03168105334043503
0.00225561810657382
0.03385545685887337
0.0319223515689373
0.0033301650546491146
0.018184352666139603
0.0032942069228738546
0.003341340459883213
0.015291547402739525
0.03487304225564003
0.026089847087860107
0.0026550274342298508
0.002627380657941103
0.04678833857178688
0.0086189154535532
0.02949812263250351
0.007090192288160324
0.048481691628694534
0.002745330799371004
0.0026968689635396004
0.028772538527846336
0.017387202009558678
0.05393800139427185
0.012774046510457993
0.009031142108142376
0.006806723307818174
0.024016253650188446
0.0018666869727894664
0.06349600106477737
0.009228215552866459
0.016270378604531288
0.01710786297917366
0.068104088306427
0.03548479825258255
0.015524029731750488
0.014509729109704494
0.008068738505244255
0.020636292174458504
0.012998138554394245
0.046795397996902466
0.06961919367313385
0.009339217096567154
0.010134314186871052
0.006033429875969887
0.0027038180269300938
0.03282945975661278
0.013484540395438671
0.0005300442571751773
0.009485154412686825
0.0033379383385181427
0.016107281669974327
0.0071014822460711
0.008636195212602615
0.05311954766511917
0.05765915662050247
0.015010240487754345
0.0027855222579091787
0.01222113985568285
0.005101049318909645
0.003443602006882429
0.009289402514696121
0.03179800510406494
0.004668485373258591
0.0009888827335089445
0.022699614986777306
0.025498295202851295
0.022149765864014626
0.013927473686635494
0.00967444945126772
0.020875131711363792
0.0050053903833031654
0.0004469935956876725
0.002222016453742981
0.013730008155107498
0.03690178692340851
0.009847963228821754
0.017993779852986336
0.014025866985321045
0.00497692683711648
0.008903902024030685
0.0052514756098389626
0.019430220127105713
0.000944120401982218
0.007603933569043875
0.005678688641637564
0.019299818202853203
0.008046251721680164
0.019327793270349503
0.016469059512019157
0.007717838045209646
0.024661308154463768
0.040107838809490204
0.014869053848087788
0.0037449065130203962
0.0537896491587162
0.011850359849631786
0.0055288695730268955
0.00726992916315794
0.006479282397776842
0.044517744332551956
0.007961469702422619
0.03894685581326485
0.0009126159129664302
0.005208163987845182
0.010711879469454288
0.008897692896425724
0.030177997425198555
0.04467884823679924
0.00834645889699459
0.002917211502790451
0.004925623536109924
0.06131352111697197
0.008561570197343826
0.004632498603314161
0.013203870505094528
0.010439524427056313
0.0318540520966053
0.029544852674007416
0.0019381670281291008
0.05102822184562683
0.011802218854427338
0.0018044464522972703
0.006265479605644941
0.004603249952197075
0.011387769132852554
0.07468690723180771
0.005308306310325861
0.014215237461030483
0.00854812003672123
0.004964715801179409
0.03489087522029877
0.022332994267344475
0.005478616803884506
0.005642486736178398
0.0020820770878344774
0.029272500425577164
0.05321270227432251
0.026094205677509308
0.019421108067035675
0.0014074385398998857
0.0021683783270418644
0.058281201869249344
0.012543996796011925
0.03833884000778198
0.027549676597118378
0.0015298519283533096
0.01280917227268219
0.015201916918158531
0.011216581799089909
0.011037293821573257
0.07693234086036682
0.009933354333043098
0.009100106544792652
0.006247031968086958
0.011402325704693794
0.0025766566395759583
0.009038235060870647
0.023529456928372383
0.029266174882650375
0.009700198657810688
0.038910623639822006
0.018311353400349617
0.002216485794633627
0.019271541386842728
0.021364226937294006
0.002369801513850689
0.035926733165979385
0.02259005233645439
0.004837692715227604
0.01959972269833088
0.00685459328815341
0.0053870705887675285
0.0072737522423267365
0.0032099992968142033
0.00402117520570755
0.005627505946904421
0.028661081567406654
0.0357048362493515
0.024759264662861824
0.004580843728035688
0.0015541609609499574
0.040891122072935104
0.0028354099486023188
0.001635854714550078
0.051588382571935654
0.004688674584031105
0.0359283946454525
0.0031138656195253134
0.03273843228816986
0.04936840012669563
0.01970134675502777
0.015547552146017551
0.06005857139825821
0.001966496929526329
0.04728167504072189
0.01688353531062603
0.004712487105280161
0.01079704612493515
0.028059503063559532
0.02549499273300171
0.04619554802775383
0.007550670765340328
0.03242754936218262
0.03581095486879349
0.005667104385793209
0.0041718315333127975
0.05135907232761383
0.022244583815336227
0.020569777116179466
0.0036399750970304012
0.001648475299589336
0.003921185620129108
0.012986431829631329
0.006428117863833904
0.000862603192217648
0.0031558515038341284
0.007680472452193499
0.011303168721497059
0.009688499383628368
0.01478483434766531
0.0051083071157336235
0.00359421968460083
0.008819232694804668
0.011980241164565086
0.009728160686790943
0.02044113352894783
0.006096699275076389
0.03742271289229393
0.00828289333730936
0.0065896175801754
0.009358813054859638
0.03551148250699043
0.0021478801500052214
0.009358296170830727
0.02144067920744419
0.0024828738532960415
0.004287359770387411
0.013884240761399269
0.05582650005817413
0.061533160507678986
0.009218551218509674
0.002411965746432543
0.006243421696126461
0.02560785785317421
0.0326986089348793
0.00898570567369461
0.0457836352288723
0.0057105207815766335
0.038342930376529694
0.010720078833401203
0.04535948857665062
0.03637980669736862
0.027770046144723892
0.0015040787402540445
0.006695777643471956
0.02074631303548813
0.014655359089374542
0.019239280372858047
0.04095863550901413
0.015065575018525124
0.05014858394861221
0.03919970989227295
0.03038538433611393
0.006362713407725096
0.04525573551654816
0.02273385412991047
0.024236468598246574
0.03643270209431648
0.0024765804409980774
0.023082079365849495
0.0020004985854029655
0.07463426887989044
0.019515693187713623
0.08071283251047134
0.004025811795145273
0.049474820494651794
0.007608132436871529
0.017025738954544067
0.020560940727591515
0.006426429841667414
0.02534710429608822
0.005276890005916357
0.019269678741693497
0.0029487668070942163
0.02517833188176155
0.005192124284803867
0.002059253631159663
0.03554651513695717
0.015073984861373901
0.008129973895847797
0.008289271965622902
0.01540000457316637
0.019156666472554207
0.0015323052648454905
0.005567227024585009
0.026441344991326332
0.10636493563652039
0.0005835261545144022
0.0050972322933375835
0.007167295087128878
0.007335002068430185
0.0011729553807526827
0.0011945960577577353
0.11919557303190231
0.07432052493095398
0.025592844933271408
0.005515670869499445
0.04289485141634941
0.004562394693493843
0.010958900675177574
0.0017024236731231213
0.007342226337641478
0.01015488337725401
0.012863907031714916
0.007703446317464113
0.0517585314810276
0.00908756349235773
0.007207315415143967
0.0929868221282959
0.041769687086343765
0.013567473739385605
0.003672313876450062
0.009339996613562107
0.002063964493572712
0.0069081829860806465
0.0289534293115139
0.026292908936738968
0.0034518891479820013
0.0034347695764154196
0.019586732611060143
0.005587562918663025
0.007416339125484228
0.014081093482673168
0.01949683576822281
0.01079483050853014
0.046264342963695526
0.011567933484911919
0.012460771948099136
0.04979811608791351
0.0020230032969266176
0.005499341990798712
0.020388079807162285
0.015520614571869373
0.03758114203810692
0.008405599743127823
0.0004871806304436177
0.012552776373922825
0.002624525921419263
0.0006401392165571451
0.018828505650162697
0.0035229935310781
0.02900233119726181
0.01091484073549509
0.04579639434814453
0.018259909003973007
0.027509406208992004
0.0030689870472997427
0.023835737258195877
0.02194691076874733
0.015054232440888882
0.012058054096996784
0.03079250082373619
0.011110867373645306
0.010232660919427872
0.004646587185561657
0.047675322741270065
0.005447224248200655
0.013678326271474361
0.008432850241661072
0.008181163109838963
0.007849455811083317
0.003645834047347307
0.036162037402391434
0.00232690735720098
0.0018846883904188871
0.017129579558968544
0.07846154272556305
0.002660210942849517
0.033331356942653656
0.030238276347517967
0.006274878047406673
0.02285013720393181
0.004894414450973272
0.01772954873740673
0.008353283628821373
0.016279172152280807
0.023545781150460243
0.004393796436488628
0.0042369491420686245
0.0020232389215379953
0.006693974602967501
0.05101935938000679
0.004302762448787689
0.008343006484210491
0.006566951517015696
0.012646679766476154
0.025210075080394745
0.02195199392735958
0.04315895587205887
0.0021720079239457846
0.004222763702273369
0.0023089717142283916
0.001756564830429852
0.002328560221940279
0.056352950632572174
0.010735629126429558
0.03643258661031723
0.05950193479657173
0.005242051091045141
0.050170399248600006
0.028897622600197792
0.0018206294625997543
0.0130102364346385
0.03555119410157204
0.01957586780190468
0.005475567653775215
0.001037208130583167
0.019700458273291588
0.023627597838640213
0.012530669569969177
0.014609260484576225
0.027749933302402496
0.019799761474132538
0.00931436475366354
0.008262664079666138
0.002424620557576418
0.00854642502963543
0.008560759015381336
0.006592234130948782
0.01183157879859209
0.00726062199100852
0.1170574426651001
0.018782714381814003
0.0020556163508445024
0.0015106179052963853
0.013927510939538479
0.0029377155005931854
0.004620980005711317
0.019720181822776794
0.0030721090734004974
0.010917008854448795
0.0710853785276413
0.0097569664940238
0.007192851509898901
0.0031090695410966873
0.005844090599566698
0.013174699619412422
0.012634937651455402
0.07895839959383011
0.03194829821586609
0.01553997304290533
0.02437846176326275
0.009973644278943539
0.029948122799396515
0.07607617974281311
0.004526183940470219
0.019079074263572693
0.010238755494356155
0.01639949157834053
0.01851312443614006
0.004412253852933645
0.03285513445734978
0.04199907183647156
0.020689716562628746
0.0465032123029232
0.017745958641171455
0.014861827716231346
0.013704589568078518
0.0005294803413562477
0.006102427374571562
0.018610524013638496
0.0011015778873115778
0.010219018906354904
0.03584560379385948
0.043149881064891815
0.007374846376478672
0.004136223811656237
0.014752229675650597
0.021529391407966614
0.0035579311661422253
0.03641847148537636
0.001605212572030723
0.028894400224089622
0.004821381065994501
0.010691740550100803
0.0032521970570087433
0.004180700983852148
0.006576809100806713
0.03582441434264183
0.008992748335003853
0.019042721018195152
0.008818727917969227
0.015173916704952717
0.010021097958087921
0.031109750270843506
0.02641673944890499
0.013745134696364403
0.040125079452991486
0.014244410209357738
0.04592137411236763
0.01578228920698166
0.0038896717596799135
0.0009166638483293355
0.026363182812929153
0.031230119988322258
0.004885305650532246
0.0010438774479553103
0.0022149626165628433
0.007176894694566727
0.043340880423784256
0.07961475849151611
0.0016608400037512183
0.004949136171489954
0.002776342909783125
0.019572818651795387
0.009063434787094593
0.029873879626393318
0.0029410854913294315
0.06386783719062805
0.01470241043716669
0.004678412806242704
0.010629924945533276
0.0006294190534390509
0.05456945300102234
0.06197553128004074
0.03470553830265999
0.018036508932709694
0.046176470816135406
0.015228437259793282
0.030899878591299057
0.009816404432058334
0.009937415830790997
0.014938700944185257
0.009458739310503006
0.044208936393260956
0.0046935006976127625
0.004491840023547411
0.03749014064669609
0.020433461293578148
0.01564202830195427
0.040518660098314285
0.043675895780324936
0.002367566805332899
0.006285438779741526
0.008195966482162476
0.02767275646328926
0.007466363254934549
0.00039949288475327194
0.047152020037174225
0.017763756215572357
0.017883697524666786
0.014845458790659904
0.008148736320436
0.022768832743167877
0.0038098578806966543
0.001956396736204624
0.044307075440883636
0.008453462272882462
0.011429558508098125
0.0010283606825396419
0.003352697705850005
0.03370463475584984
0.050064876675605774
0.0047692363150417805
0.015200226567685604
0.028436211869120598
0.009388812817633152
0.01774396374821663
0.0024832189083099365
0.009718119166791439
0.0049840426072478294
0.0016010144026950002
0.0036175353452563286
0.030068902298808098
0.01292449701577425
0.008061141707003117
0.03812108561396599
0.004209115169942379
0.009563127532601357
0.0007995709893293679
0.005342178046703339
0.0172450952231884
0.009107762947678566
0.003841371275484562
0.061624202877283096
0.014053970575332642
0.009382580406963825
0.01367535162717104
0.07340118288993835
0.010302936658263206
0.008292731828987598
0.0011053284397348762
0.01463299710303545
0.004112523514777422
0.003656164277344942
0.024164602160453796
0.005485792178660631
0.006793166510760784
0.005883831065148115
0.0019371418748050928
0.00366292055696249
0.03243033215403557
0.006427794694900513
0.010371210984885693
0.0023028114810585976
0.0075065987184643745
0.0020725515205413103
0.03637505695223808
0.0025836483109742403
0.008355687372386456
0.025229793041944504
0.04955698922276497
0.007732431869953871
0.0064655025489628315
0.045539624989032745
0.012643633410334587
0.030933240428566933
0.005704508628696203
0.014028528705239296
0.012274001725018024
0.0005710780969820917
0.0056994324550032616
0.0014939785469323397
0.001651934813708067
0.0062419879250228405
0.003907602746039629
0.018164116889238358
0.0019435416907072067
0.026853211224079132
0.020427323877811432
0.004536869470030069
0.02119421772658825
0.013938632793724537
0.0003978125751018524
