0.017286740243434906
0.018382251262664795
0.003658244153484702
0.002892406191676855
0.006103901192545891
0.0006778953829780221
0.03910796344280243
0.035033684223890305
0.0016677554231137037
0.0051735988818109035
0.029453443363308907
0.03081153705716133
0.0017533518839627504
0.0005918358219787478
0.01443529687821865
0.002554662059992552
0.0030453363433480263
0.00042958621634170413
0.002642591716721654
0.05079095438122749
0.00007394664135063067
0.0022129074204713106
0.020504867658019066
0.002461028750985861
0.0017307886155322194
0.002059095073491335
0.014055551961064339
0.03590679541230202
0.019733605906367302
0.0022098137997090816
0.005525057669728994
0.007831601426005363
0.0002910264884121716
0.000285272893961519
0.0015027739573270082
0.0035060946829617023
0.0061102816835045815
0.003363162511959672
0.004349044524133205
0.0031453438568860292
0.0005789248971268535
0.060086268931627274
0.0003673620230983943
0.011977669782936573
0.001012588501907885
0.011164802126586437
0.003280176315456629
0.014567307196557522
0.02098914049565792
0.006331458222121
0.0035115620121359825
0.001225516782142222
0.002681952901184559
0.0023634429089725018
0.007743562571704388
0.052684951573610306
0.01006326824426651
0.02337314747273922
0.004170571453869343
0.00009031023364514112
0.0001406444498570636
0.01026248186826706
0.004402325954288244
0.0014264059718698263
0.0005595444818027318
0.0015059135621413589
0.014348162338137627
0.014602184295654297
0.022665930911898613
0.00293193687684834
0.008125975728034973
0.00613320292904973
0.004158433526754379
0.05553366616368294
0.0002656687283888459
0.0115521140396595
0.015253210440278053
0.004428273998200893
0.016777653247117996
0.0025416614953428507
0.021512841805815697
0.013001960702240467
0.002942623570561409
0.0038901367224752903
0.0048432257026433945
0.01609552465379238
0.02249515801668167
0.0029689399525523186
0.06371574848890305
0.011260373517870903
0.018120719119906425
0.005483547225594521
0.003870022250339389
0.0007166608120314777
0.0007426703232340515
0.037644654512405396
0.008565704338252544
0.0003310491447336972
0.007926239632070065
0.035573042929172516
0.023192189633846283
0.006740561220794916
0.0029909606091678143
0.0023736311122775078
0.006774247623980045
0.000642354367300868
0.0015443763695657253
0.0002850535383913666
0.006239478476345539
0.0057791005820035934
0.0007825769134797156
0.0022179612424224615
0.006470518186688423
0.0023142886348068714
0.02756476402282715
0.00048795228940434754
0.0010756041156128049
0.003548744134604931
0.00027871152269653976
0.009092528373003006
0.00196304009296
0.0004302517045289278
0.0007322219316847622
0.017013346776366234
0.014517336152493954
0.014870572835206985
0.001867349841631949
0.006576902698725462
0.002101041143760085
0.001836041803471744
0.002795324893668294
0.0011556509416550398
0.00225399574264884
0.04469984024763107
0.0008811642765067518
0.007832813076674938
0.004438431933522224
0.0003231769660487771
0.06533652544021606
0.004329395014792681
0.00039968453347682953
0.0006443607853725553
0.0005005268612876534
0.0002343350788578391
0.00020523523562587798
0.018895713612437248
0.012648157775402069
0.0012784491991624236
0.009450457990169525
0.0006607232498936355
0.004403133876621723
0.0015931472880765796
0.0011965163284912705
0.02989821881055832
0.009218514896929264
0.0066492799669504166
0.036066461354494095
0.05661272630095482
0.013234332203865051
0.0023761363700032234
0.009284799918532372
0.0022883224301040173
0.002513129496946931
0.05010680854320526
0.0011791762663051486
0.006841196678578854
0.0008680597529746592
0.0007708146004006267
0.0019212403567507863
0.0027429370675235987
0.001727029331959784
0.013392139226198196
0.0012911914382129908
0.0012794292997568846
0.001566626480780542
0.0005556534160859883
0.00027076047263108194
0.0009929666994139552
0.003379208967089653
0.004785713739693165
0.004823644645512104
0.0008431821479462087
0.0035995044745504856
0.01199337001889944
0.026340505108237267
0.0015633795410394669
0.0014704704517498612
0.005165705922991037
0.06570051610469818
0.003853234462440014
0.0005727941752411425
0.03642047196626663
0.004861678462475538
0.04721574857831001
0.0010486310347914696
0.02199019119143486
0.003844260470941663
0.0065942308865487576
0.0007783918990753591
0.0025062011554837227
0.0003795037919189781
0.0027564314659684896
0.0004519187205005437
0.013544521294534206
0.02568170800805092
0.006621912587434053
0.030027249827980995
0.0018866321770474315
0.0032314262352883816
0.010518712922930717
0.04872821271419525
0.0017533181235194206
0.010351774282753468
0.0025035522412508726
0.0024802610278129578
0.0004446148523129523
0.0017572451615706086
0.0076214163564145565
0.005666378885507584
0.0013470182893797755
0.038182154297828674
0.024101439863443375
0.010796968825161457
0.002368916990235448
0.0005968727055005729
0.021910138428211212
0.00012794203939847648
0.013947964645922184
0.034827083349227905
0.0005064051365479827
0.01017421018332243
0.03572311997413635
0.0007477722247131169
0.03275258466601372
0.00045714539010077715
0.0640408918261528
0.002275885781273246
0.015875473618507385
0.03650449961423874
0.005254621617496014
0.0019655260257422924
0.016849718987941742
0.0006144522922113538
0.06475440412759781
0.005013494752347469
0.013460196554660797
0.01512196846306324
0.005271166563034058
0.011139949783682823
0.0004670176131185144
0.016859490424394608
0.003916606307029724
0.0002077673707390204
0.0065516820177435875
0.00040204665856435895
0.0004169852181803435
0.0032139013055711985
0.004412918817251921
0.018801413476467133
0.03690391778945923
0.028822213411331177
0.0019329468486830592
0.011739454232156277
0.001887797494418919
0.009976999834179878
0.014358357526361942
0.00910166185349226
0.00127122993580997
0.004515760578215122
0.01686716079711914
0.0008026892901398242
0.06982627511024475
0.04445512965321541
0.0036420109681785107
0.003752567805349827
0.00019688221800606698
0.001384179457090795
0.0016521456418558955
0.002000724896788597
0.013962945900857449
0.002670287387445569
0.007732306141406298
0.0016084162052720785
0.03201718628406525
0.0007070435676723719
0.0006761947879567742
0.0037973332218825817
0.0014677364379167557
0.002252819947898388
0.002461842028424144
0.0053428360261023045
0.0005790798459202051
0.0010474876035004854
0.007448507938534021
0.0005635318229906261
0.00555482367053628
0.018855571746826172
0.00277523510158062
0.007475261110812426
0.001833555055782199
0.024291399866342545
0.001344264019280672
0.0037960060872137547
0.002400838304311037
0.018355485051870346
0.052037861198186874
0.009543703868985176
0.02791721001267433
0.026646677404642105
0.03632419928908348
0.0001736403355607763
0.0010544637916609645
0.006971247028559446
0.04809392988681793
0.0005336276954039931
0.0009958783630281687
0.04358381778001785
0.0009664347744546831
0.010778073221445084
0.00970432162284851
0.017290255054831505
0.0034242006950080395
0.0012967356014996767
0.04097316041588783
0.007134241051971912
0.0008867198484949768
0.004510778468102217
0.0010666190646588802
0.01922391727566719
0.00015955882554408163
0.002848133211955428
0.003141722409054637
0.01142196450382471
0.0008314310107380152
0.0016764658503234386
0.003741465276107192
0.006281896028667688
0.0036086495965719223
0.002959753619506955
0.028879361227154732
0.009644369594752789
0.022001175209879875
0.00015401269774883986
0.0008842925890348852
0.0017941480036824942
0.006096024066209793
0.0016245016595348716
0.03945167735219002
0.022140197455883026
0.020075445994734764
0.004329785238951445
0.0003191969299223274
0.00638805516064167
0.005038730334490538
0.012725476175546646
0.0007503951783291996
0.0005671209073625505
0.0069604720920324326
0.0031790523789823055
0.0037311010528355837
0.001711282879114151
0.00032181685674004257
0.00927665177732706
0.007148546166718006
0.0008942618733271956
0.0075019048526883125
0.00018521046149544418
0.0007237845566123724
0.005232904572039843
0.010653529316186905
0.03512232378125191
0.001318173250183463
0.003262339159846306
0.02042238414287567
0.0018314000917598605
0.0029001820366829634
0.0024194323923438787
0.012926512397825718
0.008040785789489746
0.00732311001047492
0.005674111656844616
0.012969840317964554
0.0012767603620886803
0.0013583258260041475
0.00040022784378379583
0.0028367447666823864
0.0005913169006817043
0.00034059424069710076
0.000518825079780072
0.00500721437856555
0.0003213711897842586
0.025866296142339706
0.0009109200909733772
0.030879108235239983
0.018526028841733932
0.011024986393749714
0.004474402870982885
0.00027389772003516555
0.0008146566688083112
0.0003742869012057781
0.013616773299872875
0.004217099864035845
0.0014415509067475796
0.007556803524494171
0.0005431524477899075
0.0014011176535859704
0.020526761189103127
0.0009343355777673423
0.007378206122666597
0.006925551220774651
0.00035890654544346035
0.0020336550660431385
0.02460065856575966
0.03221258893609047
0.025067651644349098
0.002822487847879529
0.003478956175968051
0.003841240191832185
0.007442730478942394
0.00250797625631094
0.0033448522444814444
0.0006509803934022784
0.014835257083177567
0.0145772909745574
0.0031347067561000586
0.002854171907529235
0.007184304762631655
0.00775754451751709
0.0005713671562261879
0.004495828412473202
0.009529118426144123
0.008768662810325623
0.0002720033226069063
0.0030657430179417133
0.0050003910437226295
0.009515359066426754
0.0005249981768429279
0.0011803943198174238
0.0013232489582151175
0.00028579417266882956
0.0020868186838924885
0.00016549481370020658
0.000316342746373266
0.009390373714268208
0.012165402993559837
0.0010140853701159358
0.04215163365006447
0.037247493863105774
0.0032463388051837683
0.000270288874162361
0.0007022701320238411
0.0006614385638386011
0.05046134814620018
0.013220252469182014
0.013938984833657742
0.001174743054434657
0.001168900285847485
0.006557757500559092
0.03125036507844925
0.021539883688092232
0.005583512596786022
0.006457383744418621
0.005903148092329502
0.003832383081316948
0.001946661970578134
0.00796772725880146
0.029220158234238625
0.00030920709832571447
0.011296579614281654
0.0012252372689545155
0.00660377461463213
0.0025019049644470215
0.04900896176695824
0.009196514263749123
0.016968093812465668
0.0073285480029881
0.0005059278919361532
0.0006663222447969019
0.01090956013649702
0.0026399020571261644
0.0005308129475452006
0.05015348643064499
0.014639761298894882
0.0025452603586018085
0.012391556054353714
0.0003371589700691402
0.015032678842544556
0.0013721639988943934
0.011664128862321377
0.0007271365029737353
0.0026686403434723616
0.00710690300911665
0.0008572603110224009
0.034404389560222626
0.00019948038971051574
0.0008690874674357474
0.00925393309444189
0.008033252321183681
0.0006072190590202808
0.00764052476733923
0.00017697858856990933
0.007455827202647924
0.00951034389436245
0.035069502890110016
0.012897872366011143
0.008103619329631329
0.012121072970330715
0.008357865735888481
0.0041888621635735035
0.0006933241966180503
0.029462171718478203
0.01635170541703701
0.03095598891377449
0.00026067689759656787
0.00554013904184103
0.0001609136234037578
0.017972560599446297
0.014814352616667747
0.005036309827119112
0.0012352413032203913
0.0036171101965010166
0.006445072591304779
0.001989644253626466
0.014405702240765095
0.01145224180072546
0.0003980140609201044
0.0008099775295704603
0.0033323997631669044
0.0027610338293015957
0.026847783476114273
0.0002685819927137345
0.0018752958858385682
0.022414926439523697
0.0010115682380273938
0.012056180275976658
0.0013608182780444622
0.0014310734113678336
0.005700066685676575
0.001259243581444025
0.000926565786357969
0.0002900921681430191
0.004688381217420101
0.00064195750746876
0.0006262326496653259
0.007287607062608004
0.026150288060307503
0.0009195528691634536
0.030573880299925804
0.013274955563247204
0.001824810984544456
0.010778352618217468
0.0027211164124310017
0.01255631260573864
0.0019237225642427802
0.008758323267102242
0.0004744755569845438
0.0010129257570952177
0.0006731594912707806
0.03530330955982208
0.00020747093367390335
0.013385270722210407
0.006096028257161379
0.004189347382634878
0.001478190184570849
0.00843446422368288
0.0013315852265805006
0.0003704900445882231
0.0032753031700849533
0.0021319007501006126
0.0016531718429178
0.0005549294291995466
0.05517048016190529
0.015648340806365013
0.0006628936971537769
0.0008584155002608895
0.00286573963239789
0.0003401359426788986
0.00042378189391456544
0.01670883595943451
0.0026888169813901186
0.020754799246788025
0.000472570100100711
0.0100889652967453
0.06507129967212677
0.029809635132551193
0.0005709356628358364
0.011662917211651802
0.010683144442737103
0.00037045293720439076
0.006357187405228615
0.000022386362616089173
0.0037564539816230536
0.00040679238736629486
0.001255130977369845
0.0029871095903217793
0.0017005937406793237
0.0024433822836726904
0.031732961535453796
0.001015056506730616
0.010564611293375492
0.0007336825365200639
0.005386716686189175
0.0014522449346259236
0.017222236841917038
0.005156897474080324
0.0004930146969854832
0.0007935361936688423
0.0016760918078944087
0.001454268814995885
0.011627191677689552
0.0014447142602875829
0.0009852619841694832
0.0029556804802268744
0.004365720320492983
0.005631208419799805
0.006017021834850311
0.0007377303554676473
0.0021852462086826563
0.006348389200866222
0.0018447241745889187
0.0025504385121166706
0.011508094146847725
0.02986692264676094
0.0014700713800266385
0.004287089221179485
0.05741717293858528
0.001915664761327207
0.0015958442818373442
0.0010714405216276646
0.011301865801215172
0.00785136129707098
0.0018091610400006175
0.00852278620004654
0.009088760241866112
0.0007991396705619991
0.0011796257458627224
0.02558724582195282
0.0004908083938062191
0.04419013857841492
0.002605486661195755
0.00035335106076672673
0.0003624281962402165
0.04736591875553131
0.0004159329691901803
0.001708730822429061
0.005632882472127676
0.0013541964581236243
0.0004761273739859462
0.014614014886319637
0.0015170227270573378
0.009479379281401634
0.0002700512413866818
0.000705767422914505
0.01226183120161295
0.016542047262191772
0.002175822388380766
0.0023299730382859707
0.007177537772804499
0.002493075095117092
0.033736828714609146
0.0009844565065577626
0.010902798734605312
0.006656554527580738
0.0014827504055574536
0.014136867597699165
0.00016574165783822536
0.00039336783811450005
0.005695260129868984
0.00039165184716694057
0.019133426249027252
0.002634387696161866
0.009051541797816753
0.0006155178416520357
0.0010692192008718848
0.010693949647247791
0.006896060425788164
0.007199070882052183
0.017320064827799797
0.0020846971310675144
0.004020989872515202
0.0003395043022464961
0.0005873822374269366
0.006473924033343792
0.004941888619214296
0.0009445057949051261
0.006043316330760717
0.006679207552224398
0.00641379039734602
0.0040410286746919155
0.002653347095474601
0.006760310847312212
0.0008530672057531774
0.004620987921953201
0.006590371020138264
0.008503388613462448
0.001601637341082096
0.04063599184155464
0.005537415388971567
0.00019301784050185233
0.012222550809383392
0.00009124691132456064
0.004959115758538246
0.04363977909088135
0.024466970935463905
0.0004142556863371283
0.01471254788339138
0.0016263163415715098
0.0005067302263341844
0.00337023357860744
0.006277770735323429
0.04981616884469986
0.0008209170773625374
0.003389814170077443
0.008133692666888237
0.0007288436172530055
0.062475744634866714
0.0006693563191220164
0.005863348953425884
0.012350275181233883
0.009798157028853893
0.002273355610668659
0.0021283896639943123
0.016989542171359062
0.020002370700240135
0.004955320153385401
0.0016257292591035366
0.008100411854684353
0.0031117640901356936
0.002760079922154546
0.0002235955180367455
0.0001438880863133818
0.027081584557890892
0.001619915128685534
0.0025926001835614443
0.002369506284594536
0.003268294734880328
0.038859594613313675
0.00036664295475929976
0.018718799576163292
0.0007152805337682366
0.01773032173514366
0.011485996656119823
0.002923176623880863
0.005035828799009323
0.00227982085198164
0.0006665321998298168
0.004357027355581522
0.006937078200280666
0.00017488350567873567
0.001652012811973691
0.02132425643503666
0.001362037961371243
0.029986713081598282
0.00044754016562364995
0.018803074955940247
0.034443676471710205
0.032788585871458054
0.0004282504669390619
0.0036116275005042553
0.0015940364683046937
0.0015063186874613166
0.0033167048823088408
0.00029935454949736595
0.0007937798509374261
0.013377507217228413
0.0009141699410974979
0.005954102147370577
0.003976802341639996
0.028932977467775345
0.011781508103013039
0.0010269263293594122
0.0032107431907206774
0.0018452972872182727
0.02223348431289196
0.008228553459048271
0.0016909674741327763
0.016550663858652115
0.00333076692186296
0.007730747107416391
0.014979434199631214
0.0015446108300238848
0.032249175012111664
0.005759938154369593
0.016735222190618515
0.041385848075151443
0.0014587552286684513
0.012864620424807072
0.0006857464904896915
0.0016086327377706766
0.004140665289014578
0.004014133475720882
0.006584809627383947
0.0014678570441901684
0.010016725398600101
0.00019467459060251713
0.001738892518915236
0.003698925953358412
0.0064261420629918575
0.001954071456566453
0.0008948195609264076
0.003407091135159135
0.0018795451615005732
0.0009240978979505599
0.0014060863759368658
0.00542474864050746
0.005311715882271528
0.009749327786266804
0.0003909590595867485
0.003620225004851818
0.0010399173479527235
0.005404104944318533
0.004306103102862835
0.008195647969841957
0.0016286704922094941
0.008892746642231941
0.0009600762277841568
0.0013247388415038586
0.001588504877872765
0.00042308116098865867
0.0012083471519872546
0.012253116816282272
0.012525557540357113
0.05714331939816475
0.005483981687575579
0.0028361272998154163
0.0010168725857511163
0.0003854178939945996
0.007002666126936674
0.005883734207600355
0.0012698237551376224
0.00039396865759044886
0.008072388358414173
0.01183612085878849
0.0009727305732667446
0.0006380201084539294
0.002190378261730075
0.005660184193402529
0.03359684720635414
0.0035517869982868433
0.00016971738659776747
0.01906764693558216
0.0007447657990269363
0.0003135800361633301
0.00007999402441782877
0.0011143925366923213
0.00029570714104920626
0.0010855369037017226
0.020946376025676727
0.008226137608289719
0.0019856251310557127
0.0036032679490745068
0.0008640774176456034
0.033322833478450775
0.0017045721178874373
0.0014151216018944979
0.020640047267079353
0.0038031183648854494
0.00010937653132714331
0.0018835141090676188
0.0053475466556847095
0.006632741075009108
0.0029764019418507814
0.0036166245117783546
0.0031794440001249313
0.00016248029714915901
0.002146682236343622
0.0006494225817732513
0.0007015711744315922
0.013452197425067425
0.03395747020840645
0.011974078603088856
0.003305594203993678
0.00572186429053545
0.0002677468291949481
0.00006360508996294811
0.0005530070629902184
0.01640992797911167
0.008281741291284561
0.04406528174877167
0.01753140799701214
0.0006145271472632885
0.01721418835222721
0.015682214871048927
0.0009709049481898546
0.028449390083551407
0.0012498456053435802
0.0002746454265434295
0.0013752416707575321
0.01615004427731037
0.01045193150639534
0.001800951431505382
0.0005837405915372074
0.00555845582857728
0.007721582893282175
0.03309570625424385
0.003514881245791912
0.00648915721103549
0.02906293049454689
0.0029824471566826105
0.0006584938964806497
0.016492724418640137
0.0002944826555904001
0.020353566855192184
0.002374962205067277
0.0036654965952038765
0.0022508702240884304
0.0008106084424071014
0.0035810018889606
0.004793968517333269
0.004252218175679445
0.00944728683680296
0.0005843773251399398
0.028006067499518394
0.0011954389046877623
0.009629419073462486
0.0008787516271695495
0.008172070607542992
0.003647894598543644
0.0004510852159000933
0.024302851408720016
0.006402596831321716
0.0131376339122653
0.0006250146543607116
0.006452559493482113
0.002938446355983615
0.014128660783171654
0.000913752824999392
0.004459666088223457
0.0015801815316081047
0.0009791356278583407
0.008901422843337059
0.0024253432638943195
0.00016279691772069782
0.0005543194711208344
0.0029442179948091507
0.018451586365699768
0.00016768768546171486
0.001767481560818851
0.04016462340950966
0.00011954290675930679
0.04965417832136154
0.004355367738753557
0.006281157955527306
0.005915893707424402
0.0026340933982282877
0.00474904291331768
0.011581482365727425
0.048255063593387604
0.001321677234955132
0.00017748051322996616
0.0016691505443304777
0.0019527606200426817
0.0027384066488593817
0.009868164546787739
0.0004552630998659879
0.0016541393706575036
0.0006123406928963959
0.0012025212636217475
0.0001009551269817166
0.002223293064162135
0.012730960734188557
0.0013441859045997262
0.01666906848549843
0.00025941862259060144
0.008753974922001362
0.016231561079621315
0.0016986888367682695
0.005343589000403881
0.005493372678756714
0.0011265788925811648
0.0005916157970204949
0.004510552156716585
0.008177629671990871
0.007230299990624189
0.012134497985243797
0.02819119766354561
0.023219648748636246
0.0019806812051683664
0.0015537980943918228
0.00158250005915761
0.001961883855983615
0.01948048546910286
0.000961550569627434
0.009077048860490322
0.0002689492830540985
0.003872765926644206
0.0020250093657523394
0.00010585552081465721
0.026931889355182648
0.00445899460464716
0.0005212606629356742
0.0026739207096397877
0.008688697591423988
0.0014822972007095814
0.0024641004856675863
0.0015286504058167338
0.020324833691120148
0.022013036534190178
0.001086347154341638
0.005041421391069889
0.0006401228602044284
0.019503476098179817
0.00014268062659539282
0.015370652079582214
0.0016071845311671495
0.009856634773314
0.007358836941421032
0.0016113034216687083
0.000219031804590486
0.00022776908008381724
0.023874349892139435
0.004020792432129383
0.026798736304044724
0.002119604963809252
0.0032205984462052584
0.010545307770371437
0.012766687199473381
0.0009284086409024894
0.0028434793930500746
0.05214981362223625
0.010139690712094307
0.011054613627493382
0.0008667083457112312
0.002962731523439288
0.014270871877670288
0.0017123088473454118
0.001265584141947329
0.0028714959044009447
0.00014655644190497696
0.006850624457001686
0.0055879405699670315
0.009588759392499924
0.0019547624979168177
0.003947535529732704
0.02118551731109619
0.00403396412730217
0.002918061800301075
0.011715943925082684
0.007155309431254864
0.013403485529124737
0.028257645666599274
0.008352299220860004
0.004707688000053167
0.0025350172072649
0.0030755160842090845
0.0010223451536148787
0.005980173125863075
0.002247721655294299
0.07987066358327866
0.0072743697091937065
0.0004773133259732276
0.00993281602859497
0.010616314597427845
0.0005318011972121894
0.0034902896732091904
0.02752603404223919
0.0009644790552556515
0.02826211042702198
0.002686557359993458
0.004254964645951986
0.0026370836421847343
0.005738257430493832
0.012582293711602688
0.00010338683205191046
0.013737975619733334
0.003319619921967387
0.0010361355962231755
0.0005028027226217091
0.0000847595147206448
0.0008420058875344694
0.0011564911110326648
0.0024268366396427155
0.0160184595733881
0.0009080013842321932
0.00922654289752245
0.0005346424877643585
0.002682202495634556
0.004038029350340366
0.0005957294488325715
0.020002884790301323
0.003143315203487873
0.03848034143447876
0.0016698475228622556
0.0035629181656986475
0.036406587809324265
0.03130172938108444
0.0020851066801697016
0.01716294325888157
0.010634994134306908
0.0005811442970298231
0.008133718743920326
0.001550844986923039
0.01172854658216238
0.00011616212577791885
0.0002345129760215059
0.003377473447471857
0.0009425579337403178
0.009753228165209293
0.012369800359010696
0.0008216977003030479
0.009240971878170967
0.033440686762332916
0.00128180964384228
0.03263727203011513
0.0036328742280602455
0.07876498997211456
0.005918428301811218
0.03086159937083721
0.0029816413298249245
0.0009386245510540903
0.0027377137448638678
0.02535700798034668
0.001328367623500526
0.027833422645926476
0.0005928706959821284
0.013496874831616879
0.004339925479143858
0.005476458463817835
0.001008761813864112
0.0013333598617464304
0.007458181120455265
0.01470273919403553
0.0004227831959724426
0.00292688375338912
0.019352484494447708
0.014871926978230476
0.00006153820140752941
0.003329901723191142
0.0018616325687617064
0.004143165424466133
0.023120911791920662
0.0024974101688712835
0.002783514792099595
0.0014671182725578547
0.0015204972587525845
0.0011298952158540487
0.025168390944600105
0.02162511646747589
0.010441094636917114
0.001290233340114355
0.003944800700992346
0.040627915412187576
0.000662187987472862
0.0006566256051883101
0.0007937001646496356
0.00015448557678610086
0.014425651170313358
0.0009176594321615994
0.0010946843540295959
0.00480765150859952
0.028323259204626083
0.0053832558915019035
0.040645450353622437
0.0008331007556989789
0.012502679601311684
0.0017040508100762963
0.010442692786455154
0.00018782843835651875
0.00427236407995224
0.020864931866526604
0.0017658229917287827
0.012520763091742992
0.0029206944163888693
0.00661829300224781
0.0011825727997347713
0.0006396548124030232
0.0014198179123923182
0.0034816721454262733
0.008670443668961525
0.01546152587980032
0.003495287150144577
0.007039087358862162
0.018428942188620567
0.004866217263042927
0.00398250063881278
0.004485330078750849
0.016010519117116928
0.00047266052570194006
0.0024317416828125715
0.007155072409659624
0.00007281227590283379
0.0017991759814321995
0.005378650035709143
0.00046541026677004993
0.0030263662338256836
0.03588781878352165
0.016363058239221573
0.0029439558275043964
0.017011646181344986
0.0006852486985735595
0.0009668311104178429
0.0009281319216825068
0.0007385237258858979
0.001689047901891172
0.002533379942178726
0.0008488738676533103
0.0023454930633306503
0.001468018046580255
0.004763877019286156
0.0006362677086144686
0.02275380864739418
0.007914154790341854
0.025656724348664284
0.014726605266332626
0.00478773470968008
0.004296827595680952
0.001520531834103167
0.00022316593094728887
0.0042028892785310745
0.015542917884886265
0.0030980396550148726
0.021336754783988
0.0024545956403017044
0.003917219117283821
0.004432209301739931
0.0043851290829479694
0.0010147634893655777
0.0047431830316782
0.013346933759748936
0.005197472404688597
0.006684344261884689
0.003787432797253132
0.00034707016311585903
0.07371026277542114
0.004499233327805996
0.0016687002498656511
0.001043571624904871
0.0026931988541036844
0.0012390800984576344
0.0008060659165494144
0.00010718589328462258
0.00622286181896925
0.0014133427757769823
0.008986330591142178
0.0005219766171649098
0.008859810419380665
0.012061302550137043
0.005552953574806452
0.0004074564785696566
0.0070398845709860325
0.005279975011944771
0.003112891223281622
0.005593725945800543
0.0017711300170049071
0.0018391653429716825
0.008267526514828205
0.0034022987820208073
0.00041233576484955847
0.013043207116425037
0.008925036527216434
0.0002456785587128252
0.0004534211475402117
0.0023305369541049004
0.011172871105372906
0.009182835929095745
0.0011548323091119528
0.002915293211117387
0.003352900268509984
0.013140850700438023
0.015002664178609848
0.0009105289936996996
0.0012026665499433875
0.0044334991835057735
0.011460616253316402
0.006708167959004641
0.004234475549310446
0.0055556520819664
0.005264410749077797
0.010763905942440033
0.0007074634777382016
0.000989496591500938
0.00075650674989447
0.0031229641754180193
0.0025604332331568003
0.004442860838025808
0.009779676795005798
0.008279836736619473
0.0006682708044536412
0.0066212983801960945
0.006603672169148922
0.0043852683156728745
0.0030503931920975447
0.0008158438722603023
0.003944288939237595
0.011209992691874504
0.016065459698438644
0.00984786357730627
0.002669480862095952
0.0008007625583559275
0.009415172040462494
0.0021790978498756886
0.00396490516141057
0.0017750359838828444
0.05940721929073334
0.011456367559731007
0.007153098005801439
0.00013940257485955954
0.07187968492507935
0.008512837812304497
0.00023830431746318936
0.0008947865571826696
0.0018387599848210812
0.000625411921646446
0.0007895398885011673
0.021892890334129333
0.000004689599791163346
0.0006312920013442636
0.0031930652912706137
0.00009140140900854021
0.0015234401216730475
0.001052363426424563
0.0023349220864474773
0.0069794910959899426
0.0022379762958735228
0.04652699455618858
0.005110013764351606
0.0004762233584187925
0.0011043738340958953
0.007452309597283602
0.0009413548978045583
