0.0005875973147340119
0.004534237552434206
0.0029495079070329666
0.0019262232817709446
0.012239327654242516
0.0016391286626458168
0.003478097729384899
0.002514823339879513
0.0009846497559919953
0.0021558545995503664
0.0033457649406045675
0.0009331104229204357
0.001201135921292007
0.001149594783782959
0.002609090879559517
0.004140152595937252
0.0014703077031299472
0.0022067136596888304
0.0006958664744161069
0.0014594868989661336
0.0022964063100516796
0.01607494056224823
0.0052830856293439865
0.002268650569021702
0.0009869936620816588
0.004444022662937641
0.006742909550666809
0.0016042330535128713
0.0013004877837374806
0.0005739590851590037
0.0053984299302101135
0.00164631730876863
0.00171795638743788
0.0009180841152556241
0.001867203856818378
0.0029275305569171906
0.004084726795554161
0.007031729444861412
0.0047156717628240585
0.01078249141573906
0.00361234275624156
0.002709022257477045
0.0016704878071323037
0.01733263209462166
0.005917662288993597
0.0027524870820343494
0.0004694632370956242
0.0010726522887125611
0.0009196498431265354
0.0028998367488384247
0.0017162748845294118
0.0033532099332660437
0.010220224969089031
0.0037720687687397003
0.000900883402209729
0.0023543776478618383
0.0011227147188037634
0.007856415584683418
0.000543930393178016
0.001985197188332677
0.0026592297945171595
0.003822760656476021
0.0018824375001713634
0.001047141500748694
0.003297078888863325
0.004083480220288038
0.00261842948384583
0.003817059565335512
0.0011580429272726178
0.0028793292585760355
0.0011523927096277475
0.0012711361050605774
0.007169836666435003
0.0027199627365916967
0.005371928680688143
0.001287708873860538
0.004131907131522894
0.002274099737405777
0.0010634020436555147
0.0014030348975211382
0.0007456530001945794
0.001884288270957768
0.003108602948486805
0.0014510620385408401
0.002517358399927616
0.0036027056630700827
0.0022116461768746376
0.002105342922732234
0.000599111313931644
0.005392695777118206
0.0004615880607161671
0.0009706897544674575
0.002528813201934099
0.0014907848089933395
0.00240361038595438
0.0012948857620358467
0.00290483795106411
0.001099243643693626
0.001357630710117519
0.003933930303901434
0.005636482033878565
0.0013641236582770944
0.003175690770149231
0.0011055910727009177
0.001773614319972694
0.0007614199421368539
0.000650679343380034
0.0010197118390351534
0.0016143899410963058
0.0014511097688227892
0.0035966874565929174
0.003018777584657073
0.0006228822167031467
0.0012847358593717217
0.0043533677235245705
0.004046096000820398
0.0007629079045727849
0.003597913309931755
0.0006289480370469391
0.001073701772838831
0.001106253475882113
0.0008024441776797175
0.0007934131426736712
0.001636474160477519
0.0017616082914173603
0.0033595797140151262
0.0020683654583990574
0.001874964451417327
0.0017340182093903422
0.005405947100371122
0.0015248872805386782
0.0021239067427814007
0.001683531329035759
0.0006705892737954855
0.0010767960920929909
0.008410011418163776
0.0039184861816465855
0.001957678934559226
0.0018059384310618043
0.001522502745501697
0.004252119455486536
0.005242800805717707
0.0020212267991155386
0.0008287681266665459
0.002409603213891387
0.004045178182423115
0.0013031597482040524
0.0032004571985453367
0.0009148911340162158
0.004554313607513905
0.0027095654513686895
0.0010008265962824225
0.0012731174938380718
0.0011015813797712326
0.0019295280799269676
0.001958493608981371
0.004736652132123709
0.0005403047543950379
0.0022177996579557657
0.0023590316995978355
0.0034915325231850147
0.0022762916050851345
0.002039096085354686
0.0012935836566612124
0.0003149934345856309
0.009268410503864288
0.0016780390869826078
0.0013771342346444726
0.004809776321053505
0.0029915552586317062
0.0004479581257328391
0.003176775760948658
0.0016419636085629463
0.0039007847663015127
0.0011398510541766882
0.0013855452416464686
0.0033050100319087505
0.0011016778880730271
0.0031929118558764458
0.0015738384099677205
0.0020115901716053486
0.0013301713624969125
0.002502716612070799
0.0013338110875338316
0.002177489921450615
0.002624616725370288
0.004469912499189377
0.004170896485447884
0.001624211436137557
0.0006387194152921438
0.006193127483129501
0.0035064618568867445
0.001719894353300333
0.0024742623791098595
0.0014779373304918408
0.0028379838913679123
0.0020200179424136877
0.0014564077137038112
0.0013747599441558123
0.002308814087882638
0.003384813666343689
0.0014773609582334757
0.0014937476953491569
0.004170962143689394
0.002239152090623975
0.0007690647034905851
0.0007677751127630472
0.0016413951525464654
0.0005009620217606425
0.0017978567630052567
0.004867101553827524
0.001240088022314012
0.0013664134312421083
0.002115934155881405
0.0019460710464045405
0.0008965198649093509
0.0036979562137275934
0.0009061531163752079
0.005324677098542452
0.0019322974840179086
0.0028190959710627794
0.00164988508913666
0.0016793851973488927
0.0016604006523266435
0.0006013386300764978
0.0024871143978089094
0.00042775238398462534
0.006253079045563936
0.002628062153235078
0.0040213908068835735
0.002373758237808943
0.00203378195874393
0.015068829990923405
0.0013665641890838742
0.0017370335990563035
0.0013325039763003588
0.0012481434969231486
0.0013299547135829926
0.03400828316807747
0.0019725498277693987
0.0020822437945753336
0.005325990729033947
0.0022316277027130127
0.0019749279599636793
0.008619002066552639
0.019101804122328758
0.011391529813408852
0.002381554339081049
0.004148869775235653
0.006183034740388393
0.0011343159712851048
0.003950715065002441
0.005176154430955648
0.00052536407019943
0.001522124744951725
0.0009693573811091483
0.005627847742289305
0.0008324619266204536
0.003822146449238062
0.002850498538464308
0.002252975245937705
0.007689902558922768
0.006504724267870188
0.0019828099757432938
0.005909574218094349
0.004817229695618153
0.0018655592575669289
0.0005090413033030927
0.002130328444764018
0.00407387362793088
0.001104758819565177
0.0022359024733304977
0.0007413641433231533
0.0024299060460180044
0.0019260281696915627
0.003665509168058634
0.0010719439014792442
0.004213429056107998
0.0014539300464093685
0.0013274491066113114
0.0031679777894169092
0.0016508270055055618
0.0007634037756361067
0.004495685920119286
0.0010152956238016486
0.0010648005409166217
0.0014398542698472738
0.00551324337720871
0.0013758790446445346
0.0031387426424771547
0.0025162629317492247
0.0022116752807050943
0.003126759547740221
0.004285183735191822
0.0024600119795650244
0.0021419909317046404
0.0014894012128934264
0.002215493470430374
0.0044082216918468475
0.0016380612505599856
0.0056010279804468155
0.0024007828906178474
0.0025650064926594496
0.0012546074576675892
0.0035265490878373384
0.003268702421337366
0.0005847117863595486
0.004582040477544069
0.0033961653243750334
0.0036651459522545338
0.0015856459503993392
0.001837287563830614
0.0024020634591579437
0.0010623051784932613
0.003908225335180759
0.0025137714110314846
0.003358828369528055
0.0027219909243285656
0.002495478605851531
0.0013532551238313317
0.001075546140782535
0.0038750811945647
0.019743220880627632
0.0015458272537216544
0.0011121222050860524
0.0004306296759750694
0.0034525494556874037
0.0021592865232378244
0.004126020707190037
0.0009474459802731872
0.003682745387777686
0.0005514345830306411
0.00242861220613122
0.0031175275798887014
0.001606533071026206
0.0007763608009554446
0.001482736086472869
0.004672897979617119
0.0020371144637465477
0.003917116206139326
0.002084792358800769
0.0020924173295497894
0.0010313497623428702
0.0014412380987778306
0.00873237568885088
0.0014607178745791316
0.002468800637871027
0.00393748190253973
0.002253792015835643
0.0019031796837225556
0.0014483429258689284
0.0028010914102196693
0.003840023186057806
0.0014371162978932261
0.0016039161710068583
0.001953868893906474
0.0012624035589396954
0.0015848036855459213
0.004701562225818634
0.0009446620242670178
0.001282161334529519
0.005140448920428753
0.003966763615608215
0.0008730782428756356
0.00303264451213181
0.0012968543451279402
0.004123148042708635
0.0018434998346492648
0.0007235839148052037
0.0010792474495247006
0.0035818645264953375
0.0032248646020889282
0.002347261179238558
0.002124228049069643
0.002307182876393199
0.0012565500801429152
0.002234725747257471
0.003044495824724436
0.0015492825768887997
0.001502597937360406
0.0004715669492725283
0.0016483755316585302
0.002732045715674758
0.0008558749104849994
0.0008826411794871092
0.0020276287104934454
0.0011220211163163185
0.0006318504456430674
0.003766048699617386
0.012224691919982433
0.0054213316179811954
0.001341179246082902
0.005715575534850359
0.002769436687231064
0.0025910947006195784
0.0007156096398830414
0.0011448191944509745
0.003190266666933894
0.0010317362612113357
0.003713474376127124
0.004343994427472353
0.000674661947414279
0.006217383313924074
0.0014799947384744883
0.0038593937642872334
0.0014121176209300756
0.002554015489295125
0.0015378632815554738
0.0020911595784127712
0.0008179172873497009
0.0018448012415319681
0.0027404387947171926
0.0017270667012780905
0.004740125499665737
0.005308633670210838
0.001220029080286622
0.0021629149559885263
0.0018162651685997844
0.0021862275898456573
0.0034531643614172935
0.006302570458501577
0.0017235421109944582
0.001019240589812398
0.005167046561837196
0.00210910988971591
0.000743956072255969
0.0010867816163226962
0.0008323178626596928
0.0015541614266112447
0.0017820901703089476
0.003178312908858061
0.0009502916946075857
0.004044150467962027
0.002459767274558544
0.0011514119105413556
0.0008086865418590605
0.002329721348360181
0.0037750261835753918
0.0039923000149428844
0.004856062587350607
0.0008737418684177101
0.0009961314499378204
0.0008710071560926735
0.004126586951315403
0.00280173821374774
0.0016356228152289987
0.004797815345227718
0.002035965211689472
0.0005401680828072131
0.0008641694439575076
0.001586239319294691
0.00172732537612319
0.004466768819838762
0.0006372213829308748
0.0032308136578649282
0.0006604936206713319
0.0015940425219014287
0.0010777551215142012
0.0012434882810339332
0.0017514220671728253
0.0007786035421304405
0.0007283032173290849
0.0011392681626603007
0.0006471291417255998
0.001120598753914237
0.0015936256386339664
0.000949380686506629
0.0009416186367161572
0.0021620555780828
0.0038713370449841022
0.0010742999147623777
0.0008550544735044241
0.0020262026228010654
0.0015933150425553322
0.0013917097821831703
0.001482072053477168
0.0060797263868153095
0.0010008059907704592
0.0015996063593775034
0.0044060805812478065
0.0014365555252879858
0.002319703809916973
0.003867155173793435
0.0018035582033917308
0.005991725251078606
0.0018149545649066567
0.0007101382943801582
0.007281264755874872
0.002367531880736351
0.0014395505422726274
0.001523924758657813
0.0012243916280567646
0.0016143562970682979
0.007568552624434233
0.001402269583195448
0.0015028726775199175
0.0017853552708402276
0.0015867797192186117
0.0008146789623424411
0.0018350777681916952
0.0008639614679850638
0.004216943401843309
0.006164300721138716
0.002475275658071041
0.0015372084453701973
0.001865281374193728
0.0027394795324653387
0.0014816196635365486
0.0006008584750816226
0.002426035236567259
0.002251438796520233
0.007035371381789446
0.001623610151000321
0.0021956642158329487
0.0016326893819496036
0.001316215842962265
0.0016380582237616181
0.0008437082869932055
0.002160216448828578
0.0015950057422742248
0.002228829078376293
0.0007789964438416064
0.00537079619243741
0.0005661242757923901
0.0027561408933252096
0.0043805609457194805
0.0006500354502350092
0.0045731510035693645
0.0012803630670532584
0.001363894552923739
0.0012700469233095646
0.016368230804800987
0.003933564759790897
0.004677343647927046
0.002145997015759349
0.0020631528459489346
0.004961671773344278
0.0016860452014952898
0.0014953439822420478
0.0027747813146561384
0.0037460557650774717
0.001387235475704074
0.0011188170174136758
0.001442038919776678
0.0016028513200581074
0.002366900211200118
0.0013277949765324593
0.0046682534739375114
0.0010880359914153814
0.007460917811840773
0.001990858232602477
0.000859060266520828
0.005739182699471712
0.0014974180376157165
0.0022521833889186382
0.0033458194229751825
0.0029778529424220324
0.002699740929529071
0.002457035705447197
0.00556268822401762
0.004308389499783516
0.0027249567210674286
0.0013162948889657855
0.0021294287871569395
0.00044692185474559665
0.0022608458530157804
0.0014997059479355812
0.0020745510701090097
0.00478369789198041
0.0011851447634398937
0.002529484685510397
0.0022554011084139347
0.0026260134764015675
0.0016956869512796402
0.0007268621702678502
0.006576125510036945
0.0024306168779730797
0.0029845365788787603
0.0009178141481243074
0.002670666202902794
0.0018069337820634246
0.0026335464790463448
0.0016942155780270696
0.001445536152459681
0.00102082802914083
0.0007514356402680278
0.002116614254191518
0.0019389439839869738
0.0013122007949277759
0.004998256452381611
0.0009014436509460211
0.0005849198205396533
0.0038392352871596813
0.001653773244470358
0.004122923593968153
0.00028760003624483943
0.0005644046468660235
0.0028817178681492805
0.0012635539751499891
0.0019044916843995452
0.00219893641769886
0.001395614817738533
0.002910987241193652
0.0037685385905206203
0.0049390364438295364
0.000716723850928247
0.0019120186334475875
0.0014341603964567184
0.002307729097083211
0.0029958775267004967
0.001625994686037302
0.0005235295975580812
0.002324607688933611
0.0021750503219664097
0.0020121189299970865
0.0010689218761399388
0.0028196193743497133
0.004938874859362841
0.0009296492789871991
0.0015011098003014922
0.0018002578290179372
0.0005402716342359781
0.0011863698018714786
0.0010150608140975237
0.0031827751081436872
0.0017525209113955498
0.0019937835168093443
0.0007956233457662165
0.0037966107483953238
0.0014754978474229574
0.0018292227759957314
0.0016512442380189896
0.00028601480880752206
0.0010683934669941664
0.002289597177878022
0.004225726239383221
0.0005072471685707569
0.0012430883944034576
0.0012286067940294743
0.0016626964788883924
0.0025373450480401516
0.0002969672787003219
0.0012749352026730776
0.001052537583746016
0.0008567347540520132
0.002785175107419491
0.0002615923003759235
0.002455995185300708
0.0024898529518395662
0.0003169631236232817
0.004534285049885511
0.0007481692009605467
0.0037395514082163572
0.0014052775222808123
0.001545630511827767
0.003219328122213483
0.0008895962964743376
0.0009630018612369895
0.005790889263153076
0.005655413027852774
0.0026710222009569407
0.0038262321613729
0.004106360953301191
0.0025148068089038134
0.00012170394620625302
0.004321992862969637
0.004141592886298895
0.0036025973968207836
0.00174126704223454
0.003286733292043209
0.0010470381239429116
0.003624320263043046
0.0009260128135792911
0.003651364240795374
0.0008868167642503977
0.0014935238286852837
0.005011049564927816
0.002056857803836465
0.0027036957908421755
0.0003854522365145385
0.0005907109589315951
0.0020830032881349325
0.001602069940418005
0.0031028941739350557
0.000840676249936223
0.0019401918398216367
0.003862881800159812
0.0009785842848941684
0.0022200439125299454
0.0009903527097776532
0.0018560854950919747
0.001083462848328054
0.002203106414526701
0.0027727296110242605
0.003283655270934105
0.0013065120438113809
0.0021457744296640158
0.0026475070044398308
0.00155708531383425
0.0021831789053976536
0.00204483256675303
0.004459565971046686
0.0014482955448329449
0.0006554991705343127
0.0015819210093468428
0.0010746337939053774
0.0004901235224679112
0.0029605701565742493
0.0015111040556803346
0.00771254301071167
0.002548766089603305
0.0044621811248362064
0.0006523947813548148
0.0021165611688047647
0.0052863131277263165
0.003464133944362402
0.0020715733990073204
0.003882309887558222
0.002798161469399929
0.0006174800801090896
0.0022260036785155535
0.0007613220950588584
0.018152132630348206
0.0026555664371699095
0.0017908286536112428
0.003056971123442054
0.001683829352259636
0.001771545852534473
0.003217438468709588
0.0013390227686613798
0.004749358631670475
0.0013552778400480747
0.0002372908784309402
0.003480631159618497
0.00026094101485796273
0.0015014520613476634
0.0015890953363850713
0.0014001114759594202
0.001017294591292739
0.0024266846012324095
0.002126595238223672
0.0018888727063313127
0.00809717271476984
0.00045147526543587446
0.0037102452479302883
0.0014993086224421859
0.002898752922192216
0.0023123128339648247
0.0033045310992747545
0.0006734658963978291
0.002365441992878914
0.0011018106015399098
0.0009715319611132145
0.0015718081267550588
0.0009187234099954367
0.0028769196942448616
0.003196197794750333
0.003480808576568961
0.002052595606073737
0.003917556721717119
0.0018214136362075806
0.0010997833451256156
0.001649201032705605
0.0018654611194506288
0.0013086629332974553
0.0015848356997594237
0.0016194044146686792
0.001459137536585331
0.001488663605414331
0.00029606305179186165
0.0018355821957811713
0.0020817252807319164
0.0011370605789124966
0.0009728324948810041
0.0022492564748972654
0.0005435558850876987
0.00194491446018219
0.0050459667108953
0.0009052497334778309
0.002695678733289242
0.0009677429334260523
0.0016974840546026826
0.0010319591965526342
0.0015724909026175737
0.0012118997983634472
0.0009652142762206495
0.0033356421627104282
0.0012567578814923763
0.0011254716664552689
0.0024208975955843925
0.010183781385421753
0.006646256893873215
0.001450277748517692
0.0030242884531617165
0.0017612780211493373
0.0021980300080031157
0.01097361370921135
0.0022871275432407856
0.0010529911378398538
0.0012572804698720574
0.0025113935116678476
0.0011884138220921159
0.004950949922204018
0.0006488387007266283
0.0014630898367613554
0.0030251883435994387
0.0021233013831079006
0.0017973555950447917
0.0011748349061235785
0.0020678825676441193
0.0036734624300152063
0.003449976211413741
0.000477966241305694
0.0007450822740793228
0.0011371170403435826
0.0008889788296073675
0.005406598560512066
0.007972225546836853
0.0005963574512861669
0.0019629872404038906
0.0010561925591900945
0.0029047296848148108
0.0012833279324695468
0.002015351550653577
0.0025496212765574455
0.003334182081744075
0.004447140730917454
0.0014958300162106752
0.010168058797717094
0.0018217813922092319
0.0020207604393363
0.002799880225211382
0.002936471486464143
0.0017499392852187157
0.0020980883855372667
0.0005672412808053195
0.004274527542293072
0.002330213086679578
0.0008666045032441616
0.002156272530555725
0.003930511884391308
0.004175145644694567
0.0010496566537767649
0.0027757661882787943
0.001306610181927681
0.0014355925377458334
0.011226123198866844
0.0025405925698578358
0.00020435497572179884
0.0004488638951443136
0.0008411288727074862
0.0023204863537102938
0.00166639918461442
0.0004680835409089923
0.0008334010490216315
0.0025518834590911865
0.0004710892681032419
0.0004612415796145797
0.00031863379990682006
0.0033451435156166553
0.0027701961807906628
0.0008517734240740538
0.0027315751649439335
0.001625052304007113
0.0011238913284614682
0.00668993778526783
0.0012916880659759045
0.0007883762009441853
0.003764379071071744
0.0011472965124994516
0.005225436296314001
0.00129457819275558
0.002017538994550705
0.002594991587102413
0.004959516227245331
0.003130432218313217
0.0007256597164086998
0.0031967335380613804
0.0006481983582489192
0.0017686858773231506
0.002695863600820303
0.0012169962283223867
0.00128564378246665
0.0010799854062497616
0.0038809727411717176
0.0009484475594945252
0.0007251719944179058
0.003488732734695077
0.0019592170137912035
0.0016274077352136374
0.0012830565683543682
0.0014502115081995726
0.0005453783087432384
0.003692183643579483
0.00030134603730402887
0.004253496881574392
0.0005045724683441222
0.0019221792463213205
0.0014049747260287404
0.0024668541736900806
0.00262558669783175
0.0011303424835205078
0.0010430715046823025
0.0005260078469291329
0.002223395276814699
0.0008442878606729209
0.004617646802216768
0.004211548715829849
0.00044115266064181924
0.0014434328768402338
0.0013586262939497828
0.0018124992493540049
0.0006701843813061714
0.001422169036231935
0.0018169113900512457
0.0031002492178231478
0.0046462686732411385
0.0015272557502612472
0.004211614839732647
0.00687830476090312
0.0018859580159187317
0.0021371254697442055
0.000551338423974812
0.0009044198668561876
0.0019833273254334927
0.002746976213529706
0.0022179095540195704
0.0015277477214112878
0.0008626161725260317
0.0018112247344106436
0.001002934412099421
0.0015978978481143713
0.0020064073614776134
0.0009168876567855477
0.00097491848282516
0.0023610061034560204
0.0027414739597588778
0.0032103820703923702
0.0025137995835393667
0.0018643856747075915
0.0008855827036313713
0.0018052522791549563
0.003902254393324256
0.002667355118319392
0.0017784200608730316
0.0005318414769135416
0.0019702985882759094
0.0009757086518220603
0.002634207019582391
0.0026412333827465773
0.0025640043895691633
0.0036610246170312166
0.002589581301435828
0.0004865923256147653
0.0012296647764742374
0.0021201027557253838
0.003500067163258791
0.001202781219035387
0.0008761990466155112
0.0009662367519922554
0.0008315411396324635
0.000903204083442688
0.002423859667032957
0.0012127208756282926
0.003016231581568718
0.0043051899410784245
0.0007012550486251712
0.0018876299727708101
0.0029426803812384605
0.0023618771228939295
0.002908096183091402
0.001400368637405336
0.0017967137973755598
0.0041493261232972145
0.002982987789437175
0.000526702031493187
0.0017551607452332973
0.007298561278730631
0.0037478383164852858
0.0012515150010585785
0.0015189419500529766
0.0013423553900793195
0.003114342223852873
0.008112159557640553
0.005457479506731033
0.0009752541081979871
0.0013407045044004917
0.0015950999222695827
0.0013693487271666527
0.0006773071945644915
0.0015859889099374413
0.0012612610589712858
0.004200649913400412
0.0015546705108135939
0.0010304838651791215
0.004677598364651203
0.000847396906465292
0.0005687982775270939
0.004522329196333885
0.0044975304044783115
0.0030541839078068733
0.00044441441423259676
0.0013949821004644036
0.011781086213886738
0.0008273662533611059
0.0020315374713391066
0.0017323711654171348
0.001076030544936657
0.0063681104220449924
0.003297393210232258
0.00047143796109594405
0.003850455628708005
0.002490295795723796
0.001178629812784493
0.0019139471696689725
0.006090024020522833
0.003414480946958065
0.0016253304202109575
0.0010440120240673423
0.003731644945219159
0.0047029717825353146
0.003805027576163411
0.002455618232488632
0.0022408298682421446
0.0048046107403934
0.001340569113381207
0.004783670883625746
0.0005264437641017139
0.001649155979976058
0.0007917924667708576
0.001057509332895279
0.0003422616864554584
0.001200821716338396
0.0010603751288726926
0.0019395911367610097
0.0032118780072778463
0.0010779491858556867
0.00276344851590693
0.0010504228994250298
0.0006102128536440432
0.003800460835918784
0.0019402618054300547
0.0019812656100839376
0.0015110840322449803
0.0008233251865021884
0.0009902468882501125
0.0014670700766146183
0.0023296880535781384
0.0010678290855139494
0.003792701754719019
0.0012391716009005904
0.0020613456144928932
0.001037622569128871
0.0010578854708001018
0.0019475786248221993
0.002777443965896964
0.002681543817743659
0.0008913182537071407
0.002693291287869215
0.0026362016797065735
0.001487294677644968
0.0019703838042914867
0.002910042181611061
0.0008066470618359745
0.0020707575604319572
0.003081314964219928
0.0026337183080613613
0.0009225240792147815
0.001956918276846409
0.004783661104738712
0.008559881709516048
0.0026812031865119934
0.002229450736194849
0.0010673722717911005
0.000576358288526535
0.0018598559545353055
0.0014561719726771116
0.00039698919863440096
0.0020927025470882654
0.002321502659469843
0.00245227525010705
0.002457363996654749
0.0033349364530295134
0.0033051546197384596
0.002066918881610036
0.0007300397846847773
0.0015998692251741886
0.0020174114033579826
0.0011904918355867267
0.004166156053543091
0.0023893655743449926
0.0027403528802096844
0.004385657608509064
0.0003334626671858132
0.0009075525449588895
0.0007304773898795247
0.0019996068440377712
0.0015059333527460694
0.001570135005749762
0.0015214892337098718
0.0007318693096749485
0.0008393503958359361
0.0019183522090315819
0.0004135417693760246
0.0015012207441031933
0.0012329589808359742
0.0018827597377821803
0.0026020247023552656
0.0006795889348722994
0.0052452050149440765
0.002523072762414813
0.0027161811012774706
0.0011895193019881845
0.0017125107115134597
0.001836973475292325
0.0012735092313960195
0.0017979529220610857
0.0017719746101647615
0.0016777358250692487
0.0022536711767315865
0.00127325055655092
0.0007607415318489075
0.0016560052754357457
0.0031599150970578194
0.00032592046773061156
0.0027666795067489147
0.0009494692785665393
0.0015149058308452368
0.0021565111819654703
0.0016876626759767532
0.0021981452591717243
0.0007721292204223573
0.0015581280458718538
0.00023990822955965996
0.0014219611184671521
0.004060905892401934
0.0008003477123565972
0.00923642423003912
0.001314478344283998
0.0018172857817262411
0.0016668926691636443
0.00027494056848809123
0.0018124138005077839
0.0032712272368371487
0.008362293243408203
0.0008894533384591341
0.0014652906684204936
0.0008372964221052825
0.0028050339315086603
0.0009335559443570673
0.002061444567516446
0.004357695113867521
0.0025675382930785418
0.0011199895525351167
0.0033093721140176058
0.0029984680004417896
0.004939383827149868
0.0010936675826087594
0.00360455852933228
0.0006776602240279317
0.0032645815517753363
0.0013203725684434175
0.0017135503003373742
0.0008820385555736721
0.003712049452587962
0.0027184062637388706
0.0010416217846795917
0.002612049924209714
0.000877786020282656
0.0014715816359966993
0.0006260236259549856
0.0032105259597301483
0.001903682597912848
0.0034219713415950537
0.007336960174143314
0.0009814136428758502
0.0026221894659101963
0.0011082012206315994
0.0026850805152207613
0.0020803126972168684
0.0009807157330214977
0.020116614177823067
0.0032635065726935863
0.00161381671205163
0.0010444025974720716
0.0030640638433396816
0.0039372993633151054
0.0009850666392594576
0.003465537680312991
0.0003370241029188037
0.008147687651216984
0.0011924414429813623
0.0037160245701670647
0.0006209189305081964
0.0038740430027246475
0.003679758869111538
0.002146765124052763
0.002494672778993845
0.0010935199679806828
0.006151771172881126
0.0005208924412727356
0.0013408961240202188
0.002086800988763571
0.0021229153499007225
0.0005450265016406775
0.004507511854171753
0.0024943866301327944
0.0016755787655711174
0.005650557577610016
0.0008300904300995171
0.0008311133715324104
0.0036130466032773256
0.001934242551214993
0.001896943198516965
0.00017985540034715086
0.0017895768396556377
0.00566882872954011
0.0018239131895825267
0.0030817424412816763
0.002833649516105652
0.0038141123950481415
0.002494035055860877
0.0005876083741895854
0.0017308368114754558
0.003996370825916529
0.002051820745691657
0.0030873259529471397
0.00035177773679606616
0.000633430085144937
0.0042502135038375854
0.0022242849227041006
0.001753808232024312
0.005496055819094181
0.0030601995531469584
0.0007068545673973858
0.0014786834362894297
0.00202765385620296
0.0026236490812152624
0.004653568845242262
0.0015100783202797174
0.0011198323918506503
0.0016037216410040855
0.0008682322804816067
0.0007678951369598508
0.0027154074050486088
0.0017375455936416984
0.000878841383382678
0.001259697717614472
0.0035073733888566494
0.0008185112965293229
0.00530880456790328
0.00044320299639366567
0.0005557343829423189
0.0020529364701360464
0.0024753110483288765
0.0028057671152055264
0.0007713790400885046
0.0032927640713751316
0.000980265554971993
0.0016013233689591289
0.0012628064723685384
0.002138602314516902
0.0031913616694509983
0.0018074651015922427
0.007576123811304569
0.0002211197861470282
0.0003592289285734296
0.0010997644858434796
0.0011378847993910313
0.002493219682946801
0.0009091856773011386
0.002892304677516222
0.0012611441779881716
0.0027356648351997137
0.0012416988611221313
0.004493542946875095
0.0012726103886961937
0.0007899172487668693
0.0013189846649765968
0.001180309453047812
0.0023518542293459177
0.0016909523401409388
0.001960409339517355
0.0005762085784226656
0.0018125248607248068
0.000820660381577909
0.004589584190398455
0.002829191042110324
0.0005384391988627613
0.0031145825050771236
0.0014064115239307284
0.0026805982924997807
0.0023380788043141365
0.0006120374891906977
0.004546054173260927
0.0009771984769031405
0.0072832126170396805
0.0004785146738868207
0.003451911499723792
0.0012845332967117429
0.0024460807908326387
0.0024368015583604574
0.0015132380649447441
0.0035424085799604654
0.003129822202026844
0.0010196258081123233
0.0023749808315187693
0.004158797208219767
0.0007632282213307917
0.0018109377706423402
0.001437275088392198
0.0009220586507581174
0.00046426779590547085
0.0018429759657010436
0.00041630471241660416
0.0009974369313567877
0.001985655864700675
0.0012762401020154357
0.0013845415087416768
0.0031139252241700888
0.0027334969490766525
0.0011544221779331565
0.0021937834098935127
0.002738740760833025
0.0007561767706647515
0.002307000569999218
0.0034111416898667812
0.0013290912611410022
0.002514269668608904
0.001804666593670845
0.0029649604111909866
0.0016618678346276283
0.001945100026205182
0.0008048119489103556
0.004946656059473753
0.0024527842178940773
0.011346980929374695
0.006040752865374088
0.0005539791891351342
0.0018662380753085017
0.0007172864279709756
0.000416729279095307
0.0017593491356819868
0.002049974398687482
0.004592960234731436
0.0009202429209835827
0.000712143606506288
0.002841102657839656
0.0018020228017121553
0.001282691489905119
0.001324347802437842
0.0024176910519599915
0.0014241542667150497
0.002581302309408784
0.0015774164348840714
0.0011763438815250993
0.00048194569535553455
0.00009912772657116875
0.005279576871544123
0.000910478294827044
0.0013996155466884375
0.002103131962940097
0.0019091168651357293
0.002832322847098112
0.0010430822148919106
0.0012450111098587513
0.00394451804459095
0.0009577060118317604
0.00041462414083071053
0.0006310464232228696
0.0011657372815534472
0.000728809623979032
0.0016507264226675034
0.0007292649243026972
0.0010893073631450534
0.00037544575752690434
0.0017375827301293612
0.002811460057273507
0.001308147911913693
0.0028134111780673265
0.0013657762901857495
0.003838117001578212
0.0025529100093990564
0.00040614919271320105
0.0022968715056777
0.002480726921930909
0.0013462339993566275
0.00048478550161235034
0.002440990647301078
0.0023441847879439592
0.0016878950409591198
0.0007607248262502253
0.001158414059318602
0.002189743798226118
0.0007882374920882285
0.0013393489643931389
0.0007708331686444581
0.0011896222131326795
0.0007150298333726823
0.0023418774362653494
0.0019380974117666483
0.003236943855881691
0.0004527699202299118
0.002848568605259061
0.0017521379049867392
0.0012043294264003634
0.0011641622986644506
0.0033028325997292995
0.0007574884803034365
0.0020529183093458414
0.004792370367795229
0.0009789542527869344
0.006604134105145931
0.0010986923007294536
0.0014521281700581312
0.001431716955266893
0.0005707151722162962
0.0025166915729641914
0.0022790159564465284
0.0005518360994756222
0.0013491833815351129
0.0015716064954176545
0.0014979224652051926
0.0011803486850112677
0.005323006305843592
0.001318304450251162
0.001077505643479526
0.0006321741384454072
0.0009659948409534991
0.0013704050797969103
0.0018469078931957483
0.0051835402846336365
0.0007455963059328496
0.000542517111171037
0.0017307997914031148
0.002553127473220229
0.003434055484831333
0.0018743702676147223
0.00022891331173013896
0.0023741135373711586
0.001242712838575244
0.0012707923306152225
0.002206468256190419
0.0006819890113547444
0.002792024053633213
0.002863337518647313
0.0015312853502109647
0.0005646736826747656
0.0010154352057725191
0.0008152548689395189
0.0026336763985455036
0.0004050450515933335
0.0007432923302985728
0.0019769188947975636
0.0013803199399262667
0.0010836705332621932
0.00048641260946169496
0.0009743958944454789
0.0012122065527364612
0.004171635024249554
0.001182359061203897
0.0010155066847801208
0.00046437070704996586
0.002595835132524371
0.00033144577173516154
0.006680382415652275
0.0018491372466087341
0.0026046759448945522
0.004804921802133322
0.0005299275508150458
0.0015519375447183847
0.004462616518139839
0.0010633516358211637
0.002054627053439617
0.0012908624485135078
0.00193220900837332
0.0007873448194004595
0.0005398106877692044
0.0011141307186335325
0.0019271275959908962
0.0013494068989530206
0.002333907876163721
0.002462394069880247
0.002628086833283305
0.0007384885102510452
0.0011530054034665227
0.0027079784777015448
0.0007341416203416884
0.0007591756293550134
0.0013147260760888457
0.002186559373512864
0.002478026319295168
0.006156240124255419
0.0027918112464249134
0.001107828109525144
0.0013563460670411587
0.0015842145076021552
0.0013409825041890144
0.0017970642074942589
0.006928436923772097
0.006012766622006893
0.0012467894703149796
0.002307615475729108
0.0032930790912359953
0.0006517170695587993
0.0015795972431078553
0.0012318410445004702
0.0004283752932678908
0.001288672792725265
0.004299287684261799
0.0016997801139950752
0.005543535575270653
0.0035228875931352377
0.0023063491098582745
0.002699477830901742
0.0008113238727673888
0.0004942829837091267
0.0010086564579978585
0.008393322117626667
0.0014563078293576837
0.0007552134338766336
0.0039818924851715565
0.0013856656150892377
0.0004271274956408888
0.0009705868433229625
0.0019419440068304539
0.0009981408948078752
0.0022327543701976538
0.002649986883625388
0.002054714597761631
0.0010099654318764806
0.001266056438907981
0.002292014192789793
0.005113544873893261
0.0025101881474256516
0.001125982729718089
0.000759765796829015
0.0007594818016514182
0.001008006394840777
0.002255823230370879
0.0004758313298225403
0.0065613072365522385
0.002534696599468589
0.001711194752715528
0.0017469102749601007
0.0012226852122694254
0.0006077996804378927
0.002469691913574934
0.00216926378197968
0.001813577488064766
0.001537018222734332
0.0026673059910535812
0.0025853945408016443
0.0045007141306996346
0.0008964230655692518
0.0015654225135222077
0.004217874258756638
0.003629278624430299
0.0004612478951457888
0.0017229648074135184
0.0016841369215399027
0.004795152693986893
0.0004976431373506784
0.0016847646329551935
0.0034138020128011703
0.0011855736374855042
0.0012979758903384209
0.001984456554055214
0.0017263722838833928
0.0014547224855050445
0.0020557991228997707
0.0019444659119471908
0.002739396644756198
0.0009693173342384398
0.0015610364498570561
0.0006284127593971789
0.0022886754013597965
0.0006333186174742877
0.001409512828104198
0.001140213687904179
0.002538959262892604
0.0005646739155054092
0.003918006084859371
0.0017753959400579333
0.003393972758203745
0.0012753853807225823
0.0011732133571058512
0.0030630487017333508
0.0006419298006221652
0.0004621876578312367
0.001652279170230031
0.004495369270443916
0.0016892377752810717
0.0012928731739521027
0.0010514992754906416
0.0007826416986063123
0.0007276850519701838
0.0013534438330680132
0.0014148261398077011
0.001522017177194357
0.0006792005733586848
0.0004522076342254877
0.0039036681409925222
0.0007658418035134673
0.001970157492905855
0.0013884840300306678
0.00213723280467093
0.0006307802977971733
0.0013067687395960093
0.00021930941147729754
0.0011479199165478349
0.0010253418004140258
0.0011855411576107144
0.0011307556414976716
0.002549302065744996
0.0008576316176913679
0.0006582662463188171
0.0022644635755568743
0.004149033688008785
0.0006783660501241684
0.0028569179121404886
0.0009613430593162775
0.0008787105325609446
0.0019325170433148742
0.0007579111261293292
0.004422529600560665
0.006803241558372974
0.0013931778958067298
0.0012830254854634404
0.004259158857166767
0.0016080645145848393
0.0005224663182161748
0.0003677271888591349
0.0012870050268247724
0.0005207411013543606
0.0024293973110616207
0.00336001836694777
0.0013537913328036666
0.0016193622723221779
0.0017138554248958826
0.005177367478609085
0.0020816102623939514
0.0018920432776212692
0.0009234577300958335
0.00139405217487365
0.0026249182410538197
0.0028660728130489588
0.0012335454812273383
0.0011939124669879675
0.0044675408862531185
0.00039798408397473395
0.0008597536943852901
0.0018872894579544663
0.0012799374526366591
0.0013542016968131065
0.0014449747977778316
0.00123696424998343
0.0016656843945384026
0.00034400634467601776
0.001067019416950643
0.001996045233681798
0.0009843939915299416
0.0031432087998837233
0.000843048794195056
0.0014772799331694841
0.0037688801530748606
0.0056338803842663765
0.001662906026467681
0.0006459904252551496
0.001147366827353835
0.0005640524323098361
0.000490309321321547
0.0013586240820586681
0.0011687130900099874
0.0032533493358641863
0.0004326507041696459
0.0027616445440799
0.002545190742239356
0.0010515594622120261
0.0022336009424179792
0.0012930084485560656
0.0016368631040677428
0.0022970258723944426
0.0007565902196802199
0.0018260178621858358
0.0015240692300722003
0.0015544696943834424
0.0036758750211447477
0.0010600675595924258
0.0010404704371467233
0.00179448036942631
0.00194425112567842
0.004126687999814749
0.0014355442253872752
0.0005073891370557249
0.002258485183119774
0.0020748302340507507
0.0012374120997264981
0.0015382998390123248
0.0015850384952500463
0.0030879059340804815
0.0008443339611403644
0.0007538286736235023
0.003976700361818075
0.002868994604796171
0.000991619424894452
0.003678930224850774
0.0005727242096327245
0.004616542719304562
0.000804964336566627
0.0016010190593078732
0.0038827972020953894
0.0013360173907130957
0.001681242254562676
0.0003461843589320779
0.0009961556643247604
0.0007353308610618114
0.0023208768106997013
0.0005991500220261514
0.0007617430528625846
0.004224985837936401
0.0024109892547130585
0.0023561236448585987
0.000566451926715672
0.0006396257667802274
0.0015434769447892904
0.00019981907098554075
0.0017173592932522297
0.002053799107670784
0.0030578025616705418
0.0008745232480578125
0.0014113407814875245
0.005551931913942099
0.0009542718180455267
0.0011667761718854308
0.00945015624165535
0.0014173011295497417
0.0021881526336073875
0.005642117466777563
0.0007846436928957701
0.0010804118355736136
0.0013073813170194626
0.0006936197751201689
0.001298236078582704
0.0035032357554882765
0.0031470253597944975
0.0020593497902154922
0.001954715931788087
0.0008809856954030693
0.0008527110330760479
0.0021197611931711435
0.001614834531210363
0.0017911334289237857
0.0016109319403767586
0.003295947564765811
0.001589577179402113
0.0013354907277971506
0.0010090876603499055
0.0014450292801484466
0.001059941714629531
0.0006826301105320454
0.0014697862789034843
0.0011998709524050355
0.002346089808270335
0.0012367607560008764
0.002347381319850683
0.0025927801616489887
0.0006390189519152045
0.0004711025394499302
0.0019684729631990194
0.0022896260488778353
0.0013382480246946216
0.001674761762842536
0.016527606174349785
0.0010219149990007281
0.000677838281262666
0.002091763773933053
0.001537154777906835
0.0008439299999736249
0.00239106104709208
0.0007854464347474277
0.0006010798388160765
0.0016417064471170306
0.0005966416210867465
0.0011755538871511817
0.00038080071681179106
0.0007843830389901996
0.004865340888500214
0.001682932605035603
0.000872588949277997
0.0010894989827647805
0.016200626268982887
0.002292584627866745
0.003059223759919405
0.0032800601329654455
0.0012868396006524563
0.0005167968338355422
0.000550328113604337
0.0008253826526924968
0.004564252682030201
0.0008882438414730132
0.001307118684053421
0.0017202353337779641
0.002439524047076702
0.004686383530497551
0.0015536668943241239
0.003253324655815959
0.0016846050275489688
0.00351006374694407
0.0010916758328676224
0.0005462837871164083
0.0021255642641335726
0.0007078531780280173
0.0007875921437516809
0.0011715732980519533
0.0012309470912441611
0.0012055811239406466
0.002430342836305499
0.002137086819857359
0.0021377012599259615
0.0021088740322738886
0.0022048174869269133
0.0017907992005348206
0.00047733282553963363
0.0013013044372200966
0.000930395966861397
0.0036750619765371084
0.0013294154778122902
0.0005218936130404472
0.0010767461499199271
0.0004655339871533215
0.00228507979772985
0.0016244928119704127
0.002603912027552724
0.0005713782156817615
0.000986196449957788
0.0019180106464773417
0.005958203691989183
0.0009893737733364105
0.0012960826279595494
0.0023315188009291887
0.003840041346848011
0.0032452549785375595
0.002240632427856326
0.00038306909846141934
0.0016985759139060974
0.001034977613016963
0.000801335962023586
0.0009270961163565516
0.0018397733801975846
0.0029890749137848616
0.0008602843154221773
0.003819133620709181
0.0009317593649029732
0.0007784705958329141
0.001399871427565813
0.00037185303517617285
0.0006541275652125478
0.0011233184486627579
0.0008946084417402744
0.007174026686698198
0.0009600972989574075
0.00240896875038743
0.0026928847655653954
0.002448229817673564
0.00099868793040514
0.0016803506296128035
0.0008231338579207659
0.002448223065584898
0.002483509946614504
0.0013827587245032191
0.002457172842696309
0.0009509737719781697
0.009055327624082565
0.0023412774316966534
0.0011603545863181353
0.0014464290579780936
0.001030029496178031
0.0011581815779209137
0.00149561557918787
0.0005414285697042942
0.0028301149141043425
0.002121914876624942
0.0019448557868599892
0.0022632849868386984
0.0010861200280487537
0.002143074292689562
0.0012486388441175222
0.0019960508216172457
0.001456516096368432
0.001759265665896237
0.0015202814247459173
0.0011120049748569727
0.003278382122516632
0.00023246243654284626
0.002591651165857911
0.002542768372222781
0.0012842800933867693
0.001677042804658413
0.0020701393950730562
0.0013130279257893562
0.00046734249917790294
0.0008607462514191866
0.000722249096725136
0.0032732642721384764
0.0021823470015078783
0.002406798768788576
0.0049783578142523766
0.002815698506310582
0.0024667326360940933
0.001819446450099349
0.0022417576983571053
0.001520431600511074
0.0006730571039952338
0.0009371027117595077
0.001205851323902607
0.00045522412983700633
0.0007595251081511378
0.0009355577058158815
0.003692867234349251
0.0027485438622534275
0.0005089553887955844
0.0026511158794164658
0.0030763219110667706
0.0020866389386355877
0.0017125372542068362
0.0013081814395263791
0.002081363694742322
0.005239646881818771
0.0013892552815377712
0.0016368948854506016
0.0026078580413013697
0.0002376357588218525
0.00066468765726313
0.0014391335425898433
0.0024897789116948843
0.0040950533002614975
0.0027234861627221107
0.004981874488294125
0.002047346206381917
0.002942620776593685
0.0009608848486095667
0.0019356034463271499
0.0021750612650066614
0.002743127755820751
0.0009249252616427839
0.0007088914862833917
0.0021537095308303833
0.0015359160024672747
0.002091124653816223
0.0017552017234265804
0.0015845776069909334
0.0015757422661408782
0.0022564027458429337
0.001845766557380557
0.0014406384434551
0.0013137534260749817
0.00031216241768561304
0.0008631002274341881
0.00261109066195786
0.0014905222924426198
0.0012690337607637048
0.0010053606238216162
0.006285714916884899
0.002186071127653122
0.0008884192211553454
0.002487713471055031
0.003325151279568672
0.0015880701830610633
0.0007622619741596282
0.005944030825048685
0.0007528105634264648
0.002482911106199026
0.001600809395313263
0.0024778242222964764
0.0037204865366220474
0.0002362737723160535
0.0014079554239287972
0.00203199521638453
0.0022958628833293915
0.0005244733183644712
0.003496976802125573
0.0041372645646333694
0.003644795622676611
0.001718456158414483
0.0031569371931254864
0.00196475931443274
0.0015790193574503064
0.0018405099399387836
0.0022705404553562403
0.0030043236911296844
0.0012548803351819515
0.0012920890003442764
0.0014355486491695046
0.0017104174476116896
0.0024686495307832956
0.004160331096500158
0.002258546184748411
0.005097535438835621
0.0003573834546841681
0.004133773501962423
0.0007682453724555671
0.0018925286130979657
0.0016319239512085915
0.0030278221238404512
0.0008975996752269566
0.0018427211325615644
0.0011505477596074343
0.0017352873692288995
0.0052907997742295265
0.013428431935608387
0.0010000846814364195
0.001703256624750793
0.0017230057856068015
0.00047682446893304586
0.001616604975424707
0.0006289957673288882
0.002266065450385213
0.0002667975495569408
0.0005714615690521896
0.00361756538040936
0.0008142271544784307
0.001953908009454608
0.001164689427241683
0.004879484418779612
0.0020284729544073343
0.00040358895785175264
0.000722142169252038
0.0006819467525929213
0.0015967154176905751
0.005127881187945604
0.0007935787434689701
0.0016010486287996173
0.004788474645465612
0.0011560957645997405
0.0022636246867477894
0.0022924053482711315
0.0021611801348626614
0.0015756894135847688
0.0035035796463489532
0.001008391845971346
0.0009002539445646107
0.004052263684570789
0.0013893656432628632
0.0015406340826302767
0.0009856261312961578
0.0010088792769238353
0.0019025561632588506
0.0020874810870736837
0.002459854818880558
0.0020195553079247475
0.0003674255567602813
0.0008002239046618342
0.0005435015773400664
0.001636349014006555
0.0017614238895475864
0.008449498564004898
0.0014779878547415137
0.0014472469920292497
0.0007479399791918695
0.0010748604545369744
0.0014852292370051146
0.0005484807770699263
0.0007064964738674462
0.0013491477584466338
0.005526191089302301
0.0014290508115664124
0.002022502711042762
0.0004351859097369015
0.000737655907869339
0.001459914376027882
0.0013979885261505842
0.0009666662663221359
0.0031588443089276552
0.0018753859912976623
0.00324068870395422
0.0006282549002207816
0.003976768348366022
0.003286146791651845
0.005518876947462559
0.002285625319927931
0.001929503632709384
0.0008240261231549084
0.00040383232408203185
0.0014536073431372643
0.0008352618315257132
0.0005853710463270545
0.0015998517628759146
0.0016638474771752954
0.0009581411140970886
0.0019527313997969031
0.002880605636164546
0.0004008851246908307
0.0006643501692451537
0.0015681844670325518
0.00044711213558912277
0.001698574866168201
0.0017392700538039207
0.0027027782052755356
0.0006846122560091317
0.0018617577152326703
0.0002983109443448484
0.0027611935511231422
0.005607428029179573
0.0016998504288494587
0.0011847395217046142
0.0010831551626324654
0.0007336207199841738
0.003678795648738742
0.001437177648767829
0.0004977362114004791
0.0006282316753640771
0.0009052854147739708
0.0011061070254072547
0.003363640746101737
0.00157664786092937
0.001279322779737413
0.002080686390399933
0.0015074573457241058
0.001674172468483448
0.0005229854723438621
0.0024103322066366673
0.0014144106535241008
0.0026079569943249226
0.004075706470757723
0.0014434793265536427
0.0008721600170247257
0.002571211429312825
0.0021871814969927073
0.001350868260487914
0.0034863119944930077
0.0013143470278009772
0.0017637967830523849
0.0009452514350414276
0.0016179069643840194
0.0012948999647051096
0.002424860605970025
0.002681166399270296
0.003236101707443595
0.0010869173565879464
0.00154553831089288
0.0020789748523384333
0.0007880391785874963
0.0014322950737550855
0.0024597591254860163
0.0011282855411991477
0.001266165287233889
0.0017853995086625218
0.001547718420624733
0.00046199350617825985
0.0014997068792581558
0.00032258720602840185
0.0014504346763715148
0.0024639475159347057
0.0021297542843967676
0.0024774104822427034
0.0009723071125335991
0.0005557555705308914
0.0015582331689074636
0.0006809686310589314
0.0009904393227770925
0.004390443675220013
0.0010744992177933455
0.0012790586333721876
0.00041493840399198234
0.0008973247022368014
0.002568678930401802
0.0004019554180558771
0.0031639807857573032
0.0038732588291168213
0.003098068991675973
0.0008630439988337457
0.0016667579766362906
0.0017392431618645787
0.0004666660388465971
0.007710014004260302
0.0005628796061500907
0.00254916213452816
0.0014518513344228268
0.0013589574955403805
0.00321764824911952
0.0029326763469725847
0.0005580919096246362
0.0023491657339036465
0.0013236072845757008
0.0017428034916520119
0.0005761388456448913
0.0014570470666512847
0.0012327111326158047
0.0020248324144631624
0.002090170281007886
0.0024109152145683765
0.003502710023894906
0.001823512720875442
0.0002425378916086629
0.0017658562865108252
0.011685986071825027
0.0023903842084109783
0.0014307040255516768
0.000862664426676929
0.002440842567011714
0.0011803401866927743
0.0006304794806055725
0.0005325953825376928
0.0009125624201260507
0.0006932852556928992
0.0015758511144667864
0.002696399111300707
0.0020869176369160414
0.0014635580591857433
0.000986726488918066
0.00021898449631407857
0.00196684873662889
0.001121947425417602
0.0024012760259211063
0.0010409093229100108
0.0016664728755131364
0.0012349070748314261
0.0035705820191651583
0.0015354228671640158
0.0018129006493836641
0.0008082310087047517
0.00044355206773616374
0.0010838910238817334
0.0014103916473686695
0.002582408720627427
0.0006502735777758062
0.001044629723764956
0.0018225335516035557
0.0033048144541680813
0.002872083568945527
0.0025048102252185345
0.001564175821840763
0.0003281060780864209
0.00020301765471231192
0.0019104148959740996
0.003823132487013936
0.0017624120227992535
0.001050597638823092
0.002154642716050148
0.0013975427718833089
0.0021888671908527613
0.0008639184525236487
0.0010895900195464492
0.0037757691461592913
0.0009203359368257225
0.0010190766770392656
0.0009915956761687994
0.0011721303453668952
0.0014354146551340818
0.0021141532342880964
0.0030159035231918097
0.001635268097743392
0.0012032381491735578
0.0021776515059173107
0.0015418315306305885
0.0014335783198475838
0.0031440136954188347
0.0009160761255770922
0.0008296321029774845
0.0009050415246747434
0.0005689740064553916
0.0015720771625638008
0.00280395126901567
0.0008783697849139571
0.002475326880812645
0.0012791812187060714
0.0015398829709738493
0.002877313643693924
0.0012426355388015509
0.002201703144237399
0.0006302445544861257
0.00025347480550408363
0.0021567654330283403
0.006195973604917526
0.001618844922631979
0.0004288933123461902
0.0008364859968423843
0.0015185419470071793
0.000879408442415297
0.0006143103819340467
0.0009348569437861443
0.0009640485513955355
0.002219953341409564
0.002488161204382777
0.002066205721348524
0.0012123604537919164
0.00407355185598135
0.0012620565248653293
0.0021634064614772797
0.001392844715155661
0.0007942990632727742
0.0009651441941969097
0.001701350323855877
0.0010381912579759955
0.001003550598397851
0.0015133281704038382
0.0005463024135679007
0.0006988657405599952
0.00031737270182929933
0.0007328350329771638
0.0008860282250680029
0.003972295206040144
0.0024451918434351683
0.0021541945170611143
0.0018416509265080094
0.0019915099255740643
0.0012830912601202726
0.0002869450836442411
0.001360380556434393
0.0010753398528322577
0.002296777907758951
0.0019345087930560112
0.0008831059094518423
0.0012829842744395137
0.002559699583798647
0.001502498402260244
0.0006798200774937868
0.0029177528340369463
0.0032581251580268145
0.0015020526479929686
0.001283844467252493
0.0015812074998393655
0.002507800469174981
0.0019221763359382749
0.0017978389514610171
0.002761470852419734
0.0015543841291218996
0.0007973085739649832
0.0020514843054115772
0.0018861590651795268
0.0014479928649961948
0.00113490573130548
0.0014066011644899845
0.0006512434338219464
0.002629019320011139
0.0009770679753273726
0.0010502723744139075
0.001973437611013651
0.000444856530521065
0.0006939711165614426
0.0010518984636291862
0.00353251863270998
0.0005332646542228758
0.0020375577732920647
0.0006727405707351863
0.0008252987172454596
0.001761986524797976
0.004852418787777424
0.0012179630575701594
0.0017952152993530035
0.0005890081520192325
0.0010023355716839433
0.0014232586836442351
0.0014300504699349403
0.0008790296269580722
0.002301198896020651
0.0013750363141298294
0.0004776787245646119
0.0006410992355085909
0.0047662449069321156
0.0011450082529336214
0.0006331109907478094
0.005554555915296078
0.0005936350207775831
0.0008167430059984326
0.000904985936358571
0.0006198109476827085
0.0016132643213495612
0.0006404556916095316
0.0010708720656111836
0.0009183553629554808
0.00098225602414459
0.0009675859473645687
0.0017652796814218163
0.002642691135406494
0.0034291050396859646
0.007214900106191635
0.0008959319093264639
0.0024430151097476482
0.0013791251694783568
0.0018111669924110174
0.0026455665938556194
0.001417288789525628
0.0006653543096035719
0.0010119159705936909
0.0006127437227405608
0.0005653594271279871
0.001041810610331595
0.00035767577355727553
0.0014727008529007435
0.0018733972683548927
0.0030619788449257612
0.00030015918309800327
0.001988612813875079
0.0006456675473600626
0.0010645306902006269
0.002579509047791362
0.001828271197155118
0.000653554976452142
0.002169573912397027
0.002496152650564909
0.0007024883525446057
0.002942789578810334
0.0026743521448224783
0.0005788168055005372
0.0012384740402922034
0.000402011297410354
0.00029549270402640104
0.0009985495125874877
0.0022095125168561935
0.000610893708653748
0.0005106108146719635
0.00011942832497879863
0.0015077765565365553
0.001220285426825285
0.0026627674233168364
0.0020843420643359423
0.000581009138841182
0.0007435302250087261
0.0008022121037356555
0.002208326244726777
0.0028470202814787626
0.0011011777678504586
0.0010779850417748094
0.0016234118957072496
0.003085714764893055
0.0007098026107996702
0.0008994883974082768
0.0012082313187420368
0.0018049345817416906
0.0022708748001605272
0.000970759429037571
0.0008076084777712822
0.00035623126314021647
0.0007487282855436206
0.0005440101376734674
0.0004304693138692528
0.0005850372253917158
0.0016077123582363129
0.0037116471212357283
0.004244457930326462
0.0005297724856063724
0.0015407048631459475
0.0007425962248817086
0.0014070270117372274
0.001882696058601141
0.0002500471891835332
0.0013366520870476961
0.000812675105407834
0.0016848075902089477
0.012275632470846176
0.002059865277260542
0.008734455332159996
0.0014176979893818498
0.0009231123840436339
0.001954657956957817
0.00471120560541749
0.0023542609997093678
0.000554713886231184
0.000990728847682476
0.001206716406159103
0.0005060975672677159
0.014843150041997433
0.0015931202797219157
0.0012843806762248278
0.00044977007200941443
0.0007670092163607478
0.00029204506427049637
0.0035918550565838814
0.002088089706376195
0.004265559371560812
0.0014145043678581715
0.004481181968003511
0.0012508011423051357
0.0020318282768130302
0.001219462719745934
0.0014474192867055535
0.0033098498824983835
0.0016637827502563596
0.0008404394029639661
0.00015216342580970377
0.0010204726131632924
0.004617991391569376
0.0007354003028012812
0.0009722951799631119
0.003998333588242531
0.003106896299868822
0.002253100275993347
0.0017953147180378437
0.0048001171089708805
0.00597204826772213
0.008252851665019989
0.0007831453694961965
0.002057841746136546
0.001395170926116407
0.0036576709244400263
0.0003951571707148105
0.0029905906412750483
0.0021094558760523796
0.0030588649678975344
0.0007429197430610657
0.0020561018027365208
0.0013725068420171738
0.000942304206546396
0.0027016224339604378
0.0041471789591014385
0.00020860104996245354
0.004550636745989323
0.0002473729255143553
0.0020881490781903267
0.001846280531026423
0.0008769729174673557
0.004644047003239393
0.0019724727608263493
0.0009188024559989572
0.0008492708439007401
0.002992955269291997
0.014873793348670006
0.0025355881080031395
0.000721051765140146
0.0005677487934008241
0.0026652629021555185
0.00588180823251605
0.0004636143858078867
0.0023363500367850065
0.0026006586849689484
0.011783665977418423
0.0029466054402291775
0.0021809623576700687
0.0018763835541903973
0.0009304644772782922
0.001445869216695428
0.0018203422660008073
0.0004995526396669447
0.000562904984690249
0.008920627646148205
0.0032538764644414186
0.0033862327691167593
0.0023952459450811148
0.002140528755262494
0.002328315982595086
0.0021190799307078123
0.000565187307074666
0.003975292667746544
0.0027747543063014746
0.0005975307431071997
0.00031552143627777696
0.00237224786542356
0.0007477073813788593
0.0013808083022013307
0.0014214239781722426
0.0006590693956241012
0.002199296373873949
0.00046176029718481004
0.005822811275720596
0.003603697521612048
0.001109181554056704
0.0008172259549610317
0.009656560607254505
0.0004655833763536066
0.0014601547736674547
0.0019583047833293676
0.0007431343547068536
0.0005556963733397424
0.00034724627039395273
0.0015181929338723421
0.0019277135143056512
0.0006335399230010808
0.0015071057714521885
0.0009089965024031699
0.0013255318626761436
0.0026151377242058516
0.0001893748267320916
0.0028630963061004877
0.0006355713121592999
0.0013995954068377614
0.00021796103101223707
0.0005208314978517592
0.0012766093714162707
0.003391896141692996
0.0005943885771557689
0.0007983685354702175
0.0019345167092978954
0.005651396699249744
0.0008983775624074042
0.00328834168612957
0.0017530653858557343
0.0014605686301365495
0.004130929242819548
0.0005120352143421769
0.005164555739611387
0.00032344795181415975
0.00028981047216802835
0.004752185195684433
0.0007506313850171864
0.0007664128788746893
0.0010164071572944522
0.0013883786741644144
0.0014523903373628855
0.0014520167605951428
0.000612280797213316
0.00033455152879469097
0.0009303189581260085
0.000821429886855185
0.0031254710629582405
0.00043695420026779175
0.004014808684587479
0.001250182162038982
0.000624285836238414
0.0017584217712283134
0.005206512752920389
0.0013863476924598217
0.0015024306485429406
0.002003465546295047
0.0010521378135308623
0.003873316803947091
0.002522870199754834
0.00043758790707215667
0.0018629725091159344
0.005236045457422733
0.0022137777414172888
0.0012021488510072231
0.002311014337465167
0.004286787007004023
0.0014971463242545724
0.0007930904976092279
0.000527174910530448
0.0031481515616178513
0.0026187491603195667
0.001671239035204053
0.0012220602948218584
0.0009575877338647842
0.0036864010617136955
0.001044416450895369
0.0015265523688867688
