0.00048813014291226864
0.0018998919986188412
0.001391340047121048
0.0055525279603898525
0.005680260248482227
0.03907233476638794
0.00007962457311805338
0.0004709600761998445
0.004206489771604538
0.0010864472715184093
0.0006158791366033256
0.0002896831138059497
0.021537262946367264
0.027417590841650963
0.0004063574888277799
0.0022061129566282034
0.004877894651144743
0.003319768002256751
0.00018420386186335236
0.00021330705203581601
0.0010731307556852698
0.005794450640678406
0.004083776846528053
0.0009296663920395076
0.005129102151840925
0.0002627091307658702
0.0010647994931787252
0.00019664611318148673
0.0003211299772374332
0.046702925115823746
0.0005995399551466107
0.00015618691395502537
0.0007862908532842994
0.00003547134474501945
0.0006488520302809775
0.019896747544407845
0.0037841543089598417
0.010308859869837761
0.00008589913340983912
0.00024965108605101705
0.0007808382506482303
0.000014675212696602102
0.00011937597446376458
0.00007657006062800065
0.0151045061647892
0.0005807345733046532
0.0052580442279577255
0.04628295451402664
0.004775631241500378
0.010032554157078266
0.021734291687607765
0.00565497949719429
0.0069284080527722836
0.01370588131248951
0.001846865052357316
0.025339694693684578
0.004809776321053505
0.03500022739171982
0.0029089595191180706
0.0012554198037832975
0.0010907737305387855
0.0000470909544674214
0.044704243540763855
0.021168695762753487
0.019010277464985847
0.0045043970458209515
0.01348471362143755
0.0007343057077378035
0.0012246723053976893
0.0015341050457209349
0.00010506202670512721
0.00078077323269099
0.020801208913326263
0.0013671464985236526
0.038147926330566406
0.019085071980953217
0.00029942652327008545
0.00021217142057139426
0.0052549527026712894
0.002489564474672079
0.0004335382836870849
0.0022720182314515114
0.0002354609314352274
0.006001325324177742
0.0018201448256149888
0.048613641411066055
0.003251811023801565
0.0001741185988066718
0.0034159827046096325
0.00015875276585575193
0.02388981357216835
0.0003626174875535071
0.00009366904123453423
0.00075917987851426
0.0005395677872002125
0.002334838965907693
0.00007951180305099115
0.0001983021793421358
0.023126190528273582
0.03495023027062416
0.00006889922951813787
0.00020367198158055544
0.007107232231646776
0.004013372585177422
0.004263637121766806
0.00037007583887316287
0.01597602665424347
0.001206279150210321
0.0008257091394625604
0.02753828838467598
0.00022757839178666472
0.0010750889778137207
0.00007100657239789143
0.0092060137540102
0.00017700501484796405
0.001739528845064342
0.00807599350810051
0.0004613794735632837
0.0012497841380536556
0.0003212628944311291
0.004358289763331413
0.0028382509481161833
0.001607935642823577
0.0025496077723801136
0.0030493340454995632
0.005838298704475164
0.00011729895049938932
0.00007543383981101215
0.04592221602797508
0.0008321817149408162
0.006716806907206774
0.0008771518478170037
0.010209321975708008
0.005458910018205643
0.027014469727873802
0.0033958801068365574
0.0042238603346049786
0.0009219782659783959
0.012698431499302387
0.0006949829985387623
0.00011080827243858948
0.000840005639474839
0.0006498878356069326
0.001503583393059671
0.0009888943750411272
0.0005058699753135443
0.001076066866517067
0.0008586703916080296
0.0009778402745723724
0.002306034555658698
0.00158040807582438
0.000020262352336430922
0.03394605591893196
0.0021541991736739874
0.0008237657602876425
0.00010703897714847699
0.0005204874323680997
0.005562689621001482
0.001614221720956266
0.0028627715073525906
0.00006523878982989118
0.008325083181262016
0.0020610911305993795
0.000040325936424778774
0.026153219863772392
0.01840919256210327
0.01372363418340683
0.01912820152938366
0.0001267557090613991
0.02454078383743763
0.000027000833142665215
0.0010713905794546008
0.0006623023073188961
0.006353875622153282
0.02391389198601246
0.0006911149248480797
0.000026706968128564768
0.0000903383843251504
0.0003514458367135376
0.0003702636167872697
0.0016098310006782413
0.004941923543810844
0.0005008523585274816
0.014564231038093567
0.000027073207093053497
0.0012243386590853333
0.0003457044658716768
0.0019390835659578443
0.00029293031548149884
0.001071446225978434
0.0002380574296694249
0.00434092665091157
0.0009687587735243142
0.00011644956248346716
0.002213328145444393
0.018640536814928055
0.0005475703510455787
0.005129846278578043
0.004210205283015966
0.04420248419046402
0.02131708711385727
0.0000713834015186876
0.06175527721643448
0.00022627715952694416
0.0007793903350830078
0.00009109309030463919
0.01420188695192337
0.00024336269416380674
0.00023132440401241183
0.026197392493486404
0.0002844544651452452
0.002132384106516838
0.00026085253921337426
0.025290673598647118
0.0001629331527510658
0.0222514308989048
0.0007298697018995881
0.0009405634482391179
0.001258578966371715
0.005139155779033899
0.0020176039543002844
0.0016816906863823533
0.0006074314005672932
0.012238501571118832
0.015554454177618027
0.00019662083650473505
0.00041172426426783204
0.008827410638332367
0.023811697959899902
0.00017631459922995418
0.03595197573304176
0.00006612588185817003
0.01980416104197502
0.01217428408563137
0.039526212960481644
0.00014095191727392375
0.015407302416861057
0.007894563488662243
0.0008074406650848687
0.0005681635811924934
0.0009608578984625638
0.0013741557486355305
0.0038077328354120255
0.00037951485137455165
0.0011735260486602783
0.011347667314112186
0.0012875221436843276
0.0004454391892068088
0.006409994326531887
0.0045852260664105415
0.001668947166763246
0.030471332371234894
0.0023949232418090105
0.06799112260341644
0.03758421167731285
0.001514376956038177
0.00020296231377869844
0.0002938453108072281
0.0024836030788719654
0.0009278699872083962
0.0009139953181147575
0.0005751896533183753
0.00026028629508800805
0.0024298804346472025
0.0006172768189571798
0.03586962819099426
0.0012198277981951833
0.023867283016443253
0.021324584260582924
0.0022998875938355923
0.0023436693008989096
0.006070075090974569
0.00010217310773441568
0.0031361400615423918
0.00022906372032593936
0.00223874906077981
0.00028265180299058557
0.0030055860988795757
0.0004395887372083962
0.010415240190923214
0.0010233360808342695
0.0002877279184758663
0.00026210793294012547
0.0012634687591344118
0.014289594255387783
0.00010031687270384282
0.0008143691229633987
0.0005593118257820606
0.003037095069885254
0.0003306894504930824
0.018425585702061653
0.0001064433527062647
0.000018489865396986715
0.000521252688486129
0.03694828227162361
0.0032896806951612234
0.02745710127055645
0.016462715342640877
0.013055579736828804
0.00004210396218695678
0.002993111265823245
0.005379805341362953
0.0010367376962676644
0.00005918763781664893
0.018459336832165718
0.0008741828496567905
0.00010918137559201568
0.0002719108306337148
0.000551038421690464
0.015397236682474613
0.01739320158958435
0.005944667849689722
0.002663989085704088
0.0008755162125453353
0.0007398201269097626
0.00006108623347245157
0.0011966876918449998
0.00009875987598206848
0.0036163621116429567
0.0016717001562938094
0.0006109150126576424
0.007837099954485893
0.0021672912407666445
0.02144700288772583
0.0010435456642881036
0.0024764169938862324
0.004198930691927671
0.0019296357640996575
0.022389207035303116
0.005692611448466778
0.001373163890093565
0.00012048734788550064
0.036491509526968
0.00009966930520022288
0.00021354817727115005
0.0002092722716042772
0.0015871786745265126
0.004846925847232342
0.0010526292026042938
0.00031328367185778916
0.0006506541976705194
0.0008298196480609477
0.0002140706346835941
0.00010531077714404091
0.010015771724283695
0.0032523551490157843
0.0007367234793491662
0.016532333567738533
0.00017030649178195745
0.0030241827480494976
0.0005827378481626511
0.0030287911649793386
0.0005902888369746506
0.00017239880980923772
0.013029240071773529
0.00003456524063949473
0.00004290039578336291
0.0018292592139914632
0.0013713412918150425
0.0005897541996091604
0.0033263256773352623
0.005431289318948984
0.0005293721333146095
0.0002653772826306522
0.003509495174512267
0.010248306207358837
0.004048103932291269
0.0011784047819674015
0.0008342877263203263
0.000981162884272635
0.0036142542958259583
0.006441535893827677
0.0012976934667676687
0.00010731293150456622
0.0007118745124898851
0.00789005495607853
0.00007763027679175138
0.00011224544869037345
0.0005616958951577544
0.0068883150815963745
0.000054775915486970916
0.0012859373819082975
0.0006025757757015526
0.018732108175754547
0.005442752502858639
0.0010555180488154292
0.007424873765558004
0.013587411493062973
0.00025856541469693184
0.03292050585150719
0.00014123745495453477
0.001056381152011454
0.001760275918059051
0.0009771231561899185
0.0001744342443998903
0.0013841758482158184
0.00011369409912731498
0.0021866934839636087
0.00010160801321035251
0.01536448486149311
0.0003118212625849992
0.00009963643969967961
0.0022931392304599285
0.00034563912777230144
0.0011303214123472571
0.0008310558623634279
0.00031291076447814703
0.0023670566733926535
0.004392818082123995
0.01341740507632494
0.001494207070209086
0.008631343021988869
0.00016165364650078118
0.0006287960568442941
0.0001798769662855193
0.00024926112382672727
0.00028143447707407176
0.022049888968467712
0.0012523455079644918
0.014302046969532967
0.005887306295335293
0.00007591494068037719
0.009196397848427296
0.0033085355535149574
0.0005861714016646147
0.00010057009785668924
0.00008439907833235338
0.011229203082621098
0.0034237413201481104
0.00015086961502674967
0.0021161746699362993
0.06463182717561722
0.0006769331521354616
0.02792707085609436
0.0004976658383384347
0.0011072433553636074
0.010110171511769295
0.0005489938193932176
0.00012091605458408594
0.0016212136251851916
0.0015571246622130275
0.0023322273045778275
0.00042498952825553715
0.0034227983560413122
0.0030783286783844233
0.002137361094355583
0.009641897864639759
0.000910113041754812
0.00014056573854759336
0.001973038073629141
0.00021078137797303498
0.04980026185512543
0.0026600805576890707
0.0003805570595432073
0.0009524559136480093
0.010171106085181236
0.02691497467458248
0.0016938189510256052
0.006571263540536165
0.0026764378417283297
0.0016514186281710863
0.009103883989155293
0.00003610575004131533
0.00014369723794516176
0.00021220199414528906
0.0007045571110211313
0.0037519438192248344
0.02067687176167965
0.025703301653265953
0.0008502161945216358
0.001001104130409658
0.00018247617117594928
0.00018506193009670824
0.0009529973031021655
0.0022074482403695583
0.028687244281172752
0.01588977873325348
0.004092663526535034
0.009231417439877987
0.01032987330108881
0.00043300093966536224
0.000391870504245162
0.004308641888201237
0.007600176148116589
0.0002112950460286811
0.008987436071038246
0.0005580905126407743
0.003012687200680375
0.0263028796762228
0.0010627987794578075
0.00005049706305726431
0.0005688262754119933
0.0037720457185059786
0.001295152003876865
0.00578734977170825
0.025107018649578094
0.00022210403403732926
0.0002567160117905587
0.0016269241459667683
0.0008550559869036078
0.00008394854376092553
0.002286061178892851
0.0005936625530011952
0.0025174743495881557
0.0011225489433854818
0.011426267214119434
0.000318339210934937
0.000009815827979764435
0.010486055165529251
0.019155940040946007
0.0008335390593856573
0.0006390741327777505
0.00378585746511817
0.0026442722883075476
0.0008896607905626297
0.0011227427748963237
0.0022592972964048386
0.006216330919414759
0.003268228843808174
0.0005832396564073861
0.0011348420521244407
0.0014316885499283671
0.0001293034729314968
0.0074496339075267315
0.00012728507863357663
0.016684748232364655
0.00006613911682507023
0.00015734511543996632
0.0005554321687668562
0.00017126207239925861
0.005447513423860073
0.00009870528447208926
0.001026513404212892
0.0003127575619146228
0.00036936585092917085
0.00193908775690943
0.0013215952785685658
0.012368151918053627
0.0066831945441663265
0.006861370988190174
0.023111466318368912
0.0003900137962773442
0.0005445291753858328
0.00033044631709344685
0.0042073484510183334
0.0008392216986976564
0.00004356156932772137
0.001400483655743301
0.0001409089454682544
0.00008893497579265386
0.000549553893506527
0.00009096295980270952
0.00029220065334811807
0.0004310573567636311
0.000015468711353605613
0.00025546771939843893
0.006410533562302589
0.00006428152119042352
0.00019721564603969455
0.0026836954057216644
0.00037414152757264674
0.00042535740067251027
0.030459316447377205
0.0006441790610551834
0.0029851794242858887
0.00028917641611769795
0.0008709585526958108
0.03829578682780266
0.0018077571876347065
0.0003888494975399226
0.022721733897924423
0.00009214997407980263
0.0004425568040460348
0.0005916979862377048
0.00041618652176111937
0.002934553660452366
0.03138585388660431
0.00024706515250727534
0.0002930795890279114
0.000926992972381413
0.002394990297034383
0.0002441186661599204
0.0014926798176020384
0.002423355123028159
0.0007873590220697224
0.008230464532971382
0.00022343017917592078
0.002526132622733712
0.00685725174844265
0.0005410888697952032
0.0007048766710795462
0.004969367291778326
0.0026193668600171804
0.0022384722251445055
0.0007575282361358404
0.00008371309377253056
0.0002388201537542045
0.0001819538010749966
0.001123083638958633
0.007589252199977636
0.00019309819617774338
0.0016539536882191896
0.008267613127827644
0.0008067913586273789
0.0003934105043299496
0.0017196120461449027
0.006723717320710421
0.021320141851902008
0.0004155798233114183
0.0014940868131816387
0.000663786893710494
0.009213301353156567
0.001483818981796503
0.003078773617744446
0.00027503835735842586
0.003004211699590087
0.04108155518770218
0.0010475310264155269
0.0012161072809249163
0.00036634173011407256
0.011803144589066505
0.0011247789952903986
0.0002909217437263578
0.0014473192859441042
0.001549206324853003
0.0017980948323383927
0.06127547472715378
0.0014178826240822673
0.005175342783331871
0.00017580282292328775
0.0021673894952982664
0.0019193035550415516
0.0009930385276675224
0.001795456511899829
0.00004669335248763673
0.005688881501555443
0.016637863591313362
0.0009593803551979363
0.00015283029642887414
0.001089234370738268
0.000049928250518860295
0.0007302535814233124
0.0005111335776746273
0.0005038789240643382
0.029566848650574684
0.001521072001196444
0.00029138970421627164
0.00002152934939658735
0.004243301693350077
0.00033313946914859116
0.001652137958444655
0.0036131893284618855
0.0005836837808601558
0.004447874613106251
0.010135159827768803
0.0003483591426629573
0.000476080080261454
0.0006572749698534608
0.0012287056306377053
0.02432955987751484
0.0038656892720609903
0.0007784932386130095
0.0005141053698025644
0.001105061499401927
0.0002854899503290653
0.0004089771828148514
0.00048630154924467206
0.019062446430325508
0.012742704711854458
0.006577425170689821
0.00906204991042614
0.0016370529774576426
0.0017587838228791952
0.0007131662569008768
0.004219084046781063
0.000749850005377084
0.008716177195310593
0.016639726236462593
0.022625725716352463
0.0009654241148382425
0.00012150042311986908
0.01576627604663372
0.020501140505075455
0.00019658703240565956
0.0019192767795175314
0.0009359417599625885
0.00036019840626977384
0.0005367543781176209
0.00038118628435768187
0.0031676667276769876
0.026278261095285416
0.0005743319634348154
0.0007883426151238382
0.019027354195713997
0.00041611911728978157
0.0267433300614357
0.017729377374053
0.0002678719465620816
0.004627328831702471
0.0009090806706808507
0.0005086038145236671
0.009476980194449425
0.010427814908325672
0.007081413641571999
0.001094477134756744
0.009905947372317314
0.001770597416907549
0.010370591655373573
0.0034241974353790283
0.0011461824178695679
0.004409081302583218
0.006308088544756174
0.00930413044989109
0.0004207284946460277
0.00009227808914147317
0.00007144913979573175
0.00020161712018307298
0.0008613448007963598
0.006353102158755064
0.0007161101093515754
0.011264241300523281
0.0013100489741191268
0.0008533544605597854
0.000550390628632158
0.00020469367154873908
0.01317526027560234
0.00032146222656592727
0.0002824098337441683
0.0007210727781057358
0.002853953745216131
0.0013448775280267
0.0017565061571076512
0.0002798109198920429
0.001354583422653377
0.06721650809049606
0.00021643508807756007
0.015443667769432068
0.00005399350629886612
0.00036826770519837737
0.0007101699011400342
0.0029687078204005957
0.00010691125498851761
0.03988407179713249
0.000051215702114859596
0.001146154711022973
0.00020776220480911434
0.000819311011582613
0.00039965298492461443
0.0009316594805568457
0.01789262518286705
0.00020294969726819545
0.0006917777936905622
0.00034137567854486406
0.004317258484661579
0.00006165273953229189
0.02328931726515293
0.00027002563001587987
0.010817406699061394
0.00002737960130616557
0.01625788025557995
0.0012788372114300728
0.00016406046051997691
0.010157742537558079
0.00007301339064724743
0.01155324187129736
0.00009854637028183788
0.0010815901914611459
0.003816652111709118
0.0011726698139682412
0.002056848257780075
0.0017697454895824194
0.0008963260916061699
0.01097826100885868
0.0019094310700893402
0.013956326059997082
0.0014118453254923224
0.0010545313125476241
0.0007198795210570097
0.004227211233228445
0.006990018300712109
0.00004500502109294757
0.0028551083523780107
0.00044101476669311523
0.0006807885365560651
0.0012983749620616436
0.005222003906965256
0.00005775882527814247
0.0009916438721120358
0.027827614918351173
0.0005824186955578625
0.0009427699260413647
0.000674698909278959
0.000527139229234308
0.0013759519206359982
0.015260319225490093
0.009769083000719547
0.00011978682596236467
0.006818894296884537
0.0009678128408268094
0.00018412820645608008
0.00033150476519949734
0.0018005258170887828
0.0003210949362255633
0.0018645403906702995
0.01386186107993126
0.02210184372961521
0.0004980722442269325
0.0001790041133062914
0.03698878735303879
0.00032987474696710706
0.0003493074618745595
0.0007023770594969392
0.0008226120844483376
0.0029803041834384203
0.0012957368744537234
0.0014930324396118522
0.0011883322149515152
0.0006916688871569932
0.0007727010524831712
0.0069993529468774796
0.0005582381854765117
0.001414947910234332
0.0026113814674317837
0.00007020896737230942
0.00008055462240008637
0.00003890215521096252
0.00037173586315475404
0.008225197903811932
0.00019695458468049765
0.0021154398564249277
0.004054649267345667
0.0081641161814332
0.0011298084864392877
0.0033681339118629694
0.02523636445403099
0.0005464785499498248
0.003051239065825939
0.003389875404536724
0.0023796684108674526
0.004534102510660887
0.0023413156159222126
0.0006279594381339848
0.0019228868186473846
0.0054975892417132854
0.01880749873816967
0.01909480430185795
0.00018777874356601387
0.0022703339345753193
0.001340934308245778
0.00946937594562769
0.00026790512492880225
0.0016084876842796803
0.000028676982765318826
0.00008672989497426897
0.008031665347516537
0.0032638886477798223
0.0009210860589519143
0.0036549740470945835
0.004734664224088192
0.0005503463326022029
0.023159315809607506
0.00047287248889915645
0.0005517610115930438
0.027573542669415474
0.0005259895697236061
0.001507251407019794
0.002936427015811205
0.003219143021851778
0.004414360970258713
0.00001620866714802105
0.007770818658173084
0.00009290383604820818
0.0019263294525444508
0.02749800682067871
0.00039722485234960914
0.03307601064443588
0.00046651012962684035
0.0007573311449959874
0.005821110215038061
0.000019731243810383603
0.00028347986517474055
0.000026732868718681857
0.029698817059397697
0.0031507990788668394
0.0004908531554974616
0.000499795307405293
0.0003305633435957134
0.00019441118638496846
0.0007946793339215219
0.00031987353577278554
0.005665290169417858
0.0004056704055983573
0.05496127903461456
0.0009341439581476152
0.0005929184262640774
0.0002754921733867377
0.0009711635066196322
0.008433271199464798
0.0020083279814571142
0.009285838343203068
0.00036192266270518303
0.0014388624113053083
0.0016337846172973514
0.00009294260235037655
0.0018088374054059386
0.0000924291234696284
0.050405532121658325
0.00044907652772963047
0.001253088703379035
0.0007391499821096659
0.0018329727463424206
0.016366329044103622
0.00023336097365245223
0.022725962102413177
0.0004315459227655083
0.00018069030193146318
0.00072168477345258
0.0009481045417487621
0.014312068931758404
0.00006996976298978552
0.00001111324399971636
0.0008653374388813972
0.0013238482642918825
0.0008424947736784816
0.000405291240895167
0.00010378166189184412
0.005263118073344231
0.0032156757079064846
0.0015981316100805998
0.00025348906638100743
0.0005943545256741345
0.004884379915893078
0.0009318934753537178
0.00011043609993066639
0.011308286339044571
0.0004289320495445281
0.029245536774396896
0.01801733858883381
0.00007636725786142051
0.0035619204863905907
0.0021315214689821005
0.003706013783812523
0.0003842579899355769
0.0035069009754806757
0.0021274348255246878
0.0005632102838717401
0.00010140023368876427
0.0002800090878736228
0.03587609529495239
0.023438986390829086
0.007604426238685846
0.0030197231099009514
0.0006444216705858707
0.016987591981887817
0.004685903433710337
0.00034072392736561596
0.005948999430984259
0.003547517117112875
0.020245546475052834
0.007965320721268654
0.0002628549700602889
0.016958827152848244
0.015320212580263615
0.0046106502413749695
0.0034937323071062565
0.00909707322716713
0.0006488764192909002
0.011872757226228714
0.0006654251483269036
0.0002267021918669343
0.022390326485037804
0.00823445338755846
0.0009750761091709137
0.00013517927436623722
0.0009083140175789595
0.0027876521926373243
0.000918471603654325
0.0038471794687211514
0.021284516900777817
0.004681318067014217
0.0007045207312330604
0.006078304257243872
0.00009506921196589246
0.0010589278535917401
0.0002460326359141618
0.000012985226021555718
0.005054039880633354
0.0013644197024405003
0.00013201325782574713
0.001303927507251501
0.001991078956052661
0.00006119922909419984
0.0014960962580516934
0.0035285025369375944
0.00014932230988051742
0.010793104767799377
0.03374803066253662
0.016882961615920067
0.0021377087105065584
0.00006432805093936622
0.0013419629540294409
0.0001836842711782083
0.00043491783435456455
0.0005469131283462048
0.005635315552353859
0.03032669797539711
0.0007688947953283787
0.001424162182956934
0.004100370686501265
0.012620987370610237
0.022671841084957123
0.006834978703409433
0.000047433604777324945
0.0006022009765729308
0.012686504982411861
0.0001155842692242004
0.0002106299070874229
0.00002232690530945547
0.010495270602405071
0.0008300590561702847
0.01249235775321722
0.004092663060873747
0.006405094172805548
0.00041486218106001616
0.004072544630616903
0.0023648005444556475
0.0006931721582077444
0.0003620855277404189
0.03365147486329079
0.00007652721251361072
0.010597906075417995
0.008726265281438828
0.005240937694907188
0.00003312657281639986
0.00018231022113468498
0.0011964984005317092
0.00028603977989405394
0.001494883676059544
0.000811837031506002
0.00016805832274258137
0.007606409955769777
0.010268772020936012
0.0003832319926004857
0.025312643498182297
0.002244736533612013
0.0001222730497829616
0.0009657807531766593
0.04147949814796448
0.00028801540611311793
0.00021025387104600668
0.0007210528710857034
0.00010571776510914788
0.0037677441723644733
0.0009881992591544986
0.0019650959875434637
0.021067753434181213
0.036539476364851
0.0013082331279292703
0.0010419354075565934
0.0021168102975934744
0.0014414971228688955
0.004795698449015617
0.000028704320357064717
0.0023241944145411253
0.0024430030025541782
0.00033337826607748866
0.0003950660757254809
0.016021735966205597
0.004400155507028103
0.0019248597091063857
0.00570241454988718
0.021250950172543526
0.00011002242536051199
0.05024036392569542
0.0009942171163856983
0.005643511191010475
0.008136596530675888
0.0029113611672073603
0.0013424973003566265
0.004025432281196117
0.0009681158699095249
0.0009416370885446668
0.017908593639731407
0.028791701421141624
0.0010039310436695814
0.02002597600221634
0.00040812388760969043
0.0003270705637987703
0.006347452290356159
0.025035835802555084
0.002013137796893716
0.0001321139861829579
0.0003625947283580899
0.005598982330411673
0.007297908421605825
0.0006209120037965477
0.020618584007024765
0.004444392863661051
0.0009339688695035875
0.01711922697722912
0.0020159631967544556
0.0010685448069125414
0.004285983741283417
0.0004689891648013145
0.013734910637140274
0.00028563226805999875
0.0012687447015196085
0.00016270589549094439
0.005872553214430809
0.00004707573680207133
0.002680001547560096
0.00010264564480166882
0.00004502430238062516
0.00012070346565451473
0.00036949641071259975
0.0014325621305033565
0.00040088806417770684
0.00004487983824219555
0.043664462864398956
0.0011744046350941062
0.015144641511142254
0.010115976445376873
0.0004632262862287462
0.0018883454613387585
0.0013317398261278868
0.007512165233492851
0.001673112390562892
0.005949072539806366
0.00026495952624827623
0.003290422260761261
0.017405834048986435
0.0014111895579844713
0.010365753434598446
0.000052505456551443785
0.009038393385708332
0.017661990597844124
0.0002612853713799268
0.004339110106229782
0.0008207681239582598
0.007071796339005232
0.0338517427444458
0.0005602302262559533
0.006407493259757757
0.046012792736291885
0.005642908625304699
0.002273279009386897
0.0001871832791948691
0.006977402605116367
0.00048792705638334155
0.00007383724005194381
0.001070843543857336
0.0016803331673145294
0.0020670630037784576
0.0025455921422690153
0.0018916056724265218
0.020792117342352867
0.0026044202968478203
0.0001342200703220442
0.0004368979134596884
0.00012884201714769006
0.004158276133239269
0.003974600695073605
0.0035394502338021994
0.0016560503281652927
0.00024504715111106634
0.000589079107157886
0.00035277893766760826
0.0003097695007454604
0.0037989953998476267
0.0005045795696787536
0.0022188699804246426
0.006722409278154373
0.0014590563951060176
0.002312103286385536
0.00010214303620159626
0.0024060949217528105
0.0019775410182774067
0.0011821190128102899
0.0003656175686046481
0.000041514405893394724
0.00019188495934940875
0.00021664175437763333
0.00102226750459522
0.012027914635837078
0.014254136011004448
0.00010007502714870498
0.0000991172855719924
0.000497384462505579
0.006212949752807617
0.005058253649622202
0.00003344934884808026
0.00011658903531497344
0.0012499402510002255
0.0005766376270912588
0.00015977217117324471
0.0006140209152363241
0.000010480697710590903
0.005327284801751375
0.000028401618692441843
0.0007690029451623559
0.000010941635991912335
0.00015439641720149666
0.013243170455098152
0.0003667919081635773
0.0005359133356250823
0.028007540851831436
0.0013508445117622614
0.0006956313736736774
0.0000428534513048362
0.0011237038997933269
0.0023596840910613537
0.0015759930247440934
0.0004720734723377973
0.0004798021982423961
0.0003578465257305652
0.00027351093012839556
0.000023343507564277388
0.001754216616973281
0.00006993093847995624
0.009430543519556522
0.0012385838199406862
0.0029769425746053457
0.0016639709938317537
0.000660294434055686
0.003614124609157443
0.00015667002298869193
0.001670143217779696
0.011234604753553867
0.015255367383360863
0.0016078474000096321
0.0003092705155722797
0.0017328897956758738
0.0037472869735211134
0.00016968522686511278
0.005305917002260685
0.0013127538841217756
0.0007456460152752697
0.005777181126177311
0.00415993295609951
0.0004679392441175878
0.0012068713549524546
0.0010388114023953676
0.0001513929892098531
0.0010876946616917849
0.071926049888134
0.007205851376056671
0.019907865673303604
0.0006129021639935672
0.011871138587594032
0.008178154937922955
0.00025534594897180796
0.013871626928448677
0.00013274139200802892
0.026539204642176628
0.0015891657676547766
0.015013949014246464
0.011892608366906643
0.00006840838614152744
0.00033003996941260993
0.00003745837966562249
0.0001357139553874731
0.016657771542668343
0.00007028166874079034
0.010436703450977802
0.0004181821714155376
0.0005111471982672811
0.00036027858732268214
0.00033358598011545837
0.0011269946116954088
0.0007723537855781615
0.027977366000413895
0.0009363471763208508
0.00683924276381731
0.000839992193505168
0.00036840097163803875
0.04474540054798126
0.0004423482751008123
0.007389819249510765
0.034975916147232056
0.004619827028363943
0.0007305151084437966
0.0008334165904670954
0.003919143695384264
0.010912551544606686
0.00018011911015491933
0.0304836705327034
0.000045119912101654336
0.0005669404054060578
0.03792630136013031
0.0034980550408363342
0.00046033880789764225
0.0010442467173561454
0.00023455456539522856
0.00290879188105464
0.000193227591807954
0.0003562304191291332
0.0004888470284640789
0.004223695024847984
0.0049298228695988655
0.0024247560650110245
0.004742083605378866
0.000888861424755305
0.027597153559327126
0.021297024562954903
0.0026109220925718546
0.00007165695569710806
0.003432102734223008
0.00025026730145327747
0.0007054695161059499
0.0012533525004982948
0.0007181951077654958
0.0005412824684754014
0.0009622714715078473
0.007577929645776749
0.000010311472578905523
0.009763858281075954
0.0006132472772151232
0.0021645803935825825
0.0003923275216948241
0.005202826578170061
