0.012570668011903763
0.007415247615426779
0.01223398745059967
0.011562339961528778
0.03169236704707146
0.0070037501864135265
0.010152324102818966
0.07355234026908875
0.008453267626464367
0.04738600179553032
0.018392490223050117
0.00912158377468586
0.02437717840075493
0.04049014672636986
0.010165246203541756
0.00786951370537281
0.013971857726573944
0.015567605383694172
0.004845660179853439
0.014491340145468712
0.0099734365940094
0.005450973752886057
0.013177578337490559
0.05351870507001877
0.014089028351008892
0.005381496623158455
0.04306167736649513
0.007471469230949879
0.012554108165204525
0.003859366523101926
0.0030197305604815483
0.0214687529951334
0.012241491116583347
0.01848008669912815
0.02055910788476467
0.04567905142903328
0.003936584107577801
0.0021668702829629183
0.004738474730402231
0.0074254958890378475
0.003656641347333789
0.0344594269990921
0.023448681458830833
0.002361541148275137
0.009879316203296185
0.002865687943994999
0.07493331283330917
0.01903977431356907
0.020103903487324715
0.014788255095481873
0.017059898003935814
0.01441258005797863
0.01376284845173359
0.01666782982647419
0.009889473207294941
0.04355933517217636
0.016882551833987236
0.007726231124252081
0.07211051881313324
0.011238928884267807
0.06218083202838898
0.03159967064857483
0.041985612362623215
0.08949499577283859
0.0124822948127985
0.014246180653572083
0.02626623958349228
0.014798937365412712
0.008573423139750957
0.05060025677084923
0.007008848711848259
0.056893061846494675
0.02538037858903408
0.011154483072459698
0.03421932831406593
0.011092929169535637
0.045525722205638885
0.01734585128724575
0.014708557166159153
0.008867168799042702
0.016332238912582397
0.05761059746146202
0.029984276741743088
0.026035530492663383
0.07056637108325958
0.03258833289146423
0.014855314046144485
0.021659748628735542
0.02667495794594288
0.027610715478658676
0.012894615530967712
0.016847694292664528
0.026204008609056473
0.018627475947141647
0.0050094579346477985
0.016419826075434685
0.010483600199222565
0.008992696180939674
0.007173707243055105
0.020563241094350815
0.02106294222176075
0.021221909672021866
0.0027240857016295195
0.02738851308822632
0.02027284912765026
0.007750639226287603
0.042122919112443924
0.025614766404032707
0.02182653918862343
0.019164472818374634
0.038364507257938385
0.06561341136693954
0.016783608123660088
0.02269733138382435
0.003210896858945489
0.004301521927118301
0.0067327325232326984
0.0049329656176269054
0.01055508479475975
0.012803233228623867
0.024920687079429626
0.026802171021699905
0.05290808528661728
0.017029443755745888
0.007446723990142345
0.00306632649153471
0.0538395494222641
0.008648407645523548
0.025034625083208084
0.03566863760352135
0.006999234203249216
0.10746333003044128
0.016573503613471985
0.0013000685721635818
0.0032849465496838093
0.03800586983561516
0.018822921440005302
0.08622195571660995
0.004329354967921972
0.029359791427850723
0.02408996783196926
0.07582302391529083
0.0024524496402591467
0.008391023613512516
0.011176180094480515
0.02153511717915535
0.02903583087027073
0.05035131797194481
0.0026586067397147417
0.007973453029990196
0.013730301521718502
0.029231363907456398
0.03442918881773949
0.001687041250988841
0.008649691008031368
0.0023597865365445614
0.027734406292438507
0.06751002371311188
0.013065113686025143
0.011274563148617744
0.011346941813826561
0.0344977080821991
0.017183929681777954
0.05009876936674118
0.011348774656653404
0.011431039310991764
0.003873749403283
0.002551021985709667
0.01909717358648777
0.002731460379436612
0.04573779180645943
0.06913544982671738
0.02031402662396431
0.022187162190675735
0.0009151151753030717
0.00962862093001604
0.008294941857457161
0.03844450041651726
0.009044022299349308
0.00304272654466331
0.11138282716274261
0.0343816764652729
0.011769718490540981
0.008581471629440784
0.05832626298069954
0.03597123920917511
0.00914179626852274
0.011101619340479374
0.05198908597230911
0.024493113160133362
0.006148723419755697
0.04804617911577225
0.030662158504128456
0.02557346411049366
0.11809734255075455
0.003879562485963106
0.008942886255681515
0.025298234075307846
0.009063425473868847
0.017396243289113045
0.006097417790442705
0.03787842020392418
0.04335079342126846
0.0034765752498060465
0.04129340127110481
0.03936398774385452
0.032475825399160385
0.00934113934636116
0.03906935825943947
0.04364621266722679
0.019045699387788773
0.0473187118768692
0.0031587930861860514
0.10015382617712021
0.022629279643297195
0.013594238087534904
0.0020694176200777292
0.013024095445871353
0.002327614463865757
0.018867727369070053
0.06526576727628708
0.027725648134946823
0.016840165480971336
0.0324166864156723
0.004476847592741251
0.015917981043457985
0.013014066964387894
0.01854419894516468
0.03151042386889458
0.03899650275707245
0.057176318019628525
0.02919071353971958
0.003296133130788803
0.025677096098661423
0.015024568885564804
0.021496497094631195
0.0989033505320549
0.04853425920009613
0.045952122658491135
0.02543654851615429
0.01206545252352953
0.00402158172801137
0.01405511237680912
0.03063461370766163
0.013666030950844288
0.007018737029284239
0.040652964264154434
0.009523346088826656
0.03931983560323715
0.009755310602486134
0.0262278001755476
0.012309420853853226
0.048142991960048676
0.04233861342072487
0.006016347091645002
0.02783583477139473
0.04176900163292885
0.04183998331427574
0.016138505190610886
0.004436764400452375
0.004813314415514469
0.06546781957149506
0.020656218752264977
0.012801321223378181
0.02035382390022278
0.020874015986919403
0.009076395072042942
0.0022206855937838554
0.01116910483688116
0.021476715803146362
0.00938352383673191
0.020062917843461037
0.055120907723903656
0.005746099632233381
0.007090028841048479
0.023424137383699417
0.005528884939849377
0.058535072952508926
0.04002238065004349
0.03929522633552551
0.004762884695082903
0.006472045090049505
0.004355719778686762
0.015273216180503368
0.03926132619380951
0.010869692079722881
0.029762569814920425
0.004448061343282461
0.0027434902731329203
0.0062233866192400455
0.03324831649661064
0.04770432412624359
0.0350496806204319
0.012668676674365997
0.0086514325812459
0.008431090041995049
0.00896935909986496
0.00904515478760004
0.012763702310621738
0.016116628423333168
0.0078085921704769135
0.04058399423956871
0.014064005576074123
0.006981705315411091
0.01820223778486252
0.007336537819355726
0.004095645155757666
0.018822601065039635
0.006091257557272911
0.06218966096639633
0.038073617964982986
0.02227429673075676
0.008459831587970257
0.042946647852659225
0.009290431626141071
0.004789551720023155
0.007121490780264139
0.04132748767733574
0.06719349324703217
0.06337012350559235
0.004861441440880299
0.033967263996601105
0.0031073654536157846
0.0024937880225479603
0.021552182734012604
0.0039734551683068275
0.002421504817903042
0.04839828982949257
0.027762822806835175
0.003910691011697054
0.011886908672749996
0.039072923362255096
0.003429848002269864
0.05945597589015961
0.012273548170924187
0.013206192292273045
0.06786792725324631
0.010934751480817795
0.015757286921143532
0.011581605300307274
0.03220469132065773
0.021567190065979958
0.02269967645406723
0.012747715227305889
0.033976905047893524
0.04513015225529671
0.02084500901401043
0.005300784483551979
0.006380839738994837
0.021016081795096397
0.06608244776725769
0.016422435641288757
0.08599331974983215
0.06645414233207703
0.014409827068448067
0.018323734402656555
0.04282573238015175
0.009593655355274677
0.007654144894331694
0.004965997766703367
0.008399509824812412
0.03227779269218445
0.02760281227529049
0.01741185411810875
0.005471492651849985
0.02680477499961853
0.0011308538960292935
0.0471087247133255
0.0709172859787941
0.0513487309217453
0.03713180869817734
0.02198685146868229
0.01763753965497017
0.0061227111145854
0.05735889822244644
0.012125775218009949
0.006428687367588282
0.006393149960786104
0.009903605096042156
0.05162476375699043
0.006544323172420263
0.017528627067804337
0.011795963160693645
0.005500652827322483
0.021456435322761536
0.0437859371304512
0.039985936135053635
0.010337870568037033
0.03678092733025551
0.01825123094022274
0.022021129727363586
0.012992244213819504
0.026050440967082977
0.006578980013728142
0.09307317435741425
0.032897841185331345
0.02677096426486969
0.010410301387310028
0.02381984516978264
0.016998732462525368
0.06458058953285217
0.02183743193745613
0.020847782492637634
0.027258606627583504
0.05711241811513901
0.014744783751666546
0.0216633640229702
0.03315776586532593
0.015007967129349709
0.012283666990697384
0.0076017179526388645
0.016556277871131897
0.024658342823386192
0.030002713203430176
0.028377119451761246
0.017661968246102333
0.00636229757219553
0.02852572314441204
0.039470311254262924
0.007737934123724699
0.021294614300131798
0.007870940491557121
0.028300218284130096
0.003430083626881242
0.013124247081577778
0.013070710003376007
0.03643430396914482
0.010082297958433628
0.06119539216160774
0.014349820092320442
0.02589704841375351
0.039948951452970505
0.01685667783021927
0.009124834090471268
0.045759059488773346
0.028790965676307678
0.01386919617652893
0.020547742024064064
0.0178134236484766
0.0032865365501493216
0.037625230848789215
0.013686773367226124
0.011621234007179737
0.016752084717154503
0.040233783423900604
0.00784374214708805
0.007983791641891003
0.037826575338840485
0.00855268631130457
0.009435760788619518
0.025241024792194366
0.05375611037015915
0.045096255838871
0.002399213146418333
0.0026898623909801245
0.03532198444008827
0.10942702740430832
0.01439148373901844
0.00274746329523623
0.03136754408478737
0.035252802073955536
0.015888772904872894
0.013686157763004303
0.031095800921320915
0.0076978858560323715
0.09748885780572891
0.004183439537882805
0.04254278168082237
0.00669065723195672
0.01095575001090765
0.014019722118973732
0.01782805472612381
0.002058545360341668
0.040028639137744904
0.004007022827863693
0.00518760783597827
0.008933596312999725
0.0039535886608064175
0.027399593964219093
0.005673684179782867
0.026557449251413345
0.005798938684165478
0.029159322381019592
0.01184939593076706
0.06497955322265625
0.007267644163221121
0.015171917155385017
0.027887383475899696
0.010813760571181774
0.005370455328375101
0.0020739922765642405
0.0701875239610672
0.001982653047889471
0.003836059710010886
0.006436645053327084
0.004995702765882015
0.022246846929192543
0.0037427726201713085
0.08417075872421265
0.030107775703072548
0.01237141340970993
0.0194109920412302
0.011943500488996506
0.003448398318141699
0.014582859352231026
0.003135227831080556
0.08127577602863312
0.007607442792505026
0.03105536662042141
0.026240292936563492
0.020875323563814163
0.004862664733082056
0.0029216210823506117
0.0062390826642513275
0.004189415834844112
0.006708163768053055
0.03797807916998863
0.02255631424486637
0.03473976254463196
0.03533744439482689
0.028949372470378876
0.0562564991414547
0.0034519913606345654
0.04099666327238083
0.04847628250718117
0.031294986605644226
0.004179885610938072
0.027098743245005608
0.03591427952051163
0.0007195112993940711
0.008735749870538712
0.02292906492948532
0.023180723190307617
0.00781326089054346
0.012407887727022171
0.015906019136309624
0.0032705694902688265
0.014474833384156227
0.019184652715921402
0.037831638008356094
0.003649510908871889
0.02987201325595379
0.012446749024093151
0.009327906183898449
0.014614887535572052
0.0023909383453428745
0.015612256713211536
0.011121861636638641
0.0318061001598835
0.021159254014492035
0.002205834724009037
0.023379569873213768
0.009651931002736092
0.002547229640185833
0.036269959062337875
0.026810044422745705
0.006822827737778425
0.027012500911951065
0.03615500032901764
0.006256602704524994
0.04620832949876785
0.02267475426197052
0.0633704885840416
0.032978277653455734
0.003639897797256708
0.002330455696210265
0.003602744545787573
0.010201296769082546
0.0022750338539481163
0.005923023447394371
0.01227739080786705
0.02851695753633976
0.02658018283545971
0.022965671494603157
0.023789439350366592
0.027950730174779892
0.006555492058396339
0.007057423237711191
0.004564959090203047
0.0011490319157019258
0.01293903961777687
0.02461807243525982
0.02685978077352047
0.019586505368351936
0.02179277502000332
0.01775291934609413
0.008332437835633755
0.04094920679926872
0.00909449253231287
0.007069475948810577
0.005673291627317667
0.014196634292602539
0.03434600681066513
0.02140408381819725
0.014602065086364746
0.018030332401394844
0.013182749040424824
0.009970678947865963
0.0526653416454792
0.010370641946792603
0.011802753433585167
0.04636972397565842
0.024985890835523605
0.04899493604898453
0.003714883467182517
0.021058274433016777
0.030398523434996605
0.004021455533802509
0.005351364146918058
0.01639300398528576
0.014764460735023022
0.023699574172496796
0.03021957352757454
0.012842989526689053
0.0028421867173165083
0.04336995631456375
0.03401821106672287
0.003422002773731947
0.0078096711076796055
0.024286482483148575
0.014092064462602139
0.03421192616224289
0.01473131775856018
0.021625898778438568
0.025316298007965088
0.05470811948180199
0.09256058186292648
0.03621143475174904
0.013786022551357746
0.007901002652943134
0.03408186882734299
0.0017345673404633999
0.06079667806625366
0.006731566973030567
0.004713115282356739
0.01120063103735447
0.007314094342291355
0.006016481202095747
0.007371159270405769
0.022084133699536324
0.015427217818796635
0.014280740171670914
0.020535897463560104
0.002876064507290721
0.03347473591566086
0.07646694034337997
0.002774437190964818
0.04506932571530342
0.008546572178602219
0.018872477114200592
0.007816390134394169
0.022495178505778313
0.019975505769252777
0.008614315651357174
0.0030250586569309235
0.016452280804514885
0.015178610570728779
0.05153455212712288
0.02043594792485237
0.03583759069442749
0.012661765329539776
0.016076188534498215
0.010451942682266235
0.008585723116993904
0.013931301422417164
0.014853684231638908
0.008125761523842812
0.0439702570438385
0.00948398932814598
0.014838914386928082
0.03270334750413895
0.014806533232331276
0.009127925150096416
0.008865376003086567
0.05146721377968788
0.024812759831547737
0.0006081910105422139
0.0061271097511053085
0.01222031656652689
0.004962872248142958
0.002172649372369051
0.012989611364901066
0.07173486799001694
0.06099062040448189
0.0832432433962822
0.04654351621866226
0.0059896958991885185
0.017225442454218864
0.02916969172656536
0.004793913569301367
0.00629873713478446
0.015656137838959694
0.04266950488090515
0.024178560823202133
0.002005190821364522
0.01995220221579075
0.06348506361246109
0.05153707042336464
0.0101168779656291
0.011571208015084267
0.03786193206906319
0.006409722380340099
0.023470329120755196
0.007288894150406122
0.03319437801837921
0.012568408623337746
0.018405647948384285
0.03542817756533623
0.04164719581604004
0.003999198321253061
0.04042249172925949
0.023044168949127197
0.0027023290749639273
0.01636834442615509
0.01570875383913517
0.009523308835923672
0.034135665744543076
0.020741118118166924
0.017653459683060646
0.030661148950457573
0.006833009421825409
0.022237230092287064
0.02220405638217926
0.002994310576468706
0.005179049912840128
0.04132150113582611
0.04335930570960045
0.03704826906323433
0.017271241173148155
0.039711128920316696
0.002451312029734254
0.025220820680260658
0.0334019735455513
0.016088124364614487
0.008232139982283115
0.017256613820791245
0.01857232116162777
0.018201645463705063
0.0016221788246184587
0.003470556577667594
0.03441893681883812
0.013553963974118233
0.027355393394827843
0.006745324470102787
0.0057151420041918755
0.01233185175806284
0.005126106087118387
0.02383551560342312
0.14297007024288177
0.05469093471765518
0.03334346413612366
0.06783249229192734
0.00376296229660511
0.009761317633092403
0.026453198865056038
0.03795536980032921
0.007402142975479364
0.006622885819524527
0.0008836620836518705
0.008976511657238007
0.016920628026127815
0.02326052263379097
0.08954843878746033
0.05406004935503006
0.009005513973534107
0.005193480756133795
0.00607474148273468
0.0045843240804970264
0.0031154537573456764
0.0019035025034099817
0.00736195920035243
0.008502149023115635
0.02576925791800022
0.05229092761874199
0.007255662698298693
0.016797125339508057
0.015978293493390083
0.016146095469594002
0.02018789015710354
0.03250294551253319
0.006485557183623314
0.0190007034689188
0.061314791440963745
0.012185688130557537
0.022935574874281883
0.012646883726119995
0.02257552184164524
0.019691023975610733
0.06294036656618118
0.03901555761694908
0.01302565447986126
0.052852146327495575
0.006611819379031658
0.03907646983861923
0.03361371532082558
0.035914212465286255
0.040656328201293945
0.04221174120903015
0.02327030897140503
0.0037587943952530622
0.012449215166270733
0.0037371856160461903
0.03346186876296997
0.02829769067466259
0.021705280989408493
0.0233756210654974
0.0022584355901926756
0.012612255290150642
0.028052369132637978
0.024161681532859802
0.00362052652053535
0.025536734610795975
0.009757238440215588
0.010939018800854683
0.019115913659334183
0.013432055711746216
0.02458837442100048
0.002981338184326887
0.005116361193358898
0.030617082491517067
0.018787315115332603
0.023866696283221245
0.01115872897207737
0.02442023903131485
0.014786330983042717
0.004446826409548521
0.03379528596997261
0.01599738374352455
0.016989929601550102
0.002803538925945759
0.020090915262699127
0.004545529372990131
0.013571979478001595
0.02900094911456108
0.01057600136846304
0.02084323763847351
0.006886639166623354
0.03224915638566017
0.04492328315973282
0.001959587214514613
0.03256702423095703
0.009048300795257092
0.008039597421884537
0.026252523064613342
0.013495828956365585
0.02490849792957306
0.004736233036965132
0.011793265119194984
0.0019664091523736715
0.0022207265719771385
0.024701029062271118
0.010748610831797123
0.007655930705368519
0.020648635923862457
0.0781688466668129
0.026025351136922836
0.010512592270970345
0.010936122387647629
0.003181972075253725
0.0029499696101993322
0.020563120022416115
0.01025313138961792
0.026491880416870117
0.021710338070988655
0.011019737459719181
0.006701139733195305
0.00984338577836752
0.004643473774194717
0.02291885018348694
0.033471234142780304
0.005921596195548773
0.01813531666994095
0.04198908805847168
0.01854097470641136
0.010920348577201366
0.020928150042891502
0.005370550788938999
0.004234181251376867
0.02856237068772316
0.014570293016731739
0.0261969193816185
0.014848984777927399
0.0047602117992937565
0.0037294805515557528
0.08941952139139175
0.008877207525074482
0.04136670008301735
0.005423603113740683
0.014005374163389206
0.008467416279017925
0.01703709363937378
0.012030009180307388
0.05993752181529999
0.003836998250335455
0.010140237398445606
0.0265971627086401
0.010948287323117256
0.01528303325176239
0.013575868681073189
0.02254074066877365
0.01922222040593624
0.00851696077734232
0.002406879561021924
0.037390679121017456
0.014960692264139652
0.058509111404418945
0.013598660007119179
0.01701333560049534
0.002672904171049595
0.03691826015710831
0.04045557975769043
0.028664538636803627
0.016899380832910538
0.01874668337404728
0.030351486057043076
0.013124347664415836
0.012509079650044441
0.003921018447726965
0.006405560299754143
0.014171687886118889
0.029226792976260185
0.003305560676380992
0.0026962433476001024
0.012019055895507336
0.0013131527230143547
0.03964058682322502
0.014595742337405682
0.01617848128080368
0.023089559748768806
0.027594009414315224
0.033589642494916916
0.007352669723331928
0.018546482548117638
0.011465719901025295
0.006940839346498251
0.009200004860758781
0.031463563442230225
0.01806534267961979
0.008992834016680717
0.008270209655165672
0.024263717234134674
0.02290269359946251
0.00675586611032486
0.023430822417140007
0.03399159759283066
0.012283985503017902
0.010848797857761383
0.036538977175951004
0.016104338690638542
0.010842378251254559
0.00521195400506258
0.06572332233190536
0.11057402938604355
0.03614945709705353
0.02383764646947384
0.014312897808849812
0.005930999293923378
0.024469412863254547
0.002234803745523095
0.09148325771093369
0.018200045451521873
0.014506782405078411
0.018089018762111664
0.007111581042408943
0.024916550144553185
0.03850080072879791
0.011630330234766006
0.0048391916789114475
0.041119035333395004
0.013362201862037182
0.0356537401676178
0.03364013135433197
0.05648982524871826
0.013869536109268665
0.012809138745069504
0.031284984201192856
0.021332131698727608
0.009011752903461456
0.02080170065164566
0.013390530832111835
0.027322199195623398
0.0026205384638160467
0.0031640517991036177
0.025065947324037552
0.010737319476902485
0.011804183013737202
0.08215771615505219
0.01604684256017208
0.005879138130694628
0.005739881191402674
0.019705213606357574
0.08267977833747864
0.006327030714601278
0.017434798181056976
0.007450804114341736
0.001711157732643187
0.0028190910816192627
0.024184493348002434
0.01637905091047287
0.020509077236056328
0.016340864822268486
0.007551700342446566
0.0195393618196249
0.037083085626363754
0.007964898832142353
0.015884488821029663
0.07395206391811371
0.0045942822471261024
0.00254893209785223
0.004764949437230825
0.003497231751680374
0.03679525852203369
0.024105127900838852
0.011110520921647549
0.0037440466694533825
0.005267587024718523
0.040270864963531494
0.019685685634613037
0.011191205121576786
0.02071096934378147
0.03173131123185158
0.01299208402633667
0.010866093449294567
0.01194362435489893
0.015055421739816666
0.006265326403081417
0.004160257987678051
0.050490543246269226
0.06179804354906082
0.04010659456253052
0.10878407955169678
0.02043461613357067
0.045538101345300674
0.005919999442994595
0.006642890628427267
0.006832529325038195
0.03479431942105293
0.017699019983410835
0.005947945173829794
0.036024630069732666
0.03397304192185402
0.004294420126825571
0.02110140211880207
0.003197206649929285
0.01975792460143566
0.0676276832818985
0.019056174904108047
0.019980549812316895
0.028903979808092117
0.022395234555006027
0.016161756590008736
0.002434185240417719
0.017401907593011856
0.014007081277668476
0.017542365938425064
0.01628432236611843
0.03461536392569542
0.030723391100764275
0.01624388061463833
0.031834572553634644
0.003480905434116721
0.12733256816864014
0.0030192837584763765
0.04012328013777733
0.006954621989279985
0.004826363176107407
0.030820153653621674
0.003983217291533947
0.027723021805286407
0.013760201632976532
0.01232504565268755
0.03065623715519905
0.034913673996925354
0.017098810523748398
0.015338119119405746
0.047488514333963394
0.007223164197057486
0.00755378557369113
0.01507515273988247
0.07754869014024734
0.015905527397990227
0.0025708458852022886
0.06824878603219986
0.043942004442214966
0.010300355032086372
0.06297757476568222
0.005721984896808863
0.049041152000427246
0.01367409061640501
0.020024510100483894
0.0020087985321879387
0.014730953611433506
0.007721242494881153
0.017109382897615433
0.009256876073777676
0.028428582474589348
0.049833815544843674
0.025491829961538315
0.02633666805922985
0.02456846460700035
0.006730499677360058
0.004905405454337597
0.032835155725479126
0.013373247347772121
0.010312122292816639
0.0041870842687785625
0.011319599114358425
0.014078729785978794
0.029580162838101387
0.011156692169606686
0.04163393750786781
0.0069251409731805325
0.01158424373716116
0.02057037316262722
0.0057023074477910995
0.05463990196585655
0.007291932590305805
0.00453992560505867
0.004130313638597727
0.06472904235124588
0.059466518461704254
0.00237763999029994
0.01749776303768158
0.005702679511159658
0.05666262283921242
0.01665540039539337
0.002877267077565193
0.012828938663005829
0.00980573520064354
0.02465503104031086
0.06410878896713257
0.04975201189517975
0.03812778368592262
0.02007375657558441
0.017796307802200317
0.007838117890059948
0.00496454443782568
0.029088830575346947
0.003816841868683696
0.045147404074668884
0.05895950272679329
0.025253521278500557
0.005938805639743805
0.01593734882771969
0.0770309567451477
0.0335865318775177
0.06478755176067352
0.028041940182447433
0.021430619060993195
0.02556341141462326
0.032907892018556595
0.005522008519619703
0.011742180213332176
0.010305493138730526
0.00994985643774271
0.04022803157567978
0.008992505259811878
0.011482588946819305
0.01322771143168211
0.011689235456287861
0.010975032113492489
0.04272576421499252
0.013983342796564102
0.04696572944521904
0.02554239146411419
0.014317628927528858
0.035180360078811646
0.03285543993115425
0.01529773510992527
0.014977702870965004
0.016475480049848557
0.014018891379237175
0.034313563257455826
0.002235035877674818
0.003171526361256838
0.02001212351024151
0.07825004309415817
0.023815711960196495
0.015919487923383713
0.041639916598796844
0.006696035154163837
0.010129868052899837
0.023980673402547836
0.001124103437177837
0.01255546323955059
0.008251700550317764
0.008839787915349007
0.0038670930080115795
0.014520997181534767
0.02663487195968628
0.029579874128103256
0.06748693436384201
0.04157136753201485
0.034469619393348694
0.015176160261034966
0.00913070049136877
0.03269312158226967
0.018293751403689384
0.02066238597035408
0.0560341477394104
0.024051904678344727
0.03648485988378525
0.008313295431435108
0.013651786372065544
0.005108758341521025
0.024228177964687347
0.014174612239003181
0.010711414739489555
0.052339568734169006
0.012965003959834576
0.027007348835468292
0.00915425643324852
0.03689548373222351
0.008770134299993515
0.005799298174679279
0.011148183606564999
0.045825038105249405
0.02564350888133049
0.0020477494690567255
0.03958803787827492
0.02570674754679203
0.009171778336167336
0.09626494348049164
0.033771269023418427
0.05867891386151314
0.01900501921772957
0.010545271448791027
0.00797689612954855
0.011958490125834942
0.004394197370857
0.023538433015346527
0.010174973867833614
0.03355468064546585
0.01447166595607996
0.014189597219228745
0.008695041760802269
0.0006337039521895349
0.029693283140659332
0.0061992015689611435
0.03316285088658333
0.006983280647546053
0.028955703601241112
0.007672702427953482
0.030739041045308113
0.011378255672752857
0.05888264626264572
0.03229723870754242
0.02071141079068184
0.028217943385243416
0.018142759799957275
0.003530193818733096
0.0066822548396885395
0.033592939376831055
0.052189361304044724
0.017327016219496727
0.021423649042844772
0.04650316759943962
0.01912391372025013
0.01567733660340309
0.08627567440271378
0.01040525920689106
0.026347193866968155
0.05878068506717682
0.01012937631458044
0.014106841757893562
0.03927421197295189
0.013951374217867851
0.02230585552752018
0.005817412864416838
0.0016116905026137829
0.0057375067844986916
0.004876446444541216
0.016699722036719322
0.005732366815209389
0.020731577649712563
0.010608969256281853
0.00654382212087512
0.0182112418115139
0.04851248487830162
0.009861950762569904
0.02374289743602276
0.005755114369094372
0.006567629054188728
0.08555006980895996
0.024816468358039856
0.01932314783334732
0.0007314215763472021
0.008872167207300663
0.013075754046440125
0.002592970384284854
0.0320819653570652
0.0050196219235658646
0.002171285916119814
0.02306588552892208
0.03841887786984444
0.07197035849094391
0.015064691193401814
0.01308630220592022
0.02642340026795864
0.033233851194381714
0.015620597638189793
0.09895876795053482
0.015484477393329144
0.076010562479496
0.006755492649972439
0.015445995144546032
0.028417397290468216
0.0037427020724862814
0.046205390244722366
0.037346843630075455
0.018998468294739723
0.0006274242186918855
0.0016516463365405798
0.013947996310889721
0.0053194426000118256
0.053646694868803024
0.08966287970542908
0.002903810003772378
0.06865689158439636
0.008093210868537426
