0.006492267828434706
0.011532328091561794
0.005299386102706194
0.00170010922010988
0.003491514828056097
0.0010535375913605094
0.0045012664049863815
0.0010045015951618552
0.004655290860682726
0.0038148064631968737
0.015372784808278084
0.028138644993305206
0.013832472264766693
0.013194737955927849
0.004967569373548031
0.0004189100582152605
0.0070999679155647755
0.0005544096347875893
0.0009030294604599476
0.0037802443839609623
0.014150193892419338
0.0004074424796272069
0.01528848521411419
0.01979839988052845
0.00881380308419466
0.0005231155082583427
0.0018204681109637022
0.00018078902212437242
0.00606107572093606
0.0013787697535008192
0.0002985484607052058
0.0011558792321011424
0.0009157290915027261
0.002415146678686142
0.0010053084697574377
0.008511930704116821
0.010360670275986195
0.012348664924502373
0.002611597301438451
0.0007313897949643433
0.003387448377907276
0.013740059919655323
0.004334998317062855
0.0024701133370399475
0.005032961722463369
0.0012026254553347826
0.007211716845631599
0.0022102247457951307
0.02044600062072277
0.03229261934757233
0.0010324406903237104
0.0007311484660021961
0.014474429190158844
0.00016659357061143965
0.01760641485452652
0.002367964945733547
0.013447721488773823
0.010849731974303722
0.0050886585377156734
0.005029554013162851
0.005378950387239456
0.018206434324383736
0.004327160771936178
0.004205396864563227
0.01159665733575821
0.0020797247998416424
0.0011640886077657342
0.01995384506881237
0.001156856887973845
0.0006282235844992101
0.01695096306502819
0.006617522332817316
0.0006712254253216088
0.005992860533297062
0.002619291190057993
0.023780956864356995
0.013189537450671196
0.012084164656698704
0.0037849361542612314
0.009947276674211025
0.03079807572066784
0.005232622381299734
0.02333621308207512
0.004442139528691769
0.01931910216808319
0.002551426412537694
0.005168321076780558
0.07282091677188873
0.004339469131082296
0.00829001609236002
0.0002497743407730013
0.02634224109351635
0.0025325396563857794
0.017850637435913086
0.0011892745969817042
0.0026240081060677767
0.002142316894605756
0.009778215549886227
0.0006530467071570456
0.01689249649643898
0.00473287096247077
0.0010069641284644604
0.018763715401291847
0.012721804901957512
0.007707607001066208
0.000697602576110512
0.007626945618540049
0.0006118128658272326
0.0012892220402136445
0.01744319126009941
0.01696089468896389
0.007282272446900606
0.0003411267534829676
0.017310351133346558
0.0019547913689166307
0.0015113642439246178
0.0014257937436923385
0.002991632092744112
0.008384623564779758
0.008613367564976215
0.0020629880018532276
0.0006602542707696557
0.015757905319333076
0.0004652432107832283
0.03404996544122696
0.005996042396873236
0.0007325433543883264
0.02207150124013424
0.0022392496466636658
0.021438883617520332
0.004609111696481705
0.01410476490855217
0.0017164888558909297
0.0005765584646724164
0.0008902559638954699
0.011870216578245163
0.019718147814273834
0.038764022290706635
0.01964704319834709
0.0005063501303084195
0.02378922887146473
0.0006472186069004238
0.0034087663516402245
0.042325325310230255
0.04092429205775261
0.023718860000371933
0.007414853200316429
0.0006290272576734424
0.00843794085085392
0.01944994553923607
0.013414441607892513
0.014846418984234333
0.004594764672219753
0.0070283664390444756
0.004140961449593306
0.0007440681220032275
0.001906258170492947
0.05091145262122154
0.0037691600155085325
0.0027977286372333765
0.0006079560262151062
0.012622464448213577
0.0015049390494823456
0.0013156055938452482
0.001841723918914795
0.013094516471028328
0.0009627072140574455
0.01602650061249733
0.0005199062870815396
0.00034524640068411827
0.006924957502633333
0.011472659185528755
0.027754100039601326
0.004210317973047495
0.0009625648963265121
0.0007138940272852778
0.004812164232134819
0.012019975110888481
0.009068718180060387
0.0007963612442836165
0.03038119338452816
0.00919207651168108
0.013839886523783207
0.0010167935397475958
0.0003989395627286285
0.036407724022865295
0.0017384713282808661
0.008223872631788254
0.007956963032484055
0.0007333352114073932
0.018439725041389465
0.0028168365824967623
0.0009835856035351753
0.002130769658833742
0.0016038925386965275
0.002870481228455901
0.002063560299575329
0.005181422922760248
0.00733308307826519
0.0022504222579300404
0.002588423900306225
0.004794285632669926
0.0017161016585305333
0.000938217737711966
0.027666503563523293
0.00965447723865509
0.0024106749333441257
0.007387499324977398
0.0030766765121370554
0.009322458878159523
0.005951880011707544
0.00915439147502184
0.0004915688186883926
0.0071552228182554245
0.017172520980238914
0.0037087020464241505
0.018161537125706673
0.023236678913235664
0.007498347200453281
0.014923298731446266
0.0009415718959644437
0.011158504523336887
0.014555180445313454
0.003285729791969061
0.0005657304427586496
0.012749362736940384
0.007408434525132179
0.006987703498452902
0.0015405378071591258
0.0009418295230716467
0.00876620039343834
0.0009515532874502242
0.00816164817661047
0.0004545454867184162
0.01516516413539648
0.0125488992780447
0.00779926311224699
0.009417031891644001
0.027155589312314987
0.007987475022673607
0.01526802871376276
0.0013442696072161198
0.0007842585910111666
0.01905146613717079
0.0011356277391314507
0.0005958371912129223
0.0054479786194860935
0.0017537017120048404
0.021323904395103455
0.0017716123256832361
0.002025643363595009
0.0008870329475030303
0.00047512201126664877
0.0018718151841312647
0.010858995839953423
0.0008205042686313391
0.004466364625841379
0.006891877856105566
0.0011865178821608424
0.05594827979803085
0.03165125101804733
0.0028927703388035297
0.0049648527055978775
0.001350737176835537
0.034642986953258514
0.004100156482309103
0.011657241731882095
0.0011568859918043017
0.0048821852542459965
0.010648547671735287
0.0007180330576375127
0.049787551164627075
0.0024053531233221292
0.005572440102696419
0.0008319265907630324
0.004670746624469757
0.026421237736940384
0.005035400390625
0.000306367059238255
0.00027219101320952177
0.0024358071386814117
0.0007089723367244005
0.006439822725951672
0.006077434401959181
0.015601364895701408
0.0024971142411231995
0.0015398722607642412
0.00040417962009087205
0.008596285246312618
0.004220332484692335
0.0011087314924225211
0.00035484554246068
0.005036698654294014
0.003226154251024127
0.0009608980035409331
0.001948087359778583
0.01161341555416584
0.0019408193184062839
0.029437702149152756
0.0013621654361486435
0.00038101733662188053
0.01587013714015484
0.006993063725531101
0.013211880810558796
0.010723828338086605
0.028390349820256233
0.009312629699707031
0.0245424322783947
0.0015204069204628468
0.0026072021573781967
0.0011579693527892232
0.0004955222248099744
0.0021144701167941093
0.0021038230042904615
0.015943089500069618
0.006246672011911869
0.008420627564191818
0.031607020646333694
0.013428593054413795
0.0037571480497717857
0.0013977453345432878
0.002791852690279484
0.0022276174277067184
0.0022669665049761534
0.001722289714962244
0.01847006008028984
0.012203692458570004
0.0033976330887526274
0.0019381768070161343
0.0010336893610656261
0.0034611087758094072
0.00038427216350100935
0.02115929126739502
0.004673742223531008
0.014375017024576664
0.010584911331534386
0.0033913066145032644
0.00240027136169374
0.014135489240288734
0.0006531313410960138
0.014846653677523136
0.010293474420905113
0.011432589031755924
0.0036018386017531157
0.004275607876479626
0.04943600669503212
0.0003172559372615069
0.0038412045687437057
0.020181063562631607
0.05871959403157234
0.0015178879257291555
0.0013218795647844672
0.02063780464231968
0.008734269998967648
0.011865583248436451
0.0007088231504894793
0.0006502667674794793
0.005547031760215759
0.008084001019597054
0.021333588287234306
0.006379738915711641
0.006187899969518185
0.009468861855566502
0.013784273527562618
0.004980666097253561
0.007014116737991571
0.017997292801737785
0.005100305657833815
0.002714041853323579
0.0092760706320405
0.020245062187314034
0.007392361294478178
0.0014845088589936495
0.002791015664115548
0.0013862106716260314
0.03924808278679848
0.0008244252530857921
0.009334306232631207
0.004250864963978529
0.0020408667623996735
0.023526864126324654
0.0019610263407230377
0.007013403810560703
0.005804772023111582
0.001741910818964243
0.0009410318452864885
0.01777808368206024
0.0016223299317061901
0.0017808685079216957
0.011468285694718361
0.03647465258836746
0.007809940725564957
0.050917644053697586
0.05205622687935829
0.0016229378525167704
0.0012023958843201399
0.004908878356218338
0.05357689782977104
0.03418600931763649
0.003187033347785473
0.001727124908939004
0.010428264737129211
0.00019345179316587746
0.0014297286979854107
0.0032511320896446705
0.004445014055818319
0.00867579784244299
0.0013123598182573915
0.018712002784013748
0.003908463288098574
0.01899632439017296
0.001910417340695858
0.015847640112042427
0.05814075842499733
0.0003972511040046811
0.0770028829574585
0.0011198074789717793
0.011485210619866848
0.006215373985469341
0.0017410536529496312
0.012860438786447048
0.0046333931386470795
0.04894353821873665
0.03728291019797325
0.001873972825706005
0.002169091021642089
0.05208210274577141
0.07847357541322708
0.027442025020718575
0.005692329257726669
0.004155577160418034
0.003677572589367628
0.0037849321961402893
0.06346174329519272
0.002156677655875683
0.0012234991881996393
0.0004642985004466027
0.004502320196479559
0.005549332592636347
0.021697411313652992
0.010117518715560436
0.003955045249313116
0.005813039839267731
0.004418656695634127
0.0047690896317362785
0.0037306302692741156
0.010191698558628559
0.0019324023742228746
0.010727345012128353
0.0010108975693583488
0.0035103806294500828
0.03760846331715584
0.001802283339202404
0.0028431860264390707
0.0010573685867711902
0.0012539459858089685
0.0007028846303001046
0.0034267595037817955
0.005690086632966995
0.003266218351200223
0.0020410811994224787
0.0007563209510408342
0.007126054260879755
0.0025058859027922153
0.0017980837728828192
0.03728197515010834
0.03477928787469864
0.0034188355784863234
0.0038408455438911915
0.026990298181772232
0.0013839026214554906
0.008101255632936954
0.013838693499565125
0.0007979344809427857
0.00817043799906969
0.007155347615480423
0.003940965980291367
0.000583886110689491
0.0004791766114067286
0.004752635024487972
0.012403393164277077
0.006523476913571358
0.010990964248776436
0.0037578523624688387
0.010109406895935535
0.0010046710958704352
0.0007467463728971779
0.003415388287976384
0.03243698179721832
0.018138108775019646
0.0006146796513348818
0.001234852708876133
0.0005533032235689461
0.001753789372742176
0.005686504766345024
0.010377720929682255
0.013846580870449543
0.016735700890421867
0.005006861407309771
0.020525751635432243
0.001400947105139494
0.0006536473520100117
0.0015054501127451658
0.04710278660058975
0.03661905229091644
0.019408266991376877
0.0010347920469939709
0.011762099340558052
0.008169038221240044
0.04495227336883545
0.014132032170891762
0.006424373481422663
0.010405848734080791
0.0046187033876776695
0.0016324762254953384
0.00864577665925026
0.0005485350266098976
0.002714316127821803
0.009879984892904758
0.002595574827864766
0.0020851551089435816
0.004238177556544542
0.0012989365495741367
0.014055687002837658
0.042998868972063065
0.011686135083436966
0.028486084192991257
0.01932169497013092
0.05481810122728348
0.017331546172499657
0.0013873683055862784
0.0005695442669093609
0.005655479151755571
0.04459995776414871
0.009841088205575943
0.0016191820614039898
0.006909120362251997
0.04232451319694519
0.0006667012348771095
0.0011481093242764473
0.013614793308079243
0.008599690161645412
0.07838071137666702
0.01620432548224926
0.004315067082643509
0.0007396589498966932
0.007462197449058294
0.0016637019580230117
0.008409344591200352
0.0036936625838279724
0.005651833023875952
0.0044100056402385235
0.04753320664167404
0.00046913520782254636
0.0029361676424741745
0.03372063487768173
0.013771510683000088
0.007525046821683645
0.016189638525247574
0.009185660630464554
0.022421469911932945
0.014913911931216717
0.0013298657722771168
0.07326686382293701
0.006039255764335394
0.002912526484578848
0.008133639581501484
0.001611598301678896
0.00022898091992828995
0.0007722589652985334
0.0012621642090380192
0.006777903996407986
0.009361186996102333
0.003826645202934742
0.014884638600051403
0.013593284413218498
0.025752726942300797
0.026349280029535294
0.0031364813912659883
0.0065505183301866055
0.013939953409135342
0.06561299413442612
0.0012881953734904528
0.016154438257217407
0.0008752047433517873
0.010702389292418957
0.005872747860848904
0.001071864739060402
0.02098197303712368
0.0013424864737316966
0.030401313677430153
0.003187156282365322
0.0013514329912140965
0.034502480179071426
0.01730944961309433
0.03239372745156288
0.0012619555927813053
0.0032715892884880304
0.0220080204308033
0.013054443523287773
0.017817622050642967
0.011989962309598923
0.0003140558837912977
0.005155718419700861
0.000598333717789501
0.013986282050609589
0.07212604582309723
0.05501937121152878
0.019972294569015503
0.0039049468468874693
0.010951012372970581
0.03668886423110962
0.021188311278820038
0.0050004324875772
0.0038969109300523996
0.026043212041258812
0.012213311158120632
0.01330935675650835
0.0006002146401442587
0.008580026216804981
0.05230674520134926
0.025685865432024002
0.0004205675213597715
0.0014761134516447783
0.007474911864846945
0.001090402016416192
0.0025840927846729755
0.0037963385693728924
0.022180190309882164
0.0013310116482898593
0.0016629623714834452
0.017931882292032242
0.011686956509947777
0.013435897417366505
0.016527969390153885
0.0040975091978907585
0.001941356691531837
0.0030568698421120644
0.0006628066767007113
0.010020088404417038
0.007828748784959316
0.0026314666029065847
0.0026707632932811975
0.0032236084807664156
0.0009669109131209552
0.0009000134887173772
0.0031700232066214085
0.1046980544924736
0.003496154211461544
0.01991964317858219
0.01566108874976635
0.002728406572714448
0.009999586269259453
0.007322638761252165
0.014035491272807121
0.0015680089127272367
0.011418702080845833
0.004897399805486202
0.012167735025286674
0.006490098312497139
0.0006500417948700488
0.0014218444703146815
0.02249791845679283
0.004201784264296293
0.012711422517895699
0.019764645025134087
0.030312884598970413
0.00982042495161295
0.0060912929475307465
0.0188398826867342
0.0024774977937340736
0.0871955081820488
0.05388513207435608
0.06586787104606628
0.0011151583166792989
0.00558561272919178
0.022349579259753227
0.004431107081472874
0.012337058782577515
0.005263299215584993
0.0013517519691959023
0.0011490463512018323
0.01218370534479618
0.008833052590489388
0.056260719895362854
0.002857453189790249
0.039140935987234116
0.001548997825011611
0.003039224538952112
0.007980012334883213
0.003084103809669614
0.0065489825792610645
0.0042891125194728374
0.016688626259565353
0.0042158374562859535
0.0014546522870659828
0.012265332974493504
0.04121651500463486
0.015068354085087776
0.005981664638966322
0.010236747562885284
0.000776908709667623
0.0021352749317884445
0.002530278405174613
0.002652892377227545
0.012552203610539436
0.0022515454329550266
0.001443489920347929
0.004181898199021816
0.01625770516693592
0.003917629364877939
0.003839719109237194
0.0019201469840481877
0.006064009387046099
0.001361111761070788
0.024744363501667976
0.05797572806477547
0.007347484119236469
0.011103648692369461
0.005787231028079987
0.002758648479357362
0.0018235343741253018
0.0018133384874090552
0.0064935400150716305
0.002816328313201666
0.007778400555253029
0.011657730676233768
0.032735347747802734
0.0036363250110298395
0.020226048305630684
0.007854237221181393
0.02345597930252552
0.023552851751446724
0.0007319488213397563
0.006232181563973427
0.0024479287676513195
0.0002944821899291128
0.01822993904352188
0.007460442371666431
0.0022346742916852236
0.010448714718222618
0.0011441140668466687
0.018226852640509605
0.026883447542786598
0.011798091232776642
0.003282923949882388
0.011008559726178646
0.011912113055586815
0.00332336756400764
0.004062943626195192
0.010095161385834217
0.019174493849277496
0.006330106407403946
0.0969163179397583
0.00017241411842405796
0.002615900943055749
0.011626428924500942
0.0023179582785815
0.013202273286879063
0.0004320915031712502
0.007985972799360752
0.0028690078761428595
0.00038405373925343156
0.0014408675488084555
0.0016989985015243292
0.001872571767307818
0.0011951092164963484
0.01717018336057663
0.0016954413149505854
0.00923875067383051
0.009772087447345257
0.0017782578943297267
0.0046303896233439445
0.0006527816876769066
0.03451085835695267
0.048751965165138245
0.013953815214335918
0.009423045441508293
0.0015547840157523751
0.00008991196955321357
0.01645318791270256
0.006388155277818441
0.0033046684693545103
0.0003946143260691315
0.0007230783230625093
0.0025773325469344854
0.03694938123226166
0.0013586230343207717
0.02499697357416153
0.0013971788575872779
0.0002389827131992206
0.02431620843708515
0.023283010348677635
0.004499076399952173
0.025089949369430542
0.02199692092835903
0.02589874342083931
0.00021547763026319444
0.008957716636359692
0.0009652086882852018
0.005385095719248056
0.006801554933190346
0.003207623027265072
0.003507844638079405
0.0053516654297709465
0.0005982370930723846
0.0003548645181581378
0.014542853459715843
0.007227638270705938
0.0138392373919487
0.0006875471444800496
0.0020499282982200384
0.0011572135845199227
0.017481530085206032
0.00928120594471693
0.0015623907092958689
0.0325930118560791
0.020209506154060364
0.019322242587804794
0.010904273018240929
0.010844162665307522
0.001920009613968432
0.03697628900408745
0.008384870365262032
0.001817669253796339
0.03728907182812691
0.009896902367472649
0.0033755020704120398
0.00619965186342597
0.045290086418390274
0.009819031693041325
0.003522375365719199
0.008183103986084461
0.005871261935681105
0.00562580581754446
0.00892092939466238
0.013840497471392155
0.0017686234787106514
0.00699482299387455
0.018686173483729362
0.04933074116706848
0.027726445347070694
0.00047564422129653394
0.02438020333647728
0.0076798307709395885
0.005181068554520607
0.0012343741254881024
0.007050564978271723
0.00410388084128499
0.00831887498497963
0.0013296975521370769
0.006232765037566423
0.026076624169945717
0.0010360073065385222
0.004242106806486845
0.03221381828188896
0.000773221836425364
0.009510593488812447
0.012720627710223198
0.013159039430320263
0.02178947627544403
0.008621565997600555
0.003156338818371296
0.03662347421050072
0.006200844421982765
0.003180058440193534
0.004435299895703793
0.0037086752709001303
0.00038840732304379344
0.07219165563583374
0.00003536507210810669
0.002895320998504758
0.011587279848754406
0.022829357534646988
0.006028315518051386
0.012056495063006878
0.0005608483334071934
0.01139677781611681
0.0007149692391976714
0.0001262959704035893
0.0019721242133527994
0.000968004809692502
0.0025407106149941683
0.014025911688804626
0.0009442792506888509
0.0009275290067307651
0.0031225201673805714
0.012146382592618465
0.0010776083217933774
0.0002618150319904089
0.031530771404504776
0.009056352078914642
0.0019638126250356436
0.02640214003622532
0.0016244796570390463
0.006633513141423464
0.0021669708658009768
0.013460301794111729
0.06023645028471947
0.0020207709167152643
0.0068152910098433495
0.002021562308073044
0.0019663386046886444
0.006709633395075798
0.01723223179578781
0.04444731026887894
0.0008834267500787973
0.0025404675398021936
0.02029099501669407
0.004624356050044298
0.0009192809811793268
0.06346921622753143
0.018017569556832314
0.0003201336367055774
0.008926556445658207
0.0008626775816082954
0.0038078725337982178
0.0028526862151920795
0.07859990745782852
0.015679990872740746
0.04147179424762726
0.006015706341713667
0.0002601963060442358
0.012913520447909832
0.0686224028468132
0.0022602342069149017
0.0003331860643811524
0.010150140151381493
0.002061802428215742
0.06348880380392075
0.008951135911047459
0.0033860832918435335
0.010743091814219952
0.014495937153697014
0.0019481482449918985
0.031338512897491455
0.005544408690184355
0.04177797958254814
0.0036552425008267164
0.005613316316157579
0.05795924365520477
0.0015715948538854718
0.030758822336792946
0.01501768920570612
0.0030420285183936357
0.02588653936982155
0.0006399392150342464
0.02815159223973751
0.019846118986606598
0.006150694563984871
0.0034199946094304323
0.04454440996050835
0.019874274730682373
0.03741120919585228
0.011149026453495026
0.019440824165940285
0.0033963294699788094
0.03517232835292816
0.021788151934742928
0.013747469522058964
0.0037479372695088387
0.0043882690370082855
0.029547428712248802
0.035248104482889175
0.010535936802625656
0.004414253868162632
0.0042105852626264095
0.006805518176406622
0.028286468237638474
0.028943302109837532
0.00419765105471015
0.015536453574895859
0.004068974405527115
0.004583488684147596
0.018974963575601578
0.012162324972450733
0.010696575976908207
0.029340313747525215
0.0029737530276179314
0.012342945672571659
0.015202276408672333
0.013380634598433971
0.03876329958438873
0.006064555142074823
0.0025695220101624727
0.018369629979133606
0.00598053028807044
0.038615960627794266
0.05200862139463425
0.010345865041017532
0.00555488420650363
0.004174186382442713
0.01293961051851511
0.004996648523956537
0.0004893831792287529
0.008921184577047825
0.003052483545616269
0.021657239645719528
0.009020289406180382
0.015436025336384773
0.027020439505577087
0.015574898570775986
0.006866171956062317
0.02434551902115345
0.0017011722084134817
0.0050024776719510555
0.011507065035402775
0.00666629197075963
0.00697007030248642
0.013986162841320038
0.0046479892916977406
0.0031790107022970915
0.06751108914613724
0.0035757755395025015
0.0005884155980311334
0.05808395892381668
0.0036015550140291452
0.0018987498478963971
0.007461578585207462
0.013427220284938812
0.007318007294088602
0.000348006869899109
0.001931280829012394
0.007254304364323616
0.0083241555839777
0.0027789142914116383
0.006906623020768166
0.0036601144820451736
0.024769196286797523
0.030155858024954796
0.010518749244511127
0.054072652012109756
0.013878521509468555
0.01022416539490223
0.0034703300334513187
0.001113786594942212
0.0022457942832261324
0.00936064776033163
0.0013437496963888407
0.0006076004938222468
0.05031723901629448
0.0011860817903652787
0.000507643970195204
0.0008586339536122978
0.014241209253668785
0.005130168050527573
0.006032370030879974
0.008199078030884266
0.002716030227020383
0.010825910605490208
0.00649635773152113
0.02974463254213333
0.07143019884824753
0.01894831284880638
0.011950798332691193
0.0048080733977258205
0.009759509935975075
0.007932823151350021
0.0005827085115015507
0.0009748993325047195
0.0009589207475073636
0.018636010587215424
0.030025966465473175
0.011440169997513294
0.024889998137950897
0.006684491876512766
0.0024447438772767782
0.0005310943233780563
0.02144481986761093
0.0030666866805404425
0.00563944224268198
0.012200501747429371
0.004644426517188549
0.023418085649609566
0.0039336285553872585
0.006259793881326914
0.0012732723262161016
0.0035888138227164745
0.007648781407624483
0.07278704643249512
0.0035301335155963898
0.04506392776966095
0.009833340533077717
0.015143521130084991
0.010397596284747124
0.019144315272569656
0.04792012274265289
0.0008360473439097404
0.045398373156785965
0.03240225091576576
0.046304065734148026
0.0056712268851697445
0.018375245854258537
0.0008202749886550009
0.0015690404688939452
0.00202928320504725
0.0005050888285040855
0.002961554331704974
0.006053813733160496
0.006620014552026987
0.009637498296797276
0.0519108846783638
0.0011831083102151752
0.0029545000288635492
0.004211261868476868
0.004747421946376562
0.01629052124917507
0.0472022220492363
0.0005356259644031525
0.0022542360238730907
0.020456533879041672
0.01926662214100361
0.031670354306697845
0.02583608403801918
0.006120680365711451
0.007269490510225296
0.006876032799482346
0.009556664153933525
0.008075314573943615
0.003222958417609334
0.006437914911657572
0.009412398561835289
0.028370048850774765
0.00036861252738162875
0.010714201256632805
0.0007201993721537292
0.0955105572938919
0.006059437524527311
0.021863946691155434
0.008215873502194881
0.012309434823691845
0.0008447019499726593
0.009132837876677513
0.024427568539977074
0.002037233905866742
0.014421067200601101
0.014107177965342999
0.0074269212782382965
0.014367030002176762
0.030331455171108246
0.0031642380636185408
0.03170114383101463
0.003645014949142933
0.016974246129393578
0.09350643306970596
0.05891638621687889
0.004765314981341362
0.010180342011153698
0.006327889394015074
0.0011049533495679498
0.05462127551436424
0.005926176439970732
0.018181582912802696
0.001715717720799148
0.05271736904978752
0.02560618333518505
0.001888005412183702
0.004042479675263166
0.02119852416217327
0.010560854338109493
0.0035257290583103895
0.009420502930879593
0.0040668887086212635
0.0017562891589477658
0.001671964768320322
0.0003161140775773674
0.002586009446531534
0.0012668798444792628
0.010000350885093212
0.000847669318318367
0.0016547800041735172
0.014267165213823318
0.003561413614079356
0.001919738482683897
0.0006225505494512618
0.013531911186873913
0.0054154302924871445
0.012738381512463093
0.0006864877650514245
0.0028822359163314104
0.002352986019104719
0.02449830248951912
0.0221466813236475
0.011195615865290165
0.012839255854487419
0.0015780265675857663
0.008605371229350567
0.008529750630259514
0.0013167556608095765
0.001662167371250689
0.008415809832513332
0.0005712371785193682
0.014173295348882675
0.0016435164725407958
0.004196295980364084
0.0020715659484267235
0.008946936577558517
0.029514580965042114
0.021915581077337265
0.036330439150333405
0.020561527460813522
0.005849351175129414
0.0015630091074854136
0.0005092367646284401
0.002588931703940034
0.007412852253764868
0.0022015369031578302
0.010360883548855782
0.0011116790119558573
0.0019873930141329765
0.005794650875031948
0.0016794624971225858
0.022729098796844482
0.012876392342150211
0.04194745421409607
0.008710249327123165
0.019266782328486443
0.010030814446508884
0.008476415649056435
0.00407589552924037
0.0006255489424802363
0.0010011695558205247
0.012473120354115963
0.003934851847589016
0.0016177822835743427
0.0024265956599265337
0.023411575704813004
0.015376354567706585
0.0027567651122808456
0.002312938217073679
0.0107210548594594
0.0018795868381857872
0.0018533732509240508
0.0659554973244667
0.0006391904316842556
0.02736821211874485
0.008083678781986237
0.0005890187458135188
0.004824856761842966
0.03773479536175728
0.024925990030169487
0.010885264724493027
0.023964058607816696
0.012683024629950523
0.00878955889493227
0.020121056586503983
0.00744268111884594
0.0008987223845906556
0.024197274819016457
0.021896978840231895
0.0020983885042369366
0.0032748549710959196
0.00032669794745743275
0.0320972241461277
0.009124494157731533
0.014650637283921242
0.00009973921260097995
0.0008819584036245942
0.02200138010084629
0.001548538450151682
0.09585332125425339
0.004231676924973726
0.00022835476556792855
0.0033559384755790234
0.012668507173657417
0.002874373458325863
0.005363600794225931
0.016950776800513268
0.007773589808493853
0.0157016534358263
0.0006708101718686521
0.001372725935652852
0.002807679818943143
0.005233693402260542
0.007198310922831297
0.010105856694281101
0.012934974394738674
0.011716531589627266
0.00332815945148468
0.012051394209265709
0.002717062598094344
0.0007644711877219379
0.003195613855496049
0.0025586553383618593
0.0228347759693861
0.035658154636621475
0.007715079002082348
0.001767572364769876
0.02753363363444805
0.0034409943036735058
0.0024239823687821627
0.004412044305354357
0.015113065019249916
0.05600270628929138
0.0008613409008830786
0.0007193119963631034
0.005470144562423229
0.00821969099342823
0.014868182130157948
0.017235711216926575
0.015742136165499687
0.0031046983785927296
0.009236112236976624
0.0029693064279854298
0.0014838954666629434
0.0027508214116096497
0.03214221075177193
0.0723157599568367
0.017513781785964966
0.003637450747191906
0.007651630789041519
0.003988083451986313
0.00907091423869133
0.02435576356947422
0.00019244765280745924
0.0287038404494524
0.012345786206424236
0.003333998378366232
0.019722463563084602
0.0000181088089448167
