0.05946400761604309
0.031010601669549942
0.030999483540654182
0.04773404821753502
0.014758720062673092
0.04190735146403313
0.0028940883930772543
0.06462125480175018
0.05321962758898735
0.0036086614709347486
0.06510574370622635
0.024639083072543144
0.0514657124876976
0.00041292092646472156
0.052601683884859085
0.0014230402885004878
0.02498663030564785
0.0005218333099037409
0.0006914009572938085
0.007839968428015709
0.015709247440099716
0.011543810367584229
0.03341597691178322
0.043238259851932526
0.015638384968042374
0.0029044076800346375
0.03226621448993683
0.0023946352303028107
0.0018341026734560728
0.01955348812043667
0.0017150577623397112
0.021888375282287598
0.020208634436130524
0.023146092891693115
0.011110931634902954
0.0059133972972631454
0.004171217326074839
0.0036973715759813786
0.004837953485548496
0.003096973057836294
0.0626109167933464
0.02956194244325161
0.007841053418815136
0.007439971901476383
0.007627035956829786
0.004906008951365948
0.0078241853043437
0.023147910833358765
0.027758637443184853
0.007769256364554167
0.00607264693826437
0.00246553891338408
0.027884909883141518
0.006578529719263315
0.00037917256122455
0.011364990845322609
0.02429935894906521
0.011848407797515392
0.0096754664555192
0.018846923485398293
0.01664654165506363
0.027433594688773155
0.017696794122457504
0.010866427794098854
0.00513925077393651
0.0015219174092635512
0.027969716116786003
0.030812982469797134
0.018436510115861893
0.018452052026987076
0.001307476544752717
0.0038364354986697435
0.00044128639274276793
0.0014994906960055232
0.01375203114002943
0.0015969364903867245
0.027752229943871498
0.006038574036210775
0.010697141289710999
0.026867281645536423
0.028576919808983803
0.00419717188924551
0.023362906649708748
0.0026335371658205986
0.05372915044426918
0.03363905847072601
0.00935924518853426
0.0030620829202234745
0.04819966107606888
0.009649372659623623
0.00583641929551959
0.016300972551107407
0.004594257101416588
0.008629338815808296
0.0024553516414016485
0.013319281861186028
0.009903999045491219
0.012691392563283443
0.004795115441083908
0.0009134762804023921
0.0014736501034349203
0.020140329375863075
0.0063177538104355335
0.0018750367453321815
0.024802640080451965
0.0016456407029181719
0.0031020021997392178
0.006674329750239849
0.002262675669044256
0.008432479575276375
0.006636001635342836
0.01762121357023716
0.0015003769658505917
0.014024659991264343
0.0035931430757045746
0.0015002229483798146
0.012561843730509281
0.02310379035770893
0.003611699678003788
0.0022355439141392708
0.004977695178240538
0.005855109542608261
0.006035988684743643
0.011424832046031952
0.01544786524027586
0.014648636803030968
0.03491613641381264
0.0038978816010057926
0.018764428794384003
0.016512947157025337
0.0026354093570262194
0.011023872531950474
0.004845918621867895
0.013803831301629543
0.0031319870613515377
0.0019607802387326956
0.008933662436902523
0.012090586125850677
0.0015945093473419547
0.004555767402052879
0.012378054670989513
0.008571737445890903
0.055750440806150436
0.020513229072093964
0.0021468736231327057
0.0005246720975264907
0.008203291334211826
0.009782938286662102
0.03442796692252159
0.004092304036021233
0.0072015756741166115
0.0016095731407403946
0.005054711829870939
0.01878657005727291
0.015406176447868347
0.025369729846715927
0.051899559795856476
0.004729228559881449
0.0008348498377017677
0.007519714534282684
0.006546568125486374
0.018151944503188133
0.015592258423566818
0.07011079043149948
0.005898122675716877
0.004232368431985378
0.00386805203743279
0.007814954034984112
0.013168029487133026
0.011855688877403736
0.014824904501438141
0.00978721771389246
0.012010057456791401
0.01568114385008812
0.004008149262517691
0.029032884165644646
0.0355200320482254
0.0028508936520665884
0.012643220834434032
0.0019348813220858574
0.012999897822737694
0.016587048768997192
0.027682460844516754
0.0348622128367424
0.02800726145505905
0.002272224985063076
0.007015518378466368
0.007587358355522156
0.05817762762308121
0.0011107644531875849
0.008367949165403843
0.004430415108799934
0.01800754852592945
0.004351569805294275
0.009339663200080395
0.00883618276566267
0.0357501320540905
0.0028435501735657454
0.0025404421612620354
0.0006074904231354594
0.002003459259867668
0.0006546044023707509
0.019410736858844757
0.0015356168150901794
0.0032975669018924236
0.010936173610389233
0.0641259178519249
0.0008896806393750012
0.0035769352689385414
0.01008947566151619
0.016378724947571754
0.002038097707554698
0.003221034538000822
0.03951724246144295
0.0005680357571691275
0.021100565791130066
0.00886575412005186
0.009534835815429688
0.006598788313567638
0.005243595689535141
0.006329490337520838
0.010628238320350647
0.006050454918295145
0.004668700974434614
0.002940739504992962
0.01051390916109085
0.00258953426964581
0.005028978455811739
0.00019777625857386738
0.012857221998274326
0.005700107663869858
0.00614142743870616
0.01034615933895111
0.0031304825097322464
0.0614297091960907
0.005525770131498575
0.001569072832353413
0.002623212756589055
0.0010067528346553445
0.006539009977132082
0.007557665463536978
0.0035852829460054636
0.001702427281998098
0.009863113053143024
0.01757991872727871
0.04557010531425476
0.002248248551040888
0.034405667334795
0.0007439018227159977
0.006075786426663399
0.013906430453062057
0.017279090359807014
0.003071616869419813
0.025641920045018196
0.010597944259643555
0.005967427045106888
0.059644605964422226
0.023815281689167023
0.011604029685258865
0.006741437595337629
0.0037826511543244123
0.02077016420662403
0.0031054497230798006
0.0034455829299986362
0.0017014299519360065
0.0010152861941605806
0.0011328139808028936
0.06792603433132172
0.013760358095169067
0.0008065864094533026
0.013734618201851845
0.019074048846960068
0.0015221860958263278
0.008538641966879368
0.0032641375437378883
0.09438537806272507
0.0010464066872373223
0.0016551141161471605
0.0065600634552538395
0.017855875194072723
0.006762406323105097
0.008414989337325096
0.06108090281486511
0.0013502119109034538
0.004370401147753
0.008944394998252392
0.03067152202129364
0.0010125107364729047
0.021188676357269287
0.0008848028955981135
0.01894969865679741
0.001392826670780778
0.009673167951405048
0.003384995274245739
0.06922359764575958
0.010750931687653065
0.0006506197969429195
0.003969316836446524
0.006913789547979832
0.04473738372325897
0.005394912324845791
0.06056426465511322
0.017071740701794624
0.020721139386296272
0.010825940407812595
0.03396809473633766
0.027338022366166115
0.0018791414331644773
0.001411514007486403
0.013254343532025814
0.012683868408203125
0.00441874610260129
0.0015096667921170592
0.04689482972025871
0.011427851393818855
0.004693164955824614
0.031234482303261757
0.0018137580482289195
0.02449793368577957
0.001234697294421494
0.004026657901704311
0.017619572579860687
0.002690494991838932
0.044184427708387375
0.007535140495747328
0.04602999612689018
0.01256093941628933
0.0009980915347114205
0.0344223752617836
0.003080539871007204
0.00875531043857336
0.0004433699941728264
0.002522664377465844
0.024467960000038147
0.005962715018540621
0.006461616139858961
0.0024239802733063698
0.00958267878741026
0.02191959321498871
0.0060807173140347
0.0031986930407583714
0.011328883469104767
0.006268266588449478
0.013506017625331879
0.0050898767076432705
0.0042290352284908295
0.03367141634225845
0.026356156915426254
0.011277822777628899
0.0036464319564402103
0.046846404671669006
0.01790011301636696
0.008983214385807514
0.0047623226419091225
0.0028825891204178333
0.025630122050642967
0.004954922012984753
0.01433100551366806
0.04959593340754509
0.0070891124196350574
0.002758423797786236
0.011016610078513622
0.009573680348694324
0.005148372147232294
0.008513955399394035
0.006460219621658325
0.008590337820351124
0.011136003769934177
0.0558578297495842
0.006928191054612398
0.0033464659936726093
0.0024557255674153566
0.02135780267417431
0.0032679210416972637
0.03577365726232529
0.06807809323072433
0.00224010506644845
0.007291866932064295
0.0468040369451046
0.00676613487303257
0.002643807092681527
0.007290942594408989
0.0429302416741848
0.002876665210351348
0.058374978601932526
0.00763441389426589
0.0061401440761983395
0.003903314471244812
0.004601686727255583
0.03172753006219864
0.06687609106302261
0.01905110850930214
0.005174275022000074
0.0021549013908952475
0.0033794131595641375
0.022319570183753967
0.0027178360614925623
0.0033139297738671303
0.03513346239924431
0.0038132735062390566
0.0027571958489716053
0.003764810971915722
0.009855258278548717
0.012582138180732727
0.02200458012521267
0.01082601398229599
0.04061838611960411
0.014615733176469803
0.031744834035634995
0.000681025383528322
0.0049210768193006516
0.016866765916347504
0.04808292165398598
0.0017103699501603842
0.0024176875595003366
0.009680770337581635
0.005842431914061308
0.02204897627234459
0.00890952255576849
0.018972143530845642
0.019295059144496918
0.046584054827690125
0.0035966134164482355
0.0011533863143995404
0.004053900949656963
0.020038696005940437
0.019710063934326172
0.10165809094905853
0.01201911736279726
0.03753716126084328
0.016651447862386703
0.01690295897424221
0.00025653958437033
0.005127097014337778
0.0014726186636835337
0.0008549811318516731
0.04235498234629631
0.018344683572649956
0.020732443779706955
0.03736209124326706
0.007418714929372072
0.023963645100593567
0.013408706523478031
0.013239922933280468
0.005780340638011694
0.0016092322766780853
0.01025733444839716
0.038060516119003296
0.02504887990653515
0.020035695284605026
0.0045772031880915165
0.02450765110552311
0.008834507316350937
0.002965946216136217
0.031071461737155914
0.011436204425990582
0.0020883071701973677
0.030270760878920555
0.01745668239891529
0.005731985904276371
0.0035948450677096844
0.03842227905988693
0.014170855283737183
0.07614608854055405
0.002151128835976124
0.01117804553359747
0.025697197765111923
0.008809782564640045
0.038421548902988434
0.011577147990465164
0.043611299246549606
0.024699443951249123
0.0718732625246048
0.007925651036202908
0.009136906825006008
0.000677718548104167
0.016360217705368996
0.010647604241967201
0.005330540239810944
0.04249770566821098
0.0017891117604449391
0.001891120569780469
0.023904362693428993
0.003381144255399704
0.0018742611864581704
0.013596906326711178
0.008046316914260387
0.01049302238970995
0.014698510989546776
0.0034044915810227394
0.009397252462804317
0.006230496801435947
0.03523636236786842
0.014675160869956017
0.0012156394077464938
0.04042648896574974
0.011039062403142452
0.003755505895242095
0.013566331006586552
0.0010457118041813374
0.0029988361056894064
0.01276982668787241
0.002362361876294017
0.032902661710977554
0.039553120732307434
0.007291100453585386
0.03347920998930931
0.03828693553805351
0.010564807802438736
0.0011928001185879111
0.03720347210764885
0.012576728127896786
0.018807029351592064
0.0048257773742079735
0.025893980637192726
0.012461715377867222
0.015604067593812943
0.004612581804394722
0.04388141259551048
0.013421053998172283
0.006128776352852583
0.021709436550736427
0.007623146288096905
0.0011273331474512815
0.004910297691822052
0.013406292535364628
0.007598621770739555
0.006918301340192556
0.006723400671035051
0.0012915291590616107
0.03384103626012802
0.0031236985232681036
0.0052228327840566635
0.01353190466761589
0.0009328638552688062
0.00864269770681858
0.003938327077776194
0.016786767169833183
0.001749316114000976
0.03237461671233177
0.02245471067726612
0.001037033274769783
0.017406277358531952
0.043909505009651184
0.012362899258732796
0.001848917338065803
0.0007219079416245222
0.05344901978969574
0.0008097409154288471
0.00900697149336338
0.04850735142827034
0.006992482580244541
0.02433989942073822
0.01801653392612934
0.02319115400314331
0.06684695929288864
0.04978781193494797
0.01998867839574814
0.009787416085600853
0.028978576883673668
0.03200721740722656
0.020034050568938255
0.003418687265366316
0.04933350533246994
0.011299856007099152
0.0022380282171070576
0.00952138751745224
0.0375770628452301
0.00431608222424984
0.020900284871459007
0.0017900938400998712
0.008824455551803112
0.02936273068189621
0.006234509404748678
0.011714116670191288
0.009245233610272408
0.009924325160682201
0.00969931110739708
0.04361357167363167
0.0073142326436936855
0.009447750635445118
0.017078684642910957
0.019241681322455406
0.02464643493294716
0.041400618851184845
0.010923010297119617
0.020990239456295967
0.0017801513895392418
0.005939859431236982
0.009396777488291264
0.0018237406620755792
0.0020606257021427155
0.00796360895037651
0.003923486452549696
0.010633891448378563
0.004865231923758984
0.002396691357716918
0.01366384606808424
0.02474939450621605
0.021307511255145073
0.011849487200379372
0.014701059088110924
0.04202570393681526
0.008133845403790474
0.003949320409446955
0.00331689789891243
0.02809465117752552
0.031608808785676956
0.0012723185354843736
0.0033377765212208033
0.029340771958231926
0.010206026025116444
0.007661267649382353
0.0018353400519117713
0.0072056022472679615
0.054773926734924316
0.04119143635034561
0.034625157713890076
0.03644844889640808
0.004685590509325266
0.0013751370133832097
0.002172541804611683
0.007041579112410545
0.031178973615169525
0.0061059631407260895
0.02587146870791912
0.0035357142332941294
0.015158632770180702
0.0011860305676236749
0.012662195600569248
0.01705896481871605
0.017351392656564713
0.04278809204697609
0.009805329144001007
0.04768649861216545
0.018965788185596466
0.031080951914191246
0.0009000412537716329
0.0029914495535194874
0.028764992952346802
0.010316298343241215
0.009159919805824757
0.0021851304918527603
0.021514229476451874
0.007714277133345604
0.012648327276110649
0.002174296183511615
0.013752678409218788
0.030157210305333138
0.011617302894592285
0.043334536254405975
0.0022353199310600758
0.028085531666874886
0.0032400318887084723
0.06106158345937729
0.026647517457604408
0.021571718156337738
0.029774069786071777
0.005982647649943829
0.019521979615092278
0.04895670339465141
0.003196797799319029
0.02680213376879692
0.006643371656537056
0.005007918458431959
0.003519318299368024
0.000769542355556041
0.0030177244916558266
0.003371993312612176
0.005959149915724993
0.012439664453268051
0.013035821728408337
0.019835589453577995
0.014476705342531204
0.011632043868303299
0.003320276504382491
0.020669378340244293
0.011978100053966045
0.00820590928196907
0.0021858697291463614
0.0013536055339500308
0.006119212601333857
0.003323427401483059
0.06992945820093155
0.0320592001080513
0.02665424719452858
0.0055759078823029995
0.007913706824183464
0.005835653282701969
0.007687834557145834
0.0004327421193011105
0.010794583708047867
0.0008958112448453903
0.01267207507044077
0.015323513187468052
0.0028643165715038776
0.001673432532697916
0.011554642580449581
0.014329826459288597
0.00473207188770175
0.007042662240564823
0.01018763892352581
0.021585702896118164
0.003742847591638565
0.01607431098818779
0.002791239647194743
0.0098652932792902
0.008304406888782978
0.05828513577580452
0.0031499499455094337
0.015404646284878254
0.0061920415610075
0.052040498703718185
0.008593179285526276
0.00291597843170166
0.011037793010473251
0.0011651654494926333
0.024042323231697083
0.0058203209191560745
0.002396242693066597
0.04874688386917114
0.006950757931917906
0.01241681445389986
0.0025083995424211025
0.004531119484454393
0.008462892845273018
0.001690548611804843
0.007973384112119675
0.002517508342862129
0.000382521451683715
0.0010714089730754495
0.025578776374459267
0.011278776451945305
0.004051813390105963
0.03134727105498314
0.004849851131439209
0.009429924190044403
0.09594801068305969
0.006541728042066097
0.05032455921173096
0.02618018351495266
0.02020793780684471
0.03324835002422333
0.0035726602654904127
0.031023582443594933
0.007153449580073357
0.0037379423156380653
0.005546256899833679
0.012842235155403614
0.0017367636319249868
0.0060584526509046555
0.04548598825931549
0.0048813847824931145
0.040512774139642715
0.12265773117542267
0.005505179055035114
0.007099248003214598
0.004594298079609871
0.015785623341798782
0.011272037401795387
0.0052524288184940815
0.006717093288898468
0.008571486920118332
0.01208905503153801
0.002501189708709717
0.0005222150939516723
0.0020032410975545645
0.0009344890713691711
0.000647249398753047
0.007080263923853636
0.01093580387532711
0.002303832210600376
0.002390411449596286
0.003783424384891987
0.011232668533921242
0.007155044935643673
0.0019802460446953773
0.003249703673645854
0.008731459267437458
0.04727305471897125
0.022468045353889465
0.007425992749631405
0.0026991977356374264
0.006696098018437624
0.008482158184051514
0.019324639812111855
0.009665433317422867
0.00894861202687025
0.026034358888864517
0.016050759702920914
0.001993255689740181
0.006535598076879978
0.0020851886365562677
0.010997242294251919
0.001825733226723969
0.030165541917085648
0.0076082125306129456
0.0023003644309937954
0.012686018832027912
0.028226623311638832
0.03422321379184723
0.0003832118818536401
0.011090449057519436
0.02271815575659275
0.026656469330191612
0.002225973177701235
0.053539399057626724
0.004883629735559225
0.014394845813512802
0.002348140347748995
0.0033433232456445694
0.005424825008958578
0.04428629204630852
0.048536479473114014
0.0577499084174633
0.11579382419586182
0.03608178719878197
0.0012058715801686049
0.004702843260020018
0.004234502092003822
0.00030841602711007
0.006421924103051424
0.016316603869199753
0.005429599434137344
0.00863393023610115
0.01451968029141426
0.0021130493842065334
0.0015727280406281352
0.0092529421672225
0.004929355811327696
0.016922321170568466
0.015474896878004074
0.0072441245429217815
0.05252261087298393
0.0040385234169662
0.00817498192191124
0.01939995028078556
0.028739802539348602
0.0020050453022122383
0.0035607581958174706
0.023475999012589455
0.011599835939705372
0.05238274484872818
0.008353112265467644
0.002455135341733694
0.01674646884202957
0.004454160109162331
0.0009112521074712276
0.0020027970895171165
0.006464794278144836
0.009052702225744724
0.004164041019976139
0.007105150260031223
0.015176389366388321
0.0008821197552606463
0.004513039253652096
0.020512018352746964
0.05409884452819824
0.0016280269483104348
0.006774234119802713
0.004708403255790472
0.007732099387794733
0.02949635498225689
0.019229253754019737
0.009851804934442043
0.011716593988239765
0.00586281344294548
0.02309562638401985
0.044247597455978394
0.004119120072573423
0.008051702752709389
0.010049264878034592
0.008602003566920757
0.013994223438203335
0.03126714751124382
0.002570312237367034
0.03401875123381615
0.03017825447022915
0.006548126693814993
0.013976174406707287
0.0025119076017290354
0.004188228864222765
0.03327704593539238
0.001784785999916494
0.000735227600671351
0.020130369812250137
0.0071233054623007774
0.0022485696244984865
0.004126640502363443
0.015117385424673557
0.04167415574193001
0.011916449293494225
0.003116802778095007
0.013345640152692795
0.010632035322487354
0.002853881102055311
0.017583265900611877
0.033377598971128464
0.00964340753853321
0.034289393573999405
0.009991791099309921
0.008353723213076591
0.03816395252943039
0.012769356369972229
0.015877647325396538
0.0034016596619039774
0.008835995569825172
0.013686532154679298
0.009431226179003716
0.0028481113258749247
0.01580057293176651
0.004915580619126558
0.0013836469734087586
0.004199413117021322
0.017860008403658867
0.0012189175467938185
0.03256463631987572
0.015072173438966274
0.022311894223093987
0.0014415481127798557
0.01654387265443802
0.004231865517795086
0.022555209696292877
0.006160761695355177
0.07440230995416641
0.01892475225031376
0.005638226866722107
0.008306768722832203
0.00714412797242403
0.016601774841547012
0.01906115934252739
0.01082795113325119
0.05666624754667282
0.009620345197618008
0.0034402089659124613
0.002642458537593484
0.0019203296396881342
0.016405945643782616
0.0025548662524670362
0.019966594874858856
0.006977257784456015
0.011996747925877571
0.0031020522583276033
0.029275493696331978
0.016835734248161316
0.003152966033667326
0.06454584747552872
0.018547821789979935
0.035815417766571045
0.0009434758103452623
0.004148419946432114
0.0044250693172216415
0.006116554141044617
0.00040222288225777447
0.021816972643136978
0.0030753999017179012
0.02853381261229515
0.006848085206001997
0.002516811480745673
0.0626237690448761
0.02805202268064022
0.005356062203645706
0.008817429654300213
0.03001142479479313
0.007877498865127563
0.010455463081598282
0.0022332249209284782
0.005483724642544985
0.0709436759352684
0.001968697179108858
0.0076368278823792934
0.002601409563794732
0.004947018809616566
0.015818718820810318
0.014179486781358719
0.013071857392787933
0.0071187736466526985
0.03278400003910065
0.005058888345956802
0.004470829386264086
0.005384246353060007
0.002325512235984206
0.004755108151584864
0.02394893392920494
0.011485096998512745
0.03569846227765083
0.002629816997796297
0.004523590672761202
0.002507955301553011
0.005288881249725819
0.006449752487242222
0.009685355238616467
0.028675563633441925
0.000441195210441947
0.003040037350729108
0.03661387786269188
0.0007662762654945254
0.0012524977792054415
0.005377284251153469
0.00360883423127234
0.0034391239751130342
0.000580732012167573
0.04244237765669823
0.014230737462639809
0.002523485105484724
0.024830708280205727
0.008709564805030823
0.031137682497501373
0.005673490464687347
0.0015174590516835451
0.041186168789863586
0.0012801914708688855
0.02079441212117672
0.012010096572339535
0.015143772587180138
0.001871853950433433
0.005697356536984444
0.013021236285567284
0.008933045901358128
0.001102321082726121
0.013927647843956947
0.019333921372890472
0.011033004149794579
0.004807982128113508
0.005635946989059448
0.035212159156799316
0.0057398974895477295
0.019568394869565964
0.03590863570570946
0.007164656650274992
0.016474895179271698
0.057217467576265335
0.01352715864777565
0.008220463991165161
0.004097722005099058
0.02190917357802391
0.005953832529485226
0.0015248795971274376
0.007504395209252834
0.020541291683912277
0.040588513016700745
0.0233889352530241
0.019299164414405823
0.004946804605424404
0.0025944297667592764
0.0008881856920197606
0.03596818447113037
0.002147155813872814
0.009627769701182842
0.006682978011667728
0.00623716227710247
0.011863277293741703
0.00769939785823226
0.0012114752316847444
0.007157658226788044
0.0036208531819283962
0.028420155867934227
0.01742255501449108
0.007158941123634577
0.017650645226240158
0.029996801167726517
0.003330869134515524
0.016200905665755272
0.027724625542759895
0.0061745853163301945
0.0058079129084944725
0.014492884278297424
0.009453590027987957
0.006672422867268324
0.003940012771636248
0.008421691134572029
0.0346483439207077
0.0030349360313266516
0.037104200571775436
0.017725011333823204
0.011870951391756535
0.015392987057566643
0.01119223888963461
0.0021586259827017784
0.002481105737388134
0.02031051740050316
0.02771048992872238
0.009998738765716553
0.00611830921843648
0.011601063422858715
0.014719999395310879
0.006370972376316786
0.0030408406164497137
0.0015593755524605513
0.01624898985028267
0.0028364257887005806
0.009690690785646439
0.0042829313315451145
0.037838030606508255
0.010995340533554554
0.019858069717884064
0.043881937861442566
0.027258312329649925
0.004669578280299902
0.00872863456606865
0.02053026109933853
0.0034878544975072145
0.002616161247715354
0.003687599441036582
0.0388152152299881
0.02212054468691349
0.008005526848137379
0.02339063584804535
0.0042874873615801334
0.0023091761395335197
0.007598521187901497
0.012092591263353825
0.009288690984249115
0.003709686454385519
0.08456297963857651
0.007423327304422855
0.009983668103814125
0.004246427211910486
0.010080713778734207
0.004444797523319721
0.001233428716659546
0.04076140746474266
0.0024079319555312395
0.015801697969436646
0.013318216428160667
0.003968577831983566
0.02588440664112568
0.017263881862163544
0.03467009589076042
0.029910029843449593
0.015504606999456882
0.00804438441991806
0.004803667776286602
0.020544201135635376
0.021893281489610672
0.01919454336166382
0.013877395540475845
0.018422257155179977
0.006409352645277977
0.007232543081045151
0.05873442068696022
0.0051653143018484116
0.007716720923781395
0.006533763371407986
0.03779744729399681
0.02386002615094185
0.0012765600113198161
0.014049825258553028
0.016341090202331543
0.00596949877217412
0.0024343826808035374
0.0040527828969061375
0.014682190492749214
0.0014730315888300538
0.005006048362702131
0.02708437107503414
0.0034751477651298046
0.0017331565031781793
0.017772596329450607
0.01579033024609089
0.007775251287966967
0.0021116998977959156
0.0029067490249872208
0.0077118477784097195
0.01455251220613718
0.011646396480500698
0.07333008199930191
0.005283840931952
0.0036794994957745075
0.012537822127342224
0.002723894314840436
0.014329669065773487
0.0407346673309803
0.011135812848806381
0.00843811221420765
0.017138877883553505
0.039412353187799454
0.020904667675495148
0.007131712511181831
0.002935707103461027
0.008405165746808052
0.02817927487194538
0.01589064672589302
0.016635118052363396
0.0017174796666949987
0.021119479089975357
0.04011615365743637
0.012444798834621906
0.002448592334985733
0.019021810963749886
0.0029477751813828945
0.03473777696490288
0.001239302335307002
0.009031393565237522
0.025330843403935432
0.0029299920424818993
0.036658916622400284
0.016278445720672607
0.004399066790938377
0.015194184146821499
0.0034184593241661787
0.03975224494934082
0.007468171883374453
0.048850882798433304
0.01507619395852089
0.007604608777910471
0.003162521868944168
0.01659899577498436
0.007417022716253996
0.007367631886154413
0.016615524888038635
0.0026048426516354084
0.00390403950586915
0.0015720691299065948
0.043088555335998535
0.0036890923511236906
0.011441662907600403
0.0014872243627905846
0.0007062926888465881
0.007976759225130081
0.002335498807951808
0.01973915658891201
0.006395030301064253
0.03327753767371178
0.002735547022894025
0.004211710765957832
0.007306472398340702
0.001855905051343143
0.004458389710634947
0.019216135144233704
0.013720301911234856
0.017556695267558098
0.008766348473727703
0.018680769950151443
0.0032133059576153755
0.0018411452183499932
0.0036509549245238304
0.02488035336136818
0.0020600196439772844
0.012362317182123661
0.0061699021607637405
0.0014448348665609956
0.02403177134692669
0.017730871215462685
0.02850077487528324
0.014670168980956078
0.005291263107210398
0.0032060600351542234
0.024079609662294388
0.011575977317988873
0.007324342615902424
0.0018254288006573915
0.041243307292461395
0.03577890247106552
0.022700056433677673
0.007150731049478054
0.002910088747739792
0.007098023314028978
0.00760311633348465
0.013575763441622257
0.0008706078515388072
0.0018079600995406508
0.021261245012283325
0.0033767668064683676
0.021337449550628662
0.038373202085494995
0.0024011603090912104
0.0005685075302608311
0.013407024554908276
0.10538972914218903
0.017932742834091187
0.004807409830391407
0.0007762377499602735
0.005635323002934456
0.05777768790721893
0.011382900178432465
0.0013711374485865235
0.005076127126812935
0.008845890872180462
0.0034893550910055637
0.0034486190415918827
0.008272075094282627
0.0099772484973073
0.03558715060353279
0.0408935584127903
0.004560765810310841
0.0079794405028224
0.012117341160774231
0.0004047913243994117
0.009627822786569595
0.003221389837563038
0.10710681974887848
0.0010415342403575778
0.0018799254903569818
0.0010983136016875505
0.020844951272010803
0.010928227566182613
0.0246866587549448
0.016348663717508316
0.008248895406723022
0.022200580686330795
0.017940249294042587
0.000538081512786448
0.016022605821490288
0.00740067521110177
0.038489535450935364
0.008006640709936619
0.0012975754216313362
0.0019955530297011137
0.014191662892699242
0.042992595583200455
0.02845788188278675
0.018834026530385017
0.010865495540201664
0.009142687544226646
0.005919286981225014
0.0016159992665052414
0.0016467544483020902
0.010991279035806656
0.0017607626505196095
