0.0016206457512453198
0.0023205382749438286
0.008425171487033367
0.001476046396419406
0.0025529218837618828
0.004781658295542002
0.011592848226428032
0.032252971082925797
0.002102974336594343
0.007282896898686886
0.011431235820055008
0.0005045164143666625
0.03972330689430237
0.006965956650674343
0.020994292572140694
0.0008189718937501311
0.0013377625728026032
0.006550048943608999
0.0005604305770248175
0.0010236573871225119
0.002112696412950754
0.00008706372318556532
0.0017133606597781181
0.0005429490120150149
0.0006895301630720496
0.00019030511612072587
0.005319653078913689
0.012524493969976902
0.0004042517102789134
0.005852281581610441
0.002771858125925064
0.003002563025802374
0.00039833446498960257
0.008303935639560223
0.014950387179851532
0.00029626526520587504
0.009848137386143208
0.0010330865625292063
0.0021724493708461523
0.00029101321706548333
0.008327850140631199
0.0036775097250938416
0.017906511202454567
0.004189592320472002
0.0005306267412379384
0.00017189705977216363
0.0045721144415438175
0.01527823880314827
0.00009430867794435471
0.020583568140864372
0.006418434903025627
0.005877391435205936
0.0009346248116344213
0.0006550295511260629
0.0016711752396076918
0.00011089746112702414
0.02352612465620041
0.015715787187218666
0.012642900459468365
0.03646991029381752
0.002051376039162278
0.00025877790176309645
0.0034704820718616247
0.03417439013719559
0.004126112908124924
0.000173491207533516
0.007322024088352919
0.00038410743582062423
0.005172732286155224
0.010282766073942184
0.0006261995295062661
0.018676383420825005
0.016085805371403694
0.005179117433726788
0.01939334161579609
0.00021395788644440472
0.0009132183622568846
0.0007275815587490797
0.0005267513915896416
0.0012825301382690668
0.000744987279176712
0.0011303803185001016
0.01127014122903347
0.0005160229629836977
0.04687391221523285
0.000991399516351521
0.00455294456332922
0.01441904529929161
0.015638742595911026
0.002726767212152481
0.0020352492574602365
0.0015361313708126545
0.026938291266560555
0.0006986414082348347
0.0003747751470655203
0.0019801894668489695
0.00008633304241811857
0.011595283634960651
0.0007622376433573663
0.00042251567356288433
0.013411975465714931
0.010234919376671314
0.016130270436406136
0.012386737391352654
0.000967145839240402
0.005378491245210171
0.014369078911840916
0.00786873884499073
0.0010195057839155197
0.0002497415407560766
0.015498765744268894
0.0012777094962075353
0.0035576652735471725
0.009867781773209572
0.0021325263660401106
0.000878897204529494
0.0018461234867572784
0.058815911412239075
0.008549765683710575
0.004470532294362783
0.0004847755189985037
0.0002799977664835751
0.003198574297130108
0.0021520955488085747
0.009762260131537914
0.004883321467787027
0.0008778592455200851
0.002333887852728367
0.0003625302342697978
0.0010867964010685682
0.0007576372590847313
0.0013688249746337533
0.019747039303183556
0.0009914485272020102
0.004413465969264507
0.005602927878499031
0.00012371703633107245
0.00439053401350975
0.0075091286562383175
0.0005541514838114381
0.0014610644429922104
0.002052946714684367
0.0013101587537676096
0.0021833726204931736
0.005519544705748558
0.019982706755399704
0.0032750722020864487
0.00017642923921812326
0.0068325139582157135
0.005762533750385046
0.0031709899194538593
0.007092050276696682
0.002984339138492942
0.0006209000130183995
0.004722174722701311
0.008558915928006172
0.01978079229593277
0.00046464320621453226
0.011657978408038616
0.01103832758963108
0.0015999721363186836
0.002783080330118537
0.00028106989338994026
0.006599127314984798
0.009814990684390068
0.000661319587379694
0.0037427328061312437
0.00931085180491209
0.0024610180407762527
0.0035700597800314426
0.00010063207446364686
0.007645545527338982
0.0009475084953010082
0.0010105581022799015
0.000590399606153369
0.003040926530957222
0.0036302076186984777
0.0017180066788569093
0.00017116971139330417
0.04424172267317772
0.0004995187628082931
0.000618277583271265
0.00011127259494969621
0.0018964018672704697
0.022300738841295242
0.013991368934512138
0.036500610411167145
0.004970223177224398
0.0000642195955151692
0.001604597084224224
0.003838751232251525
0.006962525192648172
0.013851110823452473
0.008549981750547886
0.005437217187136412
0.001806406769901514
0.0007559732184745371
0.0015233346493914723
0.0006969116511754692
0.0021840129047632217
0.0014853524044156075
0.015819622203707695
0.0034411067608743906
0.00008395783515879884
0.0024355300702154636
0.00028236329671926796
0.0022418054286390543
0.0021224271040409803
0.0014837199123576283
0.04034372419118881
0.009235350415110588
0.010367454029619694
0.00009182113717542961
0.0058096847496926785
0.001384662464261055
0.0005795651231892407
0.00320267491042614
0.0017229252262040973
0.004793648608028889
0.0024522454477846622
0.00043200943036936224
0.011965444311499596
0.0004830453544855118
0.0007936422480270267
0.00835099071264267
0.0005118182161822915
0.05652925372123718
0.0008858740329742432
0.0008067380986176431
0.0009946877835318446
0.0019449042156338692
0.0033861815463751554
0.000854123558383435
0.005399149376899004
0.0027751410380005836
0.000214246436371468
0.026651646941900253
0.0003423376474529505
0.001252548536285758
0.024807145819067955
0.008629019372165203
0.007265590596944094
0.00117418949957937
0.0002563462476246059
0.0011538522085174918
0.0017366105457767844
0.02584567293524742
0.00017384508100803941
0.00047809825628064573
0.007427498698234558
0.0007728710188530385
0.005306689068675041
0.010619943030178547
0.0036845903377979994
0.0006961610051803291
0.0014176919357851148
0.0006592932622879744
0.0006480937590822577
0.0004554655752144754
0.001453349948860705
0.020901575684547424
0.001056046923622489
0.00026788972900249064
0.04357927665114403
0.0034553699661046267
0.053081247955560684
0.0005637095309793949
0.000547263422049582
0.0023090217728167772
0.0005964774754829705
0.0013505895622074604
0.00531115522608161
0.01341097243130207
0.0006445826729759574
0.003626994788646698
0.0010919267078861594
0.001270709210075438
0.007801034487783909
0.0006969959940761328
0.0018250421853736043
0.006787232123315334
0.003884624456986785
0.05690876021981239
0.00011156844266224653
0.007558390032500029
0.013100921176373959
0.025281578302383423
0.006337335798889399
0.005496833473443985
0.001165333203971386
0.0071220980025827885
0.019837670028209686
0.0012382579734548926
0.01553945429623127
0.006647517438977957
0.0015574456192553043
0.022983944043517113
0.0001109429431380704
0.018819788470864296
0.005437908694148064
0.02191588096320629
0.005994589067995548
0.007729936856776476
0.0009035447728820145
0.0019473241409286857
0.04897081106901169
0.021870356053113937
0.0038786004297435284
0.012830250896513462
0.0015981768956407905
0.007597466465085745
0.0002475253713782877
0.009883693419396877
0.022000962868332863
0.003257034346461296
0.0012237174669280648
0.0001832140114856884
0.027379106730222702
0.0020281600300222635
0.0043889302760362625
0.005542110186070204
0.0016084805829450488
0.0016732404474169016
0.01952948048710823
0.005181501619517803
0.002860060892999172
0.0031672881450504065
0.0008307683165185153
0.0353933610022068
0.00003122885391348973
0.002388975815847516
0.004978845827281475
0.0010838195448741317
0.0004861720954068005
0.027724269777536392
0.0014848813880234957
0.002356464508920908
0.0007688269834034145
0.000399764598114416
0.0034141303040087223
0.0011937906965613365
0.0017827083356678486
0.0002877388324122876
0.0023003011010587215
0.0004455006856005639
0.0006675978656858206
0.0001800977042876184
0.00026556116063147783
0.0024763152468949556
0.0011393496533855796
0.001497373217716813
0.01568850874900818
0.0036730142310261726
0.0005302208592183888
0.016186626628041267
0.00680866464972496
0.002828896977007389
0.03799556940793991
0.0009425539756193757
0.0005646322388201952
0.012060134671628475
0.025786222890019417
0.0032142617274075747
0.0005478009697981179
0.00031932038837112486
0.0034490434918552637
0.00036894544609822333
0.0001613908534636721
0.01384324673563242
0.0014701117761433125
0.0003792787902057171
0.008278409019112587
0.014953257516026497
0.0015085946070030332
0.00011551683564903215
0.00012440317368600518
0.0016346536576747894
0.036771103739738464
0.00043109076796099544
0.0016432002885267138
0.00019144888210576028
0.0004880262422375381
0.0036238436587154865
0.010101716965436935
0.02341892197728157
0.010932805016636848
0.002228610683232546
0.0023896542843431234
0.0018073669634759426
0.002022212604060769
0.00014365414972417057
0.0008794678724370897
0.0007865024381317198
0.041480652987957
0.00044135903590358794
0.0005798561032861471
0.006898712366819382
0.0010747264605015516
0.0004012800636701286
0.013755353167653084
0.00040424897451885045
0.002622763393446803
0.007929051294922829
0.005887551698833704
0.0005082464776933193
0.0013359992299228907
0.0006661035004071891
0.017586372792720795
0.002076384611427784
0.0012548426166176796
0.0016120843356475234
0.018429894000291824
0.0012538022128865123
0.008061956614255905
0.0006264434778131545
0.00038709313957951963
0.009562363848090172
0.005062088370323181
0.0005266956286504865
0.0007741820299997926
0.012835279107093811
0.00042113070958293974
0.0013150854501873255
0.0049436441622674465
0.005145215895026922
0.011707160621881485
0.0007189359748736024
0.0015479971189051867
0.0031713745556771755
0.00892278179526329
0.0007109571015462279
0.00040437100687995553
0.0004108425637241453
0.0003148629912175238
0.0008659850573167205
0.0015339653473347425
0.00050252431537956
0.003990416415035725
0.0003027291677426547
0.005320387426763773
0.000578586885239929
0.006383680272847414
0.007108777761459351
0.00016591965686529875
0.001568078063428402
0.00098462775349617
0.01514436211436987
0.031616371124982834
0.019085470587015152
0.0017156346002593637
0.0017630034126341343
0.0034090476110577583
0.005804982036352158
0.007997505366802216
0.007369114551693201
0.00037571819848380983
0.005662850569933653
0.002321843756362796
0.00350242224521935
0.006296840962022543
0.02524801716208458
0.0010376785648986697
0.001877234666608274
0.0007407204248011112
0.0006608117837458849
0.029266998171806335
0.000927308457903564
0.00048163614701479673
0.0007281916914507747
0.0004409887478686869
0.000656272517517209
0.0005737915053032339
0.0007285527535714209
0.006588328164070845
0.003073616186156869
0.00034486548975110054
0.0008643402252346277
0.009077711030840874
0.0006001358269713819
0.0031468658708035946
0.0004634270444512367
0.0003427236806601286
0.0002823817194439471
0.00151797232683748
0.023684954270720482
0.0012604992371052504
0.0009068436338566244
0.0004900104249827564
0.0004248132463544607
0.0018272390589118004
0.0041973828338086605
0.002083570696413517
0.012874783016741276
0.000331210350850597
0.00018596337758935988
0.00014228600775822997
0.001640909700654447
0.005287660751491785
0.004854094702750444
0.0006717579672113061
0.015673691406846046
0.0006123456987552345
0.008839386515319347
0.012752038426697254
0.0009977302979677916
0.00017797230975702405
0.00045229040551930666
0.0066800955682992935
0.010768354870378971
0.0007121673552319407
0.00016933669394347817
0.009705743752419949
0.002726250095292926
0.00016279715055134147
0.008090800605714321
0.008204834535717964
0.0017548733158037066
0.0001058487468981184
0.0013753765961155295
0.00683055492118001
0.02011118270456791
0.008273446932435036
0.019836116582155228
0.0018516774289309978
0.009087820537388325
0.005139013286679983
0.0007673184154555202
0.0016398471780121326
0.00012685581168625504
0.015064104460179806
0.0008007485885173082
0.005707826931029558
0.00018005914171226323
0.0016530182911083102
0.0003362760180607438
0.0026099097449332476
0.015699848532676697
0.00012755564239341766
0.013015617616474628
0.025895394384860992
0.00142860715277493
0.014875369146466255
0.001182818552479148
0.0030276505276560783
0.011963965371251106
0.0013010049005970359
0.0002608396462164819
0.0020755676086992025
0.0012747806031256914
0.002810214413329959
0.00044661425636149943
0.0010658222017809749
0.004831891506910324
0.010834400542080402
0.0028686856385320425
0.008661460131406784
0.0059000602923333645
0.007994897663593292
0.008033789694309235
0.0032626159954816103
0.0004312045348342508
0.007953024469316006
0.009641113691031933
0.0032727010548114777
0.002230255398899317
0.00017980192205868661
0.000856219616252929
0.0004552503232844174
0.0002786378900054842
0.023979628458619118
0.0012893638340756297
0.00024458745610900223
0.020444417372345924
0.0020614357199519873
0.07324224710464478
0.003447431605309248
0.002716686110943556
0.001248608692549169
0.004325223155319691
0.018518570810556412
0.0015223821392282844
0.002051258459687233
0.002714752219617367
0.016499150544404984
0.0022273329086601734
0.006868523545563221
0.0010702593717724085
0.0044512622989714146
0.03275960683822632
0.020507803186774254
0.003353491658344865
0.0004580268287099898
0.0009482919122092426
0.005879759322851896
0.022322962060570717
0.00021132518304511905
0.004005511291325092
0.006062323227524757
0.017927777022123337
0.0009359053801745176
0.001057160785421729
0.00015808793250471354
0.003711151424795389
0.0022699711844325066
0.0001155371282948181
0.0017339233309030533
0.0018320592353120446
0.0015643250662833452
0.021054862067103386
0.0008136731921695173
0.002446047030389309
0.0009664062527008355
0.011201458051800728
0.001886204001493752
0.0003650067374110222
0.006570334080606699
0.0016029751859605312
0.00157708371989429
0.015004545450210571
0.022574177011847496
0.031367361545562744
0.0005287280073389411
0.011063951067626476
0.0021130142267793417
0.0030265997629612684
0.00033350384910590947
0.00232306239195168
0.004202357959002256
0.002395701827481389
0.0004789736995007843
0.00521626602858305
0.0022787079215049744
0.00042860384564846754
0.00018537804135121405
0.0005275760777294636
0.0003806901222560555
0.0005627520731650293
0.001096369349397719
0.0007853635470382869
0.0017434674082323909
0.015792418271303177
0.0004539474321063608
0.0009815397206693888
0.00716891884803772
0.029374582692980766
0.027964312583208084
0.00015183433424681425
0.0005068524624221027
0.02192283608019352
0.007946516387164593
0.0013509553391486406
0.0011171577498316765
0.004283309914171696
0.0013500594068318605
0.006848297081887722
0.03381676599383354
0.0002618451835587621
0.006337105296552181
0.034978002309799194
0.007128007709980011
0.01556398719549179
0.00026160996640101075
0.0002947146713268012
0.00859476812183857
0.0013699496630579233
0.00004283350790501572
0.0007895540329627693
0.000640781014226377
0.0013431403785943985
0.0009524831548333168
0.0016174031188711524
0.006848841905593872
0.00013737154949922115
0.01930169016122818
0.0272490456700325
0.014871076680719852
0.0017217120621353388
0.014400502666831017
0.0011540346313267946
0.0007623601704835892
0.0011349063133820891
0.002313692821189761
0.0008814450702629983
0.0016610845923423767
0.0030658396426588297
0.02823709137737751
0.01823572628200054
0.0002418903459329158
0.00007554645708296448
0.00010642317647580057
0.0012014546664431691
0.00004859990076511167
0.010314498096704483
0.006798359099775553
0.0028370751533657312
0.03920501843094826
0.006353358738124371
0.00059407769003883
0.004247359931468964
0.00007577327778562903
0.003909416496753693
0.010129897855222225
0.002612850395962596
0.0006786969024688005
0.0071905688382685184
0.0020056262146681547
0.0004431830020621419
0.008561129681766033
0.009903467260301113
0.000724738638382405
0.0004032697179354727
0.0001407349482178688
0.0019212397746741772
0.00018699117936193943
0.0014850831357762218
0.013051019050180912
0.022625194862484932
0.0006068230140954256
0.0002647531218826771
0.012262705713510513
0.0009567029192112386
0.0010420047910884023
0.0002905665314756334
0.0009722427348606288
0.003931726329028606
0.0008789362036623061
0.0004576239443849772
0.0010640945984050632
0.013955446891486645
0.0007617289084009826
0.007932133041322231
0.0005679968162439764
0.00715640326961875
0.001413657795637846
0.0018928120844066143
0.006787147372961044
0.005171907600015402
0.0005942280986346304
0.03342721611261368
0.0002255468425573781
0.0008204409386962652
0.00010051104618469253
0.005763268563896418
0.0011366064427420497
0.00023150723427534103
0.0073362113907933235
0.00861812848597765
0.0003238613426219672
0.0004019784100819379
0.006421796511858702
0.011722955852746964
0.01836370676755905
0.0033187621738761663
0.013033818453550339
0.0029137979727238417
0.0008418210782110691
0.04494088888168335
0.00016016841982491314
0.0016824776539579034
0.013542569242417812
0.000312765158014372
0.001259385491721332
0.00002966491592815146
0.0051011801697313786
0.001127708237618208
0.0018306594574823976
0.008174634538590908
0.006958717945963144
0.04284999519586563
0.020790673792362213
0.0005770445568487048
0.019060196354985237
0.00008314546721521765
0.0003862858284264803
0.0012481630546972156
0.0006407004548236728
0.0021630381233990192
0.0011492844205349684
0.0011947016464546323
0.007499189116060734
0.017202716320753098
0.00014248538354877383
0.000270900025498122
0.001333721331320703
0.08870991319417953
0.0012788687599822879
0.009500782005488873
0.0025416964199393988
0.004839166533201933
0.0004483060911297798
0.012591898441314697
0.004132505506277084
0.0011645255144685507
0.0011482140980660915
0.0006707088323310018
0.005887078121304512
0.00009656590555096045
0.003960196394473314
0.030069002881646156
0.0027861681301146746
0.03434605151414871
0.0006927406648173928
0.0024848508182913065
0.0027060487773269415
0.0000974598660832271
0.0065172165632247925
0.06116466596722603
0.005246427375823259
0.04074494168162346
0.08687211573123932
0.0003116680309176445
0.0032267721835523844
0.003433449426665902
0.000025005783754750155
0.0003883572353515774
0.018754994496703148
0.0006697476492263377
0.000982422148808837
0.008887968957424164
0.0002785178949125111
0.0006625413079746068
0.0022206997964531183
0.0005310960114002228
0.04397032782435417
0.01025692094117403
0.000503151211887598
0.012632977217435837
0.021430470049381256
0.0027516016270965338
0.0013257770333439112
0.017393136397004128
0.001575710135512054
0.0008844459662213922
0.0003436875995248556
0.009691430255770683
0.007708009798079729
0.004380469210445881
0.000431962514994666
0.017813976854085922
0.027566272765398026
0.011976098641753197
0.0013806161005049944
0.0034830092918127775
0.014740658923983574
0.0019563923124223948
0.004640108440071344
0.0005312783177942038
0.0018214302835986018
0.008475910872220993
0.0026968521997332573
0.00033368435106240213
0.009664209559559822
0.008948692120611668
0.0012301001697778702
0.016402199864387512
0.013321345672011375
0.015158304013311863
0.011387205682694912
0.0022279240656644106
0.0032896699849516153
0.019601477310061455
0.00048202273319475353
0.0006571540725417435
0.00022769090719521046
0.08263418078422546
0.005519463215023279
0.003831053152680397
0.00020376233442220837
0.001658166409470141
0.007923322729766369
0.0004755833651870489
0.010284428484737873
0.0006379935657605529
0.000899450620636344
0.002157400595024228
0.0028020264580845833
0.002860416891053319
0.006822347640991211
0.0014675131533294916
0.0035348711535334587
0.012951311655342579
0.015992354601621628
0.0018508440116420388
0.013968798331916332
0.01602831855416298
0.0006583746871910989
0.0013742073206230998
0.0007142457761801779
0.01738336682319641
0.0055626025423407555
0.00013566977577283978
0.0010970043949782848
0.00015539431478828192
0.0017541507259011269
0.00010477314935997128
0.00031256600050255656
0.005004577804356813
0.0013916586758568883
0.0022058654576539993
0.0034610978327691555
0.00016830115055199713
0.0048897708766162395
0.006107204128056765
0.006293794605880976
0.0025227386504411697
0.000263942260062322
0.0003761707921512425
0.0003223895619157702
0.000051516257371986285
0.0011306259548291564
0.0014828996500000358
0.005207914859056473
0.005293774418532848
0.006156325805932283
0.0015530881937593222
0.0009575812728144228
0.0019970438443124294
0.003478095168247819
0.00029289512895047665
0.06083179637789726
0.0024619470350444317
0.0000638851779513061
0.0010714950039982796
0.0004918339545838535
0.0014281864278018475
0.007753810379654169
0.0004733898676931858
0.01385816652327776
0.00021844870934728533
0.0032397035975009203
0.001667306642048061
0.0037262975238263607
0.0019218510715290904
0.0010473683942109346
0.0006783283897675574
0.0003882944874931127
0.0028882124461233616
0.01157553680241108
0.0013196711661294103
0.026717862114310265
0.0003665195545181632
0.0013970650034025311
0.007237096782773733
0.009286059066653252
0.005382021889090538
0.00230368017219007
0.0005298444302752614
0.0005572657682932913
0.00007226977322716266
0.0022744028829038143
0.002981729106977582
0.0003421827277634293
0.0007270575151778758
0.0002264711947645992
0.0011602647136896849
0.0005018925294280052
0.0003866496845148504
0.004211453255265951
0.004440767224878073
0.02184903621673584
0.03938763961195946
0.0007034481968730688
0.002476745517924428
0.019210167229175568
0.00039845096762292087
0.00017288437811657786
0.001146641792729497
0.018372802063822746
0.0008374470053240657
0.002087749307975173
0.00036847792216576636
0.010679274797439575
0.009730330668389797
0.004871197044849396
0.00011399972572689876
0.003007016144692898
0.0005757014732807875
0.00792731624096632
0.01174511481076479
0.0009542316547594965
0.00205783499404788
0.007380052004009485
0.013064583763480186
0.030859272927045822
0.004609107039868832
0.0013160895323380828
0.001546706655062735
0.005194697994738817
0.0011232993565499783
0.017023075371980667
0.0009763148846104741
0.0007930994615890086
0.033270787447690964
0.005658973008394241
0.008869576267898083
0.001516838325187564
0.0012352538760751486
0.003431264776736498
0.0002968955668620765
0.0007473548757843673
0.0007019115146249533
0.010300837457180023
0.0013234210200607777
0.004008464980870485
0.001026037847623229
0.025644732639193535
0.016585471108555794
0.019223753362894058
0.020966103300452232
0.017072144895792007
0.0013755308464169502
0.008815236389636993
0.00016961930668912828
0.02681032009422779
0.00040043541230261326
0.0008853406761772931
0.0036775923799723387
0.00955304317176342
0.000592010619584471
0.0008918720413930714
0.0003559932520147413
0.0004824466013815254
0.0010445804800838232
0.0015013654483482242
0.0011529792100191116
0.00017521705012768507
0.0024218668695539236
0.004472014494240284
0.011066985316574574
0.0017788413679227233
0.0005610886146314442
0.009261222556233406
0.0021671869326382875
0.0013512823497876525
0.04213482514023781
0.0003199386119376868
0.0005860934033989906
0.027245666831731796
0.02101495862007141
0.002081263577565551
0.00010143721010535955
0.0028060711920261383
0.007204132154583931
0.0000772836574469693
0.007250473368912935
0.0018058890709653497
0.0009966946672648191
0.015293971635401249
0.002015173900872469
0.004128495696932077
0.00024882916477508843
0.00041091241291724145
0.0001937419583555311
0.003764671040698886
0.0268422681838274
0.001263503567315638
0.0004658399266190827
0.0012506749480962753
0.018230633810162544
0.0036299447529017925
0.008462007157504559
0.000936091470066458
0.002243854571133852
0.0013309329515323043
0.0022951927967369556
0.0007016458548605442
0.01578477956354618
0.010300097055733204
0.00018645561067387462
0.00030850517214275897
0.003176881466060877
0.0006374430377036333
0.0008293981081806123
0.0017384663224220276
0.0006080836174078286
0.0010358847212046385
0.04672522842884064
0.0007710529607720673
0.007254945579916239
0.0018154308199882507
0.0008951389463618398
0.0015929085202515125
0.03273895010352135
0.001048909965902567
0.01307707466185093
0.0037539552431553602
0.0004547260468825698
0.004294255282729864
0.0006360430852510035
0.02085997350513935
0.002271966775879264
0.0012648706324398518
0.0004794718115590513
0.021552644670009613
0.0007630756590515375
0.03888870030641556
0.0003502708859741688
0.030475057661533356
0.0042928727343678474
0.0023689167574048042
0.00011844810069305822
0.00004916265970678069
0.0002250620600534603
0.01304648257791996
0.03730203956365585
0.023820778355002403
0.003903387812897563
0.018317556008696556
0.024466631934046745
0.0008270737598650157
0.011477689258754253
0.004461497534066439
0.0014972235076129436
0.004331111907958984
0.015653051435947418
0.00022979041386861354
0.003181308042258024
0.00511866994202137
0.006088386755436659
0.0021458587143570185
0.0025058663450181484
0.003596225054934621
0.001402051537297666
0.006338872481137514
0.001953231170773506
0.03311304375529289
0.0006680635269731283
0.017337191849946976
0.0051786103285849094
0.0020747685339301825
0.006186874117702246
0.001195114804431796
0.0008826259290799499
0.0028336949180811644
0.006666972301900387
0.0006814382504671812
0.0010132966563105583
0.0007849324028939009
0.0027962294407188892
0.0008702469058334827
0.000278449704637751
0.00039054997614584863
0.006529347505420446
0.01078779622912407
0.01998314820230007
0.0012282830430194736
0.0007163648260757327
0.0007397563313134015
0.01742452010512352
0.02120736613869667
0.012517306953668594
0.008375818841159344
0.006344418972730637
0.0010454516159370542
0.0031870133243501186
0.023913323879241943
0.0004186379665043205
0.01572791300714016
0.007709398400038481
0.0004341440799180418
0.0021773132029920816
0.0019625506829470396
0.0019423682242631912
0.004938301630318165
0.008485265076160431
0.009846794418990612
0.0004629055329132825
0.00023072166368365288
0.0007048210827633739
0.002490802900865674
0.00027654808945953846
0.005592013709247112
0.006798205431550741
0.01457575336098671
0.00088465865701437
0.002636621706187725
0.000041485669498797506
0.000315948884235695
0.0033096650149673223
0.0005724488873966038
0.002607796574011445
0.0009611389832571149
0.00211978517472744
0.00847491156309843
0.0036723401863127947
0.0013602961553260684
0.0012853461084887385
0.0027132004033774137
0.0005129458149895072
0.0007295681862160563
0.005736007355153561
0.0014856267953291535
0.027768870815634727
0.0022045383229851723
0.05051051452755928
0.003106881631538272
0.00048343214439228177
0.0004121936799492687
0.011222836561501026
0.0030536632984876633
0.0006147529929876328
0.005135659594088793
0.0000413641391787678
0.012684340588748455
0.00732169346883893
0.0006928005022928119
0.00013460330956149846
0.004225153475999832
0.0018179158214479685
0.0006254808395169675
0.027818236500024796
0.005214833188802004
0.001491459785029292
0.0005484689609147608
0.0005481207626871765
0.024342894554138184
0.0004398554447107017
0.007154294289648533
0.001821392448619008
0.0014419101644307375
0.04792867973446846
0.0007798185106366873
0.0002204618212999776
0.0038542270194739103
0.009419647976756096
0.0006292636971920729
0.00008777318726060912
0.00043638001079671085
0.000888944196049124
0.056452445685863495
0.00021107972133904696
0.00017805567767936736
0.00015017081750556827
0.0017922567203640938
0.0000600062012381386
0.011422825045883656
0.00048696110025048256
0.0006584203219972551
0.006378449033945799
0.015558043494820595
0.0021521910093724728
0.0011357162147760391
0.010119999758899212
0.0031307097524404526
0.006107803899794817
0.03117242455482483
0.010997476056218147
0.009073439985513687
0.0008928229217417538
0.0013898044126108289
0.0006178072653710842
0.007003750652074814
0.0067599741742014885
0.0007674147491343319
0.0008368697599507868
0.004677081946283579
0.00009541757754050195
0.0015318089863285422
0.012280668132007122
0.005025492515414953
0.0016334607498720288
0.000027332762329024263
0.006919774692505598
0.0009795674122869968
0.0005430474411696196
0.0002824025577865541
0.024848490953445435
0.0004529103171080351
0.00039144227048382163
0.0011529593029990792
0.0005870040622539818
0.001209621666930616
0.0002101852878695354
0.007752685807645321
0.0008754817536100745
0.0058744135312736034
0.0003240391379222274
0.0067909699864685535
0.0003211584407836199
0.0040903883054852486
0.0004585990682244301
0.0004023326328024268
0.0016991874435916543
0.00123580580111593
0.003482007421553135
0.004994045943021774
0.002589659532532096
0.022459855303168297
0.003591282293200493
0.008803603239357471
0.0015246681869029999
0.0004553328035399318
0.036719392985105515
0.00502342265099287
0.0003608769620768726
0.0005444232956506312
0.00038072862662374973
0.010847368277609348
0.002074519405141473
0.014924298971891403
0.049873724579811096
0.014704096131026745
0.0023007031995803118
0.0005906958831474185
0.010238133370876312
0.0015814956277608871
0.007393576670438051
0.0005190082592889667
0.00008255002467194572
0.005092955660074949
0.0015744733391329646
0.002099169883877039
0.0003064058255404234
0.0008029747987166047
0.03184298425912857
0.0056866793893277645
0.0009744392009451985
0.00014263972116168588
0.00011702519987011328
0.00001577850889589172
