0.004644693341106176
0.035449907183647156
0.0003008849162142724
0.0005808802670799196
0.02695210836827755
0.00005316182432579808
0.00002690577821340412
0.009019292891025543
0.0012750864261761308
0.030747512355446815
0.007969820871949196
0.00044563133269548416
0.0019397459691390395
0.00001533580871182494
0.000047867892135400325
0.0004682247817981988
0.0009996198350563645
0.0006869900971651077
0.007457968778908253
0.00284457765519619
0.0035023302771151066
0.00017960555851459503
0.00038974196650087833
0.001795091899111867
0.000053726736950920895
0.00047259859275072813
0.0020456379279494286
0.000015332087059505284
0.0011291361879557371
0.00011833469761768356
0.009209704585373402
0.0004332222160883248
0.000025214867491740733
0.00023235089611262083
0.0014162624720484018
0.008253545500338078
0.000042858446249738336
0.0045410627499222755
0.00008932581840781495
0.0004843366041313857
0.0002998526906594634
0.0041826204396784306
0.00022871523106005043
0.000018786697182804346
0.00005132659134687856
0.000420063704950735
0.00023026991402730346
0.00173621391877532
0.015801938250660896
0.000011535083103808574
0.00010330305667594075
0.000034348406188655645
0.002544231479987502
0.00048397108912467957
0.0004648066242225468
0.0703572928905487
0.0003101274778600782
0.000045314303861232474
0.00009460534056415781
0.02906239964067936
0.0035984478890895844
0.000039881066186353564
0.0000328019232256338
0.0013501762878149748
0.00014616794942412525
0.00006201615906320512
0.0008895913488231599
0.0003618276386987418
0.001154645113274455
0.0005056338268332183
0.0267964918166399
0.0022183284163475037
0.00027727734413929284
0.0000914467527763918
0.0013409946113824844
0.002809269353747368
0.004719557240605354
0.0005174598190933466
0.002568397670984268
0.0007363623008131981
0.00033295489265583456
0.0020140581764280796
0.00009191359276883304
0.00013339293946046382
0.00372291449457407
0.009930889122188091
0.012709235772490501
0.0006514270789921284
0.0000917109937290661
0.07039760798215866
0.011738843284547329
0.0000732966436771676
0.0010017692111432552
0.01805761642754078
0.0007931269938126206
0.000001376643922412768
0.00035901780938729644
0.00008856852218741551
0.00006900283915456384
0.009875155054032803
0.00007831457332940772
0.00010624506103340536
0.0018660598434507847
0.00024467005277983844
0.0019963067024946213
0.000361806305591017
0.001321671181358397
0.004698653239756823
0.00006495001434814185
0.0005119910929352045
0.00035517968353815377
0.0012317197397351265
0.0003621875657700002
0.003993133548647165
0.0010841100011020899
0.02574380487203598
0.004140092525631189
0.001606846577487886
0.00033371482277289033
0.00001340259586868342
0.02328564040362835
0.00003924766861018725
0.003757582977414131
0.00033783275284804404
0.018463704735040665
0.00023332836281042546
0.004369399510324001
0.0012161293998360634
0.00005593838432105258
0.0215802900493145
0.0012785919243469834
0.004233242943882942
0.00039733111043460667
0.0024555360432714224
0.000030232127755880356
0.00010252170613966882
0.001453506643883884
0.006462283432483673
0.006758686155080795
0.00011417973291827366
0.0015599196776747704
0.0005110351485200226
0.003047692822292447
0.01574617438018322
0.0004143890691921115
0.00006665514956694096
0.023587465286254883
0.00023025272821541876
0.016905194148421288
0.0001714386889943853
0.000135588736156933
0.0003282440302427858
0.0003563552163541317
0.0011581777362152934
0.0010736773256212473
0.00016312830848619342
0.013883426785469055
0.000006587611551367445
0.02346300520002842
0.0006579826585948467
0.00013312652299646288
0.010373943485319614
0.014135011471807957
0.0003228826099075377
0.000341200502589345
0.0002425621496513486
0.014889808371663094
0.03731105849146843
0.005521854851394892
0.00005706130832550116
0.0005805219989269972
0.00009095051791518927
0.0016327808843925595
0.019622614607214928
0.000014988624570833053
0.0007386719807982445
0.0028592427261173725
0.01739298738539219
0.05305793136358261
0.008404964581131935
0.018845565617084503
0.0003448275674600154
0.00015615802840329707
0.005446430295705795
0.0004864251532126218
0.002829106291756034
0.012670447118580341
0.0003224663087166846
0.006173151079565287
0.0003561725898180157
0.008576251566410065
0.00007465668022632599
0.000021566620489466004
0.0013599310768768191
0.0018371542682871222
0.016300426796078682
0.0012857782421633601
0.00005078659160062671
0.0003549176617525518
0.0014006291748955846
0.0035881707444787025
0.000002038319735220284
0.0008712696144357324
0.000049350834160577506
0.029397184029221535
0.0008880681125447154
0.0007196727092377841
0.0012156418524682522
0.0033678507898002863
0.010493357665836811
0.03185360133647919
0.0012085200287401676
0.000041399758629268035
0.0005795087199658155
0.0017314974684268236
0.0006605664384551346
0.0005210700328461826
0.00042446452425792813
0.026902299374341965
0.00000518441174790496
0.00009388977923663333
0.024449946358799934
0.014378895051777363
0.0005214560078456998
0.0009594886796548963
0.00004126928251935169
0.0028805360198020935
0.002566433046013117
0.0024140712339431047
0.00010494148591533303
0.0005606015911325812
0.0009701990056782961
0.00008916294609662145
0.00038872938603162766
0.0004889181000180542
0.00007831520633772016
0.0003245966217946261
0.002278587082400918
0.00019143907411489636
0.028902677819132805
0.00007844546053092927
0.001958877081051469
0.009579668752849102
0.047904111444950104
0.0027301781810820103
0.0008041908731684089
0.001178720616735518
0.0002956431417260319
0.00008312654972542077
0.0013090027496218681
0.0008734527509659529
0.007504092529416084
0.0022409858647733927
0.0007747862837277353
0.003178189042955637
0.00007133586768759415
0.0009491699747741222
0.0004629782633855939
0.00018469264614395797
0.000952457427047193
0.0006497914437204599
0.000019630515453172848
0.0027154493145644665
0.000005360838258638978
0.001539176912046969
0.0006239498616196215
0.000033377094950992614
0.00004198051101411693
0.0008775730966590345
0.003918441943824291
0.00020864362886641175
0.000015028094821900595
0.00029595097294077277
0.000040064460335997865
0.010854171589016914
0.000023937665901030414
0.011346335522830486
0.0003799341793637723
0.001342220464721322
0.005274713970720768
0.00048329433775506914
0.0007443148642778397
0.002951533766463399
0.014355342835187912
0.000051401162636466324
0.005185592919588089
0.0015829374315217137
0.004910818301141262
0.00006335314537864178
0.0030800499953329563
0.00039423690759576857
0.00021277088671922684
0.0015524412738159299
0.02338276617228985
0.0010113329626619816
0.000035118486266583204
0.0019061572384089231
0.00034018856240436435
0.030928246676921844
0.000039892562199383974
0.0009268068242818117
0.00008744288061279804
0.001131623750552535
0.00001822857120714616
0.00033728202106431127
0.0021868024487048388
0.011465797200798988
0.022817760705947876
0.0002965251333080232
0.00004506557161221281
0.00040889563388191164
0.0011358553310856223
0.00005830528607475571
0.0020188014023005962
0.005557130090892315
0.00028860961901955307
0.012184127233922482
0.001097995089367032
0.0002800873771775514
0.0031963190995156765
0.0004950740840286016
0.020815245807170868
0.000027407859306549653
0.00006680303340544924
0.00007034679583739489
0.0068913116119802
0.0004796444554813206
0.00009530268289381638
0.002570909447968006
0.000012985929060960189
0.00018427458417136222
0.018442651256918907
0.004449579399079084
0.0001333498366875574
0.0000873608369147405
0.00007009228284005076
0.0004687074979301542
0.00010923606168944389
0.01041336078196764
0.00020515268261078745
0.008898737840354443
0.0000009439549444323347
0.0044623021967709064
0.0010255160741508007
0.001713676960207522
0.00021980430756229907
0.000028959933842997998
0.02755798026919365
0.00005862259786226787
0.00005543471343116835
0.006572837941348553
0.0004433613794390112
0.0000030136880013742484
0.028263580054044724
0.0029358246829360723
0.00042426635627634823
0.02276621386408806
0.00021571855177171528
0.0022142825182527304
0.0016340650618076324
0.000007341979198827175
0.0008239825838245451
0.003906226484104991
0.0011534931836649776
0.0006993202841840684
0.0008129398920573294
0.003215162083506584
0.015368957072496414
0.0003894651017617434
0.01415964774787426
0.03596765920519829
0.0009066106867976487
0.0004706658946815878
0.003077679080888629
0.009052365086972713
0.0017019370570778847
0.0037455738056451082
0.011024903506040573
0.002336908131837845
0.00023478377261199057
0.005310275126248598
0.00010205720900557935
0.041439637541770935
0.0005465694121085107
0.0003961947513744235
0.00024528265930712223
0.000851858058013022
0.007847607135772705
0.0019085651729255915
0.00008986741158878431
0.0014275596477091312
0.001471842871978879
0.00011715461732819676
0.001656323205679655
0.0007363572949543595
0.0037311355117708445
0.00028253154596313834
0.00008381089719478041
0.000007401647053484339
0.00026991066988557577
0.008031092584133148
0.009367016144096851
0.00039233057759702206
0.0002888203307520598
0.014177415519952774
0.001592275919392705
0.0003877445706166327
0.00016293938097078353
0.0000969452376011759
0.000014971378732298035
0.000406074890634045
0.00008416140917688608
0.001693660393357277
0.006643999833613634
0.0071279918774962425
0.0004978234646841884
0.00012067658826708794
0.00013983255485072732
0.023113533854484558
0.0028561537619680166
0.04934394732117653
0.00032903539249673486
0.0013329063076525927
0.00024327030405402184
0.0013121248921379447
0.00005142769077792764
0.00602260697633028
0.003871656022965908
0.00010189150634687394
0.0006728561129420996
0.016951775178313255
0.0019442238844931126
0.008902032859623432
0.00007957654452184215
0.028679078444838524
0.0005456149228848517
0.0001993808546103537
0.019922437146306038
0.00003539643148542382
0.0001533570175524801
0.0010251599596813321
0.00036384095437824726
0.000025379544240422547
0.0014795373426750302
0.0004091247101314366
0.005731634795665741
0.00012655669706873596
0.0007605301216244698
0.0010950213763862848
0.00014862249372527003
0.00010689920600270852
0.0250307135283947
0.0014939752873033285
0.0004415707662701607
0.0024708302225917578
0.00013861729530617595
0.0001096508713089861
0.0061207981780171394
0.00035522604594007134
0.004162917844951153
0.0005534787196666002
0.02758660353720188
0.008309644646942616
0.0001784369960660115
0.0018019186099991202
0.0007551198359578848
0.0002383199316682294
0.0005584462196566164
0.0005414419574663043
0.03069453313946724
0.0012815860100090504
0.0007914289017207921
0.011294599622488022
0.002217693720012903
0.009347205981612206
0.000037271198380040005
0.000006653770014963811
0.00026114212232641876
0.00034309428883716464
0.000131647422676906
0.005762515589594841
0.0009045054903253913
0.00014944827125873417
0.0002574996615294367
0.0018053337698802352
0.00009007994958665222
0.00008164936298271641
0.000005114947271067649
0.00016280589625239372
0.0008879112428985536
0.000014009881851961836
0.00001711226832412649
0.00043619025382213295
0.000029810089472448453
0.00009274804324377328
0.00008986184548120946
0.00002312233300472144
0.01164894737303257
0.00041573174530640244
0.004288246855139732
0.000039920920244185254
0.0003180777421221137
0.000008474423339066561
0.008656561374664307
0.009841321036219597
0.0014408574206754565
0.0003039228613488376
0.0028816084377467632
0.001948443939909339
0.00010796896094689146
0.044650059193372726
0.000012825686098949518
0.0011130211642012
0.0003553619608283043
0.0003337780653964728
0.00003967055818066001
0.00026808076654560864
0.00009292388131143525
0.011732853949069977
0.01079668290913105
0.002232644474133849
0.0008058267994783819
0.0016716187819838524
0.03353382274508476
0.000026032937967102043
0.0549151673913002
0.0013235282385721803
0.0013162262039259076
0.02071285992860794
0.00028975386521779
0.0006597444880753756
0.004311795812100172
0.00581242423504591
0.0058740656822919846
0.004008210264146328
0.004673906601965427
0.000013560907063947525
0.015670759603381157
0.00019881114712916315
0.0004688133194576949
0.0001544450205983594
0.00004766992788063362
0.0008831055019982159
0.000012663127563428134
0.00007974381878739223
0.00019049184629693627
0.0018788921879604459
0.0010139326332136989
0.0002610877563711256
0.003189152106642723
0.0007141741807572544
0.006524508353322744
0.0003192279546055943
0.0001762916217558086
0.0003719354572240263
0.000045061533455736935
0.0000615647149970755
0.00027763014077208936
0.0032057766802608967
0.0022688526660203934
0.0009133557323366404
0.0018874001689255238
0.013647421263158321
0.0004036419850308448
0.002087777014821768
0.015032720752060413
0.00010415380529593676
0.0006010625511407852
0.0003637441259343177
0.0027313989121466875
0.012993097305297852
0.00012734992196783423
0.004761650692671537
0.004147353116422892
0.00002446507460263092
0.00007658605318283662
0.005785113200545311
0.00016317781410180032
0.0024998264852911234
0.0027933905366808176
0.00862678699195385
0.00035075790947303176
0.0006242855452001095
0.0017819113563746214
0.0010503316298127174
0.0016933558508753777
0.000018320244635106064
0.00982499960809946
0.0013269733171910048
0.00014570211351383477
0.00048518224502913654
0.000041014092857949436
0.00019749820057768375
0.0009420514106750488
0.00008539869304513559
0.00005046690785093233
0.00021455959358718246
0.00007618843665113673
0.00045580233563669026
0.0000210567068279488
0.0001723108725855127
0.00013654139183927327
0.01911577209830284
0.002358259866014123
0.0002387753193033859
0.0001275683898711577
0.00007020984048722312
0.007582410704344511
0.0014430213486775756
0.0002983407466672361
0.000005944431904936209
0.0006371994386427104
0.0000144687846841407
0.0005061006522737443
0.00023494558990933
0.000025707066015456803
0.00047217748942784965
0.00004496784822549671
0.04569343104958534
0.000003875499260175275
0.0010416280711069703
0.002568501513451338
0.0017636039992794394
0.009289734065532684
0.016719579696655273
0.000003234631549275946
0.0001146072827395983
0.00009984921780414879
0.0002139528514817357
0.000017657112039159983
0.00038282954483292997
0.003479720326140523
0.0029907047282904387
0.00004253987208358012
0.00016576534835621715
0.041780050843954086
0.00008876388892531395
0.006717559415847063
0.012213320471346378
0.0013124312972649932
0.00002078999204968568
0.0004051937721669674
0.0037431521341204643
0.0019338190322741866
0.0007846703520044684
0.010728658176958561
0.0006434262613765895
0.02111777849495411
0.00018943010945804417
0.0010428790701553226
0.0003099244786426425
0.00045329256681725383
0.00004909214476356283
0.0007871829438954592
0.0012684229295700788
0.000009809738003241364
0.010517554357647896
0.00262164743617177
0.00004830833859159611
0.00003951129474444315
0.0008524472359567881
0.00028542522341012955
0.0012307625729590654
0.00010913539881585166
0.0000690155357006006
0.001183627755381167
0.013570678420364857
0.014125080779194832
0.003148437011986971
0.007314053364098072
0.0009403987787663937
0.008384531363844872
0.003154742531478405
0.0016204589046537876
0.00006503659096779302
0.006610065698623657
0.0003997481835540384
0.0006937391590327024
0.0015732115134596825
0.002145628910511732
0.00027655065059661865
0.013450497761368752
0.00004660928971134126
0.0015244635287672281
0.00016175858036149293
0.0018454395467415452
0.02050456777215004
0.0018065572949126363
0.0005594957619905472
0.000044234686356503516
0.0001743797183735296
0.0007246647728607059
0.004660239443182945
0.0017501816619187593
0.0008000373491086066
0.002032001968473196
0.00006450503860833123
0.002377699362114072
0.017114738002419472
0.0004140212549827993
0.000018734670447884127
0.0010175686329603195
0.0016861370531842113
0.00011260503379162401
0.0012122638290748
0.0030667397659271955
0.0018484126776456833
0.0034202744718641043
0.009850881062448025
0.011669850908219814
0.0001093953542294912
0.00031477209995500743
0.004901056177914143
0.017888732254505157
0.0005016459035687149
0.000030948820494813845
0.010712061077356339
0.0006908426294103265
0.001955623272806406
0.0010734719689935446
0.008355850353837013
0.0001269312488147989
0.00011100932897534221
0.000015792127669556066
0.017987171187996864
0.0006763003766536713
0.0033320446964353323
0.0003399087581783533
0.011739018373191357
0.0000956960502662696
0.00021455892419908196
0.003508585039526224
0.00022879622702021152
0.0002723827201407403
0.003637714311480522
0.000007154072591220029
0.000021718589778174646
0.00046359264524653554
0.001007886603474617
0.005198054015636444
0.00022058896138332784
0.0016660820692777634
0.00010458761244080961
0.0003624721721280366
0.00028388717328198254
0.00712549826130271
0.001079496811144054
0.004953998606652021
0.010410876013338566
0.000134223562781699
0.00004792723848368041
0.00013437983579933643
0.0062468284741044044
0.0000984397775027901
0.0018776182550936937
0.013000238686800003
0.00020968150056432933
0.0000224779450945789
0.000019605100533226505
0.00019046806846745312
0.00533044058829546
0.005288665648549795
0.018100187182426453
0.00037939762114547193
0.0003631442959886044
0.004702587611973286
0.0005789994611404836
0.0012739284429699183
0.001749571063555777
0.0013392107794061303
0.0000659639117657207
0.00035156827652826905
0.00302411918528378
0.015322661958634853
0.0037935995496809483
0.0006693534669466317
0.000060508220485644415
0.00860811397433281
0.003341071307659149
0.011669335886836052
0.01646396517753601
0.00008071148477029055
0.001319180359132588
0.004767693113535643
0.005052850116044283
0.0015847358154132962
0.0026415090542286634
0.00036412684130482376
0.0002441644319333136
0.0010170950554311275
0.00007999520312296227
0.0002688803942874074
0.000047748555516591296
0.00003275771450717002
0.00037624104879796505
0.0015240394277498126
0.0001334001572104171
0.000030641036573797464
0.000040864350012270734
0.00018680984794627875
0.00003767793896258809
0.002008226467296481
0.02268330752849579
0.0003953647392336279
0.0006615532329306006
0.0004066863330081105
0.00021082583407405764
0.003076656488701701
0.00008455141505692154
0.0017007497372105718
0.0002815444895531982
0.000004308540155761875
0.011151944287121296
0.000002884152081605862
0.02241871878504753
0.0023824835661798716
0.0015522903995588422
0.00020085854339413345
0.0001082349190255627
0.0008175790426321328
0.00001665031595621258
0.00036724196979776025
0.00006218993803486228
0.0005558766424655914
0.0005128448829054832
0.006971227470785379
0.000014384298992808908
0.002965468680486083
0.004753184504806995
0.00001209073616337264
0.00004022775465273298
0.0005880992393940687
0.00006107248191256076
0.00023053845507092774
0.00034057837910950184
0.0023481284733861685
0.00020367352408356965
0.0002140531432814896
0.039215538650751114
0.00006766322621842846
0.0002731925342231989
0.0004462858196347952
0.0035529586020857096
0.00015412727952934802
0.00010161194222746417
0.0022073036525398493
0.00021640060003846884
0.007204796653240919
0.05297458544373512
0.01624653860926628
0.008419841527938843
0.000282471242826432
0.00005691732803825289
0.00024068843049462885
0.008983824402093887
0.00314723770134151
0.00015993126726243645
0.014055176638066769
0.000026448764401720837
0.006013588979840279
0.000019726043319678865
0.00017695593123789877
0.000036592671676771715
0.00012299881200306118
0.0006700725061818957
0.007089544553309679
0.00010973859752994031
0.0005519897094927728
0.000030209421311155893
0.00012333648919593543
0.01702157035470009
0.0009069991647265851
0.0005093406653031707
0.0006796676316298544
0.000492854742333293
0.002228575060144067
0.0003876975388266146
0.0004052641161251813
0.00212407810613513
0.0009003419545479119
0.00012773713388014585
0.002133478643372655
0.0005063456483185291
0.003175472840666771
0.03106183372437954
0.001738627557642758
0.0005374078173190355
0.004136684816330671
0.026190651580691338
0.00011193694081157446
0.00027547654462978244
0.0003140498301945627
0.01601153239607811
0.004929639864712954
0.00003881296652252786
0.0002648797817528248
0.0003789600159507245
0.0017714659916236997
0.000028144499083282426
0.00005138485357747413
0.0038528761360794306
0.00013591292372439057
0.011300759389996529
0.000006660695362370461
0.00009788289025891572
0.0012889994541183114
0.0016102057415992022
0.0000170092134794686
0.00008575591346016154
0.0004752858367282897
0.0034842807799577713
0.0056378538720309734
0.0001684768940322101
0.00012781433179043233
0.0010419359896332026
0.00806764792650938
0.00030618271557614207
0.0005515443626791239
0.002373195718973875
0.0003228183777537197
0.0009585599764250219
0.0036908318288624287
0.002098267897963524
0.01712111197412014
0.001023747376166284
0.002534523606300354
0.00004166633152635768
0.00004510306098381989
0.0023277990985661745
0.030520278960466385
0.0001278267736779526
0.00019178901857230812
0.0005612234817817807
0.002550652250647545
0.00026278564473614097
0.016102900728583336
0.00009353968198411167
0.00000865506171976449
0.019296281039714813
0.0001454414741601795
0.000007297145657503279
0.0033678135368973017
0.000020603309167199768
0.0006415913812816143
0.011379178613424301
0.004171470180153847
0.0000935575517360121
0.019075805321335793
0.00004597847146214917
0.0001976997300516814
0.0003262871177867055
0.00008058988896664232
0.015832412987947464
0.0004952987655997276
0.000029549393730121665
0.00020651891827583313
0.0024939971044659615
0.00048316974425688386
0.0008315835730172694
0.0005559202982112765
0.0013854776043444872
0.00012283849355299026
0.0006630512652918696
0.00012239972420502454
0.0028256571386009455
0.002025399822741747
0.030880920588970184
0.03246168792247772
0.00023823071387596428
0.0014168422203511
0.0005370533326640725
0.0003146943054161966
0.000088832042820286
0.011565248481929302
0.012626692652702332
0.00013914814917370677
0.007936048321425915
0.008174039423465729
0.0008439569501206279
0.0009707905119284987
0.00639652693644166
0.00010978698992403224
0.000056509954447392374
0.000052508734370348975
0.011471793986856937
0.00010826945072039962
0.001081087626516819
0.00020580770797096193
0.000058594730944605544
0.010021999478340149
0.000018466145775164478
0.0000767863675719127
0.00003523418490658514
0.0001121975074056536
0.00219917600043118
0.0000933804694795981
0.00038386243977583945
0.00034056813456118107
0.0027819955721497536
0.000053613093768944964
0.000263676920440048
0.002120147692039609
0.0005215416895225644
0.0007165817660279572
0.00001346870521956589
0.00015520962188020349
0.006321755703538656
0.016532938927412033
0.00327797862701118
0.00033154006814584136
0.0021783204283565283
0.00012646139657590538
0.00006296209176070988
0.00040331712807528675
0.0002489465696271509
0.00007779647421557456
0.0007236148812808096
0.000017211437807418406
0.031412284821271896
0.0000494402956974227
0.00038593122735619545
0.004276448395103216
0.00017207152268383652
0.00020700889581348747
0.00018591377011034638
0.0006418951088562608
0.0003601810894906521
0.0010029863333329558
0.015022194012999535
0.0011306279338896275
0.00032065185951069
0.025314388796687126
0.00016858857998158783
0.0018727683927863836
0.0010386707726866007
0.000014717679732711986
0.0026306461077183485
0.00011767967225750908
0.00020885009143967181
0.000658809149172157
0.0004995600320398808
0.010514630004763603
0.0002517910907045007
0.00015981600154191256
0.000032976466172840446
0.0007061250507831573
0.0001700440770946443
0.0003485947090666741
0.0005008956068195403
0.0004804665222764015
0.0007457162137143314
0.022933702915906906
0.0001747005881043151
0.01998329721391201
0.002863991307094693
0.00011104748409707099
0.000022290638298727572
0.012811374850571156
0.00001996074388443958
0.0002394470211584121
0.0002895108191296458
0.007367164362221956
0.00007725911564193666
0.0005700314068235457
0.00011631449160631746
0.00022438039013650268
0.00019620567036326975
0.00014759361511096358
0.00001638337562326342
0.00023446876730304211
0.0015587680973112583
0.001265255967155099
0.000037550373235717416
0.0038191433995962143
0.0009978949092328548
0.00004216185334371403
0.004472687840461731
0.0016064675292000175
0.0005399152869358659
0.0011928444728255272
0.0005527366884052753
0.004510759841650724
0.00005267255619401112
0.00020428330753929913
0.0000766974117141217
0.014607442542910576
0.0041168127208948135
0.0003894392284564674
0.0005020162207074463
0.00004990940942661837
0.0038233064115047455
0.000052896499255439267
0.000005029501153330784
0.00005151470395503566
0.00013021132326684892
0.002156152157112956
0.0003788679314311594
0.00222903024405241
0.0038065665867179632
0.00030537619022652507
0.00006106263754190877
0.021635454148054123
0.00048062577843666077
0.009055867791175842
0.011864067986607552
0.03133758157491684
0.00461530638858676
0.00004486537363845855
0.000772880797740072
0.004095009993761778
0.0038086019922047853
0.0013332810485735536
0.0005700684268958867
0.0000261734239757061
0.00001504560077592032
0.00012066879571648315
0.0010310440557077527
0.00007763417670503259
0.01894627884030342
0.0003105571959167719
0.0012452355585992336
0.0071053272113204
0.0014774897135794163
0.000011004872249031905
0.00583571195602417
0.01088313665241003
0.00026348925894126296
0.0001580493844812736
0.0008380233193747699
0.0002836040803231299
0.0012623060029000044
0.0015015479875728488
0.005952224135398865
0.002605375135317445
0.000018593622371554375
0.0006162799545563757
0.0013745182659476995
0.01713288575410843
0.00004698314660345204
0.0006954207783564925
0.0012574846623465419
0.0004367625806480646
0.000003001497589139035
0.00009652652806835249
0.000022795813492848538
0.020557738840579987
0.002688213950023055
0.000006231793577171629
0.0012366422452032566
0.00025794998509809375
0.027250932529568672
0.03430813178420067
0.0001238432014361024
0.03918927535414696
0.017840325832366943
0.0008467716397717595
0.00037949217949062586
0.001931500737555325
0.00007495846512028947
0.0038361772894859314
0.011018238961696625
0.00018713918689172715
0.019154738634824753
0.00021237089822534472
0.00010773843678180128
0.0000635806645732373
0.00016201887046918273
0.06728929281234741
0.0018200345803052187
0.012080949731171131
0.035553812980651855
0.022839853540062904
0.00046069323434494436
0.009386750869452953
0.0005356051260605454
0.009669342078268528
0.0007971368031576276
0.03647474944591522
0.0020788758993148804
0.003572316374629736
0.033054377883672714
0.0004978451761417091
0.050703853368759155
0.0045588938519358635
0.0004930311115458608
0.03863131254911423
0.006525424309074879
0.0010253067594021559
0.002705710008740425
0.0000233018581639044
0.0002928312460426241
0.000028172764359624125
0.001343002775683999
0.023603614419698715
0.006211312487721443
0.004623550456017256
0.0024287099950015545
0.0014233433175832033
0.00042328215204179287
0.0012583747738972306
0.005726356524974108
0.001536326832138002
0.018370429053902626
0.02460493892431259
0.02984641306102276
0.0005076652159914374
0.00003795944940065965
0.0005402817623689771
0.0026838623452931643
0.00007766539056319743
0.00019772874657064676
0.0010559915099292994
0.0036470768973231316
0.000022285626982920803
0.009681710973381996
0.002561035333201289
0.0000030631263143732212
0.007440407760441303
0.0012809091713279486
0.00015223107766360044
0.0002863830595742911
0.001251628971658647
0.0004484076926019043
0.002225086558610201
0.00006390904309228063
0.0009211410651914775
0.028945352882146835
0.00285655097104609
0.000260452798102051
0.0027665470261126757
0.00018595643632579595
0.00048880121903494
0.004046163521707058
0.00007308361091418192
0.011302650906145573
0.030012095347046852
0.0005841298261657357
0.00006544181815115735
0.0018110524397343397
0.002106134779751301
0.0012334308121353388
0.00047013332368806005
0.00040165818063542247
0.000395152106648311
0.011106399819254875
0.000020961235350114293
0.00023670941300224513
0.0016202412080019712
0.0015078840078786016
0.0008327075047418475
0.00009169790428131819
0.0003180789644829929
0.007769971154630184
0.01156838983297348
0.0023855180479586124
0.010733815841376781
0.00015472919039893895
0.0005145351169630885
0.00019429677922744304
0.0001245451858267188
0.01750992238521576
0.058361995965242386
0.0011241105385124683
0.0001356350549031049
0.01806495152413845
0.00004008783434983343
0.008606710471212864
0.006189495790749788
0.000248551630647853
0.007321550976485014
0.01813345216214657
0.0010416670702397823
0.011756304651498795
0.012186910957098007
0.00023823426454328
0.007636985741555691
0.0013091282453387976
0.002753583015874028
0.00005811545634060167
0.0002049423783319071
0.0007314218091778457
0.0002156821428798139
0.0009595437441021204
0.0010138236684724689
0.00019225709547754377
0.000043965006625512615
0.019007228314876556
0.057279322296381
0.008811620064079762
0.0008428786532022059
0.01592470146715641
0.0002376578195253387
0.002104860031977296
0.0004909433773718774
0.007413309998810291
0.00021783406555186957
0.009967698715627193
0.0029889894649386406
0.0004784759075846523
0.003358357585966587
0.0009371538762934506
0.00022110409918241203
0.0005703839124180377
0.00006464134639827535
0.01163212675601244
0.011721555143594742
0.0007571314927190542
0.00027528181090019643
0.035584162920713425
0.00019574465113691986
0.0005172677338123322
0.005071375519037247
0.00296203326433897
0.000051174924010410905
0.000056725057220319286
0.002054471056908369
0.0007018253090791404
0.0002120019926223904
0.0004924776731058955
0.000014104149158811197
