0.004742387216538191
0.023895788937807083
0.009087931364774704
0.0032194696832448244
0.0009568586829118431
0.002066671848297119
0.0005569463246501982
0.022150741890072823
0.017491180449724197
0.017769290134310722
0.010345878079533577
0.029996493831276894
0.015350569039583206
0.005091806873679161
0.0009617799078114331
0.027538251131772995
0.007455366663634777
0.00009636257163947448
0.0031778193078935146
0.004401948768645525
0.006634040270000696
0.032115399837493896
0.013512590900063515
0.009470347315073013
0.0008893183548934758
0.009262516163289547
0.007068614475429058
0.06994444131851196
0.0015283377142623067
0.005659377668052912
0.006823634263128042
0.012979035265743732
0.001313978573307395
0.004885971080511808
0.0031661400571465492
0.0012107985094189644
0.0001824707433115691
0.02242322266101837
0.04047023877501488
0.03346967697143555
0.03192278742790222
0.014307158999145031
0.00036861622356809676
0.04820093512535095
0.0016953205922618508
0.015268884599208832
0.00019667291780933738
0.007081859279423952
0.03456130996346474
0.00788785982877016
0.0007535755285061896
0.025972457602620125
0.025442881509661674
0.008008988574147224
0.02956186607480049
0.007922379299998283
0.0005419699591584504
0.01780526712536812
0.000027374027922633104
0.003193614771589637
0.026314500719308853
0.0006790774641558528
0.026952004060149193
0.005628529936075211
0.021068738773465157
0.008186607621610165
0.0026215887628495693
0.001129420124925673
0.026321224868297577
0.0012696527410298586
0.014653200283646584
0.000576641468796879
0.0005088687175884843
0.0017531284829601645
0.002156534930691123
0.0011683423072099686
0.0013470270205289125
0.0005342173390090466
0.0005657876608893275
0.006490169558674097
0.021151939406991005
0.00007485479727620259
0.0027575138956308365
0.0016445325454697013
0.006941637489944696
0.00487862853333354
0.0023921001702547073
0.053256385028362274
0.0001413559657521546
0.004959633573889732
0.0010992807801812887
0.008091042749583721
0.0013220817781984806
0.0016771139344200492
0.0027978960424661636
0.004016469698399305
0.002305025001987815
0.00018550736422184855
0.009229169227182865
0.005371693521738052
0.031669680029153824
0.04724488779902458
0.01390763744711876
0.0039037601090967655
0.0002572304802015424
0.008382993750274181
0.014352107420563698
0.0009048895444720984
0.0007542516686953604
0.000302373111480847
0.03669246286153793
0.0002101010613841936
0.003543107770383358
0.0032827393151819706
0.021036244928836823
0.00038647401379421353
0.007455012761056423
0.0026064799167215824
0.035741206258535385
0.013628602959215641
0.015241450630128384
0.002057956997305155
0.0005720815970562398
0.001124381902627647
0.029787283390760422
0.0011500148102641106
0.01824781857430935
0.0004820104513783008
0.000386439060093835
0.0014406937407329679
0.06334752589464188
0.006748311221599579
0.017702607437968254
0.00019277038518339396
0.00010808832303155214
0.0009682677919045091
0.039515186101198196
0.005330677144229412
0.00046486372593790293
0.0004928754642605782
0.0007062640506774187
0.01844981126487255
0.0026641194708645344
0.0013340951409190893
0.019581083208322525
0.000283561967080459
0.009070289321243763
0.003016969421878457
0.06906343996524811
0.0005990663776174188
0.0010993120959028602
0.0011548497714102268
0.000389589840779081
0.00047064528916962445
0.013589443638920784
0.011067990213632584
0.015076281502842903
0.0007721102447248995
0.008235136047005653
0.003178753424435854
0.03473540395498276
0.0015849198680371046
0.002473684726282954
0.0020883509423583746
0.001029957551509142
0.03022291697561741
0.0002070587215712294
0.00686739943921566
0.000260105705820024
0.0012515641283243895
0.0010357641149312258
0.0005469729658216238
0.0029643187299370766
0.009411375969648361
0.005995804909616709
0.0028095217421650887
0.002413750858977437
0.011232025921344757
0.013330756686627865
0.0022568257991224527
0.0028811325319111347
0.0049425954930484295
0.0055466145277023315
0.0017366125248372555
0.055934809148311615
0.024777008220553398
0.002819257555529475
0.008490529842674732
0.016703318804502487
0.0004697849217336625
0.007497721817344427
0.010952821932733059
0.000273735320661217
0.0016707299510017037
0.0013341967714950442
0.0009487993083894253
0.00036197606823407114
0.0025859843008220196
0.00044225857709534466
0.037458911538124084
0.011342412792146206
0.002196329180151224
0.020641973242163658
0.006866600830107927
0.012616520747542381
0.0009379497496411204
0.0013867451343685389
0.001370108569972217
0.0018426068127155304
0.01981218345463276
0.030332762748003006
0.0018269525608047843
0.002961390884593129
0.00024195054720621556
0.003295872826129198
0.03603478893637657
0.0006760242977179587
0.006525133270770311
0.0023644405882805586
0.002183369593694806
0.010546508245170116
0.0042501105926930904
0.0002809711149893701
0.0024937090929597616
0.0000621159779257141
0.002208216115832329
0.0028240776155143976
0.007803392596542835
0.00211402028799057
0.0014272474218159914
0.0027040133718401194
0.04922099411487579
0.001986886141821742
0.001142650144174695
0.00047661265125498176
0.029794247820973396
0.010482140816748142
0.00033555555273778737
0.00030568387592211366
0.006531571038067341
0.01632942259311676
0.0010531870648264885
0.0006014042301103473
0.0012050626100972295
0.0009831693023443222
0.0009882358135655522
0.0010532549349591136
0.008369621820747852
0.014560474082827568
0.018355291336774826
0.008780287578701973
0.005566975101828575
0.004600067622959614
0.006670075003057718
0.0003747052978724241
0.0005680106696672738
0.0003522430779412389
0.0028108609840273857
0.0011345087550580502
0.0006187836406752467
0.0031049211975187063
0.0006304846028797328
0.007478667423129082
0.02488720789551735
0.001979112857952714
0.0024933931417763233
0.026786036789417267
0.00033228195388801396
0.0020495406351983547
0.0017520246328786016
0.0036876914091408253
0.001279844786040485
0.00019555559265427291
0.015886468812823296
0.000609342590905726
0.007228098344057798
0.004126246552914381
0.0008071776246652007
0.000622664752881974
0.01080329716205597
0.0004442871722858399
0.015300864353775978
0.007460782304406166
0.0019247726304456592
0.006049441173672676
0.010752534493803978
0.003475242294371128
0.00018562382319942117
0.005024060606956482
0.00009327832231065258
0.022487370297312737
0.027480658143758774
0.00133606162853539
0.006337853614240885
0.0000622101579210721
0.00040813570376485586
0.03792273625731468
0.004406447056680918
0.002380368299782276
0.0025333811063319445
0.009548953734338284
0.002824879717081785
0.005228444002568722
0.0005954352673143148
0.015516627579927444
0.0006704869447275996
0.002001811284571886
0.002170341555029154
0.002830697689205408
0.002138940617442131
0.01132238656282425
0.018909310922026634
0.0706879198551178
0.0008481830591335893
0.0020000836811959743
0.0001507014676462859
0.012310177087783813
0.0023204064927995205
0.0002378482895437628
0.01335895899683237
0.0005301486235111952
0.008959591388702393
0.0076967813074588776
0.0008430127636529505
0.000290504889562726
0.0010573160834610462
0.0011251505929976702
0.024136077612638474
0.004909553565084934
0.019681839272379875
0.003781992243602872
0.0009453936945647001
0.027523333206772804
0.011325828731060028
0.0005424743867479265
0.010506220161914825
0.00023696444986853749
0.01603718474507332
0.005611315835267305
0.0006128006498329341
0.006869812961667776
0.006569213699549437
0.0028979589696973562
0.0015125386416912079
0.0005508242757059634
0.00109364022500813
0.002228138502687216
0.010437334887683392
0.0005644269986078143
0.0016345829935744405
0.04626867547631264
0.0288956668227911
0.0019222639966756105
0.0037321210838854313
0.00014510600885841995
0.015868349000811577
0.0006648267735727131
0.00014829747669864446
0.024959523230791092
0.009427092969417572
0.0011777967447414994
0.0110018914565444
0.009381812065839767
0.0022022617049515247
0.0021547966171056032
0.03321509063243866
0.034620389342308044
0.0005208140937611461
0.005150023847818375
0.0009679336799308658
0.0005237606819719076
0.02379138208925724
0.03567095100879669
0.014017270877957344
0.013833346776664257
0.00027235239394940436
0.001791877904906869
0.0020871199667453766
0.001328152953647077
0.013824891299009323
0.0004987848806194961
0.03413623943924904
0.00026399665512144566
0.012906347401440144
0.006452362053096294
0.028622472658753395
0.02851719595491886
0.010162691585719585
0.0035796849988400936
0.0010858554160222411
0.0027731447480618954
0.002098291413858533
0.0017080472316592932
0.019622640684247017
0.001712698140181601
0.015112294815480709
0.0004708309716079384
0.0011023292317986488
0.025944361463189125
0.0004330617084633559
0.010267475619912148
0.002768552163615823
0.024620454758405685
0.0007319314172491431
0.0014477219665423036
0.0015907904598861933
0.0007411802071146667
0.005478349514305592
0.000979360076598823
0.00691894581541419
0.002831085817888379
0.0015050231013447046
0.0009956035064533353
0.0002763036172837019
0.008076095953583717
0.00035498494980856776
0.0016253856010735035
0.006587598938494921
0.0009484714828431606
0.0006486368365585804
0.002094482071697712
0.0014101210981607437
0.007729833014309406
0.00009083940676646307
0.0038210945203900337
0.00022543851810041815
0.0034740392584353685
0.0046430956572294235
0.006237201392650604
0.003549286164343357
0.0002608094655442983
0.00024548484361730516
0.0010839636670425534
0.0004211695631965995
0.00288675120100379
0.038267266005277634
0.0001353247498627752
0.0035039575304836035
0.003250883659347892
0.0004925007233396173
0.00041720489389263093
0.004199967719614506
0.00599047914147377
0.00003815073432633653
0.001375347375869751
0.0058570746332407
0.0008780048810876906
0.0002663345658220351
0.0008787276456132531
0.0032641382422298193
0.0016188911395147443
0.012011094018816948
0.032768793404102325
0.00031642080284655094
0.02142263390123844
0.0036161202006042004
0.0008958862163126469
0.004892559256404638
0.0006912670796737075
0.026390526443719864
0.0003074784472119063
0.009390778839588165
0.0010967267444357276
0.01933143474161625
0.00019212551706004888
0.006812407169491053
0.0011878835503011942
0.026517722755670547
0.05376884341239929
0.04914548993110657
0.0005426809657365084
0.013573714531958103
0.0022936775349080563
0.027150483801960945
0.0047604977153241634
0.00043053639819845557
0.0025144810788333416
0.0008930258918553591
0.003951179329305887
0.0016724144807085395
0.00030553023680113256
0.0022525968961417675
0.00747330067679286
0.003104549366980791
0.04999811202287674
0.0016853250563144684
0.03684024512767792
0.00112652569077909
0.0001484130189055577
0.0018447375623509288
0.0021104777697473764
0.0008271881961263716
0.02209903858602047
0.0015675665345042944
0.004151072818785906
0.0005043014534749091
0.032572630792856216
0.00010815098357852548
0.01506826188415289
0.0032745131757110357
0.02796461619436741
0.008304117247462273
0.001978862565010786
0.024139463901519775
0.004525152966380119
0.0018198947655037045
0.0034442362375557423
0.0006155889132060111
0.014009054750204086
0.038328081369400024
0.0031025782227516174
0.03296366706490517
0.002096994314342737
0.0034010927192866802
0.026188813149929047
0.05179257690906525
0.0010917257750406861
0.0008857771172188222
0.001388548407703638
0.003973909188061953
0.001197712728753686
0.002026356291025877
0.00021280883811414242
0.0008920104592107236
0.0016108948038890958
0.0002566493640188128
0.0005588663043454289
0.010989968664944172
0.0021090086083859205
0.0007380220340564847
0.008893866091966629
0.028275415301322937
0.001244188635610044
0.08696824312210083
0.002362702041864395
0.015184649266302586
0.008320975117385387
0.0015847666654735804
0.005086907651275396
0.019557954743504524
0.007672455627471209
0.01159411296248436
0.01514531672000885
0.04225730895996094
0.0005839359946548939
0.01095203123986721
0.012694371864199638
0.00522675970569253
0.0007357111317105591
0.0015725428238511086
0.0005229621310718358
0.005712004378437996
0.0024016061797738075
0.014082164503633976
0.004517197608947754
0.0019157715141773224
0.0028234331402927637
0.0035808938555419445
0.029269808903336525
0.0019025218207389116
0.00008495089423377067
0.0007781623862683773
0.004784439690411091
0.005049997474998236
0.012998619116842747
0.0006004336755722761
0.006100410129874945
0.002639014506712556
0.008348826318979263
0.01841290108859539
0.0005847248248755932
0.0004603373527061194
0.0018351871985942125
0.0016647218726575375
0.010473351925611496
0.00491534685716033
0.0009226289694197476
0.0015134388813748956
0.009673112072050571
0.0025135953910648823
0.00022844239720143378
0.0004552386235445738
0.011322609148919582
0.00467512896284461
0.002897473517805338
0.00036241451743990183
0.005713276099413633
0.009084245190024376
0.02380155771970749
0.02824000082910061
0.0003631564904935658
0.018070602789521217
0.0031606839038431644
0.05994555354118347
0.00045569732901640236
0.00008807738777250051
0.005677496083080769
0.0019582537934184074
0.0007364097400568426
0.05110487341880798
0.0035633095540106297
0.012302273884415627
0.02865668013691902
0.0026106254663318396
0.0023678403813391924
0.005462377332150936
0.0014735580189153552
0.014486032538115978
0.0016095131868496537
0.009676458314061165
0.0029119295068085194
0.0020754204597324133
0.0022924349177628756
0.00046986527740955353
0.0027284438256174326
0.015952909365296364
0.0018917733104899526
0.0017233042744919658
0.019001509994268417
0.00025318682310171425
0.0010274176020175219
0.002402047161012888
0.005578812677413225
0.017238732427358627
0.044581905007362366
0.0014011876191943884
0.03758041188120842
0.0011414852924644947
0.001441078376956284
0.002368312096223235
0.002231149934232235
0.0012966145295649767
0.006321180146187544
0.00021513152751140296
0.0014259887393563986
0.0005691488040611148
0.013089720159769058
0.004502942785620689
0.0005203514592722058
0.09168358147144318
0.0001147798539022915
0.003038480645045638
0.0014513075584545732
0.01556116621941328
0.013267995789647102
0.0007237830432131886
0.0013523633824661374
0.010866827331483364
0.00010391527030151337
0.000953933282289654
0.011989865452051163
0.0006800408009439707
0.0006791614578105509
0.006997200660407543
0.08143287152051926
0.011845546774566174
0.000858765619341284
0.0005817346973344684
0.00202711159363389
0.0015486940974369645
0.006062517873942852
0.0004115424526389688
0.0026967686135321856
0.010019185952842236
0.01727762632071972
0.016869666054844856
0.0018775848438963294
0.014780121855437756
0.0010790206724777818
0.0014210049994289875
0.002002227120101452
0.0025889850221574306
0.0016213158378377557
0.006362964864820242
0.012816653586924076
0.006372835021466017
0.00037494025309570134
0.00801156833767891
0.0053954352624714375
0.0013154426123946905
0.001142794033512473
0.002137376694008708
0.005533908028155565
0.010226370766758919
0.0026986231096088886
0.0015075461706146598
0.0004895407473668456
0.0016396248247474432
0.0200248621404171
0.0017843213863670826
0.0028493490535765886
0.00421728752553463
0.00028708053287118673
0.0001609919563634321
0.00022919950424693525
0.0014487272128462791
0.0019433217821642756
0.01891380362212658
0.00006114275311119854
0.0008174663526006043
0.007198879960924387
0.000242990194237791
0.00443908479064703
0.0027340140659362078
0.0010609235614538193
0.0042809415608644485
0.00044113010517321527
0.004432106856256723
0.000219105786527507
0.004428379703313112
0.001985996263101697
0.002987838117405772
0.0006932841497473419
0.0018280076328665018
0.0018519426230341196
0.0001061057482729666
0.0003783823922276497
0.003610706189647317
0.0262845940887928
0.024235643446445465
0.006242754869163036
0.01973978988826275
0.00027665559900924563
0.004860202316194773
0.0020229516085237265
0.006949792616069317
0.01251022145152092
0.013124890625476837
0.0009083079639822245
0.007142361719161272
0.01462462730705738
0.00982401892542839
0.018081502988934517
0.015746397897601128
0.010878911241889
0.0037074550054967403
0.0004225335724186152
0.00024158216547220945
0.0017034525517374277
0.0007537620840594172
0.0072795310989022255
0.0011509988689795136
0.012359809130430222
0.0007060916977934539
0.0011845306726172566
0.0005510571063496172
0.011945823207497597
0.0031057801097631454
0.0013223103014752269
0.0003951183462049812
0.03297680243849754
0.0014455221826210618
0.0002502967545296997
0.0011027336586266756
0.0033803260885179043
0.01731184870004654
0.00126092869322747
0.003725716145709157
0.001327710342593491
0.026000171899795532
0.00019420060561969876
0.0016840104945003986
0.0031579905189573765
0.025955529883503914
0.015577354468405247
0.011305417865514755
0.0014280613977462053
0.003056785324588418
0.003668188815936446
0.00298862811177969
0.02066471427679062
0.027268098667263985
0.0005624883342534304
0.0017840532818809152
0.011385111138224602
0.0013435033615678549
0.003924733959138393
0.0006410694331862032
0.010952073149383068
0.0007344683981500566
0.011108148843050003
0.012941823340952396
0.0027532055974006653
0.003669005585834384
0.000504754891153425
0.00279795634560287
0.0003585943777579814
0.0010910512646660209
0.0024716337211430073
0.013064275495707989
0.0053391726687550545
0.013899900950491428
0.0006383279105648398
0.004701067693531513
0.0017631420632824302
0.008494223468005657
0.005203033331781626
0.00010664821456884965
0.001032359548844397
0.0011911947512999177
0.0059152087196707726
0.03442773222923279
0.004763124044984579
0.002058508340269327
0.004540659952908754
0.000853771751280874
0.002897400874644518
0.0018501622835174203
0.0015634330920875072
0.013467383570969105
0.0010686422465369105
0.0022560348734259605
0.005917778238654137
0.004462147131562233
0.0006890683434903622
0.041759833693504333
0.001037551206536591
0.0010453917784616351
0.0009757096995599568
0.00006560778274433687
0.00023977550154086202
0.00021537768770940602
0.012579099275171757
0.0005102276336401701
0.001777368481270969
0.0010201310506090522
0.0011972886277362704
0.009517424739897251
0.00041176570812240243
0.00995108112692833
0.002461619209498167
0.0009703579708002508
0.00027692349976859987
0.004965950734913349
0.0025956546887755394
0.0019212743500247598
0.011417297646403313
0.0007501566433347762
0.005384188145399094
0.00020348181715235114
0.00014051453035790473
0.0004116840136703104
0.0034708098974078894
0.0002870531170628965
0.012622073292732239
0.0003415326646063477
0.013224565424025059
0.00043270125752314925
0.0005381988012231886
0.002200112212449312
0.0032816254533827305
0.010603485628962517
0.02286127209663391
0.0010406064102426171
0.0004827406082767993
0.050708599388599396
0.012415474280714989
0.018021252006292343
0.003520352765917778
0.001345769502222538
0.003259169403463602
0.0010289849014952779
0.0011206079507246614
0.0010504618985578418
0.0006775027723051608
0.0022565750405192375
0.0015471028164029121
0.001112468307837844
0.004656697157770395
0.001101340283639729
0.0022822420578449965
0.000334444222971797
0.004107767716050148
0.0028209553565829992
0.002846477786079049
0.000143709359690547
0.0007548938738182187
0.00036512702354229987
0.019661767408251762
0.002023823093622923
0.00057436857605353
0.029017873108386993
0.0008676319848746061
0.009407022036612034
0.002580352360382676
0.000861887470819056
0.01893794909119606
0.009748647920787334
0.000057886143622454256
0.001695358077995479
0.005673043895512819
0.02797899767756462
0.012563373893499374
0.007650545332580805
0.0039290450513362885
0.021174592897295952
0.04014270007610321
0.0003335426445119083
0.028049806132912636
0.017101209610700607
0.0010981372324749827
0.00017119800031650811
0.0005508495378307998
0.0022345397155731916
0.010575386695563793
0.0034697712399065495
0.003704743692651391
0.018960071727633476
0.009935768321156502
0.010154888033866882
0.0003566147934179753
0.003190662246197462
0.0007671361672692001
0.0017219603760167956
0.04541522264480591
0.037247076630592346
0.0027168765664100647
0.003301674732938409
0.02505616284906864
0.0007744273170828819
0.007771290373057127
0.00531157199293375
0.05430460721254349
0.001606903038918972
0.006004052702337503
0.008058921433985233
0.006496064364910126
0.0010571506572887301
0.0017192214727401733
0.004338504746556282
0.00150614557787776
0.008472329005599022
0.011157384142279625
0.007232434581965208
0.00020258326549082994
0.0031385968904942274
0.008301885798573494
0.02648814208805561
0.00013470122939907014
0.012554523535072803
0.001309892744757235
0.0019833857659250498
0.013690458610653877
0.002559505868703127
0.02550610899925232
0.000586675712838769
0.0011211787350475788
0.0011964623117819428
0.004903661552816629
0.030557386577129364
0.0053712776862084866
0.002214675536379218
0.004110291600227356
0.005802986212074757
0.008762777782976627
0.013572189025580883
0.0014181018341332674
0.000983410864137113
0.0019020963227376342
0.0010489284759387374
0.011266293935477734
0.0013639915268868208
0.0017051819013431668
0.00042289268458262086
0.006317645777016878
0.00044980834354646504
0.0031577912159264088
0.00021431634377222508
0.01950678788125515
0.004035104997456074
0.007802593521773815
0.006919453851878643
0.003923768177628517
0.0002646589418873191
0.008396804332733154
0.030562814325094223
0.00014130049385130405
0.0031898710876703262
0.009327667765319347
0.000155508954776451
0.0008052880875766277
0.019312847405672073
0.009488791227340698
0.0004257680557202548
0.0005937112728133798
0.00016521767247468233
0.0005747608956880867
0.01586856134235859
0.0038777622394263744
0.016880087554454803
0.04400036111474037
0.008069618605077267
0.0022655692882835865
0.00020562806457746774
0.00013718815171159804
0.0007442146306857467
0.00007379728049272671
0.0004751760570798069
0.0006205022218637168
0.007712898775935173
0.006171772256493568
0.01763431914150715
0.002136110095307231
0.0059072887524962425
0.005050021223723888
0.0006802966818213463
0.0048402757383883
0.005702677182853222
0.012553690001368523
0.00013783657050225884
0.0017357931938022375
0.0007152989273890853
0.01959495060145855
0.03635719045996666
0.025231003761291504
0.014532987959682941
0.0013271408388391137
0.0022555883042514324
0.002160894451662898
0.04901513457298279
0.002750854706391692
0.0003349470207467675
0.00017981759447138757
0.01851014792919159
0.0063293976709246635
0.005903302691876888
0.0003412820806261152
0.011278576217591763
0.0004613388446159661
0.0001750742521835491
0.001421903958544135
0.0007568289875052869
0.00021876624668948352
0.001047689002007246
0.0008173298556357622
0.00014108973846305162
0.0035996567457914352
0.01775321178138256
0.004481954500079155
0.004778296686708927
0.004222591873258352
0.010346008464694023
0.0007105580298230052
0.0030361893586814404
0.012363756075501442
0.034044958651065826
0.0009020761935971677
0.00017109756299760193
0.0019352352246642113
0.008040866814553738
0.0009907034691423178
0.0033710456918925047
0.002672378672286868
0.00040143728256225586
0.008754180744290352
0.026875531300902367
0.006150961387902498
0.002700096694752574
0.00886818952858448
0.0005835488555021584
0.002520076697692275
0.023416170850396156
0.0038432334549725056
0.0010418681195005774
0.001980273285880685
0.013211514800786972
0.009918520227074623
0.008342131972312927
0.0024396616499871016
0.0023204265162348747
0.022567473351955414
0.03497324138879776
0.014095156453549862
0.00023722046171315014
0.0011174711398780346
0.005174359306693077
0.00015717306814622134
0.00018574293062556535
0.0008211673120968044
0.02505551278591156
0.00008283706119982526
0.005586517043411732
0.0018508009379729629
0.005682915449142456
0.010430664755403996
0.002964695682749152
0.0037762911524623632
0.0007025859667919576
0.004214148502796888
0.0004518297500908375
0.007547831162810326
0.004132973495870829
0.00021475281391758472
0.00010249430488329381
0.0004486936086323112
0.0010578685905784369
0.01018968690186739
0.00006503249460365623
0.011888321489095688
0.000054100291890790686
0.00028439200832508504
0.0022279699333012104
0.0016328063793480396
0.00027772545581683517
0.00219152495265007
0.015716398134827614
0.012143915519118309
0.0340530164539814
0.0030208888929337263
0.002027818001806736
0.00007123131217667833
0.00007058687333483249
0.00007807152724126354
0.001046408317051828
0.00012077165592927486
0.0176859050989151
0.00017098634270951152
0.000102267658803612
0.01858992502093315
0.003691548714414239
0.0061241937801241875
0.002511983271688223
0.01090082898736
0.0002451706677675247
0.0005023189005441964
0.0002773030719254166
0.0014213777612894773
0.00268847425468266
0.001465055625885725
0.0006393325165845454
0.0005015218048356473
0.0015920985024422407
0.00034418393624946475
0.001755411853082478
0.002550324657931924
0.07766658812761307
0.01907859370112419
0.0029157099779695272
0.005132691934704781
0.010264572687447071
0.0020233227405697107
0.003677032422274351
0.02000204659998417
0.001071000355295837
0.0008362398948520422
0.00009937798313330859
0.02619364485144615
0.008490674197673798
0.004486443009227514
0.0006628278060816228
0.006326028611510992
0.021326208487153053
0.011860589496791363
0.03546631336212158
0.0047529167495667934
0.0005582146113738418
0.01778390444815159
0.002514238702133298
0.00032483533141203225
0.008269487880170345
0.01338128000497818
0.0008913354831747711
0.00006738970841979608
0.008217373862862587
0.004272096790373325
0.00043603539234027267
0.003193358425050974
0.0008472264162264764
0.007361824158579111
0.0014249053783714771
0.015933265909552574
0.0068013714626431465
0.004764160607010126
0.0037970244884490967
0.000455360219348222
0.07668749243021011
0.0018660860368981957
0.0007026702514849603
0.0002790474973153323
0.0007405129144899547
0.01821591891348362
0.0014449041336774826
0.0002816599444486201
0.015822120010852814
0.0006480921874754131
0.009147519245743752
0.0008907517767511308
0.0026250823866575956
0.0023646357003599405
0.003666128497570753
0.00016716084792278707
0.002212466672062874
0.002809269819408655
0.0034273515921086073
0.000347189576132223
0.012944363057613373
0.03801398724317551
0.00828363373875618
0.029467592015862465
0.011887049302458763
0.016532234847545624
0.01401453372091055
0.023538267239928246
0.0021610057447105646
0.002425197511911392
0.00046623870730400085
0.0062043978832662106
0.0024688143748790026
0.0007310227956622839
0.010186627507209778
0.006991435773670673
0.008127854205667973
0.011170933023095131
0.00009815992234507576
0.015601846389472485
0.01267874427139759
0.0006612144061364233
0.0028305368032306433
0.00016635016072541475
0.0011618384160101414
0.001740659587085247
0.017596755176782608
0.0006110903341323137
0.003971806261688471
0.007643365766853094
0.00012073692778358236
0.014597255736589432
0.00903942622244358
0.0004159055824857205
0.0011413260363042355
0.0007761024753563106
0.007031034212559462
0.004528057295829058
0.0088812205940485
0.00037421469460241497
0.02584030106663704
0.004542624112218618
0.0027501832228153944
0.02098180167376995
0.0002420436794636771
0.001243744627572596
0.0029534935019910336
0.007017435505986214
0.004424709361046553
0.009464096277952194
0.0492158979177475
0.0021534787956625223
0.00608218414708972
0.0005263474304229021
0.00035255213151685894
0.004556803498417139
0.019295062869787216
0.0040237451903522015
0.0006776903755962849
0.007743148598819971
0.011787216179072857
0.04165814071893692
0.00038223955198191106
0.019433895125985146
0.013423806056380272
0.0002886414877139032
0.01312075462192297
0.007617711089551449
0.00751437246799469
0.005410925485193729
0.0003752761404030025
0.0030325036495923996
0.0006810742197558284
0.00015966579667292535
0.007678567431867123
0.008171368390321732
0.0004712640948127955
0.006285765673965216
0.005646133795380592
0.00048571708612143993
0.00011756114690797403
0.03200405463576317
0.002550992649048567
0.0034495650324970484
0.0020906939171254635
0.001973535865545273
0.0003807091561611742
0.001195963704958558
0.007207355462014675
0.0007620261167176068
0.0016124527901411057
0.005914721172302961
0.001941600115969777
0.0002260010369354859
0.002049399306997657
0.01786978729069233
0.00975918397307396
0.02134576067328453
0.004227092955261469
0.018676258623600006
0.009099761955440044
0.0009475742117501795
0.001487239613197744
0.017523376271128654
0.003789468202739954
0.001946736010722816
0.0750718042254448
0.009448470547795296
0.001879825140349567
0.00035413014120422304
0.001494034193456173
0.000020816198230022565
0.00008144429011736065
0.00263286754488945
0.0011028626468032598
0.0023991388734430075
0.0000800706839072518
0.0034464080817997456
0.011783724650740623
0.0015251032309606671
0.003638839814811945
0.026714839041233063
0.0007593646296299994
0.00427456758916378
0.0007537166820839047
