0.11066386848688126
0.1809099167585373
0.1693616658449173
0.33673858642578125
0.20685163140296936
0.08052758872509003
0.36141476035118103
0.24222728610038757
0.2392750233411789
0.1606929749250412
0.16171380877494812
0.5617426633834839
0.12624697387218475
0.1447899490594864
0.27559077739715576
0.2899874150753021
0.20035210251808167
0.16705729067325592
0.16241465508937836
0.2817745506763458
0.19833005964756012
0.07493612915277481
0.17323234677314758
0.11496124416589737
0.19137097895145416
0.052810341119766235
0.21236315369606018
0.14237144589424133
0.1271730214357376
0.17582975327968597
0.13072533905506134
0.31706503033638
0.28886279463768005
0.19248491525650024
0.0927615612745285
0.36626139283180237
0.18734712898731232
0.09262412786483765
0.08853033185005188
0.3135262429714203
0.15557661652565002
0.13580025732517242
0.019188646227121353
0.20870335400104523
0.31882837414741516
0.1728542149066925
0.10987772047519684
0.40619009733200073
0.2171533852815628
0.23192662000656128
0.31849390268325806
0.23273879289627075
0.2905441224575043
0.11434625089168549
0.20172661542892456
0.26413318514823914
0.21436023712158203
0.14252415299415588
0.14408235251903534
0.23494316637516022
0.22250282764434814
0.298952579498291
0.3026342988014221
0.2598981261253357
0.18150414526462555
0.3542969226837158
0.3005219101905823
0.1120598092675209
0.1075734794139862
0.19182159006595612
0.08128277212381363
0.26643845438957214
0.09636496752500534
0.24247677624225616
0.053204815834760666
0.2512442469596863
0.15729163587093353
0.2284184694290161
0.04015467315912247
0.264083594083786
0.24158383905887604
0.19009774923324585
0.30086851119995117
0.11786498874425888
0.2537578344345093
0.30817827582359314
0.23358654975891113
0.1482670158147812
0.20004962384700775
0.15437400341033936
0.27114859223365784
0.07402217388153076
0.2190379947423935
0.14720359444618225
0.16593222320079803
0.06827478855848312
0.17272835969924927
0.35317689180374146
0.2437499463558197
0.19325223565101624
0.09119010716676712
0.30566349625587463
0.3240564167499542
0.07080326229333878
0.1958962082862854
0.17766925692558289
0.1419142633676529
0.11742416024208069
0.22575759887695313
0.15421441197395325
0.22866329550743103
0.26100513339042664
0.15317805111408234
0.28335627913475037
0.09350913017988205
0.3031058609485626
0.22951571643352509
0.31198951601982117
0.19892491400241852
0.36874350905418396
0.17913159728050232
0.04648074135184288
0.24257361888885498
0.22729121148586273
0.21676476299762726
0.09052570164203644
0.36935558915138245
0.08873473107814789
0.31413352489471436
0.1328672468662262
0.05491131916642189
0.13088414072990417
0.11432213336229324
0.17764496803283691
0.31928765773773193
0.15264111757278442
0.06649258732795715
0.1958959847688675
0.31383997201919556
0.033713944256305695
0.1655394434928894
0.18642683327198029
0.2435339391231537
0.08708468824625015
0.3297882080078125
0.19350042939186096
0.12120577692985535
0.15407490730285645
0.24839666485786438
0.2649431824684143
0.14489515125751495
0.14898395538330078
0.3406575322151184
0.10057850182056427
0.138613760471344
0.13667316734790802
0.3159584403038025
0.18380172550678253
0.16818289458751678
0.15048430860042572
0.285099595785141
0.18810945749282837
0.2633146643638611
0.22808651626110077
0.05891389399766922
0.32965078949928284
0.15474815666675568
0.2789583206176758
0.09291443228721619
0.13940909504890442
0.19023695588111877
0.27428051829338074
0.3569539189338684
0.1883285641670227
0.1586378812789917
0.3503255844116211
0.09725305438041687
0.16437743604183197
0.24216675758361816
0.3613670766353607
0.12865902483463287
0.03505536541342735
0.10022804141044617
0.2243386209011078
0.16580475866794586
0.2538122534751892
0.21061880886554718
0.11165738105773926
0.3008672297000885
0.08314207941293716
0.08130818605422974
0.06776896864175797
0.1324886828660965
0.13822127878665924
0.25427335500717163
0.2738882601261139
0.18835891783237457
0.2709280848503113
0.060792285948991776
0.3830331265926361
0.2738860249519348
0.07736377418041229
0.32787489891052246
0.19394826889038086
0.21667362749576569
0.20754940807819366
0.09108924865722656
0.28663694858551025
0.173326313495636
0.2122308760881424
0.14978621900081635
0.13206948339939117
0.10908365249633789
0.15241792798042297
0.22053638100624084
0.3183742165565491
0.2530364394187927
0.2591657042503357
0.1747741848230362
0.20477941632270813
0.15707753598690033
0.08126336336135864
0.25438371300697327
0.089449442923069
0.22518359124660492
0.28710228204727173
0.10138311237096786
0.16616906225681305
0.11647635698318481
0.14441817998886108
0.11535603553056717
0.05538412556052208
0.2833445370197296
0.26396310329437256
0.3046116530895233
0.13640309870243073
0.24312448501586914
0.2836833596229553
0.14019246399402618
0.20752088725566864
0.2630899250507355
0.1106812059879303
0.24810642004013062
0.1386900246143341
0.2858734428882599
0.33365997672080994
0.16946054995059967
0.12215769290924072
0.15856945514678955
0.09070766717195511
0.18312254548072815
0.0876702070236206
0.09879054129123688
0.2588898837566376
0.3096506893634796
0.10045216232538223
0.24099144339561462
0.2036774754524231
0.1788392961025238
0.011773830279707909
0.23784492909908295
0.25410085916519165
0.1357763707637787
0.09190139174461365
0.27698275446891785
0.1616320013999939
0.484436959028244
0.08653180301189423
0.29728204011917114
0.3982332646846771
0.2819902300834656
0.19164617359638214
0.22243191301822662
0.10252565145492554
0.24431362748146057
0.059090420603752136
0.4561646282672882
0.23125164210796356
0.22478944063186646
0.144531711935997
0.10333755612373352
0.22665347158908844
0.1259426325559616
0.09773023426532745
0.28069573640823364
0.2058655321598053
0.16949565708637238
0.10536038130521774
0.19333091378211975
0.26147687435150146
0.22414083778858185
0.08159848302602768
0.20449185371398926
0.053590282797813416
0.18279169499874115
0.12694820761680603
0.1209644079208374
0.07988456636667252
0.28051629662513733
0.23027747869491577
0.14994214475154877
0.08501102030277252
0.18422870337963104
0.18473851680755615
0.15215641260147095
0.06349950283765793
0.47441941499710083
0.11010880023241043
0.20588985085487366
0.23659846186637878
0.10129313170909882
0.10282254964113235
0.11088061332702637
0.21165116131305695
0.29955583810806274
0.10443716496229172
0.08041500300168991
0.17490366101264954
0.1443905532360077
0.11736442148685455
0.15723204612731934
0.21963977813720703
0.3037456274032593
0.16522642970085144
0.02919430285692215
0.22173534333705902
0.11567063629627228
0.08847910910844803
0.18606603145599365
0.34199953079223633
0.14951744675636292
0.3612934947013855
0.0834263488650322
0.4157146215438843
0.18570877611637115
0.15313179790973663
0.08220154792070389
0.19515429437160492
0.31116604804992676
0.21141240000724792
0.09609193354845047
0.273105651140213
0.23990832269191742
0.19232462346553802
0.2276468724012375
0.24597294628620148
0.14944110810756683
0.06564062088727951
0.1317310780286789
0.2831133008003235
0.14417193830013275
0.2068161815404892
0.1373424381017685
0.15978872776031494
0.3825249969959259
0.12447144836187363
0.19871121644973755
0.1440354585647583
0.14784857630729675
0.1482239067554474
0.11980763077735901
0.19000184535980225
0.2674856185913086
0.14751581847667694
0.10640856623649597
0.27875661849975586
0.24910451471805573
0.07962945103645325
0.22774705290794373
0.19017013907432556
0.31522247195243835
0.10665998607873917
0.19770176708698273
0.2220117151737213
0.27828249335289
0.2350066900253296
0.1233636736869812
0.10969250649213791
0.22944208979606628
0.204844668507576
0.1075533926486969
0.15852412581443787
0.2262628674507141
0.14073586463928223
0.12222886085510254
0.23497922718524933
0.2612196207046509
0.16879667341709137
0.17545153200626373
0.19796597957611084
0.25860270857810974
0.10266407579183578
0.14250072836875916
0.14773905277252197
0.16112473607063293
0.11331604421138763
0.083153635263443
0.23394033312797546
0.2596376836299896
0.1295265406370163
0.12300016731023788
0.2609027326107025
0.24263226985931396
0.07928723096847534
0.03874140605330467
0.22276823222637177
0.15639474987983704
0.13383831083774567
0.09430751949548721
0.31904342770576477
0.21921135485172272
0.3403322994709015
0.06198513135313988
0.17952843010425568
0.2362794280052185
0.197855144739151
0.08810106664896011
0.20037201046943665
0.11218280345201492
0.13920170068740845
0.10309776663780212
0.21190187335014343
0.23781587183475494
0.22503650188446045
0.21286684274673462
0.07278306782245636
0.11938095092773438
0.16545981168746948
0.1621970683336258
0.04296902194619179
0.24580317735671997
0.1632724106311798
0.15952549874782562
0.04155519977211952
0.2642919421195984
0.09436023235321045
0.30087044835090637
0.06385870277881622
0.1410253793001175
0.06876929849386215
0.11473008990287781
0.21777334809303284
0.13900847733020782
0.2588862180709839
0.4386984705924988
0.11835847795009613
0.2687825560569763
0.12945489585399628
0.3009350597858429
0.08319873362779617
0.20836614072322845
0.0735110267996788
0.29160594940185547
0.11214523762464523
0.27183079719543457
0.09426558017730713
0.1578124463558197
0.3457120358943939
0.12277735024690628
0.11004292219877243
0.08162084221839905
0.24689528346061707
0.23950649797916412
0.37034761905670166
0.16469967365264893
0.22487372159957886
0.168879434466362
0.11762761324644089
0.2842184007167816
0.09816697984933853
0.27535057067871094
0.11419505625963211
0.09106767177581787
0.24555161595344543
0.1541064828634262
0.2562987506389618
0.0334944874048233
0.1970089077949524
0.11115293949842453
0.09841196238994598
0.0681435838341713
0.2361983209848404
0.18627190589904785
0.2803288996219635
0.10300920158624649
0.28955399990081787
0.20725585520267487
0.26305118203163147
0.10087886452674866
0.18177075684070587
0.1746326982975006
0.1057104840874672
0.03390311077237129
0.12178497016429901
0.34849047660827637
0.16947202384471893
0.0637885257601738
0.18277664482593536
0.12044135481119156
0.10298453271389008
0.14846330881118774
0.21739022433757782
0.12024791538715363
0.16866865754127502
0.1324499100446701
0.18593186140060425
0.08735526353120804
0.10048968344926834
0.3716965317726135
0.09981172531843185
0.049496885389089584
0.20051902532577515
0.37495970726013184
0.09329760819673538
0.20600387454032898
0.13806338608264923
0.3356948494911194
0.2166932225227356
0.28142380714416504
0.09443493187427521
0.2453518807888031
0.147732213139534
0.174738347530365
0.14210346341133118
0.2939990758895874
0.11860480159521103
0.19858422875404358
0.15243789553642273
0.13461440801620483
0.31742921471595764
0.07213751971721649
0.062450967729091644
0.31000494956970215
0.23628383874893188
0.1152329370379448
0.12838667631149292
0.3210063576698303
0.09991834312677383
0.19730526208877563
0.2529495358467102
0.3270440995693207
0.031981393694877625
0.37484920024871826
0.13387052714824677
0.1798144280910492
0.12953872978687286
0.35771483182907104
0.10585625469684601
0.2170422524213791
0.08746379613876343
0.21927961707115173
0.32767975330352783
0.2513296902179718
0.05370519310235977
0.3688320815563202
0.13278046250343323
0.16876544058322906
0.08960621803998947
0.2557530105113983
0.24059611558914185
0.4303908050060272
0.180390864610672
0.23344573378562927
0.11568768322467804
0.28630363941192627
0.059761613607406616
0.18545646965503693
0.1537681221961975
0.253327876329422
0.10430214554071426
0.44608527421951294
0.15124547481536865
0.19040395319461823
0.15747809410095215
0.18292756378650665
0.17939217388629913
0.2259834110736847
0.0341714583337307
0.10450108349323273
0.3478592038154602
0.3740214705467224
0.1321747899055481
0.48008325695991516
0.16150154173374176
0.37843695282936096
0.3621848523616791
0.2662840783596039
0.1460682451725006
0.3565213978290558
0.0913737341761589
0.1417412906885147
0.12720252573490143
0.1803775131702423
0.07986144721508026
0.1023588478565216
0.12096317112445831
0.16178493201732635
0.15512731671333313
0.26730450987815857
0.10729174315929413
0.23506399989128113
0.06741119921207428
0.2136806845664978
0.1700778305530548
0.17619240283966064
0.0400109626352787
0.18790343403816223
0.17396001517772675
0.3409096896648407
0.13401886820793152
0.24661284685134888
0.15760640799999237
0.29376834630966187
0.07201985269784927
0.20601680874824524
0.07059509307146072
0.10370048880577087
0.1974755823612213
0.1725071668624878
0.14617571234703064
0.13492313027381897
0.19616065919399261
0.17721714079380035
0.11635276675224304
0.0317840613424778
0.23943382501602173
0.30356156826019287
0.2124418467283249
0.04356510564684868
0.38528820872306824
0.2547772228717804
0.06187593564391136
0.03918800875544548
0.17627330124378204
0.2163284569978714
0.10557063668966293
0.24897177517414093
0.14664193987846375
0.28396910429000854
0.134500652551651
0.0261043943464756
0.22436770796775818
0.18310408294200897
0.23736555874347687
0.23141524195671082
0.1330738365650177
0.28151246905326843
0.1621827781200409
0.16479061543941498
0.0954902246594429
0.12611867487430573
0.24011871218681335
0.18365974724292755
0.20238226652145386
0.13847649097442627
0.31976500153541565
0.1563105285167694
0.21616359055042267
0.16066569089889526
0.14121003448963165
