0.3815458118915558
0.37995484471321106
0.1281818449497223
0.2575642466545105
0.413212388753891
0.2834389805793762
0.37482067942619324
0.4219888746738434
0.38396650552749634
0.29299426078796387
0.153548926115036
0.4336509704589844
0.21044223010540009
0.478345662355423
0.2931084930896759
0.2612147331237793
0.46241360902786255
0.5404892563819885
0.21011266112327576
0.11546706408262253
0.5133874416351318
0.20642411708831787
0.5263561606407166
0.3209422528743744
0.3573777377605438
0.4480270743370056
0.33741962909698486
0.1466262936592102
0.3086887001991272
0.49288052320480347
0.4286021590232849
0.2601199746131897
0.2276129275560379
0.5133007168769836
0.24241739511489868
0.2452409863471985
0.27527308464050293
0.6218678951263428
0.29130658507347107
0.20357730984687805
0.3967421352863312
0.4068833291530609
0.4922356903553009
0.8367363214492798
0.31683334708213806
0.25261491537094116
0.5077412724494934
0.5055068731307983
0.28398436307907104
0.26955875754356384
0.24272626638412476
0.35278066992759705
0.4259275794029236
0.22007012367248535
0.40896862745285034
0.13091471791267395
0.35227999091148376
0.2188669592142105
0.3921765387058258
0.25050094723701477
0.4461069405078888
0.14347130060195923
0.30178502202033997
0.38957950472831726
0.2916320264339447
0.4087042808532715
0.37556836009025574
0.323903352022171
0.3518465757369995
0.4587669372558594
0.11407092958688736
0.29460451006889343
0.24829569458961487
0.28103312849998474
0.3014346957206726
0.36413678526878357
0.4092545211315155
0.16166432201862335
0.41778460144996643
0.5525543689727783
0.29026949405670166
0.41035524010658264
0.3934469521045685
0.14933228492736816
0.45726871490478516
0.43313437700271606
0.2494768351316452
0.24087241291999817
0.3009345829486847
0.4101635217666626
0.4004860520362854
0.23240408301353455
0.3985344469547272
0.4432082176208496
0.15312832593917847
0.3328087627887726
0.5151516199111938
0.14837546646595
0.24665218591690063
0.5873603820800781
0.2500881850719452
0.30766046047210693
0.3275791108608246
0.2918550670146942
0.16639937460422516
0.3358035981655121
0.5387946367263794
0.2808215916156769
0.23569625616073608
0.3927135467529297
0.36074402928352356
0.13457651436328888
0.4044763743877411
0.3503963351249695
0.1599566787481308
0.1416461318731308
0.594599723815918
0.2607596516609192
0.13846944272518158
0.3934374153614044
0.16571184992790222
0.3483465611934662
0.45056015253067017
0.305797278881073
0.08448965102434158
0.38080161809921265
0.2399919480085373
0.11919901520013809
0.26133525371551514
0.2702009677886963
0.4905831217765808
0.2742515504360199
0.36511582136154175
0.3778969645500183
0.12143668532371521
0.28173038363456726
0.28901371359825134
0.23497167229652405
0.38185515999794006
0.19034278392791748
0.3552020788192749
0.19902367889881134
0.24894706904888153
0.2516478896141052
0.27419930696487427
0.2676208019256592
0.3115152418613434
0.6188856959342957
0.22987596690654755
0.2100677341222763
0.22957442700862885
0.33141446113586426
0.32753613591194153
0.6130010485649109
0.24847784638404846
0.3356948494911194
0.34801092743873596
0.4242849051952362
0.1442601978778839
0.39693331718444824
0.29476964473724365
0.17502473294734955
0.3087300956249237
0.3636539876461029
0.48619699478149414
0.13687004148960114
0.4870247542858124
0.17130541801452637
0.37592893838882446
0.230075404047966
0.2312857210636139
0.10335495322942734
0.41448938846588135
0.5655692219734192
0.2711261510848999
0.19166199862957
0.28233960270881653
0.45431697368621826
0.3574654459953308
0.12344742566347122
0.39018958806991577
0.5668808817863464
0.2058778554201126
0.22812598943710327
0.45008641481399536
0.24781174957752228
0.3908013105392456
0.3027097284793854
0.4070644676685333
0.18384768068790436
0.2811402380466461
0.43780267238616943
0.5143812298774719
0.10088556259870529
0.34949541091918945
0.32720693945884705
0.4312213063240051
0.22362510859966278
0.547097384929657
0.36664295196533203
0.29190415143966675
0.14339207112789154
0.33540278673171997
0.31922709941864014
0.3328764736652374
0.10688716173171997
0.33079785108566284
0.2246345430612564
0.2930541932582855
0.33894333243370056
0.23858945071697235
0.13098688423633575
0.3673432767391205
0.2791934907436371
0.31786349415779114
0.26049795746803284
0.22227787971496582
0.2661076784133911
0.4621387720108032
0.09380017220973969
0.42026787996292114
0.2456640899181366
0.2601543068885803
0.15048669278621674
0.3143804669380188
0.1451122760772705
0.181756854057312
0.31569230556488037
0.2461823672056198
0.3050277829170227
0.27650392055511475
0.22836846113204956
0.1152840405702591
0.1792510449886322
0.157014861702919
0.22434912621974945
0.5276188254356384
0.24264122545719147
0.09893731772899628
0.15980146825313568
0.2616066038608551
0.22536563873291016
0.0506725013256073
0.28387734293937683
0.29584071040153503
0.6216379404067993
0.10653410106897354
0.438108891248703
0.34057503938674927
0.3833182156085968
0.35750576853752136
0.1421114206314087
0.34161829948425293
0.32858750224113464
0.28761690855026245
0.08194269984960556
0.2256995290517807
0.30014321208000183
0.14294986426830292
0.2964756190776825
0.33191943168640137
0.2602265775203705
0.4141550362110138
0.08526428788900375
0.268594890832901
0.2957187592983246
0.45257091522216797
0.2834260165691376
0.31752511858940125
0.4041261374950409
0.20391950011253357
0.1418876349925995
0.22196373343467712
0.3883936107158661
0.30247238278388977
0.26611512899398804
0.22988764941692352
0.3286858797073364
0.41240987181663513
0.33981654047966003
0.2773424983024597
0.2830416262149811
0.49722859263420105
0.10305248945951462
0.21905186772346497
0.37540724873542786
0.45740577578544617
0.2594333291053772
0.19628509879112244
0.3465881645679474
0.2534661591053009
0.14070992171764374
0.28036004304885864
0.3326990008354187
0.15282899141311646
0.6990689635276794
0.2573295831680298
0.3101966977119446
0.09701298177242279
0.3508920967578888
0.22793035209178925
0.2026774138212204
0.13009017705917358
0.34005632996559143
0.11180464923381805
0.4263536334037781
0.3695048987865448
0.3159354627132416
0.24007870256900787
0.29015472531318665
0.08911149203777313
0.373932808637619
0.15383438766002655
0.30345624685287476
0.31874459981918335
0.3972925841808319
0.34266388416290283
0.3257262110710144
0.07351480424404144
0.5200815796852112
0.19799235463142395
0.22465145587921143
0.3356086015701294
0.43164297938346863
0.23197028040885925
0.28338170051574707
0.1946534663438797
0.5240359306335449
0.40132465958595276
0.22251677513122559
0.22957991063594818
0.2429647147655487
0.5801922082901001
0.25863420963287354
0.1642715334892273
0.3402728736400604
0.34516268968582153
0.3961361050605774
0.08321186900138855
0.3345397412776947
0.49083924293518066
0.244925856590271
0.2708163857460022
0.07831921428442001
0.4663485288619995
0.2495105117559433
0.22055020928382874
0.12464465945959091
0.356984943151474
0.20658600330352783
0.3629404902458191
0.13621261715888977
0.3773035705089569
0.2991115152835846
0.2532861828804016
0.08895821869373322
0.4482492208480835
0.1642123907804489
0.3689248263835907
0.18450655043125153
0.43434810638427734
0.2598148584365845
0.15856865048408508
0.20259836316108704
0.27252984046936035
0.33411988615989685
0.22819936275482178
0.2367670089006424
0.30571824312210083
0.33239272236824036
0.37672242522239685
0.16642412543296814
0.3674651086330414
0.48135367035865784
0.3347446620464325
0.07809074968099594
0.3936125338077545
0.2487790435552597
0.20414985716342926
0.2852320075035095
0.23064208030700684
0.2620972990989685
0.17077204585075378
0.08619187772274017
0.4228566288948059
0.18841934204101563
0.3846317231655121
0.12725940346717834
0.5017608404159546
0.18895722925662994
0.24140527844429016
0.2263801097869873
0.49601003527641296
0.39130842685699463
0.22918541729450226
0.15940140187740326
0.40534406900405884
0.44185829162597656
0.1951192021369934
0.18464778363704681
0.3874041438102722
0.2996331751346588
0.17361494898796082
0.07226357609033585
0.26587021350860596
0.18050172924995422
0.23359651863574982
0.056293785572052
0.3573933243751526
0.22028210759162903
0.2917620539665222
0.2045712023973465
0.25725945830345154
0.3160593807697296
0.27885860204696655
0.18074947595596313
0.2940223515033722
0.2794764041900635
0.45462122559547424
0.15816114842891693
0.4326126277446747
0.5644294023513794
0.2618727684020996
0.2694074511528015
0.4608295261859894
0.4093039035797119
0.16541311144828796
0.18397562205791473
0.3227812349796295
0.3159494400024414
0.3238408863544464
0.10789871215820313
0.3190380334854126
0.2568351626396179
0.299402117729187
0.15926872193813324
0.2989424467086792
0.3854037821292877
0.2346971333026886
0.06566844135522842
0.33238592743873596
0.26988834142684937
0.2972537875175476
0.14188651740550995
0.2747640907764435
0.27274513244628906
0.21495792269706726
0.16284213960170746
0.5288169980049133
0.4960200786590576
0.20057575404644012
0.10335400700569153
0.30756282806396484
0.36896437406539917
0.16915826499462128
0.33539876341819763
0.3812377154827118
0.248986154794693
0.16685457527637482
0.0712965875864029
0.2926757037639618
0.3244759142398834
0.18647605180740356
0.14037850499153137
0.345136433839798
0.3513307571411133
0.32783859968185425
0.2026413083076477
0.25082263350486755
0.19399474561214447
0.29483258724212646
0.059980183839797974
0.18720920383930206
0.347790002822876
0.19091194868087769
0.1899109184741974
0.18467427790164948
0.30797165632247925
0.48167869448661804
0.13068833947181702
0.5352110862731934
0.2672363817691803
0.4031073749065399
0.10820210725069046
0.30759331583976746
0.19367705285549164
0.1098538264632225
0.04789647459983826
0.4674328565597534
0.2526663839817047
0.26714658737182617
0.2866436541080475
0.3074488639831543
0.376915842294693
0.2180051952600479
0.2410229742527008
0.33132994174957275
0.40677928924560547
0.1878894567489624
0.17757564783096313
0.4511960744857788
0.2272712141275406
0.15675169229507446
0.06300495564937592
0.2615948021411896
0.39523613452911377
0.06397882103919983
0.22173908352851868
0.24177630245685577
0.25356969237327576
0.28638535737991333
0.3167753219604492
0.291875958442688
0.08412453532218933
0.21974961459636688
0.11967738717794418
0.3961072266101837
0.11701901257038116
0.21658097207546234
0.3614118695259094
0.29471468925476074
0.15887077152729034
0.3476055860519409
0.1554241180419922
0.3416929841041565
0.08633777499198914
0.2633500099182129
0.2227565348148346
0.34035956859588623
0.15156447887420654
0.3045772314071655
0.2944057285785675
0.4164854884147644
0.22117432951927185
0.16606639325618744
0.4321649670600891
0.43911120295524597
0.10422720015048981
0.23312626779079437
0.321832537651062
0.37888023257255554
0.26760897040367126
0.29899048805236816
0.3870270848274231
0.35308387875556946
0.1001012921333313
0.31549930572509766
0.29098206758499146
0.4185711741447449
0.29300183057785034
0.23455286026000977
0.31622058153152466
0.3253026306629181
0.1639126092195511
0.4313527047634125
0.4170010983943939
0.26608002185821533
0.2638564109802246
0.3219791352748871
0.3102606534957886
0.5474918484687805
0.20477283000946045
0.2577831447124481
0.3814685642719269
0.1498311460018158
0.05017092078924179
0.4607645273208618
0.2338988184928894
0.22300155460834503
0.10369542241096497
0.24964605271816254
0.44058433175086975
0.22516636550426483
0.15272927284240723
0.21666188538074493
0.3469814658164978
0.36206233501434326
0.1356697678565979
0.25862088799476624
0.06391649693250656
0.2572496235370636
0.07248318195343018
0.3104987144470215
0.18517236411571503
0.3561738431453705
0.16291555762290955
0.4705849289894104
0.15281102061271667
0.3475135266780853
0.42380720376968384
0.27547699213027954
0.22195009887218475
0.3640284836292267
0.24633686244487762
0.22116105258464813
0.14211541414260864
0.17484323680400848
0.2083020657300949
0.4134199023246765
0.502562403678894
0.13943146169185638
0.11531662940979004
0.3045044541358948
0.26001957058906555
0.38547858595848083
0.1649855375289917
0.2671169638633728
0.2457418292760849
0.308356910943985
0.0902990847826004
0.22219118475914001
0.17682573199272156
0.3979249596595764
0.22956661880016327
0.3220450282096863
0.24917274713516235
0.39409053325653076
0.16746152937412262
0.2846849858760834
0.2152629792690277
0.25981011986732483
0.18713514506816864
0.23882894217967987
0.19906829297542572
0.21280188858509064
0.09390322118997574
0.3815799057483673
0.21590638160705566
0.44886115193367004
0.1509821116924286
0.2926480174064636
0.3477274775505066
0.38524478673934937
0.3240300118923187
0.32584381103515625
0.5112024545669556
0.17670446634292603
0.2933707535266876
0.3202987313270569
0.4597596228122711
0.1517953723669052
0.3046703040599823
0.42023834586143494
0.2762838304042816
0.24273574352264404
0.3822450637817383
0.18409615755081177
0.4387611150741577
0.4751048684120178
0.16155609488487244
0.30579864978790283
0.2555899918079376
0.39469388127326965
0.248175710439682
0.21323201060295105
0.37735798954963684
0.32877281308174133
0.3163149058818817
0.3430001735687256
0.1873929798603058
