0.0008379769860766828
0.0004929267452098429
0.00012822107237298042
0.00011079091927967966
0.0005364834796637297
0.0005876912036910653
0.006509039551019669
0.0002704704529605806
0.0003305705904494971
0.016083091497421265
0.00005723341746488586
0.0008193385438062251
0.014712028205394745
0.00010163254773942754
0.0005830746958963573
0.0002560829743742943
0.019873054698109627
0.00016606171266175807
0.0019735139794647694
0.0017858027713373303
0.009565361775457859
0.00003888772698701359
0.0013022486818954349
0.014885859563946724
0.001043542055413127
0.00046811168431304395
0.00027970169321633875
0.0005704882787540555
0.0006747257430106401
0.000023127218810259365
0.0036323675885796547
0.013907894492149353
0.009182674810290337
0.00022088471450842917
0.00012882148439530283
0.00005731711644330062
0.0009747138828970492
0.02391769178211689
0.0034820144064724445
0.002605228219181299
0.0009933111723512411
0.0003528363013174385
0.02366337552666664
0.002376026473939419
0.0013620429672300816
0.00005485596921062097
0.003041445044800639
0.00036677796742878854
0.007944094017148018
0.0001323014876106754
0.0001874221779871732
0.00022198277292773128
0.0024967363569885492
0.031391967087984085
0.00011107884347438812
0.00026795431040227413
0.0002526542521081865
0.0012986980145797133
0.00006254577601794153
0.017451360821723938
0.00016592940664850175
0.00021892282529734075
0.009607472456991673
0.0002533491642680019
0.0005145185277797282
0.02360210008919239
0.005190244410187006
0.032177455723285675
0.00033468243782408535
0.0003365656884852797
0.00008675823482917622
0.0004776341374963522
0.0005703795468434691
0.0009642901131883264
0.0012762497644871473
0.00010565951379248872
0.011075488291680813
0.0017462631221860647
0.0009136893204413354
0.0008362170192413032
0.03568597137928009
0.017404846847057343
0.03705081343650818
0.0007820511236786842
0.02961002290248871
0.017729399725794792
0.02288588508963585
0.0011396242771297693
0.00020344810036476701
0.0017350848065689206
0.005058515351265669
0.00022073571744840592
0.000018641992937773466
0.0009622822981327772
0.0001948676654137671
0.00038151085027493536
0.007077397312968969
0.00001692190744506661
0.0039237798191607
0.0004893211298622191
0.009209745563566685
0.005750797223299742
0.04172166436910629
0.0018212354043498635
0.012452077120542526
0.0006556623848155141
0.0006237256457097828
0.0031462134793400764
0.0001311686501139775
0.000147920087329112
0.021142732352018356
0.0003396107640583068
0.016662802547216415
0.020273415371775627
0.00016820851305965334
0.0035826554521918297
0.0006037818384356797
0.0008517052629031241
0.0003417087718844414
0.032431475818157196
0.00003735163772944361
0.018131069839000702
0.00008776950562605634
0.0012363319983705878
0.029050083830952644
0.0007447018288075924
0.0010350138181820512
0.0002640908060129732
0.0024643379729241133
0.001849265187047422
0.010476562194526196
0.00009645406680647284
0.0016508984845131636
0.00004095205804333091
0.0032125667203217745
0.023509465157985687
0.00020024691184516996
0.00018844546866603196
0.0008646604837849736
0.00012901941954623908
0.00010960383951896802
0.00002094233059324324
0.0015032629016786814
0.0006579751498065889
0.0005200476734898984
0.00017742742784321308
0.00027399591635912657
0.000006025266884535085
0.00011853312753373757
0.00016062692156992853
0.00034351160866208375
0.00005976798274787143
0.00018970748351421207
0.0002525848976802081
0.0019198450027033687
0.003969728946685791
0.0007103071548044682
0.022777263075113297
0.0004837935557588935
0.0016449377872049809
0.010886562056839466
0.024273354560136795
0.0005452233017422259
0.0009003738523460925
0.00005936524394201115
0.00015193337458185852
0.0000361099919246044
0.00028019543970003724
0.00018608997925184667
0.0011045895516872406
0.03348890691995621
0.007627128157764673
0.011050831526517868
0.0021946735214442015
0.00038103683618828654
0.0035356294829398394
0.000024183609639294446
0.015847936272621155
0.0013936252798885107
0.01623091846704483
0.018443411216139793
0.00021798472153022885
0.000800949230324477
0.0005146920448169112
0.00008388626883970574
0.00750473840162158
0.00013831423711962998
0.0008235204149968922
0.003523248480632901
0.00012258996139280498
0.00014452633331529796
0.00014338086475618184
0.002473261905834079
0.00025286979507654905
0.014695456251502037
0.0010069862473756075
0.0001122788671636954
0.0001595529174664989
0.0038654108066111803
0.0039671119302511215
0.011885195970535278
0.0004002396308351308
0.0006907053175382316
0.0009120136382989585
0.004636037163436413
0.00024303204554598778
0.00020276881696190685
0.0002719835320021957
0.0013500913046300411
0.0003275920753367245
0.0009079267038032413
0.038345012813806534
0.007750918157398701
0.005016030743718147
0.004321312066167593
0.0002685680228751153
0.009709144942462444
0.00011895228817593306
0.0031899651512503624
0.002599797211587429
0.0011570967035368085
0.002772442065179348
0.004248599521815777
0.0001578904193593189
0.00015156403242144734
0.000040738581446930766
0.023008331656455994
0.00001839893593569286
0.0007061988580971956
0.00005851372770848684
0.004548985045403242
0.0004800333990715444
0.0006530049722641706
0.0005894444766454399
0.0009369083563797176
0.00009479867003392428
0.020101411268115044
0.0011211566161364317
0.00041834707371890545
0.0005776530015282333
0.005490591749548912
0.011331870220601559
0.012065378949046135
0.0008477686205878854
0.0012869485653936863
0.0010091835865750909
0.014586241915822029
0.0002692546113394201
0.0008158492855727673
0.00021102375467307866
0.006371143739670515
0.0010607748990878463
0.031188175082206726
0.001222882536239922
0.0000737050868337974
0.0022964016534388065
0.0002949011977761984
0.0006979257450439036
0.0019502987852320075
0.0015901575097814202
0.012000164948403835
0.0001825962244765833
0.0000967986707109958
0.000056068609410431236
0.00012009547208435833
0.000048390564188594
0.04467543959617615
0.00028241146355867386
0.000016277492250083014
0.0004883198416791856
0.006322666071355343
0.00010705382737796754
0.00002295740705449134
0.00007335071131819859
0.00007549204747192562
0.0009314899216406047
0.008069081231951714
0.000010718608791648876
0.0010103726526722312
0.004771591164171696
0.00006799467519158497
0.00017743650823831558
0.00011626913328655064
0.00010501029464649037
0.0034221981186419725
0.0005019087693654001
0.005286953411996365
0.0003826642350759357
0.03445781022310257
0.0006123853381723166
0.001562764635309577
0.00008357434853678569
0.06313913315534592
0.0021506021730601788
0.006318479310721159
0.003151118289679289
0.0026265906635671854
0.00016037971363402903
0.00042152931564487517
0.000009743153896124568
0.00005852981121279299
0.0001020575436996296
0.000020275912902434357
0.00003346328594489023
0.00024066236801445484
0.00001301705833611777
0.0005394868203438818
0.0004373811825644225
0.0016509226989001036
0.00002155329093511682
0.0006557967863045633
0.0010474121663719416
0.02144670858979225
0.00010597784421406686
0.01245846040546894
0.000057988680055132136
0.00006673669849988073
0.0010521182557567954
0.0003385620075277984
0.009422620758414268
0.000023093496565707028
0.021398434415459633
0.0025466179940849543
0.000011699963579303585
0.0002841062087099999
0.00006503851182060316
0.0036851060576736927
0.0011896429350599647
0.005380550399422646
0.004118721466511488
0.00011485538561828434
0.0036559822037816048
0.0005445323185995221
0.0003622968797571957
0.0002479580289218575
0.001753463177010417
0.007757958956062794
0.016635192558169365
0.00004791542232851498
0.0030894498340785503
0.0009971052641049027
0.00001999747473746538
0.034836143255233765
0.00007114559412002563
0.0031257807277143
0.0006641908548772335
0.000171317471540533
0.00005479458923218772
0.0040465351194143295
0.008080549538135529
0.00011784571688622236
0.00044069974683225155
0.002205984201282263
0.0008941334672272205
0.0004469595442060381
0.0001677616819506511
0.001389012672007084
0.000007709024430369027
0.0017331114504486322
0.0009536643628962338
0.0012710613664239645
0.0009370254119858146
0.00023273461556527764
0.00016787819913588464
0.0015936471754685044
0.0007168816518969834
0.010143212042748928
0.0002757742186076939
0.012372758239507675
0.028115971013903618
0.0002201941970270127
0.00037616101326420903
0.001191910938359797
0.0023455945774912834
0.0003743325942195952
0.00010581967217149213
0.00030049739871174097
0.0013603062834590673
0.0002353797317482531
0.006414398085325956
0.035904381424188614
0.00017136480892077088
0.002677950542420149
0.000021632868083543144
0.000828178774099797
0.044447705149650574
0.0006539389723911881
0.0013835664140060544
0.00011929743050131947
0.0006267436547204852
0.03743943199515343
0.0011956235393881798
0.004830904304981232
0.00008982055442174897
0.00620535621419549
0.020644323900341988
0.00015696522314101458
0.0014541769633069634
0.0006739403470419347
0.014862977899610996
0.0003965524956583977
0.0009748591110110283
0.009437575936317444
0.00020367279648780823
0.023126721382141113
0.00825108028948307
0.00022228393936529756
0.00003577606184990145
0.0052818311378359795
0.004064884968101978
0.00032540125539526343
0.0001500360231148079
0.012595511972904205
0.003927233628928661
0.00021945156913716346
0.014949792996048927
0.02507571130990982
0.001297048875130713
0.0043485420756042
0.000462029071059078
0.002314627170562744
0.0002176845882786438
0.0032309636007994413
0.001445986796170473
0.0000364462575817015
0.00005078950562165119
0.008916710503399372
0.00008234984125010669
0.00575665757060051
0.0011704146163538098
0.000017876040146802552
0.002048347145318985
0.015928007662296295
0.00025458078016526997
0.0004841219342779368
0.0001715472317300737
0.00005485594374476932
0.0005674718413501978
0.00004115365300094709
0.0056336382403969765
0.00008259064634330571
0.00011447463475633413
0.019652489572763443
0.0004997417563572526
0.00019440465257503092
0.0006321683758869767
0.0001270061038667336
0.00021070096408948302
0.0005215556593611836
0.0004803604679182172
0.0004682163998950273
0.00040194339817389846
0.002158205723389983
0.0024004087317734957
0.0017185633769258857
0.013343576341867447
0.0003272170724812895
0.000029265598641359247
0.00048472086200490594
0.000020274916096241213
0.0005013189511373639
0.010306661948561668
0.002422213088721037
0.009632556699216366
0.00010680846753530204
0.0007921991054899991
0.007587634492665529
0.00007109315629350021
0.0002666657092049718
0.00009056886483449489
0.0023621099535375834
0.005429087672382593
0.003573519177734852
0.00736402440816164
0.00023863349633757025
0.000026197971237706952
0.0005153685924597085
0.0007371134706772864
0.0004100855439901352
0.0001395587605657056
0.0016021184856072068
0.00033464108128100634
0.01507010031491518
0.0021895510144531727
0.0007325495244003832
0.0017386558465659618
0.01959158480167389
0.0001957412314368412
0.0005987326148897409
0.0002757934562396258
0.011147549375891685
0.02560543455183506
0.002650095149874687
0.0002347858971916139
0.0000412467161368113
0.007147477939724922
0.0009533259435556829
0.0012985359644517303
0.0002664296771399677
0.000011212208846700378
0.0006132539710961282
0.0003773297357838601
0.00030780283850617707
0.00041513299220241606
0.015013541094958782
0.00017172085063066334
0.001785683911293745
0.002461240626871586
0.00027033229707740247
0.0014723058557137847
0.0001593653141753748
0.00031611998565495014
0.0025167646817862988
0.00044268398778513074
0.00009266674896935001
0.00041411624988541007
0.0008646037895232439
0.029414230957627296
0.00046083511551842093
0.011392360553145409
0.001026230864226818
0.0013942864025011659
0.000030678838811581954
0.052420295774936676
0.0008618855499662459
0.00021104149345774204
0.002789755119010806
0.0012897277483716607
0.00009656698239268735
0.0007605107966810465
0.00016171041352208704
0.00040598868508823216
0.0036254199221730232
0.000359848840162158
0.00007065704267006367
0.00004728644125862047
0.0003933758707717061
0.001629070844501257
0.005539531819522381
0.01794045977294445
0.00009149395918939263
0.0013950138818472624
0.00042054636287502944
0.0011453665792942047
0.03359190374612808
0.02845524251461029
0.017303919419646263
0.001177668571472168
0.0007738787680864334
0.0030116704292595387
0.00009011376823764294
0.0016161364037543535
0.00006023780588293448
0.00018256223120260984
0.004926825873553753
0.0004986256826668978
0.0030938382260501385
0.0021617445163428783
0.0010522683151066303
0.001822186866775155
0.0056348396465182304
0.0005578483105637133
0.0006901905871927738
0.007521262392401695
0.000393051392165944
0.006826591212302446
0.008735006675124168
0.01014724187552929
0.002271585864946246
0.00003596696114982478
0.003733590478077531
0.00019409216474741697
0.00045521074207499623
0.0012569936225190759
0.010080636478960514
0.0028508570976555347
0.012078462168574333
0.000041327293729409575
0.000029572318453574553
0.0014046081341803074
0.00005057416274212301
0.00023375441378448159
0.0007193728815764189
0.020471960306167603
0.0024204731453210115
0.00003135074075544253
0.004567956086248159
0.002027821261435747
0.0001936997432494536
0.0003433031961321831
0.004637362901121378
0.004529207944869995
0.0019103862578049302
0.0014056914951652288
0.0000899818551260978
0.000029614564482471906
0.0005845070700161159
0.013298910111188889
0.00047922643716447055
0.02142033353447914
0.0012976308353245258
0.00205937004648149
0.0022018468007445335
0.0015199565095826983
0.0000063064039750315715
0.0035231385845690966
0.0005395511398091912
0.000369114859495312
0.0012901106383651495
0.00007414216815959662
0.007821256294846535
0.012759736739099026
0.0031782565638422966
0.00019780985894612968
0.016316384077072144
0.00008002945833140984
0.000015096448805707041
0.0008605477050878108
0.003132615936920047
0.0013023195788264275
0.0002841810346581042
0.0004839687026105821
0.00017938893870450556
0.0019268537871539593
0.000578241131734103
0.00000647438173473347
0.0016141803935170174
0.00015628428081981838
0.0017625056207180023
0.0005784948589280248
0.0000724819692550227
0.00015239973436109722
0.0007657622336409986
0.000016073276128736325
0.02063889428973198
0.00014524010475724936
0.0032852550502866507
0.000010916508472291753
0.0002301537897437811
0.009366068989038467
0.00022879404423292726
0.0001296231639571488
0.00003801277853199281
0.018183721229434013
0.0023752739652991295
0.0008524902514182031
0.006373460870236158
0.0020524843130260706
0.00045452913036569953
0.0005479193641804159
0.0033789912704378366
0.00041496503399685025
0.0010323590831831098
0.0001567807194078341
0.0008822582312859595
0.0034190465230494738
0.00015968320076353848
0.0004951367736794055
0.0008777155308052897
0.00010800051677506417
0.007785751484334469
0.010641597211360931
0.011877737939357758
0.003155899466946721
0.0006101196049712598
0.0006401745486073196
0.00006547746306750923
0.00021683229715563357
0.001662739203311503
0.004254561383277178
0.0052504767663776875
0.00001996584796870593
0.0005306342500261962
0.0012628717813640833
0.000045981832954566926
0.014858359470963478
0.0009970933897420764
0.011984170414507389
0.010311205871403217
0.00152178097050637
0.0023085835855454206
0.005393865052610636
0.008467784151434898
0.0008204785990528762
0.0025908404495567083
0.00024125762865878642
0.00046396596007980406
0.0006898133433423936
0.00003221936276531778
0.009076693095266819
0.00009918745490722358
0.0006712976610288024
0.0002091055503115058
0.00004583365807775408
0.0007554111070930958
0.0011242858599871397
0.002933559473603964
0.00003338079113746062
0.0011735367588698864
0.00009467881318414584
0.0002408516447758302
0.0026816183235496283
0.00013491247955244035
0.06942329555749893
0.00007521815859945491
0.00006704787665512413
0.0005005652201361954
0.0006095076096244156
0.00006055557241779752
0.00014730174734722823
0.00109079759567976
0.0022616758942604065
0.00013318637502379715
0.0029359557665884495
0.06371505558490753
0.00027587873046286404
0.00036702989018522203
0.026025112718343735
0.000048962094297166914
0.0016079002525657415
0.0014803482918068767
0.0008744642836973071
0.0002274357684655115
0.001064421609044075
0.00008433961193077266
0.006577054969966412
0.00012572195555549115
0.004601878579705954
0.021922610700130463
0.004119573161005974
0.0029613252263516188
0.000625323795247823
0.0011955007212236524
0.010713810101151466
0.0008037654915824533
0.00007948227721499279
0.021399883553385735
0.0010230820626020432
0.0011537005193531513
0.0002702862548176199
0.00017743196804076433
0.0036274243611842394
0.000994889996945858
0.000037862024328205734
0.0010529804276302457
0.0008899149252101779
0.0009022306185215712
0.0017674636328592896
0.0076688127592206
0.006221574265509844
0.07816454768180847
0.000012016477739962284
0.0010429974645376205
0.0026837342884391546
0.00015181115304585546
0.00005317350587574765
0.001694211852736771
0.002652727300301194
0.00035786861553788185
0.03565501794219017
0.005780261941254139
0.000017622543964534998
0.0019394548144191504
0.0027920608408749104
0.000034004031476797536
0.0027903886511921883
0.000009275600859837141
0.0015735942870378494
0.005581446457654238
0.0010974130127578974
0.04136423021554947
0.0017005384434014559
0.000005841871370648732
0.000023209249775391072
0.08915581554174423
0.0008882534457370639
0.00027884243172593415
0.0005321241333149374
0.0005046252626925707
0.000035338394809514284
0.00011943707795580849
0.00008781705400906503
0.00017307470261584967
0.0014786943793296814
0.0021529849618673325
0.00024265573301818222
0.00041565464925952256
0.0019075305899605155
0.0020238622091710567
0.0000220451347558992
0.003090896876528859
0.000321159022860229
0.00025807454949244857
0.0003343409043736756
0.0007421284099109471
0.003738794941455126
0.0005527333123609424
0.0021469169296324253
0.00008261549373855814
0.0006593254511244595
0.0006175106391310692
0.0016012703999876976
0.00009313371265307069
0.0003656732151284814
0.0008245538338087499
0.003620245959609747
0.0006347732851281762
0.005755105521529913
0.00021271449804771692
0.010183495469391346
0.0011220760643482208
0.0002161412703571841
0.0001088839489966631
0.00022478180471807718
0.0001337780267931521
0.00029965065186843276
0.0006826627068221569
0.01540412101894617
0.002150349784642458
0.0009776673978194594
0.00030365854036062956
0.0014430670998990536
0.0001288947241846472
0.00008580632857047021
0.04237671568989754
0.0002004971174756065
0.04529396817088127
0.015798592939972878
0.0029717399738729
0.00017297599697485566
0.0001608070160727948
0.0001166796573670581
0.003033633576706052
0.004132735542953014
0.00248895981349051
0.0007495224708691239
0.000322377891279757
0.0009327658335678279
0.00009116567525779828
0.0016830300446599722
0.006223881617188454
0.0016077652107924223
0.00030984776094555855
0.00005067189704277553
0.0006726132123731077
0.0026047909632325172
0.0033918689005076885
0.0003924744378309697
0.0007209696341305971
0.001281070290133357
0.006374161224812269
0.0002244410279672593
0.0162906963378191
0.007060255855321884
0.007081698160618544
0.0003485999768599868
0.0016334422398358583
0.0002736282185651362
0.0002651259128469974
0.0025604241527616978
0.00031222053803503513
0.003086157375946641
0.006040059030056
0.001596922636963427
0.0004878984182141721
0.0000058624823395803105
0.002780723385512829
0.0009854742093011737
0.02929583750665188
0.0000960317556746304
0.0028097189497202635
0.003617767011746764
0.00022911619453225285
0.004895550664514303
0.00015406009333673865
0.00006281280366238207
0.00024114413827192038
0.002571986522525549
0.000173225169419311
0.0011216641869395971
0.0000087874186647241
0.030277609825134277
0.000029345896109589376
0.001652577775530517
0.008742626756429672
0.00122644507791847
0.00594067107886076
0.0005682376795448363
0.007006761152297258
0.0012049435172230005
0.0011797272600233555
0.001644402975216508
0.0002004565903916955
0.000298797560390085
0.0009365572477690876
0.00013166219287086278
0.0011261343024671078
0.00007088520214892924
0.017892519012093544
0.000047969951992854476
0.0008379000355489552
0.00018589591491036117
0.00032469414873048663
0.005615475587546825
0.00037717859959229827
0.03967295214533806
0.00013971125008538365
0.0036760522052645683
0.0026828304398804903
0.00024185155052691698
0.00015071692178025842
0.0011197194689884782
0.002740559633821249
0.0008106417371891439
0.0025044376961886883
0.00019471763516776264
0.00017464662960264832
0.00009252008749172091
0.0040494343265891075
0.021569164469838142
0.00011507699673529714
0.00009403441799804568
0.000029797225579386577
0.010126413777470589
0.0002007996808970347
0.0006881413282826543
0.004613021854311228
0.00024192211276385933
0.0007873335271142423
0.000016001427866285667
0.000024783639673842117
0.0014264591736719012
0.0007217996171675622
0.00016812079411465675
0.0012640708591789007
0.0009551719995215535
0.00022699050896335393
0.00019917383906431496
0.0007514777826145291
0.012276784516870975
0.0010887646349146962
0.034136075526475906
0.00001871084350568708
0.02895423397421837
0.00017713216948322952
0.00019267470634076744
0.000018195916709373705
0.0003376823151484132
0.0002479923714417964
0.00044103851541876793
0.000236216263147071
0.0013846036745235324
0.03336617723107338
0.00017454830231145024
0.00011237119178986177
0.010432973504066467
0.0417570024728775
0.04133034870028496
0.00866723619401455
0.0020821397192776203
0.0110545065253973
0.01918390952050686
0.00017436461348552257
0.00006562733324244618
0.0007648011087439954
0.003065420314669609
0.000036638732126448303
0.004476324655115604
0.009447895921766758
0.0003968985110986978
0.0012874394888058305
0.0005938611575402319
0.0012680564541369677
0.001164640998467803
0.0018748780712485313
0.0016001396579667926
0.0005084355361759663
0.0012485594488680363
0.0069871083833277225
0.00022450217511504889
0.00008858865476213396
0.0011668313527479768
0.0027702166698873043
0.0005426541902124882
0.00032338561140932143
0.0006045517511665821
0.003862678539007902
0.000380229001166299
0.017657747492194176
0.00004720746073871851
0.001186148263514042
0.004314156714826822
0.0001526787964394316
0.00010907081014011055
0.0008585141622461379
0.019898897036910057
0.00028421584283933043
0.0012447178596630692
0.00019284759764559567
0.05097372084856033
0.0002443663834128529
0.025340721011161804
0.00010552729509072378
0.00007630306936334819
0.00036794395418837667
0.0019090855494141579
0.006365528330206871
0.0031727859750390053
0.00004167989027337171
0.00038590136682614684
0.0061637405306100845
0.0005797343328595161
0.00006735167698934674
0.00008460789831588045
0.018690496683120728
0.0006792544154450297
0.0008074513170868158
0.000631609873380512
0.007122065406292677
0.002197710797190666
0.05413016304373741
0.002698476891964674
0.001124994596466422
0.0002674363786354661
0.011227869428694248
0.004254782572388649
0.000028002035833196715
0.0008775518508628011
0.010567449033260345
0.00040056699072010815
0.0005326290265657008
0.001438285456970334
0.029549557715654373
0.00004804159834748134
0.01042354665696621
0.0014762778300791979
0.000922931416425854
0.003781035542488098
0.0003300675598438829
0.00007124857074813917
0.025961635634303093
0.07320735603570938
0.0005991841899231076
0.0003740024985745549
0.041052356362342834
0.03417406603693962
0.00612317631021142
0.05022744834423065
0.011529148556292057
0.00003520915561239235
0.003758481005206704
0.00045612925896421075
0.001232088659889996
0.00046011232188902795
0.000023725526261841878
0.00025156675837934017
0.006312469486147165
0.0006909918156452477
0.00003726025533978827
0.0022764927707612514
0.0003586264792829752
0.04981444403529167
0.006401910446584225
0.0015173414722085
0.006880159489810467
0.0012298411456868052
0.05912605673074722
0.01275528036057949
0.024231290444731712
0.00005258644523564726
0.0026263666804879904
0.000506316777318716
0.00035625335294753313
0.0022456184960901737
0.00006046434282325208
0.0001652561331866309
0.00010946477414108813
0.003745932364836335
0.000015991608961485326
0.0000606669818807859
0.0003995409933850169
0.006095307879149914
0.008072988130152225
0.015863610431551933
0.005841780919581652
0.00009166941890725866
0.049533963203430176
0.00053377979202196
0.00004159419040661305
0.00007991780148586258
0.0004583710397128016
0.03758182376623154
0.009963501244783401
0.001427351962774992
0.000858988263644278
0.029538197442889214
0.00010189132444793358
0.0034074350260198116
0.0036792168393731117
0.001183347194455564
0.00022635559435002506
0.0003216709883417934
0.00599296297878027
0.00004806133802048862
0.008318201638758183
0.000013370779015531298
0.0026450527366250753
0.000021042826119810343
0.0001650454505579546
0.0002760042261797935
0.0005672104889526963
0.030103838071227074
0.028075482696294785
0.000332970404997468
0.0003671852173283696
0.00018427951727062464
0.000033012616768246517
0.00006556246080435812
0.0066620162688195705
0.0063576227985322475
0.02225835621356964
0.00010309636854799464
0.00019875640282407403
0.00011430817539803684
0.0005614588153548539
0.00009708260040497407
0.00011353734589647502
0.00006606290844501927
0.005576237104833126
0.0001643586001591757
0.00017968725296668708
0.00041710579534992576
0.00042612216202542186
0.015283922664821148
0.0002790908911265433
0.00002069558104267344
0.055443692952394485
0.03074975498020649
0.0009990701219066978
0.010097328573465347
0.000036185341741656885
0.0003997852618340403
0.00007638490205863491
0.0002479161776136607
0.004046858754009008
0.00975842960178852
0.020701078698039055
0.0007008129032328725
0.007882007397711277
0.0001801791222533211
0.000863649183884263
0.00011970732157351449
0.0012299339286983013
0.013815361075103283
0.020115360617637634
0.006548397708684206
0.020069178193807602
0.010164164006710052
0.0069814822636544704
0.008011864498257637
0.019582999870181084
0.019689572975039482
0.000045813012548023835
0.0008461805991828442
0.0005961140850558877
0.00039282263605855405
0.039466362446546555
0.0002064717118628323
0.00012566843361128122
0.000036832294426858425
0.0012710938462987542
0.001056886394508183
0.0002873854828067124
0.00010660671250661835
0.018324855715036392
0.0038082003593444824
0.01664314977824688
0.004695488139986992
0.0022059865295886993
0.0008190553053282201
0.004696465563029051
0.0004980000085197389
0.004613430704921484
0.015928074717521667
0.003906420897692442
0.0002535125822760165
0.0442298986017704
0.006623905152082443
0.023521117866039276
0.0011273474665358663
0.04091395437717438
0.004542691633105278
0.00008259030437329784
0.0005063888966105878
0.023403987288475037
0.005203509237617254
0.00035944071714766324
0.0018085652263835073
0.00020646717166528106
0.00014684515190310776
0.000267595547484234
0.0004038055194541812
0.0004702092264778912
0.00009226815745932981
0.014205400831997395
0.0031741089187562466
0.003734166966751218
0.0001502320810686797
0.007042140234261751
0.005897655617445707
0.0005110470810905099
0.0030725025571882725
0.0020391650032252073
0.0019846034701913595
0.0011001784587278962
0.0025841358583420515
0.001799880526959896
0.000501869129948318
0.009931501001119614
0.004060637671500444
0.00012265048280823976
0.018107324838638306
0.004332310985773802
0.005202798172831535
0.0008095515659078956
0.017695585265755653
0.00008168642671080306
0.0012027996126562357
0.004118133801966906
0.01331261359155178
0.000213257793802768
0.00017658743308857083
0.0005168462521396577
0.0005141285946592689
0.00026029706350527704
0.046027421951293945
0.0007495855679735541
0.0005158201092854142
0.0008156774565577507
0.01785692200064659
0.0006750058964826167
0.0007641555275768042
0.00014328531688079238
0.0011859823716804385
0.028653547167778015
0.00007231024937937036
0.0003229840367566794
0.0010096649639308453
0.006415589712560177
0.0003844377934001386
0.0004669261979870498
0.0011416487395763397
0.012844741344451904
0.00003331638436065987
0.03449731320142746
0.008354921825230122
0.0007400995818898082
0.00004119966979487799
0.001006790902465582
0.000035129316529491916
0.0019849378149956465
0.013095712289214134
0.000085638057498727
0.0008809099090285599
0.0015514612896367908
0.0006145999650470912
0.0027432460337877274
0.0002362695086048916
0.005049799103289843
0.0002590887888800353
0.0001624939905013889
0.00013370811939239502
0.0006536189466714859
0.0009063592297025025
0.003289695829153061
0.006366225425153971
0.0001317482820013538
0.00038335222052410245
0.00022507419635076076
0.020198263227939606
0.013960763812065125
0.00012316001811996102
0.0025215591304004192
0.019528891891241074
0.0023350282572209835
0.0005789067945443094
0.0001070069702109322
0.00019520700152497739
0.0005776975303888321
0.0002025308203883469
0.0007560189696960151
0.00029000992071814835
0.001703883521258831
0.000016045201846281998
0.006317420396953821
0.009603994898498058
0.001038031536154449
0.000022305348466034047
0.00005105698073748499
0.0022475258447229862
0.0005272623966448009
0.0003737234219443053
0.011475824750959873
0.000883248751051724
0.004181996453553438
0.00025449914392083883
0.0007767415954731405
0.00011296296725049615
0.005227489396929741
0.000012470736692193896
0.0005512917996384203
0.010774497874081135
0.00030059460550546646
0.0017243614420294762
0.00014977518003433943
0.00016391687677241862
0.00026202862500213087
0.011341914534568787
0.0020810782443732023
0.00012579950271174312
