0.008727083913981915
0.0000380777200916782
0.00007060911593725905
0.0005252821138128638
0.000812435639090836
0.0003957081644330174
0.001854733913205564
0.004981947597116232
0.000055326840083580464
0.0007778427680023015
0.007487808354198933
0.0004970632726326585
0.00004202731724944897
0.0002502024290151894
0.00010380583989899606
0.0016364561161026359
0.00031752604991197586
0.002256872830912471
0.008862889371812344
0.004942779429256916
0.0392783023416996
0.0019754201639443636
0.00014299553004093468
0.0018894366221502423
0.0014974500518292189
0.00015398822142742574
0.00042033230420202017
0.000020000044969492592
0.00127685209736228
0.03426774591207504
0.0010605400893837214
0.00020765936642419547
0.011123556643724442
0.0019318058621138334
0.00016705425514373928
0.0020355985034257174
0.001118532381951809
0.0002800453221425414
0.024689175188541412
0.004521276336163282
0.0008188893552869558
0.0011405471013858914
0.0008163556340150535
0.005749712698161602
0.001094975508749485
0.014305663295090199
0.0006331473123282194
0.02981896698474884
0.010631349869072437
0.01133048441261053
0.0019905250519514084
0.030785853043198586
0.00047464584349654615
0.001201760838739574
0.0005992977530695498
0.0006378709804266691
0.00013443703937809914
0.0008831857121549547
0.00041792995762079954
0.0002485460718162358
0.00013953077723272145
0.00012243980017956346
0.05171947553753853
0.000533999758772552
0.009211577475070953
0.005069368984550238
0.0003672314924187958
0.05326804518699646
0.010476122610270977
0.00007004145300015807
0.017444469034671783
0.00041010419954545796
0.003828447312116623
0.0003945239295717329
0.015227732248604298
0.00020600554125849158
0.0002693179121706635
0.0034533641301095486
0.0005280189216136932
0.0001854417350841686
0.0019720059353858232
0.0005748052499257028
0.0020374201703816652
0.000052505456551443785
0.006981850601732731
0.0012315132189542055
0.009485295973718166
0.0015047695487737656
0.0038359956815838814
0.000690352579113096
0.000085071922512725
0.00004964580512023531
0.00007460401684511453
0.0008140078280121088
0.019887490198016167
0.0019169423030689359
0.00098772335331887
0.00033797146170400083
0.0007400335161946714
0.011121008545160294
0.0005964075098745525
0.0036654684226959944
0.0029664034955203533
0.0004361825413070619
0.003305276157334447
0.00005439601227408275
0.00034768684417940676
0.02081327885389328
0.000030114200853859074
0.0007803505868650973
0.0013003494823351502
0.0006472780369222164
0.0005493679782375693
0.00043753889622166753
0.00040241939132101834
0.0009097133297473192
0.001168739632703364
0.00007816161814844236
0.00032161103445105255
0.004038398619741201
0.007910695858299732
0.00008383132080780342
0.005013696849346161
0.014130547642707825
0.007373303174972534
0.0015782301779836416
0.00017679217853583395
0.00010338060383219272
0.0012831244384869933
0.00017888372531160712
0.012155215255916119
0.00008630465163150802
0.004296402912586927
0.0006046890048310161
0.0008107577450573444
0.00040547049138695
0.0019815803971141577
0.000931382121052593
0.02358805574476719
0.004200532101094723
0.014017095789313316
0.00007083323725964874
0.00010872406710404903
0.00009559557656757534
0.001997922547161579
0.011486092582345009
0.0015174964210018516
0.00018563320918474346
0.0023156367242336273
0.0002499725669622421
0.00010759669385151938
0.000013102960110700224
0.0002694752183742821
0.0002136827097274363
0.00007501366781070828
0.000027042355213779956
0.0009876381373032928
0.02140907756984234
0.003938633017241955
0.0007781744352541864
0.0005636325222440064
0.00007516551704611629
0.0011288910172879696
0.00024400287657044828
0.006030594930052757
0.0017851367592811584
0.0007797026191838086
0.00013632545596919954
0.004028015304356813
0.0036752629093825817
0.017066720873117447
0.000030325718398671597
0.00010665485024219379
0.002901044674217701
0.000539539207238704
0.00008835150219965726
0.0002166718040825799
0.00008869278099155053
0.0025750359054654837
0.0010101530933752656
0.0001648137258598581
0.00008716073352843523
0.0004515319596976042
0.01064795907586813
0.0016987795243039727
0.00009543039777781814
0.00010102131636813283
0.0001136070495704189
0.00002128364212694578
0.00121596350800246
0.000003547104142853641
0.0009076570859178901
0.00022504411754198372
0.001103100716136396
0.00214478000998497
0.0005997010157443583
0.00009348859748570248
0.000007547938366769813
0.010230544954538345
0.011598683893680573
0.0005181891028769314
0.0004050177813041955
0.008277060464024544
0.035735029727220535
0.00014741538325324655
0.0003444555914029479
0.014646459370851517
0.0002487714518792927
0.00013450732512865216
0.022374693304300308
0.00414068391546607
0.00007647264283150434
0.00003308185841888189
0.0007038171170279384
0.000041716662963153794
0.00012309558223932981
0.0019687528256326914
0.0014432258903980255
0.008542408235371113
0.000038350750401150435
0.01912071742117405
0.02831229940056801
0.001804113038815558
0.0005094835069030523
0.0006219874485395849
0.0010357069550082088
0.0001100828085327521
0.002297340426594019
0.0001541545643704012
0.005978488363325596
0.000279984378721565
0.0004559291119221598
0.01349575910717249
0.03244505822658539
0.00015271941083483398
0.0015423112781718373
0.00003745215144590475
0.00036043001455254853
0.00008379640348721296
0.01737295649945736
0.005660680588334799
0.000024452576326439157
0.0003435426333453506
0.0021454934030771255
0.0017572325887158513
0.0007256090175360441
0.0036263475194573402
0.00034253281773999333
0.0006799866096116602
0.00016673479694873095
0.002035923069342971
0.000018451499272487126
0.01643401011824608
0.0003045140765607357
0.0006365504814311862
0.0001274310052394867
0.0046166665852069855
0.0002738953335210681
0.0034670599270612
0.004282498266547918
0.0011014083866029978
0.00006363517604768276
0.000009702566785563249
0.0006970728863961995
0.004187231417745352
0.004802599083632231
0.00003964063580497168
0.00046849396312609315
0.0026143568102270365
0.001974978717043996
0.00020433482131920755
0.00011578104022191837
0.00004917822661809623
0.00005537598190130666
0.0005545198800973594
0.00022985434043221176
0.014330805279314518
0.00012947504001203924
0.0024422756396234035
0.00012321896792855114
0.07202135026454926
0.0002162707969546318
0.00008677779987920076
0.0002987432817462832
0.001395663945004344
0.000049806953029474244
0.0003391576465219259
0.00003865233520627953
0.0005583254969678819
0.0002882597909774631
0.014353209175169468
0.00004149541928200051
0.0020247010979801416
0.00024053797824308276
0.004236087668687105
0.0005288646789267659
0.0017811704892665148
0.008978312835097313
0.001379267661832273
0.00011996764078503475
0.0007760832086205482
0.0016562773380428553
0.0003389838966540992
0.030520383268594742
0.0001822809863369912
0.009793036617338657
0.005887058097869158
0.000278945459285751
0.00027804088313132524
0.000019379867808311246
0.00007211288902908564
0.000774744781665504
0.0000826508694444783
0.0040780832059681416
0.0003448152565397322
0.04787905141711235
0.0037778280675411224
0.00003473301330814138
0.04130617901682854
0.0006232559098862112
0.0031578103080391884
0.0002969391061924398
0.005790454335510731
0.0006454701069742441
0.0066984789445996284
0.0028800482396036386
0.0005050519248470664
0.0001941855443874374
0.003529809881001711
0.05232182517647743
0.00004064334643771872
0.002584387781098485
0.01241353340446949
0.001934229163452983
0.004925925750285387
0.0018332598265260458
0.0009927176870405674
0.0005356962792575359
0.00028719499823637307
0.00007585100684082136
0.005254203453660011
0.00019075151067227125
0.0008859923691488802
0.0019415509887039661
0.0000495678759762086
0.0006049262592568994
0.0037059749010950327
0.0004110773152206093
0.0001675263192737475
0.00013224132999312133
0.0003380380803719163
0.0028729368932545185
0.001148458570241928
0.0014676701975986362
0.00562442559748888
0.00028514396399259567
0.00005271749250823632
0.00012385995069053024
0.0013239507097750902
0.0013141102390363812
0.0009385035373270512
0.00003551532790879719
0.01749303936958313
0.02188950404524803
0.00039666189695708454
0.00569643871858716
0.0008075190125964582
0.0002669301175046712
0.00012644774687942117
0.0003577796451281756
0.0017157795373350382
0.0024732735473662615
0.0008552948129363358
0.000021494062821147963
0.00015240453649312258
0.00007432095299009234
0.018856512382626534
0.0006812472711317241
0.0002071142807835713
0.0003183784137945622
0.00033711164724081755
0.0007006463711149991
0.007124945521354675
0.0001938587229233235
0.0006838683621026576
0.002463748911395669
0.003196641569957137
0.0001525702973594889
0.0014090740587562323
0.000014052224287297577
0.0021966886706650257
0.00007575812196591869
0.008574132807552814
0.019736116752028465
0.0012219034833833575
0.0031453813426196575
0.000842638430185616
0.00007770876254653558
0.00006555804429808632
0.00012398343824315816
0.00040476740105077624
0.003132282756268978
0.005809617694467306
0.0016946763498708606
0.00029692347743548453
0.00015873250958975405
0.003677806118503213
0.00007656824891455472
0.0005681276670657098
0.00018807235755957663
0.002591064665466547
0.00006821267743362114
0.020676422864198685
0.0008006633725017309
0.000404110352974385
0.002371308160945773
0.0006633680895902216
0.00012031092774122953
0.0006652435986325145
0.008162409998476505
0.005148920696228743
0.0009632610599510372
0.000009368030077894218
0.003587352577596903
0.0051544117741286755
0.003963422495871782
0.002551356563344598
0.00010756158735603094
0.0020959300454705954
0.01538037694990635
0.033002350479364395
0.035119667649269104
0.0027010056655853987
0.00015652715228497982
0.0003474958357401192
0.0002046197623712942
0.02041015587747097
0.009522183798253536
0.0003950929385609925
0.0007853892166167498
0.00012555836292449385
0.00014381528308149427
0.00006453468085965142
0.0013506446266546845
0.002622170140966773
0.00275735673494637
0.000048387930291937664
0.000046618017222499475
0.009868626482784748
0.008928485214710236
0.00003191166615579277
0.0020153226796537638
0.0002139801363227889
0.0035212310031056404
0.004290975630283356
0.00045625175698660314
0.0002349714923184365
0.0006255965563468635
0.0006244571995921433
0.00022114939929451793
0.003351927502080798
0.01643531769514084
0.00012676605547312647
0.0016636349027976394
0.00028895976720377803
0.0007727237534709275
0.0004815958673134446
0.012637536972761154
0.001152391661889851
0.002700892509892583
0.004182802047580481
0.007040281314402819
0.000041687679185997695
0.000011938199349970091
0.02068316750228405
0.00004337468999437988
0.006806973833590746
0.00010438386379973963
0.0007308136555366218
0.0005690696416422725
0.00005215682176640257
0.0019428601954132318
0.0012461987789720297
0.00007551729504484683
0.0006671115406788886
0.0006134368595667183
0.000004639084636437474
0.001732190023176372
0.0012779321987181902
0.0026843214873224497
0.0015451422659680247
0.0011024154955521226
0.004080251790583134
0.000010830235623870976
0.000058830912166740745
0.00016044537187553942
0.00105980783700943
0.0006519212620332837
0.026754464954137802
0.0022369108628481627
0.00010132731404155493
0.036076758056879044
0.00007121702219592407
0.02179950289428234
0.0009544299682602286
0.0008812543819658458
0.07452231645584106
0.00020450212468858808
0.07169975340366364
0.011414913460612297
0.0029320449102669954
0.0004380611644592136
0.006550723221153021
0.00007853308488847688
0.0032219395507127047
0.0036601447500288486
0.00022750862990505993
0.031154640018939972
0.006605992559343576
0.0022349711507558823
0.00017031410243362188
0.00024006458988878876
0.000043794068915303797
0.029747214168310165
0.00040906554204411805
0.00012670450087171048
0.000032352854759665206
0.0005388507852330804
0.00022908748360350728
0.0030463249422609806
0.00009481659799348563
0.020371705293655396
0.024778464809060097
0.00015524608897976577
0.004288042895495892
0.0011645385529845953
0.013755830936133862
0.022750703617930412
0.0006845345487818122
0.002118868986144662
0.00013061013305559754
0.0005340492934919894
0.004005149472504854
0.000043165891838725656
0.0023870132863521576
0.0019401072058826685
0.0007895270828157663
0.00018644261581357569
0.007648751139640808
0.01791486330330372
0.00465062540024519
0.00003922581163351424
0.00019606917339842767
0.00037008378421887755
0.0010661750566214323
0.00028657104121521115
0.07642517983913422
0.00013763696188107133
0.0013315218966454268
0.002900519408285618
0.013478179462254047
0.0002865802380256355
0.0010134527692571282
0.0001578809751663357
0.00030533946119248867
0.003430902259424329
0.0012900790898129344
0.0007024008664302528
0.008161951787769794
0.0009061034652404487
0.0000675341798341833
0.005863162688910961
0.00039811120950616896
0.00023026776034384966
0.000015783076378284022
0.0010055787861347198
0.00036876898957416415
0.0006678103236481547
0.00008338128100149333
0.000984914950095117
0.005236972123384476
0.00006468572973972186
0.000567764276638627
0.0001081934678950347
0.011475144885480404
0.0005803711246699095
0.0006152483401820064
0.00023196471738629043
0.00009899964788928628
0.009649895131587982
0.0013046201784163713
0.00005381331357057206
0.003586508333683014
0.00004013621582998894
0.0023831133730709553
0.0025968304835259914
0.002387943211942911
0.0005582073354162276
0.0005099348491057754
0.00014979612024035305
0.00017400253273081034
0.005697745364159346
0.0008537205867469311
0.00015505077317357063
0.0038167531602084637
0.0002630032831802964
0.000050070804718416184
0.00022295580129139125
0.013147030025720596
0.024056516587734222
0.0007288350025191903
0.0000885631816345267
0.008884239941835403
0.0038613101933151484
0.001068739453330636
0.008010797202587128
0.00020342881907708943
0.0023856619372963905
0.00022598507348448038
0.0001351917308056727
0.0002866489812731743
0.0003346802550368011
0.010018549859523773
0.0009184647933579981
0.022342035546898842
0.00022988660202827305
0.00091452308697626
0.0004898266633972526
0.000486171105876565
0.002526456257328391
0.0015705630648881197
0.0004432608257047832
0.0001488454290665686
0.006694112904369831
0.00047034304589033127
0.00308603304438293
0.005004318431019783
0.00027882546419277787
0.01028070691972971
0.009174964390695095
0.00008152043301379308
0.0007727009942755103
0.001980722416192293
0.00006576575833605602
0.00006569324614247307
0.00009131994738709182
0.0007420402253046632
0.004828146193176508
0.0013079550117254257
0.0023293686099350452
0.001201016828417778
0.006182581186294556
0.000020084706193301827
0.0006974794087000191
0.0005169142386876047
0.000034490843972889706
0.0007836720324121416
0.0011781479697674513
0.003600412281230092
0.010015485808253288
0.00902146752923727
0.0075500053353607655
0.00023102533305063844
0.000026463907488505356
0.001085016061551869
0.000022484109649667516
0.0001484318490838632
0.00010322753223590553
0.001067608711309731
0.019832856953144073
0.0005793583113700151
0.0000424189493060112
0.001443695044144988
0.00017481502436567098
0.00010651308548403904
0.00012718027574010193
0.01118321344256401
0.00018182501662522554
0.007146551739424467
0.0005759643972851336
0.0009190196869894862
0.00027988082729279995
0.00024970402591861784
0.01111694797873497
0.00028405277407728136
0.00025641609681770205
0.0002754275337792933
0.0284679364413023
0.0002519115514587611
0.0000447069360234309
0.000055553278798470274
0.002502891467884183
0.001531554269604385
0.0021270965225994587
0.000033721105864970013
0.016087641939520836
0.00002163938552257605
0.0015935392584651709
0.0001807835215004161
0.0033996172714978456
0.013995358720421791
0.00043782329885289073
0.01064737606793642
0.00022373774845618755
0.0022287177853286266
0.0003981613554060459
0.00008519254333805293
0.02354290895164013
0.0027505357284098864
0.002447853097692132
0.0015825757291167974
0.00030436046654358506
0.00012771328329108655
0.002213349100202322
0.03396063297986984
0.000035589135222835466
0.0006431103684008121
0.000006626412414334482
0.00010079762432724237
0.00033934233943000436
0.00008541088027413934
0.0006341595435515046
0.00026889448054134846
0.005767189897596836
0.004546929616481066
0.0011415721382945776
0.0010880142217501998
0.00007757161074550822
0.0002477856760378927
0.005023957695811987
0.0008099724655039608
0.0002860539243556559
0.0007898559560999274
0.00017098986427299678
0.00029323206399567425
0.0073081618174910545
0.001989239826798439
0.0001953373139258474
0.005218944512307644
0.0017408120911568403
0.0009089012746699154
0.0013789426302537322
0.00004193300264887512
0.0005109705380164087
0.00005900045289308764
0.0009320360259152949
0.0008548182086087763
0.002859882079064846
0.00577581487596035
0.026112208142876625
0.003948671277612448
0.0046358415856957436
0.002251595025882125
0.03797387704253197
0.0005062161944806576
0.0005054977955296636
0.0011561284773051739
0.0016019265167415142
0.02584497071802616
0.00031517690513283014
0.0057200356386601925
0.00033069358323700726
0.0008213045075535774
0.01087335404008627
0.014447012916207314
0.0009719918016344309
0.011352434754371643
0.0016436759615316987
0.0003092847764492035
0.018543904647231102
0.004736894275993109
0.0007961365627124906
0.0007691751234233379
0.001627362915314734
0.0015702431555837393
0.004808112513273954
0.0000753030035411939
0.06289790570735931
0.0001673726801527664
0.00040993193397298455
0.00023319845786318183
0.0008274812716990709
0.00011993381485808641
0.0011412529274821281
0.004670536145567894
0.0020316888112574816
0.002272915095090866
0.0009022781159728765
0.00003463500615907833
0.000292061798973009
0.0002994150563608855
0.00014281152107287198
0.001129412674345076
0.00040200623334385455
0.0011136035900563002
0.00016677712847013026
0.00032549616298638284
0.020849427208304405
0.00017183012096211314
0.00009791943739401177
0.003791450522840023
0.0008275658474303782
0.014753696508705616
0.012061256915330887
0.045878972858190536
0.027710244059562683
0.00003556263982318342
0.001087557291612029
0.021111292764544487
0.0010884868679568172
0.00026759717729873955
0.0022073443979024887
0.0027011241763830185
0.009508413262665272
0.009145240299403667
0.06127749755978584
0.000986419152468443
0.0004804019699804485
0.008086679503321648
0.06216603145003319
0.0000896687270142138
0.00030384003184735775
0.008922720327973366
0.015174594707787037
0.0005003676051273942
0.00018700807413551956
0.0010796566493809223
0.018341142684221268
0.0026800036430358887
0.0014541976852342486
0.0002954491355922073
0.0024797357618808746
0.0016267208848148584
0.005231425631791353
0.029078183695673943
0.00028099221526645124
0.0002969682973343879
0.000060855469200760126
0.00004144561171415262
0.0002008798037422821
0.001460145227611065
0.008780620992183685
0.01754819042980671
0.001750361523590982
0.0040418729186058044
0.00021590427786577493
0.0010638792300596833
0.0031487394589930773
0.004656302276998758
0.00021425560407806188
0.0005186571506783366
0.002221557777374983
0.00020141154527664185
0.0004036998434457928
0.0002705712686292827
0.016254808753728867
0.016024012118577957
0.0013068129774183035
0.019063368439674377
0.00008682403858983889
0.00017439552175346762
0.00021502528397832066
0.007780556101351976
0.0033829067833721638
0.033032700419425964
0.0023306601215153933
0.000015803345377207734
0.0023722618352621794
0.0005048796883784235
0.0016045570373535156
0.0002532002981752157
0.00013944986858405173
0.00012624730879906565
0.004460131749510765
0.00015324501146096736
0.012788143940269947
0.0006571803824044764
0.00245971092954278
0.006470880471169949
0.0010903176153078675
0.0008596550906077027
0.004812049679458141
0.0026233599055558443
0.04090704023838043
0.0005309741827659309
0.031305961310863495
0.001561082899570465
0.00012187212996650487
0.0003304140118416399
0.002651357091963291
0.007192549761384726
0.004742790944874287
0.0009976259898394346
0.0006521415198221803
0.006520366761833429
0.000016399639207520522
0.0032585689332336187
0.00264732982032001
0.013483657501637936
0.00003472315802355297
0.0009805813897401094
0.00006694635521853343
0.001969936303794384
0.0005900482065044343
0.005520445294678211
0.010293536819517612
0.00005546243119169958
0.005446217954158783
0.0009675001492723823
0.0023298754822462797
0.0017336359014734626
0.0009621517965570092
0.00003062632822548039
0.00003461753294686787
0.0002619305450934917
0.0013215909712016582
0.00006297804065980017
0.0034257774241268635
0.0007982648676261306
0.0006563726346939802
0.008376400917768478
0.01027243584394455
0.00029863236704841256
0.00017260031017940491
0.007242635358124971
0.004153209738433361
0.0019923648796975613
0.00015003953012637794
0.0009866104228422046
0.0001374976127408445
0.000050782553444150835
0.002218537498265505
0.00007323414320126176
0.0004966365522705019
0.0008726806263439357
0.013845455832779408
0.014039875008165836
0.01786721684038639
0.018752895295619965
0.0005087595782242715
0.001370773185044527
0.00016736649558879435
0.0018542244797572494
0.0183633454144001
0.006965808570384979
0.0008718888275325298
0.028468165546655655
0.012854007072746754
0.004225786775350571
0.00006645466783083975
0.00011235100828344002
0.00028379869763739407
0.0007612459012307227
0.0014902233378961682
0.0016665890580043197
0.00009336164657725021
0.0005566661129705608
0.0041871159337460995
0.0000773507563280873
0.00010959179780911654
0.0011843269458040595
0.0008645796915516257
0.0047579011879861355
0.008308407850563526
0.04618176817893982
0.01727009005844593
0.0001714740792522207
0.003190977731719613
0.00023020696244202554
0.00016937423788476735
0.010885263793170452
0.00006132193084340543
0.0073083252646028996
0.000039302947698161006
0.00019630683527793735
0.0002604193869046867
0.013510292395949364
0.004955333657562733
0.00005019872332923114
0.000042338459024904296
0.00021579323220066726
0.012100683525204659
0.03051113709807396
0.0023272365797311068
0.000012035254258080386
0.006514913868159056
0.00021227556862868369
0.0025992414448410273
0.00004820810499950312
0.0000518071828992106
0.0056862058117985725
0.0006424050079658628
0.014911693520843983
0.03665197640657425
0.00777120515704155
0.025156298652291298
0.006192360073328018
0.00012004460586467758
0.0004916206235066056
0.0006068217335268855
0.020898714661598206
0.007891776971518993
0.0033929194323718548
0.0008281439659185708
0.000648612913209945
0.0010429519461467862
0.006860808935016394
0.00010682331776479259
0.0007859485922381282
0.0011686504585668445
0.000004959642410540255
0.0027626168448477983
0.004700133576989174
0.037674352526664734
0.06069405376911163
0.03128538653254509
0.0014826853293925524
0.001771777169778943
0.00605260394513607
0.014262430369853973
0.0012930668890476227
0.00022791024821344763
0.00010170164750888944
0.012413885444402695
0.0006807379540987313
0.0008851248421706259
0.0005211090901866555
0.000015266696209437214
0.0017981291748583317
0.0010381622705608606
0.032200850546360016
0.0023984576109796762
0.005131836514919996
0.0004257689870428294
0.0016430873656645417
0.003395093372091651
0.0032338593155145645
0.00016921474889386445
0.02085178531706333
0.0020877483766525984
0.022541692480444908
0.00010933441808447242
0.001693330123089254
0.001017131144180894
0.0008702854393050075
0.006945832632482052
0.00028062675846740603
0.004642413929104805
0.0001703896268736571
0.0017883968539536
0.0002540413988754153
0.03813665360212326
0.000024139260858646594
0.0010378455044701695
0.0013907668180763721
0.0002086874592350796
0.0010449490509927273
0.0014406085247173905
0.011163956485688686
0.003467379603534937
0.0007808798109181225
0.007401886861771345
0.004562434274703264
0.00024338654475286603
0.03588848188519478
0.003953572828322649
0.005660749971866608
0.00289178011007607
0.007607999723404646
0.028460359200835228
0.0005257339798845351
0.00004100220394320786
0.000692477507982403
0.00021060633298475295
0.00777240376919508
0.004032630939036608
0.0005522145074792206
0.002387416083365679
0.0009149240795522928
0.002571710152551532
0.0003088415542151779
0.007563489489257336
0.001853038789704442
0.019466115161776543
0.0009833968942984939
0.007534274831414223
0.0020338729955255985
0.0036838685628026724
0.0027689815033227205
0.01407449971884489
0.0019645870197564363
0.00004846169758820906
0.003678862238302827
0.0015825137961655855
0.000858534884173423
0.013973655179142952
0.006970950867980719
0.0008629290387034416
0.0008595596300438046
0.0016705523012205958
0.0001416062586940825
0.0004472163855098188
0.00007371020910795778
0.0010241875424981117
0.0014477258082479239
0.00005503357533598319
0.0005349540151655674
0.0025958032347261906
0.005384712480008602
0.00024339481024071574
0.00024255704192910343
0.0014705018838867545
0.0010891205165535212
0.00032388049294240773
0.0016407114453613758
0.000048144527681870386
0.000028962555006728508
0.0016340549336746335
0.00048467429587617517
0.0029657604172825813
0.001931637991219759
0.0007172110490500927
0.00019328798225615174
0.0034502630587667227
0.0001249381311936304
0.0003122507769148797
0.00009346797014586627
0.037461549043655396
0.017996737733483315
0.000014410305084311403
0.0007350932573899627
0.0024398467503488064
0.000005204316948947962
0.020767096430063248
0.00005604111356660724
0.0541565977036953
0.00020651129307225347
0.00012186616368126124
0.00020630752260331064
0.0001643860014155507
0.0017418037168681622
0.0014629819197580218
0.016755376011133194
0.00044772110413759947
0.0001586916478117928
0.0005000373348593712
0.003807526081800461
0.00008511767373420298
0.0024045868776738644
0.00007818709127604961
0.000042310679418733343
0.0016131845768541098
0.0005632105167023838
0.007026739418506622
0.00015905870532151312
0.0005187304923310876
0.02938920445740223
0.0012836370151489973
0.03095882013440132
0.0018685158574953675
0.00007939518400235102
0.0008414644980803132
0.0014698514714837074
0.013605012558400631
0.0003257431962992996
0.0020755960140377283
0.002997690811753273
0.00032782365451566875
0.0002601014857646078
0.0009078948642127216
0.00044847396202385426
0.005534634925425053
0.0018568395171314478
0.000050548096623970196
0.003717790124937892
0.014921552501618862
0.0005684856441803277
0.00016427556693088263
0.0033752406015992165
0.002503076335415244
0.041010014712810516
0.046432722359895706
0.000029854936656192876
0.00004857735621044412
0.010206842795014381
0.003250867361202836
0.0024392239283770323
0.0000499974048580043
0.005691383965313435
0.010439405217766762
0.0031254952773451805
0.008272598497569561
0.00043879300937987864
0.0048088072799146175
0.00025337666738778353
0.009422153234481812
0.005098056048154831
0.008460873737931252
0.0012686344562098384
0.000315649202093482
0.0003649963182397187
0.0013624036218971014
0.00009412811050424352
0.00023028366558719426
0.0015836646780371666
0.0005572782829403877
0.00046931556425988674
0.0009302545804530382
0.0004176884831395
0.008601473644375801
0.00015095349226612598
0.0186531413346529
0.00014861495583318174
0.000929660105612129
0.0026030298322439194
0.004914101678878069
0.005736137740314007
0.004663355648517609
0.00017914478667080402
0.003761396976187825
0.008570029400289059
0.004296841099858284
0.00029579896363429725
0.00048782097292132676
0.00004877033643424511
0.00943260919302702
0.0008080268744379282
0.00035711738746613264
0.00006222450610948727
0.005461692810058594
0.0028076577000319958
0.0035831842105835676
0.00033288210397586226
0.00001606389196240343
0.0004732741799671203
0.00032974802888929844
0.017853915691375732
0.0020289397798478603
0.00012929773947689682
0.02345379628241062
0.009816019795835018
0.0007541740778833628
0.02207128144800663
0.0001435113517800346
0.01825655624270439
0.02886825054883957
0.000020367069737403654
0.00030579164740629494
0.0005364679964259267
0.03283485397696495
0.012415049597620964
0.008690493181347847
0.028154239058494568
0.0008315909653902054
0.00463324086740613
0.00087926653213799
0.0020277032162994146
0.0003769664035644382
0.0007746070041321218
0.002266378840431571
0.0003635289322119206
0.0035299030132591724
0.00033138698199763894
0.006456306669861078
0.0006447933847084641
0.00241952296346426
0.00007464892405550927
0.01924336515367031
0.00015455596440006047
0.00007423064380418509
0.0034223441034555435
0.00873908307403326
0.00009481485176365823
0.0018096414860337973
0.00003638155976659618
0.0767425075173378
0.00022980858921073377
0.0026176064275205135
0.001994676887989044
0.0008655422716401517
0.00013977743219584227
0.004621617030352354
0.0003259885997977108
0.0006455990369431674
0.000020023207980557345
0.0036964318715035915
0.017709022387862206
0.005927171558141708
0.00903167761862278
0.001809284440241754
0.008188082836568356
0.000738899689167738
0.00017622541054151952
0.011703763157129288
0.009243356063961983
0.0001594979694345966
0.004334884695708752
0.0022370649967342615
0.00005095496089779772
0.0002299026818946004
0.004123121500015259
0.00029802764765918255
0.001175083452835679
0.008179421536624432
0.0005487351445481181
0.005583001766353846
0.005191453266888857
0.000247775373281911
0.004543415270745754
0.0005320031777955592
0.0006095138378441334
0.000002503257519492763
0.03543563932180405
0.001883841585367918
0.022491592913866043
0.0006705120322294533
0.0024186091031879187
0.003649858757853508
0.0011621018638834357
0.00002346182918699924
