0
17.1875
28.125
21.875
20.3125
20.3125
26.5625
18.75
21.875
20.3125
17.1875
10.9375
26.5625
15.625
25
23.4375
20.3125
28.125
23.4375
20.3125
25
14.0625
21.875
34.375
17.1875
26.5625
26.5625
20.3125
15.625
21.875
18.75
18.75
23.4375
20.3125
10.9375
12.5
26.5625
14.0625
20.3125
29.6875
26.5625
20.3125
37.5
23.4375
28.125
31.25
34.375
34.375
39.0625
42.1875
23.4375
25
31.25
50
45.3125
54.6875
39.0625
42.1875
50
53.125
48.4375
53.125
50
59.375
56.25
53.125
48.4375
60.9375
53.125
67.1875
43.75
56.25
39.0625
50
46.875
50
43.75
46.875
62.5
54.6875
45.3125
56.25
51.5625
54.6875
53.125
64.0625
57.8125
40.625
65.625
68.75
40.625
56.25
56.25
53.125
40.625
39.0625
53.125
53.125
57.8125
50
65.625
62.5
71.875
60.9375
57.8125
75
70.3125
78.125
68.75
73.4375
75
67.1875
56.25
68.75
70.3125
68.75
68.75
64.0625
65.625
59.375
67.1875
70.3125
62.5
59.375
71.875
65.625
76.5625
60.9375
59.375
57.8125
62.5
57.8125
65.625
59.375
65.625
64.0625
53.125
67.1875
71.875
67.1875
68.75
71.875
70.3125
60.9375
65.625
68.75
62.5
65.625
78.125
81.25
65.625
73.4375
70.3125
65.625
79.6875
56.25
70.3125
64.0625
75
71.875
70.3125
67.1875
59.375
71.875
78.125
68.75
73.4375
68.75
62.5
62.5
68.75
65.625
62.5
78.125
60.9375
57.8125
62.5
73.4375
65.625
68.75
68.75
71.875
54.6875
71.875
68.75
78.125
67.1875
76.5625
70.3125
70.3125
67.1875
57.8125
71.875
60.9375
70.3125
65.625
68.75
64.0625
68.75
73.4375
75
70.3125
65.625
70.3125
75
78.125
79.6875
81.25
70.3125
78.125
71.875
78.125
78.125
75
76.5625
70.3125
76.5625
71.875
70.3125
84.375
78.125
71.875
73.4375
78.125
76.5625
78.125
78.125
73.4375
73.4375
73.4375
70.3125
53.125
73.4375
76.5625
81.25
75
75
73.4375
64.0625
78.125
71.875
76.5625
89.0625
84.375
76.5625
84.375
79.6875
78.125
84.375
84.375
71.875
76.5625
82.8125
79.6875
71.875
70.3125
82.8125
68.75
81.25
70.3125
79.6875
82.8125
81.25
82.8125
78.125
81.25
79.6875
75
70.3125
73.4375
84.375
71.875
81.25
70.3125
71.875
79.6875
89.0625
84.375
84.375
71.875
85.9375
68.75
84.375
81.25
87.5
85.9375
76.5625
70.3125
71.875
65.625
79.6875
81.25
71.875
78.125
81.25
79.6875
79.6875
89.0625
85.9375
82.8125
78.125
78.125
76.5625
76.5625
75
76.5625
71.875
73.4375
76.5625
76.5625
87.5
85.9375
87.5
76.5625
84.375
81.25
71.875
78.125
78.125
79.6875
75
82.8125
79.6875
82.8125
70.3125
78.125
75
82.8125
70.3125
73.4375
79.6875
78.125
78.125
81.25
73.4375
75
84.375
87.5
82.8125
70.3125
68.75
84.375
73.4375
76.5625
78.125
84.375
78.125
78.125
79.6875
78.125
76.5625
78.125
76.5625
62.5
78.125
78.125
85.9375
67.1875
70.3125
76.5625
81.25
82.8125
82.8125
79.6875
81.25
71.875
78.125
89.0625
84.375
75
76.5625
84.375
71.875
71.875
73.4375
75
85.9375
82.8125
89.0625
68.75
78.125
84.375
79.6875
89.0625
76.5625
79.6875
89.0625
82.8125
73.4375
85.9375
85.9375
84.375
84.375
73.4375
85.9375
79.6875
81.25
75
85.9375
84.375
87.5
81.25
78.125
84.375
82.8125
71.875
79.6875
75
90.625
79.6875
79.6875
75
79.6875
82.8125
82.8125
70.3125
78.125
89.0625
87.5
87.5
81.25
85.9375
71.875
85.9375
82.8125
76.5625
89.0625
85.9375
92.1875
79.6875
84.375
78.125
81.25
76.5625
73.4375
70.3125
76.5625
71.875
76.5625
76.5625
85.9375
73.4375
82.8125
81.25
87.5
87.5
81.25
87.5
79.6875
81.25
76.5625
84.375
82.8125
81.25
93.75
84.375
89.0625
84.375
84.375
87.5
89.0625
81.25
85.9375
87.5
81.25
81.25
84.375
85.9375
79.6875
81.25
79.6875
85.9375
81.25
85.9375
85.9375
92.1875
92.1875
78.125
84.375
78.125
84.375
79.6875
84.375
82.8125
85.9375
82.8125
82.8125
81.25
82.8125
89.0625
87.5
79.6875
87.5
85.9375
79.6875
89.0625
78.125
85.9375
89.0625
89.0625
81.25
84.375
79.6875
87.5
92.1875
87.5
85.9375
89.0625
84.375
84.375
79.6875
70.3125
79.6875
85.9375
90.625
85.9375
81.25
92.1875
85.9375
81.25
84.375
82.8125
79.6875
84.375
85.9375
82.8125
75
82.8125
78.125
81.25
89.0625
81.25
85.9375
76.5625
87.5
79.6875
87.5
82.8125
79.6875
79.6875
81.25
96.875
70.3125
82.8125
81.25
85.9375
81.25
89.0625
84.375
89.0625
89.0625
81.25
76.5625
79.6875
87.5
90.625
81.25
85.9375
78.125
84.375
84.375
73.4375
78.125
82.8125
84.375
87.5
87.5
90.625
81.25
82.8125
84.375
85.9375
87.5
87.5
89.0625
76.5625
87.5
85.9375
85.9375
87.5
90.625
87.5
85.9375
82.8125
76.5625
82.8125
90.625
71.875
92.1875
87.5
95.3125
84.375
84.375
85.9375
90.625
81.25
87.5
79.6875
78.125
82.8125
85.9375
84.375
84.375
84.375
81.25
84.375
81.25
92.1875
82.8125
87.5
87.5
85.9375
87.5
79.6875
89.0625
79.6875
81.25
78.125
78.125
75
89.0625
79.6875
85.9375
84.375
90.625
76.5625
87.5
87.5
82.8125
78.125
87.5
78.125
78.125
84.375
79.6875
81.25
82.8125
85.9375
90.625
84.375
87.5
76.5625
89.0625
87.5
82.8125
84.375
76.5625
87.5
78.125
81.25
84.375
71.875
87.5
85.9375
76.5625
90.625
87.5
84.375
89.0625
79.6875
82.8125
89.0625
81.25
87.5
85.9375
85.9375
84.375
95.3125
82.8125
84.375
82.8125
78.125
87.5
89.0625
79.6875
82.8125
79.6875
90.625
90.625
82.8125
79.6875
85.9375
78.125
87.5
90.625
81.25
90.625
82.8125
82.8125
90.625
84.375
95.3125
82.8125
85.9375
87.5
87.5
87.5
84.375
81.25
87.5
90.625
93.75
81.25
89.0625
87.5
87.5
79.6875
85.9375
85.9375
84.375
78.125
84.375
90.625
84.375
89.0625
79.6875
87.5
95.3125
85.9375
92.1875
85.9375
93.75
84.375
95.3125
85.9375
89.0625
84.375
89.0625
78.125
84.375
87.5
82.8125
84.375
82.8125
78.125
90.625
82.8125
82.8125
89.0625
87.5
90.625
84.375
85.9375
78.125
79.6875
84.375
90.625
85.9375
82.8125
82.8125
84.375
85.9375
89.0625
81.25
85.9375
78.125
87.5
89.0625
87.5
84.375
82.8125
96.875
89.0625
79.6875
79.6875
85.9375
87.5
85.9375
78.125
89.0625
89.0625
89.0625
92.1875
89.0625
84.375
93.75
84.375
90.625
92.1875
85.9375
90.625
87.5
84.375
87.5
90.625
93.75
81.25
78.125
95.3125
84.375
84.375
85.9375
90.625
90.625
95.3125
89.0625
82.8125
87.5
87.5
85.9375
92.1875
85.9375
75
89.0625
89.0625
92.1875
82.8125
78.125
85.9375
89.0625
90.625
81.25
82.8125
84.375
87.5
87.5
79.6875
90.625
89.0625
85.9375
85.9375
87.5
87.5
92.1875
79.6875
85.9375
89.0625
85.9375
92.1875
85.9375
82.8125
90.625
85.9375
90.625
84.375
85.9375
84.375
82.8125
81.25
78.125
85.9375
81.25
76.5625
79.6875
89.0625
82.8125
87.5
84.375
93.75
81.25
90.625
89.0625
92.1875
90.625
90.625
89.0625
90.625
85.9375
84.375
89.0625
78.125
85.9375
87.5
89.0625
87.5
93.75
87.5
84.375
84.375
90.625
76.5625
93.75
84.375
85.9375
95.3125
92.1875
82.8125
87.5
90.625
84.375
90.625
82.8125
78.125
82.8125
90.625
85.9375
87.5
85.9375
85.9375
89.0625
90.625
81.25
93.75
92.1875
87.5
85.9375
92.1875
81.25
85.9375
82.8125
82.8125
81.25
79.6875
87.5
81.25
87.5
82.8125
87.5
87.5
82.8125
84.375
82.8125
90.625
85.9375
82.8125
87.5
81.25
84.375
85.9375
92.1875
93.75
85.9375
85.9375
93.75
82.8125
92.1875
85.9375
84.375
93.75
92.1875
84.375
84.375
89.0625
87.5
85.9375
85.9375
89.0625
82.8125
84.375
84.375
96.875
87.5
89.0625
85.9375
79.6875
90.625
89.0625
82.8125
90.625
89.0625
82.8125
95.3125
89.0625
92.1875
85.9375
87.5
93.75
85.9375
78.125
85.9375
92.1875
90.625
85.9375
93.75
84.375
92.1875
90.625
89.0625
85.9375
84.375
92.1875
81.25
81.25
85.9375
92.1875
81.25
89.0625
87.5
84.375
85.9375
89.0625
81.25
84.375
87.5
89.0625
85.9375
90.625
90.625
92.1875
84.375
87.5
90.625
85.9375
84.375
93.75
92.1875
78.125
87.5
89.0625
92.1875
84.375
87.5
89.0625
79.6875
81.25
85.9375
85.9375
90.625
79.6875
92.1875
84.375
84.375
89.0625
89.0625
96.875
92.1875
93.75
93.75
93.75
96.875
87.5
90.625
90.625
90.625
85.9375
92.1875
85.9375
92.1875
87.5
90.625
92.1875
82.8125
89.0625
87.5
82.8125
82.8125
85.9375
81.25
81.25
85.9375
92.1875
93.75
84.375
92.1875
87.5
90.625
84.375
90.625
93.75
84.375
81.25
87.5
87.5
81.25
84.375
92.1875
81.25
85.9375
90.625
90.625
84.375
85.9375
95.3125
82.8125
92.1875
93.75
85.9375
84.375
85.9375
90.625
90.625
90.625
87.5
90.625
85.9375
90.625
90.625
84.375
85.9375
93.75
84.375
89.0625
90.625
85.9375
92.1875
85.9375
84.375
92.1875
90.625
89.0625
89.0625
89.0625
82.8125
95.3125
90.625
90.625
89.0625
78.125
90.625
84.375
92.1875
85.9375
82.8125
87.5
85.9375
82.8125
95.3125
89.0625
81.25
89.0625
75
84.375
90.625
87.5
87.5
87.5
87.5
95.3125
92.1875
76.5625
92.1875
90.625
84.375
95.3125
85.9375
79.6875
89.0625
82.8125
92.1875
85.9375
87.5
84.375
84.375
95.3125
93.75
81.25
92.1875
89.0625
73.4375
90.625
95.3125
89.0625
81.25
93.75
87.5
92.1875
87.5
92.1875
93.75
90.625
85.9375
85.9375
93.75
93.75
90.625
85.9375
87.5
87.5
89.0625
89.0625
90.625
84.375
89.0625
90.625
87.5
82.8125
89.0625
90.625
90.625
93.75
96.875
87.5
87.5
90.625
90.625
87.5
87.5
87.5
92.1875
85.9375
84.375
93.75
87.5
93.75
89.0625
92.1875
89.0625
90.625
95.3125
89.0625
92.1875
93.75
82.8125
78.125
85.9375
82.8125
90.625
85.9375
82.8125
87.5
90.625
89.0625
92.1875
93.75
87.5
85.9375
90.625
92.1875
85.9375
92.1875
89.0625
89.0625
81.25
95.3125
95.3125
89.0625
89.0625
92.1875
90.625
84.375
95.3125
90.625
90.625
93.75
85.9375
84.375
89.0625
93.75
90.625
90.625
90.625
90.625
85.9375
87.5
85.9375
81.25
89.0625
90.625
89.0625
92.1875
89.0625
85.9375
92.1875
84.375
89.0625
93.75
84.375
90.625
98.4375
90.625
79.6875
90.625
96.875
81.25
89.0625
87.5
92.1875
92.1875
82.8125
87.5
90.625
90.625
82.8125
85.9375
84.375
89.0625
92.1875
89.0625
95.3125
89.0625
93.75
85.9375
93.75
87.5
85.9375
87.5
87.5
89.0625
89.0625
92.1875
92.1875
96.875
92.1875
90.625
90.625
92.1875
85.9375
87.5
93.75
92.1875
89.0625
92.1875
90.625
87.5
89.0625
93.75
85.9375
82.8125
89.0625
87.5
96.875
92.1875
89.0625
95.3125
90.625
87.5
85.9375
93.75
96.875
85.9375
89.0625
90.625
90.625
92.1875
87.5
85.9375
90.625
93.75
92.1875
89.0625
87.5
90.625
90.625
87.5
89.0625
95.3125
82.8125
85.9375
90.625
90.625
84.375
95.3125
85.9375
93.75
92.1875
90.625
90.625
87.5
89.0625
82.8125
98.4375
85.9375
89.0625
82.8125
84.375
90.625
89.0625
92.1875
92.1875
84.375
84.375
87.5
89.0625
90.625
89.0625
93.75
89.0625
84.375
89.0625
89.0625
89.0625
93.75
85.9375
89.0625
82.8125
82.8125
87.5
84.375
93.75
87.5
90.625
87.5
93.75
85.9375
82.8125
89.0625
93.75
89.0625
92.1875
92.1875
90.625
93.75
85.9375
92.1875
90.625
90.625
93.75
93.75
87.5
81.25
92.1875
85.9375
90.625
87.5
84.375
84.375
93.75
87.5
90.625
89.0625
90.625
92.1875
93.75
92.1875
85.9375
89.0625
89.0625
84.375
87.5
90.625
93.75
87.5
90.625
89.0625
92.1875
90.625
87.5
82.8125
89.0625
93.75
90.625
89.0625
89.0625
89.0625
93.75
85.9375
90.625
81.25
90.625
92.1875
90.625
85.9375
93.75
90.625
84.375
92.1875
92.1875
89.0625
82.8125
87.5
95.3125
87.5
87.5
90.625
90.625
87.5
89.0625
89.0625
92.1875
82.8125
90.625
87.5
95.3125
92.1875
90.625
84.375
87.5
93.75
85.9375
84.375
87.5
87.5
96.875
89.0625
96.875
92.1875
95.3125
89.0625
92.1875
89.0625
93.75
93.75
84.375
92.1875
95.3125
93.75
85.9375
90.625
81.25
90.625
85.9375
87.5
93.75
87.5
92.1875
90.625
89.0625
90.625
92.1875
89.0625
89.0625
87.5
92.1875
93.75
89.0625
85.9375
90.625
89.0625
93.75
89.0625
89.0625
92.1875
95.3125
85.9375
90.625
89.0625
95.3125
89.0625
93.75
90.625
90.625
87.5
95.3125
90.625
93.75
90.625
90.625
87.5
93.75
93.75
90.625
92.1875
92.1875
90.625
93.75
92.1875
93.75
98.4375
90.625
84.375
90.625
87.5
96.875
95.3125
84.375
89.0625
89.0625
89.0625
89.0625
89.0625
92.1875
93.75
92.1875
92.1875
87.5
87.5
82.8125
89.0625
90.625
84.375
92.1875
84.375
95.3125
89.0625
87.5
95.3125
84.375
93.75
92.1875
85.9375
92.1875
81.25
89.0625
85.9375
87.5
85.9375
90.625
90.625
90.625
90.625
89.0625
90.625
87.5
89.0625
95.3125
90.625
87.5
90.625
89.0625
90.625
90.625
92.1875
95.3125
81.25
93.75
85.9375
93.75
87.5
95.3125
90.625
93.75
92.1875
89.0625
90.625
93.75
96.875
96.875
87.5
92.1875
89.0625
89.0625
92.1875
92.1875
92.1875
82.8125
82.8125
89.0625
89.0625
90.625
92.1875
92.1875
89.0625
92.1875
90.625
90.625
90.625
92.1875
82.8125
93.75
90.625
89.0625
96.875
87.5
85.9375
98.4375
92.1875
92.1875
92.1875
95.3125
93.75
89.0625
90.625
93.75
90.625
95.3125
93.75
84.375
82.8125
89.0625
95.3125
87.5
93.75
85.9375
89.0625
93.75
92.1875
93.75
81.25
89.0625
92.1875
93.75
87.5
92.1875
89.0625
93.75
92.1875
96.875
90.625
89.0625
93.75
87.5
93.75
82.8125
90.625
87.5
89.0625
93.75
93.75
90.625
89.0625
87.5
92.1875
87.5
92.1875
90.625
95.3125
87.5
84.375
82.8125
92.1875
92.1875
93.75
95.3125
92.1875
84.375
92.1875
96.875
95.3125
87.5
84.375
96.875
93.75
93.75
95.3125
93.75
92.1875
93.75
93.75
87.5
93.75
95.3125
89.0625
89.0625
87.5
95.3125
92.1875
93.75
93.75
92.1875
84.375
87.5
90.625
92.1875
79.6875
89.0625
87.5
87.5
89.0625
92.1875
90.625
89.0625
96.875
90.625
95.3125
92.1875
95.3125
90.625
98.4375
92.1875
96.875
90.625
92.1875
87.5
87.5
87.5
95.3125
90.625
89.0625
92.1875
87.5
92.1875
90.625
85.9375
90.625
85.9375
93.75
85.9375
92.1875
85.9375
87.5
93.75
89.0625
89.0625
87.5
82.8125
93.75
87.5
85.9375
90.625
89.0625
90.625
87.5
90.625
85.9375
87.5
89.0625
92.1875
92.1875
89.0625
81.25
90.625
89.0625
89.0625
92.1875
85.9375
92.1875
89.0625
96.875
92.1875
85.9375
92.1875
96.875
92.1875
87.5
85.9375
90.625
85.9375
92.1875
89.0625
87.5
92.1875
92.1875
90.625
90.625
92.1875
92.1875
95.3125
90.625
93.75
93.75
90.625
92.1875
93.75
85.9375
93.75
90.625
90.625
82.8125
85.9375
81.25
96.875
96.875
87.5
87.5
89.0625
92.1875
90.625
96.875
87.5
95.3125
89.0625
93.75
93.75
89.0625
93.75
90.625
92.1875
89.0625
81.25
90.625
93.75
92.1875
93.75
89.0625
93.75
90.625
85.9375
92.1875
90.625
85.9375
85.9375
95.3125
87.5
90.625
89.0625
89.0625
90.625
93.75
92.1875
96.875
93.75
90.625
87.5
90.625
93.75
93.75
89.0625
95.3125
92.1875
93.75
95.3125
90.625
96.875
85.9375
89.0625
95.3125
84.375
89.0625
87.5
92.1875
92.1875
92.1875
87.5
93.75
93.75
92.1875
90.625
92.1875
93.75
93.75
92.1875
85.9375
89.0625
84.375
92.1875
90.625
93.75
92.1875
98.4375
95.3125
87.5
84.375
87.5
89.0625
92.1875
95.3125
93.75
93.75
89.0625
87.5
95.3125
90.625
84.375
93.75
89.0625
98.4375
89.0625
95.3125
90.625
89.0625
95.3125
89.0625
92.1875
93.75
95.3125
92.1875
90.625
93.75
93.75
95.3125
89.0625
85.9375
93.75
92.1875
93.75
93.75
89.0625
95.3125
87.5
90.625
89.0625
90.625
87.5
95.3125
90.625
96.875
92.1875
93.75
90.625
96.875
79.6875
90.625
93.75
84.375
90.625
89.0625
95.3125
96.875
85.9375
90.625
89.0625
89.0625
89.0625
93.75
92.1875
93.75
89.0625
93.75
82.8125
89.0625
92.1875
87.5
90.625
89.0625
89.0625
95.3125
95.3125
82.8125
87.5
89.0625
84.375
87.5
85.9375
93.75
85.9375
89.0625
93.75
90.625
90.625
89.0625
92.1875
95.3125
90.625
92.1875
90.625
93.75
87.5
85.9375
89.0625
90.625
96.875
90.625
90.625
92.1875
92.1875
93.75
93.75
95.3125
93.75
93.75
92.1875
84.375
92.1875
93.75
93.75
87.5
93.75
92.1875
87.5
90.625
87.5
93.75
93.75
92.1875
85.9375
89.0625
92.1875
90.625
90.625
93.75
95.3125
92.1875
89.0625
93.75
89.0625
93.75
90.625
96.875
93.75
85.9375
92.1875
93.75
85.9375
92.1875
85.9375
90.625
95.3125
90.625
92.1875
87.5
90.625
84.375
87.5
92.1875
90.625
90.625
90.625
85.9375
92.1875
95.3125
90.625
85.9375
92.1875
84.375
92.1875
85.9375
95.3125
92.1875
96.875
84.375
89.0625
90.625
90.625
84.375
92.1875
90.625
89.0625
93.75
96.875
93.75
92.1875
95.3125
89.0625
90.625
93.75
95.3125
90.625
93.75
89.0625
89.0625
89.0625
89.0625
92.1875
93.75
87.5
87.5
89.0625
87.5
95.3125
90.625
96.875
95.3125
92.1875
96.875
90.625
89.0625
95.3125
87.5
95.3125
93.75
90.625
96.875
90.625
87.5
89.0625
96.875
81.25
84.375
93.75
95.3125
93.75
90.625
89.0625
93.75
92.1875
96.875
92.1875
89.0625
89.0625
85.9375
89.0625
89.0625
92.1875
92.1875
92.1875
87.5
90.625
89.0625
78.125
93.75
87.5
95.3125
92.1875
90.625
92.1875
89.0625
89.0625
85.9375
92.1875
90.625
92.1875
96.875
95.3125
92.1875
81.25
90.625
93.75
95.3125
89.0625
84.375
87.5
78.125
93.75
89.0625
89.0625
84.375
89.0625
90.625
85.9375
93.75
93.75
85.9375
87.5
85.9375
90.625
89.0625
95.3125
89.0625
93.75
92.1875
92.1875
95.3125
89.0625
90.625
89.0625
90.625
90.625
96.875
93.75
82.8125
93.75
92.1875
85.9375
84.375
92.1875
84.375
95.3125
95.3125
95.3125
93.75
95.3125
95.3125
87.5
87.5
92.1875
92.1875
90.625
93.75
95.3125
95.3125
89.0625
92.1875
93.75
90.625
95.3125
96.875
89.0625
84.375
92.1875
90.625
93.75
89.0625
95.3125
92.1875
89.0625
89.0625
92.1875
87.5
90.625
89.0625
87.5
89.0625
92.1875
89.0625
95.3125
93.75
93.75
85.9375
87.5
85.9375
90.625
90.625
95.3125
92.1875
89.0625
95.3125
87.5
84.375
90.625
87.5
87.5
85.9375
87.5
87.5
92.1875
90.625
98.4375
93.75
95.3125
93.75
92.1875
92.1875
89.0625
92.1875
90.625
92.1875
92.1875
90.625
93.75
82.8125
93.75
93.75
87.5
95.3125
92.1875
93.75
82.8125
89.0625
95.3125
90.625
92.1875
90.625
85.9375
92.1875
89.0625
95.3125
81.25
93.75
92.1875
90.625
93.75
90.625
85.9375
87.5
95.3125
92.1875
87.5
87.5
90.625
89.0625
90.625
92.1875
92.1875
90.625
93.75
92.1875
92.1875
89.0625
90.625
89.0625
93.75
95.3125
93.75
90.625
93.75
90.625
96.875
87.5
93.75
92.1875
93.75
92.1875
93.75
85.9375
92.1875
92.1875
93.75
84.375
93.75
92.1875
95.3125
87.5
87.5
90.625
90.625
85.9375
87.5
90.625
93.75
95.3125
92.1875
89.0625
92.1875
92.1875
96.875
95.3125
92.1875
95.3125
89.0625
96.875
89.0625
90.625
89.0625
96.875
92.1875
93.75
93.75
95.3125
87.5
89.0625
89.0625
89.0625
93.75
87.5
93.75
89.0625
93.75
93.75
93.75
82.8125
85.9375
93.75
95.3125
98.4375
89.0625
98.4375
93.75
90.625
89.0625
92.1875
87.5
92.1875
87.5
84.375
90.625
85.9375
89.0625
93.75
95.3125
89.0625
93.75
92.1875
92.1875
92.1875
92.1875
90.625
96.875
93.75
95.3125
90.625
95.3125
89.0625
92.1875
90.625
89.0625
89.0625
92.1875
90.625
89.0625
93.75
95.3125
90.625
85.9375
93.75
89.0625
87.5
96.875
95.3125
90.625
93.75
87.5
92.1875
95.3125
95.3125
85.9375
87.5
92.1875
95.3125
89.0625
90.625
89.0625
89.0625
90.625
93.75
95.3125
85.9375
82.8125
90.625
93.75
89.0625
95.3125
90.625
93.75
90.625
90.625
90.625
93.75
92.1875
85.9375
95.3125
89.0625
89.0625
89.0625
87.5
89.0625
93.75
93.75
92.1875
95.3125
96.875
92.1875
84.375
89.0625
96.875
90.625
90.625
92.1875
96.875
92.1875
92.1875
93.75
90.625
81.25
89.0625
92.1875
90.625
93.75
89.0625
90.625
95.3125
84.375
92.1875
90.625
92.1875
90.625
87.5
92.1875
92.1875
92.1875
93.75
89.0625
98.4375
95.3125
96.875
90.625
89.0625
90.625
92.1875
85.9375
89.0625
92.1875
87.5
85.9375
92.1875
89.0625
95.3125
92.1875
89.0625
87.5
90.625
90.625
93.75
95.3125
84.375
96.875
87.5
89.0625
85.9375
93.75
95.3125
92.1875
93.75
85.9375
90.625
90.625
85.9375
93.75
90.625
95.3125
93.75
90.625
90.625
81.25
93.75
85.9375
89.0625
82.8125
96.875
95.3125
85.9375
92.1875
84.375
87.5
87.5
100
85.9375
89.0625
95.3125
87.5
93.75
90.625
90.625
96.875
92.1875
90.625
87.5
92.1875
93.75
95.3125
93.75
90.625
85.9375
92.1875
95.3125
87.5
92.1875
95.3125
93.75
92.1875
90.625
87.5
96.875
92.1875
93.75
93.75
89.0625
92.1875
84.375
93.75
89.0625
93.75
90.625
89.0625
95.3125
95.3125
89.0625
87.5
93.75
92.1875
93.75
87.5
96.875
95.3125
95.3125
90.625
87.5
81.25
85.9375
96.875
90.625
90.625
92.1875
87.5
95.3125
92.1875
93.75
93.75
87.5
87.5
93.75
87.5
87.5
87.5
87.5
87.5
95.3125
87.5
92.1875
90.625
95.3125
87.5
92.1875
93.75
89.0625
89.0625
93.75
92.1875
95.3125
89.0625
93.75
93.75
87.5
93.75
94.87179487179486
92.3076923076923
85.9375
92.1875
89.0625
89.0625
93.75
87.5
87.5
87.17948717948718
87.5
93.75
92.3076923076923
