2.384570837020874
2.273306131362915
2.2187256813049316
2.2342326641082764
2.157027244567871
2.1574885845184326
2.1317293643951416
2.0749499797821045
2.084904909133911
2.0647788047790527
1.952449917793274
2.023953914642334
1.8464813232421875
1.9377586841583252
1.8897078037261963
1.8276515007019043
1.8163596391677856
1.8330589532852173
1.721863865852356
1.7915740013122559
1.7364404201507568
1.7316261529922485
1.6186845302581787
1.7083982229232788
1.6305570602416992
1.5369218587875366
1.5644334554672241
1.3905410766601563
1.5293591022491455
1.5803072452545166
1.628782033920288
1.4772180318832397
1.3953931331634521
1.3876192569732666
1.4200574159622192
1.3582240343093872
1.325111985206604
1.3285892009735107
1.1743944883346558
1.2936480045318604
1.3731486797332764
1.1960614919662476
1.2675522565841675
1.2959734201431274
1.2715436220169067
1.1810171604156494
1.1763877868652344
1.0776630640029907
1.117814540863037
1.1398284435272217
1.0522657632827759
0.9623126983642578
1.1929765939712524
1.155134916305542
0.9717254042625427
1.0441211462020874
1.0075792074203491
0.9892832636833191
0.8460754752159119
0.9602010846138
0.9625676274299622
1.1049833297729492
0.9161443114280701
0.9137494564056396
0.9196789264678955
1.0919276475906372
0.9327023029327393
0.9730053544044495
0.8895415663719177
0.9892043471336365
0.7743584513664246
0.7115193605422974
0.8733908534049988
0.8481964468955994
0.9125257730484009
0.6597161293029785
0.7128536701202393
0.868125319480896
0.8216560482978821
0.7433469891548157
0.7460620999336243
0.7764204144477844
0.776544451713562
0.7196659445762634
0.666578471660614
0.6639889478683472
0.795237123966217
0.5705652832984924
0.6114110946655273
0.6876204013824463
0.7228255271911621
0.7123571038246155
0.7386436462402344
0.6876240968704224
0.7053169012069702
0.7417311668395996
0.6294662952423096
0.6187155842781067
0.6845129132270813
0.5299322605133057
0.6662148237228394
0.6960803866386414
0.7965588569641113
0.5688124895095825
0.6330357193946838
0.5742707252502441
0.5922818779945374
0.6314708590507507
0.5643579959869385
0.42631956934928894
0.6150994896888733
0.6325072646141052
0.7054741382598877
0.6609064936637878
0.6921473741531372
0.5567572712898254
0.5245475769042969
0.5488930940628052
0.6812297105789185
0.6452201008796692
0.5112274289131165
0.6907049417495728
0.5618224740028381
0.5634063482284546
0.6090311408042908
0.5338900685310364
0.49369731545448303
0.6066519021987915
0.6011719703674316
0.5572525858879089
0.5484164357185364
0.5590418577194214
0.5393207669258118
0.4544760584831238
0.577588677406311
0.5571409463882446
0.5928889513015747
0.5556114315986633
0.43933072686195374
0.7296729683876038
0.4389612078666687
0.6078271269798279
0.6253262758255005
0.5350745916366577
0.5809473395347595
0.5222307443618774
0.3626050055027008
0.548080563545227
0.4763285517692566
0.49478965997695923
0.554569661617279
0.6600741744041443
0.49321267008781433
0.630900502204895
0.599012017250061
0.5306679010391235
0.5362132787704468
0.48871690034866333
0.6094301342964172
0.4769345819950104
0.5671492218971252
0.5725805163383484
0.6331261396408081
0.4585576057434082
0.49493923783302307
0.39434969425201416
0.44635412096977234
0.7243956923484802
0.4362019896507263
0.6566455364227295
0.5845235586166382
0.49568960070610046
0.4775359034538269
0.4495508670806885
0.5369096398353577
0.39088669419288635
0.5076354742050171
0.5079244375228882
0.6543667316436768
0.437791645526886
0.3901728093624115
0.3783023953437805
0.545525074005127
0.33107078075408936
0.3803904950618744
0.6680225133895874
0.6182771921157837
0.5375573635101318
0.2898780107498169
0.4784371852874756
0.28862375020980835
0.6226375102996826
0.384436696767807
0.3901098668575287
0.39831870794296265
0.5071403384208679
0.4096759259700775
0.42261770367622375
0.4055405855178833
0.49757736921310425
0.3758195638656616
0.36334869265556335
0.4284431040287018
0.4113723039627075
0.29146015644073486
0.3359529972076416
0.40548792481422424
0.4329572916030884
0.4872685372829437
0.46277129650115967
0.3159543573856354
0.36599504947662354
0.40960296988487244
0.35548660159111023
0.4853147566318512
0.5257642269134521
0.4664890170097351
0.5001103281974792
0.45435696840286255
0.4651632606983185
0.2911636233329773
0.2805558145046234
0.41895443201065063
0.33302927017211914
0.49107033014297485
0.42974045872688293
0.34776273369789124
0.3535073697566986
0.31737661361694336
0.4227040708065033
0.3385810852050781
0.29884073138237
0.25323477387428284
0.29810452461242676
0.4996925890445709
0.3650127351284027
0.5558187365531921
0.38373005390167236
0.4720766544342041
0.3402283489704132
0.381664901971817
0.3440364897251129
0.27673089504241943
0.3305850923061371
0.44078609347343445
0.3300051689147949
0.47941872477531433
0.37043145298957825
0.3655781149864197
0.4415527582168579
0.37078872323036194
0.25927484035491943
0.29923322796821594
0.42393985390663147
0.4032171368598938
0.3027315139770508
0.4126693904399872
0.3380146324634552
0.4658468961715698
0.3974960446357727
0.26487550139427185
0.41454482078552246
0.2928861975669861
0.3980792462825775
0.41853204369544983
0.27054348587989807
0.4463177025318146
0.5210316181182861
0.35042452812194824
0.535408079624176
0.2759629786014557
0.3454177975654602
0.30615711212158203
0.3911445438861847
0.29593685269355774
0.47097980976104736
0.4750385582447052
0.389803022146225
0.29990294575691223
0.4693109691143036
0.4246055781841278
0.3714326322078705
0.2694258391857147
0.28435930609703064
0.34907692670822144
0.3347475826740265
0.36858272552490234
0.45056039094924927
0.25607436895370483
0.40590858459472656
0.4470188021659851
0.4096814692020416
0.4335026741027832
0.3525526821613312
0.36893677711486816
0.3326171040534973
0.4270281195640564
0.3670240342617035
0.3927898705005646
0.3571760952472687
0.31753405928611755
0.4649140536785126
0.2590937912464142
0.32244810461997986
0.5340125560760498
0.38194480538368225
0.327741414308548
0.3362213373184204
0.2562522888183594
0.31992989778518677
0.3655162751674652
0.42343783378601074
0.6626704931259155
0.2886958122253418
0.3793783485889435
0.4060238003730774
0.4034857153892517
0.36512866616249084
0.41351622343063354
0.25485917925834656
0.2347032129764557
0.26104429364204407
0.46208256483078003
0.40078940987586975
0.25510841608047485
0.3462139666080475
0.3925391137599945
0.4401375651359558
0.2563743591308594
0.3602733612060547
0.4582025110721588
0.2836070954799652
0.35174211859703064
0.3363271653652191
0.4594317674636841
0.29948681592941284
0.3554828464984894
0.3864399492740631
0.4143264591693878
0.29124224185943604
0.5211642384529114
0.5090606212615967
0.34339550137519836
0.5393425226211548
0.2766818702220917
0.18576447665691376
0.3412133753299713
0.33260923624038696
0.19015732407569885
0.3773495852947235
0.17891380190849304
0.34384310245513916
0.2796366512775421
0.391886442899704
0.22042760252952576
0.24822457134723663
0.20867639780044556
0.25863587856292725
0.3278786242008209
0.3508511185646057
0.3474026918411255
0.34753698110580444
0.2937152087688446
0.30306142568588257
0.5019662976264954
0.32117101550102234
0.28278836607933044
0.4094066321849823
0.403471440076828
0.3176009953022003
0.2538931667804718
0.3124476969242096
0.39365559816360474
0.28063154220581055
0.34637707471847534
0.29515743255615234
0.17735275626182556
0.3552192151546478
0.28302001953125
0.35896536707878113
0.3405304551124573
0.34933945536613464
0.37262967228889465
0.30793485045433044
0.43694621324539185
0.3421535789966583
0.3290826380252838
0.4396713674068451
0.3988834023475647
0.4859626889228821
0.2587374150753021
0.312815397977829
0.2998523712158203
0.1899644136428833
0.39901459217071533
0.39617133140563965
0.5324204564094543
0.4091781973838806
0.3100225329399109
0.35038504004478455
0.1665755659341812
0.4999619424343109
0.41414350271224976
0.2727367579936981
0.4934375584125519
0.3411853015422821
0.2568430006504059
0.20946305990219116
0.46925219893455505
0.33701276779174805
0.3981861174106598
0.47817325592041016
0.2743590772151947
0.2838060259819031
0.6670864224433899
0.20965169370174408
0.2910791337490082
0.29533588886260986
0.3152582347393036
0.2652679979801178
0.294391006231308
0.553786039352417
0.2115912139415741
0.36238187551498413
0.2607713043689728
0.35566073656082153
0.23220841586589813
0.22596558928489685
0.2887613773345947
0.20192407071590424
0.3500889241695404
0.37710118293762207
0.35945770144462585
0.4301690459251404
0.4620587229728699
0.3713274598121643
0.3755137026309967
0.39384546875953674
0.35252657532691956
0.26269611716270447
0.35745444893836975
0.3317558467388153
0.1908942610025406
0.25995907187461853
0.34861865639686584
0.23607401549816132
0.34338006377220154
0.19489257037639618
0.4875752627849579
0.3558531105518341
0.4904654920101166
0.46092069149017334
0.41311976313591003
0.3255969285964966
0.38831034302711487
0.38367632031440735
0.36621129512786865
0.2648651897907257
0.26006144285202026
0.2152295708656311
0.2596737742424011
0.21050575375556946
0.3838315010070801
0.5415869355201721
0.4896381199359894
0.24916046857833862
0.3198767304420471
0.3199394941329956
0.2674638032913208
0.1683313101530075
0.5686155557632446
0.24546056985855103
0.42095425724983215
0.2884123921394348
0.20682094991207123
0.41346853971481323
0.37894773483276367
0.19061526656150818
0.28640154004096985
0.3796080946922302
0.34082287549972534
0.3178737163543701
0.3898756802082062
0.3576551675796509
0.4125691056251526
0.4867311418056488
0.35514506697654724
0.4013340473175049
0.25624915957450867
0.29061374068260193
0.16254206001758575
0.3447737395763397
0.24301373958587646
0.26951146125793457
0.3131842613220215
0.41191887855529785
0.33223071694374084
0.4041351079940796
0.3935259282588959
0.3661077618598938
0.3863537013530731
0.3220524191856384
0.2274971306324005
0.3349562883377075
0.4272582530975342
0.41921016573905945
0.47398051619529724
0.27786484360694885
0.14880715310573578
0.5546687245368958
0.419003427028656
0.2580784857273102
0.22214213013648987
0.32795587182044983
0.4264203906059265
0.43598341941833496
0.5236040353775024
0.1987760215997696
0.3587746322154999
0.27948105335235596
0.15893347561359406
0.2644975781440735
0.4205454885959625
0.3852463960647583
0.3131909966468811
0.29964351654052734
0.25221389532089233
0.21078155934810638
0.3958147466182709
0.16182099282741547
0.3403474986553192
0.22503985464572906
0.2120673805475235
0.1986316591501236
0.13710784912109375
0.27475738525390625
0.34185686707496643
0.3703916072845459
0.3037566840648651
0.3126382529735565
0.2635985314846039
0.20874078571796417
0.21683375537395477
0.22603583335876465
0.38241639733314514
0.20888952910900116
0.24394850432872772
0.22944501042366028
0.24273578822612762
0.2744205594062805
0.3433741331100464
0.3693394064903259
0.2613220512866974
0.248133584856987
0.35278889536857605
0.29387497901916504
0.1691497564315796
0.3113667070865631
0.18337564170360565
0.23271377384662628
0.4320322573184967
0.22091907262802124
0.25341472029685974
0.38863879442214966
0.2507987320423126
0.2430972009897232
0.2684667110443115
0.3504985570907593
0.3219720721244812
0.37458333373069763
0.538666844367981
0.204573854804039
0.2955421209335327
0.31262215971946716
0.297628253698349
0.23839353024959564
0.22910751402378082
0.3208276033401489
0.40919631719589233
0.32070186734199524
0.3241504430770874
0.492134153842926
0.3240073621273041
0.3593335747718811
0.26702064275741577
0.42851561307907104
0.27285036444664
0.30198025703430176
0.22621183097362518
0.2797221541404724
0.4165706932544708
0.1817687451839447
0.2892471253871918
0.6435149908065796
0.22403672337532043
0.24451865255832672
0.20186065137386322
0.3740215599536896
0.3857599198818207
0.29537227749824524
0.25187742710113525
0.24203504621982574
0.22120440006256104
0.27911272644996643
0.18337216973304749
0.1981552094221115
0.24298298358917236
0.3584647476673126
0.3017674684524536
0.35896730422973633
0.36928707361221313
0.20021012425422668
0.292123019695282
0.2531699538230896
0.1626066118478775
0.20440243184566498
0.24150125682353973
0.30259600281715393
0.3584820628166199
0.4337103068828583
0.3239366412162781
0.4597591459751129
0.2089974284172058
0.6126968264579773
0.2853150963783264
0.23836249113082886
0.23037506639957428
0.3651934862136841
0.23023785650730133
0.27750882506370544
0.4594283103942871
0.3470466434955597
0.3772103488445282
0.1605919748544693
0.1892864853143692
0.24839437007904053
0.21478153765201569
0.2070319652557373
0.38078993558883667
0.1892923265695572
0.28867200016975403
0.2630397081375122
0.3430738151073456
0.19299085438251495
0.31568217277526855
0.14916013181209564
0.2579041123390198
0.3668433129787445
0.1893630474805832
0.1338128298521042
0.18097393214702606
0.3766021132469177
0.13548699021339417
0.29343658685684204
0.2482432723045349
0.28653109073638916
0.3642618954181671
0.42423108220100403
0.36408737301826477
0.47476890683174133
0.3573108911514282
0.2611255347728729
0.25175243616104126
0.38315340876579285
0.40527161955833435
0.1901620775461197
0.37363487482070923
0.3302146792411804
0.150729238986969
0.2309417575597763
0.3427777588367462
0.2130526751279831
0.3172793984413147
0.3415789306163788
0.33024725317955017
0.2565816044807434
0.3037882447242737
0.44675302505493164
0.36759036779403687
0.3247832655906677
0.23114411532878876
0.1686924546957016
0.20048141479492188
0.2130448967218399
0.2569301724433899
0.505050003528595
0.2160034477710724
0.30281320214271545
0.5119121074676514
0.28014644980430603
0.32929834723472595
0.429593026638031
0.13097283244132996
0.23817098140716553
0.17980320751667023
0.3002937138080597
0.2656615972518921
0.35648107528686523
0.3958700895309448
0.29235753417015076
0.22195938229560852
0.18275035917758942
0.18290065228939056
0.25898420810699463
0.23078300058841705
0.31233617663383484
0.40621721744537354
0.2815851867198944
0.37989822030067444
0.3385424315929413
0.2201058566570282
0.3196667432785034
0.2597050666809082
0.31759440898895264
0.2837692201137543
0.38604235649108887
0.346592515707016
0.24682649970054626
0.2665736973285675
0.28379255533218384
0.2593121826648712
0.17206215858459473
0.3065654933452606
0.18580392003059387
0.2941718101501465
0.25766491889953613
0.20580506324768066
0.35104280710220337
0.4113521873950958
0.237631693482399
0.27192795276641846
0.21847613155841827
0.2354661077260971
0.15612898766994476
0.33046796917915344
0.39626625180244446
0.09172313660383224
0.32591456174850464
0.14044323563575745
0.35601335763931274
0.2680363357067108
0.3241715729236603
0.24804218113422394
0.4066700339317322
0.4769514203071594
0.24166689813137054
0.27052804827690125
0.17402595281600952
0.19525685906410217
0.0949283093214035
0.14447340369224548
0.3614253103733063
0.2484627515077591
0.3463445007801056
0.3448697030544281
0.35113611817359924
0.36631637811660767
0.3053261339664459
0.3096993565559387
0.29602938890457153
0.21385613083839417
0.2503289580345154
0.2062227427959442
0.30153873562812805
0.29550954699516296
0.4095958471298218
0.16269251704216003
0.34201502799987793
0.26138755679130554
0.22861315310001373
0.25560232996940613
0.18787844479084015
0.15796959400177002
0.274770587682724
0.18136237561702728
0.1096162423491478
0.19409672915935516
0.20831318199634552
0.22829115390777588
0.2553160488605499
0.4484994113445282
0.27492648363113403
0.28808820247650146
0.28553712368011475
0.3323410749435425
0.1787322461605072
0.16930796205997467
0.3000030219554901
0.3482983410358429
0.20665577054023743
0.29238361120224
0.2703346312046051
0.26007047295570374
0.11766549199819565
0.23634779453277588
0.2288779467344284
0.3027814030647278
0.28540441393852234
0.15071521699428558
0.18257062137126923
0.15863437950611115
0.16587932407855988
0.17693670094013214
0.33922749757766724
0.1596440225839615
0.3474247455596924
0.4340106248855591
0.1711808145046234
0.3806849420070648
0.2614925801753998
0.28835541009902954
0.21822653710842133
0.2311309278011322
0.27309873700141907
0.1725326031446457
0.1981319636106491
0.16216279566287994
0.2407580018043518
0.23152828216552734
0.178028866648674
0.2960115969181061
0.316712349653244
0.32160699367523193
0.17419330775737762
0.2959665358066559
0.3772679567337036
0.17612625658512115
0.2064153552055359
0.1466119885444641
0.4199555814266205
0.3155810534954071
0.2952910363674164
0.28074339032173157
0.31326740980148315
0.2351730614900589
0.2377924621105194
0.14271193742752075
0.3087384104728699
0.32064375281333923
0.49860745668411255
0.17052066326141357
0.29788076877593994
0.29612597823143005
0.46990615129470825
0.248553067445755
0.3842495381832123
0.3670489192008972
0.2513779401779175
0.32230207324028015
0.24485477805137634
0.1742917001247406
0.15207964181900024
0.13654229044914246
0.3249853253364563
0.430612176656723
0.30603426694869995
0.24254894256591797
0.2440270632505417
0.4266570508480072
0.13902541995048523
0.4696667790412903
0.33807265758514404
0.3009241819381714
0.24847294390201569
0.1717468649148941
0.3137734532356262
0.2768568694591522
0.3482188582420349
0.3361928164958954
0.29656529426574707
0.13910290598869324
0.32014816999435425
0.2477538287639618
0.21841661632061005
0.2292652279138565
0.358521431684494
0.22897407412528992
0.1468089520931244
0.35742560029029846
0.2146523892879486
0.1765991598367691
0.27652183175086975
0.24970375001430511
0.44272661209106445
0.19153115153312683
0.2573619484901428
0.1524851769208908
0.1776585876941681
0.21460604667663574
0.3415853679180145
0.2528764009475708
0.19322112202644348
0.2745690643787384
0.2035950869321823
0.2168470025062561
0.24941974878311157
0.5356504321098328
0.14895297586917877
0.24475713074207306
0.1789395958185196
0.3437722623348236
0.2793983519077301
0.22442665696144104
0.2256733924150467
0.2934643626213074
0.18043440580368042
0.19964267313480377
0.24443340301513672
0.18731793761253357
0.22781747579574585
0.33137309551239014
0.2529943287372589
0.4539780020713806
0.11599307507276535
0.22061802446842194
0.18348771333694458
0.23853656649589539
0.13680975139141083
0.28049153089523315
0.19713369011878967
0.2909475564956665
0.43014928698539734
0.13604497909545898
0.28665757179260254
0.21323786675930023
0.17841362953186035
0.18333104252815247
0.3888784646987915
0.22133801877498627
0.29228833317756653
0.1707422435283661
0.2364358901977539
0.21814948320388794
0.36588746309280396
0.29083624482154846
0.13532835245132446
0.44458574056625366
0.22279702126979828
0.1918058693408966
0.13357512652873993
0.23933561146259308
0.31630969047546387
0.334225058555603
0.17610237002372742
0.31070441007614136
0.36077582836151123
0.3076324760913849
0.3147442042827606
0.2924456298351288
0.19068966805934906
0.14833584427833557
0.1440398246049881
0.2290903478860855
0.33567407727241516
0.18437393009662628
0.12727688252925873
0.1658390909433365
0.14384393393993378
0.17318931221961975
0.2311362475156784
0.5961378812789917
0.3206079602241516
0.33923155069351196
0.15138502418994904
0.41340214014053345
0.23801051080226898
0.2692270874977112
0.25483039021492004
0.22323884069919586
0.11788901686668396
0.21727490425109863
0.07943578064441681
0.28314635157585144
0.16662056744098663
0.1490984410047531
0.3574058413505554
0.26177066564559937
0.32140833139419556
0.16225069761276245
0.187954843044281
0.17037780582904816
0.23903414607048035
0.23750129342079163
0.1020517647266388
0.0765957236289978
0.22638337314128876
0.17733900249004364
0.2680038511753082
0.21210819482803345
0.2603457570075989
0.2409507930278778
0.24560515582561493
0.2645058035850525
0.13520167768001556
0.28765246272087097
0.15717382729053497
0.2741766571998596
0.20455297827720642
0.2023935467004776
0.29401975870132446
0.2770219147205353
0.2265886813402176
0.22564825415611267
0.1409122496843338
0.30533236265182495
0.18917728960514069
0.2812584638595581
0.34555143117904663
0.10663191974163055
0.246238112449646
0.14951051771640778
0.12842048704624176
0.4386206567287445
0.460183322429657
0.312860369682312
0.3350570499897003
0.29473572969436646
0.11084523051977158
0.19866494834423065
0.2337721586227417
0.24077670276165009
0.20750747621059418
0.24506142735481262
0.24907149374485016
0.30585432052612305
0.27027806639671326
0.31936919689178467
0.2708248198032379
0.21032315492630005
0.13330988585948944
0.25173795223236084
0.214091494679451
0.2203306406736374
0.15269140899181366
0.3453397750854492
0.0860419049859047
0.19957855343818665
0.18951277434825897
0.2453000694513321
0.2522193193435669
0.19286571443080902
0.08505009114742279
0.2505580186843872
0.21184763312339783
0.19419066607952118
0.3111128509044647
0.13285766541957855
0.1878950148820877
0.11862354725599289
0.16617092490196228
0.20324327051639557
0.19705848395824432
0.14293216168880463
0.38956356048583984
0.22150155901908875
0.37736767530441284
0.22701814770698547
0.2993621528148651
0.2041458636522293
0.2770422697067261
0.1541731208562851
0.29291558265686035
0.2565258741378784
0.3478476405143738
0.30853036046028137
0.14574997127056122
0.16352884471416473
0.18452197313308716
0.12364120781421661
0.15166647732257843
0.2883535921573639
0.258693665266037
0.13396304845809937
0.28208282589912415
0.19734206795692444
0.2419906109571457
0.4899538457393646
0.21772830188274384
0.1586076319217682
0.233258917927742
0.27153337001800537
0.3228985667228699
0.22459477186203003
0.22282128036022186
0.1620943397283554
0.21886979043483734
0.21500170230865479
0.16359353065490723
0.25977620482444763
0.19078615307807922
0.11558655649423599
0.19490964710712433
0.38421082496643066
0.28153061866760254
0.1906391978263855
0.22227895259857178
0.20182164013385773
0.13619045913219452
0.2922274172306061
0.20820778608322144
0.16290609538555145
0.21677757799625397
0.22938932478427887
0.12144605815410614
0.286070853471756
0.305019736289978
0.26225119829177856
0.16411776840686798
0.332848459482193
0.2639086842536926
0.26039642095565796
0.2053830772638321
0.35831815004348755
0.3597111105918884
0.21198467910289764
0.2682906985282898
0.20533941686153412
0.213994562625885
0.3246714174747467
0.18261116743087769
0.22650954127311707
0.4706674814224243
0.15848767757415771
0.2159317433834076
0.10100408643484116
0.38437485694885254
0.16977332532405853
0.2689727544784546
0.17688024044036865
0.15488767623901367
0.2743805944919586
0.28072401881217957
0.36526861786842346
0.1406356692314148
0.20254817605018616
0.13559429347515106
0.16918747127056122
0.1437126100063324
0.21851679682731628
0.14504262804985046
0.2905882000923157
0.16936364769935608
0.19013859331607819
0.2409171462059021
0.4365026652812958
0.30277976393699646
0.0817287489771843
0.20464517176151276
0.1827312707901001
0.13368311524391174
0.34010589122772217
0.2798376977443695
0.24844546616077423
0.20242395997047424
0.20680958032608032
0.16214896738529205
0.26929089426994324
0.18816779553890228
0.15359282493591309
0.1759948879480362
0.269431471824646
0.22264713048934937
0.16884952783584595
0.19245164096355438
0.33568698167800903
0.2983693480491638
0.15656854212284088
0.23794633150100708
0.3160608112812042
0.23550261557102203
0.10365872830152512
0.39600080251693726
0.26723745465278625
0.3659117519855499
0.3520917594432831
0.23395393788814545
0.19710494577884674
0.25427576899528503
0.25859594345092773
0.12159652262926102
0.16206510365009308
0.3166709542274475
0.24035467207431793
0.2586393654346466
0.07880537956953049
0.2733781635761261
0.14271342754364014
0.23278293013572693
0.1297840029001236
0.21998722851276398
0.23697565495967865
0.25730887055397034
0.09152816236019135
0.19577358663082123
0.13766008615493774
0.34867429733276367
0.10813958197832108
0.1931084394454956
0.1568680703639984
0.18792219460010529
0.3141365945339203
0.48343682289123535
0.19466537237167358
0.2091023474931717
0.11515476554632187
0.23268164694309235
0.1811933070421219
0.19932247698307037
0.2687758803367615
0.14490705728530884
0.21919512748718262
0.16318152844905853
0.24522307515144348
0.19180133938789368
0.23050327599048615
0.228082075715065
0.29108941555023193
0.2722482979297638
0.17375531792640686
0.1839413195848465
0.11268709599971771
0.12574198842048645
0.18107353150844574
0.18306387960910797
0.15839774906635284
0.15929816663265228
0.17777228355407715
0.18902264535427094
0.2854560911655426
0.15226443111896515
0.2266315072774887
0.19140462577342987
0.2075665295124054
0.18713217973709106
0.1734626293182373
0.09255179017782211
0.18026526272296906
0.14572840929031372
0.0822349414229393
0.172933891415596
0.24017976224422455
0.3486374616622925
0.13544729351997375
0.1546221524477005
0.2543836534023285
0.28294429183006287
0.2515058219432831
0.29288071393966675
0.347447007894516
0.12341181188821793
0.203300341963768
0.206476628780365
0.13886979222297668
0.1999892294406891
0.15253956615924835
0.42006781697273254
0.22983236610889435
0.15417364239692688
0.13872644305229187
0.1797577440738678
0.26218095421791077
0.13921207189559937
0.17686854302883148
0.0767817571759224
0.29002636671066284
0.2029290646314621
0.17577819526195526
0.22590868175029755
0.22447270154953003
0.20268802344799042
0.34090879559516907
0.14854766428470612
0.20480161905288696
0.4785379469394684
0.2325969636440277
0.12870433926582336
0.1169537678360939
0.2022038996219635
0.14304323494434357
0.2782507538795471
0.160650372505188
0.13116663694381714
0.23304525017738342
0.22708377242088318
0.07883784919977188
0.3730650544166565
0.13314150273799896
0.2812264859676361
0.1688060164451599
0.20544056594371796
0.14806906878948212
0.08328575640916824
0.19489538669586182
0.429656982421875
0.164155051112175
0.08497285097837448
0.10676101595163345
0.17059443891048431
0.2726249694824219
0.2895268201828003
0.1139652281999588
0.14595632255077362
0.2142256200313568
0.11439841985702515
0.13634926080703735
0.14284607768058777
0.4207473397254944
0.2596975266933441
0.29801681637763977
0.14934268593788147
0.15745170414447784
0.2005956768989563
0.15975309908390045
0.19040095806121826
0.22012053430080414
0.19799499213695526
0.17989836633205414
0.22760426998138428
0.18044696748256683
0.21341915428638458
0.2140367031097412
0.18481792509555817
0.22485469281673431
0.2259611189365387
0.177400603890419
0.19785918295383453
0.3737625181674957
0.19081087410449982
0.15389321744441986
0.2377248853445053
0.20835347473621368
0.3222595751285553
0.15135647356510162
0.10120115429162979
0.1529172956943512
0.12994158267974854
0.1570667326450348
0.09148448705673218
0.3394061326980591
0.19478771090507507
0.22760285437107086
0.16725872457027435
0.20877985656261444
0.12938866019248962
0.14542549848556519
0.10677753388881683
0.16528794169425964
0.36383891105651855
0.19841867685317993
0.15603429079055786
0.16746647655963898
0.1390373408794403
0.23986594378948212
0.13579823076725006
0.42738431692123413
0.3007313907146454
0.3001330494880676
0.0907239019870758
0.4428604543209076
0.09331479668617249
0.1616372913122177
0.30335357785224915
0.15670858323574066
0.14094048738479614
0.1110031008720398
0.21876440942287445
0.28022128343582153
0.09082289785146713
0.2982146143913269
0.26971250772476196
0.21243606507778168
0.24882206320762634
0.12370424717664719
0.1631273776292801
0.20195628702640533
0.2612217962741852
0.1291118562221527
0.325382798910141
0.19913123548030853
0.3544645309448242
0.15881194174289703
0.12339354306459427
0.17109811305999756
0.17810048162937164
0.17822471261024475
0.1348547488451004
0.25128448009490967
0.17638623714447021
0.1568247526884079
0.19439807534217834
0.1413593292236328
0.1917145997285843
0.23991821706295013
0.22062450647354126
0.1440555304288864
0.11050699651241302
0.1549651026725769
0.26743245124816895
0.21355140209197998
0.1283574402332306
0.1544971466064453
0.24266397953033447
0.11877027899026871
0.17558756470680237
0.3962613642215729
0.2644812762737274
0.24981603026390076
0.4227673411369324
0.18638375401496887
0.3244941830635071
0.12957324087619781
0.16448062658309937
0.22043021023273468
0.07908489555120468
0.14450588822364807
0.11082567274570465
0.22897715866565704
0.15696372091770172
0.1808704137802124
0.15178485214710236
0.19213993847370148
0.33841603994369507
0.14064525067806244
0.2698063552379608
0.10493957251310349
0.27235472202301025
0.28124120831489563
0.32429447770118713
0.12134694308042526
0.22834379971027374
0.09328224509954453
0.21882134675979614
0.2597496807575226
0.0690271407365799
0.11814109236001968
0.24788205325603485
0.1661684215068817
0.09942841529846191
0.2002970278263092
0.10100042819976807
0.1339975744485855
0.23619629442691803
0.12083134800195694
0.13149335980415344
0.3670271039009094
0.20990018546581268
0.2574133574962616
0.2373831421136856
0.22135663032531738
0.16627904772758484
0.09479888528585434
0.27387598156929016
0.13366401195526123
0.14879369735717773
0.2547750473022461
0.15269508957862854
0.08082383871078491
0.19834062457084656
0.18200868368148804
0.21941211819648743
0.2779582738876343
0.15547408163547516
0.20083436369895935
0.1530141681432724
0.1315332055091858
0.11149180680513382
0.14508676528930664
0.078461192548275
0.1823117434978485
0.24225933849811554
0.1533767729997635
0.08853094279766083
0.08656927198171616
0.3000873923301697
0.12927953898906708
0.2377348691225052
0.13758991658687592
0.2492523193359375
0.21981903910636902
0.23734617233276367
0.12269604206085205
0.21639926731586456
0.08197617530822754
0.06950514018535614
0.1704467535018921
0.1375303864479065
0.202461376786232
0.22314047813415527
0.2824767231941223
0.34456852078437805
0.09341306239366531
0.17893670499324799
0.1301463097333908
0.25876468420028687
0.0796947330236435
0.15525703132152557
0.10566861182451248
0.13963228464126587
0.23485514521598816
0.22619308531284332
0.2897096574306488
0.1721065193414688
0.2015780210494995
0.21283549070358276
0.18538668751716614
0.1445513665676117
0.12289699167013168
0.14960354566574097
0.11460196226835251
0.2276824414730072
0.24485361576080322
0.15693299472332
0.21548420190811157
0.16684310138225555
0.16932450234889984
0.16328172385692596
0.10614345967769623
0.2154163271188736
0.10173080116510391
0.11020941287279129
0.1991748809814453
0.05124708637595177
0.15860864520072937
0.2142580896615982
0.11673740297555923
0.20639395713806152
0.19877785444259644
0.24309715628623962
0.2487061619758606
0.1294809877872467
0.13927578926086426
0.08903911709785461
0.16752031445503235
0.10967838764190674
0.2551646828651428
0.171956866979599
0.19154691696166992
0.1844262182712555
0.07579024136066437
0.16505101323127747
0.29885926842689514
0.1419847160577774
0.12526896595954895
0.3040158152580261
0.2058926373720169
0.22107306122779846
0.07242431491613388
0.11425398290157318
0.22071686387062073
0.1538718044757843
0.17321424186229706
0.11568883806467056
0.12253554910421371
0.3046739995479584
0.30790799856185913
0.19882383942604065
0.14227832853794098
0.13786114752292633
0.1687135100364685
0.09407447278499603
0.21863436698913574
0.24497948586940765
0.14657016098499298
0.3115743100643158
0.1626824289560318
0.1846950352191925
0.13880296051502228
0.22866246104240417
0.11335574835538864
0.1823887974023819
0.19106431305408478
0.23038095235824585
0.21110646426677704
0.09575121104717255
0.2324337661266327
0.1835458129644394
0.07645133137702942
0.17459580302238464
0.3580681383609772
0.15039752423763275
0.0820346474647522
0.2253575474023819
0.15542928874492645
0.21583202481269836
0.3418720066547394
0.30806446075439453
0.14325745403766632
0.1448470503091812
0.11300637573003769
0.15615281462669373
0.16946938633918762
0.1499401181936264
0.25442227721214294
0.19768184423446655
0.37273603677749634
0.2278876155614853
0.15984821319580078
0.23228110373020172
0.15979458391666412
0.12514746189117432
0.14259673655033112
0.25043395161628723
0.25399428606033325
0.24244776368141174
0.21198299527168274
0.05510653555393219
0.24721243977546692
0.28759753704071045
0.11914996057748795
0.1966053545475006
0.15049223601818085
0.19878631830215454
0.19534169137477875
0.17422205209732056
0.2361084371805191
0.11031197011470795
0.1687706559896469
0.20795738697052002
0.14925996959209442
0.16307780146598816
0.26768913865089417
0.06627877056598663
0.1616605520248413
0.2989742159843445
0.12961480021476746
0.10093608498573303
0.11117693781852722
0.32559067010879517
0.07601139694452286
0.288242369890213
0.12689228355884552
0.15088924765586853
0.12848356366157532
0.13533180952072144
0.14898420870304108
0.2704576849937439
0.22080175578594208
0.20513416826725006
0.3048340976238251
0.17058250308036804
0.15920357406139374
0.12060865759849548
0.14393264055252075
0.25495097041130066
0.12330365180969238
0.1974756419658661
0.22284018993377686
0.10517211258411407
0.07305113226175308
0.30176204442977905
0.17065942287445068
0.0817859098315239
0.16846688091754913
0.1089744046330452
0.10590677708387375
0.29686036705970764
0.18938584625720978
0.22095879912376404
0.20154809951782227
0.1853211373090744
0.19417347013950348
0.11623946577310562
0.242019921541214
0.22042658925056458
0.36358994245529175
0.30246061086654663
0.12386943399906158
0.11308977752923965
0.09911084920167923
0.15970167517662048
0.3015758693218231
0.31658756732940674
0.08343961834907532
0.41392087936401367
0.25521543622016907
0.1296769380569458
0.16827404499053955
0.15381039679050446
0.13286757469177246
0.09485917538404465
0.10186097770929337
0.2550897002220154
0.3154814839363098
0.1422908455133438
0.17605753242969513
0.1890108436346054
0.16330596804618835
0.11309551447629929
0.39001551270484924
0.324329137802124
0.11386057734489441
0.16936258971691132
0.25365832448005676
0.34978070855140686
0.1513374149799347
0.1904582530260086
0.2059778869152069
0.1295175552368164
0.2678200900554657
0.12654036283493042
0.21959997713565826
0.3362118899822235
0.15104003250598907
0.1366357058286667
0.19006316363811493
0.13596583902835846
0.17513686418533325
0.11892928183078766
0.20133721828460693
0.1496926099061966
0.2170730084180832
0.22696878015995026
0.15027374029159546
0.21274615824222565
0.20032227039337158
0.11645738780498505
0.10948948562145233
0.15981510281562805
0.24882878363132477
0.24466167390346527
0.14607234299182892
0.09478707611560822
0.17785394191741943
0.2318858653306961
0.11217333376407623
0.17822633683681488
0.18989156186580658
0.2108864188194275
0.22482334077358246
0.2376192808151245
0.21846617758274078
0.10415893793106079
0.07506971061229706
0.09760966151952744
0.1659504473209381
0.2398618906736374
0.10243752598762512
0.31531766057014465
0.3118005394935608
0.3289063274860382
0.13874050974845886
0.1894250512123108
0.2684754431247711
0.12062111496925354
0.20535267889499664
0.1845044046640396
0.21259082853794098
0.10326564311981201
0.12046308815479279
0.1606261432170868
0.18973016738891602
0.2272319495677948
0.14598073065280914
0.11538142710924149
0.3641173541545868
0.1542053073644638
0.13213911652565002
0.2251988798379898
0.1392001211643219
0.13741090893745422
0.15827752649784088
0.0885661393404007
0.16933564841747284
0.22242118418216705
0.14740359783172607
0.21157251298427582
0.17711573839187622
0.1841210424900055
0.28381672501564026
0.28595948219299316
0.15776628255844116
0.19488902390003204
0.10683391243219376
0.0820026695728302
0.34169942140579224
0.14911435544490814
0.13469122350215912
0.05438920855522156
0.20987164974212646
0.1466534286737442
0.14353688061237335
0.09883799403905869
0.11753561347723007
0.35979852080345154
0.12144328653812408
0.08355410397052765
0.2162238359451294
0.20096033811569214
0.08778838068246841
0.30068033933639526
0.14268751442432404
0.18765421211719513
0.08222364634275436
0.12400757521390915
0.12998366355895996
0.23336389660835266
0.2855365574359894
0.11636242270469666
0.25520676374435425
0.10958312451839447
0.12632820010185242
0.096479132771492
0.16127650439739227
0.140981063246727
0.2185276746749878
0.11478333175182343
0.18343470990657806
0.18293389678001404
0.1428612768650055
0.11255098879337311
0.09786723554134369
0.24651825428009033
0.13037623465061188
0.08667463064193726
0.11452333629131317
0.09596796333789825
0.20614859461784363
0.27966392040252686
0.16162165999412537
0.12939684092998505
0.21841925382614136
0.10503055155277252
0.176630899310112
0.23373045027256012
0.07349957525730133
0.29545119404792786
0.09090092033147812
0.15174174308776855
0.2429855912923813
0.22571268677711487
0.07767898589372635
0.15273237228393555
0.1603531837463379
0.30219507217407227
0.0860312357544899
0.1918186992406845
0.18945735692977905
0.13899418711662292
0.20648182928562164
0.2660645842552185
0.14336353540420532
0.18223468959331512
0.18874923884868622
0.16394321620464325
0.13431932032108307
0.11918913573026657
0.19720584154129028
0.12730886042118073
0.1214059442281723
0.06899458914995193
0.2579558193683624
0.10183051973581314
0.14232008159160614
0.2953161597251892
0.14156468212604523
0.1511412411928177
0.1951959729194641
0.11144677549600601
0.13767509162425995
0.17732562124729156
0.15898194909095764
0.19076678156852722
0.17128844559192657
0.11923092603683472
0.0874110534787178
0.0939742773771286
0.162153422832489
0.08013425767421722
0.10558978468179703
0.16615082323551178
0.16672886908054352
0.13419175148010254
0.12671002745628357
0.11044082045555115
0.13366472721099854
0.1371091604232788
0.23087863624095917
0.17522726953029633
0.1364610344171524
0.2422538548707962
0.09892836213111877
0.18524837493896484
0.09513147920370102
0.08346270769834518
0.09688525646924973
0.23722323775291443
0.3011952042579651
0.15171633660793304
0.13091471791267395
0.14524932205677032
0.15851004421710968
0.19225281476974487
0.12177132815122604
0.17717143893241882
0.11287276446819305
0.07325852662324905
0.16248606145381927
0.17741402983665466
0.19073623418807983
0.10505235940217972
0.1272190362215042
0.15407796204090118
0.15232180058956146
0.11372742801904678
0.26043638586997986
0.2513846457004547
0.18111631274223328
0.10994580388069153
0.15927240252494812
0.21529968082904816
0.18584133684635162
0.041151177138090134
0.10393895208835602
0.13360999524593353
0.18184280395507813
0.11702187359333038
0.15072859823703766
0.17252838611602783
0.12244880944490433
0.09924428164958954
0.154028981924057
0.13102172315120697
0.08238033205270767
0.15988466143608093
0.11043915897607803
0.1908552050590515
0.10675197094678879
0.1967281848192215
0.1258358210325241
0.23442482948303223
0.12033968418836594
0.17319977283477783
0.34055110812187195
0.20593151450157166
0.0656341090798378
0.09102624654769897
0.09938491880893707
0.17224237322807312
0.08729241043329239
0.18907812237739563
0.13323822617530823
0.07496891170740128
0.13773982226848602
0.22068572044372559
0.09923107922077179
0.21205317974090576
0.30494967103004456
0.16724132001399994
0.2451828420162201
0.27974289655685425
0.24380604922771454
0.31327271461486816
0.09132041782140732
0.19097605347633362
0.11710599809885025
0.09581238776445389
0.2780899107456207
0.23489072918891907
0.1483531892299652
0.07729770988225937
0.12382173538208008
0.14202386140823364
0.19096721708774567
0.25676053762435913
0.12247692793607712
0.2743285298347473
0.30871108174324036
0.1416836827993393
0.30678078532218933
0.25527480244636536
0.19352924823760986
0.08488815277814865
0.2285531610250473
0.11304616183042526
0.09990999102592468
0.14989081025123596
0.06853620707988739
0.18113109469413757
0.14834001660346985
0.17011217772960663
0.23392270505428314
0.17919260263442993
0.1554933488368988
0.0633426085114479
0.1473570317029953
0.1396322250366211
0.12437519431114197
0.10462485253810883
0.2170943021774292
0.06964164227247238
0.1894582062959671
0.11986670643091202
0.07194969058036804
0.1429465413093567
0.16902929544448853
0.18927696347236633
0.13860832154750824
0.12048765271902084
0.3047896921634674
0.2831510603427887
0.08165497332811356
0.13834472000598907
0.16558465361595154
0.15974727272987366
0.25222980976104736
0.09867947548627853
0.18278463184833527
0.06541111320257187
0.14287659525871277
0.14854833483695984
0.24656736850738525
0.1265219748020172
0.11464803665876389
0.2423715740442276
0.15924404561519623
0.1432446986436844
0.19040894508361816
0.1846373826265335
0.1606782227754593
0.16764679551124573
0.10151945799589157
0.14464184641838074
0.17423191666603088
0.19992774724960327
0.16578473150730133
0.21119163930416107
0.13762089610099792
0.13387952744960785
0.17489971220493317
0.2007114589214325
0.13785810768604279
0.10743971168994904
0.17368093132972717
0.10302361845970154
0.10888069868087769
0.09920278936624527
0.12065812945365906
0.15166892111301422
0.22031117975711823
0.3063192367553711
0.18340858817100525
0.08989080786705017
0.08930616825819016
0.1791759580373764
0.153476282954216
0.09557855129241943
0.1319187581539154
0.090312659740448
0.21421316266059875
0.26427459716796875
0.23902960121631622
0.23748506605625153
0.22974468767642975
0.2632540762424469
0.08757482469081879
0.10326194018125534
0.3921847641468048
0.21025343239307404
0.23841352760791779
0.14890412986278534
0.1746062934398651
0.09772298485040665
0.23553189635276794
0.26856616139411926
0.10489597916603088
0.27875950932502747
0.07660271227359772
0.11624440550804138
0.16147780418395996
0.24588705599308014
0.1420363485813141
0.1630973070859909
0.14964871108531952
0.11268486082553864
0.16920709609985352
0.15993750095367432
0.08847862482070923
0.11902102828025818
0.16702301800251007
0.3243960440158844
0.28483521938323975
0.18371762335300446
0.18840357661247253
0.1282668560743332
0.2215975821018219
0.14295443892478943
0.12398965656757355
0.07866530865430832
0.1272948831319809
0.17683719098567963
0.14270958304405212
0.11861477047204971
0.08713997900485992
0.1300937980413437
0.18631049990653992
0.09353901445865631
0.07655973732471466
0.09098395705223083
0.13729307055473328
0.1253342628479004
0.13912256062030792
0.1566469371318817
0.14382502436637878
0.10028138756752014
0.12259072810411453
0.21942614018917084
0.08425591140985489
0.1829536110162735
0.09222215414047241
0.07278893142938614
0.08767907321453094
0.21080784499645233
0.09716448932886124
0.1107121929526329
0.14399465918540955
0.19122469425201416
0.09262485057115555
0.2799451947212219
0.09956637769937515
0.25101161003112793
0.13844694197177887
0.1339738816022873
0.14903567731380463
0.098305843770504
0.2519831657409668
0.1372767686843872
0.1982501894235611
0.3473723828792572
0.03763599693775177
0.2121279239654541
0.07914121448993683
0.2069372534751892
0.2121669054031372
0.3017491102218628
0.09702141582965851
0.14699414372444153
0.2099694311618805
0.09900066256523132
0.14521247148513794
0.1213817298412323
0.2929765582084656
0.11626780778169632
0.16596439480781555
0.07845378667116165
0.11527075618505478
0.10528258234262466
0.1140858605504036
0.2211226522922516
0.24800090491771698
0.16320419311523438
0.29709571599960327
0.21271932125091553
0.14863403141498566
0.12371966242790222
0.13915716111660004
0.11662045121192932
0.14797601103782654
0.07840573042631149
0.05655667558312416
0.22100868821144104
0.16685546934604645
0.19686391949653625
0.32746559381484985
0.1349462866783142
0.12544511258602142
0.16503748297691345
0.04644190892577171
0.11276689916849136
0.06795596331357956
0.18631041049957275
0.11301545053720474
0.1769670993089676
0.20803827047348022
0.17938798666000366
0.07960771024227142
0.2581852674484253
0.18897724151611328
0.12746521830558777
0.10470544546842575
0.04138058423995972
0.13418811559677124
0.07197319716215134
0.1606808602809906
0.26690730452537537
0.2027466744184494
0.13510851562023163
0.2816537916660309
0.3379797041416168
0.2373936027288437
0.10852231830358505
0.1537099927663803
0.10279448330402374
0.30549106001853943
0.08965641260147095
0.06584115326404572
0.19466441869735718
0.3708052635192871
0.17643065750598907
0.30914992094039917
0.11359113454818726
0.13500073552131653
0.14765852689743042
0.12430021166801453
0.1514895111322403
0.14428387582302094
0.17709293961524963
0.2023816853761673
0.19997131824493408
0.26053738594055176
0.12191349267959595
0.10064853727817535
0.16059069335460663
0.18583641946315765
0.12404651194810867
0.1696259081363678
0.3569420576095581
0.12139543145895004
0.1587085872888565
0.23803099989891052
0.12479164451360703
0.10513851046562195
0.20819996297359467
0.09280508011579514
0.08632217347621918
0.1311950981616974
0.0974041000008583
0.1036154255270958
0.19486582279205322
0.19271180033683777
0.1913900077342987
0.11850251257419586
0.175223246216774
0.14905424416065216
0.11638948321342468
0.10016641765832901
0.09375329315662384
0.1126701757311821
0.19205832481384277
0.1919887363910675
0.09587481617927551
0.09143316745758057
0.22465123236179352
0.18542960286140442
0.2530321478843689
0.21071982383728027
0.06505749374628067
0.07642067968845367
0.038666412234306335
0.09850768744945526
0.18143387138843536
0.14875207841396332
0.11249455064535141
0.11663474142551422
0.23557567596435547
0.17592433094978333
0.12229789793491364
0.13576868176460266
0.14589878916740417
0.11957337707281113
0.16624969244003296
0.17823821306228638
0.1719912439584732
0.0797453224658966
0.20188207924365997
0.11435100436210632
0.2659320831298828
0.1147284284234047
0.20494702458381653
0.1466556191444397
0.09155867993831635
0.12414964288473129
0.1443602591753006
0.10111220180988312
0.12754185497760773
0.12939240038394928
0.3077906668186188
0.1219988465309143
0.05679406225681305
0.31928128004074097
0.13547097146511078
0.12689149379730225
0.12949012219905853
0.21848413348197937
0.12459466606378555
0.07630101591348648
0.25501498579978943
0.11647823452949524
0.15232065320014954
0.07516001164913177
0.2115626186132431
0.18868796527385712
0.12145330011844635
0.24629206955432892
0.07363079488277435
0.13612744212150574
0.11135539412498474
0.17241345345973969
0.07361065596342087
0.07663702964782715
0.16594859957695007
0.15413999557495117
0.07885120064020157
0.15427684783935547
0.13297457993030548
0.12681394815444946
0.17309018969535828
0.08377838134765625
0.15671509504318237
0.10665016621351242
0.09228436648845673
0.17512862384319305
0.2755148708820343
0.26815086603164673
0.18197767436504364
0.09519351273775101
0.11602182686328888
0.08135466277599335
0.18065449595451355
0.12906421720981598
0.16114093363285065
0.16856884956359863
0.31253406405448914
0.1547083854675293
0.1064731553196907
0.08536481857299805
0.15805183351039886
0.14572980999946594
0.07010897248983383
0.2821795344352722
0.061711929738521576
0.11760375648736954
0.09235759824514389
0.15604883432388306
0.12678073346614838
0.09786679595708847
0.201466903090477
0.09276539087295532
0.15599942207336426
0.1124648004770279
0.137423574924469
0.06755261868238449
0.25440165400505066
0.07439953833818436
0.17465141415596008
0.09367074817419052
0.29881125688552856
0.3722154200077057
0.20831453800201416
0.190596804022789
0.1788763701915741
0.1689104586839676
0.13355453312397003
0.09960560500621796
0.0755973532795906
0.07109487801790237
0.06322412192821503
0.2999914586544037
0.04994354024529457
0.13471102714538574
0.17045971751213074
0.12686903774738312
0.13641691207885742
0.16712012887001038
0.20926989614963531
0.038143474608659744
0.20617243647575378
0.09265857189893723
0.17909598350524902
0.11841125786304474
0.15318308770656586
0.1371375173330307
0.13868500292301178
0.17126503586769104
0.19132529199123383
0.058741431683301926
0.1989872008562088
0.20798379182815552
0.09367653727531433
0.07904781401157379
0.10129599273204803
0.07170000672340393
0.4014948606491089
0.11476236581802368
0.11646224558353424
0.06268695741891861
0.22966301441192627
0.1103166937828064
0.08297302573919296
0.05606149509549141
0.1862749606370926
0.19458051025867462
0.224960595369339
0.09545370191335678
0.10938956588506699
0.0742701068520546
0.17416411638259888
0.18688784539699554
0.20239007472991943
0.1551985740661621
0.11458924412727356
0.052478544414043427
0.18523572385311127
0.0878429263830185
0.14333856105804443
0.07172898203134537
0.11118800938129425
0.11999789625406265
0.054504457861185074
0.07439985126256943
0.11433849483728409
0.16314877569675446
0.265171617269516
0.15913453698158264
0.2709726095199585
0.11473514884710312
0.035590969026088715
0.09781984984874725
0.08420612663030624
0.24347159266471863
0.07906464487314224
0.16550815105438232
0.08798161149024963
0.13260197639465332
0.06122853234410286
0.07624077796936035
0.0767810195684433
0.08188389241695404
0.21896465122699738
0.11051911860704422
0.11313047260046005
0.14328594505786896
0.08667293936014175
0.22625403106212616
0.2101808488368988
0.10491632670164108
0.11871837079524994
0.12518678605556488
0.17939792573451996
0.07051622867584229
0.172563374042511
0.22957123816013336
0.15351082384586334
0.0662299245595932
0.1408289670944214
0.18113069236278534
0.05756446346640587
0.07873252779245377
0.21604296565055847
0.07164885848760605
0.1533813625574112
0.16548766195774078
0.1474238932132721
0.22274091839790344
0.13486000895500183
0.17779263854026794
0.18412847816944122
0.09579239040613174
0.1929013431072235
0.13173779845237732
0.11129599809646606
0.08885819464921951
0.15750214457511902
0.0966794565320015
0.18875344097614288
0.10099582374095917
0.17664630711078644
0.047034796327352524
0.12384878098964691
0.31065765023231506
0.21223466098308563
0.11229532212018967
0.3024837374687195
0.1239478811621666
0.18164679408073425
0.17586597800254822
0.08243893086910248
0.06779589504003525
0.2036033719778061
0.1927238255739212
0.13578562438488007
0.11192373186349869
0.06675944477319717
0.1488807052373886
0.0632227435708046
0.24576887488365173
0.058008432388305664
0.2224193513393402
0.11563975363969803
0.1065574362874031
0.10896514356136322
0.10965627431869507
0.13816453516483307
0.1871589571237564
0.072838194668293
0.26097437739372253
0.09344197064638138
0.1443820297718048
0.052934158593416214
0.12495103478431702
0.1756501942873001
0.19533255696296692
0.18086758255958557
0.1512889415025711
0.1591491848230362
0.15522383153438568
0.16772620379924774
0.08468980342149734
0.11887296289205551
0.18545126914978027
0.11251357197761536
0.19000521302223206
0.16509196162223816
0.10099956393241882
0.26353466510772705
0.15174861252307892
0.07500099390745163
0.222928985953331
0.11865682154893875
0.07423117756843567
0.2564648687839508
0.16583040356636047
0.10395503044128418
0.14230206608772278
0.14686369895935059
0.1282823234796524
0.4060572683811188
0.09762204438447952
0.11735837906599045
0.13392014801502228
0.11675702780485153
0.154985249042511
0.1657678335905075
0.24430327117443085
0.0980701819062233
0.08752714097499847
0.11103261262178421
0.16041462123394012
0.04291737824678421
0.19640935957431793
0.0747472271323204
0.0723707377910614
0.04551837593317032
0.02986776828765869
0.1083204597234726
0.09108686447143555
0.12188387662172318
0.14772151410579681
0.1306179165840149
0.057776518166065216
0.09900182485580444
0.07687617838382721
0.11031660437583923
0.2162148803472519
0.0747416615486145
0.09297294914722443
0.11981341987848282
0.13460275530815125
0.27841734886169434
0.09746625274419785
0.11144261807203293
0.06878505647182465
0.16402174532413483
0.2560330629348755
0.17283491790294647
0.10298846662044525
0.31498581171035767
0.0977025181055069
0.24405929446220398
0.23092055320739746
0.1513044387102127
0.07797230780124664
0.27206990122795105
0.0647570937871933
0.19627144932746887
0.16363514959812164
0.3638405501842499
0.1788807213306427
0.08378267288208008
0.1399785280227661
0.20644444227218628
0.21790608763694763
0.09198903292417526
0.09881185740232468
0.22583776712417603
0.15444180369377136
0.13393834233283997
0.12954385578632355
0.08825492858886719
0.16635525226593018
0.1064392551779747
0.21604911983013153
0.15488868951797485
0.06838620454072952
0.056442636996507645
0.3696184456348419
0.2137596607208252
0.14323274791240692
0.06837962567806244
0.19233359396457672
0.10498946160078049
0.1036590039730072
0.1847480684518814
0.2093738466501236
0.07082360237836838
0.053778424859046936
0.10622632503509521
0.21752464771270752
0.19294655323028564
0.09597130864858627
0.06250359863042831
0.14746524393558502
0.15034610033035278
0.05714850872755051
0.07109836488962173
0.13112808763980865
0.15877729654312134
0.18669471144676208
0.07741672545671463
0.09418809413909912
0.10486859828233719
0.15513552725315094
0.1242716908454895
0.12023007124662399
0.23540440201759338
0.1425706297159195
0.1331770271062851
0.10572801530361176
0.12063348293304443
0.12143928557634354
0.14181441068649292
0.14134353399276733
0.06484536081552505
0.130742609500885
0.056258413940668106
0.12931904196739197
0.1275155246257782
