0.005925343371927738
0.0021709429565817118
0.00018899525457527488
0.022329747676849365
0.005686515476554632
0.0008639625739306211
0.006151836831122637
0.0005166686605662107
0.017438281327486038
0.000519080029334873
0.004200081806629896
0.0003895485424436629
0.0008489968604408205
0.0002404221158940345
0.03684011474251747
0.0003895388508681208
0.0015626453096047044
0.0006085027707740664
0.0006417679251171649
0.01511822734028101
0.005282864905893803
0.00022045426885597408
0.00010827479854924604
0.002932725241407752
0.0002518072724342346
0.00962697435170412
0.0011977571994066238
0.002310240175575018
0.0007379779708571732
0.0002485944132786244
0.0028258583042770624
0.0013083195080980659
0.001115688937716186
0.0025550208520144224
0.003789142007008195
0.0002639135345816612
0.00019559623615350574
0.008481783792376518
0.00777033343911171
0.0005640817107632756
0.007998612709343433
0.0028180882800370455
0.00046293868217617273
0.0009593332652002573
0.0005375714972615242
0.04064228758215904
0.00008970880298875272
0.0011927855666726828
0.0003456123813521117
0.004189979750663042
0.005250931717455387
0.0026323231868445873
0.0008071580668911338
0.00045338220661506057
0.0030325758270919323
0.00007902939978521317
0.0002518233086448163
0.0024818899109959602
0.001766997273080051
0.0005079925176687539
0.0008180819568224251
0.0000744621574995108
0.0008234744891524315
0.005560081452131271
0.0009458119748160243
0.009446137584745884
0.0021479337010532618
0.0041840593330562115
0.014025974087417126
0.00020599632989615202
0.0005336636095307767
0.008095735684037209
0.0014500655233860016
0.010668423026800156
0.00021368276793509722
0.0003495773999020457
0.0003819698467850685
0.00017698813462629914
0.0001271474320674315
0.00820416770875454
0.006021950393915176
0.00008779550262261182
0.0016024414217099547
0.004581031855195761
0.0008371253497898579
0.0018757616635411978
0.0012994075659662485
0.00034349592169746757
0.01421412918716669
0.0007839446770958602
0.000490862934384495
0.015435798093676567
0.005666812881827354
0.05860442668199539
0.0015118274604901671
0.004452712833881378
0.0009083083714358509
0.00012869115744251758
0.0012180953053757548
0.001608287449926138
0.015416163019835949
0.003287650179117918
0.011731838807463646
0.0007644621073268354
0.007894867099821568
0.005444868467748165
0.0022782187443226576
0.01702992059290409
0.00018669033306650817
0.015367078594863415
0.00291203404776752
0.0004891090211458504
0.011723247356712818
0.001128693576902151
0.01899668760597706
0.0015069062355905771
0.007745419628918171
0.04415714740753174
0.001410472090356052
0.00019810344383586198
0.007073338609188795
0.007095327600836754
0.03338396176695824
0.013601158745586872
0.0009661211515776813
0.02166154980659485
0.006847443524748087
0.002121609402820468
0.0002844120899681002
0.011061487719416618
0.0017198697896674275
0.0015603986103087664
0.00006329569441732019
0.016660403460264206
0.0007752334931865335
0.003833276918157935
0.0018538753502070904
0.029380692169070244
0.022673500701785088
0.0005920883850194514
0.0004947693669237196
0.002828543074429035
0.002342596184462309
0.0002441885881125927
0.0037656824570149183
0.001871436252258718
0.0141353290528059
0.002455915557220578
0.017763085663318634
0.0007638002280145884
0.000194474559975788
0.01001364178955555
0.0008472162298858166
0.002724658465012908
0.040924642235040665
0.02819163352251053
0.001382341026328504
0.00044059145147912204
0.027290137484669685
0.00007679819100303575
0.0016259289113804698
0.0373489186167717
0.020465388894081116
0.013314982876181602
0.0032627074979245663
0.020189013332128525
0.005524796899408102
0.008385660126805305
0.018125692382454872
0.022515790536999702
0.0018160553881898522
0.020891223102808
0.020579975098371506
0.0005186591297388077
0.011333633214235306
0.012199396267533302
0.027086906135082245
0.0012416942045092583
0.0007770389784127474
0.028138166293501854
0.005554582923650742
0.017695976421236992
0.00014652816753368825
0.005980170331895351
0.00043829588685184717
0.036601558327674866
0.0020695142447948456
0.013541633263230324
0.005060252733528614
0.005239069927483797
0.00028836398269049823
0.021363932639360428
0.004307609982788563
0.004424283280968666
0.011838188394904137
0.0001948296994669363
0.008160160854458809
0.0003268383152317256
0.000035984259739052504
0.0006602543289773166
0.0012742351973429322
0.025279048830270767
0.0008797890041023493
0.0025792703963816166
0.0017183703603222966
0.001719074440188706
0.0005825607804581523
0.020575297996401787
0.00196390924975276
0.00033040816197171807
0.0019519549096003175
0.017527224496006966
0.004114335402846336
0.004395208787173033
0.0012330433819442987
0.0006597385508939624
0.00025515281595289707
0.028377393260598183
0.009111425839364529
0.013548466376960278
0.004602709785103798
0.00031401508022099733
0.0009247586713172495
0.004408709704875946
0.0022572821471840143
0.01160398405045271
0.0016047051176428795
0.0007143551483750343
0.04556795209646225
0.0003209347487427294
0.0008857540669851005
0.0030346866697072983
0.004201263189315796
0.0014876072527840734
0.00032584602013230324
0.03442614898085594
0.009065338410437107
0.0013322479790076613
0.0023563194554299116
0.0011690424289554358
0.0001381999027216807
0.00046628026757389307
0.004128453321754932
0.006800766568630934
0.0018578757299110293
0.007706078700721264
0.018512694165110588
0.00014186679618433118
0.010749734938144684
0.006567730102688074
0.0031955884769558907
0.0017937527736648917
0.01710193231701851
0.00039384132833220065
0.0033172296825796366
0.00018786615692079067
0.0016580692026764154
0.009520967490971088
0.0007999789668247104
0.0005707424716092646
0.0022158613428473473
0.002883364213630557
0.000725399935618043
0.0025510420091450214
0.004200021270662546
0.0229650866240263
0.0013465345837175846
0.0001891388528747484
0.0005016099894419312
0.000882526976056397
0.013408820144832134
0.013048090972006321
0.0011500671971589327
0.0004664299194701016
0.00022413571423385292
0.030819663777947426
0.009287693537771702
0.007957677356898785
0.00648860726505518
0.00032621013815514743
0.0011184326140210032
0.002307934919372201
0.02246174030005932
0.0019404118647798896
0.001327223377302289
0.0008233216940425336
0.0036772664170712233
0.010497689247131348
0.03023240901529789
0.007853862829506397
0.00027878902619704604
0.0009310642490163445
0.002651651157066226
0.037431880831718445
0.0006031982484273612
0.0004829157260246575
0.03982728719711304
0.018295180052518845
0.00013302940351422876
0.0046240342780947685
0.0003418049600441009
0.02960807830095291
0.002829154022037983
0.0006034068646840751
0.016664735972881317
0.0028732777573168278
0.007460376713424921
0.0010086011607199907
0.0007439143373630941
0.003097906243056059
0.00026016830815933645
0.024506529793143272
0.0002605702611617744
0.004892125725746155
0.0009221453801728785
0.02343911863863468
0.005391243379563093
0.0005846970598213375
0.0016557204071432352
0.00797981210052967
0.0010706798639148474
0.00008729031105758622
0.02659469284117222
0.03846881166100502
0.014120365492999554
0.016915468499064445
0.0005261105834506452
0.0014632572419941425
0.010157116688787937
0.00046063255285844207
0.032885875552892685
0.002828660886734724
0.00011234945122851059
0.014333587139844894
0.00013741382281295955
0.013867826201021671
0.012414366006851196
0.00019157260248903185
0.02585470862686634
0.00023877050261944532
0.030984966084361076
0.0012135992292314768
0.012615290470421314
0.023459546267986298
0.005035181529819965
0.004766850266605616
0.0002491128980182111
0.0007113415631465614
0.0005553029477596283
0.0057249185629189014
0.007888195104897022
0.0022466927766799927
0.01455311756581068
0.010682685300707817
0.0004079170757904649
0.000500640831887722
0.001097852480597794
0.0024973463732749224
0.0037946535740047693
0.0004440763732418418
0.000465959805296734
0.007322268094867468
0.0006893217796459794
0.0005371564766392112
0.0002561853325460106
0.0004685195453930646
0.006686525419354439
0.0014649431686848402
0.0001863717334344983
0.003279670374467969
0.000662731530610472
0.017791150137782097
0.010785168036818504
0.0005173123790882528
0.00031142818625085056
0.006742474157363176
0.00038135386421345174
0.00018647518299985677
0.004871785175055265
0.009041131474077702
0.030648604035377502
0.032198596745729446
0.008376467041671276
0.00048638111911714077
0.017701679840683937
0.01251665223389864
0.008711216039955616
0.005244998261332512
0.00047718509449623525
0.004623296204954386
0.00490797171369195
0.0007980471709743142
0.0008935813675634563
0.000275031867204234
0.013446187600493431
0.03313058614730835
0.0055851200595498085
0.00003420469874981791
0.006295503582805395
0.0101051926612854
0.0022906821686774492
0.02021622471511364
0.000148463761433959
0.0016810251399874687
0.003540593199431896
0.004866374656558037
0.0004159729869570583
0.0006406057509593666
0.0008134382078424096
0.00399216590449214
0.0006797068635933101
0.024794863536953926
0.002167218131944537
0.0007327433559112251
0.0387704111635685
0.00041020565549843013
0.0074525438249111176
0.0009829133050516248
0.001199481193907559
0.005653644446283579
0.01350574754178524
0.004734023939818144
0.0003890609950758517
0.0018403076101094484
0.00032317673321813345
0.005264276172965765
0.003804500913247466
0.0018641063943505287
0.004318832419812679
0.00903317704796791
0.0008027180447243154
0.001503584673628211
0.009609587490558624
0.016156213358044624
0.0009745356510393322
0.0026893417816609144
0.001886753598228097
0.028143474832177162
0.006458790972828865
0.00986245647072792
0.0003064888878725469
0.017369691282510757
0.0002708533429540694
0.003127048723399639
0.02336619235575199
0.007061554118990898
0.0012001774739474058
0.0006216093897819519
0.00649099750444293
0.005189869087189436
0.000585355912335217
0.024346575140953064
0.0012274265754967928
0.0008091851486824453
0.015357322990894318
0.0016012074192985892
0.0008098388207145035
0.002771747065708041
0.03144923597574234
0.000805376039352268
0.014773021452128887
0.0017634098185226321
0.007844413630664349
0.007135115098208189
0.0003500612801872194
0.0003422679437790066
0.0029060207307338715
0.0009168096003122628
0.0012873535742983222
0.0015122698387131095
0.002941568149253726
0.0025138964410871267
0.01647433638572693
0.0020797469187527895
0.015086936764419079
0.01165654044598341
0.0002732152643147856
0.0018098922446370125
0.010421548038721085
0.0024012357462197542
0.0005555169773288071
0.0007128645083867013
0.008407474495470524
0.001375750289298594
0.00030383060220628977
0.005358198191970587
0.0007603047415614128
0.0028032376430928707
0.0008660397725179791
0.009526570327579975
0.0003658208006527275
0.0007153602782636881
0.002839215099811554
0.022320585325360298
0.000556478276848793
0.0001836497540352866
0.0036514559760689735
0.0035829786211252213
0.0007462948560714722
0.02542906440794468
0.0006666124099865556
0.013618011958897114
0.00278562237508595
0.0007892370922490954
0.00022562622325494885
0.0067636724561452866
0.00042912125354632735
0.05448107793927193
0.0013088451232761145
0.0017086875159293413
0.003318128641694784
0.005050898529589176
0.00029517218354158103
0.00012123311898903921
0.00009638358460506424
0.0016366818454116583
0.0070061469450592995
0.00004012739736936055
0.018432600423693657
0.0011347143445163965
0.0008657979196868837
0.0001834904687711969
0.00589587539434433
0.00794349517673254
0.0018804006977006793
0.013894815929234028
0.003079775022342801
0.007278155069798231
0.015014439821243286
0.010110042057931423
0.0022713355720043182
0.00153806759044528
0.0001830007677199319
0.016459085047245026
0.005533380433917046
0.00026511045871302485
0.000988089363090694
0.002944944193586707
0.006768463645130396
0.001185030210763216
0.007811008952558041
0.001188006834127009
0.0005648874794133008
0.013115731067955494
0.015824418514966965
0.01861882396042347
0.0014880226226523519
0.0069734505377709866
0.006492290645837784
0.0024629668332636356
0.003699931548908353
0.00028618337819352746
0.0053001269698143005
0.022047782316803932
0.00043222750537097454
0.000986311468295753
0.0004968605353496969
0.0031227951403707266
0.0002804369723889977
0.012908432632684708
0.0022449970711022615
0.012974441051483154
0.0007534969481639564
0.0002891008334700018
0.00023528562451247126
0.0005419548251666129
0.0002598049759399146
0.0003779185062739998
0.0012425750028342009
0.0047951373271644115
0.0016698153922334313
0.010268391110002995
0.006932658143341541
0.0034914251882582903
0.00023755905567668378
0.012939498759806156
0.00045292917639017105
0.0009215989848598838
0.0013561949599534273
0.02263077162206173
0.002346685389056802
0.0004267051990609616
0.0056269410997629166
0.0037865510676056147
0.003038631519302726
0.0007238183752633631
0.017562663182616234
0.0009370299521833658
0.026481136679649353
0.0021960868034511805
0.0006368026370182633
0.0005948544712737203
0.0025332265067845583
0.00528739532455802
0.000385019724490121
0.00030793072073720396
0.001964767463505268
0.00846748985350132
0.00023886628332547843
0.0023613041266798973
0.012885154224932194
0.0035869101993739605
0.0009820936247706413
0.0002456538495607674
0.00042444528662599623
0.002293405821546912
0.0025193425826728344
0.010553262196481228
0.0030899064149707556
0.0006837652181275189
0.007674708962440491
0.00027983367908746004
0.0001092392485588789
0.0004782489559147507
0.00883826706558466
0.0004503659438341856
0.0013000414473935962
0.027852937579154968
0.012803147546947002
0.0025330265052616596
0.005516079254448414
0.00024832665803842247
0.004613067489117384
0.0001940432848641649
0.037865050137043
0.0009471322409808636
0.02802581712603569
0.005413562525063753
0.004102968145161867
0.0011313469149172306
0.027556104585528374
0.0010974510805681348
0.059087373316287994
0.001110212760977447
0.0010902842041105032
0.0013864972861483693
0.007857158780097961
0.003512638621032238
0.001435188460163772
0.005938430316746235
0.002326764864847064
0.010638725012540817
0.00708483112975955
0.0029365578666329384
0.00024404872965533286
0.021701451390981674
0.016173500567674637
0.005287311039865017
0.01898614503443241
0.0034248835872858763
0.0031390574295073748
0.00017209698853548616
0.0027595304418355227
0.0010037625906988978
0.0019564765971153975
0.001948705525137484
0.005701037589460611
0.0047719948925077915
0.0006879369611851871
0.0016410048119723797
0.0067245736718177795
0.0002412918402114883
0.0018447538604959846
0.008375524543225765
0.008326823823153973
0.002321213483810425
0.000274413701845333
0.00413887994363904
0.010023430921137333
0.007930269464850426
0.0006573034333996475
0.0007505839457735419
0.004536123014986515
0.0007674112566746771
0.0017591823125258088
0.000053584684792440385
0.00022011289547663182
0.0008411720627918839
0.029694939032197
0.03076338954269886
0.011883925646543503
0.0028877814766019583
0.0011973925866186619
0.0003209918213542551
0.005166688002645969
0.04773123934864998
0.022744854912161827
0.011016744188964367
0.005281534511595964
0.005291825160384178
0.002489557256922126
0.0030386103317141533
0.0014466986758634448
0.0005005821003578603
0.0022121283691376448
0.007463701535016298
0.0005295753944665194
0.0016271567437797785
0.0013284253655001521
0.0515872947871685
0.0007709510391578078
0.0003905678750015795
0.005237596575170755
0.01610555686056614
0.03373943641781807
0.01139541994780302
0.0008502755663357675
0.011370770633220673
0.0032423667144030333
0.011866162531077862
0.015855573117733
0.0020179012790322304
0.00012181844795122743
0.0010794479167088866
0.0007474463782273233
0.01260815467685461
0.010050363838672638
0.0008176172850653529
0.0004948130226694047
0.0014977557584643364
0.006281308364123106
0.02759609743952751
0.0017086705192923546
0.0005919418181292713
0.00934612937271595
0.0058442531153559685
0.006131102330982685
0.0019108843989670277
0.0041815550066530704
0.01506973896175623
0.00007281612488441169
0.01433856226503849
0.0032091073226183653
0.00045794135075993836
0.002730692271143198
0.0017116550588980317
0.08183495700359344
0.0043610455468297005
0.0010679187253117561
0.004062941297888756
0.0023401754442602396
0.00037406498449854553
0.00044252051156945527
0.0012942325556650758
0.003511702874675393
0.012970955111086369
0.010501286014914513
0.00043650896986946464
0.0007884671213105321
0.00886988639831543
0.044198356568813324
0.0014642849564552307
0.024105671793222427
0.030173059552907944
0.001419673440977931
0.10025624185800552
0.0174539927393198
0.00008198322029784322
0.00025020321481861174
0.00007435498991981149
0.0006081814644858241
0.0006424033199436963
0.00811643898487091
0.0007320772274397314
0.0020883663091808558
0.00005036373477196321
0.00007908679253887385
0.0010492028668522835
0.00827078241854906
0.004427392967045307
0.009278303943574429
0.00017288820527028292
0.00697544077411294
0.0015354881761595607
0.018619045615196228
0.01015800517052412
0.0004481184296309948
0.0033748610876500607
0.002782282652333379
0.006214865483343601
0.004577022045850754
0.012500174343585968
0.0013903153594583273
0.005021813325583935
0.001384835341013968
0.002794031286612153
0.0021813889034092426
0.0018061375012621284
0.01670168526470661
0.04287406802177429
0.027662191540002823
0.025406379252672195
0.01022584643214941
0.0007362424512393773
0.005901214201003313
0.03473662585020065
0.0014428832801058888
0.0024893288500607014
0.003131048521026969
0.008187328465282917
0.0003920994931831956
0.00044631274067796767
0.032176848500967026
0.002261257264763117
0.010607298463582993
0.00027996228891424835
0.0009959141025319695
0.0018355520442128181
0.004037355538457632
0.003612818894907832
0.0005231506656855345
0.0005764694651588798
0.003507604356855154
0.006490856409072876
0.01608946919441223
0.006471648346632719
0.001122114947065711
0.004073156975209713
0.0002736025780905038
0.002360001439228654
0.002789900405332446
0.0009960083989426494
0.001325833611190319
0.0017005478730425239
0.02693958394229412
0.0013349629007279873
0.00041323661571368575
0.00011107786849606782
0.0003070018719881773
0.0011403762036934495
0.0006931456155143678
0.0020900540985167027
0.003828827291727066
0.0040688724257051945
0.0013682229910045862
0.00016376916028093547
0.0007697157561779022
0.010664747096598148
0.015155483037233353
0.0007294878596439958
0.004569436423480511
0.0043066879734396935
0.0002513776707928628
0.006239835172891617
0.015489859506487846
0.0012486643390730023
0.003413114231079817
0.001747314352542162
0.00399706931784749
0.009586784988641739
0.015041318722069263
0.008593529462814331
0.004471987951546907
0.0008244105847552419
0.005096908193081617
0.0007539094658568501
0.006649712100625038
0.00013545666297432035
0.00010170646419283003
0.007098800037056208
0.010668487288057804
0.0003127527015749365
0.0015662836376577616
0.0014691404066979885
0.03163720667362213
0.0038040231447666883
0.017923960462212563
0.00043054253910668194
0.012301054783165455
0.013028022833168507
0.013131823390722275
0.004049411043524742
0.000288150564301759
0.002505304990336299
0.005276216194033623
0.0017631263472139835
0.001192393247038126
0.0005223749903962016
0.001044599455781281
0.00028651393949985504
0.00030458351830020547
0.0014497390948235989
0.0011751425918191671
0.00230010855011642
0.004288666881620884
0.0011374863097444177
0.03585338220000267
0.0002882876724470407
0.004476943518966436
0.0037580004427582026
0.0022206816356629133
0.01136847771704197
0.0009514016564935446
0.0017182674491778016
0.00036526855546981096
0.0009101777686737478
0.006402483209967613
0.02412104792892933
0.0012235919712111354
0.0002051127521554008
0.005325498525053263
0.024570956826210022
0.013163639232516289
0.0013902257196605206
0.00043600634671747684
0.0004277538973838091
0.005482844542711973
0.004406088963150978
0.019943254068493843
0.005294271744787693
0.0029372626449912786
0.007862480357289314
0.0007933200686238706
0.0007806926150806248
0.0309903621673584
0.002068365691229701
0.006943121086806059
0.0004352149844635278
0.01512578409165144
0.0009474133839830756
0.0019255797378718853
0.01349588856101036
0.00032658869167789817
0.004341613966971636
0.0007010605186223984
0.013519897125661373
0.004770316649228334
0.010191863402724266
0.00346998474560678
0.0007814222481101751
0.0018168811220675707
0.0014213384129106998
0.0028424011543393135
0.001398385502398014
0.000470836297608912
0.0037535165902227163
0.002086533233523369
0.0005919726099818945
0.0032426700927317142
0.00022717315005138516
0.0005686302320100367
0.0003677915083244443
0.005162254441529512
0.00022918230388313532
0.0036205933429300785
0.0003398772969376296
0.005010969936847687
0.0030936396215111017
0.001803677761927247
0.00044369124225340784
0.012083609588444233
0.012612679973244667
0.0019343671156093478
0.0009765854338184
0.005752009805291891
0.002947704866528511
0.012065904214978218
0.0002559284621383995
0.004740498494356871
0.00008495801012031734
0.00025419637677259743
0.004476412199437618
0.0007553399191237986
0.01757013611495495
0.00009511048847343773
0.010825805366039276
0.00038269482320174575
0.00046206871047616005
0.0003129344549961388
0.007978704757988453
0.000962021469604224
0.0005682131741195917
0.00046826855395920575
0.010841053910553455
0.0004884867230430245
0.0025750715285539627
0.007850364781916142
0.004746702965348959
0.002687544794753194
0.005274491384625435
0.001914721098728478
0.00018637230095919222
0.023287462070584297
0.0020420311484485865
0.0007764691836200655
0.02667251043021679
0.0023280070163309574
0.00034362764563411474
0.003226545639336109
0.004534645937383175
0.012513279914855957
0.001978109823539853
0.0007229770999401808
0.00025857120635919273
0.0006047614733688533
0.0006731327739544213
0.0026607136242091656
0.00008985081512946635
0.0009929442312568426
0.0068428777158260345
0.0022160436492413282
0.009627996943891048
0.008444445207715034
0.0010736221447587013
0.0012993343407288194
0.030359042808413506
0.00012678052007686347
0.0006066090427339077
0.002241364447399974
0.00006678101635770872
0.02364359050989151
0.0010089229326695204
0.0016168301226571202
0.02069535292685032
0.00495939189568162
0.004463761579245329
0.006225611083209515
0.0018229340203106403
0.0003773196367546916
0.0005735576269216835
0.0011812146985903382
0.014951110817492008
0.0022956046741455793
0.007236766163259745
0.00041403580689802766
0.0004705694445874542
0.0000360048798029311
0.0005990451318211854
0.000664103776216507
0.0008590576471760869
0.013690401799976826
0.005100504029542208
0.0008257219451479614
0.0010804366320371628
0.000686784100253135
0.03265270218253136
0.0022728878539055586
0.004785915371030569
0.0012842395808547735
0.021681804209947586
0.0033084640745073557
0.0002889448660425842
0.0006620943895541131
0.015004104934632778
0.0032111352775245905
0.004432117100805044
0.0068436600267887115
0.001510264235548675
0.013915527611970901
0.0024777092039585114
0.0002732767607085407
0.00013665284495800734
0.0005066138692200184
0.0005875998758710921
0.0005599455907940865
0.00007194507634267211
0.0034055844880640507
0.01015867292881012
0.0015935752307996154
0.0028008471708744764
0.0020482803229242563
0.012503300793468952
0.0049873096868395805
0.0002443965058773756
0.0036414493806660175
0.021358171477913857
0.0017020185478031635
0.0016064451774582267
0.0035276077687740326
0.008924135938286781
0.0016069249249994755
0.003575059585273266
0.04548128321766853
0.0012606168165802956
0.003151093376800418
0.011997489258646965
0.00021708848362322897
0.003551242873072624
0.005283155478537083
0.00022927808458916843
0.004004091955721378
0.0038821182679384947
0.01608503796160221
0.007317312061786652
0.00023142161080613732
0.0002582367160357535
0.00045497107203118503
0.00026305540814064443
0.0005594870308414102
0.007695671636611223
0.0007425647345371544
0.0011813208693638444
0.0012948929797858
0.008232944644987583
0.0006264388794079423
0.004860465414822102
0.03358815982937813
0.013446729630231857
0.0002482683921698481
0.051650602370500565
0.007051235996186733
0.008851236663758755
0.005048252642154694
0.03050893358886242
0.0001946099946508184
0.02388358861207962
0.010697789490222931
0.0019241211703047156
0.00098456593696028
0.007190873846411705
0.0008757036994211376
0.0004555579216685146
0.0013972911983728409
0.006722302176058292
0.009491642005741596
0.00018847330647986382
0.043550875037908554
0.009107568301260471
0.001021592877805233
0.026977427303791046
0.016869183629751205
0.005108609329909086
0.0011198879219591618
0.0008354109013453126
0.00450008874759078
0.008128809742629528
0.0019686745945364237
0.0028689091559499502
0.005225066095590591
0.010496655479073524
0.045774195343256
0.02559889480471611
0.01628926396369934
0.0019701835699379444
0.0021683743689209223
0.0004754583933390677
0.0032315230928361416
0.011876077391207218
0.0046757725067436695
0.0002062371640931815
0.001330578001216054
0.00025307617033831775
0.0031741110142320395
0.0009230533032678068
0.00635320832952857
0.004536950960755348
0.011502009816467762
0.0003835763782262802
0.003046338679268956
0.0002812808961607516
0.006937643047422171
0.001966695999726653
0.008309689350426197
0.00246090954169631
0.0014672755496576428
0.0005233323317952454
0.00022049799736123532
0.0011265664361417294
0.0013259461848065257
0.0019831459503620863
0.00020584258891176432
0.012544270604848862
0.006577422842383385
0.02059416100382805
0.010793636552989483
0.001735203666612506
0.0007537988713011146
0.0024867865722626448
0.008895854465663433
0.06479083001613617
0.002545728115364909
0.0017295647412538528
0.0002806589182000607
0.018422087654471397
0.0011378887575119734
0.019388483837246895
0.0279240719974041
0.0027565485797822475
0.00429882574826479
0.0038813017308712006
0.00026045882259495556
0.006413011811673641
0.013541479595005512
0.002440775977447629
0.05111686512827873
0.0036480745766311884
0.016848616302013397
0.0056654163636267185
0.004240820184350014
0.022827273234725
0.019343925639986992
0.005072220228612423
0.001641814480535686
0.024745577946305275
0.0010071966098621488
0.04955221712589264
0.0025294795632362366
0.0002069398615276441
0.0007288539782166481
0.002046070760115981
0.0016577794449403882
0.0003728958545252681
0.0004474169109016657
0.012041768990457058
0.004675406031310558
0.003993211779743433
0.00014992806245572865
0.020092399790883064
0.014710744842886925
0.013463613577187061
0.002183702075853944
0.043734148144721985
0.0018739408114925027
0.0011887367581948638
0.01325645949691534
0.0008724392973817885
0.0028797797858715057
0.0023259760346263647
0.0005609269137494266
0.02689245715737343
0.013957073912024498
0.038462720811367035
0.007838071323931217
0.003386127995327115
0.00032873268355615437
0.02347152680158615
0.010584644973278046
0.022372430190443993
0.010900311172008514
0.00165547092910856
0.0008209884981624782
0.010352080687880516
0.00012513739056885242
0.005639076232910156
0.0006380616105161607
0.005194955505430698
0.000747783575206995
0.0007706116884946823
0.006720172241330147
0.03563029319047928
0.0037583906669169664
0.0017043870175257325
0.03287709876894951
0.0038383996579796076
0.03302139416337013
0.004125683568418026
0.00037660193629562855
0.0027416525408625603
0.0011205117916688323
0.008533196523785591
0.0170036219060421
0.005986472591757774
0.05037814378738403
0.0032356001902371645
0.0004665349260903895
0.001857816707342863
0.0010953806340694427
0.004646981600672007
0.024952180683612823
0.0019415970891714096
0.0185056384652853
0.0009500954183749855
0.004396477714180946
0.000199446571059525
0.009530615992844105
0.06049478426575661
0.00970534235239029
0.006071279291063547
0.02640671469271183
0.00020609509374480695
0.008282722905278206
0.0009806593880057335
0.0012016405817121267
0.0033758010249584913
0.00019884084758814424
0.0009304241393692791
0.01797492243349552
0.004199807997792959
0.010032609105110168
0.00245167245157063
0.0012917810818180442
0.0015969086671248078
0.007951765321195126
0.0004896698519587517
0.0031956108286976814
0.021193858236074448
0.09074515849351883
0.025872182101011276
0.016826694831252098
0.0012677537743002176
0.0011522535933181643
0.0025535484310239553
0.00013556376507040113
0.004046021495014429
0.0012500693555921316
0.008651837706565857
0.006441946607083082
0.03216066211462021
0.0015863670269027352
0.012112617492675781
0.0070092338137328625
0.003887349274009466
0.0034171638544648886
0.0007543290266767144
0.014716705307364464
0.006225390359759331
0.015204299241304398
0.013601420447230339
0.0002260459732497111
0.00047511031152680516
0.007444288581609726
0.00023985328152775764
0.0017848015995696187
0.013351239264011383
0.00888039730489254
0.0031996064353734255
0.0005104009760543704
0.0046288128942251205
0.063112273812294
0.0028416248969733715
