0.0015275757759809494
0.028590088710188866
0.00040235486812889576
0.0016804408514872193
0.0003143355716019869
0.04524410143494606
0.003123013535514474
0.011569710448384285
0.03240269050002098
0.0007181093096733093
0.0006191952270455658
0.00217332411557436
0.009609969332814217
0.008906485512852669
0.0019393406109884381
0.0008146325126290321
0.0025220769457519054
0.005069879349321127
0.031587034463882446
0.012301704846322536
0.0002971214707940817
0.0048281545750796795
0.0004437971510924399
0.00016130783478729427
0.007679658941924572
0.005200622603297234
0.006794930435717106
0.021368782967329025
0.010185884311795235
0.00035781064070761204
0.0024052353110164404
0.0032840631902217865
0.0013264254666864872
0.005985969211906195
0.0005243826890364289
0.0014230094384402037
0.02068905718624592
0.0018389769829809666
0.00013757211854681373
0.007973111234605312
0.013150960206985474
0.015225674025714397
0.0003353875072207302
0.0030935644172132015
0.002666681306436658
0.0035466079134494066
0.004650977440178394
0.0012495246483013034
0.0016965821851044893
0.012030868791043758
0.0006916848942637444
0.0034328775946050882
0.0013579798396676779
0.0019321494037285447
0.017331218346953392
0.007960044778883457
0.0008189380750991404
0.00030595186399295926
0.0006021109875291586
0.01899215579032898
0.015454092063009739
0.011953886598348618
0.008554759435355663
0.00782947987318039
0.0019051425624638796
0.0059787738136947155
0.004803081508725882
0.0023347712121903896
0.01781976781785488
0.003344041993841529
0.0038674194365739822
0.014154883101582527
0.0028534303419291973
0.0001431214332114905
0.0005535748787224293
0.0012426250614225864
0.014975741505622864
0.011283421888947487
0.0005793358432129025
0.0006226840196177363
0.001077923458069563
0.007984716445207596
0.003433041274547577
0.0032315729185938835
0.01892811991274357
0.0014879165682941675
0.0036803327966481447
0.001978028565645218
0.0004293159581720829
0.0006888899952173233
0.0020272615365684032
0.0011712752748280764
0.0015461641596630216
0.0002862825058400631
0.0003383243747521192
0.0006304609123617411
0.012651501223444939
0.0034485512878745794
0.025120534002780914
0.0009068338549695909
0.00034986570244655013
0.0021110200323164463
0.0025083962827920914
0.006396550685167313
0.011093434877693653
0.0015603337669745088
0.0010279841953888535
0.003067702753469348
0.0027693079318851233
0.014426026493310928
0.01295786164700985
0.008576055988669395
0.0022263890132308006
0.003426693379878998
0.01010794285684824
0.001379012712277472
0.005509480834007263
0.004651555325835943
0.0003772611089516431
0.001816740958020091
0.0011338135227560997
0.0016871815314516425
0.011073404923081398
0.00023529835743829608
0.017143886536359787
0.00016428179515060037
0.001482869149185717
0.00127326394431293
0.004219532944262028
0.0033844122663140297
0.021857088431715965
0.00864926353096962
0.002101509366184473
0.001220783102326095
0.011709604412317276
0.001097600907087326
0.012688293121755123
0.0005786793190054595
0.001605620258487761
0.0016644637798890471
0.0027239301707595587
0.0026966221630573273
0.005260616075247526
0.03438761085271835
0.012917880900204182
0.020910387858748436
0.00020129868062213063
0.004020765423774719
0.0004079192876815796
0.00022310626809485257
0.050752218812704086
0.002556610619649291
0.004353167489171028
0.0026350715197622776
0.0001190788607345894
0.00021026862668804824
0.0009949415689334273
0.0533834807574749
0.00984106119722128
0.0022142338566482067
0.0014596192631870508
0.007650637533515692
0.003642025403678417
0.0002695389266591519
0.00535820797085762
0.02648731879889965
0.000136044982355088
0.004099584184587002
0.019276253879070282
0.0003025680489372462
0.04309092462062836
0.0029009466525167227
0.00921520683914423
0.019507864490151405
0.010873628780245781
0.011963827535510063
0.0036571016535162926
0.018001478165388107
0.002992213936522603
0.001575847971253097
0.03825093060731888
0.0011606381740421057
0.024492667987942696
0.0006571202538907528
0.0037788329645991325
0.01715252175927162
0.01797395572066307
0.01575103960931301
0.010798601433634758
0.035758376121520996
0.02386411279439926
0.0033551198430359364
0.007904921658337116
0.00063493283232674
0.0038917437195777893
0.00044495874317362905
0.001432207878679037
0.0009344741702079773
0.0024716213811188936
0.0010730759240686893
0.00033048048499040306
0.008972634561359882
0.034530214965343475
0.006996627897024155
0.00029001207440160215
0.007473255041986704
0.0001923245145007968
0.0041819363832473755
0.00021074518735986203
0.018452556803822517
0.009144680574536324
0.010435244999825954
0.0008427216089330614
0.001881191972643137
0.024513982236385345
0.008890502154827118
0.0018136212602257729
0.009542894549667835
0.0024403578136116266
0.041233908385038376
0.0012743232073262334
0.004203557036817074
0.0007843761122785509
0.0021724726539105177
0.000948295637499541
0.011724907904863358
0.0004742833261843771
0.014802412129938602
0.0013468224788084626
0.007072596810758114
0.011291942559182644
0.003801861312240362
0.003159667830914259
0.010009505786001682
0.02077062986791134
0.0003577802563086152
0.01601044461131096
0.0034515769220888615
0.0006406942848116159
0.011199402622878551
0.003137032501399517
0.0001651503553148359
0.005578573327511549
0.0003440856817178428
0.0027374322526156902
0.027765383943915367
0.04308318719267845
0.023588737472891808
0.009747950360178947
0.0012289854930713773
0.007114468142390251
0.009752371348440647
0.0011442170944064856
0.0005368640413507819
0.004292420111596584
0.0020869567524641752
0.03633318096399307
0.017451096326112747
0.00043537281453609467
0.0003346035082358867
0.0032915156334638596
0.004018167965114117
0.0012500802986323833
0.020608482882380486
0.004155934322625399
0.0001419789477949962
0.004931333474814892
0.0028936555609107018
0.005256019067019224
0.029446935281157494
0.0022221666295081377
0.0011014719493687153
0.001107555697672069
0.0011244392953813076
0.01787538453936577
0.003135942155495286
0.002082806546241045
0.02848721481859684
0.026670070365071297
0.0013655462535098195
0.019135817885398865
0.008419041521847248
0.0035938387736678123
0.0043066502548754215
0.0004045809037052095
0.005317396484315395
0.00041020463686436415
0.04810085520148277
0.001230577938258648
0.0014241673052310944
0.0018982101464644074
0.0010896202875301242
0.0120531702414155
0.012202808633446693
0.004090779460966587
0.008192627690732479
0.005364481825381517
0.0030465589370578527
0.0008050897740758955
0.008502203971147537
0.0012876882683485746
0.0006869500502943993
0.0010442702332511544
0.0026514038909226656
0.016779659315943718
0.00453153857961297
0.006299166474491358
0.006872833706438541
0.00042125588515773416
0.0027948494534939528
0.005873911082744598
0.03408921882510185
0.0006952236290089786
0.015694813802838326
0.0009418489062227309
0.010146618820726871
0.0002501961716916412
0.012779299169778824
0.03671870008111
0.0036477914545685053
0.024443622678518295
0.02095833048224449
0.0010062542278319597
0.00021454184025060385
0.00028611739980988204
0.0003937130968552083
0.0015007590409368277
0.0048308768309652805
0.003472970798611641
0.0027320869266986847
0.01593690924346447
0.01054936833679676
0.010422010906040668
0.006773787084966898
0.004281896166503429
0.00577434990555048
0.03659987822175026
0.001971349585801363
0.0004058286431245506
0.031466711312532425
0.02121651917695999
0.0014428901486098766
0.009915235452353954
0.01676821894943714
0.012174447998404503
0.0028926117811352015
0.0009497738210484385
0.0005891827750019729
0.027361217886209488
0.011429589241743088
0.011310613714158535
0.01829555630683899
0.00008080377301666886
0.0023256484419107437
0.0003628648992162198
0.0032965214923024178
0.0014740150654688478
0.004336962476372719
0.002651502378284931
0.031209414824843407
0.004915488883852959
0.0014828949933871627
0.0007520202780142426
0.00018780052778311074
0.01955948770046234
0.004825427662581205
0.0007696985267102718
0.0008809950086288154
0.038188640028238297
0.04267901927232742
0.003750527510419488
0.007966936565935612
0.0033022002317011356
0.0035953919868916273
0.0005715651204809546
0.003168497234582901
0.0008897745283320546
0.001361965318210423
0.013457473367452621
0.013477107509970665
0.010518918745219707
0.0028010765090584755
0.0012515756534412503
0.005371786653995514
0.0031248664017766714
0.0002906025911215693
0.010812537744641304
0.02827620692551136
0.0014352493453770876
0.014133710414171219
0.0012899995781481266
0.003212212584912777
0.0024354495108127594
0.005078883375972509
0.0018269073916599154
0.01635114848613739
0.001938165514729917
0.009327210485935211
0.0009432265651412308
0.007899186573922634
0.01498729083687067
0.0008489369065500796
0.0016190751921385527
0.013060993514955044
0.020999819040298462
0.0026470208540558815
0.03166051208972931
0.002132073510438204
0.0019596379715949297
0.026110989972949028
0.017710324376821518
0.012743889354169369
0.03874943405389786
0.0010238185059279203
0.0006865901523269713
0.026604441925883293
0.034825172275304794
0.02811317704617977
0.0022060545161366463
0.010159565135836601
0.006834720727056265
0.04030224680900574
0.00603944156318903
0.004910045303404331
0.002268962562084198
0.0032206554897129536
0.0032970390748232603
0.0038137570954859257
0.0005896561197005212
0.0032676763366907835
0.03657754138112068
0.004933970980346203
0.0042541553266346455
0.004338584840297699
0.002788000740110874
0.002299337415024638
0.002895038342103362
0.0012433028314262629
0.004212148021906614
0.004795806482434273
0.0013162742834538221
0.0077466280199587345
0.01801457814872265
0.004596793092787266
0.00027101661544293165
0.004870153963565826
0.006750787608325481
0.00878289807587862
0.000399851705878973
0.005606099497526884
0.0029214557725936174
0.0022971839644014835
0.00316631724126637
0.0012211004504933953
0.0069550746120512486
0.01546273659914732
0.0026862029917538166
0.00018341443501412868
0.011861844919621944
0.017478151246905327
0.018882304430007935
0.0005601294687949121
0.002621032763272524
0.006225042976438999
0.0004907911643385887
0.010072987526655197
0.0010603821137920022
0.001300846808589995
0.0017754696309566498
0.004025656264275312
0.005380157846957445
0.0014602470910176635
0.00011676832218654454
0.006984891835600138
0.0016314625972881913
0.003667348762974143
0.0002942015998996794
0.0051587470807135105
0.0017100120894610882
0.0014257124857977033
0.0027006911113858223
0.021607568487524986
0.046535760164260864
0.006860205437988043
0.007481461390852928
0.004242999013513327
0.011881106533110142
0.0009755974169820547
0.004070560447871685
0.0046923509798944
0.00024139434390235692
0.0029404200613498688
0.006153429858386517
0.006756109651178122
0.02346426248550415
0.00016743478772696108
0.003205175744369626
0.00015231808356475085
0.03324782848358154
0.006216287612915039
0.010415780358016491
0.005604988429695368
0.003233491675928235
0.00435128016397357
0.002747987164184451
0.0010877503082156181
0.002290262607857585
0.00873473659157753
0.03374690189957619
0.005525224842131138
0.009538492187857628
0.003998872358351946
0.005276679061353207
0.009565823711454868
0.001272217952646315
0.0010136559139937162
0.004779732320457697
0.000737542868591845
0.0019974701572209597
0.0006953083211556077
0.001413094811141491
0.0017598663689568639
0.0038857904728502035
0.005968132521957159
0.0013660745462402701
0.0019304356537759304
0.002509868470951915
0.00031058836611919105
0.0028046192601323128
0.000127198058180511
0.005246014334261417
0.00040951077244244516
0.0022255864460021257
0.0010617519728839397
0.01839587092399597
0.013356993906199932
0.008948181755840778
0.00023067666916176677
0.006040216889232397
0.0005424522096291184
0.0004683129664044827
0.0035086425486952066
0.003267840947955847
0.00011420781083870679
0.0022765635512769222
0.0013848680537194014
0.002150843618437648
0.001407160423696041
0.0005754874437116086
0.0002103899751091376
0.0022042531054466963
0.002263421192765236
0.005868775304406881
0.007145771756768227
0.00015195831656455994
0.0004898625193163753
0.002974587958306074
0.0018048896454274654
0.00870298407971859
0.002715424168854952
0.0023802921641618013
0.0002706584637053311
0.0009246129193343222
0.013412892818450928
0.0014562299475073814
0.0006201732903718948
0.0019901953637599945
0.008450943045318127
0.022700928151607513
0.000042803821997949854
0.0014344357186928391
0.012424574233591557
0.0014000852825120091
0.010952620767056942
0.0002641856553964317
0.014708714559674263
0.0003091490943916142
0.000995485344901681
0.0042585344053804874
0.012696292251348495
0.0270654559135437
0.0022807265631854534
0.010830674320459366
0.02244880236685276
0.024285975843667984
0.0014362405054271221
0.001841787714511156
0.0011876969365403056
0.0004138244257774204
0.06030762940645218
0.0037623357493430376
0.023744605481624603
0.008527128025889397
0.00036543223541229963
0.0034546994138509035
0.014088832773268223
0.0004318436549510807
0.0032377636525779963
0.012986905872821808
0.004384188447147608
0.012425970286130905
0.001510527334176004
0.0010861451737582684
0.009939410723745823
0.003920311573892832
0.010076945647597313
0.01051882654428482
0.003824428655207157
0.033399682492017746
0.0024684318341314793
0.02726966142654419
0.00016509323904756457
0.006858748383820057
0.00824752077460289
0.0003649993450380862
0.006239976733922958
0.0009971046820282936
0.009481361135840416
0.0112364012748003
0.004334887024015188
0.001147083006799221
0.024470340460538864
0.0015158477472141385
0.0005504630389623344
0.0005157508421689272
0.000649492722004652
0.0018162750639021397
0.0008105468587018549
0.0019243310671299696
0.014517735689878464
0.0037124771624803543
0.005873076617717743
0.0012506376951932907
0.001086782431229949
0.0003254240727983415
0.0019245919538661838
0.02231188677251339
0.0006942699546925724
0.0008774455054663122
0.005407887045294046
0.004022512119263411
0.0019467644160613418
0.009803315624594688
0.00016956772014964372
0.01244140975177288
0.014390057884156704
0.04793225973844528
0.0002551889338064939
0.03276575356721878
0.00273501081392169
0.006642539519816637
0.02917603589594364
0.001214049756526947
0.0019388392101973295
0.0001234277879120782
0.001029646024107933
0.009909077547490597
0.01230555959045887
0.030793622136116028
0.0009728033328428864
0.005520787090063095
0.010041718371212482
0.017595091834664345
0.0010757636046037078
0.03627179190516472
0.004968540742993355
0.005666437093168497
0.002873336197808385
0.0008303456706926227
0.0019861264154314995
0.0006299687665887177
0.0003346253070048988
0.0009665469406172633
0.014478275552392006
0.0060808430425822735
0.04011762514710426
0.034775782376527786
0.0010507248807698488
0.0006958757876418531
0.00004620437903213315
0.007012663409113884
0.0011534448713064194
0.04921068251132965
0.0013615174684673548
0.007390106562525034
0.0007692335057072341
0.008568838238716125
0.0009372361237183213
0.010970788076519966
0.002941462444141507
0.0005709068500436842
0.021614819765090942
0.011434613727033138
0.005011203233152628
0.0014222603058442473
0.007757072802633047
0.0018608468817546964
0.0007150124292820692
0.004589275922626257
0.021762046962976456
0.0003484453191049397
0.0005431027384474874
0.0024173215497285128
0.0006711057503707707
0.019487289711833
0.0010412222472950816
0.00023332028649747372
0.00093889917479828
0.001367701101116836
0.008835719898343086
0.035297293215990067
0.0007823258638381958
0.00015682075172662735
0.025015270337462425
0.0010270720813423395
0.010556241497397423
0.03811842203140259
0.0006612199358642101
0.0007867426029406488
0.03181442990899086
0.00022954808082431555
0.00009872358350548893
0.009337983094155788
0.00039767284761182964
0.0023185594473034143
0.004847149830311537
0.00039374479092657566
0.00037708491436205804
0.0035803953651338816
0.008529847487807274
0.026528770104050636
0.0008479247917421162
0.0017932441551238298
0.029339244589209557
0.0029036817140877247
0.0015336348442360759
0.0024985317140817642
0.0009564456413500011
0.003149830736219883
0.0023902668617665768
0.025822609663009644
0.007648556027561426
0.00030430578044615686
0.00038516908534802496
0.006944816559553146
0.0024340017698705196
0.0004471277352422476
0.010689998045563698
0.004613177850842476
0.04139528051018715
0.01644054427742958
0.0004747222119476646
0.02035617269575596
0.013919406570494175
0.021739399060606956
0.00027013433282263577
0.0014431365998461843
0.0008199597941711545
0.016241593286395073
0.009574064053595066
0.0006482135504484177
0.004660821985453367
0.02405664697289467
0.022321069613099098
0.015703171491622925
0.0067899106070399284
0.0020522691775113344
0.00016568720457144082
0.0005133278318680823
0.002033971017226577
0.0010982522508129478
0.0016505301464349031
0.0012523273471742868
0.00021066727640572935
0.0014512768248096108
0.0013817105209454894
0.001778017496690154
0.0002271810662932694
0.017669156193733215
0.01733129471540451
0.0004953752504661679
0.00018909362552221864
0.002695860108360648
0.0036569656804203987
0.007719081826508045
0.00006723973638145253
0.0003209180722478777
0.011433709412813187
0.0025944747030735016
0.0013158975634723902
0.0035075340420007706
0.007098968140780926
0.0004968945286236703
0.0005579266580753028
0.0011258432641625404
0.0010661084670573473
0.0002547255717217922
0.0027003653813153505
0.00975040253251791
0.016547884792089462
0.0013211872428655624
0.002168347593396902
0.04158828407526016
0.00015000147686805576
0.0010553356260061264
0.0002482772106304765
0.0003873951209243387
0.007166971452534199
0.0003981462214142084
0.004957927390933037
0.02069558948278427
0.00102687266189605
0.004840979352593422
0.0026319369208067656
0.009067018516361713
0.043157607316970825
0.0013618686934933066
0.013221454806625843
0.0010021172929555178
0.001017774804495275
0.00011331982386764139
0.0019098453922197223
0.0002417301875539124
0.0015025896718725562
0.008121517486870289
0.01592843234539032
0.006343397777527571
0.0002276942686876282
0.005100418347865343
0.004037364851683378
0.030720895156264305
0.0017032366013154387
0.006254864856600761
0.0004132868489250541
0.016840633004903793
0.0508318766951561
0.0013757855631411076
0.009213894605636597
0.0029453516472131014
0.02034815028309822
0.02705644629895687
0.0002260155015392229
0.00020748793031089008
0.007884453982114792
0.003357016947120428
0.006711639929562807
0.01824534870684147
0.0057863276451826096
0.00023272825637832284
0.0007772935787215829
0.0043754843063652515
0.004988024476915598
0.03717222809791565
0.0035279663279652596
0.0018528273794800043
0.0006590494303964078
0.028708109632134438
0.010831735096871853
0.0005068913451395929
0.000999771524220705
0.006880665197968483
0.03328122943639755
0.022758329287171364
0.024860739707946777
0.006470779422670603
0.005960296373814344
0.00023668976791668683
0.001794980140402913
0.003693933831527829
0.0004602328408509493
0.013473037630319595
0.008978254161775112
0.00010550156002864242
0.00488677155226469
0.003914563916623592
0.0003518400189932436
0.00536596542224288
0.0001891880965558812
0.006963188294321299
0.01491361204534769
0.0024885055609047413
0.01944335550069809
0.017219703644514084
0.010116560384631157
0.04216044768691063
0.023753318935632706
0.0005081414710730314
0.009878826327621937
0.018749797716736794
0.007310983259230852
0.0012317850487306714
0.0033561273012310266
0.009778149425983429
0.03017701581120491
0.04473584145307541
0.029311861842870712
0.000270040356554091
0.002704437356442213
0.0011504649883136153
0.003801746992394328
0.00073487579356879
0.008686414919793606
0.026600413024425507
0.005728197284042835
0.0011466925498098135
0.005028434097766876
0.02571401558816433
0.019016096368432045
0.02329394221305847
0.0009691170416772366
0.0005286786472424865
0.0121016139164567
0.020963648334145546
0.02095656469464302
0.018021360039711
0.0010532436426728964
0.0028844079934060574
0.002382050734013319
0.0026205081958323717
0.00806675385683775
0.011410151608288288
0.004560910165309906
0.017379282042384148
0.001979230670258403
0.011404860764741898
0.004691685549914837
0.0023253809195011854
0.010360154323279858
0.014292647130787373
0.0025200878735631704
0.001413306687027216
0.0044832369312644005
0.0003334891807753593
0.00006584716174984351
0.012395629659295082
0.0005654728738591075
0.013258123770356178
0.009274879470467567
0.0033172075636684895
0.001423762529157102
0.0013887552777305245
0.000010442843631608412
0.0009188980329781771
0.00259753642603755
0.0047904858365654945
0.0012715779012069106
0.02254759892821312
0.00574922189116478
0.011004243046045303
0.03314099460840225
0.03663516417145729
0.0006316734943538904
0.0059608579613268375
0.0003178883343935013
0.003641679650172591
0.00009559270256431773
0.00037209587753750384
0.00294020539149642
0.000072308219387196
0.0019266046583652496
0.04027446731925011
0.006072386633604765
0.0007219868712127209
0.009784768335521221
0.008558993227779865
0.014529429376125336
0.023933058604598045
0.02721523307263851
0.000605117529630661
0.008430088870227337
0.00008998069097287953
0.002829320030286908
0.0012522294418886304
0.0006191267166286707
0.009579855017364025
0.004284779075533152
0.004253259394317865
0.012555941939353943
0.016708264127373695
0.00015073831309564412
0.0002560749708209187
0.002527468139305711
0.0009579885518178344
0.0015861118445172906
0.0018390731420367956
0.01871825009584427
0.0029350684490054846
0.000042228592064930126
0.002003666013479233
0.03814801201224327
0.0014278738526627421
0.0007464488153345883
0.00560392951592803
0.023287395015358925
0.0002714511356316507
0.005313537083566189
0.007391355000436306
0.025577643886208534
0.010104411281645298
0.011932430788874626
0.0482269786298275
0.004854864440858364
0.0035318268928676844
0.000808155455160886
0.00048414283082820475
0.03584357351064682
0.03125641867518425
0.005557085387408733
0.0025226809084415436
0.0012743411352857947
0.0010229593608528376
0.006047173403203487
0.007035401184111834
0.00007626192382303998
0.004300639033317566
0.002880071522668004
0.003490338334813714
0.014811286702752113
0.0008118927362374961
0.0005516873206943274
0.0025028358213603497
0.006422779988497496
0.014578750357031822
0.00894287507981062
0.000595411635003984
0.020527619868516922
0.00027548387879505754
0.007204172667115927
0.0001673194783506915
0.005453991703689098
0.013497392646968365
0.003163947258144617
0.0008411734597757459
0.0008584874449297786
0.002662018174305558
0.03355107083916664
0.0001920392969623208
0.00022139714565128088
0.000658240111079067
0.0018446540925651789
0.0012175183510407805
0.0002143911406164989
0.001217037788592279
0.0032383904326707125
0.007507710251957178
0.02658398076891899
0.004582367371767759
0.008118751458823681
0.0009253961034119129
0.0037448157090693712
0.0031172980088740587
0.017433371394872665
0.0002970474597532302
0.0020108555909246206
0.0003926360222976655
0.006708867847919464
0.009133825078606606
0.0124864736571908
0.000677550386171788
0.001442439155653119
0.0011977959657087922
0.00022910514962859452
0.00338272238150239
0.006391643546521664
0.001681923633441329
0.000398934178519994
0.0004905256209895015
0.00020318212045822293
0.013181720860302448
0.033896248787641525
0.0008093082578852773
0.0016427465016022325
0.00019240811525378376
0.000967893865890801
0.00101526512298733
0.0017447529826313257
0.0025783730670809746
0.020761754363775253
0.000361608195817098
0.003915194887667894
0.00040996907046064734
0.02193473093211651
0.0004191033076494932
0.01535218395292759
0.002140093594789505
0.002283286303281784
0.00022287433966994286
0.0016637539956718683
0.019013995304703712
0.001032599015161395
0.006333306431770325
0.00815551821142435
0.035372328013181686
0.0034639565274119377
0.001447552815079689
0.0052471584640443325
0.002961668185889721
0.00044382124906405807
0.030599547550082207
0.031915418803691864
0.0027497101109474897
0.008599705062806606
0.0006105689099058509
0.012134065851569176
0.0025433250702917576
0.005560227204114199
0.00520422263070941
0.026998309418559074
0.00041071107261814177
0.0028880976606160402
0.0019664003048092127
0.0013313194504007697
0.00635601906105876
0.004975908901542425
0.0021461700089275837
0.011137682944536209
0.010180828161537647
0.0011944520520046353
0.01016727089881897
0.00044629996409639716
0.0025749406777322292
0.020271675661206245
0.0004905923851765692
0.01757204718887806
0.00015552810509689152
0.004017343278974295
0.012667608447372913
0.005252036266028881
0.00017449095321353525
0.044203244149684906
0.00691019743680954
0.0009755244827829301
0.004681868012994528
0.004215795546770096
0.020323917269706726
0.00021767249563708901
0.003541639307513833
0.0006328250165097415
0.0012967969523742795
0.00025875522987917066
0.020387200638651848
0.0027558596339076757
0.0011914136121049523
0.0031659165397286415
0.0035276070702821016
0.051788993179798126
0.0028608429711312056
0.018529726192355156
0.00896450038999319
0.01651872508227825
0.007157504558563232
0.11046788841485977
0.030087407678365707
0.009387264028191566
0.0015040604630485177
0.053311072289943695
0.0001587250444572419
0.006805309560149908
0.03616374358534813
0.01620868220925331
0.002009578049182892
0.0062410542741417885
0.004726771730929613
0.01261803600937128
0.0032079590018838644
0.010359705425798893
0.0007161784451454878
0.0006729912129230797
0.005933995358645916
0.028117287904024124
0.00011974866356467828
0.002095670672133565
0.003500713035464287
0.022488130256533623
0.003493143478408456
0.0003325772122479975
0.010884340852499008
0.003044860204681754
0.0010285410098731518
0.0024756076745688915
0.022958068177103996
0.010240909643471241
0.004650087561458349
0.007462169975042343
0.004013202153146267
0.02194169908761978
0.03594569116830826
0.0024954620748758316
0.002515397733077407
0.0031886803917586803
0.01309382077306509
0.017537295818328857
0.021799813956022263
0.00016476921155117452
0.004581088665872812
0.001942966366186738
0.029770448803901672
0.00011342801008140668
0.0005135427927598357
0.0014985704328864813
0.026210950687527657
0.0005628891522064805
0.01695963554084301
0.013526774942874908
0.000622843683231622
0.0016721163410693407
0.0014778883196413517
0.012426798231899738
0.010019018314778805
0.01729431375861168
0.006615810561925173
0.00008960960985859856
0.0013135592453181744
0.0023812688887119293
0.0019335078541189432
0.0007063955417834222
0.0016358724096789956
0.019635742530226707
0.009295531548559666
0.0005922385025769472
0.002450894797220826
0.024238822981715202
0.006222811061888933
0.001033691456541419
0.02120508998632431
0.0010424216743558645
0.002630956470966339
0.006574071478098631
0.040141161531209946
0.0023853841703385115
0.0015427853213623166
0.0010934330057352781
0.046445466578006744
0.0008647082140669227
0.01304551400244236
0.005422737915068865
0.0027724234387278557
0.008673704229295254
0.0007109495927579701
0.01480907667428255
0.008847353979945183
0.0030169535893946886
0.0009016155963763595
0.006795752327889204
0.00011386511323507875
0.0009635525057092309
0.00024392089108005166
0.00371610838919878
0.020413026213645935
0.004392576403915882
0.0010914119193330407
0.004778031725436449
0.006425248458981514
0.0014351092977449298
0.00029567861929535866
0.0057257674634456635
0.004106762818992138
0.04588853940367699
0.008310293778777122
0.0006931477109901607
0.0015695670153945684
0.0028807136695832014
0.0035004003439098597
0.004738625604659319
0.028546562418341637
0.0007790589588694274
0.00031164984102360904
0.0018545457860454917
0.0009676551562733948
0.005803679581731558
0.03592672199010849
0.03165324404835701
0.0016774695832282305
0.0006331541808322072
0.015843002125620842
0.0010765210026875138
0.0008458576048724353
0.00836913287639618
0.0018024479504674673
0.0009036249248310924
0.0019161785021424294
0.03774726763367653
0.010250155813992023
0.00041037562186829746
0.006635811645537615
0.017559416592121124
0.004383998457342386
0.04218953102827072
0.009546736255288124
0.003138970350846648
0.0005511328345164657
0.0014814570313319564
0.0067411065101623535
0.0015075190458446741
0.007104807998985052
0.04455409571528435
0.0073622846975922585
0.009272964671254158
0.01569416932761669
0.0023712608963251114
0.0038092259783297777
0.0031348136253654957
0.012524242512881756
0.003611415158957243
0.0005244689527899027
0.02014903351664543
0.001272145309485495
0.0007090630242601037
0.016313670203089714
0.013817408122122288
0.00088436936493963
0.0003586703969631344
0.0012503517791628838
0.011592483147978783
0.020448341965675354
0.001173294265754521
0.0001932073791977018
0.013216526247560978
0.0019041646737605333
0.023652464151382446
