0.0003234122123103589
0.00019591629097703844
0.00799645110964775
0.00013151751772966236
0.0001279888383578509
0.0011892336187884212
0.0015237868065014482
0.002665974199771881
0.07417279481887817
0.0035241576842963696
0.00032011407893151045
0.0007409784011542797
0.00030391846667043865
0.004631045274436474
0.00011940392869291827
0.00045920797856524587
0.007376574911177158
0.002241887617856264
0.000023734430214972235
0.0010992111638188362
0.021697886288166046
0.00006128376116976142
0.00017766570090316236
0.0012982708867639303
0.0003012492088600993
0.00020375136227812618
0.014626405201852322
0.007490240968763828
0.001558917574584484
0.007921621203422546
0.0008339039050042629
0.0001370528625557199
0.00002998304807988461
0.00007460416964022443
0.04976694658398628
0.003700105706229806
0.002351691946387291
0.00004598606756189838
0.0000048757519834907725
0.0006609412375837564
0.004827969707548618
0.00029619294218719006
0.0037737919483333826
0.000019816934582195245
0.0002903154236264527
0.00002416811003058683
0.009965592063963413
0.00008418898505624384
0.0025677112862467766
0.0006337552913464606
0.00006456272240029648
0.0003545655345078558
0.00012038109707646072
0.00006913966353749856
0.0015573090640828013
0.00013448494428303093
0.000039186277717817575
0.00016682827845215797
0.04436800256371498
0.002277530264109373
0.0008629944641143084
0.0026277361903339624
0.00007045695383567363
0.0000011423114756325958
0.021485788747668266
0.000989380874671042
0.000037692952901124954
0.00012970075476914644
0.00025317599647678435
0.0018715806072577834
0.0013827071525156498
0.00009348421735921875
0.0018252239096909761
0.000044221080315764993
0.00045133978710509837
0.0002554175443947315
0.000154465131345205
0.0007534018368460238
0.004175108857452869
0.009676062501966953
0.0003072558611165732
0.019519928842782974
0.000013488548574969172
0.00040008191717788577
0.0240455511957407
0.0017259391024708748
0.0000802837239461951
0.0032549025490880013
0.000048765839892439544
0.0014843774260953069
0.0000706802966305986
0.003540849545970559
0.00011190607619937509
0.00006429121276596561
0.0011200658045709133
0.00030014931689947844
0.007599956355988979
0.008744887076318264
0.0019368299981579185
0.0004653702490031719
0.0000704470367054455
0.0001233006623806432
0.00034268503077328205
0.0009422555449418724
0.010371103882789612
0.0003106901713181287
0.0004426670493558049
0.0004609719035215676
0.000879350584000349
0.0000045211295400804374
0.00010526715777814388
0.014316895045340061
0.0034182562958449125
0.015521923080086708
0.0005816195043735206
0.00001385911127727013
0.000005862447324034292
0.014737187884747982
0.00019953236915171146
0.014353226870298386
0.00023681629681959748
0.003598918206989765
0.0095004728063941
0.00038527106516994536
0.0005475278594531119
0.000574394827708602
0.01564757339656353
0.00010043460497399792
0.0003121655900031328
0.0461033396422863
0.00020109183969907463
0.0002928866888396442
0.0013366818893700838
0.0002026450529228896
0.0008547048782929778
0.0015649887500330806
0.07092835754156113
0.00004806647484656423
0.0001595121284481138
0.001007066573947668
0.00007689641643082723
0.00007128006836865097
0.0071226670406758785
0.00003878523057210259
0.001544572995044291
0.0035331130493432283
0.00010190824104938656
0.0005759542691521347
0.000065983047534246
0.0000506116593896877
0.00046061776811257005
0.003310162341222167
0.004602164961397648
0.00021834662766195834
0.00021228821424301714
0.0018314161570742726
0.0018863817676901817
0.0001365761854685843
0.00010824752826010808
0.0000515763858857099
0.0011738723842427135
0.0003103151684626937
0.0013665021397173405
0.005399946589022875
0.0003287682484369725
0.00003989703327533789
0.004237771965563297
0.0378141812980175
0.0013996982015669346
0.0003583550569601357
0.01335417851805687
0.00002825161391228903
0.001388064818456769
0.006511645391583443
0.0011214937549084425
0.017984168604016304
0.00024272520386148244
0.0028234566561877728
0.00003957598528359085
0.0012712329626083374
0.005256464704871178
0.0001391122059430927
0.0003431079094298184
0.0028075703885406256
0.0004025472735520452
0.00009591380512574688
0.0005070634069852531
0.000629651767667383
0.0007205531583167613
0.012470151297748089
0.00007029092375887558
0.059178948402404785
0.009582148864865303
0.02534351497888565
0.00009316744399257004
0.011709489859640598
0.00019588191935326904
0.0025249661412090063
0.0014642479363828897
0.0009244171087630093
0.000048545978643232957
0.0004861558845732361
0.004996843636035919
0.00043796704267151654
0.00039455192745663226
0.04533567652106285
0.011942186392843723
0.000053780073358211666
0.007608051411807537
0.04466377571225166
0.009851944632828236
0.0033037173561751842
0.0002432956825941801
0.0020638825371861458
0.0009596687741577625
0.0007921273354440928
0.0004939685459248722
0.0049154800362885
0.0009186831885017455
0.006684570107609034
0.004305063746869564
0.00035318644950166345
0.0337321013212204
0.00033956358674913645
0.01758779212832451
0.00003024727266165428
0.023897670209407806
0.005358195398002863
0.0009282616665586829
0.009548758156597614
0.002929615555331111
0.00027623685309663415
0.00032038535573519766
0.014174042269587517
0.0017937306547537446
0.03731205686926842
0.0006006660987623036
0.0003914720728062093
0.0057378169149160385
0.0006536489236168563
0.00004604559944709763
0.000100016659416724
0.00038351587136276066
0.003550176275894046
0.031895630061626434
0.002123639453202486
0.0000756915906094946
0.0005234836717136204
0.00009779513493413106
0.00010609587479848415
0.00034131068969145417
0.0002722141507547349
0.001335319597274065
0.01014268770813942
0.006587248761206865
0.015379996038973331
0.00062059290939942
0.0006080741877667606
0.00011904098209924996
0.000723662378732115
0.00041346793295815587
0.001186874695122242
0.0006135819130577147
0.001459093764424324
0.00434266310185194
0.004157537594437599
0.0129857724532485
0.000052016719564562663
0.0003454935213085264
0.0000052993427743786015
0.022449243813753128
0.00016730021161492914
0.0002943040453828871
0.000198032459593378
0.0058309780433773994
0.0001737513521220535
0.0001197603705804795
0.0006376197561621666
0.00044464520760811865
0.0018576141446828842
0.00007164817361626774
0.000060332829889375716
0.007248633075505495
0.0027214076835662127
0.0005252590635791421
0.007226806133985519
0.0009404354495927691
0.0008605026523582637
0.00030715190223418176
0.000656049232929945
0.02714390493929386
0.0005227003712207079
0.008494432084262371
0.0019386670319363475
0.00009626858081901446
0.014308619312942028
0.0017598007107153535
0.0016350748483091593
0.0002640500897541642
0.00018733416800387204
0.00003627795376814902
0.0008481698459945619
0.00034964640508405864
0.00018381691188551486
0.009773491881787777
0.0044083925895392895
0.00043928116792812943
0.003578281495720148
0.0004584580019582063
0.0015254035824909806
0.000022241240003495477
0.0030241478234529495
0.0007098413188941777
0.0027720434591174126
0.00013210566248744726
0.0018623392097651958
0.0038795561995357275
0.00025002675829455256
0.000015435394743690267
0.00044817622983828187
0.001002939068712294
0.01779797486960888
0.0012357962550595403
0.000028751541321980767
0.00024277511693071574
0.0004360743041615933
0.00006411712092813104
0.00026819127378985286
0.00034470827085897326
0.0004572654142975807
0.0037220660597085953
0.0008922095294110477
0.00006858213600935414
0.0024526689667254686
0.00007230637856991962
0.01394243910908699
0.000021699592252844013
0.003413992701098323
0.012412460520863533
0.00001958349093911238
0.0013648653402924538
0.03997904807329178
0.003049332881346345
0.00042982419836334884
0.0005469569005072117
0.0009898351272568107
0.0176852997392416
0.00004467922553885728
0.00012228521518409252
0.0018988040974363685
0.0024619409814476967
0.005598122254014015
0.008632102981209755
0.015885181725025177
0.005390244070440531
0.0011384214740246534
0.000044259249989409
0.00039267027750611305
0.001025493023917079
0.0006781095871701837
0.04756742715835571
0.0013157621724531054
0.01827760972082615
0.0017883431864902377
0.0003018340212292969
0.00012656905164476484
0.004389606881886721
0.0169848520308733
0.0063706496730446815
0.0018683356465771794
0.00005782932203146629
0.000009437382686883211
0.004505968652665615
0.001026843092404306
0.0006067745853215456
0.00005714883081964217
0.0006405764725059271
0.0003359777620062232
0.0008257555891759694
0.0001125274648074992
0.003568308660760522
0.009481273591518402
0.002045827219262719
0.0010902753565460443
0.002539756940677762
0.0022916849702596664
0.00012030469952151179
0.004475341644138098
0.002877508057281375
0.002009214833378792
0.010037516243755817
0.00008738034375710413
0.04035266861319542
0.00020699726883322
0.0001405236980644986
0.005657967645674944
0.002600169973447919
0.0001376252039335668
0.0014770696870982647
0.0017001756932586432
0.00044880888890475035
0.0015335719799622893
0.000423189892899245
0.00040455703856423497
0.0001750505034578964
0.00009523469634586945
0.010365310125052929
0.000705301237758249
0.00005841977326781489
0.0003128826501779258
0.0046365587040781975
0.00035454874159768224
0.0016991464653983712
0.0072833639569580555
0.00041516745113767684
0.0009326774161309004
0.0002787698176689446
0.0010259607806801796
0.0031811215449124575
0.01628090627491474
0.007000190205872059
0.004659346770495176
0.007488681003451347
0.002559779677540064
0.0002757812035270035
0.0012116506695747375
0.000022750895368517376
0.0000033376788906025467
0.008255553431808949
0.002064700471237302
0.012249176390469074
0.00006588361429749057
0.0015675956383347511
0.0004297471314202994
0.0034272545017302036
0.00007177257066359743
0.0169773381203413
0.003839990822598338
0.004795859567821026
0.00011385171092115343
0.000013823399967805017
0.012767615728080273
0.00034070407855324447
0.001111517776735127
0.016246167942881584
0.0025147360283881426
0.001289468607865274
0.00024978036526590586
0.0021992058027535677
0.0012466451153159142
0.00003779255712288432
0.0010120949009433389
0.001190979965031147
0.004650617949664593
0.00013583700638264418
0.017152706161141396
0.007221938576549292
0.016406679525971413
0.000774537562392652
0.000569915515370667
0.000325965927913785
0.0001839281467255205
0.00019924124353565276
0.00016722371219657362
0.0000611954674241133
0.0005383695242926478
0.00025959446793422103
0.022050444036722183
0.00015372471534647048
0.00030995934503152966
0.002867843024432659
0.0010672613279893994
0.00016631559992674738
0.005081392824649811
0.00015716564666945487
0.00028766156174242496
0.005725456867367029
0.0005229085800237954
0.000031644260161556304
0.0002130236243829131
0.0007100728107616305
0.01689145155251026
0.0027227874379605055
0.002306083682924509
0.0002848378208000213
0.00048275679000653327
0.0030728124547749758
0.00029593741055577993
0.006232086569070816
0.0001359073939966038
0.0009222458465956151
0.01602678745985031
0.0000842010194901377
0.004655597265809774
0.01858786679804325
0.00179548270534724
0.000306859816191718
0.0010005539515987039
0.0001395958533976227
0.00039133994141593575
0.00019210627942811698
0.00001583455923537258
0.00018000463023781776
0.0018671855796128511
0.012387107126414776
0.0000046518989620381035
0.014900482259690762
0.0008446029387414455
0.002366534201428294
0.019945433363318443
0.022127604112029076
0.000016600224626017734
0.000045938289986224845
0.022748799994587898
0.0010144250700250268
0.002226399490609765
0.0017988469917327166
0.000026518679078435525
0.00028493665740825236
0.005123913288116455
0.02901860699057579
0.0029666884802281857
0.0013773322571069002
0.00012140093167545274
0.08888548612594604
0.010927564464509487
0.007072062697261572
0.00003241256854380481
0.00029374443693086505
0.000730237690731883
0.0004234926891513169
0.025495028123259544
0.00003713006663019769
0.0008135429234243929
0.0024233597796410322
0.009391797706484795
0.00007291423389688134
0.0037581687793135643
0.003194114426150918
0.00008489855099469423
0.0042390418238937855
0.000041098643123405054
0.02800758369266987
0.0004987677093595266
0.00038185075391083956
0.00091047293972224
0.015408609062433243
0.008776399306952953
0.013425366953015327
0.00000822367292130366
0.03293650597333908
0.00023158766271080822
0.00559352757409215
0.000025260651455027983
0.00006668171408819035
0.00011090060434071347
0.0006160844932310283
0.02233874425292015
0.005288579501211643
0.015776677057147026
0.002611208474263549
0.00021856327657587826
0.001404859940521419
0.04521303251385689
0.00030330539448186755
0.0028749126940965652
0.0036879735998809338
0.0013957247138023376
0.0001419480686308816
0.054566167294979095
0.00016411808610428125
0.00023448272258974612
0.00043855502735823393
0.000491329759825021
0.0016366554191336036
0.0005367667181417346
0.00014141447900328785
0.00005500559927895665
0.00071944814408198
0.0003522904880810529
0.0003333204076625407
0.0010054641170427203
0.0019148540450260043
0.001159965991973877
0.006376608740538359
0.00002349507121834904
0.0004357030557002872
0.013413718901574612
0.0015099004376679659
0.0006484012119472027
0.000250223558396101
0.00410838657990098
0.0022707139141857624
0.00022557952615898103
0.0022737644612789154
0.016840122640132904
0.0054009417071938515
0.00003960379399359226
0.0014629445504397154
0.01207853015512228
0.0006087650544941425
0.00022756500402465463
0.0010284639429301023
0.0004904505331069231
0.00015870871720835567
0.014217926189303398
0.0026771409902721643
0.0006778091192245483
0.0007713153609074652
0.004129691980779171
0.0008570261998102069
0.00008890528988558799
0.00029550687759183347
0.0005871789762750268
0.00022186475689522922
0.0009008465567603707
0.000734478235244751
0.00030077892006374896
0.00021541098249144852
0.04938086122274399
0.0035437161568552256
0.00032844877569004893
0.0019352175295352936
0.0009569869143888354
0.004002060741186142
0.00011111154890386388
0.0002522027352824807
0.003847235580906272
0.014338641427457333
0.010275810025632381
0.0016323502641171217
0.004023836459964514
0.000027845344447996467
0.0004580227832775563
0.0033632467966526747
0.0007394648855552077
0.020386965945363045
0.019911523908376694
0.0003571948909666389
0.00005976449392619543
0.012918614782392979
0.020803013816475868
0.05383832007646561
0.0006798591930419207
0.00012135119322920218
0.00010856571316253394
0.00016967294504866004
0.004555378574877977
0.00011020095553249121
0.0018840344855561852
0.0006148298853076994
0.0023383204825222492
0.00874368380755186
0.00017723687051329762
0.0003194696910213679
0.00039177024154923856
0.0051046088337898254
0.00020890032465104014
0.0023252239916473627
0.00019145042460877448
0.004551987163722515
0.0003365960728842765
0.0002657593577168882
0.0009135122527368367
0.06483638286590576
0.00018848982290364802
0.009540519677102566
0.00019848700321745127
0.002059481805190444
0.0014049243181943893
0.0001927025441545993
0.02792689949274063
0.00006824811134720221
0.0004910139250569046
0.002377175260335207
0.0058421664871275425
0.0006184436497278512
0.02545262686908245
0.008725726045668125
0.00014494780043605715
0.00015413682558573782
0.004393821116536856
0.0004821358888875693
0.0006695740739814937
0.0001707730843918398
0.00011142923176521435
0.006178892217576504
0.0017593256197869778
0.0032198394183069468
0.013352859765291214
0.004774199798703194
0.000689817825332284
0.011266488581895828
0.0012166931992396712
0.0005604624166153371
0.004013300407677889
0.0007444850052706897
0.002970186760649085
0.00017753615975379944
0.0024696565233170986
0.0054041543044149876
0.000291538133751601
0.005155232269316912
0.043689750134944916
0.00034794563543982804
0.00121812685392797
0.012175244279205799
0.014302833937108517
0.00001718160456221085
0.012811189517378807
0.00003244925756007433
0.000010411839866719674
0.00011885596177307889
0.00020254838455002755
0.000204755604499951
0.0005913727800361812
0.017957858741283417
0.00031982435029931366
0.0014409521827474236
0.001785004511475563
0.012592922896146774
0.00018502175225876272
0.001282500452362001
0.0004854164435528219
0.0004841736808884889
0.0008110420894809067
0.02624569460749626
0.000532153295353055
0.005974271800369024
0.000025948291295208037
0.003363927360624075
0.00011642312892945483
0.0000962524936767295
0.002305865753442049
0.0008382707601413131
0.0010917495237663388
0.00008795096073299646
0.012125086970627308
0.023213030770421028
0.012666335329413414
0.0036316262558102608
0.00003789565380429849
0.0003241469676140696
0.000009350300388177857
0.0005462032277137041
0.005879050586372614
0.0030971227679401636
0.000035254070098744705
0.001491946168243885
0.000016958927517407574
0.00022936350433155894
0.00012764055281877518
0.0007700049900449812
0.0007226779707707465
0.012337028980255127
0.016961688175797462
0.007515170145779848
0.019684121012687683
0.039423249661922455
0.007663920987397432
0.08731291443109512
0.00020575466623995453
0.025654703378677368
0.0005247662193141878
0.00016183769912458956
0.008562043309211731
0.0013873269781470299
0.0018100584857165813
0.0014802406076341867
0.0517289936542511
0.0009020951692946255
0.00041024363599717617
0.0033556222915649414
0.0004919222556054592
0.006182707846164703
0.000846849346999079
0.010102407075464725
0.02200182154774666
0.004278184380382299
0.0010121350642293692
0.0003395163803361356
0.03608974441885948
0.0014170377980917692
0.00009871532529359683
0.00245320494286716
0.009627161547541618
0.025968730449676514
0.0012726275017485023
0.005754070356488228
0.0009305797866545618
0.0010126964189112186
0.016251778230071068
0.015246996656060219
0.0010072344448417425
0.0020178374834358692
0.005839410237967968
0.00013941095676273108
0.00026598782278597355
0.0008425024570897222
0.0008101968560367823
0.003697753418236971
0.001016931957565248
0.0011459051165729761
0.00006304938870016485
0.016666684299707413
0.0006381885032169521
0.0007053300505504012
0.0018210663693025708
0.0003020324802491814
0.0005810472066514194
0.0039061210118234158
0.000010072814802697394
0.0005618514260277152
0.000026026074920082465
0.01833483576774597
0.016077522188425064
0.018115930259227753
0.0114663764834404
0.00019467931997496635
0.0012382770655676723
0.00011765002273023129
0.0028824638575315475
0.0038055754266679287
0.00004305640686652623
0.005361652001738548
0.00007005621591815725
0.0002297523751622066
0.001175289391539991
0.0005492406198754907
0.0006981977494433522
0.0001498377532698214
0.006483133882284164
0.004944485612213612
0.00042830625898204744
0.0009653877350501716
0.00022634088236372918
0.00078354257857427
0.008052675053477287
0.00003493080657790415
0.04765959456562996
0.02081816829741001
0.0020686755888164043
0.00016158413200173527
0.028782662004232407
0.00007320125587284565
0.00594428600743413
0.000039644921344006434
0.007942997850477695
0.0013540869113057852
0.000005144359874975635
0.00008775669266469777
0.004482201300561428
0.00024342056713066995
0.00006673736061202362
0.005502962041646242
0.0004811919352505356
0.00001173415694211144
0.0007316158735193312
0.000687263032887131
0.00020592725195456296
0.00010911460412899032
0.00012063407484674826
0.008161946199834347
0.0022040121257305145
0.00033782407990656793
0.0003365254669915885
0.03505750000476837
0.0041901846416294575
0.0002178872236981988
0.0007261490100063384
0.0003017426352016628
0.00039300002390518785
0.0007385569624602795
0.0000745156648918055
0.00457490049302578
0.00035848162951879203
0.00019039386825170368
0.0016290982021018863
0.02422190271317959
0.0069233267568051815
0.0017470455495640635
0.00011674709821818396
0.00022005733626428992
0.0010343673638999462
0.0004561296955216676
0.0033542022574692965
0.007797151803970337
0.00030448666075244546
0.001191045274026692
0.019191287457942963
0.0000457634923805017
0.0009716969216242433
0.002583384048193693
0.00011947316670557484
0.04039596766233444
0.00006014982136548497
0.0015371296321973205
0.0002702964411582798
0.0010018764296546578
0.00022523271036334336
0.000034587028494570404
0.0003361227281857282
0.03590577840805054
0.00008558739500585943
0.00228189118206501
0.002265899907797575
0.009570252150297165
0.0002787720877677202
0.023222053423523903
0.00006281607056735083
0.00007042248034849763
0.0000033619862733758055
0.00002304669214936439
0.02197706140577793
0.00016351173690054566
0.0001448669790988788
0.00023413872986566275
0.007795692887157202
0.00007857246964704245
0.00023888937721494585
0.00007115901098586619
0.0001363351329928264
0.032774630934000015
0.001668790471740067
0.01241999864578247
0.0003335728542879224
0.00007580490637337789
0.000021640302293235436
0.002645679982379079
0.00010579829540802166
0.001961002591997385
0.00021434550581034273
0.0003848581691272557
0.00010470789857208729
0.00011404641554690897
0.0003048933867830783
0.00022490552510134876
0.0012262810487300158
0.0004690662899520248
0.0005450321477837861
0.022829528898000717
0.00513054896146059
0.004994451068341732
0.00043690376332961023
0.00103467283770442
0.014853107742965221
0.0020225776825100183
0.0021062663290649652
0.0008897818042896688
0.00042921717977151275
0.0006520352326333523
0.000028043930797139183
0.0003756273945327848
0.0005904663121327758
0.00016446832159999758
0.00006589275290025398
0.00004884939335170202
0.00007969600119395182
0.001048336154781282
0.0007152940961532295
0.010234286077320576
0.0020763217471539974
0.0023068133741617203
0.000054157269914867356
0.013049870729446411
0.0034252696204930544
0.00017716773436404765
0.00011256300058448687
0.000010883256436500233
0.0001052050429279916
0.00001956627056642901
0.001754509168677032
0.00005159273496246897
0.00019565164984669536
0.0007936855545267463
0.000480812625028193
0.000016231189874815755
0.00045426623546518385
0.022130286321043968
0.0024734686594456434
0.00025441174511797726
0.0001932642189785838
0.00026865152176469564
0.0006383297150023282
0.0034607930574566126
0.00013453548308461905
0.00030812862678430974
0.00007862544589443132
0.00048517296090722084
0.00036221713526174426
0.000547800213098526
0.00011095921217929572
0.00019199354574084282
0.013666687533259392
0.05234198644757271
0.0009813121287152171
0.0001071596925612539
0.000789893209002912
0.0004673819348681718
0.000977015239186585
0.012628190219402313
0.0006466758786700666
0.001351548358798027
0.00006362595013342798
0.001832327339798212
0.0024725983384996653
0.001987289870157838
0.0006391708739101887
0.0017381887882947922
0.0003480011655483395
0.01102838572114706
0.00018135749269276857
0.0008925333386287093
0.015764430165290833
0.0038829424884170294
0.0009179054177366197
0.0001940241054398939
0.0004439112963154912
0.0011784934904426336
0.00042895053047686815
0.0002584003668744117
0.00015728136349935085
0.010869367979466915
0.0006169556872919202
0.0001578966184752062
0.00012929292279295623
0.0010498898336663842
0.00006484171899501234
0.00012637590407393873
0.00019959642668254673
0.007129967212677002
0.0005068883765488863
0.0162509698420763
0.00002533069891796913
0.0012668363051488996
0.00005874633643543348
0.0003576492890715599
0.0024433755315840244
0.046449802815914154
0.00008381546649616212
0.00004369863381725736
0.0004790466628037393
0.00680511211976409
0.0043156323954463005
0.0007502160733565688
0.0019696708768606186
0.004970134235918522
0.0006759560783393681
0.00021749321604147553
0.003518293146044016
0.0002533806546125561
0.00021506815392058343
0.00015400342817883939
0.0031988536939024925
0.000059054422308690846
0.00022638030350208282
0.0010631023906171322
0.00008840260852593929
0.00039248846587724984
0.013105208054184914
0.0009981454350054264
0.00037529750261455774
0.0006747630541212857
0.0027316880878061056
0.0003287304425612092
0.0002724388032220304
0.0001252936344826594
0.000750228704418987
0.0006379240076057613
0.000030652932764496654
0.0010767122730612755
0.00016639217210467905
0.00028959507471881807
0.0003303441044408828
0.0051160771399736404
0.003993757534772158
0.0016617948422208428
0.018063973635435104
0.0000274001886282349
0.002736450405791402
0.00008448427252005786
0.01943776197731495
0.000018750170056591742
0.000657371710985899
0.00021009646297898144
0.00006157089956104755
0.009190081618726254
0.0003725023125298321
0.001605382887646556
0.000577094207983464
0.00008186749619198963
0.00013578860671259463
0.00966118648648262
0.00012622124631889164
0.0013763012830168009
0.015670645982027054
0.0003651329898275435
0.00004395227006170899
0.0006398914265446365
0.013460923917591572
0.00013765580661129206
0.0016447805101051927
0.0007548740832135081
0.0000577519167563878
0.002352020237594843
0.0001164352215710096
0.00013923172082286328
0.0000887618662090972
0.006960662081837654
0.002108129905536771
0.000774637155700475
0.00006189748091856018
0.06399231404066086
0.00003590224514482543
0.00009705395495984703
0.0004613462369889021
0.026450691744685173
0.00014931333134882152
0.0013891655253246427
0.00011347793770255521
0.003398273838683963
0.000013681977179658134
0.00008530831837560982
0.00015635402814950794
0.000013088915693515446
0.0006803697906434536
0.0026313082780689
0.00016590594896115363
0.00009251027222489938
0.00010232380009256303
0.003768616123124957
0.002150382148101926
0.000206884607905522
0.000010991323506459594
0.0019493316067382693
0.0027916848193854094
0.002424982376396656
0.00039936378016136587
0.0013458896428346634
0.004569575190544128
0.0001477553742006421
0.0022167509887367487
0.030192488804459572
0.00016944709932431579
0.007383211050182581
0.0003563488135114312
0.00006392189970938489
0.00005268820677883923
0.0001726294867694378
0.000028558872145367786
0.000030760584195377305
0.005005341023206711
0.00018277455819770694
0.0003545154177118093
0.00004918830018141307
0.00045948164188303053
0.007314537186175585
0.00025241589173674583
0.014294265769422054
0.0019731970969587564
0.00004459168849280104
0.0038721635937690735
0.002130647422745824
0.0006689289584755898
0.00008233982225647196
0.0129095409065485
0.00000620545188212418
0.006137920077890158
0.0005104040028527379
0.0015377328963950276
0.00012559749302454293
0.0196845605969429
0.0006457044510170817
0.002854134188964963
0.0003836994001176208
0.00026587193133309484
0.0038576964288949966
0.000022866528524900787
0.0014991180505603552
0.00017901080718729645
0.0005975879030302167
0.0003697136417031288
0.000020222247258061543
0.00007603918493259698
0.00044889154378324747
0.00002803380266414024
0.0008616048144176602
0.0005285099614411592
0.0007837123703211546
0.008332418277859688
0.00032045968691818416
0.00016758852871134877
0.0007818282465450466
0.00023103856074158102
0.000946924788877368
0.0008218156872317195
0.0010493039153516293
0.000042219900933559984
0.0011447976576164365
0.00008789086132310331
0.002179711125791073
0.00023950573813635856
0.005330521613359451
0.0005304659716784954
0.0002401347301201895
0.002885113237425685
0.00030025519663468003
0.00007600073877256364
0.03181808069348335
0.000588349939789623
0.00023340362531598657
0.0000501893664477393
0.00023876891646068543
0.006016488187015057
0.012518150731921196
0.0010917471954599023
0.00040041678585112095
0.000259872293099761
0.00034925961517728865
0.0438208170235157
0.0022418112494051456
0.00031486645457334816
0.0013875770382583141
0.00023549466277472675
0.009073245339095592
0.00021185734658502042
0.0006517753936350346
0.0023663935717195272
0.0006366954185068607
0.00017648044740781188
0.00011683811317197978
0.003339421935379505
0.007461691740900278
0.009729242883622646
0.0006159496842883527
0.0030482264701277018
0.0018213544972240925
0.0005931237246841192
0.00011086310405516997
0.000019886769223376177
0.00034054051502607763
0.005056672729551792
0.005989950615912676
0.0017315814038738608
0.00033523031743243337
0.004338484723120928
0.00006032793316990137
0.0013144108233973384
0.00009414027590537444
0.00430461298674345
0.017733164131641388
0.00012298976071178913
0.004531981889158487
0.008449052460491657
0.00027034481172449887
0.0001780372258508578
0.001751100062392652
0.00007818279118509963
0.00047653878573328257
0.00004562025060295127
0.000051353403250686824
0.0000412370718549937
0.0009059940930455923
0.001152482582256198
0.00015071909001562744
0.006963531021028757
0.0011906836880370975
0.0004422856727614999
0.0058274101465940475
0.00011431929306127131
0.00038150171167217195
0.011194529011845589
0.005400118883699179
0.004591990727931261
0.0009697466157376766
0.00013483624206855893
0.0008390618022531271
0.0020522307604551315
0.00664649298414588
0.0033334465697407722
0.0009953674161806703
0.000022263739083427936
0.01993591897189617
0.00036288544652052224
0.00018535827985033393
0.0004290388897061348
0.000953415990807116
0.00005381659502745606
0.00570677500218153
0.002755634253844619
0.0005815061158500612
0.0006944854976609349
0.00000929934685700573
0.00015304514090530574
0.0009984533535316586
0.010474486276507378
0.008351298980414867
0.00000450412017016788
0.000004464473022380844
0.0012586318189278245
0.002590989926829934
0.010540995746850967
0.0032498177606612444
0.005527528002858162
0.0012852768413722515
0.00007466179522452876
0.004818447399884462
0.00026587682077661157
0.00021156822913326323
0.00011758362961700186
0.0008364401874132454
0.00005235904245637357
0.00011968839680776
0.021344834938645363
0.002744919853284955
0.00007405172800645232
0.0000012053920954713249
0.018625857308506966
0.00009175429295282811
0.0012463908642530441
