0.00045953746302984655
0.0009765137219801545
0.008997783996164799
0.001676906831562519
0.00006148753891466185
0.0023410082794725895
0.002153499750420451
0.00042146621854044497
0.010283871553838253
0.00031780797871761024
0.0020780423656105995
0.0017872033640742302
0.012668421491980553
0.005485519766807556
0.00038441584911197424
0.0011151592480018735
0.023081159219145775
0.00017839200154412538
0.0006811206694692373
0.0014814607566222548
0.004511470906436443
0.0005808434216305614
0.00002337314981559757
0.008224552497267723
0.004065340384840965
0.00195683422498405
0.00031575755565427244
0.00008637934661237523
0.0006913623074069619
0.0010709675261750817
0.0023086322471499443
0.002887315582484007
0.00042437377851456404
0.0005676809814758599
0.00014749736874364316
0.00028275305521674454
0.025459999218583107
0.002453965600579977
0.00008418348443228751
0.004217972047626972
0.00018090660159941763
0.0005619496805593371
0.0005179981235414743
0.00047286649351008236
0.0001807373482733965
0.001833559712395072
0.00003375473534106277
0.0009596787276677787
0.00015257221821229905
0.000054981628636596724
0.002760080387815833
0.00001252411038876744
0.03559277206659317
0.0019759282004088163
0.00010133201431017369
0.0006216213223524392
0.0021784736309200525
0.00035058718640357256
0.001248451299034059
0.00037733284989371896
0.000510662910528481
0.00008224329212680459
0.0005294091533869505
0.0000897030477062799
0.0014256872236728668
0.0005032122135162354
0.0025489400140941143
0.0031179182697087526
0.00010479352931724861
0.006412047427147627
0.0019111786969006062
0.006197106558829546
0.00010394589480711147
0.016854526475071907
0.0002168159990105778
0.0005266786320134997
0.002295341342687607
0.002353561343625188
0.0003196624165866524
0.0002818239445332438
0.0007724944734945893
0.010762518271803856
0.006283836904913187
0.0004260198911651969
0.022093748673796654
0.0003744443820323795
0.0005339017952792346
0.0029480676166713238
0.000492928724270314
0.000013359937838686164
0.0001968483702512458
0.0006569160614162683
0.00018535558774601668
0.0000023953994059411343
0.0001657544489717111
0.00010675645899027586
0.0006052995449863374
0.014319753274321556
0.010798131115734577
0.000005943199994362658
0.014096494764089584
0.0016899686306715012
0.00004705791434389539
0.007463538087904453
0.0008352696313522756
0.018287664279341698
0.001537526142783463
0.0075488947331905365
0.00010289790952811018
0.040166281163692474
0.001614386448636651
0.0007558484794571996
0.0006149047403596342
0.0010491100838407874
0.002400528872385621
0.0002787154808174819
0.0023463096003979445
0.010761828161776066
0.027049964293837547
0.000005305016657075612
0.0007767070783302188
0.0018723892280831933
0.006765688769519329
0.003473243908956647
0.0004108236753381789
0.00017783287330530584
0.00008470020839013159
0.0010217120870947838
0.0995987206697464
0.02400040440261364
0.00013900469639338553
0.0008002211106941104
0.0009095987770706415
0.0022432708647102118
0.000003749949200937408
0.00002071457311103586
0.000037500125472433865
0.003386719385161996
0.00044238739064894617
0.006349170580506325
0.00002824967486958485
0.0009006827021948993
0.004692832939326763
0.0002522444410715252
0.00003584966543712653
0.007915514521300793
0.001119786174967885
0.00029556051595136523
0.009311185218393803
0.00017839112842921168
0.011778595857322216
0.00022108832490630448
0.003004167228937149
0.00023205333855003119
0.002116187009960413
0.009839843027293682
0.00001694834827503655
0.0005339509225450456
0.020721416920423508
0.0015223188092932105
0.0010503759840503335
0.00006744948768755421
0.005648745223879814
0.0010971397859975696
0.000499518180731684
0.0006257264758460224
0.00251962523907423
0.0005174626130610704
0.0007867471431382
0.015232324600219727
0.008276869542896748
0.000041549992602085695
0.00007022154022706673
0.0022524853702634573
0.0035324362106621265
0.0000705460988683626
0.009051100350916386
0.0003065552155021578
0.00508812116459012
0.0004988247528672218
0.004163861274719238
0.0013741683214902878
0.0031127536203712225
0.03189164027571678
0.0025179535150527954
0.004026869777590036
0.00032516231294721365
0.01196657307446003
0.00013221950212027878
0.00005155182589078322
0.0003974626597482711
0.00042489744373597205
0.0011279686586931348
0.005478051491081715
0.0016255606897175312
0.0003953321429435164
0.001004764693789184
0.0024966534692794085
0.0001113919643103145
0.019168326631188393
0.005617598537355661
0.0006128470413386822
0.0007162205874919891
0.00014326765085570514
0.0018017035908997059
0.0007935354951769114
0.0004157387011218816
0.00706821633502841
0.00006726196443196386
0.0008448585285805166
0.006389722693711519
0.0004979398800060153
0.00003746899528778158
0.000026695710403146222
0.00035363587085157633
0.002718438860028982
0.012488402426242828
0.003821942489594221
0.00009222245716955513
0.004605739843100309
0.0013578706420958042
0.00010205464786849916
0.0005997930420562625
0.0004312937380746007
0.0001065516917151399
0.0015027155168354511
0.0024135359562933445
0.021410757675766945
0.0006992392591200769
0.00009625225357012823
0.0014532015193253756
0.01418085116893053
0.0009764298447407782
0.00013929030683357269
0.00031646477873437107
0.021810833364725113
0.0007741941954009235
0.019620195031166077
0.00582675077021122
0.026750512421131134
0.0002486557641532272
0.014840235933661461
0.00025276935775764287
0.00011356064351275563
0.023019995540380478
0.01240464672446251
0.0035985803697258234
0.01139872521162033
0.00032919395016506314
0.017702151089906693
0.02085002325475216
0.00008116508979583159
0.015107876621186733
0.0036329939030110836
0.01938016712665558
0.0024124698247760534
0.00007780084706610069
0.005739918444305658
0.012517213821411133
0.000057934354117605835
0.00046646338887512684
0.0016016833251342177
0.009538016282022
0.005506066605448723
0.0005715865409001708
0.020990954712033272
0.02869584411382675
0.011890139430761337
0.010117082856595516
0.0014290761901065707
0.00652126781642437
0.0026062149554491043
0.0015377680538222194
0.012630944140255451
0.007386920507997274
0.00044556334614753723
0.000037711888580815867
0.0009687674464657903
0.004700049292296171
0.019241251051425934
0.01898203231394291
0.00045908961328677833
0.0004938217462040484
0.02527731843292713
0.001208529225550592
0.016036251559853554
0.00043688633013516665
0.00018084568728227168
0.0005717452149838209
0.0008571004145778716
0.00045353564200922847
0.005312103778123856
0.00009920774027705193
0.00195109483320266
0.0001673876540735364
0.0008751550922170281
0.002652366179972887
0.0017198078567162156
0.001167125185020268
0.0005421912646852434
0.004287427291274071
0.0032159602269530296
0.0017023378750309348
0.02057226002216339
0.0030901357531547546
0.0029301634058356285
0.0036912045907229185
0.014726994559168816
0.00005226134089753032
0.00031418920843861997
0.003946957644075155
0.00012024405441479757
0.0012829098850488663
0.0026332205161452293
0.0020294799469411373
0.00003183541048201732
0.033858589828014374
0.02076663449406624
0.00026701707975007594
0.0015950582455843687
0.008693835698068142
0.00001725513175188098
0.002099535893648863
0.0014434839831665158
0.00004391147012938745
0.00016832194523885846
0.0005645210039801896
0.00004584812268149108
0.00014434725744649768
0.00012425608292687684
0.000844737864099443
0.0030771370511502028
0.004103698767721653
0.017725270241498947
0.017103780061006546
0.00039271009154617786
0.0029601589776575565
0.00017106185259763151
0.01286501158028841
0.00209832307882607
0.0025322495494037867
0.0017666514031589031
0.009066556580364704
0.00014955925871618092
0.0011120450217276812
0.012412614189088345
0.0015098975272849202
0.01128227636218071
0.00006104881322244182
0.00023288304510060698
0.0004192353808321059
0.022431036457419395
0.0049853515811264515
0.0002379780198680237
0.0024406746961176395
0.010116376914083958
0.0009453304810449481
0.0010983828688040376
0.03360011801123619
0.0009297200595028698
0.00025588038261048496
0.0028498501051217318
0.015452911145985126
0.00006723585829604417
0.008266022428870201
0.06823614984750748
0.006377988960593939
0.0000956659423536621
0.004149601794779301
0.004317472223192453
0.005447559989988804
0.0007857091841287911
0.005773934070020914
0.0005313619039952755
0.010218815878033638
0.013045594096183777
0.006970879156142473
0.0059816837310791016
0.000018241700672660954
0.05430005118250847
0.00022579068900085986
0.013715310022234917
0.022013721987605095
0.00214516487903893
0.005760148633271456
0.00033710847492329776
0.00034086202504113317
0.0015573938144370914
0.00037972943391650915
0.006885034032166004
0.018370244652032852
0.0010360379237681627
0.007813469506800175
0.00017016445053741336
0.00043406017357483506
0.0005845638224855065
0.0021436766255646944
0.0010345136979594827
0.007733400911092758
0.000011905217434104998
0.00022923080541659147
0.0002732759458012879
0.03238857164978981
0.00008795168105280027
0.00022741826251149178
0.00030108646024018526
0.006560687907040119
0.00004674122828873806
0.0060212695971131325
0.012681061401963234
0.0002349140413571149
0.04175344109535217
0.0189236830919981
0.00020741035405080765
0.0011882680701091886
0.0015537661965936422
0.000005891421551496023
0.001282867742702365
0.0001796468859538436
0.021873988211154938
0.00017749321705196053
0.0004907188704237342
0.00014614085375797004
0.002661722945049405
0.005653575528413057
0.00004497125337366015
0.0010276559041813016
0.0009038611315190792
0.00005060221519670449
0.0011932729976251721
0.0011276942677795887
0.0010693733347579837
0.010011228732764721
0.029513012617826462
0.0011692065745592117
0.00683989841490984
0.003482136409729719
0.0007508529233746231
0.0002516651002224535
0.000050111197197111323
0.00007026774255791679
0.00025945971719920635
0.0004537169879768044
0.002641144208610058
0.0000048539113777223974
0.00025402894243597984
0.000525004172232002
0.0005714509752579033
0.0021541030146181583
0.025670520961284637
0.012531367130577564
0.0004900390049442649
0.001986464951187372
0.00010814324195962399
0.00008990415517473593
0.03430422022938728
0.00012951124517712742
0.00761145306751132
0.0009175445302389562
0.005494162905961275
0.001002144068479538
0.002544628456234932
0.0036350260488688946
0.002688929671421647
0.002746093086898327
0.001962892943993211
0.000005932291969656944
0.0003552527923602611
0.0002779606147669256
0.00012429957860149443
0.0007487121620215476
0.011900401674211025
0.011361472308635712
0.007868638262152672
0.044437482953071594
0.00207039644010365
0.002261304296553135
0.002745467470958829
0.0023752234410494566
0.0006686686538159847
0.0015243736561387777
0.00007128211291274056
0.00047622769488953054
0.004837657790631056
0.001429644413292408
0.002704374259337783
0.0002833450271282345
0.00013500174100045115
0.0015738379443064332
0.001738571678288281
0.00015567595255561173
0.014123166911303997
0.015767278149724007
0.0009852396324276924
0.0006547715747728944
0.0034405915066599846
0.003664624411612749
0.0001584833808010444
0.000018093724065693095
0.00111149821896106
0.0028711105696856976
0.0003802243445534259
0.00028236364596523345
0.000871839583851397
0.008927968330681324
0.015963193029165268
0.002462941687554121
0.01143335085362196
0.0006298224325291812
0.000478895177366212
0.000812420214060694
0.0002739783376455307
0.00016661410336382687
0.000049293932534055784
0.00006059648876544088
0.002178814494982362
0.006821895949542522
0.0019966037943959236
0.00015949070802889764
0.00007651964551769197
0.00018325672135688365
0.000298447092063725
0.00007102103700162843
0.0021356833167374134
0.0006554737337864935
0.0003792782372329384
0.00041843962389975786
0.002890768926590681
0.0019286521710455418
0.0003399785200599581
0.002196101937443018
0.000010704289707064163
0.00023792737920302898
0.0022776664700359106
0.0000300461397273466
0.004678827244788408
0.00031194568146020174
0.03910288214683533
0.006336050108075142
0.007882627658545971
0.01030999980866909
0.0018117849249392748
0.00013057905016466975
0.003557344898581505
0.014361376874148846
0.0029408889822661877
0.0018745854031294584
0.00025662672123871744
0.0009739304659888148
0.0008069452596828341
0.0015334440395236015
0.0068443333730101585
0.0012181185884401202
0.0009763563284650445
0.004550555720925331
0.00508572394028306
0.009879952296614647
0.00022082510986365378
0.0033564597833901644
0.000030233351935748942
0.0005465690046548843
0.00017968518659472466
0.00005432205580291338
0.0006848418270237744
0.0001116156272473745
0.006663159932941198
0.005398483946919441
0.0002238886954728514
0.00018138800805900246
0.00023097533266991377
0.00034968461841344833
0.0002142068842658773
0.029192956164479256
0.00044693375821225345
0.0015861312858760357
0.00027188449166715145
0.0002829200529959053
0.0005126020987518132
0.0001807084190659225
0.002409236039966345
0.005938147660344839
0.00008200004231184721
0.0001480528007959947
0.044605936855077744
0.0001180926410597749
0.00012812601926270872
0.0003013972600456327
0.0015900308499112725
0.004329108167439699
0.004836748819798231
0.07801247388124466
0.0018275249749422073
0.008613936603069305
0.0036560571752488613
0.00267866556532681
0.0003755429352167994
0.00027658106409944594
0.00028175534680485725
0.0008412195020355284
0.00004233509753248654
0.0011285899672657251
0.00005254581628832966
0.00034525146475061774
0.006151511333882809
0.0013633647467941046
0.0032963429111987352
0.0030814572237432003
0.0008052721386775374
0.013000387698411942
0.001018801936879754
0.018085388466715813
0.00135621742811054
0.0003609808918554336
0.003649346297606826
0.015721337869763374
0.015624013729393482
0.0026857000775635242
0.004302419722080231
0.00006288661097642034
0.007722264155745506
0.00005716220766771585
0.002191239735111594
0.00007054959132801741
0.00035186621244065464
0.001705785165540874
0.0001241643913090229
0.0008118168916553259
0.01994176208972931
0.00007400634058285505
0.00021386169828474522
0.0011356829199939966
0.0026007704436779022
0.003097726497799158
0.016335906460881233
0.004519507754594088
0.0009186661336570978
0.00031214355840347707
0.0008264567004516721
0.0010630353353917599
0.0012094815028831363
0.000058292636822443455
0.0005022920086048543
0.02678363025188446
0.00149693270213902
0.0025646770372986794
0.00034510306431911886
0.001807135995477438
0.0022033092100173235
0.0008447971777059138
0.000440382631495595
0.0004707527405116707
0.00041040946962311864
0.00020992805366404355
0.00014003329852130264
0.0034274861682206392
0.008688119240105152
0.0006991065456531942
0.000040860108128981665
0.00012146386143285781
0.0005790172726847231
0.00046592680155299604
0.0005261165206320584
0.00003492986434139311
0.0011246345238760114
0.000037432753742905334
0.0005874785128980875
0.00014871454914100468
0.0004704791645053774
0.000972217065282166
0.001612385967746377
0.0004950932925567031
0.00010656091762939468
0.00019963055092375726
0.006102968938648701
0.007465757895261049
0.012862978503108025
0.01813623122870922
0.0005197099526412785
0.006075115408748388
0.028108447790145874
0.0005474233184941113
0.013072224333882332
0.0013412480475381017
0.0003186422982253134
0.02441110834479332
0.05215789005160332
0.010674887336790562
0.011580141261219978
0.0028991857543587685
0.0022355658002197742
0.0005165414186194539
0.0030414313077926636
0.006200837437063456
0.03879072889685631
0.090640127658844
0.0026096098590642214
0.019873904064297676
0.005970464553683996
0.04262113943696022
0.0001279451826121658
0.001637916313484311
0.0012922781752422452
0.002172444947063923
0.0002385596453677863
0.000619455415289849
0.0039028855971992016
0.009423386305570602
0.00007155414641601965
0.00019951825379393995
0.009765575639903545
0.0001665136805968359
0.00014432934403885156
0.0004510961298365146
0.000974775233771652
0.005237906705588102
0.000052143121138215065
0.0012572412379086018
0.0006981769693084061
0.00026416353648528457
0.0005889852182008326
0.003358963644132018
0.000027492011213325895
0.012814692221581936
0.00020229126675985754
0.01705540530383587
0.011691093444824219
0.0006973555427975953
0.0028637845534831285
0.003971522208303213
0.0011519260006025434
0.017006326466798782
0.00220820726826787
0.04307013005018234
0.01908298209309578
0.00015960859309416264
0.0002726108068600297
0.0010992385214194655
0.0033310959115624428
0.00035763243795372546
0.0024143692571669817
0.01520458422601223
0.007510716561228037
0.01841004751622677
0.00011430304584791884
0.00024573810514993966
0.0010944211389869452
0.0006149904802441597
0.00017007409769576043
0.0004153507179580629
0.0013274052180349827
0.0006740675889886916
0.001218023826368153
0.000036229110264685005
0.006382551044225693
0.0001462339423596859
0.005445518065243959
0.0011804471723735332
0.002873307093977928
0.00072967674350366
0.02243313379585743
0.00066997145768255
0.030431950464844704
0.0035386583767831326
0.0008012028993107378
0.000384857936296612
0.002403340535238385
0.00016921924543567002
0.0018173822900280356
0.00036905775777995586
0.009092970751225948
0.0023068098817020655
0.0007871948182582855
0.0008910006727091968
0.0001866167294792831
0.000047050780267454684
0.003925223834812641
0.00009860360296443105
0.0024329021107405424
0.0006187176331877708
0.00005042861812398769
0.0004823986964765936
0.000028914446374983527
0.014982564374804497
0.0004164131241850555
0.0025312204379588366
0.0005215021665208042
0.00017204954929184169
0.00007352168904617429
0.00011455463391030207
0.00018390202603768557
0.0003482743341010064
0.0037124278023838997
0.0007774767000228167
0.00305387657135725
0.005972750950604677
0.010072614066302776
0.007212268654257059
0.0004718184354715049
0.004270571283996105
0.00017840259533841163
0.025334864854812622
0.00004147416620980948
0.0039782836101949215
0.0001073238454409875
0.00005875456554349512
0.0064695291221141815
0.006722890771925449
0.0002832571044564247
0.011205458082258701
0.0013547390699386597
0.0035296694841235876
0.005536239128559828
0.0023839962668716908
0.003591180546209216
0.006402722559869289
0.0005362026859074831
0.00005523870277102105
0.0000505071111547295
0.04974677413702011
0.006688093300908804
0.0013502289075404406
0.0030940973665565252
0.00584796629846096
0.0001767601352185011
0.00018054280371870846
0.005227783694863319
0.00027801981195807457
0.024975989013910294
0.006561734713613987
0.00002839683656929992
0.006061871536076069
0.00142500305082649
0.00839655939489603
0.0003420418070163578
0.0007164171547628939
0.0013653719797730446
0.00006440460856538266
0.0062629710882902145
0.0029639843851327896
0.0003077250730711967
0.030484642833471298
0.026568301022052765
0.001357580884359777
0.00250717019662261
0.007344687357544899
0.0018497968558222055
0.0446227565407753
0.0011225119233131409
0.0009243095410056412
0.0010939212515950203
0.0013794032856822014
0.00547827547416091
0.0013281358405947685
0.008852455765008926
0.004512013867497444
0.03954511880874634
0.05367963761091232
0.00015221830108202994
0.00011562928557395935
0.0013464424991980195
0.0001386459480272606
0.024080075323581696
0.0433635339140892
0.01066393218934536
0.0000325418368447572
0.028268545866012573
0.0017648286884650588
0.0017962637357413769
0.0006129067623987794
0.0004293259989935905
0.0003052412939723581
0.000041761730244616047
0.00025939306942746043
0.0011338370386511087
0.0007822249899618328
0.0003752295742742717
0.0002541935828048736
0.014856863766908646
0.004390135407447815
0.00015508530486840755
0.006135632749646902
0.000023846174372010864
0.000787219381891191
0.000021961925085633993
0.000048329049604944885
0.0003070255334023386
0.015801699832081795
0.0014347737887874246
0.002867069561034441
0.04733959585428238
0.0008440646925009787
0.002002683002501726
0.029128888621926308
0.0006608180701732635
0.00048062449786812067
0.00008888576849130914
0.0004249467747285962
0.00030162662733346224
0.0002857436193153262
0.010491153225302696
0.00026038638316094875
0.0001640371629036963
0.0010482753859832883
0.0027668066322803497
0.0004439422918949276
0.000726955127902329
0.0002363026433158666
0.05460721626877785
0.0004598140367306769
0.010450063273310661
0.00005032931221649051
0.0013943116646260023
0.0012468498898670077
0.0006571766571141779
0.0005795914330519736
0.0037430257070809603
0.0025994584430009127
0.0008255848078988492
0.00007071810978231952
0.008771139197051525
0.0006370833143591881
0.000831752666272223
0.0014118370600044727
0.000050201735575683415
0.0000904228727449663
0.002004962647333741
0.0022097511682659388
0.01162728201597929
0.0006409156485460699
0.002666517160832882
0.0004713558009825647
0.0018046385375782847
0.011777672916650772
0.001528321299701929
0.006073884200304747
0.06695841997861862
0.0002771398867480457
0.00047467194963246584
0.004575787577778101
0.0007531692390330136
0.03457029163837433
0.0011208391515538096
0.02914331667125225
0.0016820465680211782
0.008481640368700027
0.00008359427738469094
0.004360874183475971
0.0003167428949382156
0.0006178157054819167
0.0001712251250864938
0.00047816208098083735
0.00019780958245974034
0.00134549371432513
0.003886339720338583
0.02645503729581833
0.014154898934066296
0.00020496621436905116
0.0025696877855807543
0.010092724114656448
0.00034146002144552767
0.018971730023622513
0.00034308829344809055
0.0001910924183903262
0.00029441152582876384
0.0016568689607083797
0.04633700102567673
0.009823319502174854
0.002426717896014452
0.00167143065482378
0.0021991822868585587
0.0003009435022249818
0.006028259638696909
0.0034509189426898956
0.0026365499943494797
0.004948470741510391
0.00023253128165379167
0.025033261626958847
0.000012608942597580608
0.003523833816871047
0.0002654444251675159
0.03976236283779144
0.0002760441566351801
0.0024472845252603292
0.016047120094299316
0.000316823337925598
0.00012597382010426372
0.0000521070251124911
0.003081005299463868
0.023691589012742043
0.000348269211826846
0.007018715143203735
0.043588511645793915
0.0009836241370067
0.000606457469984889
0.008435082621872425
0.0011668000370264053
0.014321253634989262
0.03172675892710686
0.003678424283862114
0.00006329609459498897
0.0005792620358988643
0.00023687952489126474
0.00042909206240437925
0.0007405084907077253
0.00018875654495786875
0.01084220502525568
0.0030598456505686045
0.01193778496235609
0.0005330609856173396
0.0002574588288553059
0.00019729752966668457
0.007975736632943153
0.09411824494600296
0.004498239606618881
0.00005612803579424508
0.011843398213386536
0.00003374554216861725
0.001719755819067359
0.00006379144178936258
0.02521832101047039
0.00014232123794499785
0.0016626478172838688
0.000020137049432378262
0.0017358092591166496
0.002158612012863159
0.005687486845999956
0.01823270134627819
0.00762575538828969
0.0000834444144857116
0.0038280191365629435
0.000013846870388078969
0.0001711913209874183
0.000058947684010490775
0.018547246232628822
0.002924928441643715
0.01268821582198143
0.00020568515174090862
0.0015797067899256945
0.002935290802270174
0.0006756830844096839
0.013543142937123775
0.0004867076931986958
0.0005731979035772383
0.00037178024649620056
0.007360221818089485
0.00012339785462245345
0.0006991885602474213
0.00003111605838057585
0.00400688499212265
0.0008718096651136875
0.000022020802134647965
0.018277479335665703
0.0024023631121963263
0.017927290871739388
0.0073712789453566074
0.00022601516684517264
0.0023124595172703266
0.000026416259061079472
0.0005481740809045732
0.001387603348121047
0.0007070341380313039
0.0059682633727788925
0.013413025066256523
0.0001346665812889114
0.0002863647532649338
0.00237126462161541
0.002039186656475067
0.00019243369752075523
0.005875682458281517
0.0012357704108580947
0.00026714897830970585
0.022776754572987556
0.000363976345397532
0.00007372743129963055
0.00004655726661439985
0.019220629706978798
0.0010837109293788671
0.000018128552255802788
0.0011648788349702954
0.04611527547240257
0.00026560662081465125
0.003600543597713113
0.0009187335381284356
0.009721511974930763
0.0028762670699507
0.0028079356998205185
0.0014525201404467225
0.004254657309502363
0.0015192788559943438
0.00013028284593019634
0.0005533156800083816
0.001066581578925252
0.006163599900901318
0.0005785003886558115
0.00023354151926469058
0.0007227600435726345
0.0028271242044866085
0.0007737812702544034
0.0004145469283685088
0.0005329825216904283
0.0007211855263449252
0.003378411754965782
0.0005518760299310088
0.02430584281682968
0.0002881255350075662
0.0009078693692572415
0.0011527002789080143
0.0014790899585932493
0.014291602186858654
0.0017097832169383764
0.00020670131198130548
0.00034949995460920036
0.0025540837086737156
0.000499857822433114
0.00016995654732454568
0.0017868607537820935
0.013341370970010757
0.00024130470410455018
0.000305034511256963
0.001863457029685378
0.0019270468037575483
0.00046053645201027393
0.02615370973944664
0.0012929809745401144
0.00013302775914780796
0.0016714038792997599
0.00002793977182591334
0.04969264194369316
0.0032862855587154627
0.00013848106027580798
0.00178593082819134
0.008632410317659378
0.00020187837071716785
0.00008861055539455265
0.0004697947297245264
0.00015505609917454422
0.0005279253236949444
0.0010201889090240002
0.0005787582485936582
0.012545322999358177
0.00008528402395313606
0.00013639594544656575
0.0002399469813099131
0.00003715390630532056
0.00013567873975262046
0.00003965697032981552
0.000054856900533195585
0.00022586777049582452
0.004277576692402363
0.002367223147302866
0.000885710003785789
0.0005765568348579109
0.00011630651715677232
0.00002393808972556144
0.0016731115756556392
0.005328774452209473
0.0004604506539180875
0.013795271515846252
0.0038527713622897863
0.017250878736376762
0.009890303947031498
0.0010276420507580042
0.000011208416253793985
0.0008244672208093107
0.0011056378716602921
0.009525390341877937
0.0009257635101675987
0.0001489204150857404
0.032310981303453445
0.0008577572298236191
0.0009208187693729997
0.00016983012028504163
0.0033822094555944204
0.0015919972211122513
0.0011378140188753605
0.03004024364054203
0.028101641684770584
0.00530685018748045
0.00005191513628233224
0.000654091127216816
0.004368659108877182
0.002380578313022852
0.0005000847741030157
0.000010130933333130088
0.008977188728749752
0.003784396219998598
0.0000606432840868365
0.00085720035713166
0.008298350498080254
0.004920323379337788
0.0012039646971970797
0.0006626456161029637
0.015078102238476276
0.0006643571541644633
0.000495412212330848
0.053849197924137115
0.006091393996030092
0.0003874319954775274
0.0019728790502995253
0.00018703460227698088
0.010585181415081024
0.004359648562967777
0.00003574465517885983
0.001642310875467956
0.0001610156468814239
0.017269115895032883
0.00037987082032486796
0.01473900768905878
0.0004409993125591427
0.0001931957231136039
0.007063033990561962
0.00022009210078977048
0.0046745603904128075
0.0026178439147770405
0.0003007498453371227
0.003839625045657158
0.01605941727757454
0.013268732465803623
0.00005885117207071744
0.0346943661570549
0.005051248706877232
0.00010066827962873504
0.00008583832095609978
0.00015052752860356122
0.0007095650653354824
0.0002341746585443616
0.003820425132289529
0.006164249964058399
0.001049195765517652
0.0072100115939974785
0.01267084851861
0.0002691255940590054
0.0008467265288345516
0.00016340763249900192
0.006579526234418154
0.024027034640312195
0.00008807201811578125
0.0044516269117593765
0.00025682832347229123
0.000125425576698035
0.0004875164304394275
0.0001297960989177227
0.000264315603999421
0.0001897587499115616
0.00007617622759426013
0.04852515086531639
0.00010411447146907449
0.00024123623734340072
0.00006160602060845122
0.004864211659878492
0.00014909644960425794
0.007020198740065098
0.009506438858807087
0.0002141336299246177
0.0006485327030532062
0.00004431985871633515
0.00029655778780579567
0.0032833898440003395
0.0006127702072262764
0.002215669257566333
0.00007308716885745525
0.0001629007892915979
0.01647246815264225
0.022692784667015076
0.0007569019217044115
0.008613494224846363
0.0007990303565748036
0.000034333843359490857
0.00012551200052257627
0.0026491833850741386
0.00047506537521257997
0.000474980945000425
0.00010912759171333164
0.04318346083164215
0.0009461971931159496
0.000253205158514902
0.008919544517993927
0.018867647275328636
0.0022818674333393574
0.000054733325669076294
0.00031041173497214913
0.000042423347622388974
0.00020969142497051507
0.004098651930689812
0.002274651313200593
0.00036983442259952426
0.0007612868794240057
0.00032821408240124583
0.012272796593606472
0.0029965387657284737
0.006256661377847195
0.003961470909416676
0.0026734471321105957
0.007504172623157501
0.00018530037777964026
0.0009171880665235221
0.0010248201433569193
0.007299157325178385
0.0009762241970747709
0.00024001920246519148
0.00015090704255271703
0.00015946393250487745
0.0062530990689992905
0.000984199927188456
0.00032898373319767416
0.00025896975421346724
0.004206444136798382
0.05949034541845322
0.00018912400992121547
0.0012424691813066602
0.0033661930356174707
0.000020957482774974778
0.00006660860526608303
0.001972820842638612
0.00008147893822751939
0.012188314460217953
0.00009129817772191018
0.00021097343415021896
0.00041596361552365124
0.00003630535866250284
