0.13158291578292847
0.05764666944742203
0.22766590118408203
0.10692577809095383
0.12083520740270615
0.2715126574039459
0.31093719601631165
0.10155965387821198
0.08475463837385178
0.05137060582637787
0.1352023482322693
0.19851815700531006
0.07048314809799194
0.16048097610473633
0.18970850110054016
0.1018943265080452
0.15287059545516968
0.15140371024608612
0.16800186038017273
0.13668616116046906
0.07365628331899643
0.11216285824775696
0.14405770599842072
0.12114184349775314
0.11101120710372925
0.12453632056713104
0.19802767038345337
0.17825396358966827
0.17408902943134308
0.18917027115821838
0.05302293971180916
0.18475846946239471
0.32998597621917725
0.03128568455576897
0.1115933358669281
0.08255218714475632
0.11887413263320923
0.08912791311740875
0.09822699427604675
0.15691906213760376
0.0818031057715416
0.039566610008478165
0.1059708371758461
0.12455140799283981
0.07153075188398361
0.07848365604877472
0.0968211442232132
0.1723543256521225
0.10289541631937027
0.07927572727203369
0.10911810398101807
0.08618664741516113
0.1894080638885498
0.11060331016778946
0.2406938076019287
0.10372418910264969
0.11663836240768433
0.13182878494262695
0.09779477119445801
0.13326720893383026
0.18895819783210754
0.07965496927499771
0.0654568150639534
0.18649914860725403
0.2412128895521164
0.10195409506559372
0.09132689982652664
0.0644846260547638
0.06943382322788239
0.08836238086223602
0.08686161786317825
0.28704947233200073
0.14778827130794525
0.049882493913173676
0.10927054286003113
0.06505481153726578
0.2809142768383026
0.10413501411676407
0.1927405297756195
0.11582699418067932
0.13208109140396118
0.11236493289470673
0.17376814782619476
0.08609077334403992
0.1630152463912964
0.15073150396347046
0.06331725418567657
0.06956256926059723
0.03217247128486633
0.1420849859714508
0.12489928305149078
0.21776123344898224
0.08776912093162537
0.059814583510160446
0.11476349085569382
0.17272843420505524
0.10196598619222641
0.06065966188907623
0.17393924295902252
0.09158825129270554
0.09129445254802704
0.10779032856225967
0.06296391785144806
0.11074703186750412
0.12250743061304092
0.23653249442577362
0.1888081431388855
0.11271559447050095
0.08854082226753235
0.10493234544992447
0.09414046257734299
0.12088454514741898
0.21125365793704987
0.11945709586143494
0.32596778869628906
0.25838273763656616
0.03273966163396835
0.16130074858665466
0.1650780439376831
0.1061510220170021
0.1503192037343979
0.06990916281938553
0.13522256910800934
0.08694468438625336
0.09969088435173035
0.2539709210395813
0.07700518518686295
0.2115584760904312
0.033524416387081146
0.12766890227794647
0.1367368847131729
0.12210516631603241
0.2011081725358963
0.12373678386211395
0.12151782959699631
0.1348390281200409
0.13132621347904205
0.1677323877811432
0.0887758880853653
0.12087570875883102
0.12471237778663635
0.20187142491340637
0.1625368595123291
0.14165762066841125
0.10912791639566422
0.04884101450443268
0.3974716365337372
0.0479484461247921
0.02891601249575615
0.16875575482845306
0.07925428450107574
0.1447899490594864
0.11107878386974335
0.1863936334848404
0.13666559755802155
0.10325074940919876
0.056235115975141525
0.0782371312379837
0.05341512709856033
0.16242876648902893
0.05217014625668526
0.13307374715805054
0.047008711844682693
0.18903757631778717
0.021590063348412514
0.1891654133796692
0.11997705698013306
0.10687503218650818
0.10101386159658432
0.23633864521980286
0.06345618516206741
0.10788510739803314
0.10676887631416321
0.27478402853012085
0.08137426525354385
0.13013231754302979
0.1425381302833557
0.13791543245315552
0.36449941992759705
0.07651147991418839
0.17007920145988464
0.19810904562473297
0.14690062403678894
0.06488329917192459
0.10644377768039703
0.10566795617341995
0.07099282741546631
0.0469275638461113
0.08302361518144608
0.08580372482538223
0.11084410548210144
0.12226209789514542
0.10231807827949524
0.10913553088903427
0.1439855396747589
0.14809174835681915
0.05542321503162384
0.08778275549411774
0.0806155651807785
0.14277346432209015
0.08295547217130661
0.07348082214593887
0.23173758387565613
0.1628635823726654
0.10992275178432465
0.1759258508682251
0.24534882605075836
0.075458824634552
0.1326492428779602
0.10853774845600128
0.15252123773097992
0.11031545698642731
0.10811515152454376
0.14737458527088165
0.15380969643592834
0.11436180025339127
0.16512703895568848
0.320038765668869
0.10679957270622253
0.10782729834318161
0.20262834429740906
0.10220914334058762
0.2550623118877411
0.134074866771698
0.046573083847761154
0.2434113323688507
0.1675417423248291
0.07941844314336777
0.12770485877990723
0.17163635790348053
0.2781693637371063
0.07454529404640198
0.0696449875831604
0.2894786596298218
0.15158551931381226
0.051838841289281845
0.12491579353809357
0.033900920301675797
0.1479542851448059
0.18627288937568665
0.2593885660171509
0.198812335729599
0.09954234957695007
0.22861230373382568
0.21822713315486908
0.1290590912103653
0.2549288868904114
0.10212855041027069
0.21511928737163544
0.12319830060005188
0.23776768147945404
0.07781436294317245
0.2789699137210846
0.24319516122341156
0.1595855951309204
0.042282961308956146
0.1155308410525322
0.11470360308885574
0.10527446120977402
0.08435552567243576
0.14768274128437042
0.07056547701358795
0.1334126740694046
0.2555968761444092
0.1087021753191948
0.15476584434509277
0.0391119047999382
0.05220446735620499
0.0731382966041565
0.12080636620521545
0.05892348289489746
0.15464374423027039
0.10990974307060242
0.18151070177555084
0.23960092663764954
0.09993300586938858
0.08854575455188751
0.271306574344635
0.20663532614707947
0.08090003579854965
0.1234062984585762
0.1228703036904335
0.2306802123785019
0.16706059873104095
0.09424067288637161
0.10600101202726364
0.11157313734292984
0.18626047670841217
0.04271785542368889
0.0727093517780304
0.15730907022953033
0.042944274842739105
0.08406610041856766
0.041316937655210495
0.07709528505802155
0.18650268018245697
0.18567728996276855
0.059241823852062225
0.15239281952381134
0.13502539694309235
0.09353186190128326
0.24861875176429749
0.07726234942674637
0.3153942823410034
0.16758623719215393
0.04521351307630539
0.10120128095149994
0.21052102744579315
0.04241589456796646
0.09347830712795258
0.16353839635849
0.11788313835859299
0.07894906401634216
0.06205631420016289
0.22057490050792694
0.13309741020202637
0.06430719792842865
0.15841034054756165
0.15432685613632202
0.1855025291442871
0.0879000648856163
0.10982462763786316
0.2587662935256958
0.12027930468320847
0.12705259025096893
0.0570974200963974
0.09444868564605713
0.19774200022220612
0.12859180569648743
0.13603630661964417
0.08929659426212311
0.18940100073814392
0.22451093792915344
0.15256951749324799
0.07703933119773865
0.12026418745517731
0.07599492371082306
0.19408927857875824
0.3545900881290436
0.11823762208223343
0.0924832820892334
0.4334281086921692
0.13574498891830444
0.1299704760313034
0.1444672793149948
0.07029173523187637
0.07430949807167053
0.18794040381908417
0.04707973077893257
0.17743821442127228
0.3458700180053711
0.16567549109458923
0.2782277762889862
0.19628527760505676
0.08662346005439758
0.0506894513964653
0.13677838444709778
0.11320581287145615
0.36942747235298157
0.17904864251613617
0.1296640932559967
0.1361590474843979
0.15865357220172882
0.05968280881643295
0.1411796510219574
0.028996458277106285
0.17021918296813965
0.187714621424675
0.11544937640428543
0.1073981374502182
0.1438610851764679
0.16505509614944458
0.07072003185749054
0.11140748113393784
0.12539412081241608
0.1482488512992859
0.15952152013778687
0.11047182232141495
0.09850817918777466
0.14600799977779388
0.04303043708205223
0.16683244705200195
0.0682779923081398
0.11374010890722275
0.17299430072307587
0.11604146659374237
0.1009833961725235
0.12460702657699585
0.15573477745056152
0.13305813074111938
0.14939241111278534
0.23962366580963135
0.11656055599451065
0.17458070814609528
0.158985435962677
0.07194662094116211
0.0830455869436264
0.08891580998897552
0.19947554171085358
0.11039984226226807
0.2515697777271271
0.07922451198101044
0.07447286695241928
0.17424026131629944
0.14431454241275787
0.0961647778749466
0.0752163901925087
0.15562918782234192
0.12531296908855438
0.0918070375919342
0.08565942198038101
0.17460475862026215
0.07864048331975937
0.10405071824789047
0.06570540368556976
0.11377871036529541
0.11354832351207733
0.04786139354109764
0.1718619018793106
0.09029698371887207
0.09261959791183472
0.06923462450504303
0.24217624962329865
0.08134538680315018
0.15958528220653534
0.16772030293941498
0.17532311379909515
0.14738978445529938
0.1346459984779358
0.11863334476947784
0.11855451762676239
0.10677513480186462
0.20895938575267792
0.13988962769508362
0.1428913027048111
0.04588498920202255
0.11802437156438828
0.1326277256011963
0.23732036352157593
0.031072650104761124
0.16637615859508514
0.13803493976593018
0.11742416769266129
0.223196342587471
0.11813747882843018
0.11715754121541977
0.17192859947681427
0.12503108382225037
0.14447632431983948
0.1526988297700882
0.09558139741420746
0.2941896319389343
0.20560413599014282
0.0825560986995697
0.14611679315567017
0.11913003027439117
0.13445203006267548
0.07949404418468475
0.184664785861969
0.09238027036190033
0.22463226318359375
0.10564029216766357
0.07883705943822861
0.06036461144685745
0.18621353805065155
0.04894983768463135
0.21285560727119446
0.0918637067079544
0.06731444597244263
0.09369464218616486
0.2216622680425644
0.1609657257795334
0.11708435416221619
0.10254194587469101
0.13076943159103394
0.15177644789218903
0.1327798068523407
0.10518250614404678
0.10029427707195282
0.19228850305080414
0.1198405995965004
0.11798812448978424
0.25667908787727356
0.22612649202346802
0.16184885799884796
0.12907399237155914
0.06029907986521721
0.06511513143777847
0.04180857166647911
0.11664377152919769
0.17005419731140137
0.12032166123390198
0.10638214647769928
0.028555037453770638
0.18377573788166046
0.12755772471427917
0.13908392190933228
0.04894806817173958
0.157631516456604
0.09159259498119354
0.18086402118206024
0.09296471625566483
0.09496753662824631
0.21346721053123474
0.0897151306271553
0.05573450028896332
0.19695642590522766
0.16604645550251007
0.07354431599378586
0.08652004599571228
0.03816653788089752
0.11282966285943985
0.36620309948921204
0.12656410038471222
0.22748219966888428
0.09079885482788086
0.1819627434015274
0.15361526608467102
0.1224844753742218
0.09743716567754745
0.11616557091474533
0.08549905568361282
0.11219726502895355
0.1945638209581375
0.28716301918029785
0.1593933403491974
0.057918425649404526
0.16101570427417755
0.22801481187343597
0.11022216826677322
0.1248999610543251
0.0419081375002861
0.10495942831039429
0.0855996161699295
0.17912594974040985
0.025500327348709106
0.10546965152025223
0.08114052563905716
0.15334442257881165
0.10932501405477524
0.1699969470500946
0.10999618470668793
0.20239146053791046
0.07419049739837646
0.14067944884300232
0.07968723028898239
0.16024456918239594
0.05575275048613548
0.05142531171441078
0.20224061608314514
0.08869806677103043
0.08177421241998672
0.14305534958839417
0.09495218098163605
0.12777499854564667
0.0714152380824089
0.1471855491399765
0.12409751117229462
0.15810270607471466
0.12091395258903503
0.11334076523780823
0.17564259469509125
0.1072155311703682
0.1305364966392517
0.13073590397834778
0.19808869063854218
0.2266986072063446
0.05999526008963585
0.0851718857884407
0.1529308408498764
0.14540469646453857
0.25927871465682983
0.1830035001039505
0.19418689608573914
0.06606298685073853
0.13136351108551025
0.08644236624240875
0.14884944260120392
0.16021758317947388
0.25986382365226746
0.0578826405107975
0.060401007533073425
0.16728787124156952
0.1801805943250656
0.10807686299085617
0.11766718327999115
0.15688057243824005
0.22063592076301575
0.05630973353981972
0.10199384391307831
0.17668026685714722
0.11872351169586182
0.22306925058364868
0.13793568313121796
0.11560435593128204
0.170808345079422
0.08363005518913269
0.2751843333244324
0.12070093303918839
0.307526558637619
0.18481042981147766
0.11995738744735718
0.1695108413696289
0.11655448377132416
0.14755161106586456
0.10115452110767365
0.2009621560573578
0.11235003173351288
0.09869465976953506
0.08055727928876877
0.14285515248775482
0.0634469985961914
0.2898567020893097
0.09009461849927902
0.20253415405750275
0.17309367656707764
0.14333905279636383
0.041418883949518204
0.08562830090522766
0.08796212077140808
0.0864705964922905
0.16280929744243622
0.08540460467338562
0.10074861347675323
0.10453187674283981
0.20699380338191986
0.07188969850540161
0.33607226610183716
0.17205967009067535
0.06473393738269806
0.13209737837314606
0.08639546483755112
0.07854004204273224
0.08593066781759262
0.14918233454227448
0.05149758979678154
0.20608727633953094
0.19486238062381744
0.09859456866979599
0.16633012890815735
0.08876469731330872
0.12338487058877945
0.06675613671541214
0.3706289529800415
0.24096447229385376
0.07059919089078903
0.17658400535583496
0.21220983564853668
0.09079626202583313
0.06376969069242477
0.12386032193899155
0.03567177429795265
0.08609877526760101
0.13250567018985748
0.08814164996147156
0.06983894854784012
0.21203628182411194
0.2053222358226776
0.14681299030780792
0.0510709248483181
0.2032647728919983
0.0486934669315815
0.0221854317933321
0.0594739131629467
0.06921681016683578
0.052225202322006226
0.19935935735702515
0.1837109923362732
0.19560368359088898
0.1783657819032669
0.12119146436452866
0.09585123509168625
0.10462722182273865
0.12303822487592697
0.07450658828020096
0.16524648666381836
0.22823405265808105
0.30818915367126465
0.08977539837360382
0.09746035933494568
0.07134850323200226
0.07788820564746857
0.08430487662553787
0.08629702776670456
0.1625155657529831
0.1169223040342331
0.05996809899806976
0.17901301383972168
0.08634252101182938
0.06149516999721527
0.12275713682174683
0.18933771550655365
0.23436598479747772
0.10662616044282913
0.20116765797138214
0.06587494909763336
0.0754970908164978
0.2990618944168091
0.17811809480190277
0.1874115765094757
0.09629075974225998
0.08258523046970367
0.10224507749080658
0.11203301697969437
0.07506503909826279
0.052105046808719635
0.23376278579235077
0.08062110841274261
0.16167624294757843
0.1483393907546997
0.09847769886255264
0.14464880526065826
0.08768686652183533
0.06142493709921837
0.0920749083161354
0.06857859343290329
0.24450257420539856
0.16682393848896027
0.1813449263572693
0.09108062833547592
0.17928698658943176
0.08175165951251984
0.20320697128772736
0.12307681143283844
0.08261194080114365
0.13989293575286865
0.20453791320323944
0.09598367661237717
0.101036436855793
0.2629302442073822
0.1030375212430954
0.09820254147052765
0.12558037042617798
0.25483930110931396
0.06894279271364212
0.15706735849380493
0.1905829757452011
0.1448478102684021
0.20391611754894257
0.046704333275556564
0.13192486763000488
0.12958310544490814
0.28556719422340393
0.07975802570581436
0.18916545808315277
0.15933829545974731
0.11492067575454712
0.0758068636059761
0.1237202137708664
0.07016848772764206
0.10807298868894577
0.15199527144432068
0.05726855993270874
0.0816781148314476
0.08781518042087555
0.40743792057037354
0.11776770651340485
0.05545242130756378
0.13805508613586426
0.06591244786977768
0.1330883800983429
0.07662572711706161
0.09731263667345047
0.06479817628860474
0.14829976856708527
0.07403817772865295
0.2035350501537323
0.09326171875
0.07241072505712509
0.23116859793663025
0.17733949422836304
0.20468169450759888
0.1164129227399826
0.08343454450368881
0.11483539640903473
0.046321749687194824
0.14829285442829132
0.01720728538930416
0.17515893280506134
0.17605017125606537
0.15161967277526855
0.05436122789978981
0.23762276768684387
0.23880384862422943
0.14806213974952698
0.21327342092990875
0.11654556542634964
0.13216324150562286
0.0284571535885334
0.13035397231578827
0.16411514580249786
0.034680768847465515
0.02603737637400627
0.1581977754831314
0.19045452773571014
0.19716955721378326
0.07589380443096161
0.030060961842536926
0.09201416373252869
0.261188268661499
0.10973520576953888
0.09927308559417725
0.13952237367630005
0.15960310399532318
0.24931971728801727
0.11038775742053986
0.060952119529247284
0.17630477249622345
0.08903755992650986
0.09509746730327606
0.11631852388381958
0.1173192486166954
0.11778174340724945
0.1585754156112671
0.07143682986497879
0.20826378464698792
0.29646798968315125
0.15701042115688324
0.09865882992744446
0.10754610598087311
0.2537566125392914
0.11098110675811768
0.07580441236495972
0.31349271535873413
0.15374459326267242
0.08977165073156357
0.13233959674835205
0.07230326533317566
0.21597151458263397
0.13415561616420746
0.033958736807107925
0.14712190628051758
0.12534111738204956
0.08427081257104874
0.0662289708852768
0.033576540648937225
0.14392152428627014
0.1784069836139679
0.15901342034339905
0.052395857870578766
0.09904530644416809
0.3250095248222351
0.08900561183691025
0.05807451531291008
0.12895208597183228
0.15571516752243042
0.22040431201457977
0.16626890003681183
0.06701351702213287
0.11586900055408478
0.0965912789106369
0.19715198874473572
0.1337963193655014
0.10693296045064926
0.15207922458648682
0.10721705853939056
0.1314665526151657
0.1911415159702301
0.039472546428442
0.09174928814172745
0.22415490448474884
0.10477982461452484
0.06691800057888031
0.2179015874862671
0.1031670793890953
0.18608295917510986
0.12974277138710022
0.09711737930774689
0.11785124242305756
0.11666012555360794
0.09186097234487534
0.15058782696723938
0.2420428991317749
0.12009226530790329
0.22755835950374603
0.07117081433534622
0.15589314699172974
0.13470862805843353
0.04956851154565811
0.10740717500448227
0.050102610141038895
0.18942157924175262
0.07638780027627945
0.16599763929843903
0.2871476113796234
0.10138930380344391
0.10122644156217575
0.09732693433761597
0.17700141668319702
0.026568898931145668
0.26401734352111816
0.07402791827917099
0.1956137716770172
0.23406445980072021
0.13156728446483612
0.15815375745296478
0.1247415691614151
0.03546523675322533
0.21262677013874054
0.07630891352891922
0.035183798521757126
0.1578376144170761
0.04539501667022705
0.09717275202274323
0.07967442274093628
0.09237343072891235
0.16989628970623016
0.06585559248924255
0.2076222002506256
0.16127486526966095
0.11489958316087723
0.029486415907740593
0.19449599087238312
0.1165160983800888
0.10070040076971054
0.20111839473247528
0.19480253756046295
0.06079091504216194
0.09666743874549866
0.09309826791286469
0.03580450639128685
0.17113886773586273
0.3041554391384125
0.15298134088516235
0.17069482803344727
0.07010440528392792
0.19674569368362427
0.06337631493806839
0.05232233181595802
0.0702764019370079
0.3318297863006592
0.07431504875421524
0.11106641590595245
0.14718377590179443
0.30083802342414856
0.2932300865650177
0.10073518753051758
0.1375933587551117
0.1948399841785431
0.10585105419158936
0.08534123003482819
0.12969252467155457
0.14939934015274048
0.19452908635139465
0.07037697732448578
0.251920610666275
0.046601660549640656
0.10690830647945404
0.12924477458000183
0.12819035351276398
0.2673162519931793
0.025516187772154808
0.06874562054872513
0.14796197414398193
0.231924369931221
0.09788540750741959
0.12310606986284256
0.06658395379781723
0.04241971671581268
0.1536935269832611
0.05713100731372833
0.06677089631557465
0.10684525221586227
0.14673157036304474
0.08691950142383575
0.07494226843118668
0.1348692774772644
0.07006314396858215
0.07502546906471252
0.22858665883541107
0.21510009467601776
0.17205755412578583
0.08290121704339981
0.11132316291332245
0.06795676797628403
0.2224178910255432
0.08310332894325256
0.2684972882270813
0.09220413118600845
0.3516019582748413
0.14630167186260223
0.2705463767051697
0.11623861640691757
0.1591317057609558
0.11484765261411667
0.11549149453639984
0.09508310258388519
0.08250308781862259
0.21428585052490234
0.11972957849502563
0.08275425434112549
0.08279971778392792
0.045659132301807404
0.07461709529161453
0.13632936775684357
0.17107748985290527
0.0857238620519638
0.1073279157280922
0.09962714463472366
0.034802425652742386
0.137598916888237
0.06369492411613464
0.08033806085586548
0.16345344483852386
0.10473163425922394
0.04893485829234123
0.17263631522655487
0.0763745978474617
0.15927550196647644
0.12021895498037338
0.04937135800719261
0.21748606860637665
0.0700170248746872
0.054715316742658615
0.1673261970281601
0.15388450026512146
0.0830739289522171
0.1617724746465683
0.288241982460022
0.09057224541902542
0.1857522428035736
0.12939238548278809
0.05818172171711922
0.1280849426984787
0.09918507933616638
0.2613058090209961
0.02170618250966072
0.24532859027385712
0.13463184237480164
0.08884134143590927
0.10220683366060257
0.06593971699476242
0.07270040363073349
0.10917939245700836
0.10987213253974915
0.08618731051683426
0.20394937694072723
0.24459129571914673
0.1930001676082611
0.07391448318958282
0.1230735331773758
0.07188250124454498
0.09897972643375397
0.27442169189453125
0.07616262882947922
0.045479755848646164
0.09176058322191238
0.23242974281311035
0.10505344718694687
0.05165420100092888
0.18228888511657715
0.14074017107486725
0.10829269140958786
0.08748716861009598
0.19062043726444244
0.1320720613002777
0.24493028223514557
0.10077407211065292
0.0670013353228569
0.12675808370113373
0.12424395233392715
0.22616222500801086
0.15726354718208313
0.07223708182573318
0.10451527684926987
0.08554868400096893
0.05650916323065758
0.11297459900379181
0.14522632956504822
0.12676452100276947
0.14662612974643707
0.176371231675148
0.039847150444984436
0.07422178238630295
0.09128683805465698
0.17814959585666656
0.09114382416009903
0.053531713783741
0.1011974886059761
0.12577085196971893
0.12320558726787567
0.11733929812908173
0.1196180135011673
0.08480233699083328
0.07546921074390411
0.19442906975746155
0.04949024319648743
0.07399512082338333
0.15254510939121246
0.1332727074623108
0.2093261331319809
0.05578252300620079
0.08922348916530609
0.09663120657205582
0.13157986104488373
0.11691019684076309
0.08577663451433182
0.10256938636302948
0.1704162061214447
0.0942549929022789
0.21843896806240082
0.11959708482027054
0.15488648414611816
0.050721779465675354
0.12616512179374695
0.13942930102348328
0.19400541484355927
0.09652335196733475
0.18643364310264587
0.05690708011388779
0.2540281414985657
0.20591452717781067
0.11593403667211533
0.05199933424592018
0.12840448319911957
0.16556714475154877
0.11590877920389175
0.1908596307039261
0.15517766773700714
0.23032543063163757
0.14682188630104065
0.10565294325351715
0.17833827435970306
0.10679281502962112
0.07913917303085327
0.22379393875598907
0.12086498737335205
0.08339295536279678
0.16248442232608795
0.16255219280719757
0.06592446565628052
0.09209734201431274
0.1420278400182724
0.05089809373021126
0.17088131606578827
0.1383000910282135
0.09293268620967865
0.1742212325334549
0.11134941875934601
0.036660127341747284
0.15774981677532196
0.12465252727270126
0.16001158952713013
0.08056729286909103
0.11480730026960373
0.10041305422782898
0.12259135395288467
0.2652542293071747
0.2669280469417572
0.0997646152973175
0.09646487981081009
0.11645401269197464
0.049302756786346436
0.10296227782964706
0.21724717319011688
0.22264033555984497
0.06426025927066803
0.22709086537361145
0.10636771470308304
0.18828050792217255
0.16797380149364471
0.10805384069681168
0.1801195740699768
0.2548646926879883
0.11764109134674072
0.17815716564655304
0.08159538358449936
0.26077622175216675
0.047703538089990616
0.10369952768087387
0.21371455490589142
0.24407055974006653
0.1092178001999855
0.08283815532922745
0.05827528238296509
0.1625886708498001
0.058866236358881
0.11963894218206406
0.24805475771427155
0.05690346285700798
0.15165863931179047
0.12663321197032928
0.143283873796463
0.12962357699871063
0.1755637675523758
0.11362800002098083
0.04850543290376663
0.14610585570335388
0.24874909222126007
0.1778104305267334
0.061114855110645294
0.05902227386832237
0.1075642853975296
0.1836862862110138
0.11719667911529541
0.1310672163963318
0.1392124891281128
0.1073465496301651
0.05602814257144928
0.11847972869873047
0.11078103631734848
0.08194144815206528
0.24698272347450256
0.18716371059417725
0.12023347616195679
0.09052121639251709
0.018308619037270546
0.11948977410793304
0.10572418570518494
0.03301291540265083
0.17386941611766815
0.213436096906662
0.0913611426949501
0.08248033374547958
0.10051654279232025
0.035408519208431244
0.14964278042316437
0.039312414824962616
0.19796191155910492
0.08198338747024536
0.180580273270607
0.11841665953397751
0.22513528168201447
0.09169366955757141
0.1438664346933365
0.09124603867530823
0.10653690248727798
0.14824970066547394
0.2681945264339447
0.07484228163957596
0.06570214778184891
0.06725634634494781
0.14889326691627502
0.07566897571086884
0.2677992582321167
0.06996095925569534
0.2421371042728424
0.18458838760852814
0.2564060389995575
0.20154403150081635
0.2366383671760559
0.10184822231531143
0.10114522278308868
0.13545818626880646
0.21015599370002747
0.09474407136440277
0.033689819276332855
0.08499503135681152
0.18483108282089233
0.23920570313930511
0.059272073209285736
0.0402328222990036
0.14553526043891907
0.09156015515327454
0.13283027708530426
0.28711509704589844
0.11706611514091492
0.11390150338411331
0.149780735373497
0.18685708940029144
0.0785829946398735
0.10669528692960739
0.07039707899093628
0.1082356721162796
0.14261485636234283
0.08042893558740616
0.07874560356140137
0.12302816659212112
0.18884138762950897
0.05424020066857338
0.11219963431358337
0.06793646514415741
0.13609793782234192
0.1713753491640091
0.15137958526611328
0.1423378735780716
0.13703759014606476
0.11112599074840546
0.08945976942777634
0.16936761140823364
0.17386935651302338
0.0794929713010788
0.06574778258800507
0.1289139986038208
0.1225196048617363
0.15991251170635223
0.103896364569664
0.04741572216153145
0.14355038106441498
0.16054368019104004
0.052266351878643036
0.04845402389764786
0.05874767526984215
0.1872396469116211
0.07105612009763718
0.17916668951511383
0.12781068682670593
0.07897096872329712
0.13479942083358765
0.08305468410253525
0.23978695273399353
0.10069785267114639
0.12369687110185623
0.09468592703342438
0.2394384890794754
0.024093223735690117
0.039108701050281525
0.05344035476446152
0.10802298784255981
0.06274013221263885
0.1074753925204277
0.08560910075902939
0.13963183760643005
0.07816504687070847
0.1183118000626564
0.12221559882164001
0.16132406890392303
0.0994417816400528
0.09015273302793503
0.15330234169960022
0.06768149137496948
0.08921544998884201
0.04117143154144287
0.26077303290367126
0.08292225748300552
0.1533425748348236
0.13853125274181366
0.21830399334430695
0.14221544563770294
0.04167631268501282
0.08722162991762161
0.05646978318691254
0.23764629662036896
0.13754133880138397
0.17049801349639893
0.08689966797828674
0.05422638729214668
0.10073235630989075
0.22342991828918457
0.08263514935970306
0.19585436582565308
0.1171920895576477
0.16600434482097626
0.10996170341968536
0.09616681188344955
0.18810591101646423
0.09284883737564087
0.17354972660541534
0.18464608490467072
0.18224895000457764
0.13133932650089264
0.20795640349388123
0.08128920197486877
0.10988438129425049
0.24465112388134003
0.08876693248748779
0.08946505188941956
0.18042558431625366
0.19754591584205627
0.4155615568161011
0.1804337203502655
0.24313537776470184
0.2726533114910126
0.0537102073431015
0.21850472688674927
0.06296446919441223
0.1103106439113617
0.21739597618579865
0.2156701236963272
0.14804106950759888
0.08576757460832596
0.07410236448049545
0.07678993046283722
0.08463115245103836
0.1200280636548996
0.06310579925775528
0.09532149881124496
0.10258179157972336
0.08676950633525848
0.12439411878585815
0.17874953150749207
0.1228439062833786
0.1117791011929512
0.12047050148248672
0.23654045164585114
0.2053501456975937
0.08843590319156647
0.13951967656612396
0.1270775943994522
0.143051877617836
0.07810366898775101
0.05860499292612076
0.13681834936141968
0.05543360859155655
0.19603930413722992
0.08155159652233124
0.057675108313560486
0.18691103160381317
0.13650037348270416
0.14918813109397888
0.18203358352184296
0.20639348030090332
0.2809334993362427
0.1401527225971222
0.1956738978624344
0.0746942013502121
0.08503620326519012
0.20491620898246765
0.14273513853549957
0.17761778831481934
0.11141277849674225
0.09671486169099808
0.10401753336191177
0.07835417240858078
0.1982288658618927
0.13759444653987885
0.0784679725766182
0.11090181767940521
0.1852869987487793
0.09571926295757294
0.0744251236319542
0.10498613119125366
0.1856997311115265
0.12611259520053864
0.20628581941127777
0.10163500905036926
0.21256449818611145
0.25986337661743164
0.15123037993907928
0.0859823152422905
0.14324955642223358
0.1105223298072815
0.07536717504262924
0.10344313085079193
0.07198380678892136
0.1037345677614212
0.06815893203020096
0.22922569513320923
0.10254126042127609
0.07561653107404709
0.18037937581539154
0.1988563984632492
0.10945475846529007
0.049283917993307114
0.12229150533676147
0.13119712471961975
0.1387968510389328
0.20520278811454773
0.1459696888923645
0.13771092891693115
0.06770454347133636
0.10994340479373932
0.09305693954229355
0.07484040409326553
0.0843677967786789
0.07597789913415909
0.133540540933609
0.07190066576004028
0.05794450640678406
0.05097869411110878
0.08105994015932083
0.20176595449447632
0.08865012973546982
0.11043211817741394
0.07301559299230576
0.09187745302915573
0.2542726397514343
0.12056419253349304
0.2076045125722885
0.10048617422580719
0.07687775045633316
0.24000510573387146
0.15910464525222778
0.09233706444501877
0.26434028148651123
0.18087489902973175
0.08829272538423538
0.0940534770488739
0.09509240835905075
0.062307946383953094
0.04745922610163689
0.12440723180770874
0.14538154006004333
0.19186733663082123
0.13722342252731323
0.17851322889328003
0.0571155771613121
0.09828481078147888
0.1343185007572174
0.17893977463245392
0.18796098232269287
0.1245281770825386
0.1630667895078659
0.07083764672279358
0.0523579865694046
0.15216100215911865
0.08264873176813126
0.04006808251142502
0.14018890261650085
0.21919621527194977
0.15610259771347046
0.057663168758153915
0.147087961435318
0.12066692113876343
0.06611979752779007
0.08705230057239532
0.16923774778842926
0.29995691776275635
0.11892814934253693
0.1436808556318283
0.08289529383182526
0.06488724797964096
0.1216169074177742
0.06066310778260231
0.11942081898450851
0.0860995426774025
0.19206158816814423
0.11554189771413803
0.15681865811347961
0.1044246256351471
0.110905222594738
0.1557433158159256
0.14346805214881897
0.22804607450962067
0.18492232263088226
0.1054384782910347
0.07293563336133957
0.07915803045034409
0.12039828300476074
0.21607455611228943
0.22391222417354584
0.18415895104408264
0.06384287029504776
0.17178159952163696
0.11139883100986481
0.1250866949558258
0.07457517832517624
0.1073177307844162
0.10127273947000504
0.09773051738739014
0.20159457623958588
0.08417167514562607
0.07017073780298233
0.19620956480503082
0.23549990355968475
0.130960151553154
0.20068298280239105
0.1450732946395874
0.17531132698059082
0.1097075343132019
0.18345792591571808
0.035938113927841187
0.13676947355270386
0.046039022505283356
0.04112385958433151
0.09602922946214676
0.040725018829107285
0.05251294746994972
0.18125507235527039
0.07144838571548462
0.13713373243808746
0.026739051565527916
0.15762636065483093
0.10986442118883133
0.12324418872594833
0.061164554208517075
0.11154092103242874
0.03127956762909889
0.10406695306301117
0.07808659970760345
0.19957235455513
0.17553994059562683
0.22478647530078888
0.06121561676263809
0.048250943422317505
0.15534432232379913
0.24346745014190674
0.1822691261768341
0.12145514041185379
0.16067981719970703
0.15988057851791382
0.17238998413085938
0.11082882434129715
0.10685514658689499
0.09255080670118332
0.11132553219795227
0.1013263687491417
0.07626508176326752
0.10527867823839188
0.050148509442806244
0.10165693610906601
0.12923680245876312
0.1123705804347992
0.11606773734092712
0.08911025524139404
0.10176987200975418
0.11947767436504364
0.1970846801996231
0.0824873149394989
0.24610300362110138
0.17825841903686523
0.10115775465965271
0.2003854215145111
0.09063509106636047
0.20771224796772003
0.043873850256204605
0.13882550597190857
0.04627129063010216
0.05325702950358391
0.10288812965154648
0.07393581420183182
0.09330463409423828
0.07366324961185455
0.032170746475458145
0.029160741716623306
0.14422574639320374
0.12977971136569977
0.08361168950796127
0.16891050338745117
0.09731616824865341
0.163719043135643
0.07208672165870667
0.09194082021713257
0.05052173137664795
0.11904391646385193
0.12622368335723877
0.07733767479658127
0.195695161819458
0.10572882741689682
0.12127327919006348
0.29521802067756653
0.035542406141757965
0.12252157926559448
0.06044415384531021
0.04922233894467354
0.04161659628152847
0.16371949017047882
0.2297406792640686
0.08143625408411026
0.19345641136169434
0.12806005775928497
0.074111208319664
0.1394587755203247
0.10550805181264877
0.08200590312480927
0.1268889307975769
0.17464396357536316
0.2919658124446869
0.15706010162830353
0.20292159914970398
0.2211095690727234
0.08899258822202682
0.2120007574558258
0.1160973533987999
0.10384269803762436
0.13230682909488678
0.11581593006849289
0.18638183176517487
0.18301330506801605
0.12537674605846405
0.13928242027759552
0.15426860749721527
0.2161329835653305
0.14420881867408752
0.14981266856193542
0.18871018290519714
0.19875119626522064
0.12192732095718384
0.09482890367507935
0.14457419514656067
0.15229542553424835
0.15527154505252838
0.0903204157948494
0.13870367407798767
0.13531775772571564
0.039414066821336746
0.07091963291168213
0.1878814995288849
0.13501453399658203
0.06593045592308044
0.22100171446800232
0.04839751869440079
0.26261037588119507
0.07489550113677979
0.10310623049736023
0.08456351608037949
0.10598205775022507
0.13246716558933258
0.04998588189482689
0.0872918888926506
0.1098598912358284
0.10025762766599655
0.24969276785850525
0.11869168281555176
0.0769447386264801
0.06253615766763687
0.12085709720849991
0.08775226771831512
0.11609290540218353
0.11738898605108261
0.054221585392951965
0.13522319495677948
0.1028670147061348
0.12328677624464035
0.06847833842039108
0.11811134219169617
0.1394992619752884
0.12830863893032074
0.1926182359457016
0.1629154086112976
0.021356109529733658
0.14856331050395966
0.2473863959312439
0.1230112761259079
0.13896261155605316
0.2641690969467163
0.11814650148153305
0.0773831382393837
0.14339545369148254
0.10381582379341125
0.21493956446647644
0.1745474934577942
0.17442013323307037
0.050681691616773605
0.04330253601074219
0.11433298885822296
0.045715682208538055
0.22587792575359344
0.040630046278238297
0.09966086596250534
0.12818659842014313
0.0818859189748764
0.05220187082886696
0.16621729731559753
0.06841743737459183
0.19591031968593597
0.12343642860651016
0.14906661212444305
0.19113843142986298
0.08728766441345215
0.09877550601959229
0.06027889624238014
0.3288160562515259
0.16479621827602386
0.12510597705841064
0.37586313486099243
0.11813463270664215
0.1809159368276596
0.1380586475133896
0.1298082172870636
0.03342538699507713
0.1223515048623085
0.08291792124509811
0.12518428266048431
0.02238265424966812
0.1442255675792694
0.13140076398849487
0.102320097386837
0.20790274441242218
0.09198197722434998
0.11432337015867233
0.20326901972293854
0.14773237705230713
0.1076243668794632
0.10322044044733047
0.09434657543897629
0.14338921010494232
0.1557624489068985
0.08380284905433655
0.12576508522033691
0.22268761694431305
0.155435711145401
0.1135418489575386
0.07035265862941742
0.14988112449645996
0.05954492464661598
0.16700251400470734
0.03722778335213661
0.07870698720216751
0.08818448334932327
0.15140555799007416
0.16797202825546265
0.2378738969564438
0.19555220007896423
0.26053059101104736
0.1983768194913864
0.0556318536400795
0.10602010786533356
0.16284897923469543
0.14258423447608948
0.1417519599199295
0.07181986421346664
0.3145882785320282
0.0826844871044159
0.21956603229045868
0.14723990857601166
0.13192613422870636
0.2521209120750427
0.11662457138299942
0.14600273966789246
0.10760535299777985
0.0706673189997673
0.0920063927769661
0.11984755098819733
0.30516088008880615
0.08187761902809143
0.08463313430547714
0.046328071504831314
0.1422915756702423
0.295327752828598
0.20346815884113312
0.16720399260520935
0.1174897849559784
0.18340370059013367
0.12862306833267212
0.27358654141426086
0.17833317816257477
0.06959162652492523
0.11082277446985245
0.11562284082174301
0.1737973392009735
0.15117467939853668
0.3281715512275696
0.07753583043813705
0.0645998865365982
0.24881868064403534
0.08190023899078369
0.07497996836900711
0.03794817999005318
0.055351633578538895
0.15663236379623413
0.03987903892993927
0.07773681730031967
0.07400578260421753
0.2087797075510025
0.18099385499954224
0.16471172869205475
0.26635831594467163
0.08488689363002777
0.018644241616129875
0.13537488877773285
0.19209179282188416
0.08152072131633759
0.0980345830321312
0.09451144933700562
0.07286785542964935
0.07682625204324722
0.1398136466741562
0.18297936022281647
0.07233846932649612
0.21273145079612732
0.06992271542549133
0.21545566618442535
0.15301308035850525
0.12519419193267822
0.16708765923976898
0.19355298578739166
0.1087636724114418
0.05649962276220322
0.0549323707818985
0.0840725377202034
0.1308516263961792
0.12045881152153015
0.20029886066913605
0.08479941636323929
0.09850862622261047
0.13377182185649872
0.3136880099773407
0.06168496236205101
0.03531830757856369
0.03816177695989609
0.13249625265598297
0.09033771604299545
0.09014297276735306
0.05514021962881088
0.18247024714946747
0.07048453390598297
0.06138640642166138
0.1903291642665863
0.0828615054488182
0.0573861226439476
0.038529183715581894
0.1582605391740799
0.029622629284858704
0.10996801406145096
0.03520846366882324
0.09762801975011826
0.14065434038639069
0.1072046235203743
0.1395191252231598
0.12382980436086655
0.25844138860702515
0.27092117071151733
0.21174094080924988
0.09424419701099396
0.061375077813863754
0.16959546506404877
0.05404571443796158
0.16480860114097595
0.11610259860754013
0.08165766298770905
0.15255391597747803
0.14441080391407013
0.09845814853906631
0.13932950794696808
0.08877981454133987
0.11738831549882889
0.08744021505117416
0.10959456861019135
0.09222634136676788
0.13159367442131042
0.0920960009098053
0.22231565415859222
0.12269097566604614
0.14949066936969757
0.1897447556257248
0.057278476655483246
0.10531061887741089
0.12744951248168945
0.04983013868331909
0.21447806060314178
0.1081806868314743
0.11168088018894196
0.24885773658752441
0.2503145635128021
0.1230812519788742
0.13685065507888794
0.2725033462047577
0.1106380894780159
0.095878005027771
0.19651567935943604
0.08186257630586624
0.10521283745765686
0.10507041215896606
0.058674708008766174
0.1299200803041458
0.18367834389209747
0.11079263687133789
0.08951551467180252
0.18454982340335846
0.13536742329597473
0.030911443755030632
0.10598751902580261
0.21487438678741455
0.1330786794424057
0.12366954237222672
0.12180478870868683
0.12772566080093384
0.23208573460578918
0.12909886240959167
0.03791167959570885
0.10635146498680115
0.07159863412380219
0.28895947337150574
0.1928224116563797
0.12568187713623047
0.0660465657711029
0.13672177493572235
0.0468730665743351
0.05412883311510086
0.1850658506155014
0.05610107257962227
0.05308643355965614
0.09963102638721466
0.05860216170549393
0.10127042979001999
0.19466501474380493
0.11539456248283386
0.04619131609797478
0.05236589536070824
0.13643679022789001
0.08701581507921219
0.1249961331486702
0.1557433009147644
0.09417743980884552
0.07568667829036713
0.07953380793333054
0.1525716781616211
0.0835270807147026
0.0692661926150322
0.0474763847887516
0.12148524075746536
0.13051746785640717
0.1377592533826828
0.058549653738737106
0.13259561359882355
0.1855745017528534
0.08339836448431015
0.12930947542190552
0.05216845124959946
0.04365325719118118
0.12205259501934052
0.21266211569309235
0.06590336561203003
0.12073027342557907
0.11879902333021164
0.20438654720783234
0.11765384674072266
0.03126254677772522
0.17102976143360138
0.1648787409067154
0.07134789228439331
0.27789783477783203
0.07697447389364243
0.16013503074645996
0.09560440480709076
0.13675540685653687
0.09779080003499985
0.1860116869211197
0.08745274692773819
0.10328057408332825
0.038853440433740616
0.11595287919044495
0.22617006301879883
0.15034276247024536
0.10860636830329895
0.028120260685682297
0.07716239243745804
0.15911854803562164
0.08477060496807098
0.1770016849040985
0.1906827688217163
0.09499932080507278
0.12002526223659515
0.21518756449222565
0.05362644046545029
0.1018630787730217
0.13435639441013336
0.0701451450586319
0.12798619270324707
0.14252042770385742
0.27415478229522705
0.14726214110851288
0.033663440495729446
0.10427996516227722
0.04372413456439972
0.048792432993650436
0.06851543486118317
0.0945463627576828
0.31402280926704407
0.2842402458190918
0.12868280708789825
0.09615729004144669
0.11666955798864365
0.1743835061788559
0.18044596910476685
0.2543500065803528
0.08973665535449982
0.059437427669763565
0.14738333225250244
0.21529418230056763
0.12710927426815033
0.03803979605436325
0.09463464468717575
0.03391445800662041
0.20056815445423126
0.10665470361709595
0.12564979493618011
0.03770352154970169
0.15858037769794464
0.22447119653224945
0.14899490773677826
0.03349793329834938
0.12738020718097687
0.08406460285186768
0.02394993230700493
0.1259765774011612
0.17862211167812347
0.141506627202034
0.17807066440582275
0.04085231572389603
0.08274760097265244
0.15184001624584198
0.26429274678230286
0.08638505637645721
0.1340549737215042
0.09449293464422226
0.10493888705968857
0.12194332480430603
0.20342139899730682
0.10243184864521027
0.1521458476781845
0.1117466539144516
0.22151023149490356
0.09273320436477661
0.13349486887454987
0.08472894877195358
0.17924417555332184
0.10513424128293991
0.30261826515197754
0.2337401658296585
0.07970359921455383
0.077614426612854
0.05551545321941376
0.18989554047584534
0.15663599967956543
0.11174555867910385
0.2031579315662384
0.08764109760522842
0.04866704344749451
0.23987700045108795
0.1540384739637375
0.0765814557671547
0.10183822363615036
0.13528403639793396
0.2526593506336212
0.04705682024359703
0.06934891641139984
0.0684991180896759
0.1487458497285843
0.16633567214012146
0.08193732798099518
0.15293458104133606
0.14210546016693115
0.1042669415473938
0.10965895652770996
0.06411217898130417
0.19088461995124817
0.14248357713222504
0.09658520668745041
0.09494809806346893
0.14622272551059723
0.1870485544204712
0.08753969520330429
0.16435430943965912
0.07945285737514496
0.09013573080301285
0.09504513442516327
0.13826970756053925
0.12804171442985535
0.14839941263198853
0.1500605046749115
0.10639946162700653
0.22794340550899506
0.12929667532444
0.14103884994983673
0.1728489100933075
0.11899182945489883
0.12715257704257965
0.15267972648143768
0.1311582773923874
0.2476292997598648
0.1140546202659607
0.07393644750118256
0.10555870085954666
0.16017799079418182
0.16905680298805237
0.09499970823526382
0.043685972690582275
0.12549951672554016
0.11688728630542755
0.03951997309923172
0.26521432399749756
0.11621161550283432
0.13057242333889008
0.11005806922912598
0.0670163482427597
0.04277631640434265
0.09753545373678207
0.14222529530525208
0.301774799823761
0.0910857543349266
0.07260748744010925
0.0922042578458786
0.09666790068149567
0.10994023084640503
0.1511145532131195
0.09694088250398636
0.10692165791988373
0.20875617861747742
0.06872672587633133
0.10277996212244034
0.08646530658006668
0.06381142884492874
0.08973360806703568
0.0957208201289177
0.06870800256729126
0.08023806661367416
0.22350488603115082
0.07078265398740768
0.14732956886291504
0.10225407779216766
0.03335420414805412
0.11009751260280609
0.09860468655824661
0.08174853771924973
0.05998766049742699
0.16994965076446533
0.1343356966972351
0.15677618980407715
0.09742376953363419
0.1630389541387558
0.08008364588022232
0.10827358067035675
0.0876750648021698
0.17303524911403656
0.2724238932132721
0.1156444251537323
0.08455266803503036
0.1661050170660019
0.03245686739683151
0.0777900367975235
0.04269903898239136
0.05396713316440582
0.21660582721233368
0.13845224678516388
0.087295763194561
0.11807771027088165
0.12834325432777405
0.05622682347893715
0.2518167495727539
0.11803388595581055
0.21583428978919983
0.06579515337944031
0.1901681274175644
0.20747476816177368
0.22011473774909973
0.15975873172283173
0.10391107201576233
0.16315525770187378
0.1557139754295349
0.06157860532402992
0.11548507213592529
0.08859448879957199
0.054232873022556305
0.04947629198431969
0.10809509456157684
0.14667737483978271
0.10243579000234604
0.06107606366276741
0.2117384821176529
0.045550741255283356
0.06900225579738617
0.21877525746822357
0.1868012547492981
0.0684712827205658
0.05864475667476654
0.09190142899751663
0.19423392415046692
0.07200123369693756
0.0967295914888382
0.17358584702014923
0.15824732184410095
0.09011562913656235
0.22928769886493683
0.06684883683919907
0.1747894585132599
0.13815931975841522
0.043043941259384155
0.08211008459329605
0.29514503479003906
0.11438842117786407
0.1222401112318039
0.11087173223495483
0.23908330500125885
0.18454331159591675
0.034237541258335114
0.18615520000457764
0.24880656599998474
0.16774813830852509
0.1239863708615303
0.11129574477672577
0.04128924012184143
0.032150331884622574
0.08581945300102234
0.0954427495598793
0.08703161776065826
0.11888705939054489
0.0697355717420578
0.08857306092977524
0.05798117443919182
0.15487487614154816
0.18920797109603882
0.07821127027273178
0.23633980751037598
0.2401696741580963
0.2067309319972992
0.059828490018844604
0.12863671779632568
0.10127759724855423
0.11269235610961914
0.15231265127658844
0.057100217789411545
0.19939662516117096
0.07698384672403336
0.12063135206699371
0.07747664302587509
0.22925789654254913
0.1481664627790451
0.051860492676496506
0.12448696047067642
0.1243903860449791
0.19949333369731903
0.05866243317723274
0.12342540919780731
0.07450710237026215
0.025624534115195274
0.04196302592754364
0.04555895924568176
0.09553099423646927
0.07602640986442566
0.16918104887008667
0.09007235616445541
0.1320229172706604
0.07655319571495056
0.07980449497699738
0.04908813163638115
0.149322047829628
0.09907831251621246
0.14868424832820892
0.06768693774938583
0.13239686191082
0.17695270478725433
0.1348469853401184
0.12533137202262878
0.19947108626365662
0.09412773698568344
0.13877488672733307
0.09543147683143616
0.03755173459649086
0.052441660314798355
0.1620607227087021
0.06686700880527496
0.2242855280637741
0.12827935814857483
0.18110515177249908
0.23099936544895172
0.09706225991249084
0.245875746011734
0.07583242654800415
0.1662377268075943
0.036800503730773926
0.14246395230293274
0.1432439237833023
0.048634909093379974
0.12052049487829208
0.18942655622959137
0.04164693504571915
0.1875171810388565
0.08592723309993744
0.040918078273534775
0.11645807325839996
0.06985203921794891
0.10085631161928177
0.08824621886014938
0.12333611398935318
0.12453966587781906
0.0944787859916687
0.1509914994239807
0.08559771627187729
0.19774360954761505
0.1790790557861328
0.05353858694434166
0.08325093984603882
0.12799814343452454
0.07958684861660004
0.08854524046182632
0.06830120086669922
0.06184658035635948
0.15974263846874237
0.17034874856472015
0.14061029255390167
0.025818241760134697
0.076038658618927
0.17957808077335358
0.12464799731969833
0.07341624051332474
0.18230122327804565
0.10070503503084183
0.11025270819664001
0.18607111275196075
0.18608084321022034
0.11718747019767761
0.040943533182144165
0.3034200370311737
0.09285508841276169
0.06714839488267899
0.17504888772964478
0.23018188774585724
0.06659047305583954
0.11914989352226257
0.08988955616950989
0.21626107394695282
0.19417542219161987
0.07016582787036896
0.09116466343402863
0.14806075394153595
0.10655969381332397
0.1613825261592865
0.04796401411294937
0.1256532371044159
0.09194120764732361
0.15460798144340515
0.13410025835037231
0.12324860692024231
0.14370061457157135
0.1578688770532608
0.11619378626346588
0.12570220232009888
0.12892530858516693
0.12708601355552673
0.014166179113090038
0.11605102568864822
0.12952657043933868
0.17400507628917694
0.08366239070892334
0.0641711875796318
0.06889770179986954
0.08650847524404526
0.25449371337890625
0.1482527107000351
0.10244022309780121
0.08910311758518219
0.045612771064043045
0.08279845118522644
0.10690142959356308
0.12685948610305786
0.175889253616333
0.09071167558431625
0.10920105129480362
0.13759715855121613
0.14914120733737946
0.1197989210486412
0.14346767961978912
0.09019781649112701
0.08957976847887039
0.27633926272392273
0.13397176563739777
0.10672986507415771
0.10565265268087387
0.2145489603281021
0.18026421964168549
0.061865903437137604
0.06419041752815247
0.05671586096286774
0.041176218539476395
0.08277881145477295
0.14235921204090118
0.053527262061834335
0.11498504132032394
0.09532182663679123
0.06565593183040619
0.14411742985248566
0.04242013767361641
0.05116618052124977
0.16420425474643707
0.049927081912755966
0.1259206086397171
0.1082523986697197
0.05454329773783684
0.06449583917856216
0.03495827317237854
0.1027805507183075
0.15119569003582
0.09038716554641724
0.14658735692501068
0.086713507771492
0.08036103844642639
0.11947455257177353
0.07187540829181671
0.23184311389923096
0.07442155480384827
0.15210053324699402
0.07241041213274002
0.04036228358745575
0.061120741069316864
0.08551765978336334
0.07221902906894684
0.1588968187570572
0.06453384459018707
0.09053294360637665
0.12297090888023376
0.0533219575881958
0.1132102906703949
0.05317739024758339
0.12542425096035004
0.06099660322070122
0.069825679063797
0.1359630823135376
0.07406023144721985
0.1031336784362793
0.19581778347492218
0.10895390063524246
0.11311931908130646
0.10876591503620148
0.079194076359272
0.0596892274916172
0.07169964164495468
0.1663234382867813
0.04289914295077324
0.15069788694381714
0.1830519139766693
0.0686364471912384
0.20073869824409485
0.08680621534585953
0.06740929931402206
0.05591066926717758
0.13047350943088531
0.11086360365152359
0.09045496582984924
0.21765069663524628
0.21956084668636322
0.11385262757539749
0.04632961377501488
0.15840110182762146
0.2179279327392578
0.07103773951530457
0.12839753925800323
0.10160865634679794
0.1817295402288437
0.1225239485502243
0.11485026776790619
0.17791926860809326
0.06930309534072876
0.16973529756069183
0.17041510343551636
0.11158894002437592
0.2180173099040985
0.1656579226255417
0.04267452284693718
0.19305559992790222
0.19406095147132874
0.12483258545398712
0.10812591761350632
0.08570283651351929
0.019025767222046852
0.0445316918194294
0.07686640322208405
0.07691996544599533
0.10587046295404434
0.10654857754707336
0.0984574556350708
0.11650992929935455
0.21320076286792755
0.06088631600141525
0.040490347892045975
0.15972067415714264
0.1160387247800827
0.06822127103805542
0.054717302322387695
0.15221962332725525
0.24518431723117828
0.12224061787128448
0.11504282802343369
0.10820510238409042
0.12629809975624084
0.09939160197973251
0.22582058608531952
0.07633727788925171
0.06824206560850143
0.14560481905937195
0.2189309298992157
0.18910324573516846
0.13290734589099884
0.06622197479009628
0.07683674246072769
0.031754281371831894
0.10886286944150925
0.061596859246492386
0.14227987825870514
0.08764418214559555
0.2054510861635208
0.11016541719436646
0.05573033168911934
0.06774385273456573
0.14770682156085968
0.08270684629678726
0.27907922863960266
0.10427550226449966
0.13279186189174652
0.220740407705307
0.07172255218029022
0.07491806149482727
0.11748990416526794
0.17819127440452576
0.04863739013671875
0.27640965580940247
0.09825771301984787
0.13986054062843323
0.12904421985149384
0.049876727163791656
0.06418497115373611
0.13361172378063202
0.12266574054956436
0.08107166737318039
0.10081829130649567
0.1086057648062706
0.046755459159612656
0.09653326869010925
0.13679596781730652
0.12257041037082672
0.22574827075004578
0.09948543459177017
0.14157003164291382
0.07420380413532257
0.09239465743303299
0.12510737776756287
0.08777011930942535
0.1431731879711151
0.0799250602722168
0.12956972420215607
0.055993225425481796
0.1889922171831131
0.08974414318799973
0.07515496015548706
0.08328236639499664
0.17335635423660278
0.1822018176317215
0.13256312906742096
0.06962630152702332
0.13110019266605377
0.11577770859003067
0.10178760439157486
0.20240581035614014
0.21884466707706451
0.03320111706852913
0.16533906757831573
0.10366392135620117
0.08625839650630951
0.11689957976341248
0.047084011137485504
0.06876552850008011
0.052845750004053116
0.22839298844337463
0.13688839972019196
0.24140247702598572
0.09648070484399796
0.19919757544994354
0.13410182297229767
0.11047723144292831
0.27083978056907654
0.16489972174167633
0.1143791526556015
0.23427432775497437
0.09703580290079117
0.1817655712366104
