0.00020273089467082173
0.019663983955979347
0.0003845025785267353
0.0011106397723779082
0.03811933845281601
0.0006586638046428561
0.0004262875590939075
0.0004912945441901684
0.0003187624388374388
0.006387540604919195
0.00046596999163739383
0.000030117022106423974
0.0002923372376244515
0.025902217254042625
0.0004969818983227015
0.0024455240927636623
0.00003382196155143902
0.0002729191619437188
0.0007753494428470731
0.005893593188375235
0.0002672677510417998
0.0001821924524847418
0.0017068629385903478
0.0005431290483102202
0.011033844202756882
0.0004943420644849539
0.0038640014827251434
0.00019578852516133338
0.0002624854678288102
0.0000566643248021137
0.013911479152739048
0.029769722372293472
0.0028845875058323145
0.00011833645112346858
0.0009849194902926683
0.0002536522806622088
0.0007050439016893506
0.00008051193435676396
0.006534256972372532
0.0037024396006017923
0.004184477962553501
0.0004801827308256179
0.000016111274817376398
0.006580876186490059
0.002173505024984479
0.006017990410327911
0.00006172971916384995
0.0000662266174913384
0.001970676938071847
0.013415826484560966
0.007081292103976011
0.0011666349601000547
0.009008951485157013
0.003367985598742962
0.006742403842508793
0.0008528605103492737
0.003784934524446726
0.0001688031479716301
0.00191468873526901
0.00007369824015768245
0.00020611639774870127
0.001553714624606073
0.0008482939447276294
0.012094373814761639
0.000021983538317726925
0.01870265230536461
0.00012842283467762172
0.00026375908055342734
0.00013856093573849648
0.000041947729187086225
0.0008896445506252348
0.0036981182638555765
0.001641969196498394
0.0010217364178970456
0.0009819760452955961
0.000032141753763426095
0.024697890505194664
0.0005642559845000505
0.0002606595226097852
0.0006250052829273045
0.0052938819862902164
0.0003623512457124889
0.0001403162896167487
0.0018362742848694324
0.006536482367664576
0.0003592911525629461
0.005826473701745272
0.001378933317027986
0.008356618694961071
0.00011043603444704786
0.014172003604471684
0.0010826295474544168
0.00024992795079015195
0.022624805569648743
0.00295969657599926
0.00018581874610390514
0.0002201147872256115
0.00014215994451660663
0.00022127084957901388
0.000008623339454061352
0.004253557417541742
0.0034602154046297073
0.00013345347542781383
0.00025132641894742846
0.007180342450737953
0.00047685852041468024
0.00006177840259624645
0.0001451623102184385
0.0005713968421332538
0.0008260091999545693
0.0008948917384259403
0.00043405959149822593
0.00016428876551799476
0.0214703306555748
0.00010772580571938306
0.0253595020622015
0.00021766783902421594
0.00001945414987858385
0.00949855986982584
0.007632269058376551
0.0001346198987448588
0.005438629072159529
0.027614619582891464
0.012602882459759712
0.00001762613101163879
0.004491891246289015
0.01191919669508934
0.0009687732672318816
0.00011112322681583464
0.0010112907039001584
0.00019456729933153838
0.002552957972511649
0.0036095413379371166
0.0034219929948449135
0.00012980033352505416
0.01952134072780609
0.000048154084652196616
0.00025289456243626773
0.002062742132693529
0.004248586017638445
0.03880775347352028
0.03324006870388985
0.001538516371510923
0.0056382641196250916
0.00012234211317263544
0.00736298318952322
0.0003392771177459508
0.06058976426720619
0.021612044423818588
0.0059126284904778
0.006587809883058071
0.005383582785725594
0.0004629779141396284
0.001143020112067461
0.012594428844749928
0.0013071452267467976
0.026329077780246735
0.0019696136005222797
0.0003532868577167392
0.0005711247213184834
0.008053985424339771
0.00022476958110928535
0.0007342664175666869
0.010240823961794376
0.0004197601811029017
0.0075800977647304535
0.00010699320409912616
0.0037910074461251497
0.0005133434315212071
0.0007333215908147395
0.00021289766300469637
0.0016599613009020686
0.0006169459666125476
0.0012694187462329865
0.01227807067334652
0.012934539467096329
0.003800168866291642
0.0006485978956334293
0.0005365028046071529
0.00003068866499233991
0.00556042417883873
0.00004007811730843969
0.00026017785421572626
0.0010698215337470174
0.0043889619410037994
0.0025527002289891243
0.003010109532624483
0.00003463766915956512
0.05010655149817467
0.009277072735130787
0.0002891866024583578
0.004313916899263859
0.00019725649326574057
0.003699210472404957
0.004285307135432959
0.001576441340148449
0.002012105891481042
0.01781047321856022
0.005769091192632914
0.007115705404430628
0.0012586064403876662
0.00012295108172111213
0.007332155480980873
0.00043940890464000404
0.00006557473534485325
0.0014181771548464894
0.00010926419781753793
0.018566884100437164
0.00228561507537961
0.00006875597318867221
0.0005449562449939549
0.0010516159236431122
0.00014989954070188105
0.00006758153176633641
0.0026288891676813364
0.00018558355804998428
0.00048350024735555053
0.0014225071063265204
0.0008540766430087388
0.00385666242800653
0.005832340102642775
0.00028358519193716347
0.0020560934208333492
0.0005403155810199678
0.0011887992732226849
0.002959789941087365
0.0021978518925607204
0.0016144904075190425
0.001380378264002502
0.00010766243940452114
0.000320533465128392
0.000008119299309328198
0.01196835283190012
0.0010645968141034245
0.0015384374419227242
0.000003617825996116153
0.016381775960326195
0.00004179837560513988
0.007983935996890068
0.0017938109813258052
0.03838781267404556
0.0003082183247897774
0.004810063634067774
0.009241415187716484
0.0014604843454435468
0.00802801176905632
0.00001763368163665291
0.014270272105932236
0.0010931872529909015
0.0028033836279064417
0.0005619514849968255
0.0019410374807193875
0.0017326383385807276
0.07010485231876373
0.009797114878892899
0.0036360982339829206
0.00037708983290940523
0.007643468677997589
0.0006156308809295297
0.0009242562809959054
0.00020496227080002427
0.0009731977479532361
0.0001934886968228966
0.0010736718541011214
0.00015704031102359295
0.000737216614652425
0.00018748278671409935
0.0004192930937279016
0.0003271338064223528
0.006830048281699419
0.00030306752887554467
0.0000862758097355254
0.02976038120687008
0.009753376245498657
0.00005094772859592922
0.0020470027811825275
0.0014773892471566796
0.004547585267573595
0.01892085000872612
0.001498464378528297
0.006105509120970964
0.0018169969553127885
0.0007404095958918333
0.00021450532949529588
0.0002109830966219306
0.00013135085464455187
0.0013452221173793077
0.0008643883629702032
0.0002822807291522622
0.019266927614808083
0.001089558470994234
0.0013914406299591064
0.024359868839383125
0.012703491374850273
0.013422840274870396
0.00026635400718078017
0.0007131448946893215
0.00021350178576540202
0.00037593120941892266
0.0012921621091663837
0.00609841151162982
0.0012895769905298948
0.0006909574731253088
0.017007535323500633
0.001083735260181129
0.009519817307591438
0.00036274080048315227
0.00006301933171926066
0.00019043947395402938
0.026935026049613953
0.005058961920440197
0.0001378065935568884
0.0007104534306563437
0.0017257834551855922
0.0018999092280864716
0.010351384989917278
0.00011645632912404835
0.0036500184796750546
0.0026054922491312027
0.027017418295145035
0.0006192071014083922
0.0002150217187590897
0.00036760620423592627
0.0015901229344308376
0.014959619380533695
0.0009185548406094313
0.0006649207207374275
0.008403945714235306
0.0033948624040931463
0.00018730548617895693
0.018360845744609833
0.00020883344404865056
0.012104182504117489
0.00013031797425355762
0.0003342341515235603
0.011723356321454048
0.026638908311724663
0.00103189202491194
0.0016387702198699117
0.00040709407767280936
0.0007417762535624206
0.0014296018052846193
0.00336465728469193
0.001606442965567112
0.00021032679069321603
0.0002735565649345517
0.00157063826918602
0.00018960313173010945
0.00363934226334095
0.00002169722029066179
0.029951684176921844
0.020131083205342293
0.005847657099366188
0.0005339590134099126
0.00037942436756566167
0.0022870481479912996
0.00036178037407808006
0.008562267757952213
0.00023887875431682914
0.004148904699832201
0.0007695099920965731
0.019436467438936234
0.0009440541616640985
0.002052200958132744
0.00045672565465793014
0.0003709605080075562
0.0006260552909225225
0.0010692387586459517
0.002987663494423032
0.0029440210200846195
0.005038651637732983
0.0006607868708670139
0.0006663284730166197
0.00036411735345609486
0.013248734176158905
0.0003932050312869251
0.006147841457277536
0.018024466931819916
0.0003844361053779721
0.006747287232428789
0.00036809142329730093
0.004459987860172987
0.0007623126148246229
0.0000271271746896673
0.004830783233046532
0.00009772761404747143
0.017652833834290504
0.00008645460184197873
0.0016334305983036757
0.0001495160540798679
0.0005711435806006193
0.00006616809696424752
0.002479259390383959
0.003674193052574992
0.0004703959566541016
0.00022645397984888405
0.0007252253708429635
0.003813552437350154
0.001288777682930231
0.0010374882258474827
0.0012160295154899359
0.00007521145744249225
0.000029169570552767254
0.0014963079011067748
0.0355791300535202
0.0013243043795228004
0.0010941172949969769
0.00009662866068538278
0.02055702917277813
0.0009212633012793958
0.011622900143265724
0.0002364022220717743
0.02538302354514599
0.001553481793962419
0.0006309037562459707
0.005259602330625057
0.00011257017467869446
0.01305365189909935
0.0005343353259377182
0.004938818514347076
0.0009376697707921267
0.011318598873913288
0.0009782009292393923
0.0003795840311795473
0.01474736724048853
0.00011596591502893716
0.02551163360476494
0.0012073204852640629
0.0011848355643451214
0.003222667146474123
0.00030188338132575154
0.010004139505326748
0.00015011719369795173
0.0008010479505173862
0.0073303235694766045
0.007331005297601223
0.02187231555581093
0.002568259835243225
0.000058888905186904594
0.001911770086735487
0.005161656532436609
0.01033527497202158
0.0021431248169392347
0.002123903948813677
0.02872651256620884
0.03083568997681141
0.00033996187266893685
0.0006964030326344073
0.00635545002296567
0.00003904087861883454
0.007996824570000172
0.0007435158477164805
0.002789334859699011
0.00047261075815185905
0.000106053936178796
0.007519557606428862
0.004953598603606224
0.00033441191771999
0.00004177614755462855
0.001299904310144484
0.0004910579300485551
0.0038718825671821833
0.036152251064777374
0.006750741042196751
0.0014641138259321451
0.009381497278809547
0.0013604883570224047
0.014474569819867611
0.0002658108714967966
0.0001633586798561737
0.00004342453757999465
0.0007433549617417157
0.01376578863710165
0.0018510243389755487
0.0014286891091614962
0.014696544967591763
0.00007659215771127492
0.03314549848437309
0.002135379472747445
0.020049097016453743
0.014261338859796524
0.00017791958816815168
0.00025918197934515774
0.006865268107503653
0.00027535296976566315
0.00016351486556231976
0.0015907309716567397
0.019375145435333252
0.007624423131346703
0.0027816121000796556
0.00019725447054952383
0.015529883094131947
0.026199806481599808
0.00016045114898588508
0.007388714700937271
0.007254025433212519
0.0007213311037048697
0.00498080812394619
0.0001348399673588574
0.00009861761645879596
0.00029002316296100616
0.0000671297384542413
0.0004797993751708418
0.00086867471691221
0.025177568197250366
0.00017973643844015896
0.00275772949680686
0.010541016235947609
0.0034406092017889023
0.008002305403351784
0.006750753149390221
0.00007215535879367962
0.000040699378587305546
0.005199943203479052
0.00026020873337984085
0.0001780209713615477
0.0022748245391994715
0.005690345074981451
0.0007588062435388565
0.0008496558875776827
0.00007292504596989602
0.0013457336463034153
0.005465619266033173
0.022332653403282166
0.001001272234134376
0.0006202880176715553
0.004198659211397171
0.023663578554987907
0.0210098996758461
0.0054227509535849094
0.005853476468473673
0.0000370253183064051
0.000013526558177545667
0.0006621378706768155
0.0059247505851089954
0.0026616998948156834
0.00004034869562019594
0.005257920362055302
0.00016769659123383462
0.00036987540079280734
0.00014940860273782164
0.00048586417688056827
0.0050593214109539986
0.003613242879509926
0.00503531051799655
0.0013041067868471146
0.00016141816740855575
0.00029038553475402296
0.005357886198908091
0.00022353266831487417
0.0019617245998233557
0.00004446525053936057
0.0008115386590361595
0.0001368313969578594
0.004491027910262346
0.0016164049739018083
0.00811001006513834
0.00000821434150566347
0.005879073869436979
0.011591351591050625
0.0007452736026607454
0.003442190121859312
0.000014393642231880222
0.00034851813688874245
0.0003896965936291963
0.021180953830480576
0.0018846254097297788
0.020898213610053062
0.00005470936230267398
0.00015758290828671306
0.00040796148823574185
0.02010444737970829
0.004677975550293922
0.006455468013882637
0.0023346871603280306
0.004944442305713892
0.00041545959538780153
0.00007869238470448181
0.0031889460515230894
0.00020560274424497038
0.03455750271677971
0.0018897235859185457
0.017389394342899323
0.007061394862830639
0.009994975291192532
0.0021707029081881046
0.000037915600842097774
0.002799785928800702
0.00010664462024578825
0.0005122287548147142
0.016713464632630348
0.013936829753220081
0.04265454784035683
0.000022724807422491722
0.00006999092875048518
0.00020032022439409047
0.009606870822608471
0.0001384479837724939
0.000715818430762738
0.029665999114513397
0.00021213189756963402
0.003280363278463483
0.004618257749825716
0.0006731795147061348
0.0010893420549109578
0.005984320770949125
0.016083186492323875
0.00011219768202863634
0.001318570808507502
0.0018365003634244204
0.008135749027132988
0.0013810574309900403
0.00002308487455593422
0.0009735597996041179
0.00028618861688300967
0.0007334731635637581
0.0016217153752222657
0.0004925522953271866
0.004231609869748354
0.0000648156856186688
0.01735023222863674
0.003093753708526492
0.005150227341800928
0.00006368901813402772
0.0038387428503483534
0.0007652576314285398
0.0005312739522196352
0.0013704294105991721
0.006163783837109804
0.00041857099859043956
0.0011802887311205268
0.0026971870101988316
0.00820204894989729
0.00014524352445732802
0.028333205729722977
0.0018194569274783134
0.004677513614296913
0.0030010505579411983
0.005707539618015289
0.010478610172867775
0.0006670407601632178
0.02026943489909172
0.03729426488280296
0.0006458893767558038
0.004446016624569893
0.0007637155358679593
0.0004324392066337168
0.0014905451098456979
0.000022489506591227837
0.0028036977164447308
0.00042489790939725935
0.0011696413857862353
0.00015304838598240167
0.00022536070900969207
0.0002809287398122251
0.010606061667203903
0.0026559950783848763
0.000034431253880029544
0.000544980401173234
0.0021717920899391174
0.00046386587200686336
0.0005713715800084174
0.00023360839986708015
0.00034412468085065484
0.00013811701501253992
0.0005467383889481425
0.00017266497889067978
0.0000129318659674027
0.0008819369832053781
0.0005801140796393156
0.004258526023477316
0.00143242662306875
0.022217275574803352
0.00953834317624569
0.00024756547645665705
0.0027425079606473446
0.00022606148559134454
0.000432155909948051
0.0017336911987513304
0.0015335942152887583
0.002128676977008581
0.004480968229472637
0.012289965525269508
0.0012352147605270147
0.0015444461023434997
0.010242712683975697
0.007846429944038391
0.000508052995428443
0.012532719410955906
0.0043585896492004395
0.008774898946285248
0.004769656341522932
0.0004778987786266953
0.0003557719464879483
0.00032005770481191576
0.0001812525442801416
0.0002318558981642127
0.008466380648314953
0.00021063059102743864
0.003499495331197977
0.00008760757918935269
0.0008767438121140003
0.020386332646012306
0.0052642980590462685
0.0003009221109095961
0.0029140664264559746
0.005310965236276388
0.0007116864435374737
0.0011474323691800237
0.009422811679542065
0.000390566885471344
0.0005434510530903935
0.0004291956720408052
0.0012674352619796991
0.00017903016123455018
0.0006737680523656309
0.0057185920886695385
0.0001684322051005438
0.00010331561497878283
0.001864703604951501
0.00031285558361560106
0.0005025544087402523
0.0004433390568010509
0.0003765028668567538
0.000030152530598570593
0.002082105493173003
0.0003773356438614428
0.0002206129429396242
0.00016094031161628664
0.005227584857493639
0.0009532607509754598
0.0012949438532814384
0.057414405047893524
0.000023827660697861575
0.00014931714395061135
0.029789049178361893
0.0005295146838761866
0.0015115576097741723
0.0014188140630722046
0.0006448622443713248
0.0003088295634370297
0.0024677275214344263
0.0023416648618876934
0.00008035963401198387
0.000022196576537680812
0.01491050235927105
0.0038809014949947596
0.0006424180464819074
0.000028729993573506363
0.040062204003334045
0.0017718614544719458
0.03246872499585152
0.00009997319284593686
0.001842139638029039
0.00041867868276312947
0.0000706781938788481
0.0042230174876749516
0.0031215213239192963
0.006942716892808676
0.0027370627503842115
0.0008807334234006703
0.0031806647311896086
0.08639127761125565
0.004326257389038801
0.0001307929342146963
0.0016809729859232903
0.0006267250282689929
0.02691132016479969
0.0014339563203975558
0.00241727358661592
0.03255058452486992
0.0007853025454096496
0.00013104098616167903
0.0008753059664741158
0.0032683599274605513
0.0002514974039513618
0.0014110711636021733
0.006621565204113722
0.04002716392278671
0.005290750879794359
0.013856315985321999
0.007728038355708122
0.007961048744618893
0.0005736767780035734
0.009005344472825527
0.013519982807338238
0.003329574828967452
0.002626839792355895
0.0022550199646502733
0.0012911598896607757
0.01536006759852171
0.0006146407686173916
0.0007011349080130458
0.0008995653479360044
0.006471323315054178
0.0011162854498252273
0.0023846521507948637
0.00005155879625817761
0.0002472109335940331
0.00015902241284493357
0.00009805111767491326
0.000054617852583760396
0.012539109215140343
0.00031666134600527585
0.01680777035653591
0.0036139804869890213
0.0032703184988349676
0.006434051785618067
0.0024142018519341946
0.004659966100007296
0.013835183344781399
0.0013846581568941474
0.00026771111879497766
0.0008163307793438435
0.001325165037997067
0.0010007100645452738
0.004503300879150629
0.0006630040588788688
0.0255658607929945
0.006576474756002426
0.0018082789611071348
0.004474906250834465
0.01069986168295145
0.001819321303628385
0.009605493396520615
0.000017443777323933318
0.0002720071643125266
0.00003345571894897148
0.04575025290250778
0.000196934342966415
0.0002774232707452029
0.007470785640180111
0.0003792906063608825
0.00017952457710634917
0.00002546336327213794
0.000026843699743039906
0.007396660279482603
0.0006046530907042325
0.0006190934218466282
0.001257425406947732
0.001410630764439702
0.0005152858793735504
0.0011037737131118774
0.058445047587156296
0.00007555209595011547
0.00004136112693231553
0.00038378097815439105
0.00042967713670805097
0.0017243741312995553
0.003908887505531311
0.04514345899224281
0.0007703417795710266
0.002517799148336053
0.0000719427116564475
0.0004141532117500901
0.0011682669864967465
0.001259157550521195
0.002267602365463972
0.0027397992089390755
0.009355909191071987
0.0006507207290269434
0.0015777378575876355
0.05127636715769768
0.00014676089631393552
0.0011581556173041463
0.00010022762580774724
0.00012164039799245074
0.0009435610263608396
0.0005298649193719029
0.04980713874101639
0.002283377107232809
0.0018531979294493794
0.000027990647140541114
0.00006338033563224599
0.00006593073339900002
0.000967172090895474
0.000026455900297150947
0.0008015509229153395
0.005398512817919254
0.0030700573697686195
0.007991011254489422
0.00203447206877172
0.008741345256567001
0.001605514669790864
0.010599873960018158
0.0013467802200466394
0.0052128261886537075
0.003638651454821229
0.0006168407271616161
0.0011286044027656317
0.00006322035187622532
0.00009734315244713798
0.00009747809963300824
0.016460245475172997
0.003294620430096984
0.023623522371053696
0.0037484446074813604
0.0018614681903272867
0.007894109934568405
0.020072776824235916
0.0076152486726641655
0.0038582950364798307
0.0022640847600996494
0.015117152594029903
0.0009135646978393197
0.0005195647827349603
0.017008140683174133
0.0015191648853942752
0.0022340104915201664
0.03488203510642052
0.0013080531498417258
0.023076754063367844
0.0017548410687595606
0.00033791206078603864
0.00013445653894450516
0.0004917453043162823
0.007791836280375719
0.0007247988251037896
0.004177790600806475
0.0004895684542134404
0.004745693877339363
0.00013806455535814166
0.002606739057227969
0.0006814230582676828
0.002183511620387435
0.0008083849097602069
0.0023089374881237745
0.001261451980099082
0.00008645545312901959
0.009134357795119286
0.004617840517312288
0.0006550569087266922
0.00010872963321162388
0.00006598218169528991
0.0006274679908528924
0.00600719079375267
0.0005689412937499583
0.000040232818719232455
0.0036314567551016808
0.00016363899339921772
0.003485068678855896
0.002303619170561433
0.00020784619846381247
0.009030468761920929
0.0005784380482509732
0.007247920148074627
0.000052489620429696515
0.000041784496715990826
0.0019123003585264087
0.010696843266487122
0.0573781356215477
0.0031187657732516527
0.023197511211037636
0.00009949452942237258
0.0002514562220312655
0.010664545930922031
0.00020206088083796203
0.00028898700838908553
0.00026416630134917796
0.0028706765733659267
0.000007127205208234955
0.00008487715240335092
0.000426739570684731
0.011864186264574528
0.005593610927462578
0.0010513024171814322
0.0007478915504179895
0.000024047056285780855
0.0027380953542888165
0.0003599874908104539
0.002477949718013406
0.004519755486398935
0.00010439463221700862
0.0016439263708889484
0.004419713281095028
0.011147964745759964
0.0007775331614539027
0.002807098673656583
0.0007808328955434263
0.0001720354484859854
0.00026536095538176596
0.009502478875219822
0.0016002480406314135
0.010987541638314724
0.003751249983906746
0.00006743073026882485
0.013120670802891254
0.0002148123166989535
0.007841773331165314
0.00010760758596006781
0.00012439503916539252
0.003691434394568205
0.003478736849501729
0.00315685267560184
0.020017482340335846
0.022345833480358124
0.003519308753311634
0.011837019585072994
0.0014949141768738627
0.004906033165752888
0.0004645244334824383
0.0022431183606386185
0.0010957025224342942
0.00501500628888607
0.0004673873772844672
0.009413197636604309
0.0010328262578696012
0.00320820021443069
0.0016878005117177963
0.008398013189435005
0.06081321835517883
0.018169015645980835
0.00020523231069091707
0.0003016674017999321
0.0016223988495767117
0.011207017116248608
0.0011029812740162015
0.00009079489973373711
0.0002700558688957244
0.0020776414312422276
0.001464101136662066
0.0004021568165626377
0.00010360435408074409
0.015578990802168846
0.0035232396330684423
0.00021329412993509322
0.00047938252100721
0.004353580996394157
0.010356185026466846
0.00015657026960980147
0.0037262344267219305
0.0005815601325593889
0.001424323534592986
0.0006068874499760568
0.013055997900664806
0.002723702462390065
0.0021740735974162817
0.0037921504117548466
0.002508708508685231
0.00016469464753754437
0.00012960581807419658
0.00010370802920078859
0.017024623230099678
0.0002844194823410362
0.0000732661719666794
0.020151808857917786
0.00005128351040184498
0.000026222416636301205
0.000280058360658586
0.0012767642037943006
0.00008715628064237535
0.00016117398627102375
0.000060387021221686155
0.004463241435587406
0.00035378968459554017
0.00006230528379091993
0.00044454465387389064
0.00046016823034733534
0.03554518148303032
0.00012785846774931997
0.0003660841321107
0.0003024631296284497
0.011204606853425503
0.0003420563298277557
0.00448453426361084
0.0007187495939433575
0.0019776481203734875
0.0015104013727977872
0.00011873971379827708
0.0005298415780998766
0.00126742129214108
0.00030659331241622567
0.0021296769846230745
0.00025444847415201366
0.0003362150746397674
0.0004098651697859168
0.0024295388720929623
0.0008685293141752481
0.0025287927128374577
0.000018425751477479935
0.00022722173889633268
0.0003910764353349805
0.02372131124138832
0.0006468669162131846
0.0005196062847971916
0.008187148720026016
0.000539210275746882
0.001185922184959054
0.0060363938100636005
0.0000723029879736714
0.00046683911932632327
0.046261224895715714
0.0021054730750620365
0.0010301810689270496
0.00034593656891956925
0.0036161348689347506
0.00019618854275904596
0.0004148086009081453
0.0010718742851167917
0.0011492641642689705
0.0380132794380188
0.0445803664624691
0.001287613296881318
0.00593161303550005
0.014102106913924217
0.002967730863019824
0.0015121172182261944
0.00018533904221840203
0.000030397115551750176
0.0004919199272990227
0.004929699003696442
0.00012405177403707057
0.017624907195568085
0.0014441581442952156
0.000325492030242458
0.0069593158550560474
0.00006551029218826443
0.0016075799940153956
0.0007280700956471264
0.0005444701528176665
0.00029857485787943006
0.0010001080809161067
0.000969880900811404
0.0017199397552758455
0.000053968258725944906
0.0003976972366217524
0.001615350367501378
0.007335649337619543
0.001624514814466238
0.0028279561083763838
0.003083316143602133
0.009105611592531204
0.00041244662133976817
0.010935247875750065
0.00004005214577773586
0.002690433757379651
0.0008336862083524466
0.0005188449868001044
0.00004878540858044289
0.001610042992979288
0.005414048209786415
0.013915667310357094
0.00047513999743387103
0.0005539301782846451
0.0001425907394150272
0.000013839096027368214
0.0017829891294240952
0.00008072793571045622
0.00034978921758010983
0.00027579639572650194
0.003167717019096017
0.0003378629917278886
0.0003485997731331736
0.00014677613216917962
0.017175892367959023
0.006176508031785488
0.00021791193285025656
0.006680496968328953
0.006711983121931553
0.018990231677889824
0.0000899416918400675
0.001304864650592208
0.00029588514007627964
0.0019121667137369514
0.0009700889931991696
0.0013303350424394011
0.0007215513614937663
0.010809286497533321
0.0005052307969890535
0.0007894266746006906
0.002028258517384529
0.002519587054848671
0.001597645110450685
0.005932578817009926
0.00031532911816611886
0.0005609754589386284
0.0002249644894618541
0.003126073395833373
0.00035180369741283357
0.0005054781213402748
0.0006449747015722096
0.0005116321262903512
0.00011344894301146269
0.0034825927577912807
0.00010862188355531543
0.000028300570193096064
0.00004920460924040526
0.000009760919056134298
0.0005967043689452112
0.0027474367525428534
0.01452755555510521
0.0028498435858637094
0.012381636537611485
0.00005603654790320434
0.00017079793906304985
0.00043356488458812237
0.002299970481544733
0.00015118556621018797
0.0038060976658016443
0.000032222200388787314
0.0005068772588856518
0.0005348607082851231
0.0015990219544619322
0.0004128797445446253
0.0012402291176840663
0.0004741197044495493
0.0024576529394835234
0.0019282903522253036
0.021091403439641
0.0041829245164990425
0.012175421230494976
0.0028428700752556324
0.014870920218527317
0.00016032657003961504
0.01968865841627121
0.001989295007660985
0.00041870903805829585
0.0010496873874217272
0.0030577126890420914
0.001261623576283455
0.0002553907979745418
0.0005349158891476691
0.00010460549674462527
0.00011184273171238601
0.0014465977437794209
0.0010114656761288643
0.0000305933463096153
0.00003457781713223085
0.000858274579513818
0.0035068204160779715
0.0006630402058362961
0.0012169823748990893
0.0004621839034371078
0.03445763885974884
0.000942361424677074
0.0010485348757356405
0.00009072078682947904
0.005181620363146067
0.00006340500840451568
0.00043394981184974313
0.00016037699242588133
0.00006767448940081522
0.00008971580973593518
0.0031717726960778236
0.00007049588020890951
0.002819859189912677
0.0003464322944637388
0.0038076217751950026
0.00010554552864050493
0.00004723674283013679
0.0034254658967256546
0.0003671811136882752
0.0017215152038261294
0.00008253197302110493
0.0005365361575968564
0.0027491096407175064
0.0007743122987449169
0.0031712157651782036
0.002756281988695264
0.004380085971206427
0.00012463815801311284
0.010113866999745369
0.0001019611008814536
0.0017816534964367747
0.010870173573493958
0.018989024683833122
0.0030134348198771477
0.05367434769868851
0.02593051642179489
0.00043056916911154985
0.0016815259587019682
0.0026034924667328596
0.00016341035370714962
0.00015261750377248973
0.0009078658185899258
0.00026667656493373215
0.016323011368513107
0.003506996436044574
0.034505948424339294
0.0005805995897389948
0.028369277715682983
0.00021992437541484833
0.002939355093985796
0.0019437287701293826
0.0032415995374321938
0.0002688683453015983
0.00021427619503811002
0.014197357930243015
0.016738304868340492
0.0028566683176904917
0.0006138774333521724
0.0006368044996634126
0.009258834645152092
0.00011716382869053632
0.00007223091961350292
0.02141479030251503
0.0003031585947610438
0.028295613825321198
0.00008109926420729607
0.0005583320162259042
0.0010327037889510393
0.000183118594577536
0.000091424590209499
0.00038358784513548017
0.0004570571763906628
0.00003593775909394026
0.0002022317348746583
0.00010872202255995944
0.0038731887470930815
0.0006252792663872242
0.00479315547272563
0.0005611898959614336
0.06342078000307083
0.00008036468352656811
0.0012786624720320106
0.0005258009186945856
0.00005410221274360083
0.0008982710423879325
0.0035227565094828606
0.000502531009260565
