0.06219737231731415
0.09697000682353973
0.02429421804845333
0.07440584897994995
0.1047651618719101
0.15203653275966644
0.01765999011695385
0.1286066174507141
0.08158446103334427
0.05638810619711876
0.10992442816495895
0.10602746903896332
0.07508840411901474
0.03626219928264618
0.022447898983955383
0.06349820643663406
0.0739571675658226
0.027909353375434875
0.1139880046248436
0.06453394889831543
0.11922810971736908
0.04862644150853157
0.02110033668577671
0.07564611732959747
0.04819320887327194
0.0635339766740799
0.16366994380950928
0.013426878489553928
0.03202944993972778
0.058013033121824265
0.039079755544662476
0.031360261142253876
0.08040756732225418
0.06194866821169853
0.023862097412347794
0.01735592819750309
0.14949220418930054
0.03979649394750595
0.0708823874592781
0.07526303082704544
0.05139423534274101
0.10501854866743088
0.01842782460153103
0.08698906749486923
0.04056393355131149
0.05779925733804703
0.08538602292537689
0.02759799361228943
0.05326857790350914
0.061348117887973785
0.023527681827545166
0.07622392475605011
0.12292656302452087
0.0753711685538292
0.04649490490555763
0.09867656975984573
0.15313725173473358
0.040548861026763916
0.06797698140144348
0.061759039759635925
0.09166761487722397
0.08460670709609985
0.131574809551239
0.0677991509437561
0.07650198042392731
0.10134302824735641
0.0512363575398922
0.05331548675894737
0.08864005655050278
0.016519099473953247
0.026612235233187675
0.11024482548236847
0.049693457782268524
0.09565374255180359
0.04372835531830788
0.10689340531826019
0.027044590562582016
0.02297227643430233
0.035712629556655884
0.037320420145988464
0.046996742486953735
0.1257215440273285
0.019186343997716904
0.03072517365217209
0.11180703341960907
0.021641097962856293
0.08183237910270691
0.04881509393453598
0.04507393389940262
0.11052422225475311
0.03758029267191887
0.05301547795534134
0.06954940408468246
0.03544839471578598
0.0527605265378952
0.08800765126943588
0.09656465798616409
0.0173379797488451
0.011946461163461208
0.06775131821632385
0.03022889979183674
0.07377661019563675
0.11592207103967667
0.023834172636270523
0.07190463691949844
0.016989927738904953
0.10464705526828766
0.018972158432006836
0.08679032325744629
0.08150937408208847
0.15294423699378967
0.051374826580286026
0.045767176896333694
0.04662414267659187
0.029220616444945335
0.0198007021099329
0.04035240411758423
0.023241989314556122
0.05794278532266617
0.04057583585381508
0.04994829744100571
0.0736091360449791
0.054695192724466324
0.05510680377483368
0.06610645353794098
0.035159528255462646
0.13896791636943817
0.0320565439760685
0.07458770275115967
0.0273737795650959
0.10819245874881744
0.11149309575557709
0.02457461878657341
0.03774131089448929
0.05206809192895889
0.09174303710460663
0.09313660115003586
0.0859604924917221
0.025443438440561295
0.078414186835289
0.052269767969846725
0.06216118484735489
0.0238773413002491
0.04215873405337334
0.08524083346128464
0.0383196696639061
0.0902494266629219
0.14049410820007324
0.03577771782875061
0.019184522330760956
0.03806324303150177
0.0431809239089489
0.07932285964488983
0.03805489093065262
0.06664948165416718
0.04861940070986748
0.08889133483171463
0.06686115264892578
0.02303307317197323
0.05576659366488457
0.1600119024515152
0.08239716291427612
0.027315635234117508
0.05726458132266998
0.04086717590689659
0.04854976758360863
0.07965622842311859
0.10053379833698273
0.06343376636505127
0.062053367495536804
0.11603546142578125
0.10662823170423508
0.11482632905244827
0.02406536042690277
0.10008929669857025
0.07215456664562225
0.07363546639680862
0.018771173432469368
0.058028269559144974
0.12853112816810608
0.0571700818836689
0.07927673310041428
0.03945173695683479
0.0681406632065773
0.09377266466617584
0.05656079202890396
0.03587213158607483
0.0650138407945633
0.03597758337855339
0.04140987992286682
0.09682708233594894
0.04653045907616615
0.06737452000379562
0.06577976047992706
0.07262765616178513
0.05530936270952225
0.08942652493715286
0.044096704572439194
0.032979320734739304
0.06467549502849579
0.0963355079293251
0.06763622909784317
0.06936316192150116
0.0646444708108902
0.06309205293655396
0.061239443719387054
0.025675028562545776
0.051207534968853
0.08641789853572845
0.2007734328508377
0.0765761286020279
0.12897266447544098
0.08831141144037247
0.06096332147717476
0.04973225295543671
0.02219754084944725
0.06552921235561371
0.06808065623044968
0.04156738147139549
0.061281945556402206
0.05084173381328583
0.026972223073244095
0.1573563516139984
0.1398988962173462
0.02567724697291851
0.06634603440761566
0.060537051409482956
0.0840318575501442
0.028176728636026382
0.11042504012584686
0.06071195378899574
0.02410459890961647
0.08192617446184158
0.04262980446219444
0.050228748470544815
0.04032117500901222
0.09877569228410721
0.04082775488495827
0.06871937215328217
0.0669255405664444
0.09343551844358444
0.03677583858370781
0.04905623197555542
0.03756927698850632
0.0390898697078228
0.06434103846549988
0.06343981623649597
0.07432770729064941
0.12139870226383209
0.02085321769118309
0.04449232295155525
0.10730624943971634
0.08517130464315414
0.0325247123837471
0.01967588998377323
0.012723235413432121
0.08394720405340195
0.06445196270942688
0.0727805644273758
0.055595822632312775
0.08834344148635864
0.08551286906003952
0.06712006777524948
0.07587123662233353
0.07969020307064056
0.04031416028738022
0.08958588540554047
0.06071825698018074
0.12730532884597778
0.075393445789814
0.03292061761021614
0.1566704958677292
0.04761370271444321
0.04606490209698677
0.024858321994543076
0.04127803444862366
0.0387282595038414
0.051065947860479355
0.03729761764407158
0.09445863962173462
0.039842549711465836
0.15776881575584412
0.051980458199977875
0.07500460743904114
0.2868887186050415
0.046645376831293106
0.11173104494810104
0.05560861527919769
0.1251762956380844
0.0733356848359108
0.06318458169698715
0.12845979630947113
0.030026234686374664
0.12087927013635635
0.08926387131214142
0.076412633061409
0.04793008044362068
0.07374779134988785
0.046776819974184036
0.04090356081724167
0.02414749376475811
0.0479540154337883
0.06756412237882614
0.04276399686932564
0.08868306875228882
0.07116334140300751
0.038610197603702545
0.030352581292390823
0.04234377667307854
0.12311255186796188
0.0732603669166565
0.07745959609746933
0.045716769993305206
0.07440996170043945
0.023589158430695534
0.07211858034133911
0.030022166669368744
0.043312449008226395
0.02453746646642685
0.11481983214616776
0.04559595510363579
0.027051856741309166
0.0315011702477932
0.01574786752462387
0.08576060831546783
0.0832618772983551
0.053636856377124786
0.1382969468832016
0.10236881673336029
0.02825796604156494
0.038155898451805115
0.07741975784301758
0.06312243640422821
0.013831648044288158
0.046796079725027084
0.0973919928073883
0.034342121332883835
0.07409797608852386
0.028851917013525963
0.04930604249238968
0.022539105266332626
0.04052335396409035
0.08025839924812317
0.05267608165740967
0.04841092973947525
0.04803720861673355
0.09088074415922165
0.1142667829990387
0.0927911102771759
0.048248082399368286
0.08655010908842087
0.06056379899382591
0.04082341119647026
0.07436366379261017
0.06870824098587036
0.08936510235071182
0.03025592863559723
0.12015699595212936
0.05761798471212387
0.020053846761584282
0.07553673535585403
0.0557762086391449
0.007767823990434408
0.070811428129673
0.054823294281959534
0.07175417244434357
0.06002270430326462
0.12924286723136902
0.030004285275936127
0.02325149066746235
0.060274314135313034
0.08508598059415817
0.05006295442581177
0.07601986080408096
0.0692567303776741
0.043133579194545746
0.12960220873355865
0.13611389696598053
0.07194257527589798
0.119548000395298
0.060802213847637177
0.06039127707481384
0.0554577112197876
0.017454003915190697
0.12443851679563522
0.07352796196937561
0.04421403259038925
0.046799857169389725
0.07711862027645111
0.04936831071972847
0.034223366528749466
0.06660296767950058
0.03174959495663643
0.0608610138297081
0.023142380639910698
0.0476248562335968
0.1279156655073166
0.07895396649837494
0.05392412096261978
0.10047777742147446
0.08288729935884476
0.05431390553712845
0.0619921050965786
0.0757681354880333
0.061069559305906296
0.053039900958538055
0.11540886014699936
0.03095000982284546
0.1130760982632637
0.07969024032354355
0.13189762830734253
0.036878302693367004
0.11996285617351532
0.044561807066202164
0.04473097249865532
0.020659005269408226
0.037097103893756866
0.030197208747267723
0.07530639320611954
0.074063740670681
0.05461247265338898
0.10187440365552902
0.04641319066286087
0.12279468029737473
0.09884745627641678
0.04144144803285599
0.08806570619344711
0.0663723275065422
0.026578769087791443
0.05972343683242798
0.07400929182767868
0.05247609689831734
0.040997300297021866
0.027895968407392502
0.04387180879712105
0.025118734687566757
0.07914881408214569
0.15770110487937927
0.06367499381303787
0.055881522595882416
0.0532776303589344
0.1643415093421936
0.02800973877310753
0.011537285521626472
0.07839680463075638
0.06966298073530197
0.01208722498267889
0.08015083521604538
0.04784002900123596
0.05474044755101204
0.04727372154593468
0.04261455312371254
0.06520876288414001
0.0214267335832119
0.049036022275686264
0.07026676088571548
0.04071427136659622
0.10902207344770432
0.02936662919819355
0.03540189564228058
0.1441805511713028
0.05845537409186363
0.007153436075896025
0.031231360509991646
0.05700765550136566
0.058488160371780396
0.05181774124503136
0.01545755099505186
0.03841611370444298
0.035579513758420944
0.08353015035390854
0.08789229393005371
0.035640984773635864
0.030218984931707382
0.08553094416856766
0.0723428875207901
0.07635640352964401
0.03580532968044281
0.06770716607570648
0.05269171670079231
0.04398643225431442
0.036286838352680206
0.00972360372543335
0.022843440994620323
0.053564757108688354
0.03595830500125885
0.11440744996070862
0.015085016377270222
0.17826025187969208
0.035405516624450684
0.06269411742687225
0.12465187162160873
0.08137380331754684
0.03516675904393196
0.03218389302492142
0.04275195673108101
0.06801170110702515
0.09765736758708954
0.04411708936095238
0.10915391147136688
0.09850168228149414
0.13549095392227173
0.0888960063457489
0.06380349397659302
0.10068786144256592
0.017039112746715546
0.058630697429180145
0.054312318563461304
0.05214003100991249
0.10130777955055237
0.03792160376906395
0.03982044383883476
0.03703963756561279
0.05130395665764809
0.03856341540813446
0.03447437658905983
0.03536086156964302
0.05246363952755928
0.0689217671751976
0.028746986761689186
0.046344444155693054
0.0884646326303482
0.11018937081098557
0.04709702357649803
0.059688471257686615
0.03279270604252815
0.09865579009056091
0.0938900038599968
0.032137420028448105
0.03712385520339012
0.09863708913326263
0.05654624104499817
0.03858163207769394
0.14029212296009064
0.057030387222766876
0.10568701475858688
0.02285413071513176
0.07875945419073105
0.11736518144607544
0.03974109888076782
0.015119357034564018
0.12399116158485413
0.08922211080789566
0.06808385252952576
0.10800480842590332
0.07531345635652542
0.04691435769200325
0.06243837624788284
0.1040852814912796
0.06396318972110748
0.031560465693473816
0.19197335839271545
0.06823505461215973
0.03413517400622368
0.05996531620621681
0.09665701538324356
0.03570519760251045
0.05493990704417229
0.08475361764431
0.07681676745414734
0.03848975896835327
0.07907430827617645
0.08721346408128738
0.0332423560321331
0.02890768088400364
0.07062928378582001
0.04746759310364723
0.1504409909248352
0.0724959671497345
0.027549341320991516
0.03341187536716461
0.10970930010080338
0.056362830102443695
0.04310642182826996
0.08022166788578033
0.08148955553770065
0.02161482535302639
0.07462979853153229
0.05306155979633331
0.061983104795217514
0.13865895569324493
0.06961499154567719
0.015253759920597076
0.043657585978507996
0.06563865393400192
0.049602482467889786
0.07388679683208466
0.08145308494567871
0.04558805376291275
0.07651705294847488
0.040643274784088135
0.12682795524597168
0.07307232916355133
0.022135460749268532
0.03929027169942856
0.03211463987827301
0.07602570950984955
0.03125690296292305
0.050415948033332825
0.04576762020587921
0.02475150302052498
0.01840195246040821
0.08070451766252518
0.02176988311111927
0.02907087653875351
0.10528521984815598
0.08239234238862991
0.08734087646007538
0.0417691208422184
0.03498683497309685
0.052789051085710526
0.043302569538354874
0.06503330916166306
0.043940529227256775
0.10556890815496445
0.06661348044872284
0.04767937958240509
0.10037709772586823
0.06705042719841003
0.15028348565101624
0.1519572138786316
0.05326874181628227
0.13649676740169525
0.036204297095537186
0.05593212693929672
0.05570860579609871
0.03385214880108833
0.13234980404376984
0.09158643335103989
0.026909302920103073
0.05851057171821594
0.0363360196352005
0.06395662575960159
0.09115292131900787
0.04218434914946556
0.046823881566524506
0.05508385971188545
0.06423673778772354
0.029732801020145416
0.07904613018035889
0.05465303361415863
0.04705868288874626
0.055084601044654846
0.062080830335617065
0.025560244917869568
0.03348207101225853
0.036233317106962204
0.019022120162844658
0.07065217941999435
0.0743969976902008
0.07726560533046722
0.04428248852491379
0.04475411772727966
0.04597931727766991
0.06262405961751938
0.04126753658056259
0.07368721812963486
0.033347804099321365
0.06698553264141083
0.03793574124574661
0.011070004664361477
0.03698652237653732
0.07193838059902191
0.06954344362020493
0.04684852063655853
0.027927245944738388
0.0261564701795578
0.049262017011642456
0.07583224028348923
0.08959867805242538
0.048455189913511276
0.07252520322799683
0.08565220981836319
0.08504024893045425
0.04493848606944084
0.02987697161734104
0.01742149330675602
0.1677064746618271
0.0715058222413063
0.013396739028394222
0.03696485608816147
0.05456679314374924
0.06486483663320541
0.05754052475094795
0.06207830458879471
0.02625466324388981
0.0692301094532013
0.08911682665348053
0.039899591356515884
0.07924949377775192
0.08307614922523499
0.07218459248542786
0.01952347159385681
0.08251656591892242
0.03314490243792534
0.10175909847021103
0.06250882893800735
0.09036526083946228
0.031228601932525635
0.01923377625644207
0.02450440265238285
0.13085824251174927
0.0411117821931839
0.05778242647647858
0.054647691547870636
0.03628897666931152
0.1591145247220993
0.10648163408041
0.039557360112667084
0.06866326183080673
0.07737015932798386
0.03121029958128929
0.029387202113866806
0.044397443532943726
0.07043297588825226
0.024932336062192917
0.052126746624708176
0.032470930367708206
0.06426126509904861
0.09607008844614029
0.08668169379234314
0.015554600395262241
0.05331749469041824
0.06566853821277618
0.05342865362763405
0.016302619129419327
0.024089062586426735
0.045611996203660965
0.04400002583861351
0.021912237629294395
0.06891459226608276
0.028659626841545105
0.05969908833503723
0.07318302989006042
0.038407761603593826
0.039371006190776825
0.04235827177762985
0.08145400881767273
0.08594804257154465
0.03680632635951042
0.02111761085689068
0.04156384989619255
0.09159787744283676
0.11335638910531998
0.009744030423462391
0.02986106649041176
0.04885604977607727
0.04601003974676132
0.062256619334220886
0.061055779457092285
0.04986279085278511
0.06566714495420456
0.07480882108211517
0.03916643187403679
0.058190830051898956
0.05671538785099983
0.032019082456827164
0.10302907228469849
0.0903116837143898
0.04995536059141159
0.03636542335152626
0.03590647876262665
0.0544765442609787
0.07801787555217743
0.06805962324142456
0.034285079687833786
0.07124127447605133
0.07662081718444824
0.06326407939195633
0.017845604568719864
0.030645035207271576
0.061419881880283356
0.030142737552523613
0.032203804701566696
0.07046233117580414
0.07163155823945999
0.14485737681388855
0.05903267115354538
0.014900020323693752
0.013442719355225563
0.020166529342532158
0.06432989239692688
0.012427395209670067
0.03996127471327782
0.017077891156077385
0.028925755992531776
0.027840225026011467
0.18596886098384857
0.02530394308269024
0.0685996264219284
0.07235189527273178
0.04081147164106369
0.1568337231874466
0.03083457052707672
0.09534277021884918
0.07470227032899857
0.08993981778621674
0.09064323455095291
0.01934138685464859
0.04458725079894066
0.06814046204090118
0.03460732102394104
0.029984135180711746
0.055902183055877686
0.06399586796760559
0.05773549526929855
0.04255196452140808
0.013556143268942833
0.06252405047416687
0.16905133426189423
0.0317903533577919
0.06907821446657181
0.11125858873128891
0.06702835112810135
0.24499452114105225
0.06994470953941345
0.15070360898971558
0.0781170129776001
0.030383523553609848
0.08932135999202728
0.05246769264340401
0.05346066132187843
0.04084305465221405
0.05705129727721214
0.08584697544574738
0.1308620125055313
0.05770566314458847
0.0668519139289856
0.08666423708200455
0.12642693519592285
0.04440974444150925
0.03882962837815285
0.045143768191337585
0.08106552064418793
0.05687570199370384
0.04024607688188553
0.051750291138887405
0.13738839328289032
0.05773293972015381
0.01958928257226944
0.13069672882556915
0.058654334396123886
0.025118181481957436
0.12013411521911621
0.03955116495490074
0.020581379532814026
0.053903087973594666
0.09589435160160065
0.04922764375805855
0.06531919538974762
0.028865717351436615
0.06573811918497086
0.02877800166606903
0.05601363629102707
0.07079615443944931
0.03869243711233139
0.08380004018545151
0.07731170207262039
0.05914544686675072
0.027854619547724724
0.05593843758106232
0.06394471973180771
0.01939893513917923
0.07392323017120361
0.04242458939552307
0.0471818670630455
0.025019891560077667
0.04891296848654747
0.10204366594552994
0.049835819751024246
0.07641894370317459
0.09219645708799362
0.023153606802225113
0.09384842216968536
0.05452515184879303
0.030266255140304565
0.13303111493587494
0.02586185187101364
0.027857515960931778
0.04715244099497795
0.035407453775405884
0.06733821332454681
0.05975355952978134
0.02652788534760475
0.04812052845954895
0.06646154820919037
0.053483810275793076
0.03619847819209099
0.09474455565214157
0.11141014099121094
0.024381423369050026
0.10331209748983383
0.08746840804815292
0.019413042813539505
0.08238817006349564
0.032318759709596634
0.09426885843276978
0.09791698306798935
0.14299064874649048
0.09218922257423401
0.018030472099781036
0.0683320164680481
0.04624411463737488
0.055822692811489105
0.11370781064033508
0.07338041812181473
0.09999580681324005
0.040128469467163086
0.03528652712702751
0.06876005977392197
0.017497550696134567
0.07387307286262512
0.02417290396988392
0.07110323756933212
0.018344849348068237
0.08029387891292572
0.052194442600011826
0.08895216137170792
0.15231560170650482
0.12097349017858505
0.11144185811281204
0.05897843465209007
0.08186766505241394
0.029336437582969666
0.03131959214806557
0.07222452759742737
0.023472964763641357
0.047700006514787674
0.06657512485980988
0.05840400978922844
0.03533853590488434
0.06790383160114288
0.059443339705467224
0.0553896427154541
0.09284346550703049
0.07142816483974457
0.13858717679977417
0.075215183198452
0.11334586888551712
0.09269557893276215
0.04784803465008736
0.03984341770410538
0.02147119678556919
0.03366267308592796
0.039594367146492004
0.10138208419084549
0.06336930394172668
0.09270597249269485
0.06023368611931801
0.021833736449480057
0.04300036281347275
0.04882224276661873
0.022309796884655952
0.02834443375468254
0.0873926654458046
0.11549979448318481
0.04630056768655777
0.05957437679171562
0.04590730369091034
0.10443020612001419
0.0391286239027977
0.05194699764251709
0.07373175770044327
0.06022367253899574
0.09384919703006744
0.0659589096903801
0.04397282749414444
0.037174124270677567
0.0818808451294899
0.05111823230981827
0.012228925712406635
0.05584093555808067
0.05705801770091057
0.11191755533218384
0.08555290102958679
0.026704447343945503
0.06482291221618652
0.039961814880371094
0.013022191822528839
0.021742546930909157
0.1286933571100235
0.05382809787988663
0.015128358267247677
0.024638226255774498
0.02086305245757103
0.03848624229431152
0.06833884865045547
0.05068492889404297
0.07291645556688309
0.04360324889421463
0.12199946492910385
0.07635136693716049
0.04021960496902466
0.036777228116989136
0.04076903313398361
0.05723564326763153
0.06788834184408188
0.018254682421684265
0.06307375431060791
0.04983900859951973
0.108394555747509
0.03958340734243393
0.07564277201890945
0.06928899139165878
0.05485665425658226
0.021744199097156525
0.04550996795296669
0.030178576707839966
0.015488438308238983
0.061440594494342804
0.022423284128308296
0.07697292417287827
0.08711167424917221
0.0644141286611557
0.06289530545473099
0.11524087935686111
0.08337567746639252
0.02178776077926159
0.02253718674182892
0.0580342598259449
0.0442134365439415
0.06913985311985016
0.02444443479180336
0.12120284140110016
0.05477882921695709
0.08992604166269302
0.06157475337386131
0.08924665302038193
0.08540751785039902
0.05035015195608139
0.05306253954768181
0.021657437086105347
0.0552806481719017
0.14245501160621643
0.021541088819503784
0.06616832315921783
0.04506521672010422
0.04386823624372482
0.04694536328315735
0.19183623790740967
0.04725663363933563
0.15167586505413055
0.06088932231068611
0.05924680829048157
0.06684799492359161
0.07168183475732803
0.06234259158372879
0.09719137847423553
0.0669659897685051
0.04951584339141846
0.14684125781059265
0.07397657632827759
0.11607383191585541
0.12455173581838608
0.07183786481618881
0.082588329911232
0.07739312201738358
0.020026151090860367
0.031153667718172073
0.06932640820741653
0.032868627458810806
0.03436574339866638
0.057926200330257416
0.037917181849479675
0.03777727857232094
0.07263414561748505
0.023603376001119614
0.010398117825388908
0.029140274971723557
0.028190946206450462
0.11996157467365265
0.07751300930976868
0.06948301196098328
0.1513264775276184
0.05619266256690025
0.11280611902475357
0.03247484937310219
0.05907411128282547
0.05659852549433708
0.06751400232315063
0.0476142056286335
0.06591760367155075
0.1009833812713623
0.11473977565765381
0.04548075050115585
0.036588046699762344
0.07193819433450699
0.04952140897512436
0.08557502925395966
0.03287319466471672
0.03227376565337181
0.06738140434026718
0.1284174621105194
0.020759200677275658
0.045813292264938354
0.07522736489772797
0.02931942418217659
0.05687050148844719
0.05077967047691345
0.031353745609521866
0.01898955926299095
0.06151651591062546
0.057326290756464005
0.023427115753293037
0.05058664456009865
0.027494436129927635
0.018515322357416153
0.05997123941779137
0.016969863325357437
0.11115576326847076
0.05561664327979088
0.03694407641887665
0.04027716815471649
0.05965900048613548
0.023891104385256767
0.05731399729847908
0.09149155765771866
0.08653205633163452
0.021659424528479576
0.017269063740968704
0.05558925122022629
0.09927207976579666
0.03139733895659447
0.012851259671151638
0.08116389065980911
0.02324994094669819
0.08345983922481537
0.06047660484910011
0.05026834458112717
0.07082600891590118
0.06674441695213318
0.0531931035220623
0.02097473479807377
0.058024149388074875
0.012503615580499172
0.06563223898410797
0.02528344839811325
0.05035039782524109
0.05360691621899605
0.048966724425554276
0.1474878042936325
0.05034787207841873
0.08382225781679153
0.04707116633653641
0.06463823467493057
0.029870109632611275
0.13905128836631775
0.10855651646852493
0.1242670863866806
0.09481791406869888
0.022112300619482994
0.050658781081438065
0.03134791553020477
0.05554487928748131
0.050695717334747314
0.10005705803632736
0.08597195148468018
0.05804024636745453
0.08161269128322601
0.06482477486133575
0.05342430993914604
0.04116005077958107
0.05169158801436424
0.08429663628339767
0.05119210481643677
0.027442846447229385
0.07206659018993378
0.10439207404851913
0.02598322182893753
0.1055755689740181
0.056839704513549805
0.060750123113393784
0.1206417828798294
0.03776097670197487
0.10889314860105515
0.04444495216012001
0.02855326607823372
0.06973510980606079
0.036977674812078476
0.05762537196278572
0.08869801461696625
0.07130205631256104
0.04742969200015068
0.07502595335245132
0.15487034618854523
0.01946963556110859
0.04409845545887947
0.03124290145933628
0.04636969044804573
0.036405399441719055
0.11832159757614136
0.050281867384910583
0.1347701996564865
0.0528317391872406
0.05095449462532997
0.02414659969508648
0.03936774656176567
0.02381657063961029
0.0482938177883625
0.021146608516573906
0.030350463464856148
0.03203568235039711
0.04197661578655243
0.02588876709342003
0.06359311938285828
0.04239371791481972
0.03300245851278305
0.11632309854030609
0.08146543800830841
0.029459409415721893
0.024213891476392746
0.050154443830251694
0.051355428993701935
0.030450671911239624
0.050244927406311035
0.022637834772467613
0.08916506171226501
0.05738671496510506
0.012290232814848423
0.03507022187113762
0.1749996691942215
0.012132055126130581
0.058032628148794174
0.05741108953952789
0.08709494769573212
0.09873394668102264
0.025312278419733047
0.0529756061732769
0.05494791269302368
0.029552089050412178
0.025394171476364136
0.03241972625255585
0.013357521966099739
0.08095107972621918
0.026583144441246986
0.07539629936218262
0.03342074528336525
0.09220994263887405
0.06954758614301682
0.094867043197155
0.06384523212909698
0.02181342989206314
0.023875873535871506
0.024960950016975403
0.05742880329489708
0.07962308824062347
0.021618656814098358
0.11408990621566772
0.06761504709720612
0.0374012365937233
0.04015544801950455
0.045363254845142365
0.04529029130935669
0.020734405145049095
0.01541142351925373
0.08320420235395432
0.04592352360486984
0.0176126379519701
0.030301086604595184
0.04702739790081978
0.15192672610282898
0.03019026480615139
0.04987898841500282
0.0074253748171031475
0.06011638417840004
0.043677885085344315
0.0760110542178154
0.010459012351930141
0.03723759949207306
0.14254136383533478
0.06673478335142136
0.08111926168203354
0.02907782606780529
0.051629580557346344
0.1317383050918579
0.054323844611644745
0.0882091224193573
0.1241735965013504
0.0712655782699585
0.08171961456537247
0.032186493277549744
0.06387777626514435
0.041408855468034744
0.05990980938076973
0.0179740022867918
0.06849883496761322
0.06743596494197845
0.022214623168110847
0.08926160633563995
0.05045324191451073
0.06359639763832092
0.08822043240070343
0.09779522567987442
0.09184492379426956
0.0452527180314064
0.02884298376739025
0.03718453273177147
0.024117155000567436
0.021758779883384705
0.0555168092250824
0.060415614396333694
0.029764749109745026
0.04213542491197586
0.07306483387947083
0.050108592957258224
0.06534081697463989
0.04145418107509613
0.008158247917890549
0.09523380547761917
0.06885739415884018
0.04731070622801781
0.029717929661273956
0.05802210792899132
0.08436513692140579
0.06724591553211212
0.10679871588945389
0.013074199669063091
0.127001091837883
0.01935262605547905
0.009771917015314102
