0.005941281095147133
0.0031233958434313536
0.0002637079742271453
0.001083817332983017
0.0015609870897606015
0.0037897727452218533
0.00033191838883794844
0.0013561573578044772
0.00008158223499776796
0.000765471369959414
0.0014117695391178131
0.0010557713685557246
0.00408184714615345
0.0007644220604561269
0.012445311062037945
0.000660418183542788
0.0010753236711025238
0.00107087311334908
0.0005127691547386348
0.00023245462216436863
0.006089332513511181
0.00043073968845419586
0.0010999938240274787
0.00015060437726788223
0.02117481827735901
0.00022107471886556596
0.0006858193664811552
0.007605347782373428
0.00038616987876594067
0.0006866270559839904
0.001983735943213105
0.0008288061944767833
0.00027636002050712705
0.0002948873152490705
0.00355023262090981
0.0002861948451027274
0.0004191906191408634
0.008247170597314835
0.005070423241704702
0.000760168069973588
0.0007296181283891201
0.0019054787699133158
0.002978425705805421
0.01639069803059101
0.00045399568625725806
0.005901817232370377
0.04192887619137764
0.0007441969937644899
0.005610164720565081
0.0013205998111516237
0.02476564608514309
0.00017221682355739176
0.0027161852922290564
0.00007475962047465146
0.0005728223477490246
0.025600071996450424
0.0055169640108942986
0.0006942431209608912
0.0009648033883422613
0.000025887227820931002
0.008703920058906078
0.0020830787252634764
0.014593481086194515
0.00010482730431249365
0.05060400441288948
0.0015048034256324172
0.0004182947159279138
0.04157688096165657
0.011046774685382843
0.00030109327053651214
0.00013529855641536415
0.005141741130501032
0.047417473047971725
0.005210946314036846
0.00011201104643987492
0.006097299978137016
0.0024457627441734076
0.00022251885093282908
0.0002868114097509533
0.00007908951374702156
0.025298550724983215
0.02531941793859005
0.0007943087257444859
0.004435293842107058
0.0009978626621887088
0.0008965229499153793
0.0007498370250687003
0.002325857523828745
0.008788610808551311
0.00032551688491366804
0.0009275017655454576
0.0054712360724806786
0.000041660419810796157
0.007726017385721207
0.0008193741668947041
0.006004574708640575
0.0007125015836209059
0.0026416215114295483
0.006247479002922773
0.004547986201941967
0.0004087934212293476
0.0006243992247618735
0.01067535299807787
0.0012784411665052176
0.00033866293961182237
0.0005474197678267956
0.0038137626834213734
0.00816140603274107
0.0015095989219844341
0.0003344560682307929
0.0017874727491289377
0.0006927376962266862
0.0024772286415100098
0.000906504865270108
0.0035483886022120714
0.000743370852433145
0.0019641059916466475
0.00031285552540794015
0.001466979505494237
0.00010544273391133174
0.004020745866000652
0.0022765076719224453
0.0001077535271178931
0.006098871119320393
0.0007665532757528126
0.00007171215838752687
0.0014782893704250455
0.0025794310495257378
0.00026021533994935453
0.0002459640090819448
0.00003352904968778603
0.004638149403035641
0.0018222527578473091
0.012114676646888256
0.002150321379303932
0.00011085492587881163
0.0021766284480690956
0.00699186883866787
0.001390523393638432
0.0009810709161683917
0.005583751481026411
0.00047785937204025686
0.0019899895414710045
0.0022557335905730724
0.0005926594603806734
0.000614933087490499
0.007551782764494419
0.0015651446301490068
0.0004740029398817569
0.01546250469982624
0.00021712141460739076
0.0032604513689875603
0.00015926991181913763
0.025064127519726753
0.02427840232849121
0.0003706618444994092
0.0018161983462050557
0.004888515919446945
0.0031874519772827625
0.003222473431378603
0.021600976586341858
0.026648342609405518
0.0006297039799392223
0.01505514606833458
0.00022239355894271284
0.0016608418663963675
0.00030122228781692684
0.004362239968031645
0.0008046776638366282
0.057666707783937454
0.00003646132972789928
0.00007593299233121797
0.0041611515916883945
0.000036305889807408676
0.00028141876100562513
0.0006119049503467977
0.00005124232484376989
0.0053369514644145966
0.0017334850272163749
0.007465766277164221
0.0011965680168941617
0.0016969027929008007
0.0019174000481143594
0.0006625694804824889
0.001584965386427939
0.014508332125842571
0.015897776931524277
0.00008806382538750768
0.0001244191371370107
0.001917636371217668
0.0007164518465287983
0.0005237789591774344
0.005665732081979513
0.00019177253125235438
0.01753568835556507
0.00004594825441017747
0.00041632933425717056
0.0008814134635031223
0.00028099073097109795
0.011973812244832516
0.019249238073825836
0.004891286138445139
0.00048821730888448656
0.00026632947265170515
0.0014170766808092594
0.0006225134711712599
0.00036943331360816956
0.0411260612308979
0.008847977966070175
0.024160955101251602
0.001941956696100533
0.0023468583822250366
0.00005558686825679615
0.0010592008475214243
0.0009098200243897736
0.0005148217314854264
0.0030119000002741814
0.00030447481549344957
0.0007849736139178276
0.0019364875042811036
0.002651107031852007
0.0008873633341863751
0.0011519350809976459
0.0005311099230311811
0.0002341407089261338
0.0004796077264472842
0.0017005398403853178
0.00033330137375742197
0.0029282541945576668
0.000015981206161086448
0.00011229296069359407
0.00998738780617714
0.000038526839489350095
0.0004627615853678435
0.0006687378045171499
0.027782222256064415
0.00007492089207516983
0.00005354831228032708
0.00019447854720056057
0.02239665761590004
0.00869530439376831
0.0016795062692835927
0.000806571391876787
0.04614632576704025
0.00044761429307982326
0.0004311820084694773
0.00024633921566419303
0.00004449854532140307
0.0009869328932836652
0.02433217689394951
0.003066650591790676
0.00124357920140028
0.00037990041892044246
0.002013054210692644
0.007735843770205975
0.026149511337280273
0.0001853409776231274
0.0012231103610247374
0.007031665183603764
0.0026009296998381615
0.01168006006628275
0.03584334999322891
0.0018868261249735951
0.00013588191359303892
0.00039723957888782024
0.0005986858741380274
0.005318022798746824
0.003180423052981496
0.0028387955389916897
0.0007775722187943757
0.0019872512202709913
0.02338417060673237
0.00013785577903036028
0.005635845474898815
0.0029899103101342916
0.01999862864613533
0.03681351616978645
0.005063070449978113
0.0018226116662845016
0.0005044930148869753
0.008586365729570389
0.04917262867093086
0.020007099956274033
0.00005850350498803891
0.000006531412509502843
0.0018096893327310681
0.0008317691390402615
0.004071567207574844
0.0004342504544183612
0.0005608240026049316
0.008988016285002232
0.012166386470198631
0.0010224541183561087
0.0005899425595998764
0.0016554936300963163
0.013834387063980103
0.005095817148685455
0.00006866441253805533
0.0007784247864037752
0.00899350456893444
0.012914173305034637
0.0009517988655716181
0.00002579001920821611
0.01744731143116951
0.0004542427777778357
0.004769114777445793
0.002410781802609563
0.0017365795793011785
0.001275151502341032
0.005269431974738836
0.007758377585560083
0.001303813885897398
0.005792373325675726
0.0002981266297865659
0.008726571686565876
0.0002539238194003701
0.0016196609940379858
0.002282347995787859
0.000076066076871939
0.000858633138705045
0.0004116939671803266
0.004758268594741821
0.0003528130182530731
0.0026069486048072577
0.04652009531855583
0.0017494875937700272
0.02516164444386959
0.00008482552220812067
0.00015663518570363522
0.00020297308219596744
0.0003837260592263192
0.0006685910630039871
0.002199828624725342
0.01758722774684429
0.00006539888272527605
0.00009470267104916275
0.0006107140798121691
0.0007206679438240826
0.004834484774619341
0.0035475376062095165
0.0007539971848018467
0.0033049392513930798
0.01569044589996338
0.0002747156540863216
0.010062538087368011
0.005235187243670225
0.00029111834010109305
0.016502346843481064
0.0012993831187486649
0.008006349205970764
0.0011993108782917261
0.0024557483848184347
0.04280852898955345
0.002774791093543172
0.0032926236744970083
0.016276678070425987
0.0021442933939397335
0.004300255328416824
0.0001357461151201278
0.0020831639412790537
0.0013524158857762814
0.00017309705435764045
0.001875824062153697
0.0018289386061951518
0.001027324702590704
0.0003919012669939548
0.008418182842433453
0.006588125601410866
0.009126061573624611
0.028305038809776306
0.0009760931134223938
0.004394183401018381
0.017712973058223724
0.0008597085834480822
0.004170009400695562
0.000015700223229941912
0.0007732824888080359
0.02198111265897751
0.0003913426771759987
0.005003928206861019
0.00030804798007011414
0.0016668714815750718
0.00016329961363226175
0.0075315008871257305
0.0005094161606393754
0.0011187208583578467
0.003352575236931443
0.0032530154567211866
0.02041175216436386
0.0002669312816578895
0.0029877745546400547
0.014178290031850338
0.006742166820913553
0.0044312202371656895
0.0008030487806536257
0.010612505488097668
0.0073106549680233
0.008178893476724625
0.002173038898035884
0.000362399616278708
0.005228670779615641
0.0033418438397347927
0.015097756870090961
0.0024263227824121714
0.001097572618164122
0.007579437457025051
0.0003563236095942557
0.0005868076113983989
0.001043160678818822
0.02794056385755539
0.0006370648625306785
0.00014801898214500397
0.0032351796980947256
0.00024989183293655515
0.0016184331616386771
0.0010768300853669643
0.00022765716130379587
0.0007338487775996327
0.0028138458728790283
0.020962975919246674
0.0034449303057044744
0.01359264925122261
0.00034232373582199216
0.0035130383912473917
0.001726024434901774
0.011162719689309597
0.003917201422154903
0.012718474492430687
0.00004057158002979122
0.0007789309602230787
0.000633635965641588
0.005654423031955957
0.0003480750019662082
0.012484347447752953
0.0018592646811157465
0.0002530981437303126
0.09229441732168198
0.007608396466821432
0.029674077406525612
0.000267572671873495
0.002101960126310587
0.0004328861250542104
0.006500414106994867
0.0006633616867475212
0.0016268970211967826
0.0002828280266840011
0.001773034455254674
0.0003757438971661031
0.00009223919914802536
0.0026907187420874834
0.00017823198868427426
0.0009987546363845468
0.0026993819046765566
0.0058867838233709335
0.0007441395428031683
0.00037290368345566094
0.002683484461158514
0.005901707336306572
0.007193245459347963
0.006569328252226114
0.04821262136101723
0.0007419696194119751
0.0004611426847986877
0.0008564208401367068
0.0002559616696089506
0.0002583483583293855
0.010682608932256699
0.001479191007092595
0.005177496932446957
0.0000693264591973275
0.00008211338717956096
0.000058270310546504334
0.0028921915218234062
0.00024219698389060795
0.10499510914087296
0.0009485407499596477
0.00410226546227932
0.0001673775550443679
0.0004800383758265525
0.0037118196487426758
0.0008119966951198876
0.0010464205406606197
0.0002347159170312807
0.0016764573520049453
0.0012418566038832068
0.0029273570980876684
0.00004625146902981214
0.005445122253149748
0.016074655577540398
0.0004759844159707427
0.000515058811288327
0.0001375012070639059
0.00014615341206081212
0.00040187034755945206
0.001185654429718852
0.0003538824385032058
0.02087923139333725
0.025332972407341003
0.004600139334797859
0.0003902827447745949
0.017489150166511536
0.009485393762588501
0.005000629462301731
0.0007501048385165632
0.07472550868988037
0.0007542995153926313
0.03222963958978653
0.00026229926152154803
0.0014485729625448585
0.0010167137952521443
0.003146115690469742
0.01653113216161728
0.006850396282970905
0.0006984787760302424
0.00349961849860847
0.0038235585670918226
0.002349461428821087
0.00110978027805686
0.0006835238309577107
0.0011698249727487564
0.00009185879025608301
0.0017444617114961147
0.005992363207042217
0.002966033760458231
0.015084782615303993
0.0027435480151325464
0.011866307817399502
0.0005345122772268951
0.001997375162318349
0.0008372385054826736
0.009736157953739166
0.00009026840416481718
0.0001113900143536739
0.0009302232065238059
0.0025915619917213917
0.020826764404773712
0.0002265638904646039
0.008291797712445259
0.025949835777282715
0.000333371659507975
0.005827291868627071
0.0038212761282920837
0.0014984820736572146
0.004534061532467604
0.00043550130794756114
0.00014563796867150813
0.001629086211323738
0.00012040662841172889
0.0007684376905672252
0.00024898670380935073
0.00433319341391325
0.0005501319537870586
0.012026465497910976
0.019712762907147408
0.011292633600533009
0.00021199547336436808
0.00014207401545718312
0.004191034473478794
0.00022287742467597127
0.0010877745226025581
0.00010169605957344174
0.01393042504787445
0.00004653584255720489
0.00006695734919048846
0.006153988651931286
0.00021554064005613327
0.003269341541454196
0.001169168041087687
0.00015219772467389703
0.0013747765915468335
0.007771419361233711
0.015727220103144646
0.0029404936358332634
0.000439860625192523
0.005390525329858065
0.0014402101514860988
0.0005018910160288215
0.0018114943522959948
0.009768059477210045
0.003351526102051139
0.002731598448008299
0.0001663069415371865
0.00023415150644723326
0.0034793573431670666
0.0008885915740393102
0.008213862776756287
0.00020800615311600268
0.005127240903675556
0.009742239490151405
0.0016995928017422557
0.003014146815985441
0.0007062118384055793
0.0024678560439497232
0.006146482191979885
0.00006670766742900014
0.014533249661326408
0.012121692299842834
0.0015332134207710624
0.0007785919005982578
0.0029445048421621323
0.0007855143048800528
0.0012654606252908707
0.00010209656466031447
0.00014425086556002498
0.015294123440980911
0.0007070755818858743
0.0006677841302007437
0.0012676240876317024
0.004405898507684469
0.0008679995080456138
0.001650510006584227
0.00044829031685367227
0.035147808492183685
0.0007509511196985841
0.028034253045916557
0.0001791477989172563
0.006587947253137827
0.006071274168789387
0.004547757096588612
0.00016168678121175617
0.0002566836483310908
0.00042034420766867697
0.00044838711619377136
0.0005808210698887706
0.002144172787666321
0.0020476176869124174
0.00004977742355549708
0.007486875634640455
0.0036822683177888393
0.00014902149268891662
0.013229972682893276
0.0002968906774185598
0.0007240443956106901
0.024749547243118286
0.0008608308271504939
0.0002244904317194596
0.004517299123108387
0.0008985896711237729
0.0011740332702174783
0.0007414599531330168
0.000051124301535310224
0.004168616142123938
0.0024929135106503963
0.0005935485824011266
0.003942225128412247
0.015240630134940147
0.0009663072414696217
0.018215782940387726
0.0004102408420294523
0.0015101480530574918
0.004416776821017265
0.0014127721078693867
0.0005137462867423892
0.00006465535261668265
0.00010694255615817383
0.0000925250569707714
0.002128374530002475
0.0008230021921917796
0.0020311856642365456
0.0005709366523660719
0.0003713241603691131
0.0036717618349939585
0.00009980902541428804
0.0044284542091190815
0.020979830995202065
0.0003756395017262548
0.00042896426748484373
0.0006484246114268899
0.0020680073648691177
0.009451297111809254
0.0174257792532444
0.004664959851652384
0.0007598680094815791
0.00011021845421055332
0.022404830902814865
0.02543138712644577
0.004125761799514294
0.01054062508046627
0.00020652016974054277
0.0010840416653081775
0.0022251096088439226
0.02436431683599949
0.0024987633805722
0.00001917839836096391
0.009855533950030804
0.003352866740897298
0.000030148417863529176
0.006005451548844576
0.0012071928940713406
0.0003944193304050714
0.0006595908780582249
0.0016248483443632722
0.0022318954579532146
0.0004067863628733903
0.02655312977731228
0.0007508940761908889
0.0012991705443710089
0.01037611998617649
0.002811840735375881
0.012402122840285301
0.0006500216550193727
0.000042276038584532216
0.0016126756090670824
0.00019729818450286984
0.00011842147068819031
0.012754322960972786
0.0004949821159243584
0.005626179743558168
0.04319898039102554
0.007287929300218821
0.0012172257993370295
0.0006986718508414924
0.006612325087189674
0.0036873500794172287
0.000006042489985702559
0.0003802082792390138
0.0001820853358367458
0.00030791800236329436
0.00044155053910799325
0.0017605219036340714
0.00011350410932209343
0.0008983071893453598
0.0002179435541620478
0.0006161871715448797
0.0033944537863135338
0.00010713482333812863
0.00041444716043770313
0.0025866266805678606
0.01108449138700962
0.007739941589534283
0.003683890914544463
0.005118008237332106
0.004340290557593107
0.007203076500445604
0.003089166944846511
0.00005182684981264174
0.00008798197086434811
0.0020300778560340405
0.0003900493320543319
0.0011991466162726283
0.00008320139750139788
0.0001743904285831377
0.02041187509894371
0.0005095740198157728
0.00021600520994979888
0.0015055654803290963
0.00233290484175086
0.006824790500104427
0.0055149272084236145
0.0032118356321007013
0.007355158682912588
0.0009765312424860895
0.0006291784229688346
0.00018633066792972386
0.0002147271006833762
0.005593425128608942
0.001018622308038175
0.007318182848393917
0.0017902065301313996
0.002841301029548049
0.00025676374207250774
0.0004902120563201606
0.008049020543694496
0.00041627566679380834
0.0017728928942233324
0.00006501645839307457
0.00022064642689656466
0.0038543054834008217
0.0011068680323660374
0.0008010878809727728
0.000888650887645781
0.005672771949321032
0.05324240401387215
0.0007279039709828794
0.0017995397793129086
0.0024586766958236694
0.00013495369057636708
0.015118512324988842
0.0005142580484971404
0.00030375478672795
0.00011924177670152858
0.002925174543634057
0.016642946749925613
0.0016862761694937944
0.0005976781249046326
0.0006176229799166322
0.004745315294712782
0.0019731465727090836
0.00567625230178237
0.0020435594487935305
0.016277572140097618
0.004338646773248911
0.001095364335924387
0.0012419532286003232
0.0011775882449001074
0.002395613817498088
0.0012939039152115583
0.00036486895987764
0.00028621681849472225
0.002671879017725587
0.008879791013896465
0.0031107207760214806
0.0009024182218126953
0.001207551104016602
0.0009066077182069421
0.02029568701982498
0.0020477650687098503
0.000021613512217300013
0.00016139549552462995
0.0037765076849609613
0.008844881318509579
0.000005497115580510581
0.00032500040833838284
0.00007802139589330181
0.00006581546767847613
0.0010698650730773807
0.000135511887492612
0.0003342135751154274
0.0033574835397303104
0.004434828646481037
0.00013921241043135524
0.000038650126953143626
0.00002853877595043741
0.000051670867833308876
0.0005536298267543316
0.0006585701485164464
0.00014100594853516668
0.0009653877350501716
0.029690636321902275
0.003051384352147579
0.0003081932954955846
0.000029274089683895
0.000873226614203304
0.005297635681927204
0.0005966595490463078
0.00021292251767590642
0.0007099215290509164
0.0014905774733051658
0.0008752949070185423
0.0004531005397439003
0.0004827194497920573
0.008206496015191078
0.000483947602333501
0.014015767723321915
0.0006577795720659196
0.004711965098977089
0.00008395715849474072
0.00005205335037317127
0.009085122495889664
0.003790592309087515
0.031626950949430466
0.00013910012785345316
0.007773824036121368
0.0004820131289307028
0.0007699676789343357
0.02412516623735428
0.00021411794296000153
0.0005881558172404766
0.0008803181699477136
0.03336272016167641
0.005134513135999441
0.0007047333056107163
0.0004554607148747891
0.009566479362547398
0.0006177625618875027
0.00035729564842768013
0.0021432044450193644
0.0009697027271613479
0.0006893305107951164
0.009968031197786331
0.002412126399576664
0.0027304140385240316
0.002885619178414345
0.00019260073895566165
0.015344665385782719
0.003674025647342205
0.0016578573267906904
0.005541346035897732
0.028305303305387497
0.0001513304450782016
0.0015020001446828246
0.0012982410844415426
0.0005673959385603666
0.008618291467428207
0.002988571533933282
0.016191525384783745
0.0003275089547969401
0.0006514742854051292
0.00004092318704351783
0.010260852053761482
0.0018653868464753032
0.0011825297260656953
0.0025493744760751724
0.006434225477278233
0.004870831500738859
0.03966381773352623
0.02143510989844799
0.010443173348903656
0.0013485149247571826
0.0016410336829721928
0.00025971251307055354
0.00024876161478459835
0.010271559469401836
0.0003143028006888926
0.0031960350461304188
0.014779429882764816
0.0005719640175811946
0.00022804742911830544
0.01959756389260292
0.010415138676762581
0.0017733726417645812
0.0004016202874481678
0.0019863564521074295
0.00023580495326314121
0.0029803202487528324
0.010665850713849068
0.00014624014147557318
0.000752361782360822
0.000719993666280061
0.0001549258886370808
0.006777362897992134
0.0021420056000351906
0.00006008481796015985
0.0018271375447511673
0.001219297875650227
0.010285800322890282
0.0008059008396230638
0.028989361599087715
0.0014862653333693743
0.009391079656779766
0.015902569517493248
0.0004850498808082193
0.0005087659228593111
0.00015152289415709674
0.00003888443825417198
0.007693822495639324
0.005636541172862053
0.002644078806042671
0.0003313560737296939
0.000060502879932755604
0.005033749155700207
0.0026137183886021376
0.004244385752826929
0.0005419982480816543
0.0010006538359448314
0.00030402114498429
0.021269263699650764
0.0010511744767427444
0.016336949542164803
0.00815833080559969
0.0011072001652792096
0.0007557030185125768
0.003541849320754409
0.031380075961351395
0.0005796740297228098
0.0012047631898894906
0.00006554354331456125
0.007463275454938412
0.001024535158649087
0.0004355828568805009
0.010568696074187756
0.028920993208885193
0.0006921145250089467
0.0016155075281858444
0.010853869840502739
0.0010164094856008887
0.0019096042960882187
0.039925795048475266
0.002586088143289089
0.0034054890275001526
0.005359095521271229
0.00016600958770141006
0.006316043436527252
0.0010297466069459915
0.0017086099833250046
0.00021149199164938182
0.0024773788172751665
0.00174442317802459
0.06484009325504303
0.002842322690412402
0.0007037718314677477
0.007617856841534376
0.0006937140133231878
0.0007762585300952196
0.01262684166431427
0.0082308454439044
0.0000338077443302609
0.003218021709471941
0.016515977680683136
0.0013926587998867035
0.004603070206940174
0.00828850083053112
0.00006026531627867371
0.0026660107541829348
0.027412503957748413
0.00023193178640212864
0.0011908328160643578
0.0003314482746645808
0.0037543284706771374
0.0015733444597572088
0.000022366331904777326
0.0006958591984584928
0.00008254584827227518
0.00006206320540513843
0.00009779047832125798
0.00019042000349145383
0.00009852044604485855
0.000935432268306613
0.0021396002266556025
0.006180280353873968
0.0037893117405474186
0.003466423135250807
0.0004882272914983332
0.004914294462651014
0.037096407264471054
0.0021840357221663
0.0002134855603799224
0.021730562672019005
0.0018340041860938072
0.00027983819018118083
0.0023247506469488144
0.0026368882972747087
0.00006144827784737572
0.0009492295212112367
0.0005312974681146443
0.0005100519629195333
0.00000699542579241097
0.0020983938593417406
0.03392571955919266
0.010953545570373535
0.0329337976872921
0.0014831958105787635
0.0006563409115187824
0.0007464947993867099
0.00901094265282154
0.0002779757196549326
0.00015181249182205647
0.006120252422988415
0.002741760341450572
0.0288853757083416
0.02271231636404991
0.000060196394770173356
0.00012177894677734002
0.024000952020287514
0.007190923672169447
0.016847556456923485
0.011429576203227043
0.0012632274301722646
0.0005602070596069098
0.006284093484282494
0.013777638785541058
0.005361590068787336
0.013606599532067776
0.009609187953174114
0.006417875178158283
0.00044289472862146795
0.004307004157453775
0.0044748676009476185
0.00410931371152401
0.0008939477847889066
0.00006016127372276969
0.0004650337214116007
0.008893011137843132
0.0061828093603253365
0.0037880970630794764
0.0004130927845835686
0.0006318955565802753
0.0006799844559282064
0.026580780744552612
0.00009320939716417342
0.00011405194527469575
0.00743256788700819
0.004996239673346281
0.09285524487495422
0.00029765089857392013
0.01817043498158455
0.022372398525476456
0.010221502743661404
0.0011569511843845248
0.0006219518836587667
0.007704438176006079
0.0008907683659344912
0.00013249306357465684
0.0021127075888216496
0.000269667012616992
0.0011574276722967625
0.0016087382100522518
0.004080667160451412
0.003459688276052475
0.0002466815058141947
0.002330994699150324
0.0003359650436323136
0.00033004244323819876
0.0002938145480584353
0.0052552963607013226
0.003580124117434025
0.0008427633438259363
0.0004823801573365927
0.00012446154141798615
0.0010323565220460296
0.023264804854989052
0.0026661173906177282
0.00888899527490139
0.024686230346560478
0.007475890219211578
0.0002601345186121762
0.0003154421574436128
0.0004372344119474292
0.0014302005292847753
0.01479081530123949
0.0147476214915514
0.002978108124807477
0.009143236093223095
0.009817546233534813
0.00043244255357421935
0.007745455019176006
0.0017866056878119707
0.0008252765401266515
0.0019601481035351753
0.0010887550888583064
0.0010189637541770935
0.0004838382301386446
0.00033640515175648034
0.004231578670442104
0.014483430422842503
0.00004855326551478356
0.01690814085304737
0.0002771606668829918
0.000059628411690937355
0.00009271104499930516
0.0012187872780486941
0.00008838530629873276
0.003114940132945776
0.012541010975837708
0.019994640722870827
0.0007176465587690473
0.03797028958797455
0.00007955217733979225
0.0010739023564383388
0.005640814546495676
0.016398606821894646
0.0026993968058377504
0.000583166372962296
0.0065340325236320496
0.00020437012426555157
0.0003801907296292484
0.0001424577203579247
0.00042892812052741647
0.0030029602348804474
0.01753460057079792
0.0006774659268558025
0.00035714227124117315
0.006766892969608307
0.0030006759334355593
0.004558056592941284
0.021162772551178932
0.0020081326365470886
0.00041632686043158174
0.0005443011177703738
0.05715878680348396
0.025241872295737267
0.0006556960288435221
0.00048340167268179357
0.009128185920417309
0.011909942142665386
0.00007493589509977028
0.010083039291203022
0.025186359882354736
0.005786143708974123
0.00197080266661942
0.0005336792091839015
0.000858359388075769
0.029333241283893585
0.00027436050004325807
0.00017298692546319216
0.01634024642407894
0.00494704395532608
0.0043579027988016605
0.0002839113003574312
0.01830524392426014
0.0005621483433060348
0.010029319673776627
0.00039716699393466115
0.0017653421964496374
0.0013746777549386024
0.005425074137747288
0.000023508355297963135
0.007423119619488716
0.0030477959662675858
0.0018444025190547109
0.00029403710504993796
0.007248156704008579
0.008063898421823978
0.0018165265209972858
0.001338401809334755
0.002148926258087158
0.0010861464543268085
0.00044466397957876325
0.0007682268042117357
0.004167407285422087
0.01388577464967966
0.013715965673327446
0.0013136599445715547
0.0019541396759450436
0.017766907811164856
0.0020895402412861586
0.00013305935135576874
0.0064966194331645966
0.0001936902990564704
0.034380264580249786
0.003922664560377598
0.000017781096175895073
0.0010263904696330428
0.0010727812768891454
0.01648135483264923
0.00115224439650774
0.010963644832372665
0.0005419403896667063
0.0002594792749732733
0.000203982213861309
0.002025141380727291
0.023299213498830795
0.01088871993124485
0.0007845406071282923
0.0004970939480699599
0.00011792548320954666
0.00012483797036111355
0.003888408886268735
0.00028547513647936285
0.00005631049134535715
0.022659258916974068
0.005620501469820738
0.0007390570244751871
0.00023186631733551621
0.00026602722937241197
0.003952899947762489
0.0025953613221645355
0.03476070612668991
0.0001371613470837474
0.0018841515993699431
0.0014026504941284657
0.003056267276406288
0.00654431339353323
0.0019119336502626538
0.00023060858075041324
0.0005638293805532157
0.00019111733126919717
0.013802106492221355
0.021737312898039818
0.006566221360117197
0.0005502733984030783
0.03298240154981613
0.0000847548435558565
0.00035283685429021716
0.00937067624181509
0.0006690519512630999
0.0053529562428593636
0.0021923461463302374
0.001291224267333746
0.0026926123537123203
0.012660452164709568
0.0006981606711633503
0.008390490896999836
0.00023875369515735656
0.00831697043031454
0.012587067671120167
0.0004879600019194186
0.00019767452613450587
0.020643942058086395
0.002006995026022196
0.004248116165399551
0.0035485459957271814
0.0024828296154737473
0.001126543153077364
0.030048225075006485
0.0003622928634285927
0.012244322337210178
0.00327097880654037
0.000503798364661634
0.00020166003378108144
0.0014308321988210082
0.00003901769741787575
0.0022849603556096554
0.002745515201240778
0.006628558970987797
0.006714843213558197
0.017643267288804054
0.0012263659154996276
0.009503875859081745
0.0023388396948575974
0.011325114406645298
0.0008888475131243467
0.00005006917490391061
0.00011690072278724983
0.0007747344207018614
0.0014421462547034025
0.0006824970478191972
0.012748945504426956
0.0002545977768022567
0.013562669977545738
0.001314667984843254
0.00013918877812102437
0.0003021949960384518
0.010219761170446873
0.0010612100595608354
0.00018604456272441894
0.0005127748590894043
0.0008833963074721396
0.004211345687508583
0.029764769598841667
0.00010853810817934573
0.033291179686784744
0.014120263047516346
0.00013302668230608106
0.0003030429652426392
0.0067002298310399055
0.0006397892138920724
0.0177413672208786
0.00007443109643645585
0.00008339067426277325
