0.002686257241293788
0.06443183869123459
0.01057356595993042
0.0027665772940963507
0.005132908467203379
0.00479457201436162
0.0020508344750851393
0.0016392730176448822
0.01023678109049797
0.008737304247915745
0.013065852224826813
0.004546062555164099
0.005758417770266533
0.05969124287366867
0.002555846469476819
0.0062959324568510056
0.05369163304567337
0.07348126173019409
0.0498114749789238
0.015285172499716282
0.00971838366240263
0.014225687831640244
0.003801198210567236
0.0008365047979168594
0.0050426931120455265
0.022924985736608505
0.004598846193403006
0.05279070511460304
0.03583141416311264
0.003389690537005663
0.022238461300730705
0.009668729268014431
0.024671383202075958
0.006199653726071119
0.029977500438690186
0.006846908945590258
0.005798871163278818
0.013129166327416897
0.0054465895518660545
0.017053663730621338
0.020340917631983757
0.0194745734333992
0.008780761621892452
0.004326827358454466
0.03271989896893501
0.015562989749014378
0.008531009778380394
0.0012632451253011823
0.005418295506387949
0.0025034367572516203
0.003341984935104847
0.010128439404070377
0.016671448945999146
0.018780315294861794
0.004353877156972885
0.006284466944634914
0.036987658590078354
0.012666535563766956
0.07304854691028595
0.019390882924199104
0.006121295969933271
0.010323544032871723
0.0048523941077291965
0.0049747563898563385
0.0012489816872403026
0.0036597915459424257
0.004964643623679876
0.02674577385187149
0.013241197913885117
0.014845144934952259
0.003982474096119404
0.0023823066148906946
0.022853117436170578
0.0034458190202713013
0.005398901645094156
0.027018766850233078
0.02423848584294319
0.0016450730618089437
0.032293595373630524
0.013898517936468124
0.0023067572619765997
0.0037183836102485657
0.008009731769561768
0.014250964857637882
0.0074538071639835835
0.013306827284395695
0.010926329530775547
0.009941717609763145
0.03189011290669441
0.0218913946300745
0.009506423026323318
0.002930218353867531
0.014710559509694576
0.019210148602724075
0.009571190923452377
0.0021320711821317673
0.03959062322974205
0.031655993312597275
0.011977041140198708
0.004474346991628408
0.03421931713819504
0.013461884111166
0.016237597912549973
0.0026471272576600313
0.0026605490129441023
0.0130247687920928
0.026582013815641403
0.014965707436203957
0.002701117657124996
0.02100985124707222
0.0052848756313323975
0.012735218740999699
0.04459759220480919
0.006869416683912277
0.001361179631203413
0.01817845180630684
0.013750704936683178
0.00913793221116066
0.003934262786060572
0.026286644861102104
0.0005289689870551229
0.005162476561963558
0.011950706131756306
0.016068750992417336
0.00815320760011673
0.015397977083921432
0.027468737214803696
0.008397785015404224
0.0007686462486162782
0.04570533707737923
0.0039546675980091095
0.004283756949007511
0.025010641664266586
0.007224039640277624
0.016453644260764122
0.003454944584518671
0.015408509410917759
0.0073851328343153
0.022240160033106804
0.009885030798614025
0.01038990169763565
0.0010055272141471505
0.004234476946294308
0.007862807251513004
0.05310595780611038
0.022628817707300186
0.0078023383393883705
0.00509711354970932
0.0017695240676403046
0.01039308961480856
0.0012554483255371451
0.015202602371573448
0.016882378607988358
0.006332756020128727
0.016295066103339195
0.013921321369707584
0.007037276402115822
0.022738689556717873
0.02921755239367485
0.00844659749418497
0.005461228080093861
0.04072212427854538
0.011005655862390995
0.0036222171038389206
0.0592450350522995
0.031050685793161392
0.006621803157031536
0.008193789049983025
0.003967557568103075
0.010065879672765732
0.004503889940679073
0.0011587321059778333
0.015729235485196114
0.005443931557238102
0.05098541080951691
0.0023424418177455664
0.02084830403327942
0.0015230673598125577
0.06331722438335419
0.0028063426725566387
0.027155330404639244
0.003484502900391817
0.0027484328020364046
0.002021669875830412
0.019543511793017387
0.024908626452088356
0.011552880518138409
0.0118630426004529
0.017247403040528297
0.005466355476528406
0.007176622282713652
0.032379575073719025
0.02164183184504509
0.01881358027458191
0.02722751349210739
0.023437652736902237
0.005958665162324905
0.008326119743287563
0.04670090973377228
0.009883148595690727
0.011430204845964909
0.011312983930110931
0.009595568291842937
0.010633986443281174
0.0004919699276797473
0.0011485149152576923
0.004246641416102648
0.011434493586421013
0.024773389101028442
0.0032407748512923717
0.006564744748175144
0.0037048738449811935
0.0033528388012200594
0.03603203594684601
0.016865842044353485
0.027867278084158897
0.034470006823539734
0.0005914208595640957
0.007193610537797213
0.006016228348016739
0.015779057517647743
0.01635139435529709
0.046733349561691284
0.004587252624332905
0.020303701981902122
0.005448216572403908
0.0025820552837103605
0.0047403485514223576
0.0077829216606915
0.02616140805184841
0.0024125438649207354
0.05596555024385452
0.025271307677030563
0.019509822130203247
0.03537717089056969
0.014750848524272442
0.005283901002258062
0.007880045101046562
0.03840578719973564
0.016627926379442215
0.0022231668699532747
0.06790687143802643
0.006049010436981916
0.012778508476912975
0.007774312049150467
0.08304900676012039
0.03275342658162117
0.02761729061603546
0.012984970584511757
0.009945071302354336
0.01787434332072735
0.004907076247036457
0.08354344218969345
0.08319452404975891
0.00418610405176878
0.032978832721710205
0.03980137035250664
0.018993858247995377
0.0027896203100681305
0.0011112202191725373
0.0026173912920057774
0.0012119298335164785
0.056807197630405426
0.04660123214125633
0.004154563881456852
0.006552897859364748
0.019808873534202576
0.03663701191544533
0.05516180023550987
0.009609255008399487
0.007330292835831642
0.04901730269193649
0.03208944946527481
0.0057066744193434715
0.006063647102564573
0.009482866153120995
0.0023506779689341784
0.00045734227751381695
0.03219001740217209
0.04370192810893059
0.007426614407449961
0.011797033250331879
0.0034016629215329885
0.0015515763079747558
0.011925029568374157
0.04985367879271507
0.02682860940694809
0.004621120635420084
0.003000394906848669
0.014353938400745392
0.024437835440039635
0.003113233484327793
0.06635226309299469
0.05646776035428047
0.014843897894024849
0.05306236073374748
0.05793578922748566
0.005599669646471739
0.025429461151361465
0.00724354712292552
0.0006043817847967148
0.00796192605048418
0.01692802831530571
0.006049933843314648
0.024404902011156082
0.03247885778546333
0.011995991691946983
0.0022485116496682167
0.03499455377459526
0.006510489620268345
0.009297876618802547
0.002566610462963581
0.0046151261776685715
0.014474939554929733
0.01491310354322195
0.0012858245754614472
0.011833390220999718
0.02020655944943428
0.0011408246355131269
0.006933399010449648
0.007117933128029108
0.01438624132424593
0.010331710800528526
0.007397690787911415
0.029973667114973068
0.018125779926776886
0.0006447526975534856
0.04422304034233093
0.034018341451883316
0.01706909015774727
0.0033369625452905893
0.01563003845512867
0.017429349943995476
0.00749132689088583
0.01286901906132698
0.0027846782468259335
0.0395708829164505
0.047392770648002625
0.027146553620696068
0.01179965864866972
0.04010676220059395
0.002523389644920826
0.0032012267038226128
0.004478443879634142
0.004263421054929495
0.01834682933986187
0.027267852798104286
0.004131041932851076
0.09147095680236816
0.004807682242244482
0.007119522430002689
0.0011964831501245499
0.013980709947645664
0.02574552595615387
0.006420027930289507
0.008106301538646221
0.0192242618650198
0.0021102495957165956
0.010391266085207462
0.012412209063768387
0.00782928615808487
0.003458676626905799
0.00423583434894681
0.0055418675765395164
0.03498736396431923
0.02060103230178356
0.010764537379145622
0.011681906878948212
0.013116352260112762
0.07578162848949432
0.021758802235126495
0.023821266368031502
0.027845527976751328
0.0019847473595291376
0.00925234891474247
0.004615699872374535
0.03129853680729866
0.009562029503285885
0.015799010172486305
0.011435829102993011
0.017491113394498825
0.010926973074674606
0.0028401706367731094
0.046817585825920105
0.004770246800035238
0.02601982280611992
0.014509757049381733
0.03844554349780083
0.03164854273200035
0.01113806664943695
0.013452377170324326
0.0017802324146032333
0.04195911064743996
0.04214472696185112
0.01060291938483715
0.028977930545806885
0.03618799149990082
0.01481507159769535
0.006533052772283554
0.020035473629832268
0.01097308099269867
0.003890670370310545
0.005175238475203514
0.034370891749858856
0.0147968465462327
0.005396582186222076
0.009062389843165874
0.00954638421535492
0.0034740918781608343
0.008908798918128014
0.008976778015494347
0.020033014938235283
0.01480955071747303
0.0021667524706572294
0.008714156225323677
0.001535649411380291
0.013869935646653175
0.00363739300519228
0.008383314125239849
0.02887684665620327
0.0026677458081394434
0.017768295481801033
0.029531329870224
0.015140902251005173
0.004927045665681362
0.040486518293619156
0.033480722457170486
0.0146844033151865
0.00657165702432394
0.003766894107684493
0.016122033819556236
0.004584283567965031
0.0022903361823409796
0.006969605106860399
0.016566677019000053
0.019287995994091034
0.031060991808772087
0.01980719529092312
0.010162010788917542
0.007825888693332672
0.004791843239217997
0.011547626927495003
0.01179807074368
0.019078152254223824
0.023924915120005608
0.008975431323051453
0.01534651592373848
0.01911883056163788
0.006347090471535921
0.003592213150113821
0.02024362049996853
0.00612860219553113
0.01611567661166191
0.005944811273366213
0.014087585732340813
0.011141931638121605
0.020074639469385147
0.006401558872312307
0.012857025489211082
0.004120360594242811
0.03796028345823288
0.010974547825753689
0.001060622395016253
0.005700872745364904
0.0046671913005411625
0.0044985623098909855
0.014696004800498486
0.06675896048545837
0.004190472420305014
0.01956488937139511
0.002777606248855591
0.009408939629793167
0.005751886870712042
0.02156977169215679
0.0012037642300128937
0.019876796752214432
0.011073137633502483
0.01559229101985693
0.003035330679267645
0.055049680173397064
0.009133395738899708
0.002184902550652623
0.003294347319751978
0.05998609587550163
0.012324769049882889
0.0034978019539266825
0.01768806017935276
0.010178967379033566
0.013424818404018879
0.025924373418092728
0.010949188843369484
0.023858072236180305
0.0024809385649859905
0.024721728637814522
0.004450459498912096
0.0035385063383728266
0.00908039603382349
0.001919125090353191
0.0048268986865878105
0.003545652609318495
0.009395441971719265
0.04219608008861542
0.03534955903887749
0.0016471402486786246
0.009709482081234455
0.07199128717184067
0.016588112339377403
0.021765321493148804
0.00759208993986249
0.001891127321869135
0.007709577213972807
0.035381607711315155
0.0012291631428524852
0.01742631569504738
0.004266534931957722
0.008582573384046555
0.016628548502922058
0.028673822060227394
0.02955791912972927
0.002632349031046033
0.012799176387488842
0.022525964304804802
0.015397844836115837
0.003787327790632844
0.008754920214414597
0.043153081089258194
0.01640699990093708
0.00887281820178032
0.01471519935876131
0.003114537801593542
0.0077909622341394424
0.002412879141047597
0.008747383952140808
0.009885030798614025
0.03488527238368988
0.0021401408594101667
0.00925764162093401
0.006794464308768511
0.032194431871175766
0.015072238631546497
0.0012739035300910473
0.0035744409542530775
0.017340166494250298
0.005432008299976587
0.055891457945108414
0.008323376066982746
0.02264815755188465
0.008105875924229622
0.015545140020549297
0.05870237573981285
0.007716832682490349
0.000757851405069232
0.0036810801830142736
0.006380902137607336
0.0010910483542829752
0.006315363571047783
0.017400549724698067
0.034462906420230865
0.0005931309424340725
0.024471506476402283
0.0844048261642456
0.012902157381176949
0.006882089655846357
0.050734199583530426
0.023068075999617577
0.013147687539458275
0.004827242810279131
0.008473447524011135
0.017640119418501854
0.005998631939291954
0.018424425274133682
0.002354180673137307
0.006489332299679518
0.013903021812438965
0.010225784964859486
0.023350516334176064
0.000996653689071536
0.0013593658804893494
0.015595594421029091
0.02521533891558647
0.011043908074498177
0.033053986728191376
0.0030613322742283344
0.016999928280711174
0.004590523894876242
0.005035949405282736
0.006853736471384764
0.0013923466904088855
0.04786824434995651
0.013683715835213661
0.07129067927598953
0.020682552829384804
0.025279944762587547
0.0064971791580319405
0.007813203148543835
0.0349205918610096
0.039937157183885574
0.04662654548883438
0.013053007423877716
0.012215910479426384
0.0028517229948192835
0.0058314320631325245
0.015102220699191093
0.0035243118181824684
0.059116266667842865
0.0008035046630539
0.0018330279272049665
0.00321127288043499
0.009805436246097088
0.009160025976598263
0.005722923669964075
0.028948288410902023
0.028909914195537567
0.004569969139993191
0.020056506618857384
0.013738171197474003
0.05486486107110977
0.0031882603652775288
0.0030457598622888327
0.002672163536772132
0.00625239871442318
0.00514583196491003
0.023029055446386337
0.01745845191180706
0.027673251926898956
0.000831632933113724
0.009572731330990791
0.007409334648400545
0.0075989337638020515
0.0057442523539066315
0.07855770736932755
0.019241059198975563
0.0012023524614050984
0.007410846650600433
0.020214535295963287
0.004278636537492275
0.010964928194880486
0.013691427186131477
0.052564945071935654
0.0027248451951891184
0.0013710502535104752
0.0010180316166952252
0.007285840343683958
0.01362964604049921
0.00345154432579875
0.0016039483016356826
0.01695077493786812
0.009653793647885323
0.013678471557796001
0.023785797879099846
0.013638438656926155
0.00338208326138556
0.01047123596072197
0.0006473902612924576
0.0033519184216856956
0.006862726993858814
0.0025870755780488253
0.04248940199613571
0.0030266507528722286
0.006326101254671812
0.02555294707417488
0.013062913902103901
0.005187827628105879
0.006332365795969963
0.019854716956615448
0.02461893856525421
0.031237870454788208
0.004699342418462038
0.059230007231235504
0.0007870252011343837
0.03423455357551575
0.008667675778269768
0.026301510632038116
0.009648792445659637
0.0013895068550482392
0.005836408119648695
0.005239600781351328
0.02483842894434929
0.0032740216702222824
0.010460036806762218
0.0027069561183452606
0.030892854556441307
0.020801933482289314
0.008413217030465603
0.0031329761259257793
0.010038137435913086
0.030882293358445168
0.002686177846044302
0.012317206710577011
0.005290828179568052
0.002499572467058897
0.03395366296172142
0.007031816989183426
0.0017921606777235866
0.010970061644911766
0.012621811591088772
0.01842329651117325
0.027415120974183083
0.009145589545369148
0.006712464615702629
0.060952477157115936
0.0013720374554395676
0.0029865200631320477
0.011497384868562222
0.03744630888104439
0.0027092033997178078
0.013907596468925476
0.002921285340562463
0.018242700025439262
0.0015840779524296522
0.0021811549086123705
0.013872852548956871
0.03517003729939461
0.025641269981861115
0.020697982981801033
0.030463354662060738
0.03629157319664955
0.007694754749536514
0.006299447733908892
0.0036125839687883854
0.003804428270086646
0.0024604348000139
0.002267468487843871
0.022456089034676552
0.015298538841307163
0.007064281031489372
0.030495190992951393
0.03943052515387535
0.0008180251461453736
0.004615056794136763
0.01322365552186966
0.03030564822256565
0.015848729759454727
0.0016068979166448116
0.008602015674114227
0.00611340906471014
0.02004649117588997
0.04970468208193779
0.002394516486674547
0.017069736495614052
0.006727796979248524
0.009740940295159817
0.007506265304982662
0.013736886903643608
0.002008201088756323
0.0010355901904404163
0.017022941261529922
0.003697414416819811
0.03422065079212189
0.010021176189184189
0.015310956165194511
0.012148161418735981
0.0049907974898815155
0.0006629173876717687
0.0026785661466419697
0.0037883382756263018
0.005347742699086666
0.004436394199728966
0.00642147334292531
0.0048043313436210155
0.006296057719737291
0.005041058640927076
0.005225100554525852
0.03802141547203064
0.04598488286137581
0.0038621912244707346
0.013324253261089325
0.027104191482067108
0.010939380154013634
0.007502548862248659
0.06678181141614914
0.011237428523600101
0.004957662895321846
0.010103961452841759
0.019939152523875237
0.006215123925358057
0.03879858925938606
0.012394283898174763
0.044185854494571686
0.005438307765871286
0.010729311034083366
0.01313567440956831
0.010265499353408813
0.002873591147363186
0.0045363930985331535
0.00965369027107954
0.013917678035795689
0.0010681548155844212
0.0065250154584646225
0.036090292036533356
0.01210242323577404
0.0034451684914529324
0.01361602358520031
0.01448378898203373
0.035660699009895325
0.03027840331196785
0.00184566096868366
0.009686663746833801
0.041214246302843094
0.006669463589787483
0.02584567479789257
0.00554983876645565
0.0051782759837806225
0.028113368898630142
0.030176864936947823
0.006248146761208773
0.002263400238007307
0.01947304792702198
0.0003893636749126017
0.006453887093812227
0.006505509838461876
0.01747797802090645
0.0024223963264375925
0.015803925693035126
0.008049027994275093
0.020356306806206703
0.02913379669189453
0.024389347061514854
0.019568845629692078
0.00967262964695692
0.017964929342269897
0.004992475733160973
0.005712892860174179
0.012583008036017418
0.008731957525014877
0.012240194715559483
0.0029632344376295805
0.00308269658125937
0.016054503619670868
0.03144850209355354
0.012429890222847462
0.003164958907291293
0.0030090000946074724
0.0082612419500947
0.0013516126200556755
0.028890401124954224
0.0022679457906633615
0.014929556287825108
0.005421430338174105
0.028540626168251038
0.01232055202126503
0.0007084172684699297
0.021702991798520088
0.01058751530945301
0.05413859710097313
0.050797056406736374
0.006037048529833555
0.02948678843677044
0.013057459145784378
0.026929808780550957
0.010706149972975254
0.027936305850744247
0.0022755011450499296
0.034742582589387894
0.004984414204955101
0.0044295755214989185
0.008686274290084839
0.031618114560842514
0.012660039588809013
0.014591683633625507
0.0013124431716278195
0.006343999411910772
0.04408413916826248
0.0038596196100115776
0.006199005525559187
0.009906972758471966
0.008815271779894829
0.004525044932961464
0.0026933536864817142
0.005014724563807249
0.004497361369431019
0.022906724363565445
0.0380573533475399
0.018389912322163582
0.011256912723183632
0.05537412315607071
0.03208689019083977
0.0025425408966839314
0.016964402049779892
0.005215915385633707
0.017713064327836037
0.016400828957557678
0.03645705804228783
0.01307263970375061
0.009245148859918118
0.009835842065513134
0.013416844420135021
0.005126862786710262
0.01530425064265728
0.007210161071270704
0.0021770810708403587
0.0010102061787620187
0.012118781916797161
0.014079774729907513
0.00883596669882536
0.024295564740896225
0.002188286976888776
0.0523921474814415
0.019381040707230568
0.009272790513932705
0.027994034811854362
0.008946937508881092
0.006096808239817619
0.0029464433901011944
0.002708972431719303
0.004981238394975662
0.011727162636816502
0.005620152223855257
0.0031193431932479143
0.0028910853434354067
0.0026611103676259518
0.015779515728354454
0.0067983572371304035
0.006692164111882448
0.01618729718029499
0.009715395048260689
0.0006688652210868895
0.0036523437593132257
0.019318023696541786
0.003251482266932726
0.0047548930160701275
0.023914694786071777
0.007900198921561241
0.01065713632851839
0.005639794748276472
0.031110698357224464
0.003453528042882681
0.023349042981863022
0.005741695407778025
0.01688716560602188
0.011822035536170006
0.05336745083332062
0.0032912392634898424
0.0024046830367296934
0.02296636998653412
0.007594566326588392
0.03681749105453491
0.006345486268401146
0.0024603665806353092
0.0029481383971869946
0.02656208537518978
0.03381118178367615
0.01875426061451435
0.002860299777239561
0.008579687215387821
0.015795141458511353
0.033502787351608276
0.017176643013954163
0.0021055229008197784
0.0007049260311760008
0.017191357910633087
0.005051874555647373
0.001938404981046915
0.0028335009701550007
0.010657877661287785
0.009086621925234795
0.0026659886352717876
0.006938539445400238
0.010767873376607895
0.019362391903996468
0.06492763012647629
0.0018823898863047361
0.005236580036580563
0.07246864587068558
0.02602193132042885
0.00927763245999813
0.004817550536245108
0.024174602702260017
0.0037956340238451958
0.01997935213148594
0.022372744977474213
0.003477750811725855
0.012970455922186375
0.03276214376091957
0.004958823323249817
0.001398071413859725
0.002115954179316759
0.010375733487308025
0.013956966809928417
0.006302349269390106
0.006807470694184303
0.032307013869285583
0.00037264940328896046
0.006342577748000622
0.01749294623732567
0.019413616508245468
0.005216109566390514
0.00852943304926157
0.012422195635735989
0.007769164629280567
0.002498162444680929
0.02037811651825905
0.010720710270106792
0.006451944354921579
0.015521385706961155
0.05741700902581215
0.009744804352521896
0.01885550282895565
0.0008278089226223528
0.0031822076998651028
0.0063909064047038555
0.002535138977691531
0.000795211351942271
0.03642880171537399
0.01902412623167038
0.0037671560421586037
0.0010952978627756238
0.01798439212143421
0.0009654477471485734
0.015931393951177597
0.003557058749720454
0.003086978103965521
0.010751171037554741
0.032251570373773575
0.00979645550251007
0.006454517133533955
0.01979973167181015
0.0032424149103462696
0.008298203349113464
0.009171376936137676
0.014807859435677528
0.004022307228296995
0.008365618996322155
0.009686538949608803
0.006599674001336098
0.008932887576520443
0.08868387341499329
0.04766536504030228
0.021528713405132294
0.005518410354852676
0.0015982055338099599
0.006836393382400274
0.046834882348775864
0.005293551832437515
0.0007486902177333832
0.048688046634197235
0.001713006291538477
0.03056272119283676
0.002582137007266283
0.013181349262595177
0.002723513636738062
0.07149842381477356
0.005666612181812525
0.001398744760081172
0.004472546745091677
0.007969995960593224
0.013905205763876438
0.023040592670440674
0.0020677554421126842
0.01945733092725277
0.008786850608885288
0.008493976667523384
0.0010229020845144987
0.017963556572794914
0.010108022019267082
0.005527467466890812
0.02364046312868595
0.006123476196080446
0.005861649289727211
0.0054778759367764
0.001195758581161499
0.006172521971166134
0.002700278302654624
0.04543434455990791
0.0024834806099534035
0.024272853508591652
0.0024891041684895754
0.0015697925118729472
0.00565149262547493
0.008770025335252285
0.007171755190938711
0.012068882584571838
0.00025348912458866835
0.04406358301639557
0.009923924691975117
0.03488902002573013
0.03003120608627796
0.00980367325246334
0.005507858004420996
0.016982419416308403
0.008133172057569027
0.023741405457258224
0.021052414551377296
0.016760027036070824
0.003698288928717375
0.004369979724287987
0.0140081737190485
0.010378064587712288
0.009314874187111855
0.005902014207094908
0.00225323298946023
0.0025087124668061733
0.0017691883258521557
0.017660142853856087
0.0027488379273563623
0.005122861824929714
0.026685914024710655
0.002989528700709343
0.0048606558702886105
0.007339294068515301
0.01466661412268877
0.007788052782416344
0.018523070961236954
0.0036567975766956806
0.03637878596782684
0.0014619854046031833
0.004950292874127626
0.03139428421854973
0.003017051611095667
0.005942282732576132
0.002832649974152446
0.00038228987250477076
0.005240780301392078
0.015333862043917179
0.003586001228541136
0.03219069913029671
0.018599774688482285
0.063136525452137
0.00044987202272750437
0.013490421697497368
0.0054009766317903996
0.011127805337309837
0.016590949147939682
0.00524895777925849
0.00703485356643796
0.0017776001477614045
0.022626979276537895
0.0043214550241827965
0.00048774114111438394
0.004384915344417095
0.004159634467214346
0.006748751737177372
0.006993668153882027
0.022384367883205414
0.019471880048513412
0.002001897431910038
0.016168029978871346
0.004221645649522543
0.012550151906907558
0.009524456225335598
0.0044036260806024075
0.0006816095556132495
0.010448078624904156
0.016734708100557327
0.020121145993471146
0.014202169142663479
0.005489218980073929
0.03826513886451721
0.04043848067522049
0.04245913028717041
0.0055413576774299145
0.0035362024791538715
0.0028448677621781826
0.01755194552242756
0.002005781279876828
0.008628202602267265
0.005390051286667585
0.0056097437627613544
0.014019354246556759
0.005608805455267429
0.030258676037192345
0.021886972710490227
0.008557803928852081
0.0021967526990920305
0.007829689420759678
0.01981407217681408
0.002293705940246582
0.003088240744546056
0.03132821246981621
0.0016933706356212497
0.009059942327439785
0.0021921908482909203
0.009853207506239414
0.05498840659856796
0.017808279022574425
0.015997648239135742
0.015256552956998348
0.03912176564335823
0.02401740849018097
0.013917437754571438
0.03414512798190117
0.008015147410333157
0.0011668488150462508
0.010316094383597374
0.0009136202279478312
0.014024750329554081
0.0018337537767365575
0.008591830730438232
0.014441678300499916
0.007121354341506958
0.003012127475813031
0.001862267148680985
0.006015541031956673
0.02642710879445076
0.004518826957792044
0.006511877756565809
0.009463440626859665
0.002110617933794856
0.028270145878195763
0.018675055354833603
0.012759999372065067
0.014763306826353073
0.0024963151663541794
0.00985050667077303
0.01564263179898262
0.003587468061596155
0.035938382148742676
0.005600492935627699
0.012303010560572147
0.019927823916077614
0.005975065287202597
0.0443296916782856
0.0035493760369718075
0.0035964930430054665
0.0034595183096826077
0.012674719095230103
0.021587299183011055
0.0067986068315804005
0.026833094656467438
0.010296452790498734
0.001147185335867107
0.041032299399375916
0.02328227460384369
0.004411982838064432
0.0035939544904977083
0.01526095811277628
0.009643898345530033
0.00197057006880641
0.019337140023708344
0.0010330000659450889
0.015184178948402405
0.09472484141588211
0.008284788578748703
0.0016255484661087394
0.06174173206090927
0.01757775992155075
0.0009414068190380931
0.02219972014427185
0.013511068187654018
0.005031042266637087
0.03963000699877739
0.012595294043421745
0.05719112977385521
0.003539572237059474
0.0017656674608588219
0.001612857566215098
0.016395239159464836
0.015296746976673603
0.02299746684730053
0.0046094744466245174
0.012066097930073738
0.011933919042348862
0.030055388808250427
0.004341945983469486
0.001166755799204111
0.00531396409496665
0.02263023518025875
0.015407342463731766
0.03315487504005432
0.03279983997344971
0.017884884029626846
0.01671922393143177
0.02252109721302986
0.003492709482088685
0.022355783730745316
0.0012552224798128009
0.0057883355766534805
0.007880153134465218
0.01910431869328022
0.004852313548326492
0.07052676379680634
0.016885334625840187
0.0018555102869868279
0.025124158710241318
0.011904974468052387
0.01785149611532688
0.002362362341955304
0.012269159778952599
0.026757610961794853
0.004787384066730738
0.036162521690130234
0.0044313655234873295
0.022149721160531044
0.001635102671571076
0.005244589876383543
0.018583793193101883
0.004203149117529392
0.00325645599514246
0.02616227976977825
0.006150615867227316
0.004019590560346842
0.006518863141536713
0.06165323033928871
0.014527767896652222
0.005487665068358183
0.009136960841715336
0.012183223851025105
0.0101574482396245
0.00691832322627306
0.01700466498732567
0.004196560475975275
0.0015195010928437114
0.014568678103387356
0.0036510429345071316
0.0058519113808870316
0.01772158592939377
0.00928039476275444
0.009283751249313354
0.013203893788158894
0.0029299482703208923
0.053978849202394485
0.002358265221118927
0.0024160637985914946
0.008670751005411148
0.014390251599252224
0.0015214916784316301
0.007412367966026068
0.06639593094587326
0.0126564409583807
0.004616794642060995
