0.00927578192204237
0.023200292140245438
0.07998747378587723
0.021423464640975
0.009905025362968445
0.032011568546295166
0.011148866266012192
0.0046790349297225475
0.04422346130013466
0.03863783925771713
0.021732931956648827
0.023969899863004684
0.038227833807468414
0.004383719526231289
0.018231436610221863
0.03510328009724617
0.009094852022826672
0.024860190227627754
0.019759079441428185
0.0185505673289299
0.04066460207104683
0.022193726152181625
0.07470802962779999
0.005087519064545631
0.02686442993581295
0.0051852078177034855
0.013859559781849384
0.009629887528717518
0.052434042096138
0.006450265645980835
0.022121967747807503
0.02707768604159355
0.006767133716493845
0.01661529205739498
0.05010168254375458
0.0164866391569376
0.011073308996856213
0.008512521162629128
0.015365003608167171
0.013597230426967144
0.029182668775320053
0.019225362688302994
0.04306214302778244
0.01120073813945055
0.02352653630077839
0.008440014906227589
0.033178575336933136
0.021042093634605408
0.013129920698702335
0.013658669777214527
0.0015013995580375195
0.0038209620397537947
0.015314784832298756
0.06069592386484146
0.016132887452840805
0.03641781955957413
0.015804743394255638
0.03575947508215904
0.007688260171562433
0.013815978541970253
0.052939124405384064
0.0061818677932024
0.03341526538133621
0.007803461980074644
0.014331520535051823
0.01640322618186474
0.05236801877617836
0.009694142267107964
0.007636319845914841
0.06743621081113815
0.02254725806415081
0.01961340755224228
0.00851159542798996
0.012628462165594101
0.02422887086868286
0.024829184636473656
0.052717484533786774
0.062001220881938934
0.03745071962475777
0.005625017918646336
0.009497691877186298
0.014122181572020054
0.02624242939054966
0.009137358516454697
0.011544560082256794
0.007993809878826141
0.021984802559018135
0.008577430620789528
0.0081435302272439
0.012217016890645027
0.05965738371014595
0.028016189113259315
0.05592626333236694
0.03560005873441696
0.0075162057764828205
0.07901304960250854
0.006068530026823282
0.017945708706974983
0.03554660454392433
0.016272148117423058
0.03148696944117546
0.021459123119711876
0.03144185617566109
0.002885674126446247
0.006055857986211777
0.014132617972791195
0.030535299330949783
0.011776439845561981
0.0065256692469120026
0.056864868849515915
0.00837723445147276
0.013480069115757942
0.002014429774135351
0.05313144996762276
0.006090251728892326
0.013642080128192902
0.03622506931424141
0.020962858572602272
0.03336089476943016
0.009326883591711521
0.038690466433763504
0.04972707852721214
0.019641296938061714
0.014041521586477757
0.005409242119640112
0.02516215480864048
0.026015980169177055
0.01491195522248745
0.00777172576636076
0.022995416074991226
0.01387791521847248
0.04065593704581261
0.06202797591686249
0.013049354776740074
0.03148430958390236
0.014306527562439442
0.014600235968828201
0.04038403183221817
0.017419811338186264
0.020898612216114998
0.02299201861023903
0.015850745141506195
0.01003158837556839
0.0346868671476841
0.006536431610584259
0.015537425875663757
0.006767663173377514
0.03945210576057434
0.017666330561041832
0.06551480293273926
0.022216353565454483
0.008187290281057358
0.04905000329017639
0.0073204501532018185
0.022994540631771088
0.006838849280029535
0.01638615131378174
0.008026397787034512
0.038684964179992676
0.02327207662165165
0.011191390454769135
0.02495734766125679
0.023399755358695984
0.0507102869451046
0.0219839196652174
0.03844061866402626
0.013797173276543617
0.016116278246045113
0.014181099832057953
0.03514992818236351
0.021342378109693527
0.008772305212914944
0.04558205604553223
0.029065944254398346
0.07656567543745041
0.005846386309713125
0.01610923931002617
0.03414463996887207
0.016810409724712372
0.01542238611727953
0.020814212039113045
0.009379232302308083
0.02362065576016903
0.020109813660383224
0.020145345479249954
0.006242513190954924
0.018541645258665085
0.0055429064668715
0.03262144699692726
0.009694719687104225
0.026060687378048897
0.033795855939388275
0.004998112563043833
0.01091969758272171
0.024525277316570282
0.04075036942958832
0.0238398015499115
0.01261697243899107
0.008324452675879002
0.02178836055099964
0.005749651230871677
0.020479893311858177
0.03450998663902283
0.03308996185660362
0.08336067944765091
0.04336807131767273
0.03503064438700676
0.06349191814661026
0.013437014073133469
0.04456644505262375
0.006167483050376177
0.039722688496112823
0.025211581960320473
0.010370604693889618
0.047347232699394226
0.016171256080269814
0.04144572094082832
0.030604630708694458
0.011474419385194778
0.033204127103090286
0.008911032229661942
0.01192115992307663
0.013363073579967022
0.015263442881405354
0.008304803632199764
0.029519321396946907
0.00948968343436718
0.03412072733044624
0.011547001078724861
0.008067292161285877
0.012426161207258701
0.024078693240880966
0.02543780952692032
0.011716573499143124
0.0458175390958786
0.020219003781676292
0.02408919483423233
0.021279508247971535
0.047644972801208496
0.02503465861082077
0.005215860903263092
0.05492275208234787
0.00835946761071682
0.004160962533205748
0.050560321658849716
0.021333688870072365
0.013923531398177147
0.006719631142914295
0.028959903866052628
0.017920110374689102
0.05643646419048309
0.07271036505699158
0.0603233240544796
0.007666710764169693
0.009299473837018013
0.006983336992561817
0.07722095400094986
0.017642894759774208
0.03041122853755951
0.04939332976937294
0.03954925015568733
0.07944442331790924
0.0038473131135106087
0.12155413627624512
0.01985871233046055
0.012521653436124325
0.020129628479480743
0.01793009415268898
0.024631546810269356
0.025147709995508194
0.02519998326897621
0.01769319921731949
0.016280848532915115
0.008994928561151028
0.011447548866271973
0.014527927152812481
0.018977679312229156
0.02232423610985279
0.11998062580823898
0.016167297959327698
0.03764563426375389
0.0040806555189192295
0.0020732476841658354
0.017637306824326515
0.0045325011014938354
0.037699103355407715
0.005521008279174566
0.05562080070376396
0.03450779244303703
0.038971904665231705
0.013771924190223217
0.006894033867865801
0.0027122204191982746
0.02696835808455944
0.039379291236400604
0.004147808533161879
0.03143851459026337
0.016536252573132515
0.11808792501688004
0.03543649613857269
0.07244078069925308
0.02030378021299839
0.038016658276319504
0.03779584914445877
0.009814022108912468
0.015060355886816978
0.024832813069224358
0.039819855242967606
0.0593041330575943
0.04454248398542404
0.05736730247735977
0.018031258136034012
0.045632317662239075
0.024596868082880974
0.004782196134328842
0.0308380126953125
0.0343763642013073
0.008145119063556194
0.026556357741355896
0.0032289130613207817
0.005037378519773483
0.01895086094737053
0.028483176603913307
0.015547743067145348
0.004976356867700815
0.03760619834065437
0.00451840041205287
0.023958785459399223
0.013488314114511013
0.006080846767872572
0.04164030775427818
0.03310425952076912
0.01626197248697281
0.00704909348860383
0.04069540649652481
0.032102953642606735
0.1364760398864746
0.044963739812374115
0.014084894210100174
0.019114365801215172
0.024698123335838318
0.017464879900217056
0.009265001863241196
0.009942297823727131
0.0436478815972805
0.04964998736977577
0.005981494672596455
0.04521112143993378
0.08424174785614014
0.04340369626879692
0.014589534141123295
0.032297588884830475
0.0022760529536753893
0.03681992366909981
0.058526232838630676
0.02948063239455223
0.0193517804145813
0.10007619857788086
0.01240542996674776
0.005411629099398851
0.012009797617793083
0.004741662181913853
0.004164388403296471
0.08588635921478271
0.018321216106414795
0.0361204519867897
0.08572722226381302
0.030364753678441048
0.03370838984847069
0.03464578092098236
0.028983224183321
0.019030194729566574
0.007402875926345587
0.023921823129057884
0.0052599539048969746
0.03263629972934723
0.009627001360058784
0.004605977330356836
0.03376389294862747
0.01014174148440361
0.03524219989776611
0.012593070045113564
0.012926217168569565
0.02368970774114132
0.0196318831294775
0.02052370272576809
0.06459599733352661
0.008383833803236485
0.02464439906179905
0.020505741238594055
0.015071636997163296
0.007201420143246651
0.013536217622458935
0.01781388558447361
0.04340752586722374
0.07874996215105057
0.04073738306760788
0.018720656633377075
0.009905841201543808
0.01897371932864189
0.016177602112293243
0.00891728326678276
0.03552556037902832
0.018276622518897057
0.06168314442038536
0.01294395886361599
0.028796624392271042
0.025556612759828568
0.009020527824759483
0.007963989861309528
0.0085470424965024
0.02433360554277897
0.04024004191160202
0.06333383917808533
0.016158245503902435
0.024282850325107574
0.046862635761499405
0.011902841739356518
0.026003530248999596
0.02125874161720276
0.012262186035513878
0.029289210215210915
0.010899197310209274
0.009785990230739117
0.006809521000832319
0.0581216923892498
0.00385434553027153
0.016292406246066093
0.03818688914179802
0.009328233078122139
0.01017955131828785
0.020186839625239372
0.01187584176659584
0.010797438211739063
0.022621100768446922
0.007457461673766375
0.00613563833758235
0.011582447215914726
0.07077163457870483
0.005234824493527412
0.008000589907169342
0.016292380169034004
0.0784045085310936
0.007100856397300959
0.0045659770257771015
0.002585428534075618
0.014910796657204628
0.003116066800430417
0.005182435270398855
0.06180990859866142
0.0053376429714262486
0.05951078608632088
0.013201633468270302
0.017800699919462204
0.011154741048812866
0.08982031047344208
0.11671305447816849
0.04170180857181549
0.007617891766130924
0.039866507053375244
0.0326199010014534
0.010868801735341549
0.013134810142219067
0.0060869683511555195
0.01870749704539776
0.04851185157895088
0.049688298255205154
0.006932789459824562
0.021442247554659843
0.015039302408695221
0.0030342917889356613
0.010765126906335354
0.03333776071667671
0.016174791380763054
0.013353533111512661
0.04078686609864235
0.010756263509392738
0.017451701685786247
0.030129924416542053
0.04395477846264839
0.012134958989918232
0.0037302025593817234
0.031124774366617203
0.02761308290064335
0.01386943832039833
0.0043730055913329124
0.03838318958878517
0.018259817734360695
0.04363015294075012
0.007236872799694538
0.010522735305130482
0.025250215083360672
0.020124832168221474
0.0295063816010952
0.017841797322034836
0.018987277522683144
0.018834056332707405
0.03725021705031395
0.012755140662193298
0.05831756815314293
0.03151870146393776
0.014663762412965298
0.030537746846675873
0.03149436041712761
0.01771107316017151
0.00692919734865427
0.019353806972503662
0.00994117371737957
0.0036521190777420998
0.029901521280407906
0.04069909080862999
0.04159729927778244
0.06806619465351105
0.005845303647220135
0.010358843952417374
0.023631660267710686
0.023022988811135292
0.0036254969891160727
0.06531403213739395
0.04987621679902077
0.02783622406423092
0.011295207776129246
0.03477735444903374
0.03154155984520912
0.005856782663613558
0.003698568558320403
0.044440995901823044
0.018869549036026
0.01919194869697094
0.035964351147413254
0.02033054083585739
0.029042571783065796
0.009420006535947323
0.004327662289142609
0.024378767237067223
0.013815607875585556
0.0031019265297800303
0.04287061467766762
0.005015136208385229
0.015208265744149685
0.046300165355205536
0.004893163219094276
0.020147671923041344
0.016918959096074104
0.019061092287302017
0.01443724799901247
0.022147050127387047
0.08739600330591202
0.025126812979578972
0.020443681627511978
0.03285565227270126
0.012538163922727108
0.01648322306573391
0.053788922727108
0.013178836554288864
0.006878196727484465
0.008018012158572674
0.023709313943982124
0.010130523703992367
0.015537465922534466
0.01020866446197033
0.038947537541389465
0.028813418000936508
0.013053996488451958
0.02300015278160572
0.01392593514174223
0.05473943054676056
0.0037938125897198915
0.04921608045697212
0.04796190187335014
0.031227104365825653
0.10065868496894836
0.019733775407075882
0.00945308804512024
0.06991056352853775
0.018943658098578453
0.012250121682882309
0.08541323989629745
0.010178502649068832
0.054130107164382935
0.036073166877031326
0.04371407628059387
0.04778033494949341
0.007553145755082369
0.04408201202750206
0.044975645840168
0.018032031133770943
0.009331440553069115
0.005715935956686735
0.011992775835096836
0.06833411753177643
0.01853829436004162
0.005245998967438936
0.022917384281754494
0.009045708924531937
0.014418808743357658
0.01232155691832304
0.007640519179403782
0.0032984314020723104
0.00840805284678936
0.056415971368551254
0.036022696644067764
0.029141755774617195
0.020265653729438782
0.029843829572200775
0.01327005960047245
0.01067466102540493
0.03507997840642929
0.013758836314082146
0.044440753757953644
0.026913300156593323
0.009345375932753086
0.03395934775471687
0.03633026033639908
0.06387544423341751
0.011263341642916203
0.015188810415565968
0.05695957690477371
0.016389518976211548
0.02579621411859989
0.006502113305032253
0.026592178270220757
0.01607758179306984
0.0543496236205101
0.009403424337506294
0.009805867448449135
0.03974112123250961
0.012731584720313549
0.03208813816308975
0.04086130112409592
0.018687091767787933
0.005229184404015541
0.007442193571478128
0.0071052322164177895
0.012063301168382168
0.021415207535028458
0.07153260707855225
0.0038658645935356617
0.004117677453905344
0.04070139303803444
0.01443009078502655
0.0264002475887537
0.021024206653237343
0.03225884214043617
0.006158406846225262
0.0038549653254449368
0.03475705534219742
0.03577717766165733
0.05034260079264641
0.0024116046261042356
0.007187718525528908
0.06348679214715958
0.015124762430787086
0.02260851487517357
0.032178837805986404
0.06820665299892426
0.011633111163973808
0.056651998311281204
0.02145283669233322
0.008779474534094334
0.039559587836265564
0.017189763486385345
0.010563632473349571
0.04073600471019745
0.012959134764969349
0.031671278178691864
0.012984293513000011
0.012162527069449425
0.03750571981072426
0.011039146222174168
0.06533489376306534
0.02311248518526554
0.06800878793001175
0.018259603530168533
0.08347748965024948
0.05622554197907448
0.055735111236572266
0.05061519145965576
0.010764049366116524
0.011578434146940708
0.052285272628068924
0.02286730706691742
0.06976059079170227
0.06038372591137886
0.005217886529862881
0.04607987031340599
0.03335781767964363
0.05703418701887131
0.08873347193002701
0.048680827021598816
0.010829616338014603
0.015601654537022114
0.015658529475331306
0.02573995850980282
0.04568365961313248
0.00664676446467638
0.031089473515748978
0.056132711470127106
0.026821158826351166
0.008392500691115856
0.027989834547042847
0.04451305419206619
0.020236123353242874
0.06264209002256393
0.02064754068851471
0.02039581723511219
0.03092831000685692
0.02709392085671425
0.011875194497406483
0.013225040398538113
0.011363213881850243
0.037401437759399414
0.016674550250172615
0.013395214453339577
0.038645192980766296
0.023150751367211342
0.037625521421432495
0.033362481743097305
0.058489277958869934
0.03550952672958374
0.022561045363545418
0.01263947132974863
0.021709775552153587
0.02084384113550186
0.04761992022395134
0.022298472002148628
0.011259878054261208
0.01279694028198719
0.027024120092391968
0.04324783384799957
0.0615524984896183
0.0214367862790823
0.019251786172389984
0.009554900228977203
0.0291769839823246
0.029079385101795197
0.004600645042955875
0.006649080663919449
0.05539951100945473
0.012993446551263332
0.048452090471982956
0.022461023181676865
0.013304958119988441
0.0365687720477581
0.009462154470384121
0.010451992973685265
0.06537675112485886
0.0033947648480534554
0.012175518088042736
0.009778655134141445
0.008935169316828251
0.03453538194298744
0.04823300614953041
0.10994084924459457
0.020614827051758766
0.003882176475599408
0.006076150573790073
0.04256097599864006
0.034936100244522095
0.025925246998667717
0.048923466354608536
0.010312139987945557
0.010061697103083134
0.03410373255610466
0.0029110873583704233
0.03254612907767296
0.00267872610129416
0.008447008207440376
0.050788745284080505
0.0062921494245529175
0.03711635619401932
0.013806212693452835
0.024419529363512993
0.04178832843899727
0.010446402244269848
0.020922159776091576
0.02230931632220745
0.033463530242443085
0.06053786352276802
0.018549596890807152
0.029434187337756157
0.01689867302775383
0.04540415480732918
0.05652846768498421
0.012606448493897915
0.06908630579710007
0.007617630530148745
0.03074049949645996
0.01762254536151886
0.022417685016989708
0.0023849892895668745
0.008937986567616463
0.047420427203178406
0.014612036757171154
0.03106420487165451
0.04080028459429741
0.009485318325459957
0.009768988005816936
0.038763970136642456
0.028378043323755264
0.042438749223947525
0.0038387251552194357
0.018330411985516548
0.01585272327065468
0.06616980582475662
0.020400086417794228
0.021883608773350716
0.022136084735393524
0.04000191017985344
0.007924710400402546
0.03530194237828255
0.023299913853406906
0.04819074273109436
0.03164302557706833
0.015352284535765648
0.007656478323042393
0.006032370496541262
0.012256196700036526
0.017851252108812332
0.02874821610748768
0.05066434293985367
0.013692646287381649
0.011152250692248344
0.08122533559799194
0.01953088864684105
0.05372743308544159
0.020942233502864838
0.041764937341213226
0.0387369729578495
0.03175771236419678
0.02427443489432335
0.018817080184817314
0.014757722616195679
0.008486567996442318
0.024846572428941727
0.022144848480820656
0.01984507590532303
0.01311956811696291
0.008022410795092583
0.0020089095924049616
0.053287118673324585
0.01077157724648714
0.003548489650711417
0.004744587000459433
0.03611592575907707
0.009723711758852005
0.039790939539670944
0.04991331696510315
0.044222038239240646
0.02861160971224308
0.00848079752177
0.030721748247742653
0.009009119123220444
0.017434772104024887
0.007770089898258448
0.011140911839902401
0.00779746612533927
0.05021832883358002
0.0395788736641407
0.01511883269995451
0.05437536910176277
0.03608496114611626
0.005209866911172867
0.007313809357583523
0.027604978531599045
0.010677454061806202
0.03395425155758858
0.036658912897109985
0.0049436562694609165
0.018420694395899773
0.029596764594316483
0.007892297580838203
0.02533211000263691
0.0024214722216129303
0.003019191324710846
0.014621801674365997
0.022458286955952644
0.02024216391146183
0.024292293936014175
0.010793520137667656
0.026152655482292175
0.017566781491041183
0.01871461607515812
0.02770136669278145
0.023224012926220894
0.008025200106203556
0.027423512190580368
0.03524794057011604
0.06769482046365738
0.005322340875864029
0.01785270683467388
0.0009494510013610125
0.012192976661026478
0.00754806911572814
0.0019345455802977085
0.013020898215472698
0.03550590202212334
0.0176431555300951
0.02519252896308899
0.022980527952313423
0.022554531693458557
0.01198660396039486
0.026013970375061035
0.03397788479924202
0.015898317098617554
0.005193739198148251
0.017885543406009674
0.013676479458808899
0.010417408309876919
0.04627237468957901
0.011058170348405838
0.0030652035493403673
0.011627165600657463
0.03961770609021187
0.07056909799575806
0.018847983330488205
0.015099027194082737
0.014162556268274784
0.006749776192009449
0.005392271094024181
0.005603129975497723
0.008060925640165806
0.028613820672035217
0.04125196859240532
0.0357382632791996
0.061852388083934784
0.014446962624788284
0.0026703570038080215
0.0023811657447367907
0.03302833065390587
0.004408922977745533
0.00778880575671792
0.013374688103795052
0.005050191655755043
0.0398893766105175
0.011794530786573887
0.05551307275891304
0.01777113601565361
0.043033942580223083
0.02174888737499714
0.019493114203214645
0.013293988071382046
0.012882204726338387
0.022389065474271774
0.012777949683368206
0.023653415963053703
0.027684425935149193
0.019455548375844955
0.001933415187522769
0.11565794050693512
0.038404300808906555
0.021544819697737694
0.022875111550092697
0.006795065943151712
0.006946056615561247
0.023993581533432007
0.018106790259480476
0.03640370815992355
0.01033913902938366
0.011765481904149055
0.007711116690188646
0.00606950931251049
0.03459707647562027
0.004723515827208757
0.002963012084364891
0.015237843617796898
0.021333103999495506
0.0338454395532608
0.004343539010733366
0.02339821681380272
0.03727830573916435
0.046852078288793564
0.026969043537974358
0.06345653533935547
0.027715198695659637
0.01648656092584133
0.04231904447078705
0.0038348406087607145
0.047270115464925766
0.04701946675777435
0.005146482493728399
0.015014102682471275
0.036099303513765335
0.007337111979722977
0.006608019582927227
0.02190144918859005
0.004135257098823786
0.017148064449429512
0.07834406942129135
0.027781791985034943
0.010119068436324596
0.048370361328125
0.04923567175865173
0.01847776770591736
0.01770009845495224
0.005496888421475887
0.030699871480464935
0.003077235771343112
0.0032147287856787443
0.02387225441634655
0.008353707380592823
0.023933524265885353
0.014522473327815533
0.011966269463300705
0.010583451949059963
0.013223527930676937
0.028965340927243233
0.008643170818686485
0.006362109445035458
0.01857510581612587
0.0032994102220982313
0.00948124285787344
0.00286126253195107
0.006439231801778078
0.010409585200250149
0.01749357208609581
0.03280942142009735
0.02614150568842888
0.012034930288791656
0.0061486344784498215
0.021219825372099876
0.017830198630690575
0.0025768261402845383
0.042492691427469254
0.03311151638627052
0.04997511953115463
0.021718069911003113
0.01889648847281933
0.024333177134394646
0.010724819265305996
0.003821927821263671
0.013982481323182583
0.010570849291980267
0.004382878076285124
0.04800357297062874
0.009117142297327518
0.03804590180516243
0.05257367342710495
0.02324582077562809
0.012595650739967823
0.031742312014102936
0.005946089047938585
0.03375272452831268
0.032953087240457535
0.008806237019598484
0.0032375026494264603
0.009521974250674248
0.027059314772486687
0.021112466230988503
0.05737694725394249
0.009803072549402714
0.03880950063467026
0.02211577259004116
0.015984993427991867
0.036991268396377563
0.00918153952807188
0.027008704841136932
0.011997484602034092
0.02215181104838848
0.030766399577260017
0.05549144372344017
0.04443013295531273
0.032525599002838135
0.02919568307697773
0.005002245306968689
0.029750676825642586
0.003534902585670352
0.032088737934827805
0.03477470949292183
0.0012000297429040074
0.012832369655370712
0.018676359206438065
0.023669183254241943
0.05772639438509941
0.03742598369717598
0.006100022699683905
0.04982214793562889
0.011948146857321262
0.022063812240958214
0.05719901993870735
0.04686533659696579
0.06261026114225388
0.04238459840416908
0.0038152807392179966
0.023423608392477036
0.07439225912094116
0.06697162985801697
0.010098257102072239
0.01874358206987381
0.031280215829610825
0.021738678216934204
0.00846951361745596
0.009660170413553715
0.012574704363942146
0.003019662806764245
0.014263864606618881
0.05175759643316269
0.01557695772498846
0.035963889211416245
0.01285379659384489
0.012073272839188576
0.0818307176232338
0.047097526490688324
0.03974497690796852
0.0028410563245415688
0.02177884243428707
0.040511175990104675
0.02769588492810726
0.1125241219997406
0.017001409083604813
0.029701611027121544
0.09902377426624298
0.09099400043487549
0.009023542515933514
0.011284575797617435
0.09063971042633057
0.004423859063535929
0.02440553903579712
0.027387918904423714
0.016244415193796158
0.051240239292383194
0.012704679742455482
0.008014094084501266
0.018854938447475433
0.010372035205364227
0.040413979440927505
0.003999987151473761
0.004519544076174498
0.011288877576589584
0.00527748791500926
0.005675546824932098
0.007369456812739372
0.022848697379231453
0.0338236503303051
0.04211480915546417
0.00957014411687851
0.005272810813039541
0.02577122300863266
0.00654004467651248
0.025776604190468788
0.004526057746261358
0.0015566822839900851
0.04151703417301178
0.11182081699371338
0.015240935608744621
0.006389931309968233
0.030597588047385216
0.017084605991840363
0.006659917999058962
0.04137355834245682
0.03389619290828705
0.02529757283627987
0.05538424104452133
0.0037400745786726475
0.014116873033344746
0.01002400740981102
0.014226328581571579
0.018382634967565536
0.025534724816679955
0.027198150753974915
0.03411594778299332
0.010861440561711788
0.006961661856621504
0.020846139639616013
0.00939156673848629
0.005925406701862812
0.035208191722631454
0.009245172142982483
0.030238796025514603
0.002899602521210909
0.03566607087850571
0.0072961170226335526
0.012452325783669949
0.001797272590920329
0.029158644378185272
0.0018627510871738195
0.015359303914010525
0.014047043398022652
0.01950644887983799
0.06498358398675919
0.00490595493465662
0.07750517129898071
0.026608264073729515
0.04231587424874306
0.0576699897646904
0.022351523861289024
0.01469491422176361
0.011699838563799858
0.014241247437894344
0.007098309695720673
0.01899425871670246
0.058890655636787415
0.03045252338051796
0.01636127196252346
0.03163539990782738
0.009914183989167213
0.015234281308948994
0.01710052415728569
0.06450406461954117
0.010132127441465855
0.02125611901283264
0.007203603629022837
0.008782894350588322
0.05907106027007103
0.027589352801442146
0.02738717943429947
0.022488154470920563
0.009854019619524479
0.03750556334853172
0.025807220488786697
0.018748505041003227
0.02442508190870285
0.015088371001183987
0.022103987634181976
0.021899618208408356
0.013400508090853691
0.020663592964410782
0.005118110682815313
0.04241970181465149
0.01064718421548605
0.0074133919551968575
0.0077486662194132805
0.008080572821199894
0.00926425401121378
0.004973106551915407
0.010264938697218895
0.012501643970608711
0.06442417949438095
0.027751538902521133
0.010548470541834831
0.0023262996692210436
0.01825214922428131
0.01492212899029255
0.005118816625326872
0.024554282426834106
0.007727139163762331
0.050026338547468185
0.032113149762153625
0.03600763902068138
0.02295028604567051
0.01558060385286808
0.029810015112161636
0.030749360099434853
0.02462545596063137
0.013286520726978779
0.0920514464378357
0.03725903108716011
0.015657279640436172
0.00714127067476511
0.00418191310018301
0.021823842078447342
0.005479737184941769
0.07998339831829071
0.013667073100805283
0.03719177097082138
0.01658784970641136
0.004793566185981035
0.002644929336383939
0.024279138073325157
0.0417557992041111
0.003022128017619252
0.026823505759239197
0.009671561419963837
0.029944129288196564
0.048501502722501755
0.014496227726340294
0.01670418120920658
0.03667198494076729
0.03287964686751366
0.034554142504930496
0.008798162452876568
0.07681648433208466
0.008814902976155281
0.028261486440896988
0.0025957459583878517
0.015381582081317902
0.014329629950225353
0.0069005051627755165
0.020578140392899513
0.008753259666264057
0.018919367343187332
0.05727001652121544
0.04107087105512619
0.04277805611491203
0.019889535382390022
0.0042938669212162495
0.056299593299627304
0.005370631348341703
0.008914968930184841
0.016893908381462097
0.016354119405150414
0.02480939030647278
0.008314329199492931
0.020722733810544014
0.01534433662891388
0.014683349058032036
0.05303982272744179
0.027458809316158295
0.01900249347090721
0.022903429344296455
0.05785926803946495
0.038739390671253204
0.018808456137776375
0.003115743165835738
0.0416363961994648
0.0034104795195162296
0.006219101138412952
0.0037694117054343224
0.040520861744880676
0.02495616115629673
0.010701343417167664
0.05319686979055405
0.006689816247671843
0.024290066212415695
0.005825476720929146
0.00043503844062797725
0.015430769883096218
0.04699273034930229
0.009434860199689865
0.0006088460795581341
