0.00009721493552206084
0.008900300599634647
0.019882645457983017
0.0002438249357510358
0.00013294044765643775
0.0008429132867604494
0.0007174976053647697
0.0003577242896426469
0.00005510112168849446
0.0018079456640407443
0.0066718147136271
0.0007457067258656025
0.03741249069571495
0.00010075195314129815
0.00856394600123167
0.004385915119200945
0.015399525873363018
0.000039469505281886086
0.002340399194508791
0.000126016340800561
0.0005056948866695166
0.011583426035940647
0.00023401807993650436
0.00019052303105127066
0.003442539134994149
0.014885468408465385
0.00008677860023453832
0.009552803821861744
0.00192160508595407
0.0005330589483492076
0.02520592510700226
0.004088767804205418
0.0027186498045921326
0.00017282221233472228
0.0005397381028160453
0.00010034183651441708
0.020094329491257668
0.024835223332047462
0.0005401017842814326
0.002514852676540613
0.0005019627278670669
0.0003217044868506491
0.00014028036093804985
0.00007311265653697774
0.0009520320454612374
0.0010564642725512385
0.0008062635315582156
0.0002302563370903954
0.0022081867791712284
0.01820533350110054
0.00010501114593353122
0.00017884711269289255
0.0012984921922907233
0.0014591722283512354
0.00007551159797003493
0.00030837918166071177
0.00221647834405303
0.0006686340202577412
0.0003963615745306015
0.012494047172367573
0.0010296197142452002
0.00008580358553444967
0.000799733039457351
0.0020022415556013584
0.0019554488826543093
0.00258643995039165
0.0013322514714673162
0.005898625589907169
0.00031790806679055095
0.005782424937933683
0.00006583415233762935
0.0001413882419001311
0.011620513163506985
0.00015547123621217906
0.0030495321843773127
0.001210031216032803
0.011086056008934975
0.0003072401159442961
0.0009101020987145603
0.000600383267737925
0.0035108227748423815
0.00005795609104097821
0.001018430688418448
0.015142261050641537
0.00012079297448508441
0.005541121121495962
0.0002967946929857135
0.00004848672324442305
0.004371023271232843
0.0006747551378794014
0.02867293544113636
0.000017777381799533032
0.0018070454243570566
0.0000882914537214674
0.0027798237279057503
0.0001488750713178888
0.0003111987025476992
0.0006877990672364831
0.01757107302546501
0.001565957791171968
0.015510289929807186
0.00011274010466877371
0.0005945967277511954
0.00036224318319000304
0.0011338117765262723
0.013448444195091724
0.05277138203382492
0.025083618238568306
0.006819066125899553
0.000737639726139605
0.00349480751901865
0.012265407480299473
0.00042499028495512903
0.00012318245717324317
0.005577856674790382
0.013752524740993977
0.011891961097717285
0.0007051776628941298
0.019258739426732063
0.0012633135775104165
0.00016443419735878706
0.00007270762580446899
0.00016294358647428453
0.001837797462940216
0.002044401131570339
0.033656150102615356
0.00037203956162557006
0.0008413298637606204
0.0003831043723039329
0.00006706606654915959
0.0013970425352454185
0.008957408368587494
0.001678841421380639
0.030896909534931183
0.02083316072821617
0.029040809720754623
0.003128447337076068
0.0008952574571594596
0.0016658725216984749
0.0001831430126912892
0.010145069099962711
0.0040731281042099
0.00098811078350991
0.009159456007182598
0.0009125825017690659
0.010262157768011093
0.0003130198165308684
0.0006406271713785827
0.000022056105080991983
0.0026721255853772163
0.0002121878060279414
0.0001014113295241259
0.001359823509119451
0.024954399093985558
0.001759426319040358
0.0036284970119595528
0.0005089123733341694
0.027658164501190186
0.006671760696917772
0.01445775106549263
0.00020192367082927376
0.00024339676019735634
0.0011934571666643023
0.00044239970156922936
0.0044327606447041035
0.00017722140182740986
0.0002378719364060089
0.0003254007897339761
0.03392023220658302
0.001532617025077343
0.001036423840560019
0.0021600513719022274
0.0022888691164553165
0.007515809498727322
0.00028754925006069243
0.00827224925160408
0.0029805609956383705
0.0018035480752587318
0.004537149798125029
0.037068333476781845
0.0001485583488829434
0.02477167174220085
0.0000650641304673627
0.002288639545440674
0.0038440448697656393
0.00017667320207692683
0.0026695956476032734
0.001123499358072877
0.0004789504164364189
0.0009708420839160681
0.00014580263814423233
0.002000577049329877
0.0004439162148628384
0.0006423253216780722
0.00009357531962450594
0.011547264643013477
0.000051218128646723926
0.00047275080578401685
0.019794132560491562
0.0010992279276251793
0.0002523040457163006
0.00048165753833018243
0.04280499741435051
0.00013474331353791058
0.0001264074962818995
0.00005522936407942325
0.0009070385713130236
0.00001418733245373005
0.00302082858979702
0.000339853810146451
0.004749790765345097
0.0010191415203735232
0.0007493873708881438
0.00012003669689875096
0.003719052765518427
0.0001817334705265239
0.00004099573561688885
0.00009402308205608279
0.0012471487279981375
0.0015085062477737665
0.0034377716947346926
0.00009888391650747508
0.0002163553290301934
0.003170840907841921
0.05066661909222603
0.000043243511754553765
0.0009509514784440398
0.0004734162939712405
0.00005374120155465789
0.00588134303689003
0.0006881955778226256
0.0020515264477580786
0.0021867139730602503
0.00010338274296373129
0.0005212536780163646
0.00018430854834150523
0.0003020230506081134
0.0002377457421971485
0.0012142767664045095
0.00003792130155488849
0.00012242066441103816
0.00016124293324537575
0.00007526019908254966
0.00022802455350756645
0.013569306582212448
0.002517982153221965
0.004258123226463795
0.010103198699653149
0.027769742533564568
0.013983350247144699
0.00004271596480975859
0.001182503649033606
0.0001731817756081
0.003177825827151537
0.0005396362394094467
0.0006780516123399138
0.013297289609909058
0.006030271295458078
0.0029180315323174
0.026282640174031258
0.012855298817157745
0.000998860807158053
0.0055153630673885345
0.0022739560808986425
0.0037048531230539083
0.002372304443269968
0.0016444554785266519
0.014644363895058632
0.003966316115111113
0.0030899732373654842
0.00857662782073021
0.0001648018806008622
0.00006227360427146778
0.0018863283330574632
0.0007251886418089271
0.005728754680603743
0.004691711626946926
0.010415312834084034
0.00020778985344804823
0.000023066271751304157
0.0018344613490626216
0.0006107686785981059
0.00013296132965479046
0.0013931546127423644
0.01680617593228817
0.00011685064237099141
0.0000962866106419824
0.006408090237528086
0.0008050902979448438
0.00031807032064534724
0.0002743900695350021
0.0006912313401699066
0.00011479073145892471
0.004176301881670952
0.00001802176484488882
0.00023022362438496202
0.0002386332635069266
0.00009563551429891959
0.0018685165559872985
0.000028292566639720462
0.000029280590752023272
0.0006119062891229987
0.002595578320324421
0.00002842069443431683
0.000018427568647894077
0.03198450058698654
0.0010553494794294238
0.00008906893344828859
0.004944476764649153
0.00016767207125667483
0.0048329490236938
0.00001998118568735663
0.001728262985125184
0.0010345140472054482
0.000014559907867806032
0.0072029666043818
0.000146815727930516
0.00007260363781824708
0.000002569836397015024
0.00488668167963624
0.0018689259886741638
0.02756829373538494
0.04396824911236763
0.00015569577226415277
0.00036402710247784853
0.001965891569852829
0.0006018419517204165
0.00009355316433357075
0.033817265182733536
0.00013290888455230743
0.00013794306141790003
0.0060728187672793865
0.00005498061000253074
0.01187502034008503
0.0004940862418152392
0.00015599580365233123
0.01817396655678749
0.0016475796001031995
0.0026783738285303116
0.00027392475749365985
0.00013153781765140593
0.005617603659629822
0.0005798037745989859
0.00008154143870342523
0.0017866005655378103
0.00029965853900648654
0.0005096141248941422
0.0009462528396397829
0.0003752084157895297
0.0003314417554065585
0.0009407930774614215
0.005842619575560093
0.006599901244044304
0.0009839229751378298
0.012924066744744778
0.00023855202016420662
0.01017333660274744
0.0001480399805586785
0.003784999018535018
0.0011762650683522224
0.009374955669045448
0.0002694614522624761
0.0003830695350188762
0.0004026755050290376
0.0003815203672274947
0.0001404481881763786
0.006984945386648178
0.000303165172226727
0.0006212969310581684
0.00023801453062333167
0.0004382568586152047
0.008811832405626774
0.008889228105545044
0.006043888628482819
0.00007039562478894368
0.0022613410837948322
0.000009659708666731603
0.00005436687933979556
0.00014024348638486117
0.0011275220895186067
0.0009169438853859901
0.0003913554537575692
0.000059568392316577956
0.00003416040999582037
0.0015133402775973082
0.01325394306331873
0.014796361327171326
0.0009745709248818457
0.0002044481225311756
0.0020421354565769434
0.0018230009591206908
0.000009554475582262967
0.001843588543124497
0.00008137250551953912
0.00024134015257004648
0.0001916996989166364
0.0003843465237878263
0.00016949002747423947
0.000024184711946872994
0.0010685152374207973
0.00015470664948225021
0.00028654898051172495
0.0010915384627878666
0.00019432046974543482
0.008480978198349476
0.010261663235723972
0.00027827979647554457
0.0002762791409622878
0.00028470868710428476
0.01657395251095295
0.00003570488843251951
0.00038268338539637625
0.0016025713412091136
0.000014884488336974755
0.00037018844159319997
0.00007730263314442709
0.00015767708828207105
0.000930777401663363
0.000023754841095069423
0.00003888409264618531
0.0008808450074866414
0.00024551042588427663
0.000052186540415277705
0.00021192496933508664
0.006158095318824053
0.0005300906486809254
0.00007097412162693217
0.0009194613667204976
0.0005406953860074282
0.000013040833437116817
0.00018297357019037008
0.01598253846168518
0.012137411162257195
0.0018171060364693403
0.000012340050489001442
0.00014025060227140784
0.0000033798239655880025
0.00039366589044220746
0.011783207766711712
0.0013405188219621778
0.015521196648478508
0.002366034546867013
0.0016915169544517994
0.00043597095645964146
0.0033214204013347626
0.000052057133871130645
0.0003022676974069327
0.00011538530088728294
0.00020854486501775682
0.00016241926641669124
0.002096777083352208
0.00009896527626551688
0.000047372508561238647
0.002196938032284379
0.0006561279296875
0.00201876531355083
0.0010357486316934228
0.0010458924807608128
0.00011264246131759137
0.0019517153268679976
0.0006073059630580246
0.046389397233724594
0.0005801806109957397
0.00011059367534471676
0.001007715705782175
0.0014177258126437664
0.004297785460948944
0.004269254859536886
0.00035964304697699845
0.0009252419695258141
0.002192070009186864
0.0021952141541987658
0.0029065560083836317
0.000019904975488316268
0.000692456669639796
0.001614247914403677
0.0002188493963330984
0.002303855028003454
0.000036220415495336056
0.000028582377126440406
0.00003744478817679919
0.00012590232654474676
0.00021237763576209545
0.00015738130605313927
0.00010874892905121669
0.000027849848265759647
0.0020597968250513077
0.0023424813989549875
0.000052904382755514234
0.00005146878902451135
0.00018840983102563769
0.00035461277002468705
0.0003762932028621435
0.0006396594108082354
0.00001537604839541018
0.00010720174032030627
0.00006401260907296091
0.0011622519232332706
0.00010710178321460262
0.0009518418810330331
0.014548429287970066
0.0002501116832718253
0.000043075877329101786
0.0037060221657156944
0.000411174725741148
0.014296618290245533
0.001699130516499281
0.006252018269151449
0.0000422616139985621
0.005361790768802166
0.0002962196886073798
0.0007308242493309081
0.00012961761967744678
0.013250166550278664
0.021109947934746742
0.0014045280404388905
0.0008795945323072374
0.00037126222741790116
0.0033383879344910383
0.00017161913274321705
0.009205155074596405
0.0006362726562656462
0.0018105870112776756
0.00010212425695499405
0.0009493013494648039
0.000024610966647742316
0.000255683931754902
0.012881443835794926
0.003935432992875576
0.00662199966609478
0.000027292184313409962
0.006467357277870178
0.0018467472400516272
0.005390029866248369
0.00021063922031316906
0.035055432468652725
0.0008420129888691008
0.004084018990397453
0.001143565052188933
0.0001661389833316207
0.0000504694071423728
0.000502834445796907
0.00028447387740015984
0.008054078556597233
0.00008259019523393363
0.0017900802195072174
0.002524730283766985
0.0006682840175926685
0.0006057467544451356
0.00010700433631427586
0.0019173352047801018
0.03378629684448242
0.0021310383453965187
0.0019619774539023638
0.01132909394800663
0.003069336526095867
0.00004822573100682348
0.014305878430604935
0.000023647138732485473
0.010526775382459164
0.00017511739861220121
0.001339866779744625
0.000071408023359254
0.002774461405351758
0.03892745077610016
0.0005046846927143633
0.0026040079537779093
0.0013039234327152371
0.00014770767302252352
0.0006843069568276405
0.00888125691562891
0.000009997048437071498
0.000524770119227469
0.00035428398405201733
0.00003533816561684944
0.0006506149657070637
0.002083791419863701
0.00023266716743819416
0.00009675557521404698
0.00005189634975977242
0.02601470611989498
0.0003438456042204052
0.0009280798258259892
0.0000871511729201302
0.00006906660564709455
0.0001743140019243583
0.0014021695824339986
0.0006536691216751933
0.0018202161882072687
0.0008274594438262284
0.000731734384316951
0.00017870854935608804
0.0023097177036106586
0.00005583350866800174
0.00039649195969104767
0.001464889501221478
0.029285036027431488
0.004689061548560858
0.00007084236131049693
0.000949639652390033
0.02961607649922371
0.0021296513732522726
0.0002520916168577969
0.007323242258280516
0.030072245746850967
0.0007054820307530463
0.04293787479400635
0.00007216502126539126
0.00891145970672369
0.0004973709001205862
0.0034427696373313665
0.0004669447662308812
0.024065054953098297
0.0032180198468267918
0.004907756578177214
0.030010389164090157
0.00868933368474245
0.0005052309716120362
0.0005302563076838851
0.0013947924599051476
0.006577313411980867
0.00012624519877135754
0.008181284181773663
0.0005124339950270951
0.023188143968582153
0.0009000872960314155
0.0072662560269236565
0.0007483330555260181
0.000013659970136359334
0.0065397280268371105
0.00022460886975750327
0.000793560640886426
0.01435217633843422
0.0005953495856374502
0.00008312885620398447
0.0019736967515200377
0.005631336476653814
0.02911473996937275
0.0014984431909397244
0.0035300811287015676
0.00010120076331077144
0.005284453742206097
0.0177872683852911
0.000023293956473935395
0.00502436188980937
0.00029570350307039917
0.05117160081863403
0.0006806827732361853
0.010899788700044155
0.0003550325345713645
0.001447400194592774
0.0003025341429747641
0.014179098419845104
0.008440214209258556
0.008331839926540852
0.0057159955613315105
0.0005921359406784177
0.0004548626020550728
0.01670541800558567
0.04433007910847664
0.048138633370399475
0.0003864974423777312
0.016398854553699493
0.0126575268805027
0.006463115569204092
0.0004466756945475936
0.0003955810971092433
0.001740380423143506
0.0011268550297245383
0.00013289340131450444
0.00006559642497450113
0.0015367306768894196
0.00011218090367037803
0.003840869292616844
0.00009991142724175006
0.00024558205041103065
0.00006794697401346639
0.00016982498345896602
0.00022164342226460576
0.008777736686170101
0.0012235958129167557
0.007433887105435133
0.0004078029887750745
0.00020992651116102934
0.017956964671611786
0.00029036091291345656
0.0025728594046086073
0.0011484123533591628
0.05702225863933563
0.01681809313595295
0.01782497763633728
0.0002482837880961597
0.005272975191473961
0.0008632432436570525
0.0004223428259138018
0.0009153898572549224
0.00006081159881432541
0.00023754850553814322
0.009732881560921669
0.0009825347224250436
0.0029070929158478975
0.0008744375081732869
0.012936288490891457
0.0010993628529831767
0.0000861332518979907
0.003276425413787365
0.0011714805150404572
0.007944448851048946
0.02170732244849205
0.000843172543682158
0.0022850458044558764
0.026013625785708427
0.0037366244941949844
0.00030693228472955525
0.0011558131081983447
0.00022918022295925766
0.00040361718856729567
0.00004651831477531232
0.01708589307963848
0.00007148271834012121
0.00033295745379291475
0.03940601646900177
0.000027641528504318558
0.0006345874862745404
0.006472548469901085
0.007822136394679546
0.0023008647840470076
0.015964176505804062
0.00032738124718889594
0.0189189650118351
0.0004206298617646098
0.0008957890095189214
0.00019871813128702343
0.0006958571611903608
0.03534563258290291
0.0006991485133767128
0.002323033520951867
0.0003757334779947996
0.00024935114197432995
0.04189233481884003
0.000057791487051872537
0.00010597205982776359
0.036265917122364044
0.0003543740895111114
0.003036822658032179
0.007231383118778467
0.0000624505482846871
0.024389706552028656
0.00031292447238229215
0.0005336001049727201
0.002460823394358158
0.00010242002463201061
0.0034113081637769938
0.008342739194631577
0.0100195137783885
0.0010921400971710682
0.007921955548226833
0.0015083749312907457
0.006655676756054163
0.004433997441083193
0.0008085129084065557
0.006632824894040823
0.00018675379396881908
0.005767072085291147
0.0039998991414904594
0.000096406954980921
0.004994592629373074
0.0009915158152580261
0.018050028011202812
0.002369537716731429
0.00036700215423479676
0.000027015534215024672
0.0007735147373750806
0.002656547585502267
0.0006000123685225844
0.0024863658472895622
0.0002987499174196273
0.014575761742889881
0.003871471155434847
0.00036941474536433816
0.04521295055747032
0.00026410791906528175
0.00022973482555244118
0.0027812770567834377
0.0011692489497363567
0.00027324058464728296
0.0008480136748403311
0.009783159010112286
0.00014392560115084052
0.0005889366730116308
0.00029198627453297377
0.000029272450774442405
0.00847721192985773
0.00009284754924010485
0.00014431620365940034
0.0036425471771508455
0.000047233021177817136
0.00021398132957983762
0.00004297532723285258
0.007682031486183405
0.001141702407039702
0.0004308397474233061
0.0018910212675109506
0.000005820445039717015
0.0009618750773370266
0.0023152488283813
0.0003120694018434733
0.00021840655244886875
0.008302655071020126
0.00004516038461588323
0.02431170642375946
0.0007141258683986962
0.0002010246244026348
0.000021805419237352908
0.00005232431794865988
0.00019949158013332635
0.00025860712048597634
0.0048922207206487656
0.00017244105401914567
0.000041443756344961
0.0001352121907984838
0.0000310760697175283
0.00007214822835521773
0.006604813504964113
0.0005974426749162376
0.000054007450671633705
0.000018053520761895925
0.012852152809500694
0.00004923876986140385
0.00007505886605940759
0.003380406880751252
0.0013790964148938656
0.0001389582612318918
0.0011375182075425982
0.0010625725844874978
0.0021812645718455315
0.0000624234089627862
0.00008682083716848865
0.0011843862012028694
0.0003159019979648292
0.000174423519638367
0.0006702221580781043
0.0018653434235602617
0.00584059115499258
0.0029459726065397263
0.019958635792136192
0.000943847291637212
0.000595010060351342
0.0000224789710046025
0.034119296818971634
0.005736566614359617
0.0010913914302363992
0.00039389985613524914
0.00007356112473644316
0.0015400918200612068
0.0003268600848969072
0.012172124348580837
0.0002437803486827761
0.006657756399363279
0.00018770598398987204
0.000489968981128186
0.009429875761270523
0.00027135913842357695
0.00019550143042579293
0.00034833059180527925
0.0006355228833854198
0.0013349055079743266
0.000005595942184299929
0.0008890352328307927
0.0003527313529048115
0.00014173406816553324
0.00021742265380453318
0.009531463496387005
0.0003110511461272836
0.00016180594684556127
0.0007757617859169841
0.0002338973426958546
0.03035176359117031
0.0013549082214012742
0.0002203705080319196
0.0000403137928515207
0.00007221142004709691
0.00003217826451873407
0.0016922152135521173
0.00008306687959702685
0.00036822629044763744
0.00008506178710376844
0.0019672110211104155
0.0047510345466434956
0.005976731423288584
0.00003012747401953675
0.0193537138402462
0.050348199903964996
0.0005411254242062569
0.000054478488891618326
0.00016624592535663396
0.000962260935921222
0.0004937063786201179
0.01461635623127222
0.015577185899019241
0.0010443110950291157
0.00044515763875097036
0.00012820781557820737
0.00020314894209150225
0.012846127152442932
0.003990384750068188
0.00027817219961434603
0.04440516233444214
0.0012986428337171674
0.0010701504070311785
0.009970413520932198
0.002390736946836114
0.002940061967819929
0.007518148049712181
0.0020404562819749117
0.0004807987716048956
0.0008337611798197031
0.00006556825974257663
0.00471143051981926
0.0008662892505526543
0.007353417109698057
0.0004427371604833752
0.0310150608420372
0.002512324834242463
0.04802219197154045
0.0011737976456061006
0.0004243019793648273
0.00015153350250329822
0.0014127963222563267
0.04343460872769356
0.006649999413639307
0.0009206364629790187
0.0008246033103205264
0.00005664818672812544
0.011756151914596558
0.000030630038963863626
0.0028597358614206314
0.011733370833098888
0.001155573409050703
0.005920222960412502
0.0023532751947641373
0.0024874182417988777
0.0007270352216437459
0.0016926067182794213
0.001528493594378233
0.01611519046127796
0.00032074254704639316
0.00024991462123580277
0.002878471277654171
0.0012365126749500632
0.00004243715375196189
0.007248514797538519
0.00028583238599821925
0.002260875888168812
0.00010406832006992772
0.0024320741649717093
0.0005524185253307223
0.00041303926263935864
0.00016875320579856634
0.0037785943131893873
0.0018173187272623181
0.023093516007065773
0.012785430066287518
0.010835975408554077
0.01608017086982727
0.00010781345918076113
0.0010409763781353831
0.0178969893604517
0.0026683988980948925
0.000042807474528672174
0.000054702250054106116
0.005926141981035471
0.0029677303973585367
0.0007570393499918282
0.00033686382812447846
0.0037091895937919617
0.0008334919111803174
0.007919153198599815
0.0008984708692878485
0.00867114681750536
0.00029157561948522925
0.000025714844014146365
0.000978101626969874
0.024026984348893166
0.006772556807845831
0.0011418701615184546
0.007411818951368332
0.00003261736856075004
0.007396944332867861
0.00010269553604302928
0.00009318169031757861
0.002135316841304302
0.0022246369626373053
0.006914823781698942
0.016448205336928368
0.0024338483344763517
0.004762551747262478
0.0036090624053031206
0.09608690440654755
0.008606902323663235
0.00137857545632869
0.00013106669939588755
0.008934949524700642
0.0005306749371811748
0.006310718134045601
0.013330129906535149
0.00013000814942643046
0.0007961265509948134
0.003379495581611991
0.0027863369323313236
0.0010001396294683218
0.03094428963959217
0.00025713694049045444
0.001105529605410993
0.019329983741044998
0.009801275096833706
0.00289126462303102
0.005845277104526758
0.00018179460312239826
0.00011664962221402675
0.013442193157970905
0.03088926151394844
0.000042662493797251955
0.004722560290247202
0.0003835068200714886
0.0022153728641569614
0.0005107942270115018
0.01701660454273224
0.00006228507845662534
0.0016077784821391106
0.0029299051966518164
0.0015170087572187185
0.022285424172878265
0.013013930991292
0.000036018609534949064
0.031151143833994865
0.0023943970445543528
0.007655434776097536
0.003691837890073657
0.0010129519505426288
0.00007044289668556303
0.00007972509047249332
0.002598836552351713
0.024501655250787735
0.00022655073553323746
0.0006420412100851536
0.000030107203201623634
0.0001680319255683571
0.01441170834004879
0.01245484035462141
0.004716660361737013
0.0005961385904811323
0.00008774927846388891
0.000020902001779177226
0.0038733689580112696
0.0022277915850281715
0.0003150001575704664
0.006188920233398676
0.0007065670797601342
0.004816652275621891
0.0008268235833384097
0.00020354166917968541
0.0022124156821519136
0.019871393218636513
0.002411047462373972
0.0001954858744284138
0.0012597640743479133
0.000017218619177583605
0.00008252637053374201
0.0008654858102090657
0.00011612023808993399
0.00015996619185898453
0.0006244437536224723
0.0033276230096817017
0.0030749463476240635
0.0022340486757457256
0.0001368488883599639
0.000012672699085669592
0.014440958388149738
0.0012459136778488755
0.0003384126757737249
0.00007332715176744387
0.005449648015201092
0.0012649523559957743
0.002736462512984872
0.0035502021200954914
0.0007478500483557582
0.00010988762369379401
0.0023780199699103832
0.0002409707522019744
0.0015579800819978118
0.000013058905096841045
0.0020490200258791447
0.0012686557602137327
0.000028819027647841722
0.00010551697778282687
0.0007846855442039669
0.0001676462998148054
0.00003874416142934933
0.0018220609053969383
0.0004461354110389948
0.0002453609777148813
0.03007439896464348
0.0039565544575452805
0.0003730426251422614
0.03837383911013603
0.0001339820446446538
0.0011694126296788454
0.0001274944079341367
0.008802338503301144
0.00473639415577054
0.00019026038353331387
0.0007703835144639015
0.0002632916148286313
0.005274692550301552
0.00020606488396879286
0.00589057058095932
0.005822467617690563
0.0011766969691962004
0.000045688058889936656
0.0004271982761565596
0.0023469380103051662
0.0007023239159025252
0.00869077816605568
0.00028648533043451607
0.0041512115858495235
0.00020579088595695794
0.029166357591748238
0.0003625925746746361
0.0019068422261625528
0.0011866955319419503
0.019960327073931694
0.007264371495693922
0.000015976233044057153
0.0005257155862636864
0.0008383421809412539
0.002286898670718074
0.004739221651107073
0.00020271237008273602
0.005256918724626303
0.0009805364534258842
0.0016165138222277164
0.003504023887217045
0.0004758000432047993
0.00443192757666111
0.022727862000465393
0.0000609534872637596
0.0011502850102260709
0.015835195779800415
0.007824021391570568
0.0010563256219029427
0.001258272328414023
0.003074749605730176
0.00016276862879749388
0.0020207136403769255
0.00011443786934250966
0.010589784011244774
0.006997514050453901
0.003943541552871466
0.004580313339829445
0.027721671387553215
0.00009776629303814843
0.00003413779631955549
0.004717021249234676
0.0005854199989698827
0.0002117570984410122
0.005973407067358494
0.06899843364953995
0.000033091964724007994
0.00003328539241920225
0.0010126983979716897
0.004491432569921017
0.0025684130378067493
0.0011981506831943989
0.00009426751785213128
0.000036255692975828424
0.00006305144052021205
0.006242058705538511
0.000577894679736346
0.0022006845101714134
0.00022302217257674783
0.000006841536105639534
0.00016822831821627915
0.00075000268407166
0.00529200816527009
0.0005756079335696995
0.0007429801626130939
0.00009151489211944863
0.00009773727651918307
0.00016914091247599572
0.00017622424638830125
0.0008680915925651789
0.0005287727108225226
0.00036640241160057485
0.00003957361332140863
0.0034029416274279356
0.000050226492021465674
0.00577686307951808
0.004077352583408356
0.006321724504232407
0.00005410968151409179
0.000091767062258441
0.01021489966660738
0.011632957495748997
0.0000393605005228892
0.0004059026832692325
0.02174103446304798
0.0015340931713581085
0.03461463004350662
0.0003024427860509604
0.003232009243220091
0.0012630154378712177
0.0012731673195958138
0.00011596805416047573
0.013501188717782497
0.01415981538593769
0.011942918412387371
0.0017852280288934708
0.0008025367860682309
0.0004720943979918957
0.0005515585653483868
0.0021944136824458838
0.0005217698053456843
0.004793969448655844
0.0053154705092310905
0.00006834469240857288
0.00008927062299335375
0.0007505861576646566
0.0002237301814602688
0.00017197136185131967
0.0008680546889081597
0.001559062977321446
0.012240872718393803
0.0028959906194359064
0.006832298822700977
0.00035085048875771463
0.002320278203114867
0.00030262384098023176
0.01757069118320942
0.01322925090789795
0.004171368665993214
0.030659092590212822
0.00014024967094883323
0.0015832864446565509
0.00017948100867215544
0.009269886650145054
0.0027348417788743973
0.008327988907694817
0.007457184139639139
0.0010084243258461356
0.02278931811451912
0.00018010633357334882
0.0023453880567103624
0.0006798529648222029
0.013412423431873322
0.009854418225586414
0.010665876790881157
0.005698193330317736
0.006975822150707245
0.026106534525752068
0.004524834919720888
0.00015909067587926984
0.0038892619777470827
0.0009078591247089207
0.0012446010950952768
0.0065005007199943066
0.000931089511141181
0.00009843170118983835
0.000012856718967668712
0.0007432896527461708
0.0010695911478251219
0.000034486878575989977
0.018007619306445122
0.004231828264892101
0.0011293994029983878
0.00380876031704247
0.025839267298579216
0.04516122490167618
0.01854110322892666
0.0006731972098350525
0.00033195383730344474
0.0003386578755453229
0.0001587209408171475
0.00019743869779631495
0.0001620733382878825
0.00014308026584330946
0.00008526841702405363
0.0000484398624394089
0.012023611925542355
0.0000678483338560909
0.00011275665747234598
0.001564853941090405
0.0019059092737734318
0.00008754051668802276
0.009374236688017845
0.000020387482436490245
0.01065407507121563
0.00011422141687944531
0.0010800998425111175
0.0002430746826576069
0.00025901262415573
0.000663170765619725
0.00006245126132853329
0.000015805710063432343
0.0004807551740668714
0.002956903073936701
0.000006905302143422887
0.0005008655716665089
0.044566407799720764
0.00006933878466952592
0.000007766176167933736
0.026874814182519913
0.011418732814490795
0.00005906419028178789
0.0049764602445065975
0.004003850277513266
0.00004698958218796179
0.0007285274914465845
0.0018252942245453596
0.0001998697262024507
