0.14541983604431152
0.04155672714114189
0.14509791135787964
0.04617786779999733
0.03788420930504799
0.16854797303676605
0.12340783327817917
0.11389457434415817
0.20284035801887512
0.08486345410346985
0.06561671942472458
0.012348610907793045
0.05975991114974022
0.09502603113651276
0.1258852481842041
0.01779874972999096
0.09691829979419708
0.06066802516579628
0.05234376713633537
0.1823260337114334
0.06905461847782135
0.031042970716953278
0.09859494864940643
0.13480393588542938
0.16631263494491577
0.042338281869888306
0.042009513825178146
0.06233780458569527
0.16319580376148224
0.05199695751070976
0.03200562298297882
0.12798567116260529
0.10627961903810501
0.17746414244174957
0.13474619388580322
0.12263260781764984
0.12670885026454926
0.13463516533374786
0.2131911665201187
0.08677128702402115
0.08347076177597046
0.04952837899327278
0.13835857808589935
0.1641639620065689
0.0871947631239891
0.03884858265519142
0.0986800342798233
0.06798645853996277
0.06404812633991241
0.04785894230008125
0.10671611875295639
0.08622270822525024
0.04167686402797699
0.14854834973812103
0.1396811157464981
0.05011073872447014
0.18521639704704285
0.11149933934211731
0.03049490600824356
0.2510106563568115
0.05009343475103378
0.1236414983868599
0.07893973588943481
0.16593332588672638
0.2030579298734665
0.1188853308558464
0.08217843621969223
0.06199755147099495
0.11704876273870468
0.10545052587985992
0.03294532001018524
0.23495346307754517
0.08104801177978516
0.04301472008228302
0.13445164263248444
0.1314198076725006
0.05996401607990265
0.0568346306681633
0.0654338002204895
0.051986318081617355
0.15960131585597992
0.09519105404615402
0.09294091165065765
0.10617216676473618
0.038272060453891754
0.20146898925304413
0.018603241071105003
0.07253549993038177
0.1718747466802597
0.11013447493314743
0.1435474008321762
0.2834765613079071
0.10677167028188705
0.022176263853907585
0.12159077078104019
0.2484024167060852
0.09075305610895157
0.14241443574428558
0.06768651306629181
0.039080921560525894
0.13526220619678497
0.06948021054267883
0.08154916763305664
0.08915819972753525
0.07876327633857727
0.09236179292201996
0.15183869004249573
0.052342489361763
0.13848580420017242
0.08505041897296906
0.11949345469474792
0.10948915779590607
0.04191267490386963
0.029123546555638313
0.04869770258665085
0.05557876452803612
0.040420178323984146
0.15940485894680023
0.1409696787595749
0.09951429069042206
0.15574762225151062
0.11004555970430374
0.051861390471458435
0.14400997757911682
0.021831566467881203
0.09108106046915054
0.11451204121112823
0.1209079921245575
0.13165096938610077
0.11271310597658157
0.12541256844997406
0.08300931006669998
0.05375922843813896
0.08756998181343079
0.14898279309272766
0.16586218774318695
0.10999726504087448
0.04627245292067528
0.05044995993375778
0.08759240061044693
0.061011023819446564
0.22370405495166779
0.08439606428146362
0.12655490636825562
0.12125586718320847
0.03340018168091774
0.05325166508555412
0.12945280969142914
0.1251583695411682
0.09479731321334839
0.15084491670131683
0.1607368141412735
0.10006165504455566
0.20236635208129883
0.1411154866218567
0.11451657861471176
0.12416326999664307
0.15546999871730804
0.10606437921524048
0.0489148274064064
0.09586124122142792
0.09168169647455215
0.11673375219106674
0.15983502566814423
0.13234688341617584
0.0721881240606308
0.05075863376259804
0.11012621223926544
0.09474928677082062
0.13022811710834503
0.14942078292369843
0.18439069390296936
0.08257866650819778
0.05448058992624283
0.16255523264408112
0.17850525677204132
0.0299760103225708
0.07673630863428116
0.06331838667392731
0.21090982854366302
0.10586340725421906
0.13408298790454865
0.07488946616649628
0.08285392075777054
0.04044855386018753
0.0883074626326561
0.1604314148426056
0.05617313086986542
0.04026038572192192
0.13702815771102905
0.05684744194149971
0.06689830869436264
0.06367839127779007
0.16073378920555115
0.07013029605150223
0.07758291810750961
0.06553728878498077
0.253815233707428
0.041222721338272095
0.01464388333261013
0.0500616654753685
0.1257403939962387
0.32179298996925354
0.10762548446655273
0.3070566654205322
0.03525881841778755
0.08556937426328659
0.14959029853343964
0.11952385306358337
0.09372205287218094
0.10504791885614395
0.028738616034388542
0.1284925490617752
0.07207034528255463
0.10838287323713303
0.18539756536483765
0.08249650150537491
0.2302270531654358
0.018834952265024185
0.11222913861274719
0.07625386863946915
0.16340339183807373
0.11866935342550278
0.01925373263657093
0.030255792662501335
0.140225350856781
0.061324357986450195
0.03925620764493942
0.09914261847734451
0.18178723752498627
0.05694160237908363
0.06366606801748276
0.06354708969593048
0.06615903228521347
0.050779834389686584
0.10763446241617203
0.09875331819057465
0.1095944494009018
0.11907632648944855
0.12274223566055298
0.15622004866600037
0.1579832285642624
0.03438177332282066
0.25463417172431946
0.07325006276369095
0.11233633011579514
0.18076054751873016
0.10348386317491531
0.16714833676815033
0.047297876328229904
0.09385894984006882
0.0572865791618824
0.08474773168563843
0.02744891308248043
0.06204520910978317
0.0555538609623909
0.06112631410360336
0.08292604237794876
0.10630372911691666
0.05343421548604965
0.1468694657087326
0.03284851461648941
0.23680776357650757
0.03734317049384117
0.07123756408691406
0.08489076793193817
0.24114520847797394
0.08881337940692902
0.10054636746644974
0.15100550651550293
0.22106923162937164
0.033127568662166595
0.10405072569847107
0.10005012899637222
0.10038981586694717
0.16166314482688904
0.09572137892246246
0.17381858825683594
0.11100929975509644
0.03392006456851959
0.08414566516876221
0.028356758877635002
0.13112260401248932
0.14838390052318573
0.142525315284729
0.11496207118034363
0.17533618211746216
0.05307677760720253
0.0860280841588974
0.09441602975130081
0.04565378651022911
0.05203120782971382
0.20772972702980042
0.23695486783981323
0.06987375020980835
0.13305063545703888
0.08207394927740097
0.21388673782348633
0.03479535132646561
0.09800037741661072
0.08335407078266144
0.07407201826572418
0.032126717269420624
0.08725330978631973
0.13370423018932343
0.10415254533290863
0.12440558522939682
0.3047525882720947
0.10183819383382797
0.06564510613679886
0.07642828673124313
0.13496054708957672
0.041773926466703415
0.046598032116889954
0.06780151277780533
0.014638240449130535
0.08644945919513702
0.14554591476917267
0.08001451194286346
0.05923430994153023
0.19156555831432343
0.20413029193878174
0.15509790182113647
0.06398379057645798
0.11826851218938828
0.10635419934988022
0.044705580919981
0.0839628204703331
0.04015989601612091
0.11241845786571503
0.056981757283210754
0.1759808212518692
0.07740532606840134
0.17694424092769623
0.05071903392672539
0.10293430089950562
0.015735499560832977
0.05188581347465515
0.1680315136909485
0.1003827452659607
0.08341343700885773
0.059800948947668076
0.17581021785736084
0.08648566156625748
0.05643896013498306
0.10626187920570374
0.13796232640743256
0.10352553427219391
0.06405341625213623
0.04553678259253502
0.047562047839164734
0.04172816127538681
0.07098399847745895
0.11039546132087708
0.09050887823104858
0.024733001366257668
0.09781930595636368
0.16878315806388855
0.05290316045284271
0.09059597551822662
0.10815752297639847
0.0305192694067955
0.14101026952266693
0.07729937881231308
0.05365439131855965
0.0580197274684906
0.061673909425735474
0.13873232901096344
0.21878555417060852
0.08626756072044373
0.0775335356593132
0.074474036693573
0.24151909351348877
0.11277720332145691
0.13190816342830658
0.1751222163438797
0.15954045951366425
0.07967297732830048
0.10821779072284698
0.06371485441923141
0.23813971877098083
0.02876516804099083
0.08063967525959015
0.05302641913294792
0.10030712187290192
0.08152617514133453
0.026317263022065163
0.024422576650977135
0.054555393755435944
0.13852183520793915
0.06607496738433838
0.17385786771774292
0.1494205743074417
0.0396801196038723
0.05154068395495415
0.07266134023666382
0.06632346659898758
0.10205959528684616
0.07384150475263596
0.08238296955823898
0.09010988473892212
0.06640049815177917
0.023080799728631973
0.06900996714830399
0.10203621536493301
0.07926575839519501
0.09590637683868408
0.08244490623474121
0.05003241077065468
0.09454329311847687
0.17271171510219574
0.05910421907901764
0.08335438370704651
0.12852540612220764
0.05381680279970169
0.09386366605758667
0.18568353354930878
0.19962646067142487
0.0854722335934639
0.1329255849123001
0.03568107262253761
0.07425802201032639
0.16781114041805267
0.06996754556894302
0.08603502810001373
0.05050225928425789
0.1555616557598114
0.03720208629965782
0.06183610484004021
0.12318089604377747
0.07978903502225876
0.04064715653657913
0.1822253167629242
0.17308449745178223
0.06060117483139038
0.11058612912893295
0.17992544174194336
0.07578155398368835
0.10727351903915405
0.113375723361969
0.08817774802446365
0.18847881257534027
0.023541364818811417
0.19631803035736084
0.04293222352862358
0.20247140526771545
0.18622153997421265
0.07897273451089859
0.14911556243896484
0.1441851109266281
0.09747226536273956
0.0838368684053421
0.10214174538850784
0.03643267601728439
0.13282769918441772
0.05416238680481911
0.1806294471025467
0.14823204278945923
0.03378906100988388
0.09077084064483643
0.09412681311368942
0.10725714266300201
0.13121870160102844
0.06649398803710938
0.13163532316684723
0.10106362402439117
0.19276559352874756
0.046553995460271835
0.07190335541963577
0.10835045576095581
0.07847297936677933
0.057490356266498566
0.06344481557607651
0.036979418247938156
0.05908050388097763
0.12449955195188522
0.1444658488035202
0.06526462733745575
0.08306661993265152
0.07856325805187225
0.06988783180713654
0.11610360443592072
0.19344787299633026
0.054946817457675934
0.047926969826221466
0.026133252307772636
0.08400633931159973
0.06362820416688919
0.06822853535413742
0.07201774418354034
0.059325844049453735
0.19878356158733368
0.04677599295973778
0.03471175953745842
0.0652543380856514
0.04100241884589195
0.12292990833520889
0.075113944709301
0.11091748625040054
0.0871560350060463
0.11949565261602402
0.04202432930469513
0.10152966529130936
0.10093259811401367
0.10344227403402328
0.11556332558393478
0.1694207787513733
0.18802279233932495
0.14745037257671356
0.06399937719106674
0.04796307161450386
0.11364814639091492
0.16206490993499756
0.14569762349128723
0.10754617303609848
0.05944248288869858
0.0942559614777565
0.08384615182876587
0.13899336755275726
0.1007312759757042
0.0675564557313919
0.12622246146202087
0.0868677943944931
0.15893037617206573
0.11290901899337769
0.06653252989053726
0.18950477242469788
0.21063710749149323
0.11791542172431946
0.05292276293039322
0.06352399289608002
0.07865461707115173
0.036217257380485535
0.061895281076431274
0.058794520795345306
0.04445619881153107
0.0851408988237381
0.12426573038101196
0.06643913686275482
0.066983163356781
0.14703814685344696
0.11855906993150711
0.08875824511051178
0.09854935109615326
0.1909155547618866
0.05599337816238403
0.06836915761232376
0.17214809358119965
0.03649391233921051
0.10010140389204025
0.08323423564434052
0.11982515454292297
0.09336605668067932
0.1178218200802803
0.10164850950241089
0.17321547865867615
0.042338673025369644
0.10491974651813507
0.06850879639387131
0.03416750580072403
0.14913126826286316
0.09440411627292633
0.06644679605960846
0.1311231106519699
0.0677289366722107
0.07738185673952103
0.1329454630613327
0.12521763145923615
0.15603837370872498
0.08601873368024826
0.15605796873569489
0.04204532131552696
0.15442965924739838
0.2127007097005844
0.12232505530118942
0.054459091275930405
0.06360012292861938
0.0598602220416069
0.2361665517091751
0.07252490520477295
0.09982679039239883
0.1293841451406479
0.08095929026603699
0.054898835718631744
0.09175629913806915
0.21342885494232178
0.03941967710852623
0.25231027603149414
0.2829321026802063
0.027192436158657074
0.1416245549917221
0.015498715452849865
0.10398639738559723
0.26806434988975525
0.04431448504328728
0.0438627228140831
0.09952474385499954
0.1256764531135559
0.031125623732805252
0.16808289289474487
0.11311966180801392
0.09190741181373596
0.020163584500551224
0.17219111323356628
0.026726124808192253
0.09255914390087128
0.09719788283109665
0.17735204100608826
0.1451336145401001
0.11278653889894485
0.14247211813926697
0.11426160484552383
0.025468356907367706
0.11036840826272964
0.27833041548728943
0.07266406714916229
0.10103300958871841
0.12723436951637268
0.23174728453159332
0.12830141186714172
0.022398466244339943
0.029882697388529778
0.09249088168144226
0.05540687218308449
0.08231544494628906
0.038236044347286224
0.039013780653476715
0.0739370808005333
0.09269068390130997
0.2300952970981598
0.15685974061489105
0.21643245220184326
0.09315791726112366
0.16054466366767883
0.038958076387643814
0.13070344924926758
0.07258468866348267
0.15229730308055878
0.11159595847129822
0.11416885256767273
0.0911998599767685
0.0800764188170433
0.0760696604847908
0.10224199295043945
0.125162273645401
0.07748638838529587
0.1774107664823532
0.09171268343925476
0.06763751804828644
0.03780537471175194
0.11287239193916321
0.18955951929092407
0.04166298359632492
0.17113026976585388
0.2645178437232971
0.08647657185792923
0.1366555094718933
0.035816919058561325
0.12915964424610138
0.07763770967721939
0.07433450222015381
0.1712266355752945
0.1160946786403656
0.16737397015094757
0.2081664353609085
0.1533626914024353
0.02457520365715027
0.06428522616624832
0.04252391681075096
0.061952222138643265
0.16030128300189972
0.17530158162117004
0.1389528065919876
0.10792038589715958
0.2648659944534302
0.04710530489683151
0.1316329836845398
0.07385505735874176
0.03155210614204407
0.1421821564435959
0.04705813527107239
0.19522324204444885
0.16827359795570374
0.030901120975613594
0.0909397304058075
0.051829855889081955
0.03973795846104622
0.09460911899805069
0.2568056881427765
0.0863785669207573
0.11535695940256119
0.1505753993988037
0.03719789534807205
0.03655681386590004
0.1696244776248932
0.06499218195676804
0.11913754045963287
0.27133068442344666
0.04946868121623993
0.08532588183879852
0.09805121272802353
0.060368917882442474
0.12552152574062347
0.05656998232007027
0.19078752398490906
0.027430398389697075
0.1365559697151184
0.12984861433506012
0.08296158164739609
0.11388149112462997
0.09306098520755768
0.11528588086366653
0.15353773534297943
0.043319396674633026
0.04136660322546959
0.05047231912612915
0.12034989893436432
0.1264486461877823
0.07003851234912872
0.10547060519456863
0.08334522694349289
0.045036666095256805
0.12020998448133469
0.1646711677312851
0.17201556265354156
0.12484932690858841
0.1003917008638382
0.05355655774474144
0.14681504666805267
0.13416670262813568
0.10423064231872559
0.1123322919011116
0.1405497044324875
0.08767576515674591
0.07072167843580246
0.09330438077449799
0.13079217076301575
0.051494888961315155
0.053824532777071
0.046197403222322464
0.03267127647995949
0.1328079104423523
0.0217817984521389
0.07197260111570358
0.0640694871544838
0.09760138392448425
0.0558294951915741
0.046623703092336655
0.19471518695354462
0.1654191017150879
0.09326937049627304
0.025615518912672997
0.031189095228910446
0.05663440003991127
0.12031657248735428
0.1394876390695572
0.05188773572444916
0.036277007311582565
0.10745405405759811
0.22342480719089508
0.049859773367643356
0.04482432082295418
0.05991480126976967
0.1280280500650406
0.04350173473358154
0.0983157828450203
0.06282416731119156
0.09579351544380188
0.07358338683843613
0.11369818449020386
0.10323180258274078
0.06794416904449463
0.09828181564807892
0.06319157034158707
0.05429451912641525
0.025190677493810654
0.08972016721963882
0.05403102561831474
0.17337612807750702
0.11916010081768036
0.02294093370437622
0.05076724290847778
0.05684158205986023
0.1372864693403244
0.027152568101882935
0.1376861333847046
0.11151464283466339
0.095592200756073
0.06725455820560455
0.131034716963768
0.02971571497619152
0.09974342584609985
0.08181259036064148
0.08139213919639587
0.10122290253639221
0.17651186883449554
0.04238234832882881
0.09723459184169769
0.09436266869306564
0.018765492364764214
0.14544297754764557
0.06131362169981003
0.1316794753074646
0.04998299106955528
0.1253121793270111
0.13656875491142273
0.14726044237613678
0.10042758285999298
0.22295834124088287
0.10562452673912048
0.04298298805952072
0.07356739789247513
0.09619566798210144
0.09724464267492294
0.06059762462973595
0.05059331655502319
0.05490529537200928
0.18917548656463623
0.05394859239459038
0.08573944121599197
0.07646190375089645
0.15953609347343445
0.129949688911438
0.06991805881261826
0.02484164386987686
0.035408440977334976
0.10286829620599747
0.0689036175608635
0.12443140149116516
0.03593727573752403
0.05707051232457161
0.14826656877994537
0.12313468754291534
0.013140386901795864
0.23609453439712524
0.11823666095733643
0.04705730825662613
0.06855285167694092
0.12705373764038086
0.09208379685878754
0.058012839406728745
0.04835166409611702
0.18393944203853607
0.18436168134212494
0.20514191687107086
0.20553450286388397
0.15474292635917664
0.0727420449256897
0.08180582523345947
0.04350477084517479
0.06354151666164398
0.14716126024723053
0.0774155929684639
0.06369324028491974
0.06315878033638
0.08528880029916763
0.1122785285115242
0.13272343575954437
0.017928801476955414
0.15382762253284454
0.08939964324235916
0.06562628597021103
0.19911335408687592
0.021441755816340446
0.14011508226394653
0.0426274910569191
0.12956419587135315
0.02488584630191326
0.09499748051166534
0.15156972408294678
0.10322999209165573
0.0823681429028511
0.042432382702827454
0.08159568160772324
0.05735224112868309
0.05448635295033455
0.0910291075706482
0.15832749009132385
0.08765903860330582
0.03901062533259392
0.1594455987215042
0.14004383981227875
0.04551059007644653
0.11391742527484894
0.09932492673397064
0.08847068250179291
0.1178789883852005
0.14829713106155396
0.1184108555316925
0.18067865073680878
0.1056133583188057
0.10049592703580856
0.1741340458393097
0.033921390771865845
0.13252846896648407
0.1362990438938141
0.04209262505173683
0.17947626113891602
0.045824065804481506
0.060027457773685455
0.06806263327598572
0.09531702101230621
0.04610408470034599
0.06574221700429916
0.09026524424552917
0.10771958529949188
0.054443392902612686
0.03725908696651459
0.0455157570540905
0.07065217941999435
0.08713112771511078
0.08262087404727936
0.10905937850475311
0.08479371666908264
0.01415978092700243
0.1538570374250412
0.12853853404521942
0.1431242972612381
0.10208423435688019
0.13326816260814667
0.051915768533945084
0.027100155130028725
0.057316720485687256
0.11274249106645584
0.14716631174087524
0.1405005156993866
0.14253373444080353
0.06724446266889572
0.25380009412765503
0.030122745782136917
0.12459678202867508
0.09142722189426422
0.20051102340221405
0.08669905364513397
0.05983072891831398
0.04225844889879227
0.11218400299549103
0.1466922014951706
0.12645800411701202
0.04246892035007477
0.06141800805926323
0.11520512402057648
0.038875117897987366
0.18934299051761627
0.050495609641075134
0.11034199595451355
0.03984425961971283
0.1414036601781845
0.09007344394922256
0.10511338710784912
0.06041177362203598
0.012783234007656574
0.1266888678073883
0.22277039289474487
0.16093958914279938
0.19593380391597748
0.03812185302376747
0.1385125070810318
0.05992734059691429
0.03322894871234894
0.09191732853651047
0.04802530258893967
0.04898383840918541
0.16473673284053802
0.06731585413217545
0.13789068162441254
0.055958401411771774
0.03770357742905617
0.27982571721076965
0.06538725644350052
0.03572757542133331
0.08993231505155563
0.11650453507900238
0.17357385158538818
0.05587726831436157
0.11039223521947861
0.04715335741639137
0.11311789602041245
0.10048297792673111
0.16174888610839844
0.04981214925646782
0.1344345062971115
0.08781690895557404
0.1802734136581421
0.04853307455778122
0.029852116480469704
0.11965697258710861
0.05093125253915787
0.05178552865982056
0.027543244883418083
0.12530240416526794
0.12112247198820114
0.12812842428684235
0.0578928180038929
0.04426967725157738
0.17390477657318115
0.1880273073911667
0.12115620821714401
0.10835368931293488
0.04956146329641342
0.054750990122556686
0.06878089159727097
0.03725899010896683
0.1802334040403366
0.08081001788377762
0.060704704374074936
0.16016785800457
0.020930053666234016
0.07070054858922958
0.0633767619729042
0.22273313999176025
0.17510756850242615
0.11580957472324371
0.09871519356966019
0.07295921444892883
0.06673790514469147
0.16065536439418793
0.12841922044754028
0.0646190270781517
0.15459780395030975
0.09699225425720215
0.09317480027675629
0.15215808153152466
0.13711373507976532
0.056612636893987656
0.1128310114145279
0.10860748589038849
0.12743346393108368
0.051760122179985046
0.01885589398443699
0.1007867306470871
0.0516512356698513
0.21651673316955566
0.09013625979423523
0.11192844063043594
0.07179586589336395
0.08530628681182861
0.06563421338796616
0.1496235877275467
0.15633241832256317
0.08366981893777847
0.28132012486457825
0.11020344495773315
0.13619929552078247
0.11361928284168243
0.17766998708248138
0.07480727136135101
0.01837470382452011
0.24478496611118317
0.04756561666727066
0.15215463936328888
0.03743760660290718
0.0528743639588356
0.1250942349433899
0.01646815426647663
0.11034638434648514
0.083957239985466
0.05545762926340103
0.05322790518403053
0.1310003101825714
0.08238866925239563
0.07615242153406143
0.025718966498970985
0.07172176241874695
0.05648236349225044
0.08066274225711823
0.1508944034576416
0.13169263303279877
0.021555688232183456
0.03296010568737984
0.1280951052904129
0.11692459136247635
0.03800244629383087
0.10350212454795837
0.06016805022954941
0.014873867854475975
0.02593212202191353
0.10213083028793335
0.05179985612630844
0.1757085621356964
0.14222970604896545
0.089320607483387
0.08994117379188538
0.05369041860103607
0.04711829870939255
0.07098366320133209
0.10799925029277802
0.06246072053909302
0.05429083853960037
0.02547960914671421
0.19205212593078613
0.09877098351716995
0.24795085191726685
0.15406908094882965
0.08290091902017593
0.031705889850854874
0.029309146106243134
0.15326696634292603
0.059445179998874664
0.06750375777482986
0.18867447972297668
0.09089215844869614
0.11335264891386032
0.10453370213508606
0.11892082542181015
0.07151175290346146
0.12600742280483246
0.0656130239367485
0.1358371376991272
0.05042017996311188
0.1162034273147583
0.16371260583400726
0.10414691269397736
0.04624394327402115
0.26010531187057495
0.06433317810297012
0.057288169860839844
0.08730515837669373
0.1869208961725235
0.13671675324440002
0.05422703176736832
0.14984698593616486
0.16037015616893768
0.16579338908195496
0.03837005794048309
0.19245408475399017
0.07897064834833145
0.09978105872869492
0.09763695299625397
0.08950214087963104
0.030913887545466423
0.2420908659696579
0.059693362563848495
0.1472969651222229
0.11152870208024979
0.07017441093921661
0.04551040753722191
0.06833197176456451
0.05100143328309059
0.1120803952217102
0.10535446554422379
0.11850228905677795
0.05767623335123062
0.05613404139876366
0.1259755790233612
0.05920104309916496
0.10101870447397232
0.09515612572431564
0.14966309070587158
0.1612681746482849
0.056365448981523514
0.11330629885196686
0.07785817980766296
0.11575078964233398
0.054878778755664825
0.09155195206403732
0.09219596534967422
0.04374203085899353
0.09395507723093033
0.08585681021213531
0.05036642774939537
0.13977956771850586
0.061750710010528564
0.07385614514350891
0.11092736572027206
0.03910614922642708
0.17656834423542023
0.11827710270881653
0.04581684246659279
0.19520290195941925
0.034945275634527206
0.10349878668785095
0.030163882300257683
0.05542845278978348
0.053526896983385086
0.08371220529079437
0.004050346091389656
0.09631824493408203
0.05944686755537987
0.1662353128194809
0.07935185730457306
0.24247625470161438
0.17863857746124268
0.08531840145587921
0.16111931204795837
0.04205438122153282
0.0335700660943985
0.0933743566274643
0.05240430682897568
0.055555492639541626
0.10690760612487793
0.02604915201663971
0.06482160836458206
0.17113211750984192
0.06934790313243866
0.1465466171503067
0.06091592088341713
0.06333456188440323
0.0863969698548317
0.12210920453071594
0.16241738200187683
0.0698726624250412
0.04777875170111656
0.18661361932754517
0.06388459354639053
0.07928408682346344
0.09461840987205505
0.07117115706205368
0.037659868597984314
0.09057136625051498
0.20212246477603912
0.09155627340078354
0.20441937446594238
0.15147927403450012
0.036263901740312576
0.11679026484489441
0.1161205843091011
0.13295254111289978
0.0832786038517952
0.08307457715272903
0.05745192989706993
0.07693106681108475
0.1257314682006836
0.06519966572523117
0.18277369439601898
0.09679153561592102
0.09815565496683121
0.05690532550215721
0.07874014973640442
0.058295838534832
0.029267383739352226
0.016847023740410805
0.03480159491300583
0.08209479600191116
0.0903281569480896
0.022290261462330818
0.04951021075248718
0.1690419763326645
0.13323041796684265
0.08692751824855804
0.12117036432027817
0.030649855732917786
0.08848316222429276
0.12832927703857422
0.052201688289642334
0.12412194907665253
0.08048421144485474
0.03772631660103798
0.2008441835641861
0.14076578617095947
0.22884739935398102
0.04644949734210968
0.15537703037261963
0.03306528553366661
0.015371885150671005
0.2686542868614197
0.06087478622794151
0.2380063384771347
0.11164611577987671
0.09348097443580627
0.04095282033085823
0.15685907006263733
0.025942688807845116
0.05463438108563423
0.08295342326164246
0.12742753326892853
0.13312384486198425
0.0337517112493515
0.12853915989398956
0.07155054062604904
0.03496266156435013
0.084597647190094
0.04113924503326416
0.09813997894525528
0.04921545088291168
0.074668288230896
0.03550976142287254
0.03831685706973076
0.07356524467468262
0.14101506769657135
0.032361581921577454
0.05649634078145027
0.06732170283794403
0.1652214080095291
0.06128176301717758
0.06766725331544876
0.03427404910326004
0.0627957433462143
0.10604371875524521
0.24720388650894165
0.043833740055561066
0.07847622781991959
0.20920345187187195
0.11760284006595612
0.04610072448849678
0.09159106016159058
0.06254700571298599
0.1829679161310196
0.1193058043718338
0.029423510655760765
0.13169819116592407
0.06745200604200363
0.09187138080596924
0.050517309457063675
0.07006798684597015
0.044255197048187256
0.1209748387336731
0.07536730915307999
0.03214498981833458
0.09669885039329529
0.06016617640852928
0.17453308403491974
0.02650754153728485
0.13625535368919373
0.11565689742565155
0.10830416530370712
0.060705289244651794
0.15064126253128052
0.08889635652303696
0.4049338102340698
0.07489120215177536
0.08866295218467712
0.15689240396022797
0.07446519285440445
0.11829669028520584
0.08836415410041809
0.15815331041812897
0.0643925666809082
0.009966807439923286
0.13958458602428436
0.04209652915596962
0.0946914404630661
0.04472563415765762
0.12370119243860245
0.01596623845398426
0.0765206441283226
0.02002086117863655
0.11617714166641235
0.10122515261173248
0.05262063071131706
0.05655176192522049
0.06611758470535278
0.03849560394883156
0.077333964407444
0.06141890957951546
0.05771344527602196
0.08346274495124817
0.06120002642273903
0.03457915782928467
0.06150991842150688
0.2455729991197586
0.08834468573331833
0.08702728897333145
0.11478953808546066
0.09445448964834213
0.06312938779592514
0.08953540772199631
0.03352440521121025
0.13446255028247833
0.157911017537117
0.12194113433361053
0.18060711026191711
0.10789303481578827
0.12052960693836212
0.12755849957466125
0.11382193118333817
0.05862550809979439
0.18057090044021606
0.026897398754954338
0.06620050221681595
0.12323149293661118
0.022437814623117447
0.06870730221271515
0.12186654657125473
0.07850081473588943
0.05751774087548256
0.11289916932582855
0.04826665669679642
0.014754428528249264
0.08502939343452454
0.0640348345041275
0.12418855726718903
0.128679096698761
0.1347627490758896
0.08807118237018585
0.09369271248579025
0.138788104057312
0.11374615132808685
0.08460633456707001
0.08772195875644684
0.15774478018283844
0.10822080075740814
0.14413505792617798
0.054930709302425385
0.12284229695796967
0.08165961503982544
0.03473685309290886
0.03577756881713867
0.06664729118347168
0.18643975257873535
0.06827683001756668
0.08583485335111618
0.1378604620695114
0.12619927525520325
0.16481061279773712
0.06511812657117844
0.05682309344410896
0.06534846872091293
0.06866283714771271
0.05170149356126785
0.1488208919763565
0.05365191027522087
0.19432149827480316
0.07796601206064224
0.09079898148775101
0.06405007094144821
0.10696074366569519
0.030617885291576385
0.06760063767433167
0.08635005354881287
0.11188095808029175
0.066250279545784
0.07734314352273941
0.17132435739040375
0.14271704852581024
0.07523122429847717
0.22431783378124237
0.17495058476924896
0.08354945480823517
0.09325715154409409
0.05615239590406418
0.09013595432043076
0.12742109596729279
0.10924804210662842
0.08105527609586716
0.07549512386322021
0.04263672977685928
0.16606636345386505
0.0809488520026207
0.1156424731016159
0.08287741243839264
0.11432625353336334
0.08418019860982895
0.09750967472791672
0.10992100089788437
0.0890023484826088
0.04962832108139992
0.1729900985956192
0.0740794837474823
0.16176216304302216
0.09774726629257202
0.07627825438976288
0.1146402359008789
0.06273248046636581
0.12567901611328125
0.2072678953409195
0.061156924813985825
0.04822026193141937
0.07871109247207642
0.26396602392196655
0.0578095018863678
0.05003773048520088
0.11355846375226974
0.1522003412246704
0.2345329225063324
0.057285379618406296
0.21161386370658875
0.14886508882045746
0.0688994973897934
0.06996885687112808
0.08783847838640213
0.07667728513479233
0.19253715872764587
0.04631984606385231
0.040914494544267654
0.12910938262939453
0.07773696631193161
0.11368721723556519
0.06679275631904602
0.07272279262542725
0.06527509540319443
0.16964611411094666
0.2741362154483795
0.10278434306383133
0.05530760809779167
0.1190568059682846
0.021363459527492523
0.0246158204972744
0.12831507623195648
0.061867691576480865
0.10374701768159866
0.03629457578063011
0.039068691432476044
0.027778921648859978
0.0706954225897789
0.07028954476118088
0.050989698618650436
0.10156477242708206
0.05932101234793663
0.06673772633075714
0.1128503605723381
0.22193732857704163
0.0392199344933033
0.030323950573801994
0.14627568423748016
0.061227526515722275
0.05131392553448677
0.04027675837278366
0.08048934489488602
0.04317602887749672
0.13037100434303284
0.10153572261333466
0.10054289549589157
0.05373380705714226
0.10291476547718048
0.03531559184193611
0.017577625811100006
0.10342619568109512
0.060838595032691956
0.06956669688224792
0.19823718070983887
0.13822820782661438
0.03507496416568756
0.019992398098111153
0.06789367645978928
0.0556117445230484
0.057006314396858215
0.17016418278217316
0.11096131056547165
0.10533320158720016
0.085758276283741
0.043497275561094284
0.06698651611804962
0.04464760422706604
0.10920967906713486
0.07819823920726776
0.05896024405956268
0.07407306134700775
0.04391288757324219
0.24386058747768402
0.09984058886766434
0.18993251025676727
0.1470700204372406
0.052238885313272476
0.09477007389068604
0.06097763776779175
0.14467576146125793
0.030843619257211685
0.22788994014263153
0.15193025767803192
0.03812621906399727
0.046435438096523285
0.04530481621623039
0.109602190554142
0.08499089628458023
0.09451822936534882
0.04063263162970543
0.09953552484512329
0.02831755205988884
0.25355738401412964
0.11732511967420578
0.05208877474069595
0.06208271160721779
0.051404837518930435
0.19777853786945343
0.17918667197227478
0.01594768837094307
0.07651959359645844
0.1234579086303711
0.04902646318078041
0.07914704084396362
0.15416698157787323
0.10260315239429474
0.04324454069137573
0.14502637088298798
0.02442905306816101
0.1905221939086914
0.04977891594171524
0.0542653352022171
0.044860463589429855
0.05479169264435768
0.15862981975078583
0.08379895985126495
0.08317675441503525
0.23819437623023987
0.10945572704076767
0.046679917722940445
0.036868683993816376
0.07110995799303055
0.0911833643913269
0.031173698604106903
0.06929370015859604
0.08440292626619339
0.1382816880941391
0.14690542221069336
0.06436183303594589
0.02126142382621765
0.018553663045167923
0.2563173174858093
0.08232539892196655
0.1502109169960022
0.15969762206077576
0.06782390922307968
0.12244550883769989
0.07397591322660446
0.11885093152523041
0.16145068407058716
0.059693071991205215
0.029224665835499763
0.15238772332668304
0.09401318430900574
0.06062775105237961
0.06499086320400238
0.0872093066573143
0.1180369034409523
0.12916843593120575
0.04804413020610809
0.0758955255150795
0.12202935665845871
0.13773153722286224
0.12325627356767654
0.11943673342466354
0.10028132051229477
0.05776426941156387
0.084499292075634
0.17986255884170532
0.07334296405315399
0.10902619361877441
0.26501479744911194
0.08333208411931992
0.09223224967718124
0.06889339536428452
0.1075272485613823
0.10093160718679428
0.04571220278739929
0.0895572155714035
0.14173385500907898
0.07258673757314682
0.05307818576693535
0.19702288508415222
0.15037082135677338
0.07765945792198181
0.05914473161101341
0.06412606686353683
0.026587657630443573
0.09693878889083862
0.10787851363420486
0.08262762427330017
0.11547061800956726
0.07746964693069458
0.15874728560447693
0.10191603749990463
0.02472648024559021
0.048571132123470306
0.17376947402954102
0.10724446177482605
0.015526250936090946
0.09147706627845764
0.08260305225849152
0.06519190222024918
0.13040904700756073
0.03439068794250488
0.10772134363651276
0.08865180611610413
0.10105212777853012
0.28352829813957214
0.10128955543041229
0.1905178725719452
0.04645806923508644
0.12028161436319351
0.04158072546124458
0.10596302896738052
0.12190966308116913
0.044048555195331573
0.1432083398103714
0.07590577006340027
0.1549118161201477
0.08032210916280746
0.11608199030160904
0.022761495783925056
0.2744063436985016
0.056809987872838974
0.05925079807639122
0.1269150674343109
0.028875449672341347
0.06465396285057068
0.10994524508714676
0.031126078218221664
0.08847048133611679
0.116645447909832
0.034857816994190216
0.06797044724225998
0.12910620868206024
0.14168985188007355
0.0972907766699791
0.03605492413043976
0.20656515657901764
0.13483521342277527
0.029986580833792686
0.05841900408267975
0.13945762813091278
0.17306488752365112
0.03473285213112831
0.0838884562253952
0.1384713351726532
0.08836697787046432
0.0801270455121994
0.17083261907100677
0.07925499975681305
0.015098749659955502
0.12902982532978058
0.06005299463868141
0.038143254816532135
0.15481889247894287
0.05877354368567467
0.01302372943609953
0.04287200793623924
0.10574645549058914
0.10834554582834244
0.06936867535114288
0.15679964423179626
0.14838635921478271
0.049299206584692
0.05568302050232887
0.10229320079088211
0.04566509649157524
0.14778155088424683
0.0760292261838913
0.06676943600177765
0.05162728577852249
0.045495204627513885
0.09591179341077805
0.1434287577867508
0.09500204026699066
0.050259821116924286
0.0636902004480362
0.12790119647979736
0.10292065143585205
0.08562436699867249
0.06729710847139359
0.15295147895812988
0.10436412692070007
0.07002568989992142
0.033354856073856354
0.07902216911315918
0.0938180610537529
0.12813924252986908
0.07063373923301697
0.017452752217650414
0.19881682097911835
0.16442033648490906
0.23697559535503387
0.044378362596035004
0.06266820430755615
0.16289837658405304
0.2032313048839569
0.1113988384604454
0.25194790959358215
0.0776471197605133
0.13123025000095367
0.04066529870033264
0.09325884282588959
0.13674296438694
0.1448052078485489
0.04722939431667328
0.08324433863162994
0.07128813117742538
0.08095328509807587
0.06798876076936722
0.15301719307899475
0.09075115621089935
0.14742425084114075
0.09680921584367752
0.05813172832131386
0.06297457963228226
0.07819494605064392
0.09309817105531693
0.1358959972858429
0.08001499623060226
0.08400801569223404
0.19642706215381622
0.05876398831605911
0.17349106073379517
0.17227841913700104
0.05502081289887428
0.09718503803014755
0.07641670852899551
0.09398886561393738
0.04236578568816185
0.021491173654794693
0.14466634392738342
0.07873154431581497
0.19035688042640686
0.09918093681335449
0.17416293919086456
0.09791642427444458
0.16094841063022614
0.1279914826154709
0.07173929363489151
0.11500602215528488
0.051356177777051926
0.17903003096580505
0.19046816229820251
0.0809653103351593
0.13857826590538025
0.19416853785514832
0.15493431687355042
0.047151368111371994
0.05279996618628502
0.0214501041918993
0.12005559355020523
0.05509630963206291
0.032857369631528854
0.16470567882061005
0.08294612169265747
0.04867122322320938
0.09573705494403839
0.12141888588666916
0.09628275781869888
0.022514764219522476
0.16993315517902374
0.08382432162761688
0.2331514209508896
0.01784958317875862
0.027917273342609406
0.0962870717048645
0.09823308140039444
0.13623046875
0.07486069947481155
0.024448037147521973
0.09804373979568481
0.15271663665771484
0.08958101272583008
0.10710451006889343
0.1315137892961502
0.04619763791561127
0.032831139862537384
0.08451267331838608
0.07060281187295914
0.052779268473386765
0.14680135250091553
0.11293765902519226
0.0877709686756134
0.08677811175584793
0.034683387726545334
0.02959612011909485
0.05326514691114426
0.10195828974246979
0.08921512216329575
0.12528254091739655
0.050352927297353745
0.21004478633403778
0.15334495902061462
0.02550659328699112
0.06571861356496811
0.01586250588297844
0.1116570308804512
0.09177547693252563
0.0629395917057991
0.11734713613986969
0.14173047244548798
0.06025712937116623
0.02514289692044258
0.05126681923866272
0.15470996499061584
0.055313486605882645
0.0722547248005867
0.06709804385900497
0.18502573668956757
0.033128123730421066
0.09298428148031235
0.13843314349651337
0.090801902115345
0.15453335642814636
0.05371266230940819
0.1351725310087204
0.07916390895843506
0.03535516932606697
0.07876652479171753
0.06488990783691406
0.247236430644989
0.08626379817724228
0.10529689490795135
0.1154405027627945
0.028703052550554276
0.20317178964614868
0.08553741872310638
0.12075565755367279
0.0791882574558258
0.08259521424770355
0.09319241344928741
0.06066443398594856
0.06433911621570587
0.06646262854337692
0.17288140952587128
0.10701069980859756
0.044838350266218185
0.07211906462907791
0.12668058276176453
0.01872285269200802
0.08332443982362747
0.02309185452759266
0.08358137309551239
0.02922249771654606
0.03318804129958153
0.1287662535905838
0.053747013211250305
0.1587723195552826
0.06823407858610153
0.06135047599673271
0.049153245985507965
0.2295011579990387
0.15656678378582
0.06641749292612076
0.11976613849401474
0.04128716513514519
0.11575352400541306
0.1402212679386139
0.08085007220506668
0.08376271277666092
0.1395985633134842
0.06729479134082794
0.17701099812984467
0.056505318731069565
0.13805407285690308
0.04198243096470833
0.1136895939707756
0.09255297482013702
0.0424514003098011
0.14403045177459717
0.13004200160503387
0.06553678214550018
0.10308820009231567
0.09150490164756775
0.09032369405031204
0.12332043051719666
0.09509380161762238
0.029271136969327927
0.0376390665769577
0.09622011333703995
0.06709276884794235
0.17151984572410583
0.04920099303126335
0.1605544239282608
0.10010495781898499
0.09516841918230057
0.10963431745767593
0.05614873021841049
0.08443082123994827
0.21929395198822021
0.15459249913692474
0.03963831812143326
0.04822361469268799
0.14230073988437653
0.07111820578575134
0.03470274433493614
0.033573996275663376
0.03738527372479439
0.05814967676997185
0.0706983432173729
0.04243402183055878
0.10250665992498398
0.07587725669145584
0.13997361063957214
0.028751976788043976
0.10637018084526062
0.09355096518993378
0.09390044212341309
0.024922022596001625
0.17300492525100708
0.1764155924320221
0.09697433561086655
0.11166255176067352
0.1699102222919464
0.030115574598312378
0.04843553900718689
0.08978467434644699
0.06839307397603989
0.03168131411075592
0.14751829206943512
0.06960771977901459
0.09926261752843857
0.08739431202411652
0.0782475546002388
0.07951269298791885
0.11376244574785233
0.04938703030347824
0.08563081920146942
0.08533748984336853
0.03410514444112778
0.10277699679136276
0.14862516522407532
0.11791521310806274
0.07041207700967789
0.16569092869758606
0.11063745617866516
0.07341741025447845
0.06205974146723747
0.09210298210382462
0.08996102213859558
0.06940747797489166
0.04904921352863312
0.18504171073436737
0.09746889770030975
0.08790191262960434
0.07217177003622055
0.07160963863134384
0.10039724409580231
0.03869987279176712
0.0519757978618145
0.1398889720439911
0.14674203097820282
0.13324081897735596
0.011760192923247814
0.0319843553006649
0.07716535031795502
0.15045733749866486
0.040491733700037
0.10235535353422165
0.09370961785316467
0.06298038363456726
0.025370299816131592
0.07809405773878098
0.03494539111852646
0.11554917693138123
0.06534675508737564
0.05447879061102867
0.1328752189874649
0.12745164334774017
0.1076764389872551
0.09014062583446503
0.04952702298760414
0.0621442086994648
0.1437775194644928
0.09745234251022339
0.1231251209974289
0.0990525633096695
0.1692865639925003
0.11670750379562378
0.10046619921922684
0.09346888959407806
0.0759965032339096
0.11030180752277374
0.08176759630441666
0.13807889819145203
0.06934526562690735
0.1563728004693985
0.07448345422744751
0.11663564294576645
0.04835014045238495
0.05131978169083595
0.0820552408695221
0.01936270110309124
0.09259308129549026
0.14658473432064056
0.12946593761444092
0.13711044192314148
0.03022821806371212
0.04939176142215729
0.09274927526712418
0.12647517025470734
0.09447586536407471
0.09094367921352386
0.05552465841174126
0.10840678215026855
0.1736738681793213
0.1484336107969284
0.12445415556430817
0.06047661602497101
0.07992193102836609
0.08872897922992706
0.07498927414417267
0.06604977697134018
0.036408450454473495
0.07589560002088547
0.08092397451400757
0.21816173195838928
0.11504832655191422
0.04438743367791176
0.07343273609876633
0.09686476737260818
0.04036031290888786
0.04288249462842941
0.15248224139213562
0.0906238704919815
0.09640035778284073
0.15387485921382904
0.0226493738591671
0.10332904756069183
0.04738594591617584
0.2220396101474762
0.10538125783205032
0.12795354425907135
0.0969354510307312
0.08766499161720276
0.14612112939357758
0.0686986967921257
0.07254981249570847
0.02873118780553341
0.07585741579532623
0.024251090362668037
0.2342294305562973
0.027356725186109543
0.1026548519730568
0.10378414392471313
0.08527930080890656
0.08491163700819016
0.2133358269929886
0.15163131058216095
0.13679249584674835
0.04150712117552757
0.03756396472454071
0.07071778923273087
0.08177591115236282
0.15773439407348633
0.16580308973789215
0.08964904397726059
0.06905389577150345
0.02218712493777275
0.051254332065582275
0.05865708366036415
0.07886416465044022
0.24139699339866638
0.09306617826223373
0.06819579750299454
0.3350091278553009
0.06024749204516411
0.04100748524069786
0.19854223728179932
0.1786131113767624
0.06743776053190231
0.27268725633621216
0.06214255094528198
0.15076911449432373
0.19683511555194855
0.08848150074481964
0.1041649580001831
0.07096261531114578
0.1209857165813446
0.06745511293411255
0.11419979482889175
0.05743430182337761
0.06632412225008011
0.040528424084186554
0.05364428088068962
0.03810931742191315
0.10793131589889526
0.14434795081615448
0.14752885699272156
0.013939522206783295
0.08400613069534302
0.1135723888874054
0.03593038022518158
0.07334306091070175
0.13172362744808197
0.12308447062969208
0.12166295945644379
0.03576235845685005
0.06948664039373398
0.0443153977394104
0.05647476762533188
0.07286711782217026
0.14023303985595703
0.08390384912490845
0.09844173491001129
0.06043640524148941
0.053433697670698166
0.09544596821069717
0.14466825127601624
0.11964506655931473
0.026563037186861038
0.14684228599071503
0.11227691173553467
0.04629812389612198
0.03321445733308792
0.1246308907866478
0.08151561766862869
0.07531639188528061
0.11451093852519989
0.04791750758886337
0.18171273171901703
0.09668117016553879
0.07990781217813492
0.06561161577701569
0.11231791973114014
0.099508136510849
0.06898584961891174
0.042984455823898315
0.13804562389850616
0.16102232038974762
0.07050219923257828
0.06928544491529465
0.10805623978376389
0.11672043055295944
0.05173226818442345
0.09095384925603867
0.2520993947982788
0.2680491507053375
0.3169405460357666
0.047016337513923645
0.16172631084918976
0.040061723440885544
0.12349816411733627
0.0983051285147667
0.0389263741672039
0.09672120958566666
0.06819979101419449
0.23667579889297485
0.0747954472899437
0.04290033131837845
0.10046213120222092
0.04983198270201683
0.10585431009531021
0.10568282008171082
0.059784822165966034
0.04064714163541794
0.06216394528746605
0.08087598532438278
0.06300606578588486
0.1124919131398201
0.03432177007198334
0.05108507350087166
0.1268533617258072
0.0652918592095375
0.09262475371360779
0.13256829977035522
0.08455600589513779
0.055179499089717865
0.12898372113704681
0.04811578243970871
0.03490308299660683
0.054514363408088684
0.05690525844693184
0.06231261044740677
0.1518719643354416
0.09651612490415573
0.06346096843481064
0.06373655050992966
0.046948015689849854
0.12552949786186218
0.08797302097082138
0.04421498253941536
0.052659373730421066
0.07432444393634796
0.1026856005191803
0.10126109421253204
0.1230519711971283
0.07293830066919327
0.025402648374438286
0.10584946721792221
0.05729209631681442
0.06413125991821289
0.10069048404693604
0.09012048691511154
0.16170910000801086
0.05452228710055351
0.0559440478682518
0.09832193702459335
0.05035950988531113
0.10859023779630661
0.11435555666685104
0.13186469674110413
0.07862741500139236
0.04955429211258888
0.06866227090358734
0.07220956683158875
0.15243655443191528
0.15612396597862244
0.08350253105163574
0.0755290687084198
0.051294900476932526
0.07229235023260117
0.03693544119596481
0.16318480670452118
0.08159434050321579
0.015688665211200714
0.04429914057254791
0.07825681567192078
0.0853959396481514
0.1462242752313614
0.12319235503673553
0.12294264137744904
0.03275540843605995
0.0801924467086792
0.13045358657836914
0.11622477322816849
0.1150958240032196
0.05781169980764389
0.02991807647049427
0.14511504769325256
0.1068841964006424
0.10836534947156906
0.1066242903470993
0.029723921790719032
0.11030040681362152
0.06238524988293648
0.08652327209711075
0.10789910703897476
0.22912129759788513
0.1789437234401703
0.031972773373126984
0.13252846896648407
0.17385944724082947
0.14510583877563477
0.07847915589809418
0.033732086420059204
0.03191480413079262
0.12218345701694489
0.07348372787237167
0.05983355641365051
0.060711827129125595
0.09509431570768356
0.2270505577325821
0.03298098221421242
0.03742232546210289
0.045908037573099136
0.0370156429708004
0.20910774171352386
0.02252732217311859
0.052995555102825165
0.13192571699619293
0.39484965801239014
0.09044509381055832
0.05273265391588211
0.12398311495780945
0.05987398698925972
0.0853351354598999
0.07133758068084717
0.046364035457372665
0.03920894116163254
0.07943718880414963
0.05979514122009277
0.14746326208114624
0.029585396870970726
0.05561840161681175
0.06965382397174835
0.08054348081350327
0.08921780437231064
0.13039268553256989
0.10829884558916092
0.08489517867565155
0.03593927249312401
0.12653404474258423
0.10802879184484482
0.08104176819324493
0.04653744399547577
0.13759779930114746
0.10794159024953842
0.15661846101284027
0.1693301647901535
0.1908627599477768
0.1157301664352417
0.11909007281064987
0.08720254898071289
0.05111738666892052
0.06310539692640305
0.18939480185508728
0.16322055459022522
0.11828393489122391
0.11232004314661026
0.06938844919204712
0.1938554048538208
0.08591227233409882
0.05087772384285927
0.047357939183712006
0.16652710735797882
0.02141517959535122
0.14841674268245697
0.07323165982961655
0.17448535561561584
0.03245892748236656
0.19807657599449158
0.03841925412416458
0.0861368179321289
0.05396677553653717
0.057431239634752274
0.0623956136405468
0.0363050252199173
0.2361820638179779
0.12924276292324066
0.07342024892568588
0.02908387966454029
0.17258921265602112
0.08132541924715042
0.03522277995944023
0.14725863933563232
0.11241082102060318
0.05169770494103432
0.01694188453257084
0.15246550738811493
0.06375768780708313
0.14212314784526825
0.08565378189086914
0.0411888025701046
0.15511928498744965
0.03306185454130173
0.038906898349523544
0.08837635815143585
0.07580297440290451
0.12731783092021942
0.11424270272254944
0.06300846487283707
0.03512106463313103
0.074210025370121
0.09788519889116287
0.037990570068359375
0.10427860170602798
0.1313842386007309
0.24341464042663574
0.04960083216428757
0.048689283430576324
0.1430671066045761
0.048283182084560394
0.11988603323698044
0.13902480900287628
0.04069960489869118
0.10817112773656845
0.036175794899463654
0.026649272069334984
0.13641609251499176
0.07584468275308609
0.05045091733336449
0.02083396166563034
0.07680882513523102
0.04021397978067398
0.17284461855888367
0.16324658691883087
0.0571175143122673
0.060697972774505615
0.039212264120578766
0.07232074439525604
0.0634288415312767
0.061845581978559494
0.0805857852101326
0.16114327311515808
0.04170931130647659
0.05710505694150925
0.10726052522659302
0.09023530036211014
0.1721285581588745
0.2174961417913437
0.019359484314918518
0.08192770928144455
0.06942381709814072
0.11045650392770767
0.039613988250494
0.033595625311136246
0.046130940318107605
0.023821810260415077
0.0653558000922203
0.045910466462373734
0.04081575945019722
0.14718322455883026
0.11161407083272934
0.2385414093732834
0.10361001640558243
0.06829433143138885
0.10105270892381668
0.06463038921356201
0.07109914720058441
0.12071458995342255
0.10191774368286133
0.20283368229866028
0.04619637876749039
0.10549252480268478
0.05305070802569389
0.07088901847600937
0.08233659714460373
0.14353397488594055
0.10306897014379501
0.044341232627630234
0.037969931960105896
0.15570871531963348
0.11797171831130981
0.09702863544225693
0.08639878034591675
0.07545115798711777
0.17848074436187744
0.11643483489751816
0.1305796355009079
0.13609927892684937
0.11763184517621994
0.01933825947344303
0.055014558136463165
0.16753937304019928
0.0329788476228714
0.06388507783412933
0.03748007118701935
0.05498050898313522
0.029676923528313637
0.06657573580741882
0.11854007840156555
0.05643094331026077
0.06497585773468018
0.08738891035318375
0.023456789553165436
0.04789258539676666
0.04494190961122513
0.07137727737426758
0.047337133437395096
0.14718098938465118
0.1572331339120865
0.06855586916208267
0.06537830829620361
0.1164015382528305
0.09068134427070618
0.11186756193637848
0.08533766865730286
0.10769036412239075
0.051887478679418564
0.08444821089506149
0.10361931473016739
0.18110525608062744
0.017307469621300697
0.13047248125076294
0.024277709424495697
0.11055063456296921
0.1270468831062317
0.026032794266939163
0.16834314167499542
0.18546131253242493
0.04703810065984726
0.09048916399478912
0.031097885221242905
0.07345359772443771
0.11955298483371735
0.13779319822788239
0.04919222742319107
0.03576062619686127
0.01739068515598774
0.08469798415899277
0.05181330814957619
0.05503103509545326
0.032422542572021484
0.10560232400894165
0.09836901724338531
0.1380237489938736
0.010443335399031639
0.0735415518283844
0.147701695561409
0.1359759420156479
0.15489834547042847
0.08587680757045746
0.012867444194853306
0.13622882962226868
0.06404201686382294
0.17632481455802917
0.12844933569431305
0.06614994257688522
0.07857248187065125
0.025228718295693398
0.08351731300354004
0.07370229810476303
0.0997103825211525
0.017858218401670456
0.042872797697782516
0.06111513823270798
0.11045844107866287
0.27518710494041443
0.07303687185049057
0.06946903467178345
0.20307990908622742
0.17260418832302094
0.08761461824178696
0.036651015281677246
0.1346156895160675
0.08651658892631531
0.2253451943397522
0.061554357409477234
0.05976312234997749
0.1265443116426468
0.039948366582393646
0.040335021913051605
0.11904386430978775
0.053521521389484406
0.09977228194475174
0.10626821219921112
0.10000717639923096
0.0873451828956604
0.0690879076719284
0.14857622981071472
0.10861190408468246
0.0232579093426466
0.1428053081035614
0.08651129901409149
0.1325663924217224
0.02088521048426628
0.045148853212594986
0.07721748948097229
0.13513951003551483
0.02918960154056549
0.023150909692049026
0.3814486861228943
0.018820537254214287
0.20185314118862152
0.04328973591327667
0.06726633012294769
0.11969425529241562
0.1039343997836113
0.022436238825321198
0.15078049898147583
0.15413109958171844
0.1504179835319519
0.14890144765377045
0.0996037945151329
0.08497993648052216
0.0982239842414856
0.08702971786260605
0.0456075556576252
0.09477263689041138
0.08401329070329666
0.1438613086938858
0.1868794858455658
0.08008700609207153
0.14246247708797455
0.05790543183684349
0.05807490646839142
0.11405371874570847
0.16955223679542542
0.06661441177129745
0.08929276466369629
0.08904292434453964
0.041316039860248566
0.2349974811077118
0.19688938558101654
0.1614684760570526
0.056357938796281815
0.14520926773548126
0.09708540886640549
0.04897588491439819
0.03719509392976761
0.07747289538383484
0.040411826223134995
0.14541582763195038
0.06411983072757721
0.10479184985160828
