0.0009676225017756224
0.005908400285989046
0.026955338194966316
0.05970354750752449
0.004880738910287619
0.009328478015959263
0.020330727100372314
0.022053277119994164
0.03018268011510372
0.016391456127166748
0.0026278214063495398
0.022713568061590195
0.04350176826119423
0.005947507452219725
0.0032275342382490635
0.028463048860430717
0.013796047307550907
0.010390294715762138
0.01475804578512907
0.03468146175146103
0.01870698854327202
0.004121010657399893
0.007983283139765263
0.005360906478017569
0.03134957328438759
0.06828642636537552
0.010254559107124805
0.005803131032735109
0.011523837223649025
0.020118791610002518
0.0091166403144598
0.006552889011800289
0.018909623846411705
0.005039262119680643
0.04230546951293945
0.036912329494953156
0.00642144912853837
0.024793503805994987
0.0027354792691767216
0.024591820314526558
0.01727372221648693
0.033845026046037674
0.015569627285003662
0.009013841859996319
0.011716943234205246
0.022949421778321266
0.019383106380701065
0.024772318080067635
0.003127563279122114
0.0169513076543808
0.0019716646056622267
0.02410282753407955
0.03350931033492088
0.05149097368121147
0.030017854645848274
0.02410823106765747
0.005278360098600388
0.011327346786856651
0.022103434428572655
0.003790311748161912
0.0339047834277153
0.030519306659698486
0.043063532561063766
0.021775491535663605
0.00820920430123806
0.0058122179470956326
0.028724970296025276
0.043986786156892776
0.013909056782722473
0.0021089513320475817
0.02421651780605316
0.006563557777553797
0.011608562432229519
0.07416896522045135
0.012405124492943287
0.02375931106507778
0.0007858434109948575
0.015800513327121735
0.01546644140034914
0.012775893323123455
0.014405818656086922
0.040011513978242874
0.0071394722908735275
0.02000521309673786
0.016570940613746643
0.01474006287753582
0.021612659096717834
0.01878063753247261
0.0026423707604408264
0.0049436260014772415
0.016769811511039734
0.016351230442523956
0.024282582104206085
0.008353117853403091
0.023198693990707397
0.01646975427865982
0.020129254087805748
0.010110301896929741
0.0035817199386656284
0.005958727095276117
0.03348374739289284
0.02602754905819893
0.005287463776767254
0.006948614493012428
0.07080977410078049
0.019187724217772484
0.022328734397888184
0.02031397633254528
0.005885208025574684
0.012075616046786308
0.00424704747274518
0.021739816293120384
0.01677524298429489
0.031255174428224564
0.003185077104717493
0.026357494294643402
0.02460486628115177
0.012508596293628216
0.007262136321514845
0.0037183084059506655
0.042218174785375595
0.024605855345726013
0.07924145460128784
0.006032527424395084
0.0031733510550111532
0.01382600050419569
0.06649349629878998
0.0017575799720361829
0.05422096326947212
0.08207210153341293
0.0163844283670187
0.007266485132277012
0.00834324024617672
0.0029560276307165623
0.003002214478328824
0.019584152847528458
0.03221791610121727
0.007047119550406933
0.004423015750944614
0.014961212873458862
0.0925067588686943
0.00785022508352995
0.01239986252039671
0.015005414374172688
0.018569666892290115
0.033896371722221375
0.011872152797877789
0.04690198227763176
0.002809497993439436
0.005521970801055431
0.0024658143520355225
0.0122469961643219
0.02719862200319767
0.002810622798278928
0.03874031454324722
0.027139103040099144
0.02118787355720997
0.003087974851951003
0.013154610991477966
0.037226542830467224
0.009939202107489109
0.010141200385987759
0.014640229754149914
0.01404582429677248
0.005828890483826399
0.028729945421218872
0.009365992620587349
0.00889734085649252
0.004947798326611519
0.046636875718832016
0.02580958418548107
0.00974125973880291
0.051043447107076645
0.011672469787299633
0.02579367719590664
0.04490525275468826
0.005560891702771187
0.02072545327246189
0.07785262167453766
0.017024660483002663
0.004833715036511421
0.009344834834337234
0.0031576822511851788
0.006404498592019081
0.019356615841388702
0.011484761722385883
0.02532251551747322
0.01614091917872429
0.021970730274915695
0.019195767119526863
0.0028439664747565985
0.008138899691402912
0.05713293328881264
0.0038196255918592215
0.02057754620909691
0.002011209726333618
0.031963374465703964
0.010075333528220654
0.007914983667433262
0.019401410594582558
0.016600297763943672
0.011513309553265572
0.011733011342585087
0.021864742040634155
0.01000283658504486
0.007913794368505478
0.018254101276397705
0.026974810287356377
0.020595908164978027
0.020522257313132286
0.07954768091440201
0.015675142407417297
0.023216111585497856
0.009740033186972141
0.035459596663713455
0.002167115453630686
0.046120695769786835
0.029548203572630882
0.027002424001693726
0.07275466620922089
0.024833910167217255
0.003687310731038451
0.04582184553146362
0.06812945753335953
0.00591612234711647
0.02317463979125023
0.016606664285063744
0.03936510160565376
0.017400894314050674
0.025421492755413055
0.025223959237337112
0.010206088423728943
0.03067035600543022
0.012669709511101246
0.01867320016026497
0.03544856235384941
0.018879016861319542
0.018526749685406685
0.009363536722958088
0.027867089956998825
0.0030317422933876514
0.005331610795110464
0.0725029706954956
0.0070150019600987434
0.024502025917172432
0.01591447740793228
0.04669562727212906
0.057553570717573166
0.024458928033709526
0.02290162444114685
0.03852836415171623
0.05050503835082054
0.0039014979265630245
0.02102166973054409
0.008293166756629944
0.03789771720767021
0.013813382014632225
0.05770426616072655
0.03569455444812775
0.0014119443949311972
0.02095993235707283
0.011609205976128578
0.10280926525592804
0.009392868727445602
0.03909135237336159
0.03594648092985153
0.009392108768224716
0.013251276686787605
0.011010968126356602
0.019607173278927803
0.02306288294494152
0.008346671238541603
0.03461970016360283
0.029518181458115578
0.023824788630008698
0.03064955212175846
0.03301514312624931
0.03426841273903847
0.038028135895729065
0.020613692700862885
0.015341095626354218
0.014069290831685066
0.00440673902630806
0.011919706128537655
0.0065665035508573055
0.04328325390815735
0.05006205663084984
0.005012610461562872
0.03985350951552391
0.020911041647195816
0.013766061514616013
0.012912395410239697
0.00539008155465126
0.004706402774900198
0.019007964059710503
0.02073817141354084
0.004719714168459177
0.021411137655377388
0.05081860348582268
0.011722770519554615
0.006859916727989912
0.016009783372282982
0.011767057701945305
0.0065299649722874165
0.00775914778932929
0.05938363075256348
0.022414283826947212
0.03805370256304741
0.028893349692225456
0.002353777177631855
0.05847805738449097
0.024490555748343468
0.01137014664709568
0.004046197980642319
0.013182821683585644
0.02257487177848816
0.004520999267697334
0.002691321074962616
0.014355342835187912
0.009796960279345512
0.00697561539709568
0.07549998164176941
0.00901803933084011
0.0796443372964859
0.02369684725999832
0.010703488253057003
0.005174568388611078
0.012476840056478977
0.007912025786936283
0.0052682398818433285
0.027017628774046898
0.007555634249001741
0.01247255876660347
0.004232085309922695
0.014187866821885109
0.050553098320961
0.014507461339235306
0.0048582726158201694
0.012032552622258663
0.027961064130067825
0.01120311301201582
0.012004733085632324
0.05414960905909538
0.004341752268373966
0.011753976345062256
0.0028830147348344326
0.014766033738851547
0.00814270693808794
0.02183261699974537
0.009598108008503914
0.029596462845802307
0.011542701162397861
0.05426429212093353
0.015298111364245415
0.08273809403181076
0.01123032532632351
0.018240174278616905
0.008206866681575775
0.006897554267197847
0.0025000686291605234
0.029148070141673088
0.04518583416938782
0.04713941738009453
0.010981139726936817
0.020238541066646576
0.01348075084388256
0.00540416082367301
0.02562689408659935
0.029782619327306747
0.0784093588590622
0.040735211223363876
0.0143020860850811
0.012238867580890656
0.06936711817979813
0.02970965951681137
0.04981973022222519
0.013512455858290195
0.004316010978072882
0.03881077095866203
0.012596936896443367
0.0022985334508121014
0.012754440307617188
0.010006621479988098
0.021243704482913017
0.016637509688735008
0.008718319237232208
0.017460886389017105
0.005614358466118574
0.020637627691030502
0.02193773165345192
0.008550168946385384
0.039679404348134995
0.0057627190835773945
0.03667401522397995
0.005979944486171007
0.0483611561357975
0.0316942036151886
0.008927605114877224
0.004720591474324465
0.050517573952674866
0.015472562052309513
0.004822860471904278
0.02271854691207409
0.0027740399818867445
0.028534825891256332
0.02753634937107563
0.042027540504932404
0.026979463174939156
0.009250327944755554
0.018201284110546112
0.004626005422323942
0.024829452857375145
0.006416562478989363
0.027852293103933334
0.006166769191622734
0.0032374407164752483
0.005379903595894575
0.0031861495226621628
0.019390447065234184
0.008998343721032143
0.017609838396310806
0.01748807542026043
0.032157111912965775
0.020522136241197586
0.019240224733948708
0.06555691361427307
0.0069898138754069805
0.03282099589705467
0.003532404312863946
0.011391038075089455
0.005500697065144777
0.01961168460547924
0.012018969282507896
0.009358071722090244
0.011908188462257385
0.014056066051125526
0.0025729152839630842
0.014394260942935944
0.026575513184070587
0.009444931522011757
0.0235325675457716
0.023708991706371307
0.009395183995366096
0.01707986369729042
0.013917583972215652
0.008514970541000366
0.04635976254940033
0.01899479329586029
0.006840092595666647
0.004715435206890106
0.015977824106812477
0.001088853576220572
0.003914210945367813
0.008672402240335941
0.05014844611287117
0.01686801016330719
0.01708989590406418
0.021593883633613586
0.005558370612561703
0.014463401399552822
0.016540387645363808
0.03475528955459595
0.03457481414079666
0.008104436099529266
0.014547405764460564
0.017208658158779144
0.010667611844837666
0.013556071557104588
0.006729986052960157
0.03090512752532959
0.015829110518097878
0.009716126136481762
0.024540917947888374
0.0011386711848899722
0.01888107694685459
0.008396703749895096
0.00485936738550663
0.03751961886882782
0.0480949804186821
0.019725937396287918
0.009445111267268658
0.0057434262707829475
0.05177898705005646
0.026462454348802567
0.03465726599097252
0.02321592904627323
0.0024303472600877285
0.03052208013832569
0.014107431285083294
0.04689681529998779
0.019436972215771675
0.007096304092556238
0.026546534150838852
0.040994469076395035
0.027607716619968414
0.018139377236366272
0.012819171883165836
0.002550385193899274
0.02008921280503273
0.019896186888217926
0.03286898881196976
0.014921165071427822
0.0032681189477443695
0.009462433867156506
0.04909870773553848
0.028399832546710968
0.009204731322824955
0.02278827130794525
0.0006530571263283491
0.004219381604343653
0.03863808885216713
0.023137222975492477
0.052439626306295395
0.0038269010838121176
0.011396702378988266
0.003198794322088361
0.027729934081435204
0.09174806624650955
0.004403375554829836
0.00504549965262413
0.00572259770706296
0.020286589860916138
0.012301377020776272
0.035616692155599594
0.021796677261590958
0.008617551997303963
0.006206819787621498
0.026244686916470528
0.0018589799292385578
0.04565697908401489
0.05403335765004158
0.017567690461874008
0.01592557318508625
0.02195781283080578
0.002791793318465352
0.01731371134519577
0.022413235157728195
0.02262866497039795
0.07010634988546371
0.016326667740941048
0.029379626736044884
0.009627185761928558
0.006444911938160658
0.032820574939250946
0.019857708364725113
0.10133446753025055
0.07983361929655075
0.018999092280864716
0.007868357934057713
0.02271047607064247
0.004051201976835728
0.021410183981060982
0.05098693072795868
0.004387729335576296
0.0067170304246246815
0.012234459631145
0.010861438699066639
0.015370743349194527
0.01163338404148817
0.02690816856920719
0.044702064245939255
0.008324517868459225
0.00623647216707468
0.005397697910666466
0.018286140635609627
0.018762748688459396
0.022432951256632805
0.04146585986018181
0.005064926575869322
0.004835895728319883
0.042524442076683044
0.018676379695534706
0.00868381280452013
0.02714025042951107
0.07914125174283981
0.012600904330611229
0.007209435570985079
0.053422242403030396
0.005787962581962347
0.03376292064785957
0.00779899675399065
0.010738937184214592
0.006932036019861698
0.08127730339765549
0.026452643796801567
0.03933136537671089
0.013754268176853657
0.007808342110365629
0.011363760568201542
0.005499142222106457
0.011759957298636436
0.004801337607204914
0.010646570473909378
0.010910311713814735
0.011320431716740131
0.013428036123514175
0.03689571097493172
0.0017147153848782182
0.007560764439404011
0.015056976117193699
0.006735390052199364
0.005838869139552116
0.015110955573618412
0.030310796573758125
0.04272022470831871
0.022936910390853882
0.003702242858707905
0.04269977658987045
0.009458839893341064
0.11609899997711182
0.02301376312971115
0.024178674444556236
0.0008321333443745971
0.03452564775943756
0.042350076138973236
0.05451863259077072
0.013919658027589321
0.04619554057717323
0.023556958884000778
0.017329391092061996
0.025350723415613174
0.026283280923962593
0.022150279954075813
0.010189690627157688
0.033274129033088684
0.0031313735526055098
0.03169306740164757
0.04514015093445778
0.023488953709602356
0.008176280185580254
0.002206561155617237
0.02880437858402729
0.017808888107538223
0.0017346084350720048
0.0029970197938382626
0.033354178071022034
0.006202272605150938
0.014465495944023132
0.016491014510393143
0.026351448148489
0.0031779988203197718
0.024546107277274132
0.0016839600866660476
0.06853178888559341
0.009611613117158413
0.011064261198043823
0.0045812395401299
0.01681208424270153
0.003454850520938635
0.048684924840927124
0.004580904729664326
0.04986072704195976
0.036020394414663315
0.007716508116573095
0.04936661943793297
0.030769698321819305
0.018524838611483574
0.004340033046901226
0.008760019205510616
0.004047006368637085
0.02772711217403412
0.027154523879289627
0.014013528823852539
0.02085508592426777
0.027382539585232735
0.023116381838917732
0.005977496039122343
0.002160132396966219
0.04013289138674736
0.024427978321909904
0.03332730382680893
0.019572440534830093
0.02460355870425701
0.014634933322668076
0.01282849907875061
0.0034361067228019238
0.028841985389590263
0.018574751913547516
0.017444929108023643
0.021815432235598564
0.042446378618478775
0.027649054303765297
0.010017800144851208
0.034822288900613785
0.053926240652799606
0.0327119454741478
0.03155883401632309
0.005646158941090107
0.02085910551249981
0.018485454842448235
0.030158262699842453
0.1491713523864746
0.004107567947357893
0.004170726053416729
0.04508122056722641
0.00963679887354374
0.0011728990357369184
0.0105278380215168
0.04041677340865135
0.012040655128657818
0.03332407772541046
0.032089561223983765
0.004699504468590021
0.004004218615591526
0.013285522349178791
0.013179446570575237
0.009553362615406513
0.037925250828266144
0.01260465383529663
0.013804667629301548
0.009135913103818893
0.003317084861919284
0.00716420030221343
0.003895017085596919
0.02105799876153469
0.017777903005480766
0.005689434707164764
0.047513678669929504
0.03693368658423424
0.0036647594533860683
0.00886878464370966
0.004589349031448364
0.01841357722878456
0.08209498226642609
0.026496611535549164
0.0025486466474831104
0.0034093030262738466
0.015060843899846077
0.013358386233448982
0.005409314297139645
0.0041506034322083
0.03881393373012543
0.003776016877964139
0.0023640315048396587
0.009980065748095512
0.03230927884578705
0.004851782228797674
0.002794312546029687
0.04262183606624603
0.005089506972581148
0.008087311871349812
0.0024289367720484734
0.04731431230902672
0.01457981951534748
0.034225307404994965
0.010118396952748299
0.002966486383229494
0.013144266791641712
0.0019191743340343237
0.01810392737388611
0.022787639871239662
0.015178919769823551
0.018127957358956337
0.03256995603442192
0.006414344068616629
0.032615531235933304
0.028936492279171944
0.017109904438257217
0.011269879527390003
0.023361463099718094
0.014032074250280857
0.009488285519182682
0.004538816399872303
0.03015604428946972
0.0025916777085512877
0.0028474638238549232
0.0019549038261175156
0.006745778489857912
0.002583589870482683
0.04067429155111313
0.04930403456091881
0.0022461325861513615
0.021857205778360367
0.021943505853414536
0.025321973487734795
0.01451974269002676
0.005919619929045439
0.020892580971121788
0.061194371432065964
0.029757389798760414
0.02131696045398712
0.023264946416020393
0.0017144203884527087
0.005823793355375528
0.01396317407488823
0.027982564643025398
0.024278871715068817
0.040630485862493515
0.006094624754041433
0.011703001335263252
0.006348290480673313
0.009378083050251007
0.0049300771206617355
0.01056829746812582
0.0170685276389122
0.007091348525136709
0.012548447586596012
0.013283118605613708
0.039854615926742554
0.02155868336558342
0.004986821673810482
0.004375579301267862
0.0058610569685697556
0.0022097763139754534
0.019266078248620033
0.04697570949792862
0.004847976379096508
0.00854142289608717
0.011426031589508057
0.014438187703490257
0.008546453900635242
0.010393491946160793
0.010870068334043026
0.01923438534140587
0.023404087871313095
0.010853467509150505
0.01366936694830656
0.0050965603440999985
0.008360960520803928
0.006346920970827341
0.017155276611447334
0.003124576061964035
0.002212120220065117
0.004812740255147219
0.03609616309404373
0.005626888480037451
0.03640195354819298
0.015490281395614147
0.009136258624494076
0.009140493348240852
0.03198128193616867
0.014418590813875198
0.019968952983617783
0.023750055581331253
0.024236872792243958
0.03014153428375721
0.020335309207439423
0.03417068347334862
0.020145397633314133
0.048230770975351334
0.031467217952013016
0.023737715557217598
0.004385391715914011
0.015502521768212318
0.020399292930960655
0.005596847273409367
0.014214470051229
0.027412177994847298
0.012692625634372234
0.01587625965476036
0.014699325896799564
0.006198317743837833
0.04571736976504326
0.010293299332261086
0.018443994224071503
0.025206489488482475
0.014893367886543274
0.004317327868193388
0.004233196843415499
0.0028993787709623575
0.010149938985705376
0.012106325477361679
0.023910386487841606
0.012083793058991432
0.009864794090390205
0.021302340552210808
0.005110876634716988
0.0035526787396520376
0.052314624190330505
0.0073575242422521114
0.006440293043851852
0.014811903238296509
0.013626026920974255
0.07328161597251892
0.017298676073551178
0.01872059516608715
0.01351446658372879
0.14612779021263123
0.07309098541736603
0.002610365627333522
0.03190547227859497
0.00787170510739088
0.04754176735877991
0.05590240657329559
0.0050935689359903336
0.019008083269000053
0.0071581508964300156
0.008039617910981178
0.028733158484101295
0.012072691693902016
0.021239029243588448
0.003397261258214712
0.04774735867977142
0.02503168024122715
0.041450027376413345
0.0004793013504240662
0.00414503738284111
0.02523134835064411
0.01605650968849659
0.07371465116739273
0.007772936951369047
0.0018271193839609623
0.011486238799989223
0.04272232577204704
0.003908269573003054
0.031408581882715225
0.06560957431793213
0.00421605771407485
0.008253184147179127
0.017066245898604393
0.002815940883010626
0.011265424080193043
0.00991587620228529
0.005388645455241203
0.04330108314752579
0.08165204524993896
0.0038205815944820642
0.0038894438184797764
0.013500677421689034
0.01820436306297779
0.005449413787573576
0.04984014108777046
0.06077472120523453
0.011601446196436882
0.021924855187535286
0.04426594451069832
0.002976504387333989
0.025705862790346146
0.046631768345832825
0.12251473218202591
0.011687584221363068
0.07244600355625153
0.007499616127461195
0.00841553881764412
0.06899282336235046
0.012673657387495041
0.03605077043175697
0.09525513648986816
0.009731062687933445
0.002739342860877514
0.019035158678889275
0.001187102752737701
0.048943180590867996
0.03270033374428749
0.03906267508864403
0.019639886915683746
0.014472626149654388
0.034963808953762054
0.049162913113832474
0.007767796982079744
0.019733263179659843
0.011222762055695057
0.004562032409012318
0.009951556101441383
0.007938540540635586
0.012715773656964302
0.006739875301718712
0.0729750469326973
0.03313310071825981
0.007559077814221382
0.051399827003479004
0.024126814678311348
0.011593226343393326
0.041783977299928665
0.01690012402832508
0.003603629069402814
0.012033998966217041
0.026824381202459335
0.04179636761546135
0.044740401208400726
0.032678909599781036
0.013025305233895779
0.01715751551091671
0.0015944328624755144
0.023093225434422493
0.03362424671649933
0.02658943459391594
0.006154657807201147
0.008035171777009964
0.0034270924516022205
0.001328329904936254
0.011510994285345078
0.017241230234503746
0.029722368344664574
0.005506826564669609
0.005832490511238575
0.0400850735604763
0.011286171153187752
0.044232077896595
0.007638947106897831
0.061311379075050354
0.00493628578260541
0.02021481841802597
0.0073459818959236145
0.015288475900888443
0.006440852303057909
0.010907609015703201
0.0031451380345970392
0.03591717407107353
0.01816611923277378
0.01926727034151554
0.02486509084701538
0.013739756308495998
0.015539372339844704
0.0578426830470562
0.0016449133399873972
0.002144807018339634
0.005047007463872433
0.03376103937625885
0.006245281547307968
0.0455424003303051
0.05970213562250137
0.007356563117355108
0.011802228167653084
0.04055800288915634
0.0034909863024950027
0.02227768301963806
0.022629152983427048
0.0030022545251995325
0.003998937085270882
0.021221991628408432
0.05102379992604256
0.04190968722105026
0.05422669276595116
0.009672338142991066
0.05436425656080246
0.00673148687928915
0.0055818380787968636
0.03407181799411774
0.00610345508903265
0.030236447229981422
0.019278928637504578
0.07296255230903625
0.005913424771279097
0.02628515660762787
0.0014809508575126529
0.010158084332942963
0.011635496281087399
0.004193167667835951
0.02185334451496601
0.006560799665749073
0.09104236215353012
0.06801027059555054
0.05092000588774681
0.04008202999830246
0.04512821137905121
0.0019245411967858672
0.021388612687587738
0.05415407195687294
0.03628575801849365
0.02171456813812256
0.020851658657193184
0.041409529745578766
0.013880733400583267
0.06582099944353104
0.010493632405996323
0.05230801925063133
0.045682284981012344
0.013956639915704727
0.0022262295242398977
0.026608554646372795
0.022388122975826263
0.011078965850174427
0.05275386944413185
0.011167068034410477
0.01758260652422905
0.008837223052978516
0.03026895597577095
0.023586256429553032
0.004396084230393171
0.018730247393250465
0.011627585627138615
0.031645216047763824
0.004715524148195982
0.01667925715446472
0.0030770529992878437
0.014804787002503872
0.0432526133954525
0.0015382564160972834
0.1278049349784851
0.003362427931278944
0.002843694295734167
0.022272590547800064
0.019309483468532562
0.016096407547593117
0.01335863582789898
0.05867146700620651
0.004736990202218294
0.010685923509299755
0.04489006847143173
0.0173480324447155
0.004295117687433958
0.013652070425450802
0.048256997019052505
0.01780426688492298
0.052573706954717636
0.05126776173710823
0.08777958154678345
0.010583046823740005
0.017755704000592232
0.031578924506902695
0.010100036859512329
0.022456325590610504
0.036031413823366165
0.005215335171669722
0.009421980939805508
0.03392624109983444
0.022969266399741173
0.09023354202508926
0.017535362392663956
0.042968712747097015
0.004211188293993473
0.022009344771504402
0.005549984518438578
0.01665048487484455
0.038545724004507065
0.021819613873958588
0.047982968389987946
0.03139638900756836
0.0532795675098896
0.009506936185061932
0.009768030606210232
0.0047048344276845455
0.0033220387995243073
0.007878619246184826
0.049554403871297836
0.007844232954084873
0.05718454346060753
0.004221850074827671
0.002433258341625333
0.002666490152478218
0.04522164538502693
0.1005576103925705
0.02703334018588066
0.01762576401233673
0.044112224131822586
0.010927915573120117
0.003954568412154913
0.0021340344101190567
0.0027042415458709
0.00704934960231185
0.061687152832746506
0.017057951539754868
0.03778941184282303
0.028576666489243507
0.0075288619846105576
0.004631203133612871
0.0034448185469955206
0.0387691967189312
0.00392449414357543
0.0030456418171525
0.00923782680183649
0.01751793920993805
0.0030000365804880857
0.03609761595726013
0.020475316792726517
0.015504859387874603
0.010134043172001839
0.0227927565574646
0.009801561012864113
0.0017937091179192066
0.008134550414979458
0.04216237738728523
0.016190463677048683
0.0013120885705575347
0.006291758269071579
0.048024315387010574
0.014363545924425125
0.0055929627269506454
0.009803278371691704
0.06220041960477829
0.001798692625015974
0.06692788004875183
0.009695757180452347
0.005428736098110676
0.015998337417840958
0.04306010156869888
0.018740152940154076
0.006301235407590866
0.03016989678144455
0.043410759419202805
0.006842473521828651
0.03649246692657471
0.040335286408662796
0.029903914779424667
0.03671840578317642
0.012197667732834816
0.020948700606822968
0.046787701547145844
0.0054921479895710945
0.014055627398192883
0.03040613792836666
0.047513436526060104
0.042485423386096954
0.014615961350500584
0.034621186554431915
0.06254951655864716
0.010495735332369804
0.009746880270540714
0.014731345698237419
0.008000826463103294
0.02394144795835018
0.04627052694559097
0.01693689450621605
0.08779766410589218
0.01285028737038374
0.017167851328849792
0.006376650184392929
0.036527566611766815
0.04127209633588791
0.0032764789648354053
0.008401093073189259
0.03321168199181557
0.01565834879875183
0.015537356957793236
0.004836684558540583
0.03905057534575462
0.022467201575636864
0.0160638689994812
0.01575961895287037
0.012583710253238678
0.019328730180859566
0.021574318408966064
0.01201497670263052
0.007904485799372196
0.002418265212327242
0.02806064300239086
0.009473830461502075
0.021043363958597183
0.014522440731525421
0.00738724647089839
0.03422241285443306
0.03661748021841049
0.01859847828745842
0.0378701351583004
0.0033503673039376736
0.02515549026429653
0.013018738478422165
0.02909407950937748
0.0038818400353193283
0.0281145628541708
0.017507119104266167
0.015017571859061718
0.03878326341509819
0.0029910060111433268
0.026510167866945267
0.009248011745512486
0.026263441890478134
0.0176375862210989
0.021134594455361366
0.009838680736720562
0.01669670268893242
0.03872382268309593
0.02041045017540455
0.008305116556584835
0.02187829464673996
0.0031781927682459354
0.03848655894398689
0.007097215857356787
0.04254583641886711
0.021387184038758278
0.028973784297704697
0.009259705431759357
0.005173894576728344
0.005224360153079033
0.002542217029258609
0.006081079598516226
0.022609416395425797
0.023927513509988785
0.012217219918966293
0.010754442773759365
0.021892337128520012
0.002563271438702941
0.005665111355483532
0.005776379723101854
0.02662591077387333
0.002324163680896163
0.005594009533524513
0.006648522801697254
0.004444978665560484
0.009998874738812447
0.04917990416288376
0.008453268557786942
0.006515334360301495
0.03188689798116684
0.06889289617538452
0.010748091153800488
0.02276257984340191
0.027193551883101463
0.004570442717522383
0.0344112291932106
0.0013729213969781995
0.04226275533437729
0.021318336948752403
0.006497496739029884
0.05451340228319168
0.021477576345205307
0.005807350389659405
0.0158632081001997
0.03182866424322128
0.022651884704828262
0.0018887714250013232
0.011744437739253044
0.05092783644795418
0.018574394285678864
0.00809773150831461
0.013187899254262447
0.013538103550672531
0.006888536270707846
0.012054335325956345
0.0053259339183568954
0.005563602317124605
0.011128989979624748
0.0028019133023917675
0.011507421731948853
0.020666278898715973
0.033719874918460846
0.032338157296180725
0.003924131393432617
0.0014497210504487157
