0.039285238832235336
0.014935476705431938
0.005948521662503481
0.06191315874457359
0.0017577011603862047
0.0063934591598808765
0.004131673835217953
0.0022468524985015392
0.005749276839196682
0.00893269944936037
0.005185731686651707
0.02821306884288788
0.0016993165481835604
0.0035771133843809366
0.03678557649254799
0.0062628514133393764
0.0045050205662846565
0.00038591542397625744
0.0032115262001752853
0.004459379240870476
0.003458556719124317
0.03441239893436432
0.0290996003895998
0.011601444333791733
0.0007279002456925809
0.0208154134452343
0.003675908548757434
0.07602229714393616
0.0018439432606101036
0.005589671898633242
0.003756945952773094
0.01629047840833664
0.0021160512696951628
0.008043382316827774
0.0014331627171486616
0.018225640058517456
0.02860327437520027
0.005777143873274326
0.019538894295692444
0.0004968025605194271
0.0029101206455379725
0.016742585226893425
0.0005337148904800415
0.016142208129167557
0.045382529497146606
0.025795839726924896
0.03300948441028595
0.010575820691883564
0.032232288271188736
0.02702624537050724
0.0270039364695549
0.017553213983774185
0.010359669104218483
0.012336470186710358
0.04132205247879028
0.00895655993372202
0.013284719549119473
0.04865259304642677
0.03300708532333374
0.006967394612729549
0.014978689141571522
0.03552846238017082
0.00607323506847024
0.0013175144558772445
0.0008626685012131929
0.010642161592841148
0.007993181236088276
0.03853455185890198
0.013914297334849834
0.0019963597878813744
0.016581211239099503
0.00850596185773611
0.0054422165267169476
0.0032491779420524836
0.0011221127351745963
0.004843453876674175
0.0037681483663618565
0.0015077389543876052
0.0014158536214381456
0.007404020521789789
0.009274216368794441
0.005293042864650488
0.036643221974372864
0.05716746672987938
0.0008053135243244469
0.00011693255510181189
0.0029144021682441235
0.026283541694283485
0.002891392447054386
0.003687135875225067
0.028317410498857498
0.009731951169669628
0.02469382993876934
0.0033305122051388025
0.009115077555179596
0.001168044051155448
0.017218172550201416
0.0004741535522043705
0.007567322812974453
0.0020768139511346817
0.013136345893144608
0.006112945731729269
0.021381154656410217
0.009833129122853279
0.0049694315530359745
0.03722219914197922
0.0013001681072637439
0.006735487841069698
0.03766917064785957
0.01445036195218563
0.008840120397508144
0.050457797944545746
0.001843982026912272
0.017992936074733734
0.003055545035749674
0.039981767535209656
0.002892743330448866
0.015093699097633362
0.024894945323467255
0.018437497317790985
0.006623972672969103
0.002485380508005619
0.005279394797980785
0.005262461025267839
0.05185806751251221
0.006931997835636139
0.004863577429205179
0.0006668648566119373
0.022096991539001465
0.0064205569215118885
0.004506370518356562
0.009460900910198689
0.005945664830505848
0.010494062677025795
0.00549537967890501
0.021654821932315826
0.01062597893178463
0.0034780814312398434
0.02509593591094017
0.01051541417837143
0.03979368880391121
0.02346467599272728
0.01444620918482542
0.053418438881635666
0.0268231313675642
0.0067265876568853855
0.001201589242555201
0.006339206360280514
0.002305117202922702
0.007430910598486662
0.026047777384519577
0.004967845510691404
0.0053960178047418594
0.010430953465402126
0.008194105699658394
0.0015172623097896576
0.01165898609906435
0.021952331066131592
0.004405029118061066
0.0004218181420583278
0.016220277175307274
0.014183241873979568
0.0020248712971806526
0.01610592007637024
0.0016397825675085187
0.0019480575574561954
0.012713213451206684
0.020424673333764076
0.023252272978425026
0.0013842263724654913
0.0020820340141654015
0.002888862509280443
0.03392079472541809
0.002223420422524214
0.016399266198277473
0.0036876762751489878
0.046406518667936325
0.022053152322769165
0.0019415515707805753
0.0025505179073661566
0.0031848279759287834
0.035516150295734406
0.0050926776602864265
0.011681214906275272
0.013527430593967438
0.0010374445701017976
0.01849500834941864
0.0025323117151856422
0.004875713959336281
0.02238462120294571
0.0013549895957112312
0.006348882801830769
0.013302636332809925
0.003873807145282626
0.04360773041844368
0.003986369352787733
0.0032880830112844706
0.0009573899442330003
0.0020946210715919733
0.048448726534843445
0.002142112236469984
0.021967492997646332
0.031077943742275238
0.0010845104698091745
0.010330389253795147
0.002415621420368552
0.002977249678224325
0.01314279343932867
0.005367838777601719
0.011351089924573898
0.024947309866547585
0.023123810067772865
0.03158048540353775
0.003371465252712369
0.04121536761522293
0.024555671960115433
0.0015999870374798775
0.006914832163602114
0.0018761219689622521
0.04503728449344635
0.043649815022945404
0.007994214072823524
0.00792640820145607
0.004645644687116146
0.017337098717689514
0.00545133464038372
0.029443392530083656
0.0026739316526800394
0.0026025143451988697
0.003457742277532816
0.03744979947805405
0.005785850808024406
0.0013602572726085782
0.00538019509986043
0.014323183335363865
0.002959704725071788
0.00622500479221344
0.0038446581456810236
0.007597248535603285
0.0009944839403033257
0.02169363759458065
0.002630760194733739
0.002385849831625819
0.012479525990784168
0.0006371626514010131
0.00951276533305645
0.001122155925258994
0.0023158108815550804
0.0025500082410871983
0.0003563564969226718
0.005084792617708445
0.0014787374529987574
0.0023369912523776293
0.002580430591478944
0.012856360524892807
0.003141595982015133
0.0018808217719197273
0.0066518597304821014
0.022430751472711563
0.0004806697543244809
0.009990404359996319
0.0006260967929847538
0.0006827604374848306
0.026959417387843132
0.017372505739331245
0.007997504435479641
0.0312541127204895
0.012392633594572544
0.021334899589419365
0.001818732707761228
0.01075395941734314
0.000696383707690984
0.02543262206017971
0.0005961065762676299
0.007905110716819763
0.014822284691035748
0.002580188913270831
0.022914793342351913
0.001118969637900591
0.0010329150827601552
0.001511936541646719
0.0015395751688629389
0.035065870732069016
0.004445888567715883
0.01932205632328987
0.010204692371189594
0.011773764155805111
0.006512389983981848
0.006509624887257814
0.016527093946933746
0.002299671294167638
0.01265687309205532
0.0006120695034042001
0.02352445386350155
0.005479257088154554
0.00030602628248743713
0.0012876057298853993
0.012122287414968014
0.0012603915529325604
0.004264716058969498
0.004016576800495386
0.08748828619718552
0.039897654205560684
0.00984632596373558
0.0035068546421825886
0.008827516809105873
0.006141177378594875
0.0002629557566251606
0.000972513051237911
0.0021011915523558855
0.004272994119673967
0.0014209046494215727
0.0001469446870032698
0.003338709007948637
0.012375050224363804
0.01755736581981182
0.00605348963290453
0.0620453916490078
0.003836125833913684
0.035479575395584106
0.006165568716824055
0.00031573997694067657
0.008418569341301918
0.01240876130759716
0.016539987176656723
0.07021235674619675
0.014754180796444416
0.009793711826205254
0.012952128425240517
0.02812081389129162
0.0036392356269061565
0.0006943659973330796
0.000280242005828768
0.020656462758779526
0.008276083506643772
0.005627441685646772
0.0017367483815178275
0.032427508383989334
0.02229311503469944
0.0013002825435250998
0.007117169909179211
0.022474274039268494
0.011589962057769299
0.0018437261460348964
0.057183463126420975
0.0009593786089681089
0.000785313022788614
0.011516185477375984
0.009690036065876484
0.017563091591000557
0.0012232547160238028
0.000619968050159514
0.0004274860257282853
0.004734993912279606
0.020265186205506325
0.007410225458443165
0.01442765723913908
0.008962837979197502
0.00017463689437136054
0.0008593547390773892
0.0006205603131093085
0.003388415090739727
0.021721770986914635
0.0009791167685762048
0.0009121914627030492
0.01531569380313158
0.00360364792868495
0.002905376721173525
0.0018924090545624495
0.000834727892652154
0.011888365261256695
0.0028692600317299366
0.014134733937680721
0.04404100775718689
0.0007461751229129732
0.012809181585907936
0.0008034884813241661
0.04288846626877785
0.0024046183098107576
0.014713231474161148
0.02429596334695816
0.007305703591555357
0.0012643374502658844
0.013742750510573387
0.010385886766016483
0.0035446854308247566
0.003183051012456417
0.0021378984674811363
0.05511131137609482
0.0013976080808788538
0.0009458894492127001
0.00269143795594573
0.0291762575507164
0.01117701269686222
0.0013338269200176
0.0032140854746103287
0.0017931745387613773
0.002802809001877904
0.0020396795589476824
0.006306917406618595
0.01608755998313427
0.0012841131538152695
0.00827049557119608
0.01607542484998703
0.0009568458190187812
0.00008117857214529067
0.010084850713610649
0.018188312649726868
0.0034383044112473726
0.02447514981031418
0.012786655686795712
0.0008179623982869089
0.0026650840882211924
0.005084095057100058
0.01875091902911663
0.02508854866027832
0.007811756804585457
0.005139520391821861
0.014496148563921452
0.0010856398148462176
0.0063725803047418594
0.014611845836043358
0.0009646677644923329
0.04488125815987587
0.006279869936406612
0.005335086490958929
0.04514661058783531
0.021380098536610603
0.0009464878239668906
0.001962321577593684
0.02855192869901657
0.0283669326454401
0.005537522491067648
0.0300603024661541
0.003860553028061986
0.006989383138716221
0.005894532892853022
0.016673767939209938
0.002470928942784667
0.015053444541990757
0.009365225210785866
0.0007012083660811186
0.006512206979095936
0.005679133348166943
0.002971262438222766
0.0016549635911360383
0.05529053509235382
0.0018220751080662012
0.02155672013759613
0.006499148905277252
0.0013907040702179074
0.001278817537240684
0.0800846517086029
0.006704987026751041
0.0028589845169335604
0.0024496556725353003
0.0023720446042716503
0.0005765223177149892
0.0020668422803282738
0.003149308729916811
0.007104817777872086
0.008330234326422215
0.00019453962158877403
0.018394244834780693
0.0021440982818603516
0.02889603190124035
0.013333339244127274
0.012973892502486706
0.0032633652444928885
0.0036668325774371624
0.02565690316259861
0.01822737045586109
0.028702372685074806
0.004038602579385042
0.002866261638700962
0.0029751425608992577
0.0004655014199670404
0.012455783784389496
0.025801964104175568
0.0061291721649467945
0.05123923346400261
0.009664337150752544
0.025453655049204826
0.02445155754685402
0.003959879279136658
0.003011465771123767
0.0053808419033885
0.0009656139300204813
0.0053931428119540215
0.007001480087637901
0.03352116793394089
0.0026067199651151896
0.005491736810654402
0.007509241346269846
0.00462524127215147
0.001871064305305481
0.00035497662611305714
0.0018075909465551376
0.009221258573234081
0.02880006842315197
0.003009808249771595
0.003421064233407378
0.024453993886709213
0.006447726394981146
0.0030452481005340815
0.016271499916911125
0.015161880291998386
0.02472243271768093
0.02427314780652523
0.002645789412781596
0.01668473333120346
0.0003117283049505204
0.001515042851679027
0.001299274736084044
0.002751066582277417
0.016300637274980545
0.00480713602155447
0.005576481111347675
0.008725201711058617
0.008927966468036175
0.005267123691737652
0.017921393737196922
0.029173679649829865
0.009223981760442257
0.017967473715543747
0.012292042374610901
0.0082620307803154
0.006700647529214621
0.0012824265286326408
0.002624706830829382
0.011303557083010674
0.0008540489943698049
0.021246878430247307
0.0030169724486768246
0.016501884907484055
0.0028695163782685995
0.011202429421246052
0.006879614666104317
0.020356373861432076
0.005374560598284006
0.024694913998246193
0.01382729783654213
0.0013624111888930202
0.0024749278090894222
0.0010042290668934584
0.00024323977413587272
0.033989209681749344
0.003173363395035267
0.0033705863170325756
0.01627589575946331
0.016648784279823303
0.00980979111045599
0.001858340110629797
0.01113690435886383
0.004750242456793785
0.010808701626956463
0.007578257471323013
0.013261811807751656
0.004996001720428467
0.013453161343932152
0.0691196471452713
0.013645765371620655
0.003271285677328706
0.016299191862344742
0.009862836450338364
0.0016975145554170012
0.004282912239432335
0.011230507865548134
0.0004004467627964914
0.001840498298406601
0.014246851205825806
0.0010423061903566122
0.0032895368058234453
0.03285753354430199
0.009369846433401108
0.00009441113797947764
0.00497009651735425
0.0022917320020496845
0.011012805625796318
0.0030859378166496754
0.025159867480397224
0.00734682334586978
0.010394074022769928
0.03923800587654114
0.002479207469150424
0.005863922648131847
0.02953924611210823
0.006402139086276293
0.0016465822700411081
0.007831349968910217
0.0010836158180609345
0.00023588260228279978
0.0012714146869257092
0.026305435225367546
0.0007551779272034764
0.0034168066922575235
0.011152696795761585
0.0038413864094763994
0.0015062907477840781
0.0014087187591940165
0.0018945788033306599
0.0024058567360043526
0.0032905503176152706
0.0026737807784229517
0.003267447231337428
0.0036107152700424194
0.00448072561994195
0.027477769181132317
0.000180073082447052
0.0022421933244913816
0.0033131884410977364
0.01752161607146263
0.004076551180332899
0.00323464791290462
0.016267819330096245
0.003489396069198847
0.002002864144742489
0.03417053073644638
0.004431574605405331
0.005336651112884283
0.0019321662839502096
0.0008970013586804271
0.03985252231359482
0.010813973844051361
0.04259230196475983
0.04826850816607475
0.0004996362840756774
0.0019701598212122917
0.014867236837744713
0.001170645235106349
0.013528211042284966
0.0022278293035924435
0.01299166027456522
0.00028128200210630894
0.013776683248579502
0.015796590596437454
0.0024377049412578344
0.0400691032409668
0.0009310324094258249
0.011585695669054985
0.0004991019377484918
0.005091436207294464
0.0038042725063860416
0.018862025812268257
0.004612140357494354
0.0033336649648845196
0.016446921974420547
0.003726883791387081
0.0015830835327506065
0.01233068760484457
0.0006631147698499262
0.03206508979201317
0.024070724844932556
0.009042630903422832
0.012442905455827713
0.0010558695066720247
0.002304786117747426
0.011828882619738579
0.0011618784628808498
0.009939118288457394
0.027488326653838158
0.00021387611923273653
0.0032710356172174215
0.02835165150463581
0.029995331540703773
0.0006703392718918622
0.022641479969024658
0.002249429002404213
0.0001790380192687735
0.01357968058437109
0.011147632263600826
0.037623193114995956
0.002612623618915677
0.010669803246855736
0.002955707488581538
0.012004503980278969
0.020253270864486694
0.001382121816277504
0.005982762668281794
0.0044827149249613285
0.035384442657232285
0.009160523302853107
0.0036263931542634964
0.04052679240703583
0.001290778280235827
0.014151732437312603
0.0027765368577092886
0.017635781317949295
0.002248699776828289
0.0040780059061944485
0.001486571622081101
0.021506832912564278
0.005658420268446207
0.0025937592145055532
0.000581664324272424
0.03508216142654419
0.012027144432067871
0.0008959044353105128
0.012659717351198196
0.005132571794092655
0.009489745832979679
0.012434612959623337
0.02417611889541149
0.023029766976833344
0.02781546674668789
0.008630543947219849
0.011521510779857635
0.010301544331014156
0.01966824010014534
0.0034493037965148687
0.00929983053356409
0.003138685366138816
0.006483290810137987
0.00135334231890738
0.017459141090512276
0.016553539782762527
0.0042598373256623745
0.001823524129576981
0.0015641165664419532
0.0017254359554499388
0.010266573168337345
0.004172228276729584
0.0036622791085392237
0.0149121368303895
0.003388600889593363
0.0005672330735251307
0.022366199642419815
0.0029093457851558924
0.005797725170850754
0.0063802460208535194
0.04521491378545761
0.0062849391251802444
0.01282499823719263
0.00278933672234416
0.008393188007175922
0.001110099139623344
0.013378744013607502
0.0006864963797852397
0.0014653676189482212
0.002020938554778695
0.0074921236373484135
0.0005972874932922423
0.04713662341237068
0.011493373662233353
0.007038644049316645
0.0025805786717683077
0.004445983096957207
0.0006333910278044641
0.0060184672474861145
0.003344173775985837
0.0013700748095288873
0.00477038836106658
0.0020197532139718533
0.0020877295173704624
0.0028735878877341747
0.0016888293903321028
0.024273360148072243
0.04139084741473198
0.00356302410364151
0.00025377923157066107
0.002962951548397541
0.006555409636348486
0.0062985909171402454
0.020264774560928345
0.0007779127918183804
0.0057653565891087055
0.053966961801052094
0.008395060896873474
0.0005500059924088418
0.016094760969281197
0.0012260056100785732
0.0030809789896011353
0.016862135380506516
0.004642134997993708
0.01392051950097084
0.0010471841087564826
0.005072322674095631
0.002967544598504901
0.0051520271226763725
0.001795168500393629
0.02827085554599762
0.00034249600139446557
0.007201163098216057
0.0015658334596082568
0.008318714797496796
0.01636696234345436
0.0012924952898174524
0.0007864953367970884
0.015384797938168049
0.0015790940960869193
0.0009734600316733122
0.0708513855934143
0.002365292049944401
0.0012896425323560834
0.0006358673563227057
0.0012306729331612587
0.05574871599674225
0.01940469816327095
0.026342758908867836
0.006340934429317713
0.005812205374240875
0.009457575157284737
0.036403588950634
0.00512919295579195
0.0008095089579001069
0.03314422070980072
0.03702070191502571
0.002684216480702162
0.01720116101205349
0.005594276357442141
0.0018880427815020084
0.0037441225722432137
0.0031815115362405777
0.0013244543224573135
0.0232077743858099
0.001215204014442861
0.0024433613289147615
0.003775888355448842
0.004911895375698805
0.004122310318052769
0.002919131889939308
0.008772875182330608
0.001777768018655479
0.038066569715738297
0.0013721238356083632
0.0038917886558920145
0.08099949359893799
0.0007025658851489425
0.01239527016878128
0.012587317265570164
0.0015666995896026492
0.002242565853521228
0.0005377786583267152
0.025936832651495934
0.00226722564548254
0.009426932781934738
0.0013322527520358562
0.014813934452831745
0.007403143681585789
0.011224634945392609
0.0016807348001748323
0.0024308855645358562
0.011135390028357506
0.0036176335997879505
0.014898511581122875
0.007732598576694727
0.018751617521047592
0.009967471472918987
0.0027718350756913424
0.00925517175346613
0.04094068706035614
0.0005960245034657419
0.010191968642175198
0.01754150539636612
0.00462956540286541
0.0035413510631769896
0.0005617720307782292
0.03386835381388664
0.00644325464963913
0.027526039630174637
0.008305445313453674
0.019230514764785767
0.002157884417101741
0.036678194999694824
0.0010351886739954352
0.007970938459038734
0.03164296969771385
0.001526199048385024
0.009406817145645618
0.007187435869127512
0.003352533560246229
0.002081403974443674
0.03094957396388054
0.014838621951639652
0.004202812444418669
0.028095532208681107
0.002321072621271014
0.013444943353533745
0.004868393763899803
0.0005691056721843779
0.027545033022761345
0.009460891596972942
0.003900282783433795
0.07097738981246948
0.0020981566049158573
0.007066866382956505
0.001581829972565174
0.008591952733695507
0.011718465015292168
0.02288569137454033
0.004119543358683586
0.0006001691799610853
0.0026637015398591757
0.0007686152821406722
0.010889112949371338
0.0019263183930888772
0.002155896509066224
0.024926146492362022
0.0017150636995211244
0.012307262979447842
0.004954156000167131
0.0018730434821918607
0.0381949283182621
0.009077256545424461
0.007753901649266481
0.005286523140966892
0.010389170609414577
0.025039343163371086
0.04480326175689697
0.014480001293122768
0.012387777678668499
0.00017639441648498178
0.001963627291843295
0.019746532663702965
0.004514473490417004
0.011920110322535038
0.031179040670394897
0.023483360186219215
0.003937060944736004
0.003793169977143407
0.013853540644049644
0.0005181407323107123
0.006989569868892431
0.019517304375767708
0.0045777494087815285
0.0035318047739565372
0.021474646404385567
0.027153030037879944
0.06315917521715164
0.006364783737808466
0.09281976521015167
0.037777043879032135
0.0033904046285897493
0.007991349324584007
0.0014471139293164015
0.0026728580705821514
0.0054756999015808105
0.005550432950258255
0.0020095068030059338
0.0024092555977404118
0.018288923427462578
0.011996726505458355
0.002926656510680914
0.03854656219482422
0.008514073677361012
0.02976938895881176
0.013610881753265858
0.0016025934601202607
0.004911554045975208
0.001883917604573071
0.004683385603129864
0.0037255382630974054
0.008242274634540081
0.002821449190378189
0.005806174129247665
0.001919418922625482
0.005836381111294031
0.004527837969362736
0.004719086457043886
0.002237379550933838
0.0010616581421345472
0.0031893609557300806
0.009802737273275852
0.053299255669116974
0.006762301083654165
0.005034015513956547
0.005704763811081648
0.0031940594781190157
0.009119786322116852
0.0008587421616539359
0.018003156408667564
0.012440324760973454
0.007679532747715712
0.026345791295170784
0.004842756316065788
0.0019911343697458506
0.002684040693566203
0.01082106214016676
0.001636506407521665
0.02292013354599476
0.003009025240316987
0.025629686191678047
0.013878650963306427
0.0011104550212621689
0.0071891481056809425
0.0007491710130125284
0.016577228903770447
0.002287260489538312
0.013381116092205048
0.0007940694922581315
0.010175993666052818
0.005913826171308756
0.005148435942828655
0.02487032487988472
0.017256055027246475
0.003658897243440151
0.003996030893176794
0.0026024479884654284
0.011873937211930752
0.0014244363410398364
0.003235853975638747
0.00022526053362526
0.004679499194025993
0.00044487600098364055
0.0156441368162632
0.003232871647924185
0.0020625360775738955
0.0010432014241814613
0.004833607468754053
0.0014807553961873055
0.012498085387051105
0.002994563663378358
0.001784524298273027
0.004067345522344112
0.0021511060185730457
0.037296924740076065
0.002697473857551813
0.022927159443497658
0.0001893724111141637
0.003265188541263342
0.0027170642279088497
0.003933003172278404
0.018048733472824097
0.002294939011335373
0.0037161284126341343
0.0014503604033961892
0.057686347514390945
0.00035010327701456845
0.011267917230725288
0.004338339436799288
0.0018733826000243425
0.006814931984990835
0.020288078114390373
0.03335520252585411
0.03174479678273201
0.018821218982338905
0.03636716306209564
0.0024537742137908936
0.0005414104671217501
0.0018473444506525993
0.004343551583588123
0.013146841898560524
0.027686461806297302
0.015537158586084843
0.0007244960870593786
0.007041557226330042
0.005754447542130947
0.008426996879279613
0.002459248760715127
0.003360911039635539
0.0007398339221253991
0.004014464095234871
0.04441240429878235
0.01159973256289959
0.02122601866722107
0.011126154102385044
0.029988298192620277
0.009027731604874134
0.011345946229994297
0.013733322732150555
0.008767744526267052
0.004795989021658897
0.0006512042600661516
0.01689373329281807
0.003943295683711767
0.0441775806248188
0.003234813455492258
0.00788632407784462
0.013616308569908142
0.00185440294444561
0.006825647316873074
0.07887375354766846
0.004920353181660175
0.0011670150561258197
0.0028437513392418623
0.0038654739037156105
0.0068417745642364025
0.08709805458784103
0.008698111400008202
0.06821288913488388
0.003337401896715164
0.023279478773474693
0.007093172054737806
0.0026693944819271564
0.0003785408043768257
0.0021353161428123713
0.0020935654174536467
0.012522515840828419
0.006629276089370251
0.016419028863310814
0.0018675855826586485
0.005977935623377562
0.0005610373336821795
0.0024784784764051437
0.0009207785478793085
0.0025257961824536324
0.005272753071039915
0.0007865006336942315
0.003824751591309905
0.005030907224863768
0.0022651441395282745
0.001022961805574596
0.004687759559601545
0.011307410895824432
0.044425662606954575
0.006223584990948439
0.006395115051418543
0.0233550276607275
0.0008202166063711047
0.0019431874388828874
0.013845966197550297
0.0012134179705753922
0.021287130191922188
0.011784320697188377
0.0032801120541989803
0.013732677325606346
0.006283092312514782
0.013304357416927814
0.014381085522472858
0.030393339693546295
0.0005646537756547332
0.019508959725499153
0.006796089932322502
0.00030583233456127346
0.003494036151096225
0.006289519369602203
0.0062994458712637424
0.022869965061545372
0.0047985645942389965
0.04911379516124725
0.0017874835757538676
0.0040462384931743145
0.028796814382076263
0.0007139581139199436
0.004790513776242733
0.02369113266468048
0.0025062300264835358
0.0035104844719171524
0.006794896442443132
0.023734675720334053
0.023888282477855682
0.004891964141279459
0.009020410478115082
0.018665852025151253
0.015268873423337936
0.03684569150209427
0.002833510050550103
0.007590078748762608
0.003517256351187825
0.004984932951629162
0.0007003190694376826
0.0011636429699137807
0.02349659986793995
0.017606021836400032
0.002605075016617775
0.01176493614912033
0.0006602916400879622
0.005258740391582251
0.01763327792286873
0.00914332177489996
0.0005511766648851335
0.005191108211874962
0.0016516243340447545
0.017177864909172058
0.004275810439139605
0.0881599560379982
0.007401293609291315
0.014919341541826725
0.01740829087793827
0.008219599723815918
0.001101137837395072
0.012075178325176239
0.050892557948827744
0.0014798889169469476
0.01937892474234104
0.0033302949741482735
0.0017575336387380958
0.013585834763944149
0.007851728238165379
0.018099244683980942
0.00653888238593936
0.008284960873425007
0.009052335284650326
0.016268856823444366
0.0018477030098438263
0.0019756644032895565
0.0008864399860613048
0.0018171812407672405
0.01619727537035942
0.006395856384187937
0.008413407020270824
0.004535798914730549
0.0065868450328707695
0.010831356048583984
0.0003124881477560848
0.002232883358374238
0.0035603754222393036
0.00594114325940609
0.018146689981222153
0.016811706125736237
0.07845223695039749
0.00045005284482613206
0.002599709667265415
0.006476470269262791
0.010959374718368053
0.0016716993413865566
0.026011262089014053
0.0026783382054418325
0.012520900927484035
0.0048548080958426
0.0010698711266741157
0.0013015990843996406
0.006783748045563698
0.003535135881975293
0.005072583444416523
0.026601972058415413
0.023909837007522583
0.0021260215435177088
0.009483530186116695
0.017114711925387383
0.015737414360046387
0.007806460838764906
0.019734349101781845
0.0033222564961761236
0.005366661120206118
0.0012702151434496045
0.002775376196950674
0.04375559464097023
0.002651945920661092
0.0029062977991998196
0.00033647625241428614
0.0008044225396588445
0.003300415351986885
0.01749797724187374
0.004529732745140791
0.04140109196305275
0.005377102177590132
0.0030834709759801626
0.025114864110946655
0.008060425519943237
0.00671054283156991
0.0014373138546943665
0.0014947598101571202
0.011539866216480732
0.0012544554192572832
0.010213885456323624
0.022528154775500298
0.0189253818243742
0.0054704961366951466
0.013871848583221436
0.0025749271735548973
0.005040097516030073
0.006282728631049395
0.023987915366888046
0.007605156861245632
0.04725005477666855
0.011753112077713013
0.019908152520656586
0.0013981114607304335
0.037610188126564026
0.00499466247856617
0.00719456747174263
0.004261219408363104
0.03538556024432182
0.05188354104757309
0.014109757728874683
0.029820622876286507
0.03061869740486145
0.009774502366781235
0.01881324127316475
0.06356574594974518
0.03267167508602142
0.005946350283920765
0.001823214697651565
0.0015798709355294704
0.0034375283867120743
0.006748209707438946
0.0004452150024008006
0.0011043985141441226
0.005475022830069065
0.02305600605905056
0.04399418085813522
0.0008143761660903692
0.018154550343751907
0.0011654322734102607
0.0014155638637021184
0.0007838128949515522
0.00591673981398344
0.0018490320071578026
0.018683262169361115
0.007626584731042385
0.005386570002883673
0.0003293061163276434
0.027379732578992844
0.043404243886470795
0.021209904924035072
0.012649728916585445
0.0065221325494349
0.0004909708513878286
0.02329167164862156
0.0003971585538238287
0.0002034521457972005
0.0025298360269516706
0.0023749826941639185
0.008029519580304623
0.023095421493053436
0.005466497037559748
0.04792225733399391
0.018796157091856003
0.001757024205289781
0.009432041086256504
0.0076917437836527824
0.006846684031188488
0.0015765505377203226
0.008217058144509792
0.012015619315207005
0.0324723981320858
0.004449422471225262
0.025425245985388756
0.008006449788808823
