0.003969988320022821
0.019402872771024704
0.009039795026183128
0.003052967833355069
0.016320649534463882
0.04551994800567627
0.027259541675448418
0.012700009159743786
0.031596485525369644
0.009752500802278519
0.01781073771417141
0.00545044569298625
0.0023506516590714455
0.005485435016453266
0.007228641305118799
0.00521986186504364
0.049988195300102234
0.008774027228355408
0.0291664507240057
0.007912845350801945
0.015480510890483856
0.0360189713537693
0.005623575299978256
0.004856931511312723
0.0065803080797195435
0.013475623913109303
0.03218179941177368
0.002098385477438569
0.025340737774968147
0.03032439574599266
0.011981676332652569
0.006958837620913982
0.014928865246474743
0.010704156011343002
0.021348485723137856
0.005511124152690172
0.0029267300851643085
0.026830174028873444
0.0316193625330925
0.022814126685261726
0.020155007019639015
0.005802180618047714
0.017209598794579506
0.01553056575357914
0.004547168500721455
0.015523968264460564
0.035212643444538116
0.003449516836553812
0.009819074533879757
0.018761806190013885
0.03645915538072586
0.03735531494021416
0.011516963131725788
0.006274034269154072
0.026643048971891403
0.0013184102717787027
0.013885345309972763
0.015976514667272568
0.027980348095297813
0.008476420305669308
0.012004063464701176
0.011014634743332863
0.00876064132899046
0.05519196391105652
0.007988180965185165
0.004783330950886011
0.007301271427422762
0.005616225767880678
0.019229261204600334
0.012284702621400356
0.021661175414919853
0.004604768473654985
0.02019616775214672
0.01627860963344574
0.007511335890740156
0.016165226697921753
0.0012865024618804455
0.024206014350056648
0.044685766100883484
0.004774866160005331
0.01480192318558693
0.020767835900187492
0.004998614080250263
0.01769188977777958
0.004360455088317394
0.03549400344491005
0.003706943243741989
0.040565792471170425
0.041523851454257965
0.05956277251243591
0.012088156305253506
0.004932229407131672
0.025312580168247223
0.011851886287331581
0.000824490562081337
0.003612126689404249
0.005023627076297998
0.010795194655656815
0.0032580322585999966
0.009545274078845978
0.0053164721466600895
0.009202416054904461
0.002640319289639592
0.0014228986110538244
0.015120956115424633
0.002627365058287978
0.00787198543548584
0.003364153439179063
0.009409300982952118
0.002942292485386133
0.021838655695319176
0.005396145395934582
0.015921372920274734
0.00877906009554863
0.002096776384860277
0.01845921017229557
0.002958226017653942
0.003117924090474844
0.008999916724860668
0.007501265965402126
0.05315335839986801
0.008002814836800098
0.02471138909459114
0.017390357330441475
0.005507963709533215
0.04303466156125069
0.006608555559068918
0.0008354730671271682
0.07361547648906708
0.00825589057058096
0.024002617225050926
0.03273410722613335
0.006364617496728897
0.06895548850297928
0.021864531561732292
0.039213135838508606
0.0030686850659549236
0.01856992207467556
0.003354628337547183
0.01853342540562153
0.0060471780598163605
0.053559254854917526
0.025385651737451553
0.044402528554201126
0.01207890547811985
0.014225581660866737
0.09718078374862671
0.022769389674067497
0.002429601503536105
0.0039014609064906836
0.012137014418840408
0.003988117445260286
0.004609482828527689
0.004015292506664991
0.023905325680971146
0.00868892576545477
0.01293897069990635
0.009134032763540745
0.020249977707862854
0.00593090383335948
0.0024427177850157022
0.006692519877105951
0.005040214397013187
0.021580245345830917
0.015047948807477951
0.02677532285451889
0.005931532476097345
0.011151507496833801
0.038019727915525436
0.005454931408166885
0.0008181438897736371
0.020717494189739227
0.027690351009368896
0.04616108909249306
0.018079981207847595
0.01664143055677414
0.01794351451098919
0.021595511585474014
0.005676211789250374
0.04709339514374733
0.05349119380116463
0.025956012308597565
0.027018047869205475
0.013678372837603092
0.060678452253341675
0.01599506102502346
0.0066144694574177265
0.023057732731103897
0.008130799047648907
0.060875054448843
0.00808124989271164
0.03317715972661972
0.004427170380949974
0.02570566162467003
0.013242842629551888
0.0033006593585014343
0.005548229906708002
0.01933657005429268
0.015817923471331596
0.05854586139321327
0.024940485134720802
0.023244718089699745
0.03692857176065445
0.051232028752565384
0.035447392612695694
0.07795939594507217
0.015925953164696693
0.010302097536623478
0.07534784823656082
0.03754106163978577
0.018244270235300064
0.02875910885632038
0.008726068772375584
0.04646195098757744
0.0049843559972941875
0.004991865251213312
0.008798873052001
0.001711693941615522
0.014714209362864494
0.025140827521681786
0.049586355686187744
0.026660021394491196
0.0038932382594794035
0.014414764009416103
0.0020741468761116266
0.012486068531870842
0.03594564273953438
0.013379519805312157
0.010769189335405827
0.00099575100466609
0.003957193810492754
0.0025905317161232233
0.007933476008474827
0.03516675904393196
0.01305979024618864
0.019719434902071953
0.010759389027953148
0.005459523294121027
0.03149667754769325
0.013722127303481102
0.004202412441372871
0.011333758011460304
0.0035414136946201324
0.0029794799629598856
0.002888812217861414
0.014777722768485546
0.009740650653839111
0.0058894772082567215
0.004783435724675655
0.0022596344351768494
0.006804007571190596
0.010870964266359806
0.014859916642308235
0.0036418342497199774
0.0022911520209163427
0.0038714795373380184
0.015344381332397461
0.026429885998368263
0.013766997493803501
0.04389663413167
0.003353166626766324
0.060092128813266754
0.030514420941472054
0.004989596549421549
0.00921587273478508
0.034180279821157455
0.00594601733610034
0.033547304570674896
0.011944764293730259
0.0043906704522669315
0.02261662855744362
0.04238443821668625
0.025661833584308624
0.013541002757847309
0.022301137447357178
0.03134681284427643
0.020960608497262
0.009392759762704372
0.08935307711362839
0.011120176874101162
0.019066965207457542
0.01386980153620243
0.07182822376489639
0.017993880435824394
0.027086572721600533
0.027083424851298332
0.013382844626903534
0.0069862487725913525
0.016332736238837242
0.01903729885816574
0.005609291605651379
0.01688106171786785
0.009325451217591763
0.0023808428086340427
0.05889502167701721
0.04280722513794899
0.0191792082041502
0.0027140157762914896
0.07536016404628754
0.021942084655165672
0.008253500796854496
0.044033292680978775
0.004836583510041237
0.005220077000558376
0.022106816992163658
0.002528319600969553
0.05813031271100044
0.013397390954196453
0.007573987822979689
0.015731841325759888
0.006831264588981867
0.01380233932286501
0.00841226801276207
0.020885586738586426
0.0019170785089954734
0.000996291870251298
0.004285644739866257
0.029474176466464996
0.0023079989477992058
0.007729751989245415
0.0043000467121601105
0.05178682133555412
0.049951277673244476
0.035042908042669296
0.011361471377313137
0.011571289971470833
0.016983000561594963
0.014612821862101555
0.01623549684882164
0.004357944242656231
0.006901228334754705
0.009475610218942165
0.0984567254781723
0.017128320410847664
0.010221094824373722
0.005310372449457645
0.03912302479147911
0.036687444895505905
0.026187142357230186
0.008937002159655094
0.0022020020987838507
0.012879407964646816
0.003622253192588687
0.0493161603808403
0.012503386475145817
0.02509966492652893
0.028445735573768616
0.009387647733092308
0.010683528147637844
0.008921881206333637
0.012973934412002563
0.00361439841799438
0.014214308001101017
0.02812154032289982
0.027445383369922638
0.027288395911455154
0.01670384220778942
0.01364936213940382
0.015879357233643532
0.06835480779409409
0.07699082791805267
0.022168245166540146
0.013117406517267227
0.007247336208820343
0.010233971290290356
0.01911062002182007
0.007376096211373806
0.0039789616130292416
0.014758655801415443
0.02596719190478325
0.009241818450391293
0.010132133960723877
0.03064238466322422
0.00546016963198781
0.001553478417918086
0.04019112512469292
0.03765060007572174
0.01456234510987997
0.0013221382396295667
0.032696377485990524
0.013438252732157707
0.008355074562132359
0.017715493217110634
0.03269600123167038
0.026190828531980515
0.01320538017898798
0.007865699008107185
0.003859615884721279
0.0024093380197882652
0.03441162779927254
0.01570042409002781
0.04321916773915291
0.008093360811471939
0.03213746100664139
0.06419169902801514
0.005974889267235994
0.0009681321680545807
0.003247220069169998
0.01197834499180317
0.009926672093570232
0.008780321106314659
0.006759258918464184
0.01660877652466297
0.0060105156153440475
0.01108989305794239
0.004320711828768253
0.027108555659651756
0.019043324515223503
0.004727259278297424
0.0017887676367536187
0.011403760872781277
0.004816797096282244
0.005914092995226383
0.04865359514951706
0.0240179430693388
0.004436446353793144
0.026032783091068268
0.0024519029539078474
0.010485811159014702
0.0023508062586188316
0.025361787527799606
0.02131708897650242
0.024896740913391113
0.015423893928527832
0.010871455073356628
0.01076679490506649
0.01293276809155941
0.006750947795808315
0.02369997836649418
0.05220409482717514
0.004564004484564066
0.0038371786940842867
0.0026363348588347435
0.0034290894400328398
0.01684313639998436
0.023382961750030518
0.004605272319167852
0.0012011335929855704
0.03939507156610489
0.027783328667283058
0.0052100131288170815
0.05693702772259712
0.014038858003914356
0.01141341682523489
0.03391452878713608
0.00414861086755991
0.00831826962530613
0.07920805364847183
0.033316124230623245
0.005012405104935169
0.03332312032580376
0.00920333806425333
0.041597943753004074
0.0010865494841709733
0.03574613109230995
0.02880118042230606
0.01238857489079237
0.0042078630067408085
0.00724369753152132
0.0006908917566761374
0.012049575336277485
0.005392107646912336
0.0028765297029167414
0.0015060234582051635
0.03666054829955101
0.004376710392534733
0.009710431098937988
0.005751695949584246
0.0021281824447214603
0.008956934325397015
0.0031622641254216433
0.0032645855098962784
0.05118491128087044
0.007437878288328648
0.0021976621355861425
0.03034358099102974
0.025128887966275215
0.009538467042148113
0.019221685826778412
0.018435019999742508
0.009404182434082031
0.007382459472864866
0.018214203417301178
0.028818145394325256
0.0043505956418812275
0.0009610399138182402
0.0026399828493595123
0.010128563269972801
0.05310487374663353
0.011428341269493103
0.008716912940144539
0.018763873726129532
0.011937352828681469
0.018127821385860443
0.04313129559159279
0.0008610708173364401
0.08258231729269028
0.01517733559012413
0.016933726146817207
0.018820175901055336
0.032157812267541885
0.027213843539357185
0.04250052943825722
0.013364327140152454
0.01885291002690792
0.04205983132123947
0.029651135206222534
0.003201236017048359
0.03520214930176735
0.009601645171642303
0.012556049972772598
0.024694576859474182
0.02158946730196476
0.05064348131418228
0.004893353208899498
0.015452823601663113
0.04368656128644943
0.008676020428538322
0.014967621304094791
0.027791015803813934
0.020980635657906532
0.0035391568671911955
0.05175793543457985
0.01218330953270197
0.0025668528396636248
0.01269010454416275
0.01573804020881653
0.012522258795797825
0.034185029566287994
0.004166472237557173
0.011565003544092178
0.02527620643377304
0.05364952236413956
0.020182309672236443
0.03725248947739601
0.002620975486934185
0.004909475799649954
0.0016999614890664816
0.031084513291716576
0.012380721978843212
0.012863986194133759
0.006633725017309189
0.03459048271179199
0.01090624462813139
0.02328481525182724
0.010939366184175014
0.0014301821356639266
0.06259114295244217
0.012405699118971825
0.013737616129219532
0.006616140715777874
0.011374237947165966
0.0046972292475402355
0.02965029701590538
0.028305523097515106
0.04622878134250641
0.02447957918047905
0.012716574594378471
0.02544659562408924
0.011867073364555836
0.03632805868983269
0.012883215211331844
0.012693135067820549
0.01532280445098877
0.0026872321031987667
0.0035722609609365463
0.015422885306179523
0.006889755837619305
0.03909853473305702
0.0026661171577870846
0.0031130702700465918
0.04182888939976692
0.0028213895857334137
0.03100503981113434
0.014977872371673584
0.004498843103647232
0.015673233196139336
0.02575104497373104
0.021810416132211685
0.030870603397488594
0.032663386315107346
0.007584406528621912
0.020188946276903152
0.06383605301380157
0.01173554826527834
0.014452720992267132
0.008858060464262962
0.0037438208237290382
0.014407305978238583
0.00701209856197238
0.008840440772473812
0.042302802205085754
0.012989402748644352
0.003781180363148451
0.007754870690405369
0.03278791159391403
0.00157661153934896
0.006601030007004738
0.0029687336646020412
0.0021416572853922844
0.025177689269185066
0.003553675254806876
0.0003605229139793664
0.0836416706442833
0.001923317788168788
0.002920157741755247
0.08596108108758926
0.024576468393206596
0.0008250161772593856
0.00506850890815258
0.030220534652471542
0.022714879363775253
0.007052032742649317
0.013023073785007
0.0022785766050219536
0.0050318893045187
0.005023243371397257
0.0011211498640477657
0.021053405478596687
0.005022934637963772
0.003469199175015092
0.03455992788076401
0.02526583895087242
0.048477593809366226
0.008139143697917461
0.002863093977794051
0.007224872708320618
0.03894992545247078
0.009782901033759117
0.0013721762225031853
0.019787125289440155
0.03413001820445061
0.00875638984143734
0.053570833057165146
0.0050075603649020195
0.025326088070869446
0.010492327623069286
0.03250495716929436
0.0070928484201431274
0.011005256325006485
0.0021150836255401373
0.010398585349321365
0.0009130914695560932
0.014747747220098972
0.017506103962659836
0.004015498794615269
0.006887597497552633
0.005730714648962021
0.008279136382043362
0.0376567468047142
0.0038180770352482796
0.03532510995864868
0.03182576224207878
0.03837794065475464
0.00952935591340065
0.014133980497717857
0.008059625513851643
0.0025722526479512453
0.01789831928908825
0.02951497957110405
0.0006386765744537115
0.006362162064760923
0.00935231614857912
0.010236670263111591
0.007925954647362232
0.012090778909623623
0.03040080890059471
0.03831343352794647
0.04240696504712105
0.005680277477949858
0.0067236400209367275
0.007002738770097494
0.009627941064536572
0.1225447803735733
0.015901459380984306
0.07003162056207657
0.002999668475240469
0.008024042472243309
0.035451740026474
0.0027049982454627752
0.006571104284375906
0.04183707758784294
0.012160743586719036
0.028884386643767357
0.004614594858139753
0.028201399371027946
0.0163625068962574
0.0030994522385299206
0.028585385531187057
0.044202182441949844
0.020420081913471222
0.004632479511201382
0.01998976804316044
0.006562489550560713
0.03248297795653343
0.02567717619240284
0.03087395429611206
0.02671520784497261
0.025615226477384567
0.03271874040365219
0.00939775537699461
0.034216925501823425
0.0045249429531395435
0.02479218691587448
0.024044198915362358
0.025214625522494316
0.03127673640847206
0.035721685737371445
0.007411736063659191
0.007489561568945646
0.004620036110281944
0.01627458818256855
0.01596173644065857
0.004447105806320906
0.004468850791454315
0.02793128229677677
0.0091813700273633
0.007458677515387535
0.004834261257201433
0.016731346026062965
0.05408608540892601
0.009604437276721
0.01749209500849247
0.022500602528452873
0.017109502106904984
0.004427107982337475
0.018275484442710876
0.008488298393785954
0.003106257412582636
0.007597699295729399
0.013631362468004227
0.014157092198729515
0.007538720034062862
0.010978254489600658
0.002798241563141346
0.04565264657139778
0.013654546812176704
0.01925615966320038
0.010384677909314632
0.019000539556145668
0.02262759394943714
0.013557382859289646
0.0012786294100806117
0.0008410052978433669
0.02331376075744629
0.021176787093281746
0.006995899602770805
0.016569143161177635
0.002961228135973215
0.008908666670322418
0.0024101168382912874
0.0010720327263697982
0.03073177859187126
0.014020642265677452
0.006075292360037565
0.0025402482133358717
0.03308712691068649
0.09512309730052948
0.004824014380574226
0.008361509069800377
0.0013819599989801645
0.013911282643675804
0.013486649841070175
0.004882906097918749
0.04432142153382301
0.002128803636878729
0.010151172988116741
0.010504502803087234
0.020052079111337662
0.025655198842287064
0.01765507273375988
0.030111724510788918
0.00405562948435545
0.015263810753822327
0.027209151536226273
0.006446756888180971
0.004630431067198515
0.010172664187848568
0.03049575723707676
0.009094873443245888
0.027935154736042023
0.0021404412109404802
0.004600794054567814
0.009849034249782562
0.07641004025936127
0.03414636850357056
0.0037418303545564413
0.011475141160190105
0.006465195678174496
0.006472608540207148
0.009416738525032997
0.007532267831265926
0.004249389283359051
0.018863903358578682
0.006625781301409006
0.036387596279382706
0.0016263977158814669
0.006894560065120459
0.01384074054658413
0.010569380596280098
0.016501914709806442
0.002005929360166192
0.012585756368935108
0.011093671433627605
0.014018528163433075
0.06385702639818192
0.01618507131934166
0.007214993704110384
0.014111430384218693
0.015751782804727554
0.03612440451979637
0.007036179304122925
0.008327831514179707
0.010852420702576637
0.029190685600042343
0.021437859162688255
0.027419552206993103
0.0023912566248327494
0.00915425643324852
0.005849872250109911
0.0038502223324030638
0.006826209370046854
0.005379145499318838
0.04927787184715271
0.01587931625545025
0.0015176850138232112
0.018670203164219856
0.006416273303329945
0.005127688869833946
0.06075780838727951
0.06447150558233261
0.009461521171033382
0.00537480041384697
0.006108968984335661
0.0020281283650547266
0.04068167507648468
0.002857016632333398
0.014707612805068493
0.03568553924560547
0.035952288657426834
0.0073746549896895885
0.009159108623862267
0.049302950501441956
0.00324516580440104
0.04304387792944908
0.014391012489795685
0.04091736674308777
0.0034144853707402945
0.0022981169167906046
0.03578319400548935
0.02301415055990219
0.023655997589230537
0.01632539927959442
0.009196656756103039
0.009566081687808037
0.02344733662903309
0.027472296729683876
0.006981788203120232
0.039663754403591156
0.030930310487747192
0.02566518262028694
0.003952719736844301
0.0068695819936692715
0.004823998548090458
0.0035327996592968702
0.0035773087292909622
0.028029348701238632
0.09833019971847534
0.010200503282248974
0.0224598441272974
0.012198468670248985
0.005759773775935173
0.005277130752801895
0.04738660156726837
0.03425409272313118
0.0007056036847643554
0.00826567504554987
0.0005122006987221539
0.057376619428396225
0.00958708580583334
0.004982321988791227
0.03166710585355759
0.03278698772192001
0.07358472794294357
0.03936336934566498
0.021822093054652214
0.04479106888175011
0.0032367727253586054
0.0021672211587429047
0.011460142210125923
0.006575519684702158
0.0071582309901714325
0.011594933457672596
0.024005340412259102
0.019124481827020645
0.022766733542084694
0.008169343695044518
0.0008218367001973093
0.01917276903986931
0.12284986674785614
0.0007385954959318042
0.015066072344779968
0.026927398517727852
0.02670557051897049
0.005283408332616091
0.03715064749121666
0.028368862345814705
0.011007088236510754
0.0044018966145813465
0.012190588749945164
0.010774608701467514
0.016982970759272575
0.00530259357765317
0.023554250597953796
0.041507378220558167
0.0310297179967165
0.016459427773952484
0.0038437084294855595
0.019329382106661797
0.005286524072289467
0.011023757979273796
0.054200898855924606
0.006158803123980761
0.02658131718635559
0.035847343504428864
0.0031478689052164555
0.017514435574412346
0.008683213964104652
0.011039345525205135
0.02271397039294243
0.0027836565859615803
0.004375099204480648
0.023311607539653778
0.018228286877274513
0.03895680978894234
0.0047944956459105015
0.010469640605151653
0.005943888798356056
0.023805739358067513
0.006352446973323822
0.007779024075716734
0.006526314653456211
0.009794057346880436
0.015126276761293411
0.004912332631647587
0.0012683747336268425
0.02409677393734455
0.025197530165314674
0.011228781193494797
0.011127172969281673
0.010500771924853325
0.005345537792891264
0.02514476515352726
0.019182629883289337
0.016579238697886467
0.03673693910241127
0.023928461596369743
0.0024068541824817657
0.024290425702929497
0.0019022373016923666
0.00227576051838696
0.0049822693690657616
0.02441364713013172
0.0040755500085651875
0.006010810844600201
0.05043433979153633
0.01121186837553978
0.01622774824500084
0.0019399465527385473
0.010623746551573277
0.026624707505106926
0.011339872144162655
0.0648752823472023
0.015617712400853634
0.019742783159017563
0.013032887130975723
0.005297506228089333
0.0016759458230808377
0.025675885379314423
0.0033289650455117226
0.003260183148086071
0.003962232731282711
0.05955955386161804
0.004332576412707567
0.002318399725481868
0.016282692551612854
0.005119713488966227
0.009485075250267982
0.03334810957312584
0.022481756284832954
0.006990726105868816
0.021331461146473885
0.009631509892642498
0.015946224331855774
0.01195099763572216
0.007969342172145844
0.0041960012167692184
0.01094720046967268
0.017698971554636955
0.03460538387298584
0.0071327537298202515
0.02162928692996502
0.007676995825022459
0.023170890286564827
0.03198057413101196
0.05674802511930466
0.033486705273389816
0.012344797141849995
0.021494895219802856
0.005681612063199282
0.009758911095559597
0.019109077751636505
0.0047970302402973175
0.02849559299647808
0.00925747212022543
0.005866849794983864
0.030374376103281975
0.0526767335832119
0.0023326463997364044
0.03817443922162056
0.014396684244275093
0.00200562528334558
0.003607080550864339
0.001325803343206644
0.02614729106426239
0.00416261563077569
0.021147530525922775
0.0058698770590126514
0.004834828432649374
0.02845143713057041
0.027212224900722504
0.06717518717050552
0.017953330650925636
0.001962879206985235
0.018405631184577942
0.004124980419874191
0.004571483004838228
0.05553882569074631
0.014044704847037792
0.042572323232889175
0.006316382437944412
0.03151403367519379
0.008038963191211224
0.025389378890395164
0.002776703331619501
0.02594192698597908
0.016065435484051704
0.08863025158643723
0.0041996752843260765
0.0057048252783715725
0.014508279971778393
0.014089207164943218
0.0053631896153092384
0.021000303328037262
0.021294210106134415
0.0028025631327182055
0.0021710905712097883
0.018585043027997017
0.007434980012476444
0.009584862738847733
0.007727382704615593
0.0032750300597399473
0.004325222223997116
0.05058649182319641
0.02165248990058899
0.0156902726739645
0.045071251690387726
0.004419918637722731
0.0021276280749589205
0.006935730576515198
0.023640302941203117
0.06685730069875717
0.008066704496741295
0.025735067203640938
0.005870491731911898
0.005668903235346079
0.004280857276171446
0.009992114268243313
0.0032616304233670235
0.012393436394631863
0.0035000185016542673
0.006492313463240862
0.005871104542165995
0.06755733489990234
0.0039245933294296265
0.0024087182246148586
0.0028996788896620274
0.01368563249707222
0.009917786344885826
0.016079416498541832
0.003951014950871468
0.02837887592613697
0.07337252050638199
0.018409060314297676
0.011725480668246746
0.014173723757266998
0.020873796194791794
0.0030385793652385473
0.028641270473599434
0.03245927020907402
0.01187394093722105
0.0329982228577137
0.03164232522249222
0.024282211437821388
0.012269829399883747
0.009897328913211823
0.006361677311360836
0.00447112787514925
0.014858098700642586
0.01071485411375761
0.03044874779880047
0.01648971065878868
0.019713401794433594
0.0019092998700216413
0.002611816395074129
0.012488393113017082
0.012577199377119541
0.0029276281129568815
0.0016946550458669662
0.016102492809295654
0.004084873478859663
0.00688246451318264
0.006868552882224321
0.008739293552935123
0.012283438816666603
0.049645066261291504
0.011511646211147308
0.008074943907558918
0.02411055564880371
0.00983600877225399
0.03363877162337303
0.03634421527385712
0.01787411794066429
0.03954600542783737
0.009325921535491943
0.01628302037715912
0.004339263308793306
0.007946902886033058
0.03719303011894226
0.011766424402594566
0.009148737415671349
0.04627382010221481
0.013437613844871521
0.031804054975509644
0.005924951285123825
0.0024810165632516146
0.030622482299804688
0.01487551350146532
0.018399998545646667
0.005488822236657143
0.028045572340488434
0.022823000326752663
0.006779526360332966
0.04814594238996506
0.04489009454846382
0.021256616339087486
0.01839640736579895
0.01421604584902525
0.004042309243232012
0.012783290818333626
0.024332163855433464
0.0060803708620369434
0.003032070817425847
0.045491863042116165
0.035522643476724625
0.02058330550789833
0.01353947352617979
0.022598717361688614
0.013795026578009129
0.03735780343413353
0.011897253803908825
0.010655490681529045
0.004480792675167322
0.011276842094957829
0.03169159218668938
0.019417090341448784
0.0035905560944229364
0.0018679063068702817
0.0007513925665989518
0.0037050831597298384
0.02356463298201561
0.030656147748231888
0.010134871117770672
0.00268041854724288
0.04800082743167877
0.005127982702106237
0.0008603036403656006
0.013475134037435055
0.004850579891353846
0.006536333356052637
0.002924942411482334
0.01125875860452652
0.0059052640572190285
0.038393840193748474
0.0015908550703898072
0.016266221180558205
0.002900646300986409
0.0889832004904747
0.018251482397317886
0.01457700040191412
0.04325936734676361
0.008189667947590351
0.014482074417173862
0.016511322930455208
0.00888354703783989
0.007827519439160824
0.01259622909128666
0.031408123672008514
0.06249953806400299
0.028521375730633736
0.005759189836680889
0.0068067279644310474
0.04575739800930023
0.015275836922228336
0.044573526829481125
0.005348271690309048
0.014089408330619335
0.05998599901795387
0.0046139792539179325
0.0029856115579605103
0.03297562897205353
0.001980675384402275
0.004624054301530123
0.016929205507040024
0.016911489889025688
0.03502544015645981
0.007576438132673502
0.009611878544092178
0.011468719691038132
0.0683419331908226
0.04551675543189049
0.006759034935384989
0.04016982391476631
0.06330669671297073
0.010084991343319416
0.00108977104537189
0.005380536895245314
0.016169805079698563
0.008802463300526142
0.07494896650314331
0.005139973945915699
0.04556434601545334
0.014779161661863327
0.013959349133074284
0.007479737512767315
0.049263015389442444
0.006934321019798517
0.050388891249895096
0.05026577040553093
0.0011830823495984077
0.011510893702507019
0.006261133588850498
0.029096288606524467
0.027321860194206238
0.03556152433156967
0.034200552850961685
0.028005192056298256
0.0021815821528434753
0.011483456008136272
0.0063191731460392475
0.0020732046104967594
0.005245990585535765
0.010198014788329601
0.003776932368054986
0.012351219542324543
0.00398037675768137
0.026749545708298683
0.0028359026182442904
0.0019378784345462918
0.025473948568105698
0.030279813334345818
0.001382679445669055
0.009164130315184593
0.006289489567279816
0.01302526704967022
0.016714850440621376
0.008294640108942986
0.008956506848335266
0.01782665029168129
0.03749142587184906
0.02694477140903473
0.01668505370616913
0.035056352615356445
0.01254162285476923
0.013849818147718906
0.005905440077185631
0.0045636980794370174
0.0016344464384019375
0.010131851769983768
0.01463099755346775
0.0011475695064291358
0.007538570556789637
0.03811759129166603
0.04838057607412338
0.016271892935037613
0.0075647588819265366
0.011589773930609226
0.00567660154774785
0.0033859251998364925
0.020278070122003555
0.017619846388697624
0.003567289561033249
0.03255528211593628
0.04021627455949783
0.009511325508356094
0.02309698984026909
0.00216947915032506
0.02286180853843689
0.0034948287066072226
0.0038542996626347303
0.00463012233376503
0.00566191365942359
0.0031934743747115135
0.040539294481277466
0.005630879662930965
0.007166464813053608
0.004942734260112047
0.0026407174300402403
0.08289037644863129
0.007978919893503189
