0.06443502008914948
0.05346071720123291
0.09278559684753418
0.024319007992744446
0.06153671070933342
0.0758453905582428
0.017844730988144875
0.023828167468309402
0.020672976970672607
0.042240556329488754
0.021936312317848206
0.06872282177209854
0.07445891946554184
0.03071979619562626
0.0786086767911911
0.07121101021766663
0.11222226917743683
0.05015604943037033
0.060282472521066666
0.02415277250111103
0.032715607434511185
0.0411958210170269
0.0635753870010376
0.03826112672686577
0.031427524983882904
0.022506549954414368
0.02417752705514431
0.014289796352386475
0.029993833974003792
0.0259179025888443
0.10920171439647675
0.054117076098918915
0.018526406958699226
0.025950726121664047
0.060624267905950546
0.0619758740067482
0.03842240944504738
0.04204555228352547
0.03232300654053688
0.03400299325585365
0.10529215633869171
0.048662297427654266
0.06135045737028122
0.08985234797000885
0.03492135554552078
0.09983997792005539
0.03743200749158859
0.031102066859602928
0.07028867304325104
0.05687156319618225
0.11986162513494492
0.008630425669252872
0.0394563265144825
0.04356854036450386
0.0543978251516819
0.07456617057323456
0.008086193352937698
0.007378842681646347
0.14097347855567932
0.03389909490942955
0.030096035450696945
0.07033618539571762
0.03346628323197365
0.038252558559179306
0.028416065499186516
0.020937331020832062
0.08446916192770004
0.08979647606611252
0.06913907825946808
0.02135363034904003
0.00897479709237814
0.04105087369680405
0.04857705160975456
0.09854184091091156
0.013819850981235504
0.0648902878165245
0.013627083040773869
0.035894401371479034
0.05160008370876312
0.04042165353894234
0.05933293700218201
0.04306497797369957
0.019338544458150864
0.030373791232705116
0.07295386493206024
0.04992205277085304
0.01144575234502554
0.012132014147937298
0.12071795016527176
0.10275834053754807
0.03585619106888771
0.017013441771268845
0.06670952588319778
0.022261934354901314
0.0689043253660202
0.08382246643304825
0.052039530128240585
0.04840521514415741
0.044089969247579575
0.03625168278813362
0.04368412867188454
0.011993566527962685
0.04514206573367119
0.04038877785205841
0.07901840656995773
0.012693417258560658
0.01296207681298256
0.036874737590551376
0.04854899272322655
0.04504060000181198
0.05461931228637695
0.01791447401046753
0.06383032351732254
0.03127250075340271
0.05214027687907219
0.015683583915233612
0.030956504866480827
0.04449254646897316
0.03806918486952782
0.020810198038816452
0.02019398659467697
0.06279311329126358
0.03415977582335472
0.009425240568816662
0.12782526016235352
0.0639076754450798
0.055912699550390244
0.030136393383145332
0.019559331238269806
0.025662921369075775
0.015276576392352581
0.020422959700226784
0.02169438637793064
0.07812020182609558
0.05695445463061333
0.027427172288298607
0.04822492226958275
0.07941435277462006
0.012318622320890427
0.07023544609546661
0.024166496470570564
0.025515401735901833
0.01233599428087473
0.030522987246513367
0.0873168408870697
0.03381593897938728
0.03646047040820122
0.016507549211382866
0.025590363889932632
0.03349877893924713
0.025988943874835968
0.025004034861922264
0.06006807088851929
0.07727275043725967
0.022347649559378624
0.07640165090560913
0.02905707061290741
0.10286706686019897
0.0809597447514534
0.007373407017439604
0.0656089335680008
0.024500736966729164
0.08171145617961884
0.03265827149152756
0.018162477761507034
0.014503316022455692
0.0832444578409195
0.0398697704076767
0.03610951080918312
0.09815845638513565
0.010148357599973679
0.019508620724081993
0.03564198687672615
0.054409049451351166
0.053199827671051025
0.009503988549113274
0.12239036709070206
0.04437749832868576
0.0672416090965271
0.07625995576381683
0.04521668702363968
0.01873137056827545
0.012115961872041225
0.026026379317045212
0.04306529834866524
0.06255587935447693
0.03360934555530548
0.048326630145311356
0.03343181684613228
0.02173067443072796
0.024695076048374176
0.03537358343601227
0.11479786038398743
0.08428596705198288
0.0818946361541748
0.021773112937808037
0.04183100536465645
0.08408880978822708
0.023669086396694183
0.05761909484863281
0.035417813807725906
0.06356210261583328
0.038264624774456024
0.12820664048194885
0.0495993010699749
0.0597238652408123
0.03126383200287819
0.07959749549627304
0.02132190391421318
0.09340108931064606
0.04589030519127846
0.03274550288915634
0.016660870984196663
0.08279868960380554
0.08063380420207977
0.04298148676753044
0.04398943856358528
0.056026991456747055
0.007027218583971262
0.03180065378546715
0.017726732417941093
0.020404057577252388
0.048482026904821396
0.016098670661449432
0.016592709347605705
0.13338662683963776
0.029797399416565895
0.012353392317891121
0.07414253801107407
0.02250475250184536
0.02129499427974224
0.02770756371319294
0.016242993995547295
0.041655901819467545
0.043037354946136475
0.04575484246015549
0.07243775576353073
0.07104218006134033
0.05622398853302002
0.02601969987154007
0.0390055775642395
0.012152381241321564
0.07120649516582489
0.01816876418888569
0.03759552910923958
0.022867491468787193
0.031038131564855576
0.009427283890545368
0.07260086387395859
0.09155541658401489
0.04610723257064819
0.06341417878866196
0.023405836895108223
0.0814552754163742
0.0707470178604126
0.05623992532491684
0.011060982942581177
0.028915315866470337
0.07600996643304825
0.03624732792377472
0.03242707625031471
0.09888828545808792
0.07789292931556702
0.017687732353806496
0.019413534551858902
0.05843532457947731
0.029137304052710533
0.03136749193072319
0.08481790870428085
0.05196667090058327
0.07746496796607971
0.06018948554992676
0.04980725422501564
0.013297208584845066
0.06782549619674683
0.08351626992225647
0.029467083513736725
0.034807827323675156
0.025353776291012764
0.05332000553607941
0.026715485379099846
0.03529456630349159
0.059425629675388336
0.0409952774643898
0.04623352736234665
0.08514446020126343
0.034757088869810104
0.0567157082259655
0.04905124008655548
0.05046603083610535
0.035944368690252304
0.015478304587304592
0.05085531249642372
0.040713150054216385
0.03220592439174652
0.015192175284028053
0.08909042924642563
0.023374514654278755
0.030574185773730278
0.008606307208538055
0.07893232256174088
0.016860706731677055
0.15361244976520538
0.006176937837153673
0.019198380410671234
0.052082668989896774
0.01588863879442215
0.013072002679109573
0.009158318862318993
0.010935592465102673
0.027157820761203766
0.06073908135294914
0.007927999831736088
0.040397629141807556
0.028024781495332718
0.031062567606568336
0.024857351556420326
0.047310974448919296
0.06618663668632507
0.0083722323179245
0.013629509136080742
0.04261929169297218
0.03393949940800667
0.05272248387336731
0.05873097479343414
0.08459010720252991
0.11712989956140518
0.09082195907831192
0.03073674626648426
0.016681421548128128
0.05217227339744568
0.04168810322880745
0.06441960483789444
0.0348300039768219
0.019531091675162315
0.04331574961543083
0.04984854906797409
0.025175228714942932
0.09656073153018951
0.044625863432884216
0.08987130969762802
0.0722726583480835
0.06975486874580383
0.0475541390478611
0.0829121395945549
0.06311345845460892
0.023086903616786003
0.01332434918731451
0.019018974155187607
0.07587356120347977
0.04303448647260666
0.025399673730134964
0.018328625708818436
0.021372776478528976
0.02102370746433735
0.025699887424707413
0.022126926109194756
0.07374783605337143
0.03969312831759453
0.04242660105228424
0.011894277296960354
0.0318426787853241
0.029294634237885475
0.019266773015260696
0.0063941590487957
0.05077015236020088
0.06934934854507446
0.03434835001826286
0.03919327259063721
0.03258662298321724
0.04176818206906319
0.02754002809524536
0.013478938490152359
0.12281852960586548
0.09025406092405319
0.0667652115225792
0.03300683945417404
0.038201019167900085
0.04205692186951637
0.013408162631094456
0.01338505744934082
0.09529100358486176
0.02851066179573536
0.04702531918883324
0.08779466152191162
0.028839237987995148
0.01785305142402649
0.058484021574258804
0.03315458819270134
0.01187805738300085
0.026991253718733788
0.02084389515221119
0.01613517850637436
0.01813700422644615
0.06817325204610825
0.07435666769742966
0.010857506655156612
0.024077704176306725
0.029423199594020844
0.08116930723190308
0.06987493485212326
0.045938000082969666
0.05530310049653053
0.01279190368950367
0.026883235201239586
0.09454911202192307
0.06478619575500488
0.011244664900004864
0.027477355673909187
0.10378517955541611
0.050540532916784286
0.007254088297486305
0.026922833174467087
0.0808262750506401
0.06463497132062912
0.03918249532580376
0.038764700293540955
0.0390656553208828
0.07891969382762909
0.02810906618833542
0.022002454847097397
0.07112845033407211
0.03105039708316326
0.060308314859867096
0.01872332952916622
0.014571752399206161
0.07253686338663101
0.07244286686182022
0.09935242682695389
0.048498332500457764
0.022682800889015198
0.04580357298254967
0.08968193829059601
0.03762468323111534
0.03574170544743538
0.038169074803590775
0.043841298669576645
0.09303206950426102
0.012517647817730904
0.03190261498093605
0.03609391674399376
0.02685094065964222
0.02440771460533142
0.01648917980492115
0.03212977573275566
0.09053579717874527
0.02796102687716484
0.04320615530014038
0.0626487210392952
0.031457480043172836
0.04843583703041077
0.06219629943370819
0.023158494383096695
0.010591483674943447
0.08360878378152847
0.014936336316168308
0.020846910774707794
0.02364816702902317
0.0982435792684555
0.08746673166751862
0.041117798537015915
0.010192062705755234
0.06712881475687027
0.047448255121707916
0.02430182509124279
0.0527561716735363
0.07779201865196228
0.028802501037716866
0.03253454715013504
0.08576716482639313
0.0286452267318964
0.027719462290406227
0.02296081930398941
0.06394334882497787
0.004830106161534786
0.013082112185657024
0.0586998388171196
0.038883402943611145
0.09355790913105011
0.03537312522530556
0.017898958176374435
0.024188129231333733
0.008664213120937347
0.04174020513892174
0.028726033866405487
0.08425211906433105
0.0255995225161314
0.03815858066082001
0.00929949525743723
0.05416693910956383
0.07901614904403687
0.02882596291601658
0.06298572570085526
0.050518352538347244
0.018360095098614693
0.03430566564202309
0.0540546216070652
0.03148699924349785
0.10899435728788376
0.046539321541786194
0.014771581627428532
0.054893724620342255
0.011259512044489384
0.014774390496313572
0.03247366473078728
0.10653077811002731
0.0374855175614357
0.1045483872294426
0.10376199334859848
0.029524056240916252
0.07170841842889786
0.07392705976963043
0.09795449674129486
0.023351317271590233
0.01585969515144825
0.05243155360221863
0.09282194823026657
0.0506863035261631
0.00405883090570569
0.034516822546720505
0.07904588431119919
0.024979660287499428
0.05928666144609451
0.020281491801142693
0.10607868432998657
0.05113551393151283
0.04503726586699486
0.0526813343167305
0.03724178299307823
0.09682271629571915
0.043064575642347336
0.017692072317004204
0.05047100782394409
0.023946542292833328
0.009135146625339985
0.05295678973197937
0.020739270374178886
0.07835352420806885
0.03123658522963524
0.0168205127120018
0.015695301815867424
0.06655396521091461
0.022683491930365562
0.07938403636217117
0.04423920065164566
0.07637778669595718
0.0533011220395565
0.014193063601851463
0.055959366261959076
0.019063536077737808
0.04802577570080757
0.0576174333691597
0.0451648123562336
0.03148949518799782
0.01725856587290764
0.06741566956043243
0.07079576700925827
0.036655813455581665
0.012074315920472145
0.02633877657353878
0.00854235514998436
0.03223365545272827
0.025324448943138123
0.039643190801143646
0.07554537802934647
0.05387361720204353
0.0477546788752079
0.05192921683192253
0.029480576515197754
0.03291691094636917
0.028342243283987045
0.11332131922245026
0.027576450258493423
0.04919961839914322
0.08770154416561127
0.027086634188890457
0.01025589182972908
0.047637004405260086
0.03018808364868164
0.03879006952047348
0.09319419413805008
0.008609420619904995
0.031125249341130257
0.006235575303435326
0.023470036685466766
0.07560987025499344
0.03257543593645096
0.07098090648651123
0.016507146880030632
0.01983507350087166
0.07547718286514282
0.013395954854786396
0.034844670444726944
0.014203683473169804
0.07384832948446274
0.04813365638256073
0.11806255578994751
0.01651959866285324
0.07446708530187607
0.008534510619938374
0.02707756496965885
0.02364562265574932
0.012398888356983662
0.014767914079129696
0.01253410056233406
0.0418044775724411
0.022831160575151443
0.04209057241678238
0.026744505390524864
0.03567051142454147
0.022254079580307007
0.06268040835857391
0.01717565394937992
0.05769045650959015
0.020981241017580032
0.02392152138054371
0.0744761973619461
0.055050406605005264
0.01224672794342041
0.07079371064901352
0.02547510340809822
0.030175259336829185
0.0660395696759224
0.03624191880226135
0.08126373589038849
0.01753944158554077
0.04398971423506737
0.07150273770093918
0.008676686324179173
0.023195702582597733
0.04474129155278206
0.07903921604156494
0.03944549709558487
0.00904303602874279
0.02606126107275486
0.014451881870627403
0.0489354282617569
0.02056155726313591
0.01205867063254118
0.015421495772898197
0.03789256885647774
0.03718126565217972
0.040793273597955704
0.09646198153495789
0.03512507304549217
0.03742565959692001
0.01130910124629736
0.060454387217760086
0.007319752126932144
0.06714215129613876
0.028893405571579933
0.06540214270353317
0.02354413829743862
0.02427266165614128
0.019928351044654846
0.029408272355794907
0.08656727522611618
0.015121531672775745
0.0676075667142868
0.09818852692842484
0.00994822382926941
0.03544106334447861
0.0557231642305851
0.01174800843000412
0.018811456859111786
0.1682024747133255
0.05052441358566284
0.11665486544370651
0.02964054048061371
0.02867916226387024
0.09822069108486176
0.008927302435040474
0.03898453712463379
0.047685056924819946
0.008959165774285793
0.08958375453948975
0.018364470452070236
0.027939338237047195
0.017563924193382263
0.06265059858560562
0.041826773434877396
0.016257181763648987
0.13735660910606384
0.018839269876480103
0.026486877351999283
0.09698422253131866
0.040269870311021805
0.016879739239811897
0.023493917658925056
0.025291303172707558
0.02341405488550663
0.06480954587459564
0.015220941044390202
0.025137681514024734
0.06833016127347946
0.015016552060842514
0.046335864812135696
0.03487347811460495
0.012862696312367916
0.054065678268671036
0.03190949931740761
0.025739669799804688
0.03763935714960098
0.04736897721886635
0.04760356619954109
0.007709107361733913
0.06449470669031143
0.03339942544698715
0.03294561430811882
0.11717038601636887
0.030992824584245682
0.0382344014942646
0.004919474013149738
0.028965208679437637
0.03328714147210121
0.03132112696766853
0.0069611165672540665
0.055090565234422684
0.013368071988224983
0.04245955869555473
0.046061400324106216
0.050446767359972
0.027467016130685806
0.027449801564216614
0.03230496495962143
0.023100286722183228
0.0553445927798748
0.04285444691777229
0.028312763199210167
0.028218308463692665
0.030479658395051956
0.040449418127536774
0.014063511043787003
0.019566839560866356
0.04390467330813408
0.012802728451788425
0.03701140731573105
0.01647868938744068
0.08571672439575195
0.07012206315994263
0.004987381864339113
0.023715240880846977
0.046555887907743454
0.01465673092752695
0.0352453887462616
0.02704143337905407
0.041355181485414505
0.059359632432460785
0.02745172381401062
0.08545129746198654
0.04697532579302788
0.018769659101963043
0.01757308840751648
0.0496336966753006
0.08016210794448853
0.027566224336624146
0.03724176809191704
0.038110293447971344
0.04716390743851662
0.05116056278347969
0.05832282453775406
0.008993183262646198
0.03573586791753769
0.07060855627059937
0.01399349607527256
0.15432119369506836
0.05527660995721817
0.01723024621605873
0.03470504656434059
0.033717624843120575
0.022795699536800385
0.02887246571481228
0.0405602753162384
0.02131303772330284
0.0549384206533432
0.09240464121103287
0.034726064652204514
0.020331574603915215
0.035648882389068604
0.06964065134525299
0.051476653665304184
0.04351850226521492
0.014629987068474293
0.07396848499774933
0.024327397346496582
0.032422300428152084
0.023236574605107307
0.09004531055688858
0.024618633091449738
0.046413615345954895
0.021736931055784225
0.08405406773090363
0.031321752816438675
0.07599057257175446
0.00849223230034113
0.04546467959880829
0.015353426337242126
0.04136883094906807
0.11439327150583267
0.0636124387383461
0.0033218965400010347
0.017984312027692795
0.06540512293577194
0.050713323056697845
0.018642188981175423
0.0550556518137455
0.11292090266942978
0.03222072124481201
0.04102105274796486
0.04442339390516281
0.019797520712018013
0.015762601047754288
0.013606959022581577
0.12381431460380554
0.020777713507413864
0.05975750833749771
0.029561113566160202
0.02131010964512825
0.06564592570066452
0.03486045449972153
0.03358489274978638
0.03297828137874603
0.033350154757499695
0.03837316483259201
0.09147175401449203
0.018260590732097626
0.06525354832410812
0.04097922518849373
0.012345952913165092
0.03512708097696304
0.01720137521624565
0.00571464654058218
0.007153631653636694
0.08220481127500534
0.018724700435996056
0.038909997791051865
0.02635706216096878
0.09880062192678452
0.060056403279304504
0.03187628835439682
0.007028553169220686
0.08544724434614182
0.04257727786898613
0.06805114448070526
0.011598678305745125
0.05458923056721687
0.06012631952762604
0.033929795026779175
0.04471123591065407
0.019954949617385864
0.03397701680660248
0.012908367440104485
0.06976776570081711
0.013766100630164146
0.006837222725152969
0.06742911040782928
0.07765203714370728
0.0645693838596344
0.024470100179314613
0.025239229202270508
0.022679757326841354
0.020086709409952164
0.014965182170271873
0.032090164721012115
0.0402485728263855
0.02634025365114212
0.017168862745165825
0.01067629549652338
0.012806210666894913
0.05087912082672119
0.020059440284967422
0.03748732805252075
0.02968195080757141
0.04182109236717224
0.04947996139526367
0.01115663256496191
0.02220004051923752
0.010193518362939358
0.021783238276839256
0.07347051799297333
0.03061028942465782
0.036610644310712814
0.027289828285574913
0.015577968209981918
0.03093726746737957
0.047292932868003845
0.012957545928657055
0.03373933210968971
0.01880403608083725
0.03163808956742287
0.06018230319023132
0.02065286971628666
0.06073478236794472
0.10114283859729767
0.06254911422729492
0.04874921962618828
0.05052848905324936
0.07591772079467773
0.0294480063021183
0.07398427277803421
0.025756362825632095
0.043644778430461884
0.037243135273456573
0.00926210917532444
0.028373340144753456
0.08294683694839478
0.04759720340371132
0.02910017780959606
0.0687292292714119
0.0113200219348073
0.08415854722261429
0.01526356115937233
0.15146665275096893
0.025428976863622665
0.06238558515906334
0.021094059571623802
0.033795490860939026
0.026582181453704834
0.008946927264332771
0.04951975494623184
0.06318984925746918
0.020625870674848557
0.03411279618740082
0.04628998041152954
0.10655583441257477
0.029750607907772064
0.01363280974328518
0.013794760219752789
0.04020243510603905
0.055378615856170654
0.059013865888118744
0.021527886390686035
0.008949488401412964
0.06537166237831116
0.051218632608652115
0.002550840377807617
0.019298696890473366
0.06307631731033325
0.022077571600675583
0.022509345784783363
0.032114699482917786
0.01629558764398098
0.03492278978228569
0.025975525379180908
0.05641108378767967
0.034960318356752396
0.065614715218544
0.022811558097600937
0.02702871337532997
0.054268110543489456
0.03127649798989296
0.03935893997550011
0.02028535306453705
0.10021726042032242
0.025708995759487152
0.028075771406292915
0.020649798214435577
0.014644013717770576
0.07612747699022293
0.04203355684876442
0.032039616256952286
0.01923995278775692
0.04114680364727974
0.046330343931913376
0.026006532832980156
0.08670497685670853
0.024046527221798897
0.006430931389331818
0.02640005387365818
0.07748550921678543
0.05965841934084892
0.012735303491353989
0.030167242512106895
0.028420494869351387
0.029614819213747978
0.04338124021887779
0.085589200258255
0.03367059305310249
0.019143719226121902
0.040910910815000534
0.01592947728931904
0.08919326215982437
0.02412479929625988
0.03429776802659035
0.02126067504286766
0.04455626755952835
0.05092660337686539
0.009331720881164074
0.04243650287389755
0.1020970419049263
0.053163789212703705
0.03751162067055702
0.048695158213377
0.025117013603448868
0.04293917119503021
0.06839325278997421
0.06366291642189026
0.03140387684106827
0.06299278140068054
0.03053600899875164
0.010721569880843163
0.03559653460979462
0.04694158211350441
0.027572451159358025
0.054831378161907196
0.0991663858294487
0.032481081783771515
0.08475583791732788
0.053834471851587296
0.02801731415092945
0.012018637731671333
0.01720620132982731
0.00652513699606061
0.05622973293066025
0.011230980046093464
0.03759262338280678
0.04421519488096237
0.04811173304915428
0.04641381651163101
0.03951874002814293
0.038448769599199295
0.045420218259096146
0.0760573223233223
0.012684483081102371
0.008969963528215885
0.055918313562870026
0.017093703150749207
0.0671984925866127
0.023904338479042053
0.01440756767988205
0.03970683738589287
0.07073477655649185
0.015306184068322182
0.0543493889272213
0.03900593891739845
0.0905943363904953
0.005523545201867819
0.07947677373886108
0.05197472125291824
0.008773904293775558
0.030143605545163155
0.07754048705101013
0.18412905931472778
0.005633096676319838
0.02944641374051571
0.08966062217950821
0.05989701300859451
0.019083786755800247
0.030862176790833473
0.01606246642768383
0.03056829608976841
0.042611245065927505
0.012993289157748222
0.009692457504570484
0.014124123379588127
0.03222781419754028
0.01609712839126587
0.026002781465649605
0.021332859992980957
0.17353594303131104
0.01225878857076168
0.06489871442317963
0.03543733060359955
0.04810639098286629
0.06394054740667343
0.003735148813575506
0.03217697516083717
0.021813252940773964
0.0306185781955719
0.055727627128362656
0.03787248954176903
0.015163814648985863
0.12893234193325043
0.026562536135315895
0.01717490330338478
0.0529472716152668
0.00948831345885992
0.025631029158830643
0.0323030911386013
0.024893181398510933
0.04656917229294777
0.10566762834787369
0.049241069704294205
0.04548986628651619
0.009282891638576984
0.07114926725625992
0.028258047997951508
0.06274615228176117
0.05818567052483559
0.11651360243558884
0.03059137985110283
0.08408812433481216
0.03654107451438904
0.05071387067437172
0.017092065885663033
0.11856236308813095
0.02227182313799858
0.02152833715081215
0.04057938605546951
0.05203894525766373
0.04621539264917374
0.03242455795407295
0.04044382646679878
0.01696028746664524
0.038487497717142105
0.016451602801680565
0.05379313975572586
0.050487786531448364
0.04682720825076103
0.04146423935890198
0.024927431717514992
0.03572428598999977
0.023419147357344627
0.08333743363618851
0.07076550275087357
0.01371681783348322
0.05510692298412323
0.061375170946121216
0.029160473495721817
0.02332174964249134
0.04159638658165932
0.061318058520555496
0.12454880774021149
0.041156455874443054
0.10427574813365936
0.09368030726909637
0.026330672204494476
0.027836134657263756
0.04960070922970772
0.05430817976593971
0.01357835903763771
0.08520390093326569
0.010194527916610241
0.05128626897931099
0.03769661858677864
0.011333457194268703
0.050577398389577866
0.032877035439014435
0.04611661657691002
0.0778740793466568
0.042059771716594696
0.03609001263976097
0.01611720398068428
0.08118617534637451
0.019010702148079872
0.03223366290330887
0.009090413339436054
0.04956968128681183
0.021746467798948288
0.06619177013635635
0.07569800317287445
0.048054289072752
0.026262149214744568
0.0634608194231987
0.08023138344287872
0.06597829610109329
0.10328006744384766
0.039115771651268005
0.08107898384332657
0.07586342096328735
0.057320959866046906
0.017354249954223633
0.05197230726480484
0.02666834555566311
0.04476932808756828
0.0449075847864151
0.050538886338472366
0.015183151699602604
0.009980603121221066
0.014790252782404423
0.027425313368439674
0.010930477641522884
0.11274712532758713
0.11121620237827301
0.026807259768247604
0.03628898784518242
0.0359015055000782
0.043554384261369705
0.02873869054019451
0.015597493387758732
0.014762667007744312
0.0990782380104065
0.049911048263311386
0.0152763482183218
0.034413646906614304
0.008938168175518513
0.010392045602202415
0.03517887368798256
0.03338361158967018
0.03176290914416313
0.02562142163515091
0.00776772852987051
0.012882537208497524
0.046490348875522614
0.01581753045320511
0.03167125582695007
0.10281724482774734
0.022764822468161583
0.030047034844756126
0.05377437174320221
0.01496999803930521
0.09183362871408463
0.06142647564411163
0.03984709084033966
0.059526342898607254
0.033838242292404175
0.03483854979276657
0.02891129069030285
0.06629955023527145
0.08652151376008987
0.040131598711013794
0.011594639159739017
0.03823809325695038
0.011369100771844387
0.008956746198236942
0.0770735815167427
0.03720415011048317
0.015887252986431122
0.043337102979421616
0.08902699500322342
0.020502042025327682
0.015600430779159069
0.02732992172241211
0.06993743777275085
0.02477099373936653
0.030069570988416672
0.013515978120267391
0.05383272096514702
0.060204796493053436
0.01300286129117012
0.06833149492740631
0.013557160273194313
0.01896870695054531
0.010140540078282356
0.007404758594930172
0.02375692129135132
0.011661641299724579
0.017423536628484726
0.04158753156661987
0.04512051120400429
0.03926660120487213
0.041028790175914764
0.03334818035364151
0.0432395376265049
0.17385011911392212
0.06244184821844101
0.04390828683972359
0.01589437760412693
0.023444129154086113
0.018222717568278313
0.033922042697668076
0.012276681140065193
0.030835231766104698
0.04233921319246292
0.05159524455666542
0.04031212627887726
0.02557596191763878
0.027756378054618835
0.07338523119688034
0.029590239748358727
0.06106819584965706
0.023862110450863838
0.0758182555437088
0.019812703132629395
0.03470335900783539
0.0022924551740288734
0.023868853226304054
0.005661689676344395
0.040609706193208694
0.06548934429883957
0.017637353390455246
0.016854826360940933
0.07308495789766312
0.007460729219019413
0.03522970899939537
0.09528449922800064
0.02767927199602127
0.04749099165201187
0.01802068017423153
0.021499617025256157
0.015149441547691822
0.02143404446542263
0.03842553123831749
0.027306050062179565
0.03794608637690544
0.06965267658233643
0.02637847326695919
0.029261205345392227
0.03473003953695297
0.027300473302602768
0.05832282081246376
0.04263220354914665
0.1501583456993103
0.04455089941620827
0.05893964320421219
0.08553733676671982
0.04803610220551491
0.02993304654955864
0.00956053752452135
0.0790669173002243
0.02013998106122017
0.02012992650270462
0.04476453363895416
0.05438863858580589
0.015613311901688576
0.06748569756746292
0.06909485161304474
0.018454423174262047
0.0334591269493103
0.106418676674366
0.024502452462911606
0.046113621443510056
0.0437459796667099
0.06161748990416527
0.013661588542163372
0.049250002950429916
0.026873460039496422
0.021922586485743523
0.022890841588377953
0.029778441414237022
