0.0008437339565716684
0.000441324693383649
0.00046254092012532055
0.05763590708374977
0.02190740965306759
0.02220901846885681
0.004007594659924507
0.0009866534965112805
0.009670651517808437
0.003770402166992426
0.00006042381573934108
0.00008537061512470245
0.005726853851228952
0.0016104872338473797
0.006238055415451527
0.03168882057070732
0.009360402822494507
0.004236181266605854
0.00002831055098795332
0.00012562119809444994
0.00018391772755421698
0.00467529334127903
0.0002367435081396252
0.0011947849998250604
0.00210545863956213
0.011183681897819042
0.001695862039923668
0.004627970978617668
0.00010376088903285563
0.00048169304500333965
0.0005002635880373418
0.00020482389663811773
0.0012518742587417364
0.000040368617192143574
0.0028372842352837324
0.00029260071460157633
0.0024991075042635202
0.00044213832006789744
0.014403732493519783
0.0308045856654644
0.003240496153011918
0.0002693063870538026
0.04218418151140213
0.0048734224401414394
0.0006399542326107621
0.004425710067152977
0.0075646499171853065
0.0009659972856752574
0.03064810298383236
0.010624224320054054
0.00007181781984400004
0.0010496567701920867
0.0417364239692688
0.00012213322042953223
0.011942937970161438
0.0004575963830575347
0.0164302047342062
0.004545631352812052
0.03392577916383743
0.0010070468997582793
0.00008624533074907959
0.004597637336701155
0.021763920783996582
0.027917275205254555
0.007211267948150635
0.00008783122757449746
0.012840872630476952
0.04810677841305733
0.02150554768741131
0.01786707155406475
0.0021529216319322586
0.01184265036135912
0.003562821075320244
0.07502897828817368
0.01122222375124693
0.0012004633899778128
0.0014223866164684296
0.03202403709292412
0.03831681236624718
0.0003695416380651295
0.0004480406641960144
0.0005493084900081158
0.0003273555194027722
0.005171154625713825
0.0014072190970182419
0.0004874570295214653
0.006437572184950113
0.00985341053456068
0.0000662517049931921
0.009732792153954506
0.000020113819118705578
0.0011173972161486745
0.011460728943347931
0.008547314442694187
0.00008517490641679615
0.0019907886162400246
0.0031433687545359135
0.04530064016580582
0.0015640731435269117
0.0011558658443391323
0.0005379727808758616
0.0008032668847590685
0.01001580711454153
0.02618727833032608
0.00039147870847955346
0.0008591340156272054
0.003607200924307108
0.004059981554746628
0.002323517808690667
0.0008491980843245983
0.001205853302963078
0.004784721415489912
0.0002311657735845074
0.021850040182471275
0.00015527408686466515
0.05368504300713539
0.0007829393725842237
0.0007416641456075013
0.00270861410535872
0.0004187898011878133
0.00015237406478263438
0.0001763406180543825
0.003302682191133499
0.002689786022529006
0.015499906614422798
0.0019414847483858466
0.0036801486276090145
0.00006838311674073339
0.01197569165378809
0.004465300124138594
0.0034490993712097406
0.00006149714317871258
0.01499204058200121
0.012650487013161182
0.01450421754270792
0.0002815997286234051
0.000288911338429898
0.014772693626582623
0.00011833934695459902
0.018438005819916725
0.0034178877249360085
0.000580507970880717
0.0010652021737769246
0.0010197299998253584
0.0014577381080016494
0.0008054724312387407
0.0001066710683517158
0.00008625794725958258
0.00027141981991007924
0.00023861396766733378
0.005669376812875271
0.001505652442574501
0.020348025485873222
0.02735806815326214
0.00019633460033219308
0.0016755518736317754
0.00035105604911223054
0.00004207189704175107
0.00007417118467856199
0.00029169395565986633
0.0005050342297181487
0.00009655384928919375
0.0002399367222096771
0.01493981946259737
0.012700042687356472
0.006018071435391903
0.00005277577292872593
0.0047460212372243404
0.006452552974224091
0.0003119441098533571
0.009617594070732594
0.0005348431877791882
0.0002155163965653628
0.00030419748509302735
0.00004035598612972535
0.002732131164520979
0.0019101300276815891
0.0006844016606919467
0.00016949196287896484
0.0016033848514780402
0.009484619833528996
0.0001284060999751091
0.0059102061204612255
0.0009016965050250292
0.00020796331227757037
0.000010184070561081171
0.0007330202497541904
0.002751013496890664
0.000113576628791634
0.0018616188317537308
0.00047845946392044425
0.0008918015519157052
0.00007347853534156457
0.0006948983645997941
0.004699846263974905
0.0011478664819151163
0.004841456655412912
0.00023214788234326988
0.00046983917127363384
0.00015740744129288942
0.00016499216144438833
0.00034679670352488756
0.00014328944962471724
0.00011661551980068907
0.0006386554450727999
0.00041828362736850977
0.0004197819216642529
0.0002374340547248721
0.0068977647460997105
0.0019734345842152834
0.003463537199422717
0.0001638702378841117
0.0005706536467187107
0.0028725105803459883
0.005594832822680473
0.00027101871091872454
0.022735832259058952
0.00013734253298025578
0.0012030510697513819
0.0006439231801778078
0.00024484313325956464
0.00021893797384109348
0.008870686404407024
0.000764582131523639
0.007404853589832783
0.0022454948630183935
0.00032190000638365746
0.0010104035027325153
0.001545127248391509
0.00004646749948733486
0.0004311894881539047
0.0006979524623602629
0.003161695320159197
0.0016512781148776412
0.0006917731952853501
0.00005652629261021502
0.000018434799130773172
0.010408323258161545
0.0040410663932561874
0.002476659370586276
0.0010959325591102242
0.00009579069592291489
0.008155087940394878
0.000092099275207147
0.00039342950913123786
0.0033833824563771486
0.0005479801329784095
0.0001447634567739442
0.0003372205246705562
0.00008455624629277736
0.005181437823921442
0.0006111482507549226
0.00021826892043463886
0.00023843346571084112
0.00021714749163948
0.0020095615182071924
0.0003461110172793269
0.0036012104246765375
0.000008754635928198695
0.0016040769405663013
0.00017784320516511798
0.00042920434498228133
0.0020392027217894793
0.0006541427574120462
0.041833288967609406
0.0011790333082899451
0.004616693127900362
0.00012476810661610216
0.0011242649052292109
0.00045876222429797053
0.0032289905939251184
0.00003288991138106212
0.005858756601810455
0.000020384113668114878
0.0315726175904274
0.00015113591507542878
0.0031374813988804817
0.004187501035630703
0.0007675476372241974
0.00012947160576004535
0.0013895032461732626
0.028344651684165
0.0048171887174248695
0.000449507700977847
0.0033742315135896206
0.003004880389198661
0.008968102745711803
0.00009641486394684762
0.0017232575919479132
0.005538014695048332
0.000007923501470941119
0.0011472284095361829
0.0002702671627048403
0.00014452690083999187
0.0008276052540168166
0.0029014311730861664
0.0281649362295866
0.015023075975477695
0.0008869010489434004
0.00011468199954833835
0.000448752281954512
0.004918883554637432
0.0035076227504760027
0.0000531385448994115
0.00027956825215369463
0.00021895894315093756
0.0002705819788388908
0.0009939916199073195
0.00027086056070402265
0.0031345386523753405
0.012146178632974625
0.00003586658931453712
0.024795660749077797
0.022012554109096527
0.00021286836999934167
0.012266377918422222
0.0007188105955719948
0.000038145226426422596
0.0005949960323050618
0.003246000036597252
0.0280273649841547
0.016964798793196678
0.000447637343313545
0.008683940395712852
0.0026666719932109118
0.0005157695268280804
0.0037335329689085484
0.0009318713564425707
0.024412209168076515
0.0012351160403341055
0.0003460116859059781
0.010530366562306881
0.005819924175739288
0.0066978344693779945
0.0020346823148429394
0.00337092112749815
0.0012284743133932352
0.0031609535217285156
0.0001916422916110605
0.0485798679292202
0.000038557336665689945
0.0001312551903538406
0.037343792617321014
0.0001158838058472611
0.009184708818793297
0.000270014104899019
0.0029896763153374195
0.0000538610911462456
0.0009525971254333854
0.025130074471235275
0.00013728102203458548
0.0031567849218845367
0.00015786249423399568
0.010036534629762173
0.004386381711810827
0.00037654367042705417
0.0027821031399071217
0.0003799728292506188
0.0027606566436588764
0.02628246136009693
0.00034479080932214856
0.012936840765178204
0.00010065104288514704
0.010222970508038998
0.0007409825921058655
0.0014017955400049686
0.014108492992818356
0.00040132328285835683
0.02405092678964138
0.010064882226288319
0.00024244272208306938
0.0005716023733839393
0.03334251046180725
0.00027565646450966597
0.004999031312763691
0.008541423827409744
0.0001888901024358347
0.03433072194457054
0.00029787453240714967
0.013070063665509224
0.0022094929590821266
0.0007929919520393014
0.00022212548356037587
0.005495921242982149
0.0005906327278353274
0.0013434290885925293
0.0008283145725727081
0.00005760042040492408
0.0003161574131809175
0.0007297841948457062
0.0036945173051208258
0.000032928797736531124
0.001924554817378521
0.00037971368874423206
0.0002675629802979529
0.01505239773541689
0.000002080684453176218
0.0049089957028627396
0.0010869663674384356
0.001307714614085853
0.0217047818005085
0.00012847881589550525
0.00001502911800344009
0.002606918103992939
0.00041031057480722666
0.027763018384575844
0.000024915303583838977
0.017296837642788887
0.00015172768326010555
0.0026282118633389473
0.00027987087378278375
0.010866346769034863
0.0003091036342084408
0.0006905404734425247
0.0011969212209805846
0.02353103645145893
0.00026738879387266934
0.0007338373106904328
0.0002685016661416739
0.0000691159802954644
0.002498330781236291
0.0000798417313490063
0.0010235990630462766
0.0033991269301623106
0.014873935841023922
0.0019262494752183557
0.0066800606437027454
0.001870148815214634
0.03834565356373787
0.0003368825127836317
0.0013240758562460542
0.00012992083793506026
0.009621838107705116
0.00010285188182024285
0.008302383124828339
0.00027145625790581107
0.0005914478679187596
0.0013999210204929113
0.000024972079700091854
0.00005408439028542489
0.000242397582042031
0.01640954613685608
0.015847092494368553
0.0030438436660915613
0.0038274498656392097
0.004336792044341564
0.0022371006198227406
0.0005789445713162422
0.00043243798427283764
0.016899434849619865
0.0005889967433176935
0.00032839659252204
0.0013842626940459013
0.01785050332546234
0.000529516430106014
0.0009043743484653533
0.00016291621432173997
0.029309406876564026
0.04132046550512314
0.0009394616354256868
0.0009728139848448336
0.0015105240745469928
0.0002466884907335043
0.0003729984746314585
0.00034599221544340253
0.00000661258127365727
0.0010211848421022296
0.008912229910492897
0.021893447265028954
0.004517627879977226
0.00008153865928761661
0.0007130709127523005
0.0008592953090555966
0.01602933369576931
0.013203292153775692
0.09452281892299652
0.009109379723668098
0.007902630604803562
0.01369177084416151
0.0012925383634865284
0.016424307599663734
0.0014013027539476752
0.0013017242308706045
0.023132724687457085
0.002290662843734026
0.0020259178709238768
0.0023723687045276165
0.0007496490143239498
0.0011852566385641694
0.0005844626575708389
0.0014131228672340512
0.0001205050284625031
0.0005540342535823584
0.004047572147101164
0.000411434390116483
0.00036692360299639404
0.0025199551600962877
0.02262800931930542
0.003998276311904192
0.0001926153781823814
0.001188489724881947
0.00026524433633312583
0.027763737365603447
0.00021837398526258767
0.0026092184707522392
0.0000952470873016864
0.003216499462723732
0.0008626877097412944
0.0025885754730552435
0.006339231505990028
0.00014738153549842536
0.01134178414940834
0.00918508693575859
0.048018720000982285
0.011961739510297775
0.00020560447592288256
0.0023621455766260624
0.000490692735183984
0.0006843380397185683
0.001021233620122075
0.0002812064776662737
0.00008085998706519604
0.018638920038938522
0.004833743907511234
0.006797190755605698
0.000014617026863561478
0.0005059984978288412
0.0005770684801973403
0.004973187576979399
0.0007321971352212131
0.0006326677976176143
0.005701318383216858
0.009876381605863571
0.001764258136972785
0.00020172729273326695
0.0004287053016014397
0.016112439334392548
0.00017559136904310435
0.0010266765020787716
0.004371032118797302
0.000495528569445014
0.0039018415845930576
0.036713991314172745
0.006013629026710987
0.01344224438071251
0.0001937587367137894
0.000037324512959457934
0.013135879300534725
0.007438480854034424
0.0006601565983146429
0.00016566412523388863
0.0033684212248772383
0.0008449713932350278
0.000998073723167181
0.0001509474968770519
0.0074516888707876205
0.013645291328430176
0.00010678490798454732
0.0053764088079333305
0.0005548411863856018
0.011358585208654404
0.0011051358887925744
0.009682925418019295
0.05227909982204437
0.014588676393032074
0.005004937294870615
0.0001367170480079949
0.02469676546752453
0.03484230488538742
0.00020510591275524348
0.00782446563243866
0.008903594687581062
0.0010626803850755095
0.000298184750135988
0.03965163230895996
0.0004946296685375273
0.0009315217612311244
0.0022942298091948032
0.0008008210570551455
0.015037942677736282
0.0036865752190351486
0.02494591847062111
0.02189231477677822
0.0010162335820496082
0.00031057928572408855
0.000551945879124105
0.0017732309643179178
0.007290424779057503
0.03202037140727043
0.000028404161639628
0.03684686869382858
0.0037085714284330606
0.010030797682702541
0.0007048576953820884
0.000050005048251478
0.0006282072863541543
0.0010056078899651766
0.00047321172314696014
0.001847114646807313
0.00009920593583956361
0.006882440764456987
0.0003360272676218301
0.01108789537101984
0.007862253114581108
0.0005627088830806315
0.00017691156244836748
0.0003223586827516556
0.0009550057584419847
0.0000663427053950727
0.00005546144529944286
0.00033894728403538465
0.00041027000406756997
0.022212855517864227
0.0004414076101966202
0.0006239786744117737
0.001532376860268414
0.0003056436835322529
0.006869638338685036
0.000011251417163293809
0.003749981289729476
0.0003687858988996595
0.00038640532875433564
0.0013089237036183476
0.0002779217029456049
0.0052924444898962975
0.0039489371702075005
0.02657163143157959
0.007930557243525982
0.0023785934317857027
0.0008975692326202989
0.014272610656917095
0.000579881714656949
0.0012137850280851126
0.0003911835956387222
0.013908671215176582
0.0009731212048791349
0.0662371963262558
0.0009412607760168612
0.0013565743574872613
0.00017893148469738662
0.015209527686238289
0.007762376684695482
0.007176319602876902
0.03166204318404198
0.00010931415454251692
0.0006934941047802567
0.000044507323764264584
0.0011736134765669703
0.0005128682241775095
0.00012282791431061924
0.00040985914529301226
0.0006752989138476551
0.00022703698778059334
0.0018290894804522395
0.04878053814172745
0.0017170124920085073
0.004620380233973265
0.008901900611817837
0.0011517093516886234
0.02288900502026081
0.0068089948035776615
0.005903101991862059
0.000047331617679446936
0.0006444559548981488
0.005871687084436417
0.00025060310144908726
0.01290683913975954
0.00305556901730597
0.005441573448479176
0.0002798244822770357
0.00029831958818249404
0.00007518487836932763
0.0025338614359498024
0.009899760596454144
0.011569452472031116
0.02102743647992611
0.00015046211774460971
0.0000105696490209084
0.013951280154287815
0.0005633070832118392
0.0010886691743507981
0.0017577464459463954
0.048621173948049545
0.0003095470601692796
0.003413047641515732
0.002439721953123808
0.0000989658001344651
0.013974768109619617
0.0002766801917459816
0.00005699982648366131
0.002577137900516391
0.011132879182696342
0.0005614432157017291
0.020749885588884354
0.00012632814468815923
0.0036513851955533028
0.01043618656694889
0.00019406939100008458
0.00022565657855011523
0.013843856751918793
0.00010616978397592902
0.0001195084914797917
0.0021159311290830374
0.023694735020399094
0.009535727091133595
0.00028475653380155563
0.0007281259750016034
0.0005138462292961776
0.013441760092973709
0.009090961888432503
0.002247101627290249
0.006085988134145737
0.0006139848846942186
0.00002073945688607637
0.0002341837389394641
0.012674583122134209
0.00249840528704226
0.00023440324002876878
0.009810161776840687
0.00037606031401082873
0.0002882527478504926
0.0003197758342139423
0.00012442651495803148
0.00010097512131324038
0.01439592707902193
0.009166188538074493
0.000018677506886888295
0.02441161312162876
0.0009602156933397055
0.013464119285345078
0.00012955984857399017
0.00009835637320065871
0.0009149097604677081
0.0195140540599823
0.00033366624847985804
0.027984708547592163
0.00012417176913004369
0.006607280112802982
0.0002656466676853597
0.031354501843452454
0.0006282459944486618
0.00025226498837582767
0.0028622359968721867
0.00017548784671816975
0.0008277831948362291
0.005105919204652309
0.0012453291565179825
0.00005474657518789172
0.012856710702180862
0.004538948182016611
0.0013147755526006222
0.0001450347772333771
0.013857402838766575
0.0020001940429210663
0.010059568099677563
0.005138281267136335
0.0005851899622939527
0.003040655981749296
0.00003808020119322464
0.000494901672936976
0.00007418404129566625
0.004970085807144642
0.00015368057938758284
0.00041326822247356176
0.0006221580551937222
0.00500338152050972
0.0003736568905878812
0.010824850760400295
0.0007579922094009817
0.0003326691221445799
0.01220789086073637
0.015574773773550987
0.00174083118326962
0.0014509751927107573
0.0001962123642442748
0.0011152680963277817
0.010097077116370201
0.00023795089509803802
0.000058466212067287415
0.0018890632782131433
0.0001481178478570655
0.0025250576436519623
0.0003192138974554837
0.0002413943293504417
0.0020178675185889006
0.003879909636452794
0.0031951330602169037
0.0001584617275511846
0.0007561048259958625
0.00029994978103786707
0.00020182713342364877
0.000368668173905462
0.021185528486967087
0.002310642972588539
0.000011446998541941866
0.003823942504823208
0.0006227790145203471
0.00004385484862723388
0.000020949304598616436
0.0003740369575098157
0.0004325267218519002
0.0030566693749278784
0.0028920392505824566
0.009774645790457726
0.0003255832416471094
0.033314529806375504
0.003816809505224228
0.023855851963162422
0.009474732913076878
0.0034445261117070913
0.020596513524651527
0.0004494893364608288
0.00019015396537724882
0.033431604504585266
0.00723249651491642
0.0023889506701380014
0.00018899740825872868
0.006038738414645195
0.0069177220575511456
0.019289830699563026
0.021673452109098434
0.00006807193130953237
0.00015162774070631713
0.002930541057139635
0.00003180535713909194
0.0029612828511744738
0.0004417666932567954
0.02003101445734501
0.027516929432749748
0.0003221977094653994
0.004191292449831963
0.0001407717209076509
0.005621461663395166
0.009129082784056664
0.00025830318918451667
0.00046515080612152815
0.004711050074547529
0.00023992023488972336
0.0018280966905876994
0.00007351953536272049
0.0025480620097368956
0.00004260626155883074
0.0006178023759275675
0.00005738755498896353
0.0004873091238550842
0.0005629599909298122
0.00927380658686161
0.0005748472176492214
0.000011755793821066618
0.00006797625974286348
0.004490080755203962
0.0009006073232740164
0.002388207009062171
0.0009072921820916235
0.002047634217888117
0.0036599640734493732
0.00010886474774451926
0.04380755499005318
0.01642432063817978
0.004397191572934389
0.049184948205947876
0.0003922217001672834
0.0006135793519206345
0.001266462029889226
0.020361166447401047
0.00008358124614460394
0.00028934740112163126
0.00254549621604383
0.008759049698710442
0.00187471485696733
0.001530126086436212
0.0005036387592554092
0.00006746534199919552
0.0013776036212220788
0.0009940005838871002
0.006078112404793501
0.0036944905295968056
0.0009558132151141763
0.0011403710814192891
0.010168513283133507
0.02083815261721611
0.002750544575974345
0.003151766024529934
0.000804886338301003
0.0000668180437060073
0.006790970917791128
0.002040849532932043
0.01914829947054386
0.0011424229014664888
0.003227375680580735
0.010834594257175922
0.0027503527235239744
0.0014342780923470855
0.0001376570580760017
0.00034402695018798113
0.012604355812072754
0.00002795196633087471
0.0003112943668384105
0.03190760686993599
0.0050103673711419106
0.0003411280922591686
0.0017434002365916967
0.0001231991482200101
0.0034658019430935383
0.00048628560034558177
0.019516563042998314
0.00009957162546925247
0.012272264808416367
0.007456555962562561
0.0018362891860306263
0.018085693940520287
0.001210281508974731
0.00564876152202487
0.0014101120177656412
0.015872636809945107
0.00012608812539838254
0.005555190145969391
0.0021023342851549387
0.004333035089075565
0.015905629843473434
0.0009778515668585896
0.000289631774649024
0.00698551069945097
0.0003348120953887701
0.0013868187088519335
0.005668263416737318
0.0030739468056708574
0.01766052283346653
0.0015416740207001567
0.003640958573669195
0.00065127934794873
0.00438774935901165
0.00010407070658402517
0.00014499126700684428
0.0010516458423808217
0.00026155193336308
0.0001749739021761343
0.00015401089331135154
0.00010175579518545419
0.0005336793838068843
0.0006293116603046656
0.000979668227955699
0.0075019788928329945
0.0037916286382824183
0.005074931308627129
0.0006159241893328726
0.002237633103504777
0.0029661974404007196
0.0015949881635606289
0.0006801961571909487
0.00009411909559275955
0.000009708915968076326
0.013477436266839504
0.0032525353599339724
0.0002575164835434407
0.0001000080446829088
0.0006100375903770328
0.0001866860402515158
0.003844687482342124
0.00013179139932617545
0.006189140025526285
0.00011229585652472451
0.002263322239741683
0.0007822377374395728
0.00738900899887085
0.00017496634973213077
0.0029335767030715942
0.0007246328750625253
0.00031725579174235463
0.00004973060276824981
0.0002613473334349692
0.0004216792294755578
0.0001417001913068816
0.004967088811099529
0.002193612977862358
0.00020701649191323668
0.003349198494106531
0.0035271530505269766
0.013780908659100533
0.000013358328942558728
0.006824913900345564
0.03110458515584469
0.0006241110386326909
0.001568793784826994
0.0001734310935717076
0.00458543049171567
0.0025111441500484943
0.0010926874820142984
0.014713181182742119
0.004727812949568033
0.004392568022012711
0.0003687907010316849
0.0011819343781098723
0.000470855477033183
0.00027329285512678325
0.00010109489812748507
0.000044563286792254075
0.0006480560405179858
0.02499217912554741
0.002991237211972475
0.000021486903278855607
0.0024335086345672607
0.014680253341794014
0.0002653736446518451
0.0011990026105195284
0.003235183423385024
0.00004039875420858152
0.014153621159493923
0.0002990117354784161
0.00017373295850120485
0.00045868827146478
0.003626918187364936
0.01552941557019949
0.0007582256221212447
0.0009390672785229981
0.00031015515560284257
0.00028355137328617275
0.00020188468624837697
0.00018339414964430034
0.0003109611279796809
0.0010037855245172977
0.0017420643707737327
0.00019670308392960578
0.00041746406350284815
0.003685067407786846
0.000047459947381867096
0.000018898486814578064
0.0003120813344139606
0.01402529887855053
0.005888535641133785
0.0005130956415086985
0.00003936946814064868
0.0001074558895197697
0.0012189106782898307
0.00009706612763693556
0.00011399271170375869
0.0006044424371793866
0.0016657448140904307
0.00011270009417785332
0.009473981335759163
0.0002142165758414194
0.0015495955012738705
0.0015002276049926877
0.012913520447909832
0.011373109184205532
0.002726872218772769
0.013842552900314331
0.0008554141968488693
0.0002710639964789152
0.0003917793510481715
0.000456471461802721
0.0007456021849066019
0.0008426856948062778
0.000395232840673998
0.00027621755725704134
0.004512028768658638
0.00035235792165622115
0.0071004838682711124
0.00617175130173564
0.0015129755483940244
0.00000886794259713497
0.014426751993596554
0.00004047303445986472
0.0012699394719675183
0.000045089967898093164
0.005761362612247467
0.000231386351515539
0.016110165044665337
0.009088573046028614
0.0017271662363782525
0.0002297628961969167
0.018389500677585602
0.0003775774093810469
0.008411501534283161
0.0000949355962802656
0.00007652828935533762
0.0012291771126911044
0.0021370553877204657
0.00005387679266277701
0.0003941423783544451
0.012155750766396523
0.00016562434029765427
0.001267021638341248
0.0060775610618293285
0.0005023674457333982
0.00011149398051202297
0.00040052845724858344
0.028925292193889618
0.013904720544815063
0.00018641893984749913
0.002442015567794442
0.0006598851759918034
0.002391945105046034
0.00020103003771509975
0.0002347972767893225
0.006560693960636854
0.00008760538185015321
0.016077470034360886
0.0006849737255834043
0.005329987034201622
0.000038802150811534375
0.0019044161308556795
0.004686298780143261
0.01474960707128048
0.00028719837428070605
0.0012926817871630192
0.005392823833972216
0.019924243912100792
0.017656411975622177
0.0008126430911943316
0.00017993469373323023
0.00228549400344491
0.002633330412209034
0.00025635998463258147
0.02195512317121029
0.0004975668271072209
0.011560304090380669
0.0017943545244634151
0.005180523730814457
0.00007598590309498832
0.0003168974653817713
0.0013018683530390263
0.003523828461766243
0.0018997947918251157
0.015304366126656532
0.0011253502452746034
0.03320050984621048
0.0007156329229474068
0.0000751890693209134
0.0003456123813521117
0.0070219701156020164
0.005153272300958633
0.0002031397307291627
0.019432714208960533
0.0008612512028776109
0.0006304048583842814
0.0003343447169754654
0.0036263768561184406
0.0004717828705906868
0.00018645446107257158
0.011949991807341576
0.00024389600730501115
0.0015528148505836725
0.00004999357770429924
0.00024608412059023976
0.013817586936056614
0.0013939592754468322
0.0007841959013603628
0.00015876864199526608
0.0008435074123553932
0.0460161492228508
0.0009152471902780235
0.0010972324525937438
0.010934689082205296
0.00233632605522871
0.00024879781994968653
0.0011617030249908566
0.00027040045824833214
0.00023681616585236043
0.007396348752081394
0.00141724303830415
0.006192192900925875
0.00021774874767288566
0.0004426368104759604
0.0002663594204932451
0.000029827253456460312
0.00011737423483282328
0.0012679198989644647
0.00007479797204723582
0.0045831333845853806
0.0037489840760827065
0.000730960164219141
0.000430735555710271
0.0010006235679611564
0.000058412060752743855
0.0012599012115970254
0.001428429502993822
0.026537250727415085
0.0007329004583880305
0.0007702655275352299
0.0028891442343592644
0.0008859309600666165
0.028925776481628418
0.0019738920964300632
0.000313222233671695
0.007969489321112633
0.01557796448469162
0.00003223954263376072
0.05962265282869339
0.0016659400425851345
0.0005785176763311028
0.0001487530389567837
0.0006750760949216783
0.003634655848145485
0.015537065453827381
0.0004316593986004591
0.07719806581735611
0.00016001764743123204
0.019152220338582993
0.0020617039408534765
0.00006795713125029579
0.014821754768490791
0.00008434394840151072
0.0001333949330728501
0.0019173682667315006
0.001374302664771676
0.00004139122029300779
0.005496758967638016
0.025657447054982185
0.00017905155254993588
0.000034069067623931915
0.0010423819767311215
0.004738020244985819
0.012093504890799522
0.0008707105298526585
0.000034230983146699145
0.03780984878540039
0.00001562445868330542
0.0013244969304651022
0.0002953411021735519
0.00008954035001806915
0.010487714782357216
0.0003984485229011625
0.0007832195842638612
0.00003177464895998128
0.00048664744826965034
0.08165406435728073
0.023128485307097435
0.0029194182716310024
0.006069363560527563
0.00022123688540887088
0.005052313674241304
0.0003535766154527664
0.000027711666916729882
0.011541596613824368
0.0005139967543072999
0.008672403171658516
0.00003321953772683628
0.0002117712574545294
0.008010361343622208
0.008679008111357689
0.00008513114153174683
0.0022614053450524807
0.0013444798532873392
0.0003909601073246449
0.0034885292407125235
0.000028146263503003865
0.0006058906437829137
0.0392766073346138
0.00041226475150324404
0.0022705490700900555
0.00007689162157475948
0.0019590728916227818
0.0006075085257180035
0.009153640829026699
0.00023392430739477277
0.00013885712542105466
0.0000671156303724274
0.0013013980351388454
0.0015521451132372022
0.008016346953809261
0.0001358196750516072
0.02383316680788994
0.00207135290838778
0.002168065868318081
0.0010140517260879278
0.00029897826607339084
0.00044866371899843216
0.000026302746846340597
0.011385919526219368
0.0000911103343241848
0.002688970183953643
0.0042672064155340195
0.00027464903541840613
0.00021979445591568947
0.00530107319355011
0.000014747784916835371
0.0019143364625051618
0.000015730151062598452
0.000394675211282447
0.002388789551332593
0.0004075055185239762
0.0004309852665755898
0.0013054246082901955
0.0017037598881870508
0.0013345560291782022
0.00038359357859008014
0.00036464547156356275
0.00010996715718647465
0.039025552570819855
0.02613910846412182
0.000705457350704819
0.0031684779096394777
0.00048454065108671784
0.012312149628996849
0.001483013853430748
0.0028020981699228287
0.00007730639481451362
0.000030179679015418515
0.00002262919588247314
0.0013617336517199874
0.002473416505381465
0.001972639001905918
0.018522493541240692
0.009738273918628693
0.007904460653662682
0.001155387843027711
0.0005144239403307438
0.000056398712331429124
0.0007159191882237792
0.0005944270524196327
0.0036620772443711758
0.011320427060127258
0.006964548025280237
0.00011310962872812524
0.0032435772009193897
0.019259227439761162
0.00019406007777433842
0.004161844961345196
0.000016781707017798908
