0.0011243458138778806
0.0027972892858088017
0.002434354042634368
0.0018233561422675848
0.0006955488352105021
0.00391595670953393
0.006647815927863121
0.014352226629853249
0.003278245683759451
0.0008612933452241123
0.0008654318517073989
0.0011290126712992787
0.05031257122755051
0.0014123085420578718
0.00015474169049412012
0.0004626095178537071
0.00039468155591748655
0.00921268854290247
0.0030555010307580233
0.00026195598184131086
0.012789512984454632
0.00022677413653582335
0.0004890417912974954
0.00022637186339125037
0.0000513393861183431
0.002560093766078353
0.0010165672283619642
0.0029215493705123663
0.0005801303777843714
0.0002908126334659755
0.0006705000996589661
0.0002124683087458834
0.006970955058932304
0.008457507006824017
0.0009667376871220767
0.0005599420983344316
0.0038676138501614332
0.0006960577447898686
0.0035007132682949305
0.0008299800101667643
0.005751386284828186
0.002517952350899577
0.005432665813714266
0.0002726679958868772
0.00038095589843578637
0.003045604331418872
0.0018290313892066479
0.0037651066668331623
0.0071722217835485935
0.008908804506063461
0.001248620916157961
0.00024375299108214676
0.00495171919465065
0.0002904933935496956
0.00020399931236170232
0.00012616738968063146
0.00007806193025317043
0.0010329399956390262
0.002659432590007782
0.00009849710477283224
0.00044868895201943815
0.001624841708689928
0.009948006831109524
0.0010251568164676428
0.02010570839047432
0.0004608564486261457
0.0035662122536450624
0.0024301023222506046
0.010698491707444191
0.0006223986856639385
0.0002441525866743177
0.01259237714111805
0.0004857017192989588
0.0004503622476477176
0.0003062424948439002
0.04528940096497536
0.00008861296373652294
0.00021133452537469566
0.00009773913188837469
0.00034654291812330484
0.01960211619734764
0.021677400916814804
0.019394729286432266
0.001350478152744472
0.0009774727514013648
0.0010780076263472438
0.00015052601520437747
0.000616548873949796
0.0018059222493320704
0.0003412156365811825
0.01557911280542612
0.0007212926866486669
0.019061701372265816
0.00025205881684087217
0.001563720521517098
0.0028396800626069307
0.00037024900666438043
0.009557215496897697
0.0005947371828369796
0.0003916978894267231
0.0025226487778127193
0.001528254826553166
0.0005475686048157513
0.007750724907964468
0.00032098550582304597
0.012404522858560085
0.0005722139612771571
0.0042496961541473866
0.000108438114693854
0.00016485410742461681
0.005872024688869715
0.00002956217940663919
0.005651991348713636
0.01551955658942461
0.0064373863860964775
0.0022618595976382494
0.0004959480720572174
0.0007268008193932474
0.0003327002050355077
0.001506365486420691
0.03138566017150879
0.000155506597366184
0.0022803398314863443
0.001602271688170731
0.004874919541180134
0.003051085164770484
0.004137377254664898
0.0003498716396279633
0.0005867441068403423
0.02662479691207409
0.001015076064504683
0.0008024561102502048
0.013817527331411839
0.0004110019945073873
0.004824867472052574
0.00004350548260845244
0.0010057362960651517
0.009246769361197948
0.0029741080943495035
0.002254368970170617
0.008174564689397812
0.0003381663409527391
0.0010270929196849465
0.015912089496850967
0.00195730640552938
0.0054724751971662045
0.0011123055592179298
0.0004952311282977462
0.001217394950799644
0.00009948452498065308
0.00121262576431036
0.0016046001110225916
0.005081517156213522
0.013870729133486748
0.0013141179224476218
0.008850541897118092
0.0010208201128989458
0.0007859893376007676
0.00448788283392787
0.019566306844353676
0.0039618914015591145
0.00019301418797113
0.005173380021005869
0.00016876330482773483
0.004147583618760109
0.005928014405071735
0.00012066242925357074
0.002216192428022623
0.016838982701301575
0.004420844372361898
0.00015458499547094107
0.0011056448565796018
0.0002744758385233581
0.0005708690150640905
0.0004651876515708864
0.009342148900032043
0.0009873491944745183
0.017561526969075203
0.002125765662640333
0.000813831458799541
0.00936290342360735
0.001726937829516828
0.00041697302367538214
0.004467798396945
0.0005330634885467589
0.0018530352972447872
0.002624886343255639
0.00940975546836853
0.003775697434321046
0.01329708006232977
0.00010540198854869232
0.003283293917775154
0.0023472902830690145
0.009968438185751438
0.0034188590943813324
0.019683677703142166
0.0004291743680369109
0.05854923650622368
0.0006043139728717506
0.00210426258854568
0.0036179206799715757
0.001455988152883947
0.003183270338922739
0.0007328482461161911
0.008982752449810505
0.0005170928197912872
0.0021979818120598793
0.022159382700920105
0.0017048082081601024
0.0004686289466917515
0.01574779488146305
0.007300009950995445
0.007328989449888468
0.002651620889082551
0.00007000841287663206
0.00012674917525146157
0.00030257555772550404
0.000673729635309428
0.00005317309478414245
0.00011842825915664434
0.00026876700576394796
0.0012555188732221723
0.003992681857198477
0.0011488042073324323
0.004006457515060902
0.0015089083462953568
0.0002386935375398025
0.004418372642248869
0.00038070118171162903
0.0006756089278496802
0.0038615884259343147
0.0034895301796495914
0.0019340525614097714
0.023982152342796326
0.00015717567293904722
0.0005642966716550291
0.0009163245558738708
0.00019461485499050468
0.00010928072151727974
0.0013304081512615085
0.01018271129578352
0.00024665906676091254
0.008085407316684723
0.0008396620978601277
0.0021899621933698654
0.0003930436505470425
0.0007349074585363269
0.00042636157013475895
0.0006258015637286007
0.014153053052723408
0.02127842977643013
0.001346233650110662
0.0005614254041574895
0.0022142124362289906
0.002304267603904009
0.017933297902345657
0.016884412616491318
0.016038861125707626
0.000474912318168208
0.0009232332813553512
0.0005170728545635939
0.006530997343361378
0.002318302169442177
0.00001651290585868992
0.018436165526509285
0.025730375200510025
0.008335335180163383
0.007459391374140978
0.0023633099626749754
0.001487641129642725
0.006716968026012182
0.04789944365620613
0.0009516396676190197
0.0007871347479522228
0.0011177494889125228
0.024387085810303688
0.015057319775223732
0.0006118376622907817
0.0034495540894567966
0.0007139943772926927
0.00040744669968262315
0.00018349787569604814
0.0009609770495444536
0.0011176662519574165
0.04075055569410324
0.027139147743582726
0.012247267179191113
0.000803695700597018
0.0015573689015582204
0.0005251449183560908
0.004227826371788979
0.0002522277645766735
0.048078082501888275
0.00855984352529049
0.001950054313056171
0.0005764316883869469
0.004509786609560251
0.0011733506107702851
0.0038453410379588604
0.011835812591016293
0.01255917176604271
0.002570299431681633
0.012426999397575855
0.0051332092843949795
0.0008457934018224478
0.0032269873190671206
0.0015968767693266273
0.004005885683000088
0.00727288331836462
0.00042010360630229115
0.0011773204896599054
0.01157119870185852
0.00012145623622927815
0.0013827553484588861
0.0036781877279281616
0.0005533686489798129
0.00034203793620690703
0.0021314057521522045
0.0002387206768617034
0.0006561974878422916
0.011893335729837418
0.0013355419505387545
0.004487542901188135
0.00003259415098000318
0.03792605921626091
0.004104730673134327
0.0008928016759455204
0.00010390192619524896
0.000515600258950144
0.04312947392463684
0.0034510139375925064
0.0009000784484669566
0.0005270077963359654
0.0006362613057717681
0.0004504425451159477
0.005668017081916332
0.0021304411347955465
0.00008332504512509331
0.00001677250475040637
0.002251069527119398
0.02651405520737171
0.002562121720984578
0.004734094254672527
0.0032939750235527754
0.0007843084167689085
0.00003439460851950571
0.0005835822666995227
0.006413716357201338
0.0003137087041977793
0.0001233891525771469
0.00019668223103508353
0.0031855597626417875
0.013512756675481796
0.013276936486363411
0.00014093324716668576
0.0009860421996563673
0.00958271138370037
0.0003700568631757051
0.005122573114931583
0.0001685180322965607
0.11390551179647446
0.016689611598849297
0.003781431820243597
0.0006530372775159776
0.0004854737489949912
0.045566681772470474
0.00008834344043862075
0.0005675395368598402
0.001830158638767898
0.0024184943176805973
0.0023037304636090994
0.004588663578033447
0.0033788953442126513
0.002409896347671747
0.010305202566087246
0.01566825807094574
0.0016432465054094791
0.000564095564186573
0.005321770440787077
0.001722897170111537
0.07111471891403198
0.0015500698937103152
0.0019146533450111747
0.004641898442059755
0.005616550799459219
0.007122879382222891
0.002406957559287548
0.002422259422019124
0.0022416578140109777
0.0033741001971066
0.005082546733319759
0.0007291566580533981
0.0007308341446332633
0.0028572091832756996
0.000031640280212741345
0.01973293535411358
0.0005137214902788401
0.007661741226911545
0.01237921230494976
0.03619159013032913
0.0003872949455399066
0.005494381301105022
0.001803060295060277
0.0018728493014350533
0.0089999595656991
0.00006234613829292357
0.005231131799519062
0.0000659827928757295
0.0008020473178476095
0.004258130677044392
0.006974321790039539
0.000042925996240228415
0.0040629408322274685
0.00029974046628922224
0.003648491809144616
0.00019816459098365158
0.00699554942548275
0.0006948377122171223
0.001960417488589883
0.018673881888389587
0.0026750576216727495
0.00139359210152179
0.000636216951534152
0.000460843148175627
0.0020348236430436373
0.0016586794517934322
0.003048616461455822
0.004016547463834286
0.0010677737882360816
0.01250361930578947
0.0001193022180814296
0.0008579993736930192
0.0002141166914952919
0.00011384981917217374
0.013253404758870602
0.02629813924431801
0.0002720501215662807
0.0012205987004563212
0.0008226239588111639
0.00023363075160887092
0.00119715032633394
0.00637857848778367
0.00009979878086596727
0.0011489143362268806
0.00012047697964590043
0.0021106696221977472
0.00024214312725234777
0.0012720375088974833
0.003288742620497942
0.00027046340983361006
0.0056956070475280285
0.002227415796369314
0.00014427548740059137
0.00010210656910203397
0.027209190651774406
0.0016387277282774448
0.0037889969535171986
0.01902947388589382
0.001082714064978063
0.00015564753266517073
0.0038191163912415504
0.0031423731707036495
0.005386921111494303
0.003324767341837287
0.004646447021514177
0.004050153773277998
0.0005355523317120969
0.0004965882981196046
0.0005523816798813641
0.0004937011399306357
0.00058440474094823
0.00011958542017964646
0.019958559423685074
0.000331783463479951
0.004974071867763996
0.03361159563064575
0.00015969712694641203
0.0009469731012359262
0.001907368772663176
0.0015868005575612187
0.0020520391408354044
0.0004097465134691447
0.0003433412639424205
0.0004521027149166912
0.005844474770128727
0.0013267977628856897
0.0032083881087601185
0.0001760993618518114
0.04230577498674393
0.015682581812143326
0.01054361928254366
0.0037435218691825867
0.001665209885686636
0.0009903586469590664
0.0002606580965220928
0.002751943888142705
0.0005994411185383797
0.0007414941792376339
0.005448322743177414
0.0029585619922727346
0.00289988168515265
0.004890677519142628
0.0008851098828017712
0.0025905072689056396
0.006357557140290737
0.006922448053956032
0.0002989144704770297
0.00008106022869469598
0.0005478186649270356
0.0042001958936452866
0.001277914154343307
0.0023673393297940493
0.0022612435277551413
0.00024094554828479886
0.0006663101958110929
0.000816000101622194
0.0000656185147818178
0.0027877900283783674
0.0002909374888986349
0.00024299115466419607
0.0005793265299871564
0.0054633342660963535
0.004022509790956974
0.0009703430696390569
0.001270901644602418
0.0031334308441728354
0.012934118509292603
0.00025693009956739843
0.0001569313317304477
0.00007345191261265427
0.011583846993744373
0.00068327208282426
0.048491574823856354
0.00009551329276291654
0.029039351269602776
0.004778806585818529
0.0011024241102859378
0.0034519233740866184
0.0001440420455764979
0.0002518323890399188
0.0008885408751666546
0.004781692288815975
0.0019983435049653053
0.023723671212792397
0.0013747562188655138
0.00039248328539542854
0.0011262721382081509
0.0025284490548074245
0.0024113315157592297
0.0010325565235689282
0.000046894652768969536
0.00770163256675005
0.006197620648890734
0.0028635954950004816
0.002936191624030471
0.0015315517084673047
0.0007587642758153379
0.00026384435477666557
0.0040651168674230576
0.002368833404034376
0.00008270827675005421
0.009374693967401981
0.0044535081833601
0.0005790668656118214
0.0574224591255188
0.012634271755814552
0.0005322893266566098
0.000223301220103167
0.00006771249900339171
0.00015547487419098616
0.0012290868908166885
0.0023336648009717464
0.0003393456572666764
0.00010125587141374126
0.003306733211502433
0.002837029518559575
0.004778701812028885
0.0016255528898909688
0.0006587606621906161
0.0006852082442492247
0.004541235044598579
0.007346002850681543
0.0005045541329309344
0.036144375801086426
0.0002627712092362344
0.0008327572140842676
0.000047615147195756435
0.0005321830976754427
0.00013921332720201463
0.000981113058514893
0.010128477588295937
0.00018286702106706798
0.011744231916964054
0.0004901069332845509
0.0008205750491470098
0.0002666944928932935
0.0023711128160357475
0.0005615474656224251
0.00016921540373004973
0.011191324330866337
0.00045127826160751283
0.00005241046892479062
0.00027485305326990783
0.002441044431179762
0.007877807132899761
0.0004571220779325813
0.0009738191729411483
0.0005488329334184527
0.00030268097179941833
0.0029449984431266785
0.0007323814206756651
0.0023225098848342896
0.004476641770452261
0.0003239355864934623
0.0006505787605419755
0.011316322721540928
0.028615444898605347
0.010051040910184383
0.0002205601631430909
0.0027692534495145082
0.0016337840352207422
0.00017072046466637403
0.01322370395064354
0.002152544679120183
0.0007633438799530268
0.03153126314282417
0.0004260710265953094
0.0004630712792277336
0.014704909175634384
0.01144444476813078
0.00040245885611511767
0.08479732275009155
0.005457262042909861
0.048975490033626556
0.003385565709322691
0.002182323019951582
0.0021965266205370426
0.021406276151537895
0.007561988662928343
0.022754386067390442
0.0098267225548625
0.0034061474725604057
0.011335107497870922
0.006614341400563717
0.0006196890608407557
0.0009049746440723538
0.00008936451922636479
0.0011220782762393355
0.001260598422959447
0.021394919604063034
0.012019115500152111
0.0017461151583120227
0.03469837084412575
0.0009003730374388397
0.00013785288319922984
0.00044464285019785166
0.007757841143757105
0.003417043248191476
0.01447724923491478
0.010055718012154102
0.0003138678439427167
0.0011182220187038183
0.00018965591152664274
0.002731459680944681
0.0006454454851336777
0.0011737857712432742
0.05857013165950775
0.00007172383629949763
0.0005751986755058169
0.0006094323471188545
0.000017052128896466456
0.00003760162871913053
0.00017133464280050248
0.0014753506984561682
0.03015608713030815
0.0000957862866926007
0.00025163590908050537
0.006067028734833002
0.00008921613334678113
0.0006077185971662402
0.0033874204382300377
0.0020843669772148132
0.003409953787922859
0.004581181798130274
0.00032458058558404446
0.007493519689887762
0.00008024193084565923
0.00020436971681192517
0.0002508867473807186
0.0005405814736150205
0.0013914764858782291
0.00004202873242320493
0.007191323209553957
0.0032570436596870422
0.00040409379289485514
0.02343018352985382
0.00004469635314308107
0.0005466834991239011
0.01474851742386818
0.012220364063978195
0.0018335080239921808
0.00033348117722198367
0.00042612498509697616
0.03305303305387497
0.005637865047901869
0.023245541378855705
0.001295986119657755
0.0021229770500212908
0.05647509545087814
0.011574489064514637
0.0167533066123724
0.0005952111096121371
0.008939532563090324
0.0059930370189249516
0.03468618541955948
0.0005732069839723408
0.0018751748139038682
0.0017709338571876287
0.01720895618200302
0.003428818890824914
0.001018063398078084
0.004111918155103922
0.03922047093510628
0.0005533802323043346
0.005940911825746298
0.0034116599708795547
0.008285542018711567
0.025305453687906265
0.0064248270355165005
0.002110364381223917
0.002114486414939165
0.006296148989349604
0.026082586497068405
0.0001176403893623501
0.003188368631526828
0.001853420864790678
0.0009541840991005301
0.009879590012133121
0.027189811691641808
0.0013733679661527276
0.01113832462579012
0.008318014442920685
0.0014589560450986028
0.012357392348349094
0.0010575666092336178
0.0005082434508949518
0.02720748260617256
0.004022523760795593
0.004503353498876095
0.0023479657247662544
0.00862776767462492
0.001550651271827519
0.0013700973941013217
0.0005206927307881415
0.03064289316534996
0.00017449022561777383
0.0007201386615633965
0.05010083317756653
0.002536477753892541
0.037613991647958755
0.006002380978316069
0.01351824402809143
0.0001660897396504879
0.0009253732860088348
0.006964211352169514
0.00010036216553999111
0.004550611600279808
0.0008000778616406024
0.021363837644457817
0.0012765491846948862
0.005175745580345392
0.0041611818596720695
0.000898607773706317
0.0004926219698973
0.0019208187004551291
0.0009863495361059904
0.004886922426521778
0.000917823810596019
0.015885481610894203
0.059686329215765
0.011905892752110958
0.00012125274952268228
0.00007417277083732188
0.00518814055249095
0.002911095041781664
0.0009984029456973076
0.00047691556392237544
0.003073336323723197
0.00239735608920455
0.0008587096817791462
0.000789474172051996
0.0008202947792597115
0.0016273920191451907
0.001498543075285852
0.028043240308761597
0.01945294812321663
0.01588866300880909
0.001561073469929397
0.00019361636077519506
0.00036660826299339533
0.0003243157407268882
0.0012251874431967735
0.0003047627105843276
0.01258840225636959
0.001556882867589593
0.006833294406533241
0.0006093279807828367
0.00037354836240410805
0.0010702952276915312
0.0014473048504441977
0.0010004432406276464
0.01714234985411167
0.0005141638102941215
0.001874080509878695
0.0030082084704190493
0.003827927401289344
0.00005497454185388051
0.003765742527320981
0.048902977257966995
0.03626154735684395
0.006775102578103542
0.00046273821499198675
0.07609403878450394
0.0014275124995037913
0.0005940798437222838
0.017669791355729103
0.0037027483340352774
0.010786731727421284
0.00039922227733768523
0.003165637142956257
0.0003594227891881019
0.035481978207826614
0.002535256091505289
0.00043964257929474115
0.018257325515151024
0.006359915714710951
0.0031001486349850893
0.003167527262121439
0.011298359371721745
0.0013977125054225326
0.0014129395131021738
0.00011761861242121086
0.003916910849511623
0.00010264220327371731
0.0029997238889336586
0.001989346696063876
0.006557757500559092
0.0424402579665184
0.00042093388037756085
0.0009206830291077495
0.001888312865048647
0.00014801413635723293
0.010083441622555256
0.015496356412768364
0.010721984319388866
0.0004373309202492237
0.004163889680057764
0.003618494374677539
0.01664477214217186
0.008560684509575367
0.0018848881591111422
0.002721200929954648
0.0068467953242361546
0.005563603714108467
0.006179986521601677
0.0020579504780471325
0.00041377387242391706
0.0014309858670458198
0.016113299876451492
0.0007987478165887296
0.000373458256945014
0.024511069059371948
0.006958076264709234
0.0012605999363586307
0.005729531403630972
0.0005838788929395378
0.0005118112894706428
0.006806906312704086
0.024558793753385544
0.00009449870412936434
0.0012945950729772449
0.00022957818873692304
0.00011429341248003766
0.002151588210836053
0.0023788386024534702
0.006170064210891724
0.0034462346229702234
0.0013372788671404123
0.00045184968621470034
0.008647898212075233
0.04508810490369797
0.00780245428904891
0.0020005591213703156
0.026378152891993523
0.00040602407534606755
0.033165257424116135
0.02049821801483631
0.012020722031593323
0.00020588650659192353
0.0017421416705474257
0.0004431853594724089
0.0012649993877857924
0.0050222924910485744
0.0009796853410080075
0.00020383275113999844
0.002993934787809849
0.025323370471596718
0.001287340186536312
0.004263358190655708
0.00785497110337019
0.058742962777614594
0.008711186237633228
0.0034208386205136776
0.02516547590494156
0.00045088783372193575
0.002519307192414999
0.0005185430054552853
0.07660418003797531
0.008310786448419094
0.0009375051595270634
0.0031279013492166996
0.03781652823090553
0.022234205156564713
0.001086701755411923
0.006195700261741877
0.0028108067344874144
0.0016294572269544005
0.0032275263220071793
0.030713936313986778
0.00332976458594203
0.0018801077967509627
0.009591984562575817
0.0010847555240616202
0.0016237128293141723
0.013378871604800224
0.022826118394732475
0.0011498318053781986
0.0006486759521067142
0.009849388152360916
0.009579606354236603
0.0001591589389136061
0.027212290093302727
0.0004283131565898657
0.003121023764833808
0.0022614900954067707
0.002226488431915641
0.000349289330188185
0.000047260928113246337
0.03815402463078499
0.00023081536346580833
0.0010468700202181935
0.0000794616062194109
0.05459919199347496
0.00009935943671735004
0.004014491103589535
0.00017707946244627237
0.003835823852568865
0.0006066594505682588
0.019678393378853798
0.0033263915684074163
0.004830389749258757
0.01570618711411953
0.014255441725254059
0.002056298777461052
0.0029320307075977325
0.001237065065652132
0.0033528287895023823
0.0006895982078276575
0.0005982727743685246
0.004591088742017746
0.00038888087146915495
0.0008877333020791411
0.000419055373640731
0.012701026163995266
0.005602833814918995
0.003287087194621563
0.00004699747296399437
0.0692334696650505
0.006810205988585949
0.001249688328243792
0.0008661191677674651
0.00043945267680101097
0.0024520123843103647
0.025086218491196632
0.002814573934301734
0.026268985122442245
0.018306557089090347
0.00039444194408133626
0.003659299109131098
0.00030358662479557097
0.0025765844620764256
0.004795842804014683
0.0039769383147358894
0.005963065195828676
0.007727748714387417
0.01713535562157631
0.0019890819676220417
0.00038244930328801274
0.0034568244591355324
0.0016666308511048555
0.03988092020153999
0.0009329966269433498
0.004545722156763077
0.005284016951918602
0.026053011417388916
0.0011288592359051108
0.0015165213262662292
0.00939252320677042
0.00017214495164807886
0.0027246451936662197
0.00022628465376328677
0.02827378548681736
0.004349266178905964
0.003609476611018181
0.014418259263038635
0.009711714461445808
0.029358869418501854
0.0008529374026693404
0.0003786071320064366
0.007896430790424347
0.020780369639396667
0.002348450245335698
0.009176480583846569
0.001235299976542592
0.0047121294774115086
0.0010208679595962167
0.00026184794842265546
0.0014004441909492016
0.0009026445914059877
0.0012302451068535447
0.004304135218262672
0.0010360509622842073
0.0006649030256085098
0.00008898859232431278
0.0010959248756989837
0.002356245182454586
0.0022581913508474827
0.017360219731926918
0.0015024802414700389
0.03896963596343994
0.003634754102677107
0.001484416425228119
0.00047515795449726284
0.0006847509066574275
0.0061018457636237144
0.024406852200627327
0.04900446906685829
0.0001269020140171051
0.01752300374209881
0.0014546873280778527
0.0016175461933016777
0.007776759564876556
0.002111248206347227
0.011973501183092594
0.004949668888002634
0.00006862625741632655
0.012194233015179634
0.000522912887390703
0.0006271689780987799
0.00027387807494960725
0.012072645127773285
0.0029796266462653875
0.0063753752037882805
0.016057584434747696
0.0005221451283432543
0.0008033012854866683
0.00822668056935072
0.000594050157815218
0.0015757447108626366
0.011299371719360352
0.007742088288068771
0.00012921702000312507
0.0006022651214152575
0.0013914033770561218
0.0012506695929914713
0.0011948243482038379
0.005710025317966938
0.002469022059813142
0.00011840842489618808
0.000046888060751371086
0.00006652111915173009
0.0009819803526625037
0.026773657649755478
0.019574658945202827
0.0011183388996869326
0.00005153214078745805
0.015290206298232079
0.0019464364740997553
0.00028026383370161057
0.0065558915957808495
0.0017083613201975822
0.00555074168369174
0.0002190693048760295
0.000795832253061235
0.0005320876371115446
0.0048572104424238205
0.002551164012402296
0.00395943783223629
0.0013349626678973436
0.0014840570511296391
0.001103356946259737
0.055625755339860916
0.01493885274976492
0.03449953719973564
0.0013776455307379365
0.0005676411674357951
0.014627981930971146
0.0030682533979415894
0.02334405854344368
0.0004389760142657906
0.028709039092063904
0.011738918721675873
0.03501718491315842
0.02442658320069313
0.003130105556920171
0.0018947533098980784
0.0019447340164333582
0.03120182827115059
0.0002158583956770599
0.0019614030607044697
0.000968000094871968
0.0031313044019043446
0.01894821785390377
0.009239821694791317
0.0020408357959240675
0.0001681103021837771
0.000731847423594445
0.0024710847064852715
0.002011560834944248
0.006611105520278215
0.0006015649414621294
0.0021980921737849712
0.008552240207791328
0.0031919695902615786
0.07059425860643387
0.00018713860481511801
0.0010817954316735268
0.04173755273222923
0.0011439525987952948
0.0006183054647408426
0.007477329578250647
0.00022736213577445596
0.009488019160926342
0.019495267421007156
0.02196698822081089
0.019274670630693436
0.0012350123142823577
0.009466100484132767
0.0004466146056074649
0.010564817115664482
0.003897098358720541
0.007135252468287945
0.005338187329471111
0.008150632493197918
0.017427915707230568
0.0006763458368368447
0.00615543220192194
0.002329054055735469
0.0018035469111055136
0.0008240764727815986
0.0021791893523186445
0.05760704725980759
0.0006759533425793052
0.010802989825606346
0.03125671669840813
0.001303985365666449
0.003401846857741475
0.04842183366417885
0.000266849558101967
0.0010530002182349563
0.0014832657761871815
0.00004813235500478186
0.0011129844933748245
0.007040709722787142
0.011813562363386154
0.010422992520034313
0.0051704770885407925
0.003988699056208134
0.006203602999448776
0.002416168572381139
0.07443884015083313
0.005843395832926035
0.006027535535395145
0.005403995048254728
0.011705745942890644
0.0005693066632375121
0.001574025140143931
0.001400637673214078
0.0036267233081161976
0.025318648666143417
0.0004871995188295841
0.007872950285673141
0.008680966682732105
0.0007200449472293258
0.004392844159156084
0.0009238369530066848
0.0006206813268363476
0.0004234572988934815
0.0011541213607415557
0.01874930039048195
0.004289910197257996
0.00012870511272922158
0.01713714934885502
0.002633757656440139
0.004879167769104242
0.001049064565449953
0.0008110711351037025
0.009254214353859425
0.00018368203018326312
0.001591564156115055
0.00004926263136439957
0.00003743772685993463
0.008346764370799065
0.0000844386377139017
0.002400648547336459
0.00040301328408531845
0.003180813044309616
0.0013535175239667296
0.00003660594666143879
0.0017855436308309436
0.00033560977317392826
0.0023762111086398363
0.002931594615802169
0.0017346433596685529
0.0032631312496960163
0.000604663451667875
0.0005385015392675996
0.0057015083730220795
0.016838598996400833
0.003048888174816966
0.0005742803332395852
0.001135568949393928
0.0021937284618616104
0.0006883724709041417
0.0020504030399024487
0.000618601159658283
0.0003243024693801999
0.003403295995667577
0.004660029895603657
0.005818495526909828
0.0007052927394397557
0.00038155660149641335
0.0006500276504084468
0.0001385209761792794
0.005921741481870413
0.005334991961717606
0.017175622284412384
0.0004073588934261352
0.0027727449778467417
0.001448220107704401
0.020664410665631294
0.00010548229329288006
0.014626908116042614
0.0001710241922410205
0.0001568255538586527
0.0012629467528313398
0.0032467262353748083
0.0018055023392662406
0.002516861306503415
0.004534814972430468
0.0004654021468013525
0.0014315173029899597
0.002084522508084774
0.00045251488336361945
0.010259471833705902
0.0022553030867129564
0.0017632254166528583
0.026806369423866272
0.008895193226635456
0.006779040675610304
0.013757850974798203
0.00010747180931502953
0.007140239235013723
0.004663145635277033
0.0021839586552232504
0.0020120288245379925
0.0017347047105431557
0.02158968895673752
0.00026445253752171993
0.004591468721628189
0.00022017637093085796
0.005937906447798014
0.00493916729465127
0.00915251113474369
0.0015644480008631945
0.006006857845932245
0.009937581606209278
0.032750289887189865
0.0002576013212092221
0.013028566725552082
0.0009760265238583088
0.0007377441506832838
0.0017333299620077014
0.0007118093781173229
0.0032664663158357143
0.0007648071623407304
0.0024405692238360643
0.000053523213864536956
0.004091084003448486
0.00041226018220186234
0.0056992401368916035
0.0006947710062377155
0.00023554392100777477
0.009051411412656307
0.0021100398153066635
0.0034833543468266726
0.06020435690879822
0.0012089733500033617
0.006354583892971277
0.0027260654605925083
0.0015433410881087184
0.01225405652076006
0.002258911496028304
0.008565966971218586
0.019643891602754593
0.0015078616561368108
0.005041530355811119
0.003007377265021205
0.006406906992197037
0.00011522216664161533
