0.00713097769767046
0.04103105142712593
0.0006630596471950412
0.003084725933149457
0.022955743595957756
0.014665411785244942
0.00349801336415112
0.011343146674335003
0.010422559455037117
0.0003882023738697171
0.004539226647466421
0.0014255950227379799
0.002503922674804926
0.0011478654341772199
0.0328776054084301
0.0008210717351175845
0.009746252559125423
0.013875714503228664
0.006718112155795097
0.03207646682858467
0.0004515377222560346
0.004040258936583996
0.001215471071191132
0.0009640980279073119
0.002167872851714492
0.015574687160551548
0.00017557828687131405
0.0035878103226423264
0.01446173619478941
0.014347514137625694
0.023192621767520905
0.0006278007058426738
0.0015198689652606845
0.01350051537156105
0.012506017461419106
0.0008459209348075092
0.0004636888625100255
0.0016641978872939944
0.0006020173896104097
0.013396786525845528
0.021627003327012062
0.009768124669790268
0.006830724887549877
0.010421691462397575
0.0014421482337638736
0.05065890774130821
0.0025968251284211874
0.00041332884575240314
0.010670745745301247
0.008024577982723713
0.007200197316706181
0.00159124203491956
0.003997668158262968
0.018343694508075714
0.010731657035648823
0.00029952399199828506
0.008463362231850624
0.04264079034328461
0.0029770848341286182
0.0036083501763641834
0.010743684135377407
0.009635494090616703
0.007491630036383867
0.03612586483359337
0.004355875309556723
0.009821737185120583
0.0007890358101576567
0.005193609744310379
0.0389162078499794
0.05327245593070984
0.006067716982215643
0.004792176652699709
0.008593762293457985
0.00539269857108593
0.002134543377906084
0.0017658463912084699
0.024515848606824875
0.004595107398927212
0.01634136401116848
0.011580366641283035
0.00026218974380753934
0.0005903905257582664
0.0023036357015371323
0.007143983617424965
0.0007734977989457548
0.033447932451963425
0.037947047501802444
0.020729150623083115
0.035219065845012665
0.002034252043813467
0.0033119325526058674
0.011145085096359253
0.006185178179293871
0.0016047051176428795
0.054375190287828445
0.007083937991410494
0.0006138273165561259
0.0031046574003994465
0.017177360132336617
0.005359928123652935
0.006438277196139097
0.0030100930016487837
0.008395444601774216
0.004154317080974579
0.014850514940917492
0.001443011686205864
0.01500454731285572
0.002765352139249444
0.020398559048771858
0.006591149605810642
0.0005106017924845219
0.0004937286721542478
0.0028161746449768543
0.005244389176368713
0.020557567477226257
0.0027125373017042875
0.0010727448388934135
0.0003994889557361603
0.0074061378836631775
0.0005345759564079344
0.004069678019732237
0.0035244859755039215
0.06060822680592537
0.010672745294868946
0.002793924417346716
0.003012724220752716
0.014777478761970997
0.0016309202183037996
0.018382560461759567
0.009340675547719002
0.0038481561932712793
0.00026290700770914555
0.0006316176149994135
0.023036761209368706
0.0032876506447792053
0.009914860129356384
0.0037919371388852596
0.0003537879965733737
0.007134330924600363
0.0007988209254108369
0.008434679359197617
0.02350909821689129
0.0118840541690588
0.003494358155876398
0.005751718766987324
0.013588831759989262
0.03522643819451332
0.014452450908720493
0.0014235106064006686
0.0032487893477082253
0.0009985007345676422
0.0036880555562675
0.006909496616572142
0.003381053451448679
0.00026250220253132284
0.0021792061161249876
0.010074028745293617
0.0016145298723131418
0.0062271724455058575
0.0006747913430444896
0.03993276134133339
0.012122991494834423
0.00538091454654932
0.0008426661370322108
0.02852577157318592
0.006624678149819374
0.007859497331082821
0.0022889997344464064
0.002093177754431963
0.007614485453814268
0.0013312906958162785
0.0006099357851780951
0.04065399244427681
0.0010251736966893077
0.003826999804005027
0.0035813513677567244
0.0016417321749031544
0.02809491567313671
0.000301400781609118
0.0015003588050603867
0.0011145849712193012
0.0015505908522754908
0.00009117775334743783
0.010796861723065376
0.0017260544700548053
0.004590886645019054
0.0006367727182805538
0.001873501343652606
0.030430978164076805
0.0023876086343079805
0.004371474497020245
0.03457823395729065
0.004296158440411091
0.014146503992378712
0.0052161794155836105
0.01821177639067173
0.000567863171454519
0.005085674114525318
0.02604702301323414
0.0016964032547548413
0.05285901948809624
0.010447628796100616
0.00216702651232481
0.0031443049665540457
0.01216190680861473
0.00039337549242191017
0.004403012339025736
0.013940622098743916
0.00040863125468604267
0.0012317218352109194
0.0510454997420311
0.00027830086764879525
0.00041068842983804643
0.007119516842067242
0.006571860983967781
0.00040025991620495915
0.0004896147875115275
0.004015662707388401
0.0006037518032826483
0.0005665759672410786
0.0025448747910559177
0.0019417834701016545
0.00017515021318104118
0.003802231978625059
0.005007533356547356
0.002113746013492346
0.01656869240105152
0.013069930486381054
0.00044543095282278955
0.001257776515558362
0.0021032022777944803
0.023567669093608856
0.00970296747982502
0.004935143515467644
0.013045188970863819
0.00947615411132574
0.00042673409916460514
0.004336116369813681
0.054291967302560806
0.011391463689506054
0.016002440825104713
0.006995107047259808
0.009690437465906143
0.006566056050360203
0.011422705836594105
0.019324006512761116
0.0024908166378736496
0.0004669952322728932
0.0021977608557790518
0.006613271776586771
0.00010982486128341407
0.0010034466395154595
0.0004156080831307918
0.0015905394684523344
0.001111112185753882
0.00924389623105526
0.010576589964330196
0.0002260728506371379
0.0076974546536803246
0.010756836272776127
0.0010486074024811387
0.011148611083626747
0.0008092225762084126
0.001980474917218089
0.0011160237481817603
0.013343614526093006
0.003318717936053872
0.00927758775651455
0.013437625020742416
0.000306333095068112
0.00198264024220407
0.02591441571712494
0.0010047294199466705
0.013712296262383461
0.00012977750157006085
0.0013741162838414311
0.027040354907512665
0.0032464032992720604
0.003294076304882765
0.004654692951589823
0.0005896784132346511
0.000880225736182183
0.0013343001483008265
0.07068902254104614
0.0002542323200032115
0.007332737557590008
0.0004266359901521355
0.002255393425002694
0.002470531966537237
0.001611455692909658
0.0025364686734974384
0.05542116239666939
0.02812117710709572
0.0006213957094587386
0.0026389046106487513
0.0005654578562825918
0.0013828385854139924
0.026254739612340927
0.0004292070516385138
0.00016915494052227587
0.002560466295108199
0.006333642173558474
0.0003399931883905083
0.0014266460202634335
0.012766359373927116
0.013548721559345722
0.012358438223600388
0.008896169252693653
0.04367274045944214
0.001679556560702622
0.0011581879807636142
0.00007716901018284261
0.009096968919038773
0.002519892528653145
0.0007578225922770798
0.005800450686365366
0.008660895749926567
0.0037988717667758465
0.0023084382992237806
0.008260787464678288
0.001679122680798173
0.015435813926160336
0.039298053830862045
0.0007553833420388401
0.042176295071840286
0.004579322878271341
0.0009530166862532496
0.005160460248589516
0.00588156096637249
0.002158970572054386
0.0018278687493875623
0.00040938385063782334
0.0002477577072568238
0.008476495742797852
0.002008006675168872
0.001382386777549982
0.004247977398335934
0.02356274612247944
0.00014462486433330923
0.00818888284265995
0.0018787570297718048
0.008904342539608479
0.011613753624260426
0.00395254185423255
0.00635441392660141
0.003063265699893236
0.003978275693953037
0.0005917800590395927
0.00010188803571509197
0.009548909030854702
0.0011290577240288258
0.0008757805917412043
0.051166094839572906
0.017863960936665535
0.005666133016347885
0.02056158520281315
0.031857360154390335
0.00017357358592562377
0.0009292127215303481
0.0005790879367850721
0.020701229572296143
0.0022710489574819803
0.001200188067741692
0.004024384077638388
0.008644276298582554
0.02027943730354309
0.035691697150468826
0.004335873760282993
0.005164528265595436
0.0024702618829905987
0.008639034815132618
0.003086807206273079
0.0010341987945139408
0.003135299775749445
0.0003626013931352645
0.0013058213517069817
0.020769678056240082
0.006888387259095907
0.010073928162455559
0.010814029723405838
0.00427434965968132
0.01154467836022377
0.007605608552694321
0.014958114363253117
0.0030236041639000177
0.0029293892439454794
0.012970644980669022
0.0014262566110119224
0.0005363966338336468
0.0010952295269817114
0.004886106122285128
0.003990980796515942
0.005690570455044508
0.003126236144453287
0.00044162722770124674
0.00011285122309345752
0.0036104198079556227
0.001962775830179453
0.001157137448899448
0.001520336838439107
0.015501112677156925
0.04473281651735306
0.014508549124002457
0.0016631261678412557
0.029399598017334938
0.008836349472403526
0.0016414157580584288
0.0006248579593375325
0.001973408740013838
0.033898480236530304
0.0020267844665795565
0.005900728050619364
0.017866428941488266
0.0018380245892331004
0.0033170173410326242
0.002233195351436734
0.02009737677872181
0.013386363163590431
0.02865634858608246
0.016321785748004913
0.012511319480836391
0.02137167379260063
0.0007923850789666176
0.0015930518275126815
0.049649838358163834
0.0029295787680894136
0.0015095890266820788
0.005881410092115402
0.006248588673770428
0.000924665539059788
0.062273453921079636
0.009861270897090435
0.00487218052148819
0.03430705517530441
0.0363561287522316
0.0009945527417585254
0.012065833434462547
0.0006339528481476009
0.03689896687865257
0.0009936026763170958
0.02134663611650467
0.0002919315593317151
0.00158277980517596
0.0015133025590330362
0.025817135348916054
0.006672486662864685
0.004415228497236967
0.020218679681420326
0.004650222137570381
0.0017678593285381794
0.0011891041649505496
0.017930109053850174
0.014902637340128422
0.04307880252599716
0.09449867904186249
0.0009069792577065527
0.0011922509875148535
0.018990356475114822
0.005402436014264822
0.003795796539634466
0.023938460275530815
0.008989408612251282
0.0039123171009123325
0.016145920380949974
0.02227872982621193
0.02153490111231804
0.0012397713726386428
0.01775815337896347
0.019896449521183968
0.02263099141418934
0.04193118214607239
0.017371993511915207
0.00037439120933413506
0.008377558551728725
0.01871907338500023
0.0016614397754892707
0.0012024476891383529
0.0011293664574623108
0.002812417456880212
0.0017025434644892812
0.004400263074785471
0.022333651781082153
0.031874410808086395
0.0010190324392169714
0.0007311245426535606
0.015887781977653503
0.001765371998772025
0.00039718206971883774
0.0006700083031319082
0.005237033125013113
0.004264122806489468
0.010304979979991913
0.001950290403328836
0.008997331373393536
0.001958964392542839
0.01070781797170639
0.000427322433097288
0.004222832154482603
0.032908905297517776
0.002360324375331402
0.017264893278479576
0.010589844547212124
0.019160935655236244
0.030175499618053436
0.014384020119905472
0.0038356573786586523
0.0021465790923684835
0.00652111042290926
0.00440755020827055
0.004833690356463194
0.032180704176425934
0.0010399175807833672
0.0362384133040905
0.00062221271218732
0.005696301348507404
0.016977714374661446
0.0162403155118227
0.02395048923790455
0.0002942345745395869
0.018241673707962036
0.024877402931451797
0.011829720810055733
0.0006908522918820381
0.0005697840242646635
0.011566824279725552
0.0001535054761916399
0.033618390560150146
0.04552768915891647
0.012883679941296577
0.006989972200244665
0.022538501769304276
0.0003843078447971493
0.011368812993168831
0.003715119557455182
0.005579042248427868
0.0008623708272352815
0.0009148141252808273
0.003717018524184823
0.009598332457244396
0.009266355074942112
0.013497577980160713
0.010112462565302849
0.03664940595626831
0.0003123300848528743
0.0011005123378708959
0.001098419539630413
0.003642736002802849
0.0006422083242796361
0.007907327264547348
0.0144423833116889
0.0014489518944174051
0.0015103970654308796
0.0013412503758445382
0.0008602046291343868
0.0005766930989921093
0.0010632297489792109
0.01372483093291521
0.003005641046911478
0.0007249046466313303
0.014028549194335938
0.004607109352946281
0.01080040168017149
0.007220771629363298
0.011109845712780952
0.011248329654335976
0.0006657507037743926
0.001037531765177846
0.003924769349396229
0.0010757013224065304
0.00011722256749635562
0.021639889106154442
0.003634008811786771
0.005982129368931055
0.012890275567770004
0.01282306294888258
0.02859923429787159
0.016367916017770767
0.022810114547610283
0.01708506979048252
0.009212389588356018
0.001980452798306942
0.005372180137783289
0.0019753880333155394
0.03801495209336281
0.0016922166105359793
0.0005276582669466734
0.01230672374367714
0.026979386806488037
0.003938525915145874
0.008431886322796345
0.0007326226914301515
0.04404282942414284
0.032965660095214844
0.001158934086561203
0.01402440294623375
0.0021924006287008524
0.022745376452803612
0.002523047151044011
0.0017149411141872406
0.002901428611949086
0.009234057739377022
0.03202814236283302
0.0008773580193519592
0.004602914676070213
0.017407085746526718
0.0012475952971726656
0.007085714489221573
0.0013080340577289462
0.02687213197350502
0.022076256573200226
0.0017148390179499984
0.0003287806175649166
0.001124806352891028
0.0016166140558198094
0.014146832749247551
0.0016651239711791277
0.027938393875956535
0.00048549153143540025
0.0023383444640785456
0.028604822233319283
0.0011751595884561539
0.001246592146344483
0.03213756904006004
0.03531237691640854
0.032081615179777145
0.0356939323246479
0.002197079826146364
0.014667266979813576
0.026697887107729912
0.0013201888650655746
0.005230166483670473
0.0017894526245072484
0.02015276812016964
0.0016646671574562788
0.005668115336447954
0.0009684311808086932
0.003074076259508729
0.024870404973626137
0.002116709714755416
0.0004549414443317801
0.0044153970666229725
0.0009354090434499085
0.001101394766010344
0.012977608479559422
0.0346192941069603
0.020550645887851715
0.01483580470085144
0.0174024049192667
0.003151122247800231
0.0010845940560102463
0.03277796506881714
0.004707007668912411
0.011509344913065434
0.0033959546126425266
0.047526054084300995
0.005827873945236206
0.004647549707442522
0.0009193923906423151
0.03652394935488701
0.017980100587010384
0.0520109124481678
0.055782921612262726
0.0038056857883930206
0.0031524552032351494
0.0005135374958626926
0.06993839889764786
0.0015983025077730417
0.0012189967092126608
0.04133809357881546
0.0032950029708445072
0.0014149716589599848
0.002697642194107175
0.0006941977771930397
0.011323175393044949
0.005497343838214874
0.0005059567047283053
0.00015637402248103172
0.03625357896089554
0.014453898184001446
0.013534169644117355
0.0007866656524129212
0.0026898428332060575
0.0014582849107682705
0.022814366966485977
0.0012682980159297585
0.009445549920201302
0.0018283899407833815
0.0056526209227740765
0.0017064413987100124
0.009618057869374752
0.0069669499062001705
0.0009634487214498222
0.003193705342710018
0.031224094331264496
0.012909750454127789
0.008043142035603523
0.0009085250785574317
0.007345755118876696
0.0011552006471902132
0.004794382024556398
0.012738804332911968
0.017296308651566505
0.002988558728247881
0.001698325271718204
0.014197751879692078
0.010185069404542446
0.002389951841905713
0.05023612827062607
0.025869879871606827
0.0031838484574109316
0.005827352870255709
0.00541124539449811
0.0037872937973588705
0.005552580114454031
0.024038929492235184
0.0027552912943065166
0.004560197703540325
0.01822745054960251
0.003488520858809352
0.0008233177359215915
0.0012599689653143287
0.001954754116013646
0.010129245929419994
0.0025776755064725876
0.0007982266834005713
0.005435522645711899
0.0036363990511745214
0.0013715571258217096
0.011323127895593643
0.003576657734811306
0.016012080013751984
0.013107389211654663
0.005995505955070257
0.002648464636877179
0.0031493394635617733
0.009787498973309994
0.00021508350619114935
0.0024014657828956842
0.001632573432289064
0.004608611110597849
0.0012987273512408137
0.0004991014720872045
0.0021997164003551006
0.000097844866104424
0.010175664909183979
0.07383781671524048
0.002066024113446474
0.00972398929297924
0.0037858362775295973
0.0011314961593598127
0.0015599271282553673
0.001143758767284453
0.0005544041632674634
0.005295978859066963
0.00930920708924532
0.0010233137290924788
0.012219547294080257
0.008503437973558903
0.009791041724383831
0.0002483012794982642
0.005836783442646265
0.04089760035276413
0.028261136263608932
0.009929154999554157
0.0011541459243744612
0.00027986819623038173
0.000432350643677637
0.0005094922962598503
0.005599061958491802
0.0014708739472553134
0.009707549586892128
0.014498740434646606
0.004696869757026434
0.004339243285357952
0.009067685343325138
0.005992215126752853
0.000594326585996896
0.021338697522878647
0.00018486844783183187
0.005720414686948061
0.03827550634741783
0.00016614173364359885
0.0006334786885417998
0.005841514561325312
0.0005796462646685541
0.0018030662322416902
0.014258280396461487
0.01167416013777256
0.009607363492250443
0.017302466556429863
0.00628996454179287
0.00012799126852769405
0.001810996443964541
0.0009715203777886927
0.0021941622253507376
0.003416783642023802
0.0026139516849070787
0.006812182255089283
0.005902242846786976
0.009368982166051865
0.002636359306052327
0.002154167275875807
0.020458055660128593
0.015648087486624718
0.0008538475376553833
0.002473669359460473
0.0004475473251659423
0.03337772935628891
0.008384971879422665
0.007110313978046179
0.01057337038218975
0.0046723890118300915
0.003611065447330475
0.006996097043156624
0.005997766740620136
0.0020117368549108505
0.0007371187093667686
0.023105377331376076
0.0005600247532129288
0.0014590753708034754
0.0004857312887907028
0.007269373629242182
0.012074188329279423
0.037742260843515396
0.006713245529681444
0.011509179137647152
0.001524201245047152
0.03274506330490112
0.004779161885380745
0.004199200309813023
0.008920438587665558
0.009325806982815266
0.024822678416967392
0.00046853648382239044
0.02477787248790264
0.020077992230653763
0.002817655447870493
0.0034699183888733387
0.0044228555634617805
0.008494827896356583
0.0038303793407976627
0.03572936728596687
0.002750900574028492
0.008006042800843716
0.00239334418438375
0.0149315744638443
0.0010033822618424892
0.016026418656110764
0.018675832077860832
0.0014737348537892103
0.004448520485311747
0.00432662945240736
0.00034941788180731237
0.03319403901696205
0.01297776773571968
0.007848489098250866
0.045045193284749985
0.002367178210988641
0.0026940517127513885
0.0013348461361601949
0.0032589782495051622
0.02060858905315399
0.00133484264370054
0.0022714873775839806
0.004495932254940271
0.006278169807046652
0.004620329476892948
0.002069764770567417
0.010838176123797894
0.00936209224164486
0.010898529551923275
0.001120140659622848
0.011231040582060814
0.014002032577991486
0.000204572977963835
0.0022616281639784575
0.0026557508390396833
0.00015688463463447988
0.0016035140724852681
0.010766895487904549
0.002616782672703266
0.024850068613886833
0.0005297275492921472
0.002738108392804861
0.0027397978119552135
0.020207349210977554
0.06691586226224899
0.003970285411924124
0.005868999287486076
0.00533969746902585
0.03655030205845833
0.006410323549062014
0.006497546099126339
0.01558852382004261
0.0018316220957785845
0.005871677305549383
0.004155878443270922
0.010982433333992958
0.0033128622453659773
0.02787328138947487
0.001252508140169084
0.0013711825013160706
0.0036001226399093866
0.004119897726923227
0.042547669261693954
0.013082684949040413
0.014681977219879627
0.011578727513551712
0.009768404066562653
0.02776361256837845
0.008731195703148842
0.007457538042217493
0.018136441707611084
0.0005397587665356696
0.025179434567689896
0.017774004489183426
0.004148086532950401
0.028325865045189857
0.0016378668369725347
0.0033966342452913523
0.006687739863991737
0.03300805762410164
0.0288422629237175
0.0032535057980567217
0.0021919102873653173
0.004000346641987562
0.0003094647254329175
0.01661364920437336
0.035196948796510696
0.01222306303679943
0.004262655973434448
0.006293072830885649
0.04726913198828697
0.0058300388045609
0.01080560963600874
0.004881833679974079
0.0007335381815209985
0.000650497036986053
0.003053761553019285
0.0007796951103955507
0.0032939440570771694
0.0014750813134014606
0.022936325520277023
0.0002541980938985944
0.002997887320816517
0.05673769861459732
0.011190569959580898
0.00037086813244968653
0.004683881066739559
0.01239114161580801
0.0005133131053298712
0.012829781509935856
0.007869365625083447
0.016783444210886955
0.0010953183518722653
0.0013617040822282434
0.00019840631284750998
0.0045305415987968445
0.003376038046553731
0.001434373203665018
0.002378294477239251
0.0002798234054353088
0.00272362120449543
0.010141892358660698
0.003277828451246023
0.01573253609240055
0.002862177789211273
0.03626634180545807
0.0077207088470458984
0.002108328975737095
0.0005598633433692157
0.00967048667371273
0.01796065643429756
0.006648631766438484
0.016445189714431763
0.0003374266962055117
0.0010028211399912834
0.0012257128255441785
0.03223615512251854
0.0020201620645821095
0.00599044980481267
0.003374470164999366
0.0005722950445488095
0.0028064248617738485
0.01634645275771618
0.0020003255922347307
0.03803151100873947
0.0049366638995707035
0.007220817264169455
0.021265849471092224
0.007538745645433664
0.0075667682103812695
0.0021606627851724625
0.0388365276157856
0.002336256206035614
0.046067140996456146
0.029687508940696716
0.0020569940097630024
0.0012940454762429
0.004458996467292309
0.004934865515679121
0.004373636096715927
0.00002944425432360731
0.02198111265897751
0.0013325756881386042
0.0015063016908243299
0.00242840638384223
0.005979123990982771
0.01734473556280136
0.0003054542758036405
0.032623134553432465
0.0037533738650381565
0.0023440634831786156
0.0012761101825162768
0.00014575888053514063
0.0005763829685747623
0.012038744986057281
0.009314237162470818
0.001000257208943367
0.0028904874343425035
0.0012328779557719827
0.006230010185390711
0.08674729615449905
0.000202429699129425
0.012080743908882141
0.00753941060975194
0.0007433132850565016
0.0010890886187553406
0.0011378504568710923
0.00309086125344038
0.009255331009626389
0.010348323732614517
0.01717841997742653
0.0033858809620141983
0.0009292535251006484
0.011334751732647419
0.0030363649129867554
0.013610037043690681
0.00792028196156025
0.0006873641395941377
0.01020994782447815
0.0006451031076721847
0.017205189913511276
0.0018304120749235153
0.0015191951533779502
0.01786663942039013
0.003885632613673806
0.005014908034354448
0.004708719439804554
0.0021777506917715073
0.00028054340509697795
0.01422152854502201
0.019491631537675858
0.0025460103061050177
0.004697602707892656
0.00404123542830348
0.0046174293383955956
0.0007350075175054371
0.017517317086458206
0.015519056469202042
0.009173930622637272
0.0038572370540350676
0.011375848203897476
0.002036926569417119
0.0017253466648980975
0.025840038433670998
0.002270852215588093
0.0024040709249675274
0.004718729294836521
0.010261667892336845
0.0012812927598133683
0.0025205297861248255
0.015813607722520828
0.022646652534604073
0.003326366189867258
0.0014646330382674932
0.0003777994425036013
0.0015593447024002671
0.005271753761917353
0.011040291748940945
0.012611310929059982
0.0035887351259589195
0.005278381984680891
0.001781480386853218
0.00235841260291636
0.014935219660401344
0.01214111689478159
0.0015047916676849127
0.0053085461258888245
0.0033977532293647528
0.0005045869038440287
0.015989437699317932
0.00024621380725875497
0.005734351929277182
0.000665439642034471
0.0041946591809391975
0.0037304640281945467
0.002337418030947447
0.007044917903840542
0.011584322899580002
0.014102003537118435
0.050802044570446014
0.024363797158002853
0.0018455826211720705
0.016485722735524178
0.002199470764026046
0.026034783571958542
0.00026515452191233635
0.010809383355081081
0.02386351302266121
0.00128404819406569
0.0026363146025687456
0.002208563033491373
0.014498953707516193
0.003394401166588068
0.0016534843016415834
0.004909173585474491
0.009136274456977844
0.01659385673701763
0.0035089366137981415
0.006143637932837009
0.0016420468455180526
0.02110643871128559
0.0074173384346067905
0.0010856600711122155
0.001269129104912281
0.008677332662045956
0.03936632350087166
0.0009319971431978047
0.0024730602744966745
0.0007603795384056866
0.002775126602500677
0.0009298935765400529
0.00960977841168642
0.02632485143840313
0.004080221522599459
0.002311654156073928
0.004267761949449778
0.0009108190424740314
0.0013509421842172742
0.0019462889758870006
0.00038075761403888464
0.00028368813218548894
0.003014029935002327
0.0011426274431869388
0.002695824019610882
0.0352795347571373
0.00007583858678117394
0.0024014755617827177
0.008944754488766193
0.005424218717962503
0.015395081602036953
0.0006530320970341563
0.0018508790526539087
0.002317031379789114
0.00039224803913384676
0.011556180194020271
0.003043999196961522
0.00027300781221129
0.002044236520305276
0.00011853568867081776
0.002526250435039401
0.0029586267191916704
0.031466081738471985
0.020201751962304115
0.0027795936912298203
0.0007166953873820603
0.009487955830991268
0.009422644972801208
0.00044650540803559124
0.05132994055747986
0.006497160531580448
0.024739177897572517
0.01500120759010315
0.0024769387673586607
0.0012605574447661638
0.0017945418367162347
0.0020399463828653097
0.004707274958491325
0.010876498185098171
0.0011251539690420032
0.00015778551460243762
0.017948459833860397
0.0110287144780159
0.02085857279598713
0.007352972868829966
0.002966382075101137
0.00225041713565588
0.05551788955926895
0.03861530125141144
0.0005782506777904928
0.018760109320282936
0.04329290613532066
0.0029562150593847036
0.006883407477289438
0.0033268099650740623
0.0001282582525163889
0.022120730951428413
0.013923545368015766
0.0012041102163493633
0.020059768110513687
0.003153761848807335
0.0013625541469082236
0.015729298815131187
0.0008197869756259024
0.00021321741223800927
0.001383795402944088
0.006163084413856268
0.0004986922140233219
0.00970632303506136
0.03389189764857292
0.004627874121069908
0.0015112704131752253
0.001673203194513917
0.0501449890434742
0.0008228094666264951
0.002661004662513733
0.002216513268649578
0.00884348526597023
0.0012595453299582005
0.009534426964819431
0.0027064152527600527
0.0037417314015328884
0.0023426052648574114
0.004453831817954779
0.003835806157439947
0.003470529103651643
0.007210396695882082
0.007441829424351454
0.005605306942015886
0.0007680276175960898
0.003154178149998188
0.0053270235657691956
0.013487758114933968
0.004530597012490034
0.030165694653987885
0.0012457709526643157
0.051119495183229446
0.004479620140045881
0.01810450106859207
0.0010203322162851691
0.01696978695690632
0.0023506113793700933
0.01734611950814724
0.0009345316793769598
0.005634598899632692
0.002331141382455826
0.0074455332942306995
0.005125777330249548
0.00012602620699908584
0.014591933228075504
0.0032926220446825027
0.00029782537603750825
0.0005080428090877831
0.0011213941033929586
0.00031669478630647063
0.0021688519045710564
0.00039664399810135365
0.0019709181506186724
0.0008885785937309265
0.01938016340136528
0.0007718697306700051
0.0036330781877040863
0.001171441050246358
0.01623731665313244
0.05243818834424019
0.013729019090533257
0.002024840097874403
0.018835876137018204
0.01838972419500351
0.006955305580049753
0.04281975328922272
0.009640788659453392
0.01930420659482479
0.008593709208071232
0.0006511419778689742
0.03487958386540413
0.02260753884911537
0.009225220419466496
0.022266468033194542
0.004047119989991188
0.0005566806066781282
0.0011572688817977905
0.028530165553092957
0.0006258556386455894
0.0006786787416785955
0.0014612262602895498
0.0003614543820731342
0.027889732271432877
0.009411953389644623
0.014360728673636913
0.0020072050392627716
0.019435880705714226
0.003307553706690669
0.00013676851813215762
0.04653295502066612
0.0032083201222121716
0.011279703117907047
0.014363492839038372
0.015579598024487495
0.0035978101659566164
0.015831781551241875
0.022683367133140564
0.01931295357644558
0.018947679549455643
0.0009455264080315828
0.010167616419494152
0.03530504181981087
0.00003937771180062555
0.04332482069730759
0.0006816214299760759
0.0009332374902442098
0.01798972487449646
0.00009683019015938044
0.0006958433659747243
0.01690993458032608
0.024288656190037727
0.02563684806227684
0.0034362447913736105
0.0035941891837865114
