0.000613621377851814
0.0007195491925813258
0.0076287612318992615
0.0019529378041625023
0.0009158980683423579
0.0005411189631558955
0.003736424958333373
0.002250595949590206
0.0014102256391197443
0.008031370118260384
0.007241982966661453
0.0007723277667537332
0.0006543089402839541
0.00011190535587957129
0.0023641104344278574
0.000908728688955307
0.00016861074254848063
0.05444958806037903
0.0018629023106768727
0.0015420062700286508
0.0001619384129298851
0.001932954415678978
0.016855398193001747
0.012297910638153553
0.031008129939436913
0.006175191141664982
0.01309141144156456
0.0013530063442885876
0.0054040211252868176
0.0007956463959999382
0.030563106760382652
0.0013095464091748
0.0012288875877857208
0.0005806504050269723
0.003665872383862734
0.001115024439059198
0.015663528814911842
0.015038750134408474
0.004943148232996464
0.006702549755573273
0.0007895546150393784
0.06441019475460052
0.0009070005617104471
0.03593473881483078
0.010697698220610619
0.03390808776021004
0.005405527073889971
0.003785564564168453
0.0007857062737457454
0.032202571630477905
0.0004720207070931792
0.006949957925826311
0.008385092951357365
0.0007052000146359205
0.0024952651001513004
0.003580894088372588
0.007622653618454933
0.0007616187212988734
0.000728324637748301
0.0033859354443848133
0.013402154669165611
0.0005969532649032772
0.00015739822993054986
0.0008035533246584237
0.0042662061750888824
0.02931748516857624
0.0002184572076657787
0.012894735671579838
0.0007703229202888906
0.0026045707054436207
0.0012394706718623638
0.002822551177814603
0.00015764353156555444
0.0049355486407876015
0.009776865132153034
0.001102789188735187
0.006051758769899607
0.0004204015713185072
0.006980253383517265
0.0010479880729690194
0.00010872537677641958
0.0019134794129058719
0.0031383251771330833
0.0029335059225559235
0.0006301755202002823
0.014136403799057007
0.021345287561416626
0.0007276593241840601
0.0001338818547083065
0.0007934538298286498
0.0001326494530076161
0.0001276141993002966
0.005255119875073433
0.008373793214559555
0.004468467086553574
0.0003860355063807219
0.0001811297406675294
0.005691065452992916
0.002542139496654272
0.002022665226832032
0.0059118433855473995
0.00021558237494900823
0.00016211452020797879
0.008312142454087734
0.004790592938661575
0.0005406946875154972
0.014094721525907516
0.01735939458012581
0.0008929318864829838
0.006545751355588436
0.0006164698861539364
0.011626116931438446
0.007414580322802067
0.0032679480500519276
0.007829912006855011
0.00403167400509119
0.020438477396965027
0.005938911344856024
0.0042678723111748695
0.0024123291950672865
0.0009695691987872124
0.000717740913387388
0.00039050637860782444
0.0162558164447546
0.0036055019591003656
0.0005138404085300863
0.0030699765775352716
0.017603818327188492
0.0018698102794587612
0.0003542362537700683
0.02171170525252819
0.0004655407683458179
0.004772021900862455
0.00026893013273365796
0.008327582851052284
0.001912636449560523
0.0005462411791086197
0.008990189991891384
0.0002443421399220824
0.00042187116923741996
0.019342191517353058
0.000987735576927662
0.0015231454744935036
0.004534796345978975
0.013904260471463203
0.005429450888186693
0.010751723311841488
0.0005206938367336988
0.00019754345703404397
0.0024790491443127394
0.008814668282866478
0.005330451764166355
0.0013325646286830306
0.004339487291872501
0.001002559089101851
0.0007170566823333502
0.001034703105688095
0.004207787569612265
0.0028911586850881577
0.0030019728001207113
0.00824243575334549
0.010314998216927052
0.005325257312506437
0.0014547689352184534
0.020786911249160767
0.01878701150417328
0.00015093602996785194
0.0007068187114782631
0.0014002553652971983
0.009401539340615273
0.0007693240768276155
0.01410604827105999
0.0055827065370976925
0.004229286219924688
0.0013335671974346042
0.001063337898813188
0.0030011774506419897
0.002097430871799588
0.0017535460647195578
0.007180649321526289
0.008888776414096355
0.0020112465135753155
0.0011917287483811378
0.004125290550291538
0.01749236509203911
0.0006156366434879601
0.011986946687102318
0.002212874824181199
0.0018927238415926695
0.0018292058957740664
0.004214055836200714
0.03410515561699867
0.0038655658718198538
0.0005682127666659653
0.002037804340943694
0.0011903885751962662
0.0076003349386155605
0.005207662470638752
0.0017109010368585587
0.0013872571289539337
0.00016798445722088218
0.0039464072324335575
0.0004886320675723255
0.009988167323172092
0.0005434678168967366
0.011544527485966682
0.021807963028550148
0.0004131712485104799
0.006142558064311743
0.001144080189988017
0.001730074523948133
0.0052071548998355865
0.011727198958396912
0.0001221662387251854
0.00011631055531324819
0.011002826504409313
0.002553340047597885
0.0007533346069976687
0.0033205586951225996
0.0028586438857018948
0.08004892617464066
0.01644458808004856
0.030634362250566483
0.00826141145080328
0.00274676363915205
0.0013567761052399874
0.0013244029833003879
0.0036646155640482903
0.009337227791547775
0.0012138999300077558
0.000651383597869426
0.0012254224857315421
0.022650927305221558
0.008427332155406475
0.0080178277567029
0.013288736343383789
0.006281198933720589
0.01370999589562416
0.008697710931301117
0.003137486055493355
0.00039857919909991324
0.002122925827279687
0.021062804386019707
0.0024318338837474585
0.002244055736809969
0.003478637430816889
0.0011480966350063682
0.0035900683142244816
0.034490492194890976
0.0013419382739812136
0.00027085706824436784
0.02072516269981861
0.0004741466837003827
0.0016025641234591603
0.00993639137595892
0.1426997035741806
0.0018166603986173868
0.00211917026899755
0.015637248754501343
0.0012029770296067
0.0018160893814638257
0.0004222212010063231
0.007949002087116241
0.006975152995437384
0.00130942789837718
0.0041488646529614925
0.0003443837631493807
0.008400047197937965
0.0027283052913844585
0.01348061952739954
0.014974677935242653
0.020153550431132317
0.0009946632198989391
0.029709894210100174
0.0025518625043332577
0.008162999525666237
0.0022964889649301767
0.0020903502590954304
0.0073549277149140835
0.004827744327485561
0.0023287376388907433
0.011136846616864204
0.002225620672106743
0.0008546953904442489
0.020898107439279556
0.002036330057308078
0.0009295230847783387
0.0031583732925355434
0.00202418421395123
0.010944971814751625
0.0008910770411603153
0.00014769655535928905
0.0001539840450277552
0.0007766754715703428
0.0007220926345326006
0.010457593947649002
0.0005360019276849926
0.024962283670902252
0.01090197917073965
0.0011866976274177432
0.004661759361624718
0.04887718707323074
0.0015102529432624578
0.00042533758096396923
0.005216926336288452
0.016939377412199974
0.003259692108258605
0.047940075397491455
0.0009144410723820329
0.0006403482984751463
0.0019294472876936197
0.001694762846454978
0.005157110281288624
0.007744441274553537
0.005394869018346071
0.006899635307490826
0.005430438555777073
0.00048005851567722857
0.00023779533512424678
0.026373637840151787
0.006752757355570793
0.006867500022053719
0.0012353165075182915
0.0007776374113745987
0.01411656104028225
0.01509799249470234
0.00210577342659235
0.00984099879860878
0.005132653750479221
0.004563876427710056
0.008036750368773937
0.0005313892033882439
0.0012125108623877168
0.00021105623454786837
0.007948403246700764
0.010359574109315872
0.006129791494458914
0.001564849284477532
0.0760309174656868
0.0019346722401678562
0.01222161389887333
0.0004856463347095996
0.002503904514014721
0.04783455282449722
0.0015647400869056582
0.00297136465087533
0.0016791305970400572
0.0016252639470621943
0.0006239830981940031
0.0012138218153268099
0.004707716405391693
0.019380193203687668
0.0017761861672624946
0.0005206632195040584
0.0062293619848787785
0.0026916300412267447
0.0011178060667589307
0.0010164122795686126
0.0028926385566592216
0.005232064984738827
0.011818933300673962
0.016165826469659805
0.0016983406385406852
0.01949326880276203
0.006792894098907709
0.001789264613762498
0.01052366103976965
0.0016188053414225578
0.0013895074371248484
0.00043805630411952734
0.0017646719934418797
0.000626624096184969
0.006607887800782919
0.01118168979883194
0.006151820998638868
0.0004065547254867852
0.010996955446898937
0.00489930110052228
0.0007199149113148451
0.011898971162736416
0.0400552973151207
0.0002195698325522244
0.0011841021478176117
0.01692868582904339
0.013573365285992622
0.00006491701788036153
0.0011478682281449437
0.0004611285403370857
0.0077651203610002995
0.0024072478991001844
0.01948900707066059
0.025375066325068474
0.005353811662644148
0.0026795249432325363
0.00810578465461731
0.015960192307829857
0.003697033040225506
0.01462403405457735
0.0008614921243861318
0.0036578597500920296
0.01716902293264866
0.022430922836065292
0.013379760086536407
0.003867634106427431
0.005951261147856712
0.0004381437902338803
0.018721362575888634
0.0028944078367203474
0.011273841373622417
0.002197367139160633
0.0008337073959410191
0.006183681543916464
0.0018926358316093683
0.0017660591984167695
0.0027057414408773184
0.0004580476088449359
0.035613659769296646
0.00006291386671364307
0.007218983024358749
0.0007522162050008774
0.0020583155564963818
0.0011133498046547174
0.004477594047784805
0.00012918643187731504
0.05446835234761238
0.001418441068381071
0.0016277901595458388
0.02634686417877674
0.00030134693952277303
0.003912522457540035
0.0025075713638216257
0.04335087165236473
0.00017303276399616152
0.005201344378292561
0.002802860224619508
0.01610979624092579
0.006629414390772581
0.0004999117227271199
0.0018896046094596386
0.0005941507406532764
0.002393430331721902
0.0038714578840881586
0.0012732447357848287
0.0032675594557076693
0.012183126993477345
0.039782751351594925
0.004192799795418978
0.009088424034416676
0.009952913969755173
0.029535740613937378
0.002373841591179371
0.007584568113088608
0.0005498644895851612
0.004849342163652182
0.007367878686636686
0.002664598636329174
0.006772334687411785
0.001784816849976778
0.0020320371259003878
0.00033206495572812855
0.008434081450104713
0.010251304134726524
0.0013492306461557746
0.00010544314136495814
0.012534642592072487
0.005403364542871714
0.0010430081747472286
0.0005795566248707473
0.005802405532449484
0.001719156396575272
0.01376347430050373
0.004152804613113403
0.022292084991931915
0.00423172302544117
0.0022713704966008663
0.002585215028375387
0.006787190213799477
0.0004542749666143209
0.004160943441092968
0.0022845915518701077
0.0033316544722765684
0.014813955873250961
0.002439153380692005
0.00024291295267175883
0.0212860144674778
0.001058829016983509
0.00659123295918107
0.0005793446325697005
0.00860823504626751
0.0022150457371026278
0.00032587230089120567
0.005041567143052816
0.010870787315070629
0.0007896076422184706
0.0013697828399017453
0.009328327141702175
0.0017393880989402533
0.0009697401546873152
0.00021596516307909042
0.01163436658680439
0.0006008795462548733
0.0003884215548168868
0.0006786615704186261
0.0004321894084569067
0.002532287733629346
0.00010607720469124615
0.008153731003403664
0.016034165397286415
0.008343408815562725
0.0019366747001186013
0.006590562406927347
0.0039257085882127285
0.04307606816291809
0.0009627668769098818
0.0018190531991422176
0.004239026457071304
0.00019287689065095037
0.007297791074961424
0.0006283868569880724
0.014318735338747501
0.002347266534343362
0.001916792942211032
0.000853809411637485
0.000812857470009476
0.000949096167460084
0.0013000051258131862
0.004877049941569567
0.0006813182844780385
0.0017370980931445956
0.001103003742173314
0.0011538210092112422
0.0009654214372858405
0.003462845226749778
0.0016434189165011048
0.00027614293503575027
0.014832137152552605
0.00051623530453071
0.001580773969180882
0.013390696607530117
0.0009592841379344463
0.0023793652653694153
0.006350541952997446
0.00142909144051373
0.00025026712683029473
0.03442525491118431
0.0012320574605837464
0.005081504117697477
0.0005553181399591267
0.007717239670455456
0.019557273015379906
0.001039964728988707
0.015311811119318008
0.0005776268662884831
0.014140496030449867
0.019298644736409187
0.0013878061436116695
0.0018309487495571375
0.01751127280294895
0.038815610110759735
0.00412242766469717
0.00025090749841183424
0.0002257797896163538
0.0009564630454406142
0.000715289672371
0.002257308689877391
0.0031269905157387257
0.0004278832348063588
0.0007873567519709468
0.004953205119818449
0.01075739972293377
0.0020224126055836678
0.0024080888833850622
0.0013702837750315666
0.011489737778902054
0.00042125603067688644
0.00011365854152245447
0.004038559272885323
0.00041353373671881855
0.0019966992549598217
0.002003462752327323
0.006594850216060877
0.040400438010692596
0.010794821195304394
0.035210736095905304
0.025249535217881203
0.00044479186180979013
0.0016024166252464056
0.0014243206242099404
0.008742861449718475
0.014588907361030579
0.00743873231112957
0.0008078080136328936
0.0002886246074922383
0.0007893594447523355
0.00138962606433779
0.01933932676911354
0.0009659499628469348
0.013690111227333546
0.0002908864989876747
0.005350750871002674
0.007761397399008274
0.04176033288240433
0.0038888694252818823
0.0002249929093522951
0.0008053036290220916
0.009436417371034622
0.004326220136135817
0.0006902148015797138
0.005767483729869127
0.01009740587323904
0.017433524131774902
0.0022415805142372847
0.003426586976274848
0.0022704803850501776
0.002876850077882409
0.014090938493609428
0.0010286493925377727
0.005642900709062815
0.023967094719409943
0.028108904138207436
0.02952641434967518
0.002448052866384387
0.0022646381985396147
0.0006631521973758936
0.03740933537483215
0.021770011633634567
0.015257301740348339
0.05522144213318825
0.0017001267988234758
0.0009709579753689468
0.0021921363659203053
0.0009627382387407124
0.0008864948758855462
0.005617987830191851
0.005774300079792738
0.004105740692466497
0.00044848964898847044
0.023339547216892242
0.0006025761249475181
0.012886621989309788
0.00016023649368435144
0.016455288976430893
0.008808774873614311
0.008306942880153656
0.0012674765894189477
0.02786615677177906
0.0020018916111439466
0.0011799210915341973
0.026932256296277046
0.0012945784255862236
0.0024190316908061504
0.012754346244037151
0.004977366421371698
0.006767638958990574
0.0018276049522683024
0.04816462844610214
0.006797227077186108
0.0023318580351769924
0.0052371458150446415
0.0003732504846993834
0.005943139549344778
0.0017301465850323439
0.000882874708622694
0.053030624985694885
0.022325612604618073
0.0019383309409022331
0.0032236441038548946
0.002052744384855032
0.013331428170204163
0.0021241724025458097
0.00309358281083405
0.0040192678570747375
0.01581217534840107
0.002752356929704547
0.003994304221123457
0.01056244783103466
0.01890874281525612
0.013669794425368309
0.005433313082903624
0.006190002895891666
0.0029493006877601147
0.00014072323392610997
0.0017482420662418008
0.0012947118375450373
0.0004804373311344534
0.009329014457762241
0.0007808426744304597
0.00043498221202753484
0.0033118913415819407
0.049495402723550797
0.0013192981714382768
0.0008529806509613991
0.008714969269931316
0.005137997213751078
0.014183216728270054
0.0006380757549777627
0.00026690890081226826
0.0344821996986866
0.000500344205647707
0.027282750234007835
0.01582430489361286
0.0014253894332796335
0.01671179197728634
0.010600535199046135
0.0009374325163662434
0.0024089973885565996
0.00993384700268507
0.0007327971397899091
0.00951461773365736
0.0015011201612651348
0.030878545716404915
0.016409307718276978
0.019532106816768646
0.0009145061485469341
0.020069070160388947
0.0003924155025742948
0.01474008709192276
0.0006098748417571187
0.002314448356628418
0.0037923192139714956
0.009232833050191402
0.0002639922604430467
0.011311296373605728
0.0032442384399473667
0.004328215029090643
0.01941104605793953
0.005656037479639053
0.005737960338592529
0.0013554892502725124
0.0006484694313257933
0.02900068089365959
0.01585089974105358
0.0008037642110139132
0.0003701988607645035
0.023385927081108093
0.029751941561698914
0.022754671052098274
0.004697771277278662
0.0050240159034729
0.003306830069050193
0.0005249608657322824
0.000558194296900183
0.0021344965789467096
0.0038182269781827927
0.011081879958510399
0.0008656161371618509
0.00010710366768762469
0.004566345829516649
0.0004896699101664126
0.05333039164543152
0.0069784256629645824
0.02033402770757675
0.000238734224694781
0.001192276133224368
0.0004810196114704013
0.0018190672853961587
0.05454951152205467
0.0003372307983227074
0.00030769669683650136
0.005334329791367054
0.008089380338788033
0.00182965153362602
0.002070638118311763
0.00589437922462821
0.02633366547524929
0.017033228650689125
0.0059456792660057545
0.001343596144579351
0.0015575444558635354
0.024449946358799934
0.0001495866454206407
0.002870852593332529
0.012045219540596008
0.006039569620043039
0.004939988721162081
0.0006542354240082204
0.006735122296959162
0.0008889579912647605
0.005276693496853113
0.0007750692311674356
0.01820809580385685
0.0062393262051045895
0.02311885543167591
0.007847188040614128
0.004523647483438253
0.07316582649946213
0.000540423090569675
0.009770438075065613
0.0011426231358200312
0.0004864969232585281
0.00027235402376390994
0.0027245203964412212
0.001717538689263165
0.018811775371432304
0.007016153074800968
0.00013803275942336768
0.0016498216427862644
0.0014910846948623657
0.025106213986873627
0.02113335020840168
0.00021299674699548632
0.009585077874362469
0.007321336772292852
0.00025445217033848166
0.0022131081204861403
0.0026626698672771454
0.0007974224863573909
0.00019142609380651265
0.0010309587232768536
0.0041509936563670635
0.005888436920940876
0.006493747234344482
0.00046633899910375476
0.0076300716027617455
0.0029505696147680283
0.0008439644007012248
0.014586169272661209
0.0011572632938623428
0.001185403554700315
0.0008601184817962348
0.004348220769315958
0.030519632622599602
0.015573833137750626
0.008489357307553291
0.0008768946281634271
0.0018217890756204724
0.029304014518857002
0.003977290820330381
0.0013955688336864114
0.00025611466844566166
0.01118452288210392
0.0005727726384066045
0.0013039278564974666
0.00847608968615532
0.023768004029989243
0.008471662178635597
0.042377084493637085
0.0013704325538128614
0.0017520275432616472
0.001184930675663054
0.019885241985321045
0.0015782826812937856
0.01603076420724392
0.005215592682361603
0.007634621579200029
0.008069170638918877
0.050440091639757156
0.012607181444764137
0.00022731725766789168
0.0009630331769585609
0.0019522369839251041
0.0012855269014835358
0.01573372259736061
0.0004725212056655437
0.020695818588137627
0.0008983192383311689
0.016811242327094078
0.020925890654325485
0.0002359983918722719
0.002397033851593733
0.0005851457244716585
0.013897866010665894
0.05915167182683945
0.0009594492730684578
0.03912944346666336
0.0010142611572518945
0.00021650685812346637
0.001793154631741345
0.001141968066804111
0.0020816263277083635
0.0015540908789262176
0.023020315915346146
0.0013297172263264656
0.0027908117044717073
0.0007271456997841597
0.0028603854589164257
0.04353644698858261
0.0007184532005339861
0.00039050279883667827
0.011992137879133224
0.019358111545443535
0.003167295129969716
0.01785692758858204
0.006067768204957247
0.0006783452699892223
0.001116188825108111
0.0024650588165968657
0.01031192485243082
0.003440919565036893
0.007618455216288567
0.005765190348029137
0.005122409667819738
0.04742266237735748
0.0037696119397878647
0.0002813585160765797
0.0005134644452482462
0.0026120981201529503
0.0331728421151638
0.0004198743845336139
0.0008239424787461758
0.007690035738050938
0.002894234610721469
0.020796727389097214
0.0019194742199033499
0.008718962781131268
0.007651390973478556
0.010394535958766937
0.02005218155682087
0.0029043324757367373
0.003415405284613371
0.002925049513578415
0.031129809096455574
0.01801672950387001
0.0027404262218624353
0.009995021857321262
0.005860373377799988
0.038854584097862244
0.003060235409066081
0.0018547892104834318
0.0011006082640960813
0.003724625101312995
0.00045169051736593246
0.01985996402800083
0.0010042270878329873
0.002922534244135022
0.00015324796549975872
0.003433416597545147
0.024106623604893684
0.011025593616068363
0.01275067962706089
0.0021099376026540995
0.0027031523641198874
0.04522564262151718
0.002392964204773307
0.0005960640264675021
0.0030784020200371742
0.002269433345645666
0.01618637889623642
0.006483712233603001
0.0005112151266075671
0.00842983927577734
0.009523406624794006
0.00039572996320202947
0.02112824283540249
0.01962732896208763
0.0011583516607061028
0.0026000095531344414
0.0009416256216354668
0.004615360405296087
0.00045550346840173006
0.0020929942838847637
0.018018880859017372
0.001240092096850276
0.00026877166237682104
0.013101241551339626
0.0029306411743164063
0.059405915439128876
0.012188397347927094
0.00728081539273262
0.0024215467274188995
0.0026721872854977846
0.0005413931794464588
0.0025358684360980988
0.00776476738974452
0.018078327178955078
0.003683175891637802
0.010701282881200314
0.001029856619425118
0.0034476756118237972
0.023650074377655983
0.02947062812745571
0.016743464395403862
0.006342445034533739
0.006343941669911146
0.010359428822994232
0.012308916077017784
0.0018263201927766204
0.0010175728239119053
0.03845541179180145
0.0060354918241500854
0.0007892771973274648
0.0030438045505434275
0.02930622361600399
0.006464360281825066
0.00029949177405796945
0.004145581275224686
0.00007445803203154355
0.0005196063430048525
0.02815242111682892
0.010151290334761143
0.002045718487352133
0.006509391590952873
0.0012562820920720696
0.0007363862241618335
0.009500490501523018
0.0006952957483008504
0.008483624085783958
0.0011076469672843814
0.029358217492699623
0.0011837334604933858
0.06354700028896332
0.0098604466766119
0.002573014935478568
0.009598499163985252
0.0004764144541695714
0.0009057803545147181
0.01377082895487547
0.014067482203245163
0.003872751956805587
0.011138753034174442
0.004886793904006481
0.001545848324894905
0.02994723618030548
0.002438201801851392
0.0035659244749695063
0.0028973668813705444
0.04766850173473358
0.00018270863802172244
0.006076483987271786
0.005825867876410484
0.02034321241080761
0.0005191379459574819
0.005389432422816753
0.05347254499793053
0.0008175720577128232
0.00019800334121100605
0.002813727129250765
0.001927796984091401
0.003808028530329466
0.002815954852849245
0.02175942249596119
0.0021626828238368034
0.05755480378866196
0.0013787986245006323
0.007836872711777687
0.00554420193657279
0.004886909853667021
0.0009105622302740812
0.006086747162044048
0.00012462835002224892
0.02150612324476242
0.007498703431338072
0.015980321913957596
0.012347233481705189
0.003634013468399644
0.008734408766031265
0.0075425212271511555
0.013910136185586452
0.008920660242438316
0.017228515818715096
0.006040389649569988
0.020183663815259933
0.025546979159116745
0.0054488820023834705
0.00482582813128829
0.008106176741421223
0.01837208867073059
0.000280714244581759
0.0010432502022013068
0.0072683049365878105
0.007386718410998583
0.012556741945445538
0.0006160279153846204
0.015514113008975983
0.007768536917865276
0.0012354020727798343
0.04911806806921959
0.027358263731002808
0.04868454113602638
0.0032552469056099653
0.009274550713598728
0.01523940172046423
0.00003723655390786007
0.05250522121787071
0.004431894049048424
0.0040986728854477406
0.0012518416624516249
0.0014588935300707817
0.010209130123257637
0.00014496964286081493
0.0008677089936099946
0.0017893221229314804
0.018368737772107124
0.02242623269557953
0.00021745063713751733
0.005077125504612923
0.0037894723936915398
0.0005829003057442605
0.00028701830888167024
0.0017309620743617415
0.001782782725058496
0.011307531967759132
0.00427117059007287
0.001952308346517384
0.036174699664115906
0.009116602130234241
0.0007328434148803353
0.0026561934500932693
0.00553113454952836
0.00621285242959857
0.0010220878757536411
0.003383789211511612
0.011572865769267082
0.0002255695144413039
0.0035680700093507767
0.04860421270132065
0.021549614146351814
0.0008025382412597537
0.005673410836607218
0.00106481509283185
0.003265629755333066
0.00600711302831769
0.0032805907540023327
0.026268210262060165
0.004122869111597538
0.0002974849194288254
0.03788527101278305
0.0003823932493105531
0.0019624989945441484
0.020288370549678802
0.017203273251652718
0.02181672304868698
0.03711690381169319
0.004483851138502359
0.0024182205088436604
0.054473865777254105
0.0013736168621107936
0.00011179662396898493
0.0023400834761559963
0.025592342019081116
0.001471589901484549
0.0005176859558559954
0.00035828002728521824
0.02754792384803295
0.01084933988749981
0.0008119686390273273
0.0264924056828022
0.005240309983491898
0.0021493867971003056
0.012956514023244381
0.016706014052033424
0.0017572888173162937
0.010279247537255287
0.00044319150038063526
0.00047710153739899397
0.0030199710745364428
0.0011789214331656694
0.00041609714389778674
0.015501324087381363
0.009187262505292892
0.002274897648021579
0.0030523689929395914
0.002415050519630313
0.0013767414493486285
0.0020680036395788193
0.008657124824821949
0.02410774864256382
0.006265568546950817
0.0011821432271972299
0.0024291835725307465
0.0022612547036260366
0.027643958106637
0.038394633680582047
0.002228722907602787
0.0020612156949937344
0.00229353504255414
0.01135047897696495
0.05390400439500809
0.00017582510190550238
0.01334606483578682
0.003551244968548417
0.0009201052016578615
0.00261193560436368
0.002753765322268009
0.0008742130594328046
0.005210449919104576
0.0008965753950178623
0.0007083616801537573
0.000766122480854392
0.008116918615996838
0.008846904151141644
0.0006941510946489871
0.000602184678427875
0.0030102841556072235
0.0007508021080866456
0.010410290211439133
0.02779461443424225
0.003641015151515603
0.030345575883984566
0.008567781187593937
0.0013773434329777956
0.0002513490035198629
0.0052311597391963005
0.005832161288708448
0.017736973240971565
0.0004485613026190549
0.001244436833076179
0.0006770950276404619
0.005129508674144745
0.0007643193821422756
0.009488413110375404
0.020562805235385895
0.0019136402988806367
0.032679952681064606
0.00012708784197457135
0.0018050071084871888
0.0013133701868355274
0.00579263037070632
0.0020001097582280636
0.002625502413138747
0.000195618427824229
0.0013005060609430075
0.006963934283703566
0.0008261707844212651
0.0004082663217559457
0.004150634631514549
0.022330544888973236
0.0017886803252622485
0.007765733636915684
0.0013778624124825
0.011321053840219975
0.0007091034203767776
0.015204524621367455
0.005733702797442675
0.001846585189923644
0.07307521998882294
0.011023897677659988
0.013200787827372551
0.023618020117282867
0.00005394801701186225
0.0006409665220417082
0.00031679266248829663
0.0006331868935376406
0.012693849392235279
0.0023299313616007566
0.0034810875076800585
0.00060196069534868
0.004443178419023752
0.0024762218818068504
0.02925414778292179
0.001598899019882083
0.008321802131831646
0.018715884536504745
0.0005540836718864739
0.0015495053958147764
0.001008686376735568
0.0008251892286352813
0.008388452231884003
0.007925568148493767
0.0029397746548056602
0.00016084166418295354
0.0017741044284775853
0.02326553873717785
0.007256662007421255
0.013086638413369656
0.00015185533266048878
0.019555658102035522
0.0013863237109035254
0.0012651663273572922
0.005709731951355934
0.059139151126146317
0.0009283507242798805
0.007295297924429178
0.0006396937533281744
0.00017092247435357422
0.005922760348767042
0.002092776820063591
0.00244499696418643
0.061904486268758774
0.0025274946819990873
0.003957055043429136
0.0008296856540255249
0.0061551653780043125
0.0024039773270487785
0.002330101327970624
0.0015336056239902973
0.001389558194205165
0.0025551114231348038
0.0014082250418141484
0.004282357171177864
0.0021159362513571978
0.004990663379430771
0.0007053253939375281
0.0012400959385558963
0.026706833392381668
0.0004742785240523517
0.0013294011587277055
0.0077680679969489574
0.0011346067767590284
0.007066216319799423
0.004017808940261602
0.008811628445982933
0.0008329714764840901
0.001090704696252942
0.011846099980175495
0.00026279842131771147
0.002918416867032647
0.0032516103237867355
0.0011863550171256065
0.0003697290376294404
0.0024607290979474783
0.0013165040872991085
0.004313682205975056
0.001357536413706839
0.0009833644144237041
0.004028921946883202
0.0016673157224431634
0.0544656366109848
0.014052324928343296
0.0007538450881838799
0.0020841944497078657
0.007160994689911604
0.000020070989194209687
0.0003902773023582995
0.002294194186106324
0.00013893564755562693
0.0007214528159238398
0.002325558103621006
0.0026797265745699406
0.0007560556987300515
